Log file open, 02/11/19 22:18:46
LogWindows: Failed to load 'aqProf.dll' (GetLastError=126)
LogWindows: File 'aqProf.dll' does not exist
LogWindows: Failed to load 'VtuneApi.dll' (GetLastError=126)
LogWindows: File 'VtuneApi.dll' does not exist
LogWindows: Failed to load 'VtuneApi32e.dll' (GetLastError=126)
LogWindows: File 'VtuneApi32e.dll' does not exist
LogConsoleResponse: Display: Failed to find resolution value strings in scalability ini. Falling back to default.
LogInit: Display: Running engine for game: HSPGame
LogPakFile: Registered encryption key '00000000000000000000000000000000': 0 pak files mounted, 0 remain pending
LogPlatformFile: Not using cached read wrapper
LogTaskGraph: Started task graph with 5 named threads and 23 total threads with 3 sets of task threads.
LogStats: Stats thread started at 0.420727
LogD3D11RHI: Loaded GFSDK_Aftermath_Lib.x64.dll
LogICUInternationalization: ICU TimeZone Detection - Raw Offset: -8:00, Platform Override: ''
LogPluginManager: Mounting plugin Paper2D
LogPluginManager: Mounting plugin AISupport
LogPluginManager: Mounting plugin LightPropagationVolume
LogPluginManager: Mounting plugin ActorLayerUtilities
LogPluginManager: Mounting plugin CLionSourceCodeAccess
LogPluginManager: Mounting plugin CodeLiteSourceCodeAccess
LogPluginManager: Mounting plugin GitSourceControl
LogPluginManager: Mounting plugin KDevelopSourceCodeAccess
LogPluginManager: Mounting plugin NullSourceCodeAccess
LogPluginManager: Mounting plugin PerforceSourceControl
LogPluginManager: Mounting plugin SubversionSourceControl
LogPluginManager: Mounting plugin UObjectPlugin
LogPluginManager: Mounting plugin VisualStudioCodeSourceCodeAccess
LogPluginManager: Mounting plugin VisualStudioSourceCodeAccess
LogPluginManager: Mounting plugin XCodeSourceCodeAccess
LogPluginManager: Mounting plugin AssetManagerEditor
LogPluginManager: Mounting plugin CryptoKeys
LogPluginManager: Mounting plugin DataValidation
LogPluginManager: Mounting plugin FacialAnimation
LogPluginManager: Mounting plugin GameplayTagsEditor
LogPluginManager: Mounting plugin MacGraphicsSwitching
LogPluginManager: Mounting plugin MeshEditor
LogPluginManager: Mounting plugin MobileLauncherProfileWizard
LogPluginManager: Mounting plugin PluginBrowser
LogPluginManager: Mounting plugin SpeedTreeImporter
LogPluginManager: Mounting plugin DatasmithContent
LogPluginManager: Mounting plugin VariantManagerContent
LogPluginManager: Mounting plugin AlembicImporter
LogPluginManager: Mounting plugin AppleImageUtils
LogPluginManager: Mounting plugin AppleVision
LogPluginManager: Mounting plugin BackChannel
LogPluginManager: Mounting plugin CharacterAI
LogPluginManager: Mounting plugin GeometryCache
LogPluginManager: Mounting plugin HTML5Networking
LogPluginManager: Mounting plugin ProxyLODPlugin
LogPluginManager: Mounting plugin MagicLeap
LogPluginManager: Mounting plugin MagicLeapMedia
LogPluginManager: Mounting plugin AndroidMedia
LogPluginManager: Mounting plugin AvfMedia
LogPluginManager: Mounting plugin ImgMedia
LogPluginManager: Mounting plugin LinearTimecode
LogPluginManager: Mounting plugin MediaCompositing
LogPluginManager: Mounting plugin MediaPlayerEditor
LogPluginManager: Mounting plugin WebMMedia
LogPluginManager: Mounting plugin WmfMedia
LogPluginManager: Mounting plugin TcpMessaging
LogPluginManager: Mounting plugin UdpMessaging
LogPluginManager: Mounting plugin ActorSequence
LogPluginManager: Mounting plugin LevelSequenceEditor
LogPluginManager: Mounting plugin MatineeToLevelSequence
LogPluginManager: Mounting plugin NetcodeUnitTest
LogPluginManager: Mounting plugin NUTUnrealEngine4
LogPluginManager: Mounting plugin OnlineSubsystemGooglePlay
LogPluginManager: Mounting plugin OnlineSubsystemIOS
LogPluginManager: Mounting plugin OnlineSubsystem
LogPluginManager: Mounting plugin OnlineSubsystemNull
LogPluginManager: Mounting plugin OnlineSubsystemUtils
LogPluginManager: Mounting plugin LauncherChunkInstaller
LogPluginManager: Mounting plugin AndroidDeviceProfileSelector
LogPluginManager: Mounting plugin AndroidMoviePlayer
LogPluginManager: Mounting plugin AndroidPermission
LogPluginManager: Mounting plugin AppleMoviePlayer
LogPluginManager: Mounting plugin ArchVisCharacter
LogPluginManager: Mounting plugin AudioCapture
LogPluginManager: Mounting plugin CableComponent
LogPluginManager: Mounting plugin CustomMeshComponent
LogPluginManager: Mounting plugin EditableMesh
LogPluginManager: Mounting plugin ExampleDeviceProfileSelector
LogPluginManager: Mounting plugin Firebase
LogPluginManager: Mounting plugin GoogleCloudMessaging
LogPluginManager: Mounting plugin IOSDeviceProfileSelector
LogPluginManager: Mounting plugin LinuxDeviceProfileSelector
LogPluginManager: Mounting plugin LocationServicesBPLibrary
LogPluginManager: Mounting plugin MobilePatchingUtils
LogPluginManager: Mounting plugin OculusVR
LogPluginManager: Mounting plugin PhysXVehicles
LogPluginManager: Mounting plugin ProceduralMeshComponent
LogPluginManager: Mounting plugin RuntimePhysXCooking
LogPluginManager: Mounting plugin SteamVR
LogPluginManager: Mounting plugin WebMMoviePlayer
LogPluginManager: Mounting plugin WindowsMoviePlayer
LogStreaming: Display: Took  0.080s to configure plugins.
LogInit: Using libcurl 7.55.1-DEV
LogInit:  - built for x86_64-pc-win32
LogInit:  - supports SSL with OpenSSL/1.0.2h
LogInit:  - supports HTTP deflate (compression) using libz 1.2.8
LogInit:  - other features:
LogInit:      CURL_VERSION_SSL
LogInit:      CURL_VERSION_LIBZ
LogInit:      CURL_VERSION_IPV6
LogInit:      CURL_VERSION_ASYNCHDNS
LogInit:      CURL_VERSION_LARGEFILE
LogInit:      CURL_VERSION_IDN
LogInit:  CurlRequestOptions (configurable via config and command line):
LogInit:  - bVerifyPeer = true  - Libcurl will verify peer certificate
LogInit:  - bUseHttpProxy = false  - Libcurl will NOT use HTTP proxy
LogInit:  - bDontReuseConnections = false  - Libcurl will reuse connections
LogInit:  - MaxHostConnections = 16  - Libcurl will limit the number of connections to a host
LogInit:  - LocalHostAddr = Default
LogInit:  - BufferSize = 65536
LogInit: WinSock: version 1.1 (2.2), MaxSocks=32767, MaxUdp=65467
LogInit: Build: ++UE4+Release-4.21-CL-4753647
LogInit: Engine Version: 4.21.2-4753647+++UE4+Release-4.21
LogInit: Compatible Engine Version: 4.21.0-4541578+++UE4+Release-4.21
LogInit: Net CL: 4541578
LogInit: OS: Windows 10 (), CPU: Intel(R) Core(TM) i7-6700K CPU @ 4.00GHz, GPU: NVIDIA GeForce RTX 2080
LogInit: Compiled (64-bit): Jan 19 2019 02:07:31
LogInit: Compiled with Visual C++: 19.13.26129.00
LogInit: Build Configuration: Development
LogInit: Branch Name: ++UE4+Release-4.21
LogInit: Command Line:  -skipcompile
LogInit: Base Directory: G:/Games/Epic/Games/UE_4.21/Engine/Binaries/Win64/
LogInit: Installed Engine Build: 1
LogDevObjectVersion: Number of dev versions registered: 22
LogDevObjectVersion:   Dev-Blueprints (B0D832E4-1F89-4F0D-ACCF-7EB736FD4AA2): 10
LogDevObjectVersion:   Dev-Build (E1C64328-A22C-4D53-A36C-8E866417BD8C): 0
LogDevObjectVersion:   Dev-Core (375EC13C-06E4-48FB-B500-84F0262A717E): 2
LogDevObjectVersion:   Dev-Editor (E4B068ED-F494-42E9-A231-DA0B2E46BB41): 26
LogDevObjectVersion:   Dev-Framework (CFFC743F-43B0-4480-9391-14DF171D2073): 34
LogDevObjectVersion:   Dev-Mobile (B02B49B5-BB20-44E9-A304-32B752E40360): 2
LogDevObjectVersion:   Dev-Networking (A4E4105C-59A1-49B5-A7C5-40C4547EDFEE): 0
LogDevObjectVersion:   Dev-Online (39C831C9-5AE6-47DC-9A44-9C173E1C8E7C): 0
LogDevObjectVersion:   Dev-Physics (78F01B33-EBEA-4F98-B9B4-84EACCB95AA2): 0
LogDevObjectVersion:   Dev-Platform (6631380F-2D4D-43E0-8009-CF276956A95A): 0
LogDevObjectVersion:   Dev-Rendering (12F88B9F-8875-4AFC-A67C-D90C383ABD29): 27
LogDevObjectVersion:   Dev-Sequencer (7B5AE74C-D270-4C10-A958-57980B212A5A): 9
LogDevObjectVersion:   Dev-VR (D7296918-1DD6-4BDD-9DE2-64A83CC13884): 2
LogDevObjectVersion:   Dev-LoadTimes (C2A15278-BFE7-4AFE-6C17-90FF531DF755): 1
LogDevObjectVersion:   Private-Geometry (6EACA3D4-40EC-4CC1-B786-8BED09428FC5): 3
LogDevObjectVersion:   Dev-AnimPhys (29E575DD-E0A3-4627-9D10-D276232CDCEA): 17
LogDevObjectVersion:   Dev-Anim (AF43A65D-7FD3-4947-9873-3E8ED9C1BB05): 2
LogDevObjectVersion:   Dev-ReflectionCapture (6B266CEC-1EC7-4B8F-A30B-E4D90942FC07): 1
LogDevObjectVersion:   Dev-Automation (0DF73D61-A23F-47EA-B727-89E90C41499A): 1
LogDevObjectVersion:   FortniteMain (601D1886-AC64-4F84-AA16-D3DE0DEAC7D6): 17
LogDevObjectVersion:   Dev-Enterprise (9DFFBCD6-494F-0158-E221-12823C92A888): 4
LogDevObjectVersion:   Dev-Niagara (F2AED0AC-9AFE-416F-8664-AA7FFA26D6FC): 1
LogStreaming: Display: Took  0.002s to delete old logs.
LogInit: Presizing for max 8388607 objects, including 0 objects not considered by GC, pre-allocating 0 bytes for permanent pool.
LogInit: Object subsystem initialized
LogConfig: Setting CVar [[con.DebugEarlyDefault:1]]
LogConfig: Setting CVar [[r.setres:1280x720]]
[2019.02.12-06.18.46:933][  0]LogConfig: Setting CVar [[r.VSync:0]]
[2019.02.12-06.18.46:933][  0]LogConfig: Setting CVar [[r.RHICmdBypass:0]]
[2019.02.12-06.18.46:934][  0]LogConfig: Applying CVar settings from Section [/Script/Engine.RendererSettings] File [C:/Users/gosus/Documents/CP-School/SeniorProject/gitRepos/Senior-Project-Game/HSPGame/Saved/Config/Windows/Engine.ini]
[2019.02.12-06.18.46:934][  0]LogConfig: Setting CVar [[r.GPUCrashDebugging:0]]
[2019.02.12-06.18.46:934][  0]LogConfig: Applying CVar settings from Section [/Script/Engine.RendererOverrideSettings] File [C:/Users/gosus/Documents/CP-School/SeniorProject/gitRepos/Senior-Project-Game/HSPGame/Saved/Config/Windows/Engine.ini]
[2019.02.12-06.18.46:934][  0]LogConfig: Applying CVar settings from Section [/Script/Engine.StreamingSettings] File [C:/Users/gosus/Documents/CP-School/SeniorProject/gitRepos/Senior-Project-Game/HSPGame/Saved/Config/Windows/Engine.ini]
[2019.02.12-06.18.46:934][  0]LogConfig: Setting CVar [[s.MinBulkDataSizeForAsyncLoading:131072]]
[2019.02.12-06.18.46:934][  0]LogConfig: Setting CVar [[s.AsyncLoadingThreadEnabled:0]]
[2019.02.12-06.18.46:934][  0]LogConfig: Setting CVar [[s.EventDrivenLoaderEnabled:1]]
[2019.02.12-06.18.46:934][  0]LogConfig: Setting CVar [[s.WarnIfTimeLimitExceeded:0]]
[2019.02.12-06.18.46:934][  0]LogConfig: Setting CVar [[s.TimeLimitExceededMultiplier:1.5]]
[2019.02.12-06.18.46:934][  0]LogConfig: Setting CVar [[s.TimeLimitExceededMinTime:0.005]]
[2019.02.12-06.18.46:934][  0]LogConfig: Setting CVar [[s.UseBackgroundLevelStreaming:1]]
[2019.02.12-06.18.46:934][  0]LogConfig: Setting CVar [[s.PriorityAsyncLoadingExtraTime:15.0]]
[2019.02.12-06.18.46:934][  0]LogConfig: Setting CVar [[s.LevelStreamingActorsUpdateTimeLimit:5.0]]
[2019.02.12-06.18.46:934][  0]LogConfig: Setting CVar [[s.PriorityLevelStreamingActorsUpdateExtraTime:5.0]]
[2019.02.12-06.18.46:934][  0]LogConfig: Setting CVar [[s.LevelStreamingComponentsRegistrationGranularity:10]]
[2019.02.12-06.18.46:934][  0]LogConfig: Setting CVar [[s.UnregisterComponentsTimeLimit:1.0]]
[2019.02.12-06.18.46:934][  0]LogConfig: Setting CVar [[s.LevelStreamingComponentsUnregistrationGranularity:5]]
[2019.02.12-06.18.46:934][  0]LogConfig: Applying CVar settings from Section [/Script/Engine.GarbageCollectionSettings] File [C:/Users/gosus/Documents/CP-School/SeniorProject/gitRepos/Senior-Project-Game/HSPGame/Saved/Config/Windows/Engine.ini]
[2019.02.12-06.18.46:934][  0]LogConfig: Setting CVar [[gc.MaxObjectsNotConsideredByGC:1]]
[2019.02.12-06.18.46:935][  0]LogConfig: Setting CVar [[gc.SizeOfPermanentObjectPool:0]]
[2019.02.12-06.18.46:935][  0]LogConfig: Setting CVar [[gc.FlushStreamingOnGC:0]]
[2019.02.12-06.18.46:935][  0]LogConfig: Setting CVar [[gc.NumRetriesBeforeForcingGC:10]]
[2019.02.12-06.18.46:935][  0]LogConfig: Setting CVar [[gc.AllowParallelGC:1]]
[2019.02.12-06.18.46:935][  0]LogConfig: Setting CVar [[gc.TimeBetweenPurgingPendingKillObjects:61.1]]
[2019.02.12-06.18.46:935][  0]LogConfig: Setting CVar [[gc.MaxObjectsInEditor:8388607]]
[2019.02.12-06.18.46:935][  0]LogConfig: Setting CVar [[gc.IncrementalBeginDestroyEnabled:1]]
[2019.02.12-06.18.46:935][  0]LogConfig: Setting CVar [[gc.CreateGCClusters:1]]
[2019.02.12-06.18.46:935][  0]LogConfig: Setting CVar [[gc.MergeGCClusters:0]]
[2019.02.12-06.18.46:935][  0]LogConfig: Setting CVar [[gc.MinGCClusterSize:5]]
[2019.02.12-06.18.46:935][  0]LogConfig: Setting CVar [[gc.ActorClusteringEnabled:0]]
[2019.02.12-06.18.46:935][  0]LogConfig: Setting CVar [[gc.BlueprintClusteringEnabled:0]]
[2019.02.12-06.18.46:935][  0]LogConfig: Setting CVar [[gc.UseDisregardForGCOnDedicatedServers:0]]
[2019.02.12-06.18.46:935][  0]LogConfig: Applying CVar settings from Section [/Script/Engine.NetworkSettings] File [C:/Users/gosus/Documents/CP-School/SeniorProject/gitRepos/Senior-Project-Game/HSPGame/Saved/Config/Windows/Engine.ini]
[2019.02.12-06.18.46:935][  0]LogConfig: Applying CVar settings from Section [/Script/UnrealEd.CookerSettings] File [C:/Users/gosus/Documents/CP-School/SeniorProject/gitRepos/Senior-Project-Game/HSPGame/Saved/Config/Windows/Engine.ini]
[2019.02.12-06.18.46:946][  0]LogConfig: Applying CVar settings from Section [ViewDistanceQuality@3] File [C:/Users/gosus/Documents/CP-School/SeniorProject/gitRepos/Senior-Project-Game/HSPGame/Saved/Config/Windows/Scalability.ini]
[2019.02.12-06.18.46:947][  0]LogConfig: Setting CVar [[r.SkeletalMeshLODBias:0]]
[2019.02.12-06.18.46:947][  0]LogConfig: Setting CVar [[r.ViewDistanceScale:1.0]]
[2019.02.12-06.18.46:947][  0]LogConfig: Applying CVar settings from Section [AntiAliasingQuality@3] File [C:/Users/gosus/Documents/CP-School/SeniorProject/gitRepos/Senior-Project-Game/HSPGame/Saved/Config/Windows/Scalability.ini]
[2019.02.12-06.18.46:947][  0]LogConfig: Setting CVar [[r.PostProcessAAQuality:4]]
[2019.02.12-06.18.46:947][  0]LogConfig: Applying CVar settings from Section [ShadowQuality@3] File [C:/Users/gosus/Documents/CP-School/SeniorProject/gitRepos/Senior-Project-Game/HSPGame/Saved/Config/Windows/Scalability.ini]
[2019.02.12-06.18.46:947][  0]LogConfig: Setting CVar [[r.LightFunctionQuality:1]]
[2019.02.12-06.18.46:947][  0]LogConfig: Setting CVar [[r.ShadowQuality:5]]
[2019.02.12-06.18.46:947][  0]LogConfig: Setting CVar [[r.Shadow.CSM.MaxCascades:10]]
[2019.02.12-06.18.46:947][  0]LogConfig: Setting CVar [[r.Shadow.MaxResolution:2048]]
[2019.02.12-06.18.46:947][  0]LogConfig: Setting CVar [[r.Shadow.MaxCSMResolution:2048]]
[2019.02.12-06.18.46:947][  0]LogConfig: Setting CVar [[r.Shadow.RadiusThreshold:0.01]]
[2019.02.12-06.18.46:947][  0]LogConfig: Setting CVar [[r.Shadow.DistanceScale:1.0]]
[2019.02.12-06.18.46:947][  0]LogConfig: Setting CVar [[r.Shadow.CSM.TransitionScale:1.0]]
[2019.02.12-06.18.46:947][  0]LogConfig: Setting CVar [[r.Shadow.PreShadowResolutionFactor:1.0]]
[2019.02.12-06.18.46:947][  0]LogConfig: Setting CVar [[r.DistanceFieldShadowing:1]]
[2019.02.12-06.18.46:947][  0]LogConfig: Setting CVar [[r.DistanceFieldAO:1]]
[2019.02.12-06.18.46:947][  0]LogConfig: Setting CVar [[r.AOQuality:2]]
[2019.02.12-06.18.46:948][  0]LogConfig: Setting CVar [[r.VolumetricFog:1]]
[2019.02.12-06.18.46:948][  0]LogConfig: Setting CVar [[r.VolumetricFog.GridPixelSize:8]]
[2019.02.12-06.18.46:948][  0]LogConfig: Setting CVar [[r.VolumetricFog.GridSizeZ:128]]
[2019.02.12-06.18.46:948][  0]LogConfig: Setting CVar [[r.VolumetricFog.HistoryMissSupersampleCount:4]]
[2019.02.12-06.18.46:948][  0]LogConfig: Setting CVar [[r.LightMaxDrawDistanceScale:1]]
[2019.02.12-06.18.46:948][  0]LogConfig: Setting CVar [[r.CapsuleShadows:1]]
[2019.02.12-06.18.46:948][  0]LogConfig: Applying CVar settings from Section [PostProcessQuality@3] File [C:/Users/gosus/Documents/CP-School/SeniorProject/gitRepos/Senior-Project-Game/HSPGame/Saved/Config/Windows/Scalability.ini]
[2019.02.12-06.18.46:948][  0]LogConfig: Setting CVar [[r.MotionBlurQuality:4]]
[2019.02.12-06.18.46:948][  0]LogConfig: Setting CVar [[r.AmbientOcclusionMipLevelFactor:0.4]]
[2019.02.12-06.18.46:948][  0]LogConfig: Setting CVar [[r.AmbientOcclusionMaxQuality:100]]
[2019.02.12-06.18.46:948][  0]LogConfig: Setting CVar [[r.AmbientOcclusionLevels:-1]]
[2019.02.12-06.18.46:948][  0]LogConfig: Setting CVar [[r.AmbientOcclusionRadiusScale:1.0]]
[2019.02.12-06.18.46:948][  0]LogConfig: Setting CVar [[r.DepthOfFieldQuality:2]]
[2019.02.12-06.18.46:948][  0]LogConfig: Setting CVar [[r.RenderTargetPoolMin:400]]
[2019.02.12-06.18.46:948][  0]LogConfig: Setting CVar [[r.LensFlareQuality:2]]
[2019.02.12-06.18.46:948][  0]LogConfig: Setting CVar [[r.SceneColorFringeQuality:1]]
[2019.02.12-06.18.46:948][  0]LogConfig: Setting CVar [[r.EyeAdaptationQuality:2]]
[2019.02.12-06.18.46:948][  0]LogConfig: Setting CVar [[r.BloomQuality:5]]
[2019.02.12-06.18.46:949][  0]LogConfig: Setting CVar [[r.FastBlurThreshold:100]]
[2019.02.12-06.18.46:949][  0]LogConfig: Setting CVar [[r.Upscale.Quality:3]]
[2019.02.12-06.18.46:949][  0]LogConfig: Setting CVar [[r.Tonemapper.GrainQuantization:1]]
[2019.02.12-06.18.46:949][  0]LogConfig: Setting CVar [[r.LightShaftQuality:1]]
[2019.02.12-06.18.46:949][  0]LogConfig: Setting CVar [[r.Filter.SizeScale:1]]
[2019.02.12-06.18.46:949][  0]LogConfig: Setting CVar [[r.Tonemapper.Quality:5]]
[2019.02.12-06.18.46:949][  0]LogConfig: Setting CVar [[r.DOF.Gather.AccumulatorQuality:1        ; higher gathering accumulator quality]]
[2019.02.12-06.18.46:949][  0]LogConfig: Setting CVar [[r.DOF.Gather.PostfilterMethod:1          ; Median3x3 postfilering method]]
[2019.02.12-06.18.46:949][  0]LogConfig: Setting CVar [[r.DOF.Gather.EnableBokehSettings:0       ; no bokeh simulation when gathering]]
[2019.02.12-06.18.46:949][  0]LogConfig: Setting CVar [[r.DOF.Gather.RingCount:4                 ; medium number of samples when gathering]]
[2019.02.12-06.18.46:949][  0]LogConfig: Setting CVar [[r.DOF.Scatter.ForegroundCompositing:1    ; additive foreground scattering]]
[2019.02.12-06.18.46:949][  0]LogConfig: Setting CVar [[r.DOF.Scatter.BackgroundCompositing:2    ; additive background scattering]]
[2019.02.12-06.18.46:949][  0]LogConfig: Setting CVar [[r.DOF.Scatter.EnableBokehSettings:1      ; bokeh simulation when scattering]]
[2019.02.12-06.18.46:949][  0]LogConfig: Setting CVar [[r.DOF.Scatter.MaxSpriteRatio:0.1         ; only a maximum of 10% of scattered bokeh]]
[2019.02.12-06.18.46:949][  0]LogConfig: Setting CVar [[r.DOF.Recombine.Quality:1                ; cheap slight out of focus]]
[2019.02.12-06.18.46:949][  0]LogConfig: Setting CVar [[r.DOF.Recombine.EnableBokehSettings:0    ; no bokeh simulation on slight out of focus]]
[2019.02.12-06.18.46:949][  0]LogConfig: Setting CVar [[r.DOF.TemporalAAQuality:1                ; more stable temporal accumulation]]
[2019.02.12-06.18.46:949][  0]LogConfig: Setting CVar [[r.DOF.Kernel.MaxForegroundRadius:0.025]]
[2019.02.12-06.18.46:949][  0]LogConfig: Setting CVar [[r.DOF.Kernel.MaxBackgroundRadius:0.025]]
[2019.02.12-06.18.46:949][  0]LogConfig: Applying CVar settings from Section [TextureQuality@3] File [C:/Users/gosus/Documents/CP-School/SeniorProject/gitRepos/Senior-Project-Game/HSPGame/Saved/Config/Windows/Scalability.ini]
[2019.02.12-06.18.46:950][  0]LogConfig: Setting CVar [[r.Streaming.MipBias:0]]
[2019.02.12-06.18.46:950][  0]LogConfig: Setting CVar [[r.Streaming.AmortizeCPUToGPUCopy:0]]
[2019.02.12-06.18.46:950][  0]LogConfig: Setting CVar [[r.Streaming.MaxNumTexturesToStreamPerFrame:0]]
[2019.02.12-06.18.46:950][  0]LogConfig: Setting CVar [[r.Streaming.Boost:1]]
[2019.02.12-06.18.46:950][  0]LogConfig: Setting CVar [[r.MaxAnisotropy:8]]
[2019.02.12-06.18.46:950][  0]LogConfig: Setting CVar [[r.Streaming.LimitPoolSizeToVRAM:0]]
[2019.02.12-06.18.46:950][  0]LogConfig: Setting CVar [[r.Streaming.PoolSize:1000]]
[2019.02.12-06.18.46:950][  0]LogConfig: Setting CVar [[r.Streaming.MaxEffectiveScreenSize:0]]
[2019.02.12-06.18.46:950][  0]LogConfig: Applying CVar settings from Section [EffectsQuality@3] File [C:/Users/gosus/Documents/CP-School/SeniorProject/gitRepos/Senior-Project-Game/HSPGame/Saved/Config/Windows/Scalability.ini]
[2019.02.12-06.18.46:950][  0]LogConfig: Setting CVar [[r.TranslucencyLightingVolumeDim:64]]
[2019.02.12-06.18.46:950][  0]LogConfig: Setting CVar [[r.RefractionQuality:2]]
[2019.02.12-06.18.46:950][  0]LogConfig: Setting CVar [[r.SSR.Quality:3]]
[2019.02.12-06.18.46:950][  0]LogConfig: Setting CVar [[r.SceneColorFormat:4]]
[2019.02.12-06.18.46:950][  0]LogConfig: Setting CVar [[r.DetailMode:2]]
[2019.02.12-06.18.46:950][  0]LogConfig: Setting CVar [[r.TranslucencyVolumeBlur:1]]
[2019.02.12-06.18.46:950][  0]LogConfig: Setting CVar [[r.MaterialQualityLevel:1 ; High quality]]
[2019.02.12-06.18.46:950][  0]LogConfig: Setting CVar [[r.SSS.Scale:1]]
[2019.02.12-06.18.46:950][  0]LogConfig: Setting CVar [[r.SSS.SampleSet:2]]
[2019.02.12-06.18.46:950][  0]LogConfig: Setting CVar [[r.SSS.Quality:1]]
[2019.02.12-06.18.46:950][  0]LogConfig: Setting CVar [[r.SSS.HalfRes:1]]
[2019.02.12-06.18.46:950][  0]LogConfig: Setting CVar [[r.EmitterSpawnRateScale:1.0]]
[2019.02.12-06.18.46:951][  0]LogConfig: Setting CVar [[r.ParticleLightQuality:2]]
[2019.02.12-06.18.46:951][  0]LogConfig: Applying CVar settings from Section [FoliageQuality@3] File [C:/Users/gosus/Documents/CP-School/SeniorProject/gitRepos/Senior-Project-Game/HSPGame/Saved/Config/Windows/Scalability.ini]
[2019.02.12-06.18.46:951][  0]LogConfig: Setting CVar [[foliage.DensityScale:1.0]]
[2019.02.12-06.18.46:951][  0]LogConfig: Setting CVar [[grass.DensityScale:1.0]]
[2019.02.12-06.18.46:951][  0]LogInit: Selected Device Profile: [Windows]
[2019.02.12-06.18.46:951][  0]LogInit: Applying CVar settings loaded from the selected device profile: [Windows]
[2019.02.12-06.18.46:960][  0]LogHAL: Display: Platform has ~ 32 GB [34313105408 / 34359738368 / 32], which maps to Largest [LargestMinGB=32, LargerMinGB=12, DefaultMinGB=8, SmallerMinGB=6, SmallestMinGB=0)
[2019.02.12-06.18.46:960][  0]LogConfig: Setting CVar [[r.Vulkan.UseRealUBs:1]]
[2019.02.12-06.18.46:960][  0]LogInit: Going up to parent DeviceProfile []
[2019.02.12-06.18.46:960][  0]LogConfig: Applying CVar settings from Section [ViewDistanceQuality@3] File [C:/Users/gosus/Documents/CP-School/SeniorProject/gitRepos/Senior-Project-Game/HSPGame/Saved/Config/Windows/Scalability.ini]
[2019.02.12-06.18.46:960][  0]LogConfig: Setting CVar [[r.SkeletalMeshLODBias:0]]
[2019.02.12-06.18.46:960][  0]LogConfig: Setting CVar [[r.ViewDistanceScale:1.0]]
[2019.02.12-06.18.46:960][  0]LogConfig: Applying CVar settings from Section [AntiAliasingQuality@3] File [C:/Users/gosus/Documents/CP-School/SeniorProject/gitRepos/Senior-Project-Game/HSPGame/Saved/Config/Windows/Scalability.ini]
[2019.02.12-06.18.46:960][  0]LogConfig: Setting CVar [[r.PostProcessAAQuality:4]]
[2019.02.12-06.18.46:960][  0]LogConfig: Applying CVar settings from Section [ShadowQuality@3] File [C:/Users/gosus/Documents/CP-School/SeniorProject/gitRepos/Senior-Project-Game/HSPGame/Saved/Config/Windows/Scalability.ini]
[2019.02.12-06.18.46:960][  0]LogConfig: Setting CVar [[r.LightFunctionQuality:1]]
[2019.02.12-06.18.46:960][  0]LogConfig: Setting CVar [[r.ShadowQuality:5]]
[2019.02.12-06.18.46:960][  0]LogConfig: Setting CVar [[r.Shadow.CSM.MaxCascades:10]]
[2019.02.12-06.18.46:960][  0]LogConfig: Setting CVar [[r.Shadow.MaxResolution:2048]]
[2019.02.12-06.18.46:961][  0]LogConfig: Setting CVar [[r.Shadow.MaxCSMResolution:2048]]
[2019.02.12-06.18.46:961][  0]LogConfig: Setting CVar [[r.Shadow.RadiusThreshold:0.01]]
[2019.02.12-06.18.46:961][  0]LogConfig: Setting CVar [[r.Shadow.DistanceScale:1.0]]
[2019.02.12-06.18.46:961][  0]LogConfig: Setting CVar [[r.Shadow.CSM.TransitionScale:1.0]]
[2019.02.12-06.18.46:961][  0]LogConfig: Setting CVar [[r.Shadow.PreShadowResolutionFactor:1.0]]
[2019.02.12-06.18.46:961][  0]LogConfig: Setting CVar [[r.DistanceFieldShadowing:1]]
[2019.02.12-06.18.46:961][  0]LogConfig: Setting CVar [[r.DistanceFieldAO:1]]
[2019.02.12-06.18.46:961][  0]LogConfig: Setting CVar [[r.AOQuality:2]]
[2019.02.12-06.18.46:961][  0]LogConfig: Setting CVar [[r.VolumetricFog:1]]
[2019.02.12-06.18.46:961][  0]LogConfig: Setting CVar [[r.VolumetricFog.GridPixelSize:8]]
[2019.02.12-06.18.46:961][  0]LogConfig: Setting CVar [[r.VolumetricFog.GridSizeZ:128]]
[2019.02.12-06.18.46:961][  0]LogConfig: Setting CVar [[r.VolumetricFog.HistoryMissSupersampleCount:4]]
[2019.02.12-06.18.46:961][  0]LogConfig: Setting CVar [[r.LightMaxDrawDistanceScale:1]]
[2019.02.12-06.18.46:961][  0]LogConfig: Setting CVar [[r.CapsuleShadows:1]]
[2019.02.12-06.18.46:961][  0]LogConfig: Applying CVar settings from Section [PostProcessQuality@3] File [C:/Users/gosus/Documents/CP-School/SeniorProject/gitRepos/Senior-Project-Game/HSPGame/Saved/Config/Windows/Scalability.ini]
[2019.02.12-06.18.46:961][  0]LogConfig: Setting CVar [[r.MotionBlurQuality:4]]
[2019.02.12-06.18.46:961][  0]LogConfig: Setting CVar [[r.AmbientOcclusionMipLevelFactor:0.4]]
[2019.02.12-06.18.46:961][  0]LogConfig: Setting CVar [[r.AmbientOcclusionMaxQuality:100]]
[2019.02.12-06.18.46:961][  0]LogConfig: Setting CVar [[r.AmbientOcclusionLevels:-1]]
[2019.02.12-06.18.46:962][  0]LogConfig: Setting CVar [[r.AmbientOcclusionRadiusScale:1.0]]
[2019.02.12-06.18.46:962][  0]LogConfig: Setting CVar [[r.DepthOfFieldQuality:2]]
[2019.02.12-06.18.46:962][  0]LogConfig: Setting CVar [[r.RenderTargetPoolMin:400]]
[2019.02.12-06.18.46:962][  0]LogConfig: Setting CVar [[r.LensFlareQuality:2]]
[2019.02.12-06.18.46:962][  0]LogConfig: Setting CVar [[r.SceneColorFringeQuality:1]]
[2019.02.12-06.18.46:962][  0]LogConfig: Setting CVar [[r.EyeAdaptationQuality:2]]
[2019.02.12-06.18.46:962][  0]LogConfig: Setting CVar [[r.BloomQuality:5]]
[2019.02.12-06.18.46:962][  0]LogConfig: Setting CVar [[r.FastBlurThreshold:100]]
[2019.02.12-06.18.46:962][  0]LogConfig: Setting CVar [[r.Upscale.Quality:3]]
[2019.02.12-06.18.46:962][  0]LogConfig: Setting CVar [[r.Tonemapper.GrainQuantization:1]]
[2019.02.12-06.18.46:962][  0]LogConfig: Setting CVar [[r.LightShaftQuality:1]]
[2019.02.12-06.18.46:962][  0]LogConfig: Setting CVar [[r.Filter.SizeScale:1]]
[2019.02.12-06.18.46:962][  0]LogConfig: Setting CVar [[r.Tonemapper.Quality:5]]
[2019.02.12-06.18.46:962][  0]LogConfig: Setting CVar [[r.DOF.Gather.AccumulatorQuality:1        ; higher gathering accumulator quality]]
[2019.02.12-06.18.46:962][  0]LogConfig: Setting CVar [[r.DOF.Gather.PostfilterMethod:1          ; Median3x3 postfilering method]]
[2019.02.12-06.18.46:962][  0]LogConfig: Setting CVar [[r.DOF.Gather.EnableBokehSettings:0       ; no bokeh simulation when gathering]]
[2019.02.12-06.18.46:962][  0]LogConfig: Setting CVar [[r.DOF.Gather.RingCount:4                 ; medium number of samples when gathering]]
[2019.02.12-06.18.46:962][  0]LogConfig: Setting CVar [[r.DOF.Scatter.ForegroundCompositing:1    ; additive foreground scattering]]
[2019.02.12-06.18.46:962][  0]LogConfig: Setting CVar [[r.DOF.Scatter.BackgroundCompositing:2    ; additive background scattering]]
[2019.02.12-06.18.46:962][  0]LogConfig: Setting CVar [[r.DOF.Scatter.EnableBokehSettings:1      ; bokeh simulation when scattering]]
[2019.02.12-06.18.46:962][  0]LogConfig: Setting CVar [[r.DOF.Scatter.MaxSpriteRatio:0.1         ; only a maximum of 10% of scattered bokeh]]
[2019.02.12-06.18.46:963][  0]LogConfig: Setting CVar [[r.DOF.Recombine.Quality:1                ; cheap slight out of focus]]
[2019.02.12-06.18.46:963][  0]LogConfig: Setting CVar [[r.DOF.Recombine.EnableBokehSettings:0    ; no bokeh simulation on slight out of focus]]
[2019.02.12-06.18.46:963][  0]LogConfig: Setting CVar [[r.DOF.TemporalAAQuality:1                ; more stable temporal accumulation]]
[2019.02.12-06.18.46:963][  0]LogConfig: Setting CVar [[r.DOF.Kernel.MaxForegroundRadius:0.025]]
[2019.02.12-06.18.46:963][  0]LogConfig: Setting CVar [[r.DOF.Kernel.MaxBackgroundRadius:0.025]]
[2019.02.12-06.18.46:963][  0]LogConfig: Applying CVar settings from Section [TextureQuality@3] File [C:/Users/gosus/Documents/CP-School/SeniorProject/gitRepos/Senior-Project-Game/HSPGame/Saved/Config/Windows/Scalability.ini]
[2019.02.12-06.18.46:963][  0]LogConfig: Setting CVar [[r.Streaming.MipBias:0]]
[2019.02.12-06.18.46:963][  0]LogConfig: Setting CVar [[r.Streaming.AmortizeCPUToGPUCopy:0]]
[2019.02.12-06.18.46:963][  0]LogConfig: Setting CVar [[r.Streaming.MaxNumTexturesToStreamPerFrame:0]]
[2019.02.12-06.18.46:963][  0]LogConfig: Setting CVar [[r.Streaming.Boost:1]]
[2019.02.12-06.18.46:963][  0]LogConfig: Setting CVar [[r.MaxAnisotropy:8]]
[2019.02.12-06.18.46:963][  0]LogConfig: Setting CVar [[r.Streaming.LimitPoolSizeToVRAM:0]]
[2019.02.12-06.18.46:963][  0]LogConfig: Setting CVar [[r.Streaming.PoolSize:1000]]
[2019.02.12-06.18.46:963][  0]LogConfig: Setting CVar [[r.Streaming.MaxEffectiveScreenSize:0]]
[2019.02.12-06.18.46:963][  0]LogConfig: Applying CVar settings from Section [EffectsQuality@3] File [C:/Users/gosus/Documents/CP-School/SeniorProject/gitRepos/Senior-Project-Game/HSPGame/Saved/Config/Windows/Scalability.ini]
[2019.02.12-06.18.46:963][  0]LogConfig: Setting CVar [[r.TranslucencyLightingVolumeDim:64]]
[2019.02.12-06.18.46:963][  0]LogConfig: Setting CVar [[r.RefractionQuality:2]]
[2019.02.12-06.18.46:964][  0]LogConfig: Setting CVar [[r.SSR.Quality:3]]
[2019.02.12-06.18.46:964][  0]LogConfig: Setting CVar [[r.SceneColorFormat:4]]
[2019.02.12-06.18.46:964][  0]LogConfig: Setting CVar [[r.DetailMode:2]]
[2019.02.12-06.18.46:964][  0]LogConfig: Setting CVar [[r.TranslucencyVolumeBlur:1]]
[2019.02.12-06.18.46:964][  0]LogConfig: Setting CVar [[r.MaterialQualityLevel:1 ; High quality]]
[2019.02.12-06.18.46:964][  0]LogConfig: Setting CVar [[r.SSS.Scale:1]]
[2019.02.12-06.18.46:964][  0]LogConfig: Setting CVar [[r.SSS.SampleSet:2]]
[2019.02.12-06.18.46:964][  0]LogConfig: Setting CVar [[r.SSS.Quality:1]]
[2019.02.12-06.18.46:964][  0]LogConfig: Setting CVar [[r.SSS.HalfRes:1]]
[2019.02.12-06.18.46:964][  0]LogConfig: Setting CVar [[r.EmitterSpawnRateScale:1.0]]
[2019.02.12-06.18.46:964][  0]LogConfig: Setting CVar [[r.ParticleLightQuality:2]]
[2019.02.12-06.18.46:964][  0]LogConfig: Applying CVar settings from Section [FoliageQuality@3] File [C:/Users/gosus/Documents/CP-School/SeniorProject/gitRepos/Senior-Project-Game/HSPGame/Saved/Config/Windows/Scalability.ini]
[2019.02.12-06.18.46:964][  0]LogConfig: Setting CVar [[foliage.DensityScale:1.0]]
[2019.02.12-06.18.46:964][  0]LogConfig: Setting CVar [[grass.DensityScale:1.0]]
[2019.02.12-06.18.46:964][  0]LogConfig: Applying CVar settings from Section [Startup] File [../../../Engine/Config/ConsoleVariables.ini]
[2019.02.12-06.18.46:965][  0]LogConfig: Setting CVar [[net.UseAdaptiveNetUpdateFrequency:0]]
[2019.02.12-06.18.46:965][  0]LogConfig: Applying CVar settings from Section [ConsoleVariables] File [C:/Users/gosus/Documents/CP-School/SeniorProject/gitRepos/Senior-Project-Game/HSPGame/Saved/Config/Windows/Engine.ini]
[2019.02.12-06.18.46:965][  0]LogInit: Computer: UNIT-01
[2019.02.12-06.18.46:965][  0]LogInit: User: gosus
[2019.02.12-06.18.46:965][  0]LogInit: CPU Page size=4096, Cores=4
[2019.02.12-06.18.46:965][  0]LogInit: High frequency timer resolution =10.000000 MHz
[2019.02.12-06.18.46:965][  0]LogMemory: Memory total: Physical=32.0GB (32GB approx)
[2019.02.12-06.18.46:965][  0]LogMemory: Platform Memory Stats for Windows
[2019.02.12-06.18.46:965][  0]LogMemory: Process Physical Memory: 102.36 MB used, 102.37 MB peak
[2019.02.12-06.18.46:965][  0]LogMemory: Process Virtual Memory: 99.86 MB used, 99.86 MB peak
[2019.02.12-06.18.46:965][  0]LogMemory: Physical Memory: 12318.89 MB used,  20404.64 MB free, 32723.53 MB total
[2019.02.12-06.18.46:966][  0]LogMemory: Virtual Memory: 4657.98 MB used,  134213072.00 MB free, 134217728.00 MB total
[2019.02.12-06.18.47:054][  0]LogInit: Using OS detected language (en-US).
[2019.02.12-06.18.47:054][  0]LogInit: Using OS detected locale (en-US).
[2019.02.12-06.18.47:055][  0]LogTextLocalizationManager: No specific localization for 'en-US' exists, so the 'en' localization will be used.
[2019.02.12-06.18.47:389][  0]LogStreaming: Display: Took  0.334s to InitEngineTextLocalization.
[2019.02.12-06.18.47:389][  0]LogInit: Setting process to per monitor DPI aware
[2019.02.12-06.18.47:451][  0]LogSlate: New Slate User Created.  User Index 0, Is Virtual User: 0
[2019.02.12-06.18.47:451][  0]LogSlate: Slate User Registered.  User Index 0, Is Virtual User: 0
[2019.02.12-06.18.47:643][  0]LogHMD: Failed to initialize OpenVR with code 110
[2019.02.12-06.18.47:643][  0]LogD3D11RHI: D3D11 adapters:
[2019.02.12-06.18.47:776][  0]LogD3D11RHI:    0. 'NVIDIA GeForce RTX 2080' (Feature Level 11_0)
[2019.02.12-06.18.47:776][  0]LogD3D11RHI:       8010/0/16361 MB DedicatedVideo/DedicatedSystem/SharedSystem, Outputs:2, VendorId:0x10de
[2019.02.12-06.18.47:781][  0]LogD3D11RHI:    1. 'Microsoft Basic Render Driver' (Feature Level 11_0)
[2019.02.12-06.18.47:781][  0]LogD3D11RHI:       0/0/16361 MB DedicatedVideo/DedicatedSystem/SharedSystem, Outputs:0, VendorId:0x1414
[2019.02.12-06.18.47:781][  0]LogD3D11RHI: Chosen D3D11 Adapter: 0
[2019.02.12-06.18.47:788][  0]LogD3D11RHI: Creating new Direct3DDevice
[2019.02.12-06.18.47:788][  0]LogD3D11RHI:     GPU DeviceId: 0x1e87 (for the marketing name, search the web for "GPU Device Id")
[2019.02.12-06.18.47:788][  0]LogWindows: EnumDisplayDevices:
[2019.02.12-06.18.47:788][  0]LogWindows:    0. 'NVIDIA GeForce RTX 2080' (P:1 D:1)
[2019.02.12-06.18.47:788][  0]LogWindows:    1. 'NVIDIA GeForce RTX 2080' (P:0 D:1)
[2019.02.12-06.18.47:789][  0]LogWindows:    2. 'NVIDIA GeForce RTX 2080' (P:0 D:0)
[2019.02.12-06.18.47:789][  0]LogWindows:    3. 'NVIDIA GeForce RTX 2080' (P:0 D:0)
[2019.02.12-06.18.47:789][  0]LogWindows: DebugString: FoundDriverCount:4 
[2019.02.12-06.18.47:789][  0]LogD3D11RHI:     Adapter Name: NVIDIA GeForce RTX 2080
[2019.02.12-06.18.47:789][  0]LogD3D11RHI:   Driver Version: 417.71 (internal:25.21.14.1771, unified:417.71)
[2019.02.12-06.18.47:789][  0]LogD3D11RHI:      Driver Date: 1-11-2019
[2019.02.12-06.18.47:789][  0]LogRHI: Texture pool is 5607 MB (70% of 8010 MB)
[2019.02.12-06.18.47:839][  0]LogD3D11RHI: Async texture creation enabled
[2019.02.12-06.18.47:855][  0]LogD3D11RHI: GPU Timing Frequency: 1000.000000 (Debug: 2 2)
[2019.02.12-06.18.48:185][  0]LogTemp: Display: Loaded TP AllDesktopTargetPlatform
[2019.02.12-06.18.48:199][  0]LogTemp: Display: Loaded TP MacClientTargetPlatform
[2019.02.12-06.18.48:213][  0]LogTemp: Display: Loaded TP MacNoEditorTargetPlatform
[2019.02.12-06.18.48:227][  0]LogTemp: Display: Loaded TP MacServerTargetPlatform
[2019.02.12-06.18.48:242][  0]LogTemp: Display: Loaded TP MacTargetPlatform
[2019.02.12-06.18.48:255][  0]LogTemp: Display: Loaded TP WindowsClientTargetPlatform
[2019.02.12-06.18.48:269][  0]LogTemp: Display: Loaded TP WindowsNoEditorTargetPlatform
[2019.02.12-06.18.48:285][  0]LogTemp: Display: Loaded TP WindowsServerTargetPlatform
[2019.02.12-06.18.48:295][  0]LogTemp: Display: Loaded TP WindowsTargetPlatform
[2019.02.12-06.18.48:361][  0]LogTemp: Display: Loaded TP AndroidTargetPlatform
[2019.02.12-06.18.48:361][  0]LogTemp: Display: Loaded TP AndroidTargetPlatform
[2019.02.12-06.18.48:361][  0]LogTemp: Display: Loaded TP AndroidTargetPlatform
[2019.02.12-06.18.48:361][  0]LogTemp: Display: Loaded TP AndroidTargetPlatform
[2019.02.12-06.18.48:361][  0]LogTemp: Display: Loaded TP AndroidTargetPlatform
[2019.02.12-06.18.48:361][  0]LogTemp: Display: Loaded TP AndroidTargetPlatform
[2019.02.12-06.18.48:361][  0]LogTemp: Display: Loaded TP AndroidTargetPlatform
[2019.02.12-06.18.48:361][  0]LogTemp: Display: Loaded TP AndroidTargetPlatform
[2019.02.12-06.18.48:361][  0]LogTemp: Display: Loaded TP AndroidTargetPlatform
[2019.02.12-06.18.48:361][  0]LogTemp: Display: Loaded TP AndroidTargetPlatform
[2019.02.12-06.18.48:362][  0]LogTemp: Display: Loaded TP AndroidTargetPlatform
[2019.02.12-06.18.48:362][  0]LogTemp: Display: Loaded TP AndroidTargetPlatform
[2019.02.12-06.18.48:362][  0]LogTemp: Display: Loaded TP AndroidTargetPlatform
[2019.02.12-06.18.48:362][  0]LogTemp: Display: Loaded TP AndroidTargetPlatform
[2019.02.12-06.18.48:362][  0]LogTemp: Display: Loaded TP AndroidTargetPlatform
[2019.02.12-06.18.48:362][  0]LogTemp: Display: Loaded TP AndroidTargetPlatform
[2019.02.12-06.18.48:362][  0]LogTemp: Display: Loaded TP AndroidTargetPlatform
[2019.02.12-06.18.48:362][  0]LogTemp: Display: Loaded TP AndroidTargetPlatform
[2019.02.12-06.18.48:366][  0]LogTemp: Display: Loaded TP HTML5TargetPlatform
[2019.02.12-06.18.48:434][  0]LogTemp: Display: Loaded TP IOSTargetPlatform
[2019.02.12-06.18.48:434][  0]LogTemp: Display: Loaded TP IOSTargetPlatform
[2019.02.12-06.18.48:454][  0]LogTemp: Display: Loaded TP TVOSTargetPlatform
[2019.02.12-06.18.48:454][  0]LogTemp: Display: Loaded TP TVOSTargetPlatform
[2019.02.12-06.18.48:467][  0]LogTemp: Display: Loaded TP LinuxClientTargetPlatform
[2019.02.12-06.18.48:480][  0]LogTemp: Display: Loaded TP LinuxNoEditorTargetPlatform
[2019.02.12-06.18.48:495][  0]LogTemp: Display: Loaded TP LinuxServerTargetPlatform
[2019.02.12-06.18.48:507][  0]LogTemp: Display: Loaded TP LinuxTargetPlatform
[2019.02.12-06.18.48:547][  0]LogTemp: Display: Loaded TP LuminTargetPlatform
[2019.02.12-06.18.48:547][  0]LogTemp: Display: Loaded TP LuminTargetPlatform
[2019.02.12-06.18.48:547][  0]LogTargetPlatformManager: Display: Building Assets For Windows
[2019.02.12-06.18.48:679][  0]LogShaderCompilers: Guid format shader working directory is -40 characters bigger than the processId version (C:/Users/gosus/Documents/CP-School/SeniorProject/gitRepos/Senior-Project-Game/HSPGame/Intermediate/Shaders/WorkingDirectory/18516/).
[2019.02.12-06.18.48:679][  0]LogShaderCompilers: Cleaned the shader compiler working directory 'C:/Users/gosus/AppData/Local/Temp/UnrealShaderWorkingDir/13723EF2487328AAF74C20892F39A02B/'.
[2019.02.12-06.18.48:680][  0]LogXGEController: Cannot use XGE Controller as Incredibuild is not installed on this machine.
[2019.02.12-06.18.48:680][  0]LogShaderCompilers: Cannot use XGE Shader Compiler as Incredibuild is not installed on this machine.
[2019.02.12-06.18.48:680][  0]LogShaderCompilers: Display: Using Local Shader Compiler.
[2019.02.12-06.18.49:117][  0]LogDerivedDataCache: Display: Max Cache Size: 512 MB
[2019.02.12-06.18.49:158][  0]LogDerivedDataCache: Loaded boot cache 0.04s 71MB C:/Users/gosus/AppData/Local/UnrealEngine/4.21/DerivedDataCache/Boot.ddc.
[2019.02.12-06.18.49:158][  0]LogDerivedDataCache: Display: Loaded Boot cache: C:/Users/gosus/AppData/Local/UnrealEngine/4.21/DerivedDataCache/Boot.ddc
[2019.02.12-06.18.49:159][  0]LogDerivedDataCache: FDerivedDataBackendGraph:  Pak pak cache file C:/Users/gosus/Documents/CP-School/SeniorProject/gitRepos/Senior-Project-Game/HSPGame/DerivedDataCache/DDC.ddp not found, will not use a pak cache.
[2019.02.12-06.18.49:159][  0]LogDerivedDataCache: Unable to find inner node Pak for hierarchical cache Hierarchy.
[2019.02.12-06.18.49:159][  0]LogDerivedDataCache: FDerivedDataBackendGraph:  CompressedPak pak cache file C:/Users/gosus/Documents/CP-School/SeniorProject/gitRepos/Senior-Project-Game/HSPGame/DerivedDataCache/Compressed.ddp not found, will not use a pak cache.
[2019.02.12-06.18.49:159][  0]LogDerivedDataCache: Unable to find inner node CompressedPak for hierarchical cache Hierarchy.
[2019.02.12-06.18.49:169][  0]LogDerivedDataCache: Display: Pak cache opened for reading ../../../Engine/DerivedDataCache/Compressed.ddp.
[2019.02.12-06.18.49:169][  0]LogDerivedDataCache: FDerivedDataBackendGraph:  EnterprisePak pak cache file ../../../Enterprise/DerivedDataCache/Compressed.ddp not found, will not use a pak cache.
[2019.02.12-06.18.49:169][  0]LogDerivedDataCache: Unable to find inner node EnterprisePak for hierarchical cache Hierarchy.
[2019.02.12-06.18.49:182][  0]LogDerivedDataCache: Using Local data cache path C:/Users/gosus/AppData/Local/UnrealEngine/Common/DerivedDataCache: Writable
[2019.02.12-06.18.49:182][  0]LogDerivedDataCache: Shared data cache path not found in *engine.ini, will not use an Shared cache.
[2019.02.12-06.18.49:182][  0]LogDerivedDataCache: Unable to find inner node Shared for hierarchical cache Hierarchy.
[2019.02.12-06.18.49:200][  0]LogMaterial: Verifying Global Shaders for PCD3D_SM5
[2019.02.12-06.18.49:202][  0]LogSlate: Using FreeType 2.6.0
[2019.02.12-06.18.49:203][  0]LogSlate: SlateFontServices - WITH_FREETYPE: 1, WITH_HARFBUZZ: 1
[2019.02.12-06.18.49:271][  0]LogAssetRegistry: FAssetRegistry took 0.0323 seconds to start up
[2019.02.12-06.18.49:519][  0]LogInit: Selected Device Profile: [Windows]
[2019.02.12-06.18.49:663][  0]LogSimplygon: Simplygon DLL not present - disabling.
[2019.02.12-06.18.49:678][  0]LogMeshReduction: Using SimplygonSwarm for distributed automatic mesh merging
[2019.02.12-06.18.49:678][  0]LogMeshReduction: Using ProxyLODMeshReduction for automatic mesh merging
[2019.02.12-06.18.49:678][  0]LogMeshReduction: Using QuadricMeshReduction for automatic static mesh reduction
[2019.02.12-06.18.49:678][  0]LogMeshReduction: No automatic skeletal mesh reduction module available
[2019.02.12-06.18.49:687][  0]LogNetVersion: HSPGame 1.0.0, NetCL: 4541578, EngineNetVer: 5, GameNetVer: 0 (Checksum: 2893343623)
[2019.02.12-06.18.50:075][  0]LogPackageLocalizationCache: Processed 11 localized package path(s) for 2 prioritized culture(s) in 0.081351 seconds
[2019.02.12-06.18.50:080][  0]LogUObjectArray: 39775 objects as part of root set at end of initial load.
[2019.02.12-06.18.50:080][  0]LogUObjectAllocator: 6914656 out of 0 bytes used by permanent object pool.
[2019.02.12-06.18.50:080][  0]LogUObjectArray: CloseDisregardForGC: 0/0 objects in disregard for GC pool
[2019.02.12-06.18.50:921][  0]LogTcpMessaging: Initializing TcpMessaging bridge
[2019.02.12-06.18.50:939][  0]LogUdpMessaging: Initializing bridge on interface 0.0.0.0:0 to multicast group 230.0.0.1:6666.
[2019.02.12-06.18.51:544][  0]SourceControl: Source control is disabled
[2019.02.12-06.18.51:544][  0]SourceControl: Source control is disabled
[2019.02.12-06.18.51:554][  0]SourceControl: Source control is disabled
[2019.02.12-06.18.51:559][  0]SourceControl: Source control is disabled
[2019.02.12-06.18.51:881][  0]LogAndroidPermission: UAndroidPermissionCallbackProxy::GetInstance
[2019.02.12-06.18.52:077][  0]LogOcInput: OculusInput pre-init called
[2019.02.12-06.18.52:223][  0]LogEngine: Initializing Engine...
[2019.02.12-06.18.52:224][  0]LogHMD: Failed to initialize OpenVR with code 110
[2019.02.12-06.18.52:225][  0]LogStats: UGameplayTagsManager::ConstructGameplayTagTree: ImportINI prefixes -  0.000 s
[2019.02.12-06.18.52:225][  0]LogStats: UGameplayTagsManager::ConstructGameplayTagTree: Construct from data asset -  0.000 s
[2019.02.12-06.18.52:225][  0]LogStats: UGameplayTagsManager::ConstructGameplayTagTree: ImportINI -  0.000 s
[2019.02.12-06.18.52:225][  0]LogStats: UGameplayTagsManager::ConstructGameplayTagTree: GameplayTagTreeChangedEvent.Broadcast -  0.000 s
[2019.02.12-06.18.52:399][  0]LogInit: Initializing FReadOnlyCVARCache
[2019.02.12-06.18.52:413][  0]LogAIModule: Creating AISystem for world Untitled
[2019.02.12-06.18.52:461][  0]LogInit: XAudio2 using 'Speakers (Realtek(R) Audio)' : 2 channels at 48 kHz using 32 bits per sample (channel mask 0x3)
[2019.02.12-06.18.52:494][  0]LogInit: FAudioDevice initialized.
[2019.02.12-06.18.52:494][  0]LogNetVersion: Set ProjectVersion to 1.0.0.0. Version Checksum will be recalculated on next use.
[2019.02.12-06.18.52:534][  0]LogDerivedDataCache: Saved boot cache 0.04s 71MB C:/Users/gosus/AppData/Local/UnrealEngine/4.21/DerivedDataCache/Boot.ddc.
[2019.02.12-06.18.52:537][  0]LogInit: Texture streaming: Enabled
[2019.02.12-06.18.52:565][  0]LogEngineSessionManager: EngineSessionManager initialized
[2019.02.12-06.18.52:565][  0]LogEngineSessionManager: EngineSessionManager sent abnormal shutdown report. Type=Debugger, SessionId={53E0A3C3-4F43-C745-77AB-BE995941B596}
[2019.02.12-06.18.52:575][  0]LogInit: Transaction tracking system initialized
[2019.02.12-06.18.52:611][  0]BlueprintLog: New page: Editor Load
[2019.02.12-06.18.52:773][  0]LocalizationService: Localization service is disabled
[2019.02.12-06.18.53:248][  0]LogFileCache: Scanning file cache for directory 'C:/Users/gosus/Documents/CP-School/SeniorProject/gitRepos/Senior-Project-Game/HSPGame/Content/' took 0.01s
[2019.02.12-06.18.53:248][  0]LogCook: Display: Max memory allowance for cook 16384mb min free memory 0mb
[2019.02.12-06.18.53:248][  0]LogCook: Display: Mobile HDR setting 1
[2019.02.12-06.18.53:248][  0]LogGameplayTags: Display: UGameplayTagsManager::DoneAddingNativeTags. DelegateIsBound: 0
[2019.02.12-06.18.53:249][  0]LogStats: UGameplayTagsManager::ConstructGameplayTagTree: ImportINI prefixes -  0.000 s
[2019.02.12-06.18.53:249][  0]LogStats: UGameplayTagsManager::ConstructGameplayTagTree: Construct from data asset -  0.000 s
[2019.02.12-06.18.53:249][  0]LogStats: UGameplayTagsManager::ConstructGameplayTagTree: ImportINI -  0.000 s
[2019.02.12-06.18.53:249][  0]LogStats: UGameplayTagsManager::ConstructGameplayTagTree: GameplayTagTreeChangedEvent.Broadcast -  0.000 s
[2019.02.12-06.18.53:474][  0]SourceControl: Source control is disabled
[2019.02.12-06.18.53:474][  0]Cmd: MAP LOAD FILE="C:/Users/gosus/Documents/CP-School/SeniorProject/gitRepos/Senior-Project-Game/HSPGame/Content/StarterContent/Maps/Minimal_Default.umap" TEMPLATE=0 SHOWPROGRESS=1 FEATURELEVEL=3
[2019.02.12-06.18.53:474][  0]LightingResults: New page: Lighting Build
[2019.02.12-06.18.53:476][  0]MapCheck: New page: Map Check
[2019.02.12-06.18.53:476][  0]LightingResults: New page: Lighting Build
[2019.02.12-06.18.53:798][  0]LogAIModule: Creating AISystem for world Minimal_Default
[2019.02.12-06.18.53:871][  0]LogEditorServer: Finished looking for orphan Actors (0.000 secs)
[2019.02.12-06.18.53:890][  0]Cmd: MAP CHECKDEP NOCLEARLOG
[2019.02.12-06.18.53:891][  0]MapCheck: Map check complete: 0 Error(s), 0 Warning(s), took 0.168ms to complete.
[2019.02.12-06.18.53:891][  0]LogFileHelpers: Loading map 'Minimal_Default' took 0.416
[2019.02.12-06.18.53:992][  0]LogSlate: Updating window title bar state: overlay mode, drag disabled, window buttons hidden, title bar hidden
[2019.02.12-06.18.53:997][  0]LogSlate: Updating window title bar state: overlay mode, drag disabled, window buttons hidden, title bar hidden
[2019.02.12-06.18.54:002][  0]LogSlate: Updating window title bar state: overlay mode, drag disabled, window buttons hidden, title bar hidden
[2019.02.12-06.18.54:009][  0]LogSlate: Updating window title bar state: overlay mode, drag disabled, window buttons hidden, title bar hidden
[2019.02.12-06.18.54:017][  0]LogCollectionManager: Loaded 0 collections in 0.001132 seconds
[2019.02.12-06.18.54:034][  0]LogFileCache: Scanning file cache for directory 'C:/Users/gosus/Documents/CP-School/SeniorProject/gitRepos/Senior-Project-Game/HSPGame/Saved/Collections/' took 0.01s
[2019.02.12-06.18.54:034][  0]LogFileCache: Scanning file cache for directory 'C:/Users/gosus/Documents/CP-School/SeniorProject/gitRepos/Senior-Project-Game/HSPGame/Content/Developers/gosus/Collections/' took 0.00s
[2019.02.12-06.18.54:034][  0]LogFileCache: Scanning file cache for directory 'C:/Users/gosus/Documents/CP-School/SeniorProject/gitRepos/Senior-Project-Game/HSPGame/Content/Collections/' took 0.00s
[2019.02.12-06.18.54:034][  0]LogCollectionManager: Rebuilt the GUID cache for 0 collections in 0.000000 seconds
[2019.02.12-06.18.54:041][  0]LogContentBrowser: Native class hierarchy populated in 0.0068 seconds. Added 2654 classes and 622 folders.
[2019.02.12-06.18.54:046][  0]LogContentBrowser: Native class hierarchy updated for 'WidgetCarousel' in 0.0003 seconds. Added 0 classes and 0 folders.
[2019.02.12-06.18.54:047][  0]LogPakFile: Registered encryption key '00000000000000000000000000000000': 0 pak files mounted, 0 remain pending
[2019.02.12-06.18.54:047][  0]LogPakFile: Registered encryption key '00000000000000000000000000000000': 0 pak files mounted, 0 remain pending
[2019.02.12-06.18.54:048][  0]LogPakFile: Registered encryption key '00000000000000000000000000000000': 0 pak files mounted, 0 remain pending
[2019.02.12-06.18.54:048][  0]LogPakFile: Registered encryption key '00000000000000000000000000000000': 0 pak files mounted, 0 remain pending
[2019.02.12-06.18.54:048][  0]LogPakFile: Registered encryption key '00000000000000000000000000000000': 0 pak files mounted, 0 remain pending
[2019.02.12-06.18.54:049][  0]LogPakFile: Registered encryption key '00000000000000000000000000000000': 0 pak files mounted, 0 remain pending
[2019.02.12-06.18.54:049][  0]LogPakFile: Registered encryption key '00000000000000000000000000000000': 0 pak files mounted, 0 remain pending
[2019.02.12-06.18.54:049][  0]LogPakFile: Registered encryption key '00000000000000000000000000000000': 0 pak files mounted, 0 remain pending
[2019.02.12-06.18.54:050][  0]LogPakFile: Registered encryption key '00000000000000000000000000000000': 0 pak files mounted, 0 remain pending
[2019.02.12-06.18.54:050][  0]LogPakFile: Registered encryption key '00000000000000000000000000000000': 0 pak files mounted, 0 remain pending
[2019.02.12-06.18.54:050][  0]LogPakFile: Registered encryption key '00000000000000000000000000000000': 0 pak files mounted, 0 remain pending
[2019.02.12-06.18.54:051][  0]LogPakFile: Registered encryption key '00000000000000000000000000000000': 0 pak files mounted, 0 remain pending
[2019.02.12-06.18.54:051][  0]LogPakFile: Registered encryption key '00000000000000000000000000000000': 0 pak files mounted, 0 remain pending
[2019.02.12-06.18.54:051][  0]LogPakFile: Registered encryption key '00000000000000000000000000000000': 0 pak files mounted, 0 remain pending
[2019.02.12-06.18.54:052][  0]LogPakFile: Registered encryption key '00000000000000000000000000000000': 0 pak files mounted, 0 remain pending
[2019.02.12-06.18.54:052][  0]LogPakFile: Registered encryption key '00000000000000000000000000000000': 0 pak files mounted, 0 remain pending
[2019.02.12-06.18.54:052][  0]LogPakFile: Registered encryption key '00000000000000000000000000000000': 0 pak files mounted, 0 remain pending
[2019.02.12-06.18.54:053][  0]LogPakFile: Registered encryption key '00000000000000000000000000000000': 0 pak files mounted, 0 remain pending
[2019.02.12-06.18.54:053][  0]LogPakFile: Registered encryption key '00000000000000000000000000000000': 0 pak files mounted, 0 remain pending
[2019.02.12-06.18.54:053][  0]LogPakFile: Registered encryption key '00000000000000000000000000000000': 0 pak files mounted, 0 remain pending
[2019.02.12-06.18.54:054][  0]LogPakFile: Registered encryption key '00000000000000000000000000000000': 0 pak files mounted, 0 remain pending
[2019.02.12-06.18.54:054][  0]LogPakFile: Registered encryption key '00000000000000000000000000000000': 0 pak files mounted, 0 remain pending
[2019.02.12-06.18.54:055][  0]LogPakFile: Registered encryption key '00000000000000000000000000000000': 0 pak files mounted, 0 remain pending
[2019.02.12-06.18.54:055][  0]LogPakFile: Registered encryption key '00000000000000000000000000000000': 0 pak files mounted, 0 remain pending
[2019.02.12-06.18.54:055][  0]LogPakFile: Registered encryption key '00000000000000000000000000000000': 0 pak files mounted, 0 remain pending
[2019.02.12-06.18.54:056][  0]LogPakFile: Registered encryption key '00000000000000000000000000000000': 0 pak files mounted, 0 remain pending
[2019.02.12-06.18.54:074][  0]LogContentBrowser: Native class hierarchy updated for 'AddContentDialog' in 0.0003 seconds. Added 0 classes and 0 folders.
[2019.02.12-06.18.54:082][  0]LogContentBrowser: Native class hierarchy updated for 'SceneOutliner' in 0.0003 seconds. Added 1 classes and 2 folders.
[2019.02.12-06.18.54:137][  0]LogSlate: Took 0.000134 seconds to synchronously load lazily loaded font '../../../Engine/Content/Slate/Fonts/Roboto-Regular.ttf' (155K)
[2019.02.12-06.18.54:138][  0]LogSlate: Took 0.000096 seconds to synchronously load lazily loaded font '../../../Engine/Content/Slate/Fonts/Roboto-Bold.ttf' (160K)
[2019.02.12-06.18.54:144][  0]LogSlate: Took 0.000148 seconds to synchronously load lazily loaded font '../../../Engine/Content/Editor/Slate/Fonts/FontAwesome.ttf' (139K)
[2019.02.12-06.18.54:212][  0]LogRenderer: Reallocating scene render targets to support 1644x916 Format 10 NumSamples 1 (Frame:1).
[2019.02.12-06.18.54:403][  0]LogContentBrowser: Native class hierarchy updated for 'HierarchicalLODOutliner' in 0.0003 seconds. Added 0 classes and 0 folders.
[2019.02.12-06.18.54:403][  0]LogLoad: (Engine Initialization) Total time: 9.02 seconds
[2019.02.12-06.18.54:403][  0]LogLoad: (Engine Initialization) Total Blueprint compile time: 0.00 seconds
[2019.02.12-06.18.54:464][  0]LogContentStreaming: Texture pool size now 1000 MB
[2019.02.12-06.18.54:501][  1]LogAssetRegistry: Asset discovery search completed in 5.2546 seconds
[2019.02.12-06.18.54:502][  1]LogCollectionManager: Rebuilt the object cache for 0 collections in 0.000000 seconds (found 0 objects)
[2019.02.12-06.18.54:502][  1]LogCollectionManager: Fixed up redirectors for 0 collections in 0.000103 seconds (updated 0 objects)
[2019.02.12-06.19.44:419][437]LogSlate: FSceneViewport::OnFocusLost() reason 0
[2019.02.12-06.19.44:472][442]Candidate modules for hot reload:
[2019.02.12-06.19.44:472][442]  HSPGame
[2019.02.12-06.19.44:472][442]Launching UnrealBuildTool... [G:/Games/Epic/Games/UE_4.21/Engine/Binaries/DotNET/UnrealBuildTool.exe  -ModuleWithSuffix=HSPGame,4966 Win64 Development -TargetType=Editor -Project="C:/Users/gosus/Documents/CP-School/SeniorProject/gitRepos/Senior-Project-Game/HSPGame/HSPGame.uproject" -canskiplink "C:/Users/gosus/Documents/CP-School/SeniorProject/gitRepos/Senior-Project-Game/HSPGame/HSPGame.uproject" ]
[2019.02.12-06.19.44:482][442]Warning: Starting HotReload took  0.0s.
[2019.02.12-06.19.50:536][146]CompilerResultsLog: New page: Compilation - Feb 11, 2019, 2:19:50 PM
[2019.02.12-06.19.50:536][146]CompilerResultsLog: Creating makefile for hot reloading HSPGameEditor (source directory changed)
[2019.02.12-06.19.50:536][146]CompilerResultsLog: Compiling game modules for hot reload
[2019.02.12-06.19.50:536][146]CompilerResultsLog: Using Visual Studio 2017 14.16.27023 toolchain (C:\Program Files (x86)\Microsoft Visual Studio\2017\Community\VC\Tools\MSVC\14.16.27023) and Windows 10.0.17763.0 SDK (C:\Program Files (x86)\Windows Kits\10).
[2019.02.12-06.19.50:536][146]CompilerResultsLog: Building 3 actions with 8 processes...
[2019.02.12-06.19.50:536][146]CompilerResultsLog:   [1/3] ProtagClass.cpp
[2019.02.12-06.19.50:536][146]CompilerResultsLog:   C:\Users\gosus\Documents\CP-School\SeniorProject\gitRepos\Senior-Project-Game\HSPGame\Source\HSPGame\ProtagClass.cpp(21): warning C4996: 'USceneComponent::AttachTo': This function is deprecated, please use AttachToComponent instead. Please update your code to the new API before upgrading to the next release, otherwise your project will no longer compile.
[2019.02.12-06.19.50:536][146]CompilerResultsLog:   G:\Games\Epic\Games\UE_4.21\Engine\Source\Runtime\Engine\Classes\Components/SceneComponent.h(684): note: see declaration of 'USceneComponent::AttachTo'
[2019.02.12-06.19.50:536][146]CompilerResultsLog:   C:\Users\gosus\Documents\CP-School\SeniorProject\gitRepos\Senior-Project-Game\HSPGame\Source\HSPGame\ProtagClass.cpp(25): warning C4996: 'USceneComponent::AttachTo': This function is deprecated, please use AttachToComponent instead. Please update your code to the new API before upgrading to the next release, otherwise your project will no longer compile.
[2019.02.12-06.19.50:536][146]CompilerResultsLog:   G:\Games\Epic\Games\UE_4.21\Engine\Source\Runtime\Engine\Classes\Components/SceneComponent.h(684): note: see declaration of 'USceneComponent::AttachTo'
[2019.02.12-06.19.50:537][146]CompilerResultsLog:   [2/3] UE4Editor-HSPGame-4966.lib
[2019.02.12-06.19.50:537][146]CompilerResultsLog:      Creating library C:\Users\gosus\Documents\CP-School\SeniorProject\gitRepos\Senior-Project-Game\HSPGame\Intermediate\Build\Win64\UE4Editor\Development\HSPGame\UE4Editor-HSPGame-4966.lib and object C:\Users\gosus\Documents\CP-School\SeniorProject\gitRepos\Senior-Project-Game\HSPGame\Intermediate\Build\Win64\UE4Editor\Development\HSPGame\UE4Editor-HSPGame-4966.exp
[2019.02.12-06.19.50:537][146]CompilerResultsLog:   [3/3] UE4Editor-HSPGame-4966.dll
[2019.02.12-06.19.50:537][146]CompilerResultsLog:      Creating library C:\Users\gosus\Documents\CP-School\SeniorProject\gitRepos\Senior-Project-Game\HSPGame\Intermediate\Build\Win64\UE4Editor\Development\HSPGame\UE4Editor-HSPGame-4966.suppressed.lib and object C:\Users\gosus\Documents\CP-School\SeniorProject\gitRepos\Senior-Project-Game\HSPGame\Intermediate\Build\Win64\UE4Editor\Development\HSPGame\UE4Editor-HSPGame-4966.suppressed.exp
[2019.02.12-06.19.50:537][146]CompilerResultsLog: Total build time: 5.80 seconds (Parallel executor: 1.81 seconds)
[2019.02.12-06.19.50:537][146]LogMainFrame: MainFrame: Module compiling took 6.067 seconds
[2019.02.12-06.19.50:580][146]LogContentBrowser: Native class hierarchy updated for 'HSPGame' in 0.0003 seconds. Added 3 classes and 2 folders.
[2019.02.12-06.19.50:582][146]Display: HotReload successful (0 functions remapped  0 scriptstructs remapped)
[2019.02.12-06.19.50:737][146]LogContentBrowser: Native class hierarchy populated in 0.0064 seconds. Added 2655 classes and 624 folders.
[2019.02.12-06.19.50:747][146]Display: HotReload took  6.3s.
[2019.02.12-06.19.52:182][316]LogSlate: FSceneViewport::OnFocusLost() reason 0
[2019.02.12-06.19.52:240][323]LogTemp: Repeating last play command: Selected Viewport
[2019.02.12-06.19.52:252][323]LogBlueprintUserMessages: Early PlayInEditor Detection: Level '/Game/StarterContent/Maps/Minimal_Default.Minimal_Default:PersistentLevel' has LevelScriptBlueprint '/Game/StarterContent/Maps/Minimal_Default.Minimal_Default:PersistentLevel.Minimal_Default' with GeneratedClass '/Game/StarterContent/Maps/Minimal_Default.Minimal_Default_C' with ClassGeneratedBy '/Game/StarterContent/Maps/Minimal_Default.Minimal_Default:PersistentLevel.Minimal_Default'
[2019.02.12-06.19.52:252][323]LogPlayLevel: PlayLevel: No blueprints needed recompiling
[2019.02.12-06.19.52:252][323]PIE: New page: PIE session: Minimal_Default (Feb 11, 2019, 2:19:52 PM)
[2019.02.12-06.19.52:266][323]LogPlayLevel: Creating play world package: /Game/StarterContent/Maps/UEDPIE_0_Minimal_Default
[2019.02.12-06.19.52:341][323]LogPlayLevel: PIE: StaticDuplicateObject took: (0.075896s)
[2019.02.12-06.19.52:342][323]LogAIModule: Creating AISystem for world Minimal_Default
[2019.02.12-06.19.52:342][323]LogPlayLevel: PIE: World Init took: (0.000657s)
[2019.02.12-06.19.52:342][323]LogPlayLevel: PIE: Created PIE world by copying editor world from /Game/StarterContent/Maps/Minimal_Default.Minimal_Default to /Game/StarterContent/Maps/UEDPIE_0_Minimal_Default.Minimal_Default (0.077022s)
[2019.02.12-06.19.52:404][323]LogInit: XAudio2 using 'Speakers (Realtek(R) Audio)' : 2 channels at 48 kHz using 32 bits per sample (channel mask 0x3)
[2019.02.12-06.19.52:420][323]LogInit: FAudioDevice initialized.
[2019.02.12-06.19.52:482][323]LogLoad: Game class is 'BP_HSPGameGameModeBase_C'
[2019.02.12-06.19.52:499][323]LogWorld: Bringing World /Game/StarterContent/Maps/UEDPIE_0_Minimal_Default.Minimal_Default up for play (max tick rate 0) at 2019.02.11-22.19.52
[2019.02.12-06.19.52:500][323]LogWorld: Bringing up level for play took: 0.015722
[2019.02.12-06.19.52:531][323]LogContentBrowser: Native class hierarchy updated for 'MovieSceneCapture' in 0.0004 seconds. Added 20 classes and 0 folders.
[2019.02.12-06.19.52:532][323]PIE: Play in editor start time for /Game/StarterContent/Maps/UEDPIE_0_Minimal_Default -0.237
[2019.02.12-06.19.52:533][323]LogBlueprintUserMessages: Late PlayInEditor Detection: Level '/Game/StarterContent/Maps/Minimal_Default.Minimal_Default:PersistentLevel' has LevelScriptBlueprint '/Game/StarterContent/Maps/Minimal_Default.Minimal_Default:PersistentLevel.Minimal_Default' with GeneratedClass '/Game/StarterContent/Maps/Minimal_Default.Minimal_Default_C' with ClassGeneratedBy '/Game/StarterContent/Maps/Minimal_Default.Minimal_Default:PersistentLevel.Minimal_Default'
[2019.02.12-06.19.54:806][572]LogBlueprintUserMessages: Early EndPlayMap Detection: Level '/Game/StarterContent/Maps/Minimal_Default.Minimal_Default:PersistentLevel' has LevelScriptBlueprint '/Game/StarterContent/Maps/Minimal_Default.Minimal_Default:PersistentLevel.Minimal_Default' with GeneratedClass '/Game/StarterContent/Maps/Minimal_Default.Minimal_Default_C' with ClassGeneratedBy '/Game/StarterContent/Maps/Minimal_Default.Minimal_Default:PersistentLevel.Minimal_Default'
[2019.02.12-06.19.54:807][572]LogSlate: Updating window title bar state: overlay mode, drag disabled, window buttons hidden, title bar hidden
[2019.02.12-06.19.54:857][572]LogPlayLevel: Display: Shutting down PIE online subsystems
[2019.02.12-06.19.54:857][572]LogBlueprintUserMessages: Late EndPlayMap Detection: Level '/Game/StarterContent/Maps/Minimal_Default.Minimal_Default:PersistentLevel' has LevelScriptBlueprint '/Game/StarterContent/Maps/Minimal_Default.Minimal_Default:PersistentLevel.Minimal_Default' with GeneratedClass '/Game/StarterContent/Maps/Minimal_Default.Minimal_Default_C' with ClassGeneratedBy '/Game/StarterContent/Maps/Minimal_Default.Minimal_Default:PersistentLevel.Minimal_Default'
[2019.02.12-06.19.54:917][572]LogSlate: Updating window title bar state: overlay mode, drag disabled, window buttons hidden, title bar hidden
[2019.02.12-06.19.54:965][573]LogPlayLevel: Display: Destroying online subsystem :Context_1
[2019.02.12-06.20.32:835][781]LogSlate: FSceneViewport::OnFocusLost() reason 2
[2019.02.12-06.20.33:640][862]Candidate modules for hot reload:
[2019.02.12-06.20.33:640][862]  HSPGame
[2019.02.12-06.20.33:640][862]Launching UnrealBuildTool... [G:/Games/Epic/Games/UE_4.21/Engine/Binaries/DotNET/UnrealBuildTool.exe  -ModuleWithSuffix=HSPGame,5966 Win64 Development -TargetType=Editor -Project="C:/Users/gosus/Documents/CP-School/SeniorProject/gitRepos/Senior-Project-Game/HSPGame/HSPGame.uproject" -canskiplink "C:/Users/gosus/Documents/CP-School/SeniorProject/gitRepos/Senior-Project-Game/HSPGame/HSPGame.uproject" ]
[2019.02.12-06.20.33:649][862]Warning: Starting HotReload took  0.0s.
[2019.02.12-06.20.49:604][625]CompilerResultsLog: New page: Compilation - Feb 11, 2019, 2:20:49 PM
[2019.02.12-06.20.49:604][625]CompilerResultsLog: Creating makefile for hot reloading HSPGameEditor (source directory changed)
[2019.02.12-06.20.49:604][625]CompilerResultsLog: Compiling game modules for hot reload
[2019.02.12-06.20.49:604][625]CompilerResultsLog: Using Visual Studio 2017 14.16.27023 toolchain (C:\Program Files (x86)\Microsoft Visual Studio\2017\Community\VC\Tools\MSVC\14.16.27023) and Windows 10.0.17763.0 SDK (C:\Program Files (x86)\Windows Kits\10).
[2019.02.12-06.20.49:604][625]CompilerResultsLog: Parsing headers for HSPGameEditor
[2019.02.12-06.20.49:604][625]CompilerResultsLog:   Running UnrealHeaderTool "C:\Users\gosus\Documents\CP-School\SeniorProject\gitRepos\Senior-Project-Game\HSPGame\HSPGame.uproject" "C:\Users\gosus\Documents\CP-School\SeniorProject\gitRepos\Senior-Project-Game\HSPGame\Intermediate\Build\Win64\HSPGameEditor\Development\HSPGameEditor.uhtmanifest" -LogCmds="loginit warning, logexit warning, logdatabase error" -Unattended -WarningsAsErrors -installed
[2019.02.12-06.20.49:604][625]CompilerResultsLog: Reflection code generated for HSPGameEditor in 9.6451157 seconds
[2019.02.12-06.20.49:605][625]CompilerResultsLog: Building 5 actions with 8 processes...
[2019.02.12-06.20.49:605][625]CompilerResultsLog:   [1/5] HSPGame.init.gen.cpp
[2019.02.12-06.20.49:605][625]CompilerResultsLog:   [2/5] ProtagClass.cpp
[2019.02.12-06.20.49:605][625]CompilerResultsLog:   C:\Users\gosus\Documents\CP-School\SeniorProject\gitRepos\Senior-Project-Game\HSPGame\Source\HSPGame\ProtagClass.cpp(21): warning C4996: 'USceneComponent::AttachTo': This function is deprecated, please use AttachToComponent instead. Please update your code to the new API before upgrading to the next release, otherwise your project will no longer compile.
[2019.02.12-06.20.49:605][625]CompilerResultsLog:   G:\Games\Epic\Games\UE_4.21\Engine\Source\Runtime\Engine\Classes\Components/SceneComponent.h(684): note: see declaration of 'USceneComponent::AttachTo'
[2019.02.12-06.20.49:605][625]CompilerResultsLog:   C:\Users\gosus\Documents\CP-School\SeniorProject\gitRepos\Senior-Project-Game\HSPGame\Source\HSPGame\ProtagClass.cpp(25): warning C4996: 'USceneComponent::AttachTo': This function is deprecated, please use AttachToComponent instead. Please update your code to the new API before upgrading to the next release, otherwise your project will no longer compile.
[2019.02.12-06.20.49:605][625]CompilerResultsLog:   G:\Games\Epic\Games\UE_4.21\Engine\Source\Runtime\Engine\Classes\Components/SceneComponent.h(684): note: see declaration of 'USceneComponent::AttachTo'
[2019.02.12-06.20.49:605][625]CompilerResultsLog:   [3/5] ProtagClass.gen.cpp
[2019.02.12-06.20.49:605][625]CompilerResultsLog:   [4/5] UE4Editor-HSPGame-5966.lib
[2019.02.12-06.20.49:605][625]CompilerResultsLog:      Creating library C:\Users\gosus\Documents\CP-School\SeniorProject\gitRepos\Senior-Project-Game\HSPGame\Intermediate\Build\Win64\UE4Editor\Development\HSPGame\UE4Editor-HSPGame-5966.lib and object C:\Users\gosus\Documents\CP-School\SeniorProject\gitRepos\Senior-Project-Game\HSPGame\Intermediate\Build\Win64\UE4Editor\Development\HSPGame\UE4Editor-HSPGame-5966.exp
[2019.02.12-06.20.49:605][625]CompilerResultsLog:   [5/5] UE4Editor-HSPGame-5966.dll
[2019.02.12-06.20.49:605][625]CompilerResultsLog:      Creating library C:\Users\gosus\Documents\CP-School\SeniorProject\gitRepos\Senior-Project-Game\HSPGame\Intermediate\Build\Win64\UE4Editor\Development\HSPGame\UE4Editor-HSPGame-5966.suppressed.lib and object C:\Users\gosus\Documents\CP-School\SeniorProject\gitRepos\Senior-Project-Game\HSPGame\Intermediate\Build\Win64\UE4Editor\Development\HSPGame\UE4Editor-HSPGame-5966.suppressed.exp
[2019.02.12-06.20.49:605][625]CompilerResultsLog: Total build time: 15.69 seconds (Parallel executor: 1.88 seconds)
[2019.02.12-06.20.49:605][625]LogMainFrame: MainFrame: Module compiling took 15.968 seconds
[2019.02.12-06.20.49:643][625]LogClass: Could not find existing class ProtagClass in package /Script/HSPGame for HotReload, assuming new class
[2019.02.12-06.20.49:648][625]LogHotReload: Re-instancing ProtagClass after hot-reload.
[2019.02.12-06.20.49:757][625]LogContentBrowser: Native class hierarchy updated for 'HSPGame' in 0.0003 seconds. Added 3 classes and 2 folders.
[2019.02.12-06.20.49:759][625]Display: HotReload successful (0 functions remapped  0 scriptstructs remapped)
[2019.02.12-06.20.49:805][625]LogContentBrowser: Native class hierarchy populated in 0.0064 seconds. Added 2655 classes and 624 folders.
[2019.02.12-06.20.49:806][625]Display: HotReload took 16.2s.
[2019.02.12-06.20.51:593][820]LogSlate: FSceneViewport::OnFocusLost() reason 0
[2019.02.12-06.20.51:703][833]LogSlate: Took 0.000131 seconds to synchronously load lazily loaded font '../../../Engine/Content/Slate/Fonts/Roboto-Light.ttf' (167K)
[2019.02.12-06.20.51:710][833]LogAssetEditorManager: Opening Asset editor for Blueprint /Game/Blueprints/BP_ProtagClass.BP_ProtagClass
[2019.02.12-06.20.52:050][833]LogContentBrowser: Native class hierarchy updated for 'BlueprintGraph' in 0.0005 seconds. Added 117 classes and 0 folders.
[2019.02.12-06.20.54:688][ 48]LogSlate: Window 'BP_ProtagClass' being destroyed
[2019.02.12-06.20.54:749][ 48]LogSlate: FSceneViewport::OnFocusLost() reason 2
[2019.02.12-06.20.54:752][ 48]LogAssetEditorManager: Opening Asset editor for Blueprint /Game/Blueprints/BP_ProtagClass.BP_ProtagClass
[2019.02.12-06.20.54:977][ 48]LogSlate: Took 0.000167 seconds to synchronously load lazily loaded font '../../../Engine/Content/Slate/Fonts/Roboto-BoldCondensed.ttf' (158K)
[2019.02.12-06.21.19:423][486]BlueprintLog: New page: Compile BP_ProtagClass
[2019.02.12-06.21.19:938][513]LogSavePackage: Moving 'C:/Users/gosus/Documents/CP-School/SeniorProject/gitRepos/Senior-Project-Game/HSPGame/Saved/BP_ProtagClassE0EC51364F2EA2DEB12476AA0D9A7329.tmp' to 'C:/Users/gosus/Documents/CP-School/SeniorProject/gitRepos/Senior-Project-Game/HSPGame/Content/Blueprints/BP_ProtagClass.uasset'
[2019.02.12-06.21.20:077][526]LogSlate: FSceneViewport::OnFocusLost() reason 2
[2019.02.12-06.21.20:094][526]LogSavePackage: Moving 'C:/Users/gosus/Documents/CP-School/SeniorProject/gitRepos/Senior-Project-Game/HSPGame/Saved/BP_ProtagClassA19E56D14DE013CC89CE608B47707345.tmp' to 'C:/Users/gosus/Documents/CP-School/SeniorProject/gitRepos/Senior-Project-Game/HSPGame/Content/Blueprints/BP_ProtagClass.uasset'
[2019.02.12-06.21.20:155][531]LogSlate: FSceneViewport::OnFocusLost() reason 0
[2019.02.12-06.21.20:249][539]LogSavePackage: Moving 'C:/Users/gosus/Documents/CP-School/SeniorProject/gitRepos/Senior-Project-Game/HSPGame/Saved/BP_ProtagClassBACE04ED47B40E2D82B65F809B60D4C4.tmp' to 'C:/Users/gosus/Documents/CP-School/SeniorProject/gitRepos/Senior-Project-Game/HSPGame/Content/Blueprints/BP_ProtagClass.uasset'
[2019.02.12-06.21.20:388][553]LogSlate: FSceneViewport::OnFocusLost() reason 2
[2019.02.12-06.21.20:412][553]LogSavePackage: Moving 'C:/Users/gosus/Documents/CP-School/SeniorProject/gitRepos/Senior-Project-Game/HSPGame/Saved/BP_ProtagClass502EDD5F40884B7C42DB4F99D66C1E0B.tmp' to 'C:/Users/gosus/Documents/CP-School/SeniorProject/gitRepos/Senior-Project-Game/HSPGame/Content/Blueprints/BP_ProtagClass.uasset'
[2019.02.12-06.21.20:463][557]LogSlate: FSceneViewport::OnFocusLost() reason 0
[2019.02.12-06.21.20:560][566]LogSavePackage: Moving 'C:/Users/gosus/Documents/CP-School/SeniorProject/gitRepos/Senior-Project-Game/HSPGame/Saved/BP_ProtagClassE087621748ED1342C2DAEF8B9D0A2D05.tmp' to 'C:/Users/gosus/Documents/CP-School/SeniorProject/gitRepos/Senior-Project-Game/HSPGame/Content/Blueprints/BP_ProtagClass.uasset'
[2019.02.12-06.21.20:687][578]LogSlate: FSceneViewport::OnFocusLost() reason 2
[2019.02.12-06.21.20:704][578]LogSavePackage: Moving 'C:/Users/gosus/Documents/CP-School/SeniorProject/gitRepos/Senior-Project-Game/HSPGame/Saved/BP_ProtagClass17F405FA4821ED8C02E3B68A5BDE576C.tmp' to 'C:/Users/gosus/Documents/CP-School/SeniorProject/gitRepos/Senior-Project-Game/HSPGame/Content/Blueprints/BP_ProtagClass.uasset'
[2019.02.12-06.21.20:773][585]LogSlate: FSceneViewport::OnFocusLost() reason 0
[2019.02.12-06.21.20:868][593]LogSavePackage: Moving 'C:/Users/gosus/Documents/CP-School/SeniorProject/gitRepos/Senior-Project-Game/HSPGame/Saved/BP_ProtagClass7418BDD540B2AD38BDBE6995EA612CFC.tmp' to 'C:/Users/gosus/Documents/CP-School/SeniorProject/gitRepos/Senior-Project-Game/HSPGame/Content/Blueprints/BP_ProtagClass.uasset'
[2019.02.12-06.21.21:072][615]LogSlate: FSceneViewport::OnFocusLost() reason 0
[2019.02.12-06.21.21:147][621]LogSavePackage: Moving 'C:/Users/gosus/Documents/CP-School/SeniorProject/gitRepos/Senior-Project-Game/HSPGame/Saved/BP_ProtagClass90500A7D4747EB7C2382B39692039476.tmp' to 'C:/Users/gosus/Documents/CP-School/SeniorProject/gitRepos/Senior-Project-Game/HSPGame/Content/Blueprints/BP_ProtagClass.uasset'
[2019.02.12-06.21.21:286][635]LogSlate: FSceneViewport::OnFocusLost() reason 2
[2019.02.12-06.21.21:303][635]LogSavePackage: Moving 'C:/Users/gosus/Documents/CP-School/SeniorProject/gitRepos/Senior-Project-Game/HSPGame/Saved/BP_ProtagClass88D933D745250DA35905AB86CA62A694.tmp' to 'C:/Users/gosus/Documents/CP-School/SeniorProject/gitRepos/Senior-Project-Game/HSPGame/Content/Blueprints/BP_ProtagClass.uasset'
[2019.02.12-06.21.21:835][692]LogSlate: FSceneViewport::OnFocusLost() reason 0
[2019.02.12-06.21.21:923][702]LogSlate: Window 'BP_ProtagClass' being destroyed
[2019.02.12-06.21.21:927][702]LogSlate: Window 'BP_ProtagClass' being destroyed
[2019.02.12-06.21.37:852][232]LogSlate: FSceneViewport::OnFocusLost() reason 0
[2019.02.12-06.21.37:901][237]Candidate modules for hot reload:
[2019.02.12-06.21.37:901][237]  HSPGame
[2019.02.12-06.21.37:901][237]Launching UnrealBuildTool... [G:/Games/Epic/Games/UE_4.21/Engine/Binaries/DotNET/UnrealBuildTool.exe  -ModuleWithSuffix=HSPGame,2907 Win64 Development -TargetType=Editor -Project="C:/Users/gosus/Documents/CP-School/SeniorProject/gitRepos/Senior-Project-Game/HSPGame/HSPGame.uproject" -canskiplink "C:/Users/gosus/Documents/CP-School/SeniorProject/gitRepos/Senior-Project-Game/HSPGame/HSPGame.uproject" ]
[2019.02.12-06.21.37:912][237]Warning: Starting HotReload took  0.0s.
[2019.02.12-06.21.53:823][111]CompilerResultsLog: New page: Compilation - Feb 11, 2019, 2:21:53 PM
[2019.02.12-06.21.53:823][111]CompilerResultsLog: Creating makefile for hot reloading HSPGameEditor (source directory changed)
[2019.02.12-06.21.53:823][111]CompilerResultsLog: Compiling game modules for hot reload
[2019.02.12-06.21.53:823][111]CompilerResultsLog: Using Visual Studio 2017 14.16.27023 toolchain (C:\Program Files (x86)\Microsoft Visual Studio\2017\Community\VC\Tools\MSVC\14.16.27023) and Windows 10.0.17763.0 SDK (C:\Program Files (x86)\Windows Kits\10).
[2019.02.12-06.21.53:823][111]CompilerResultsLog: Parsing headers for HSPGameEditor
[2019.02.12-06.21.53:823][111]CompilerResultsLog:   Running UnrealHeaderTool "C:\Users\gosus\Documents\CP-School\SeniorProject\gitRepos\Senior-Project-Game\HSPGame\HSPGame.uproject" "C:\Users\gosus\Documents\CP-School\SeniorProject\gitRepos\Senior-Project-Game\HSPGame\Intermediate\Build\Win64\HSPGameEditor\Development\HSPGameEditor.uhtmanifest" -LogCmds="loginit warning, logexit warning, logdatabase error" -Unattended -WarningsAsErrors -installed
[2019.02.12-06.21.53:823][111]CompilerResultsLog: Reflection code generated for HSPGameEditor in 9.7387643 seconds
[2019.02.12-06.21.53:823][111]CompilerResultsLog: Building 4 actions with 8 processes...
[2019.02.12-06.21.53:824][111]CompilerResultsLog:   [1/4] ProtagClass.cpp
[2019.02.12-06.21.53:824][111]CompilerResultsLog:   C:\Users\gosus\Documents\CP-School\SeniorProject\gitRepos\Senior-Project-Game\HSPGame\Source\HSPGame\ProtagClass.cpp(21): warning C4996: 'USceneComponent::AttachTo': This function is deprecated, please use AttachToComponent instead. Please update your code to the new API before upgrading to the next release, otherwise your project will no longer compile.
[2019.02.12-06.21.53:824][111]CompilerResultsLog:   G:\Games\Epic\Games\UE_4.21\Engine\Source\Runtime\Engine\Classes\Components/SceneComponent.h(684): note: see declaration of 'USceneComponent::AttachTo'
[2019.02.12-06.21.53:824][111]CompilerResultsLog:   C:\Users\gosus\Documents\CP-School\SeniorProject\gitRepos\Senior-Project-Game\HSPGame\Source\HSPGame\ProtagClass.cpp(25): warning C4996: 'USceneComponent::AttachTo': This function is deprecated, please use AttachToComponent instead. Please update your code to the new API before upgrading to the next release, otherwise your project will no longer compile.
[2019.02.12-06.21.53:824][111]CompilerResultsLog:   G:\Games\Epic\Games\UE_4.21\Engine\Source\Runtime\Engine\Classes\Components/SceneComponent.h(684): note: see declaration of 'USceneComponent::AttachTo'
[2019.02.12-06.21.53:824][111]CompilerResultsLog:   [2/4] ProtagClass.gen.cpp
[2019.02.12-06.21.53:824][111]CompilerResultsLog:   [3/4] UE4Editor-HSPGame-2907.lib
[2019.02.12-06.21.53:824][111]CompilerResultsLog:      Creating library C:\Users\gosus\Documents\CP-School\SeniorProject\gitRepos\Senior-Project-Game\HSPGame\Intermediate\Build\Win64\UE4Editor\Development\HSPGame\UE4Editor-HSPGame-2907.lib and object C:\Users\gosus\Documents\CP-School\SeniorProject\gitRepos\Senior-Project-Game\HSPGame\Intermediate\Build\Win64\UE4Editor\Development\HSPGame\UE4Editor-HSPGame-2907.exp
[2019.02.12-06.21.53:824][111]CompilerResultsLog:   [4/4] UE4Editor-HSPGame-2907.dll
[2019.02.12-06.21.53:824][111]CompilerResultsLog:      Creating library C:\Users\gosus\Documents\CP-School\SeniorProject\gitRepos\Senior-Project-Game\HSPGame\Intermediate\Build\Win64\UE4Editor\Development\HSPGame\UE4Editor-HSPGame-2907.suppressed.lib and object C:\Users\gosus\Documents\CP-School\SeniorProject\gitRepos\Senior-Project-Game\HSPGame\Intermediate\Build\Win64\UE4Editor\Development\HSPGame\UE4Editor-HSPGame-2907.suppressed.exp
[2019.02.12-06.21.53:824][111]CompilerResultsLog: Total build time: 15.67 seconds (Parallel executor: 1.95 seconds)
[2019.02.12-06.21.53:824][111]LogMainFrame: MainFrame: Module compiling took 15.927 seconds
[2019.02.12-06.21.53:872][111]LogContentBrowser: Native class hierarchy updated for 'HSPGame' in 0.0003 seconds. Added 3 classes and 2 folders.
[2019.02.12-06.21.53:875][111]Display: HotReload successful (0 functions remapped  0 scriptstructs remapped)
[2019.02.12-06.21.54:147][111]LogContentBrowser: Native class hierarchy populated in 0.0072 seconds. Added 2655 classes and 624 folders.
[2019.02.12-06.21.54:147][111]Display: HotReload took 16.3s.
[2019.02.12-06.21.55:509][243]LogSlate: FSceneViewport::OnFocusLost() reason 0
[2019.02.12-06.21.55:542][247]LogTemp: Repeating last play command: Selected Viewport
[2019.02.12-06.21.55:560][247]LogBlueprintUserMessages: Early PlayInEditor Detection: Level '/Game/StarterContent/Maps/Minimal_Default.Minimal_Default:PersistentLevel' has LevelScriptBlueprint '/Game/StarterContent/Maps/Minimal_Default.Minimal_Default:PersistentLevel.Minimal_Default' with GeneratedClass '/Game/StarterContent/Maps/Minimal_Default.Minimal_Default_C' with ClassGeneratedBy '/Game/StarterContent/Maps/Minimal_Default.Minimal_Default:PersistentLevel.Minimal_Default'
[2019.02.12-06.21.55:560][247]LogPlayLevel: PlayLevel: No blueprints needed recompiling
[2019.02.12-06.21.55:560][247]PIE: New page: PIE session: Minimal_Default (Feb 11, 2019, 2:21:55 PM)
[2019.02.12-06.21.55:560][247]LogPlayLevel: Creating play world package: /Game/StarterContent/Maps/UEDPIE_0_Minimal_Default
[2019.02.12-06.21.55:595][247]LogPlayLevel: PIE: StaticDuplicateObject took: (0.034345s)
[2019.02.12-06.21.55:595][247]LogAIModule: Creating AISystem for world Minimal_Default
[2019.02.12-06.21.55:596][247]LogPlayLevel: PIE: World Init took: (0.000748s)
[2019.02.12-06.21.55:596][247]LogPlayLevel: PIE: Created PIE world by copying editor world from /Game/StarterContent/Maps/Minimal_Default.Minimal_Default to /Game/StarterContent/Maps/UEDPIE_0_Minimal_Default.Minimal_Default (0.035426s)
[2019.02.12-06.21.55:686][247]LogInit: XAudio2 using 'Speakers (Realtek(R) Audio)' : 2 channels at 48 kHz using 32 bits per sample (channel mask 0x3)
[2019.02.12-06.21.55:701][247]LogInit: FAudioDevice initialized.
[2019.02.12-06.21.55:735][247]LogLoad: Game class is 'BP_HSPGameGameModeBase_C'
[2019.02.12-06.21.55:747][247]LogWorld: Bringing World /Game/StarterContent/Maps/UEDPIE_0_Minimal_Default.Minimal_Default up for play (max tick rate 0) at 2019.02.11-22.21.55
[2019.02.12-06.21.55:748][247]LogWorld: Bringing up level for play took: 0.011599
[2019.02.12-06.21.55:763][247]PIE: Play in editor start time for /Game/StarterContent/Maps/UEDPIE_0_Minimal_Default 0.994
[2019.02.12-06.21.55:764][247]LogBlueprintUserMessages: Late PlayInEditor Detection: Level '/Game/StarterContent/Maps/Minimal_Default.Minimal_Default:PersistentLevel' has LevelScriptBlueprint '/Game/StarterContent/Maps/Minimal_Default.Minimal_Default:PersistentLevel.Minimal_Default' with GeneratedClass '/Game/StarterContent/Maps/Minimal_Default.Minimal_Default_C' with ClassGeneratedBy '/Game/StarterContent/Maps/Minimal_Default.Minimal_Default:PersistentLevel.Minimal_Default'
[2019.02.12-06.22.01:035][870]LogBlueprintUserMessages: Early EndPlayMap Detection: Level '/Game/StarterContent/Maps/Minimal_Default.Minimal_Default:PersistentLevel' has LevelScriptBlueprint '/Game/StarterContent/Maps/Minimal_Default.Minimal_Default:PersistentLevel.Minimal_Default' with GeneratedClass '/Game/StarterContent/Maps/Minimal_Default.Minimal_Default_C' with ClassGeneratedBy '/Game/StarterContent/Maps/Minimal_Default.Minimal_Default:PersistentLevel.Minimal_Default'
[2019.02.12-06.22.01:035][870]LogSlate: Updating window title bar state: overlay mode, drag disabled, window buttons hidden, title bar hidden
[2019.02.12-06.22.01:072][870]LogPlayLevel: Display: Shutting down PIE online subsystems
[2019.02.12-06.22.01:073][870]LogBlueprintUserMessages: Late EndPlayMap Detection: Level '/Game/StarterContent/Maps/Minimal_Default.Minimal_Default:PersistentLevel' has LevelScriptBlueprint '/Game/StarterContent/Maps/Minimal_Default.Minimal_Default:PersistentLevel.Minimal_Default' with GeneratedClass '/Game/StarterContent/Maps/Minimal_Default.Minimal_Default_C' with ClassGeneratedBy '/Game/StarterContent/Maps/Minimal_Default.Minimal_Default:PersistentLevel.Minimal_Default'
[2019.02.12-06.22.01:097][870]LogSlate: Updating window title bar state: overlay mode, drag disabled, window buttons hidden, title bar hidden
[2019.02.12-06.22.01:138][871]LogPlayLevel: Display: Destroying online subsystem :Context_5
[2019.02.12-06.22.02:679][ 52]LogSlate: FSceneViewport::OnFocusLost() reason 0
[2019.02.12-06.22.02:835][ 70]LogAssetEditorManager: Opening Asset editor for Blueprint /Game/Blueprints/BP_ProtagClass.BP_ProtagClass
[2019.02.12-06.22.07:992][589]BlueprintLog: New page: Compile BP_ProtagClass
[2019.02.12-06.22.09:812][771]LogSavePackage: Moving 'C:/Users/gosus/Documents/CP-School/SeniorProject/gitRepos/Senior-Project-Game/HSPGame/Saved/BP_ProtagClass0EAAE3AA43A2E652FFEB0990BFC0D0AA.tmp' to 'C:/Users/gosus/Documents/CP-School/SeniorProject/gitRepos/Senior-Project-Game/HSPGame/Content/Blueprints/BP_ProtagClass.uasset'
[2019.02.12-06.22.09:950][785]LogSlate: FSceneViewport::OnFocusLost() reason 2
[2019.02.12-06.22.09:968][785]LogSavePackage: Moving 'C:/Users/gosus/Documents/CP-School/SeniorProject/gitRepos/Senior-Project-Game/HSPGame/Saved/BP_ProtagClass6EFBF0B743BBBE2E0EE8F980F2261782.tmp' to 'C:/Users/gosus/Documents/CP-School/SeniorProject/gitRepos/Senior-Project-Game/HSPGame/Content/Blueprints/BP_ProtagClass.uasset'
[2019.02.12-06.22.11:082][912]LogSlate: FSceneViewport::OnFocusLost() reason 0
[2019.02.12-06.22.11:142][919]LogSlate: Window 'BP_ProtagClass' being destroyed
[2019.02.12-06.22.11:145][919]LogSlate: Window 'BP_ProtagClass' being destroyed
