Log file open, 02/19/19 03:46:19
LogWindows: Failed to load 'aqProf.dll' (GetLastError=126)
LogWindows: File 'aqProf.dll' does not exist
LogWindows: Failed to load 'VtuneApi.dll' (GetLastError=126)
LogWindows: File 'VtuneApi.dll' does not exist
LogWindows: Failed to load 'VtuneApi32e.dll' (GetLastError=126)
LogWindows: File 'VtuneApi32e.dll' does not exist
LogConsoleResponse: Display: Failed to find resolution value strings in scalability ini. Falling back to default.
LogInit: Display: Running engine for game: HSPGame
LogPakFile: Registered encryption key '00000000000000000000000000000000': 0 pak files mounted, 0 remain pending
LogPlatformFile: Not using cached read wrapper
LogTaskGraph: Started task graph with 5 named threads and 23 total threads with 3 sets of task threads.
LogStats: Stats thread started at 0.331842
LogD3D11RHI: Loaded GFSDK_Aftermath_Lib.x64.dll
LogICUInternationalization: ICU TimeZone Detection - Raw Offset: -8:00, Platform Override: ''
LogPluginManager: Mounting plugin Paper2D
LogPluginManager: Mounting plugin AISupport
LogPluginManager: Mounting plugin LightPropagationVolume
LogPluginManager: Mounting plugin ActorLayerUtilities
LogPluginManager: Mounting plugin CLionSourceCodeAccess
LogPluginManager: Mounting plugin CodeLiteSourceCodeAccess
LogPluginManager: Mounting plugin GitSourceControl
LogPluginManager: Mounting plugin KDevelopSourceCodeAccess
LogPluginManager: Mounting plugin NullSourceCodeAccess
LogPluginManager: Mounting plugin PerforceSourceControl
LogPluginManager: Mounting plugin SubversionSourceControl
LogPluginManager: Mounting plugin UObjectPlugin
LogPluginManager: Mounting plugin VisualStudioCodeSourceCodeAccess
LogPluginManager: Mounting plugin VisualStudioSourceCodeAccess
LogPluginManager: Mounting plugin XCodeSourceCodeAccess
LogPluginManager: Mounting plugin AssetManagerEditor
LogPluginManager: Mounting plugin CryptoKeys
LogPluginManager: Mounting plugin DataValidation
LogPluginManager: Mounting plugin FacialAnimation
LogPluginManager: Mounting plugin GameplayTagsEditor
LogPluginManager: Mounting plugin MacGraphicsSwitching
LogPluginManager: Mounting plugin MeshEditor
LogPluginManager: Mounting plugin MobileLauncherProfileWizard
LogPluginManager: Mounting plugin PluginBrowser
LogPluginManager: Mounting plugin SpeedTreeImporter
LogPluginManager: Mounting plugin DatasmithContent
LogPluginManager: Mounting plugin VariantManagerContent
LogPluginManager: Mounting plugin AlembicImporter
LogPluginManager: Mounting plugin AppleImageUtils
LogPluginManager: Mounting plugin AppleVision
LogPluginManager: Mounting plugin BackChannel
LogPluginManager: Mounting plugin CharacterAI
LogPluginManager: Mounting plugin GeometryCache
LogPluginManager: Mounting plugin HTML5Networking
LogPluginManager: Mounting plugin ProxyLODPlugin
LogPluginManager: Mounting plugin MagicLeap
LogPluginManager: Mounting plugin MagicLeapMedia
LogPluginManager: Mounting plugin AndroidMedia
LogPluginManager: Mounting plugin AvfMedia
LogPluginManager: Mounting plugin ImgMedia
LogPluginManager: Mounting plugin LinearTimecode
LogPluginManager: Mounting plugin MediaCompositing
LogPluginManager: Mounting plugin MediaPlayerEditor
LogPluginManager: Mounting plugin WebMMedia
LogPluginManager: Mounting plugin WmfMedia
LogPluginManager: Mounting plugin TcpMessaging
LogPluginManager: Mounting plugin UdpMessaging
LogPluginManager: Mounting plugin ActorSequence
LogPluginManager: Mounting plugin LevelSequenceEditor
LogPluginManager: Mounting plugin MatineeToLevelSequence
LogPluginManager: Mounting plugin NetcodeUnitTest
LogPluginManager: Mounting plugin NUTUnrealEngine4
LogPluginManager: Mounting plugin OnlineSubsystemGooglePlay
LogPluginManager: Mounting plugin OnlineSubsystemIOS
LogPluginManager: Mounting plugin OnlineSubsystem
LogPluginManager: Mounting plugin OnlineSubsystemNull
LogPluginManager: Mounting plugin OnlineSubsystemUtils
LogPluginManager: Mounting plugin LauncherChunkInstaller
LogPluginManager: Mounting plugin AndroidDeviceProfileSelector
LogPluginManager: Mounting plugin AndroidMoviePlayer
LogPluginManager: Mounting plugin AndroidPermission
LogPluginManager: Mounting plugin AppleMoviePlayer
LogPluginManager: Mounting plugin ArchVisCharacter
LogPluginManager: Mounting plugin AudioCapture
LogPluginManager: Mounting plugin CableComponent
LogPluginManager: Mounting plugin CustomMeshComponent
LogPluginManager: Mounting plugin EditableMesh
LogPluginManager: Mounting plugin ExampleDeviceProfileSelector
LogPluginManager: Mounting plugin Firebase
LogPluginManager: Mounting plugin GoogleCloudMessaging
LogPluginManager: Mounting plugin IOSDeviceProfileSelector
LogPluginManager: Mounting plugin LinuxDeviceProfileSelector
LogPluginManager: Mounting plugin LocationServicesBPLibrary
LogPluginManager: Mounting plugin MobilePatchingUtils
LogPluginManager: Mounting plugin OculusVR
LogPluginManager: Mounting plugin PhysXVehicles
LogPluginManager: Mounting plugin ProceduralMeshComponent
LogPluginManager: Mounting plugin RuntimePhysXCooking
LogPluginManager: Mounting plugin SteamVR
LogPluginManager: Mounting plugin WebMMoviePlayer
LogPluginManager: Mounting plugin WindowsMoviePlayer
LogStreaming: Display: Took  0.083s to configure plugins.
LogInit: Using libcurl 7.55.1-DEV
LogInit:  - built for x86_64-pc-win32
LogInit:  - supports SSL with OpenSSL/1.0.2h
LogInit:  - supports HTTP deflate (compression) using libz 1.2.8
LogInit:  - other features:
LogInit:      CURL_VERSION_SSL
LogInit:      CURL_VERSION_LIBZ
LogInit:      CURL_VERSION_IPV6
LogInit:      CURL_VERSION_ASYNCHDNS
LogInit:      CURL_VERSION_LARGEFILE
LogInit:      CURL_VERSION_IDN
LogInit:  CurlRequestOptions (configurable via config and command line):
LogInit:  - bVerifyPeer = true  - Libcurl will verify peer certificate
LogInit:  - bUseHttpProxy = false  - Libcurl will NOT use HTTP proxy
LogInit:  - bDontReuseConnections = false  - Libcurl will reuse connections
LogInit:  - MaxHostConnections = 16  - Libcurl will limit the number of connections to a host
LogInit:  - LocalHostAddr = Default
LogInit:  - BufferSize = 65536
LogInit: WinSock: version 1.1 (2.2), MaxSocks=32767, MaxUdp=65467
LogInit: Build: ++UE4+Release-4.21-CL-4753647
LogInit: Engine Version: 4.21.2-4753647+++UE4+Release-4.21
LogInit: Compatible Engine Version: 4.21.0-4541578+++UE4+Release-4.21
LogInit: Net CL: 4541578
LogInit: OS: Windows 10 (), CPU: Intel(R) Core(TM) i7-6700K CPU @ 4.00GHz, GPU: NVIDIA GeForce RTX 2080
LogInit: Compiled (64-bit): Jan 19 2019 02:07:31
LogInit: Compiled with Visual C++: 19.13.26129.00
LogInit: Build Configuration: Development
LogInit: Branch Name: ++UE4+Release-4.21
LogInit: Command Line:  -skipcompile
LogInit: Base Directory: G:/Games/Epic/Games/UE_4.21/Engine/Binaries/Win64/
LogInit: Installed Engine Build: 1
LogDevObjectVersion: Number of dev versions registered: 22
LogDevObjectVersion:   Dev-Blueprints (B0D832E4-1F89-4F0D-ACCF-7EB736FD4AA2): 10
LogDevObjectVersion:   Dev-Build (E1C64328-A22C-4D53-A36C-8E866417BD8C): 0
LogDevObjectVersion:   Dev-Core (375EC13C-06E4-48FB-B500-84F0262A717E): 2
LogDevObjectVersion:   Dev-Editor (E4B068ED-F494-42E9-A231-DA0B2E46BB41): 26
LogDevObjectVersion:   Dev-Framework (CFFC743F-43B0-4480-9391-14DF171D2073): 34
LogDevObjectVersion:   Dev-Mobile (B02B49B5-BB20-44E9-A304-32B752E40360): 2
LogDevObjectVersion:   Dev-Networking (A4E4105C-59A1-49B5-A7C5-40C4547EDFEE): 0
LogDevObjectVersion:   Dev-Online (39C831C9-5AE6-47DC-9A44-9C173E1C8E7C): 0
LogDevObjectVersion:   Dev-Physics (78F01B33-EBEA-4F98-B9B4-84EACCB95AA2): 0
LogDevObjectVersion:   Dev-Platform (6631380F-2D4D-43E0-8009-CF276956A95A): 0
LogDevObjectVersion:   Dev-Rendering (12F88B9F-8875-4AFC-A67C-D90C383ABD29): 27
LogDevObjectVersion:   Dev-Sequencer (7B5AE74C-D270-4C10-A958-57980B212A5A): 9
LogDevObjectVersion:   Dev-VR (D7296918-1DD6-4BDD-9DE2-64A83CC13884): 2
LogDevObjectVersion:   Dev-LoadTimes (C2A15278-BFE7-4AFE-6C17-90FF531DF755): 1
LogDevObjectVersion:   Private-Geometry (6EACA3D4-40EC-4CC1-B786-8BED09428FC5): 3
LogDevObjectVersion:   Dev-AnimPhys (29E575DD-E0A3-4627-9D10-D276232CDCEA): 17
LogDevObjectVersion:   Dev-Anim (AF43A65D-7FD3-4947-9873-3E8ED9C1BB05): 2
LogDevObjectVersion:   Dev-ReflectionCapture (6B266CEC-1EC7-4B8F-A30B-E4D90942FC07): 1
LogDevObjectVersion:   Dev-Automation (0DF73D61-A23F-47EA-B727-89E90C41499A): 1
LogDevObjectVersion:   FortniteMain (601D1886-AC64-4F84-AA16-D3DE0DEAC7D6): 17
LogDevObjectVersion:   Dev-Enterprise (9DFFBCD6-494F-0158-E221-12823C92A888): 4
LogDevObjectVersion:   Dev-Niagara (F2AED0AC-9AFE-416F-8664-AA7FFA26D6FC): 1
LogStreaming: Display: Took  0.003s to delete old logs.
LogInit: Presizing for max 8388607 objects, including 0 objects not considered by GC, pre-allocating 0 bytes for permanent pool.
LogInit: Object subsystem initialized
LogConfig: Setting CVar [[con.DebugEarlyDefault:1]]
LogConfig: Setting CVar [[r.setres:1280x720]]
[2019.02.19-11.46.20:091][  0]LogConfig: Setting CVar [[r.VSync:0]]
[2019.02.19-11.46.20:091][  0]LogConfig: Setting CVar [[r.RHICmdBypass:0]]
[2019.02.19-11.46.20:091][  0]LogConfig: Applying CVar settings from Section [/Script/Engine.RendererSettings] File [C:/Users/gosus/Documents/CP-School/SeniorProject/gitRepos/Senior-Project-CPP-Testground/HSPGame/Saved/Config/Windows/Engine.ini]
[2019.02.19-11.46.20:091][  0]LogConfig: Setting CVar [[r.GPUCrashDebugging:0]]
[2019.02.19-11.46.20:092][  0]LogConfig: Applying CVar settings from Section [/Script/Engine.RendererOverrideSettings] File [C:/Users/gosus/Documents/CP-School/SeniorProject/gitRepos/Senior-Project-CPP-Testground/HSPGame/Saved/Config/Windows/Engine.ini]
[2019.02.19-11.46.20:092][  0]LogConfig: Applying CVar settings from Section [/Script/Engine.StreamingSettings] File [C:/Users/gosus/Documents/CP-School/SeniorProject/gitRepos/Senior-Project-CPP-Testground/HSPGame/Saved/Config/Windows/Engine.ini]
[2019.02.19-11.46.20:092][  0]LogConfig: Setting CVar [[s.MinBulkDataSizeForAsyncLoading:131072]]
[2019.02.19-11.46.20:092][  0]LogConfig: Setting CVar [[s.AsyncLoadingThreadEnabled:0]]
[2019.02.19-11.46.20:092][  0]LogConfig: Setting CVar [[s.EventDrivenLoaderEnabled:1]]
[2019.02.19-11.46.20:092][  0]LogConfig: Setting CVar [[s.WarnIfTimeLimitExceeded:0]]
[2019.02.19-11.46.20:092][  0]LogConfig: Setting CVar [[s.TimeLimitExceededMultiplier:1.5]]
[2019.02.19-11.46.20:092][  0]LogConfig: Setting CVar [[s.TimeLimitExceededMinTime:0.005]]
[2019.02.19-11.46.20:092][  0]LogConfig: Setting CVar [[s.UseBackgroundLevelStreaming:1]]
[2019.02.19-11.46.20:092][  0]LogConfig: Setting CVar [[s.PriorityAsyncLoadingExtraTime:15.0]]
[2019.02.19-11.46.20:092][  0]LogConfig: Setting CVar [[s.LevelStreamingActorsUpdateTimeLimit:5.0]]
[2019.02.19-11.46.20:092][  0]LogConfig: Setting CVar [[s.PriorityLevelStreamingActorsUpdateExtraTime:5.0]]
[2019.02.19-11.46.20:092][  0]LogConfig: Setting CVar [[s.LevelStreamingComponentsRegistrationGranularity:10]]
[2019.02.19-11.46.20:092][  0]LogConfig: Setting CVar [[s.UnregisterComponentsTimeLimit:1.0]]
[2019.02.19-11.46.20:092][  0]LogConfig: Setting CVar [[s.LevelStreamingComponentsUnregistrationGranularity:5]]
[2019.02.19-11.46.20:092][  0]LogConfig: Applying CVar settings from Section [/Script/Engine.GarbageCollectionSettings] File [C:/Users/gosus/Documents/CP-School/SeniorProject/gitRepos/Senior-Project-CPP-Testground/HSPGame/Saved/Config/Windows/Engine.ini]
[2019.02.19-11.46.20:092][  0]LogConfig: Setting CVar [[gc.MaxObjectsNotConsideredByGC:1]]
[2019.02.19-11.46.20:092][  0]LogConfig: Setting CVar [[gc.SizeOfPermanentObjectPool:0]]
[2019.02.19-11.46.20:092][  0]LogConfig: Setting CVar [[gc.FlushStreamingOnGC:0]]
[2019.02.19-11.46.20:092][  0]LogConfig: Setting CVar [[gc.NumRetriesBeforeForcingGC:10]]
[2019.02.19-11.46.20:092][  0]LogConfig: Setting CVar [[gc.AllowParallelGC:1]]
[2019.02.19-11.46.20:093][  0]LogConfig: Setting CVar [[gc.TimeBetweenPurgingPendingKillObjects:61.1]]
[2019.02.19-11.46.20:093][  0]LogConfig: Setting CVar [[gc.MaxObjectsInEditor:8388607]]
[2019.02.19-11.46.20:093][  0]LogConfig: Setting CVar [[gc.IncrementalBeginDestroyEnabled:1]]
[2019.02.19-11.46.20:093][  0]LogConfig: Setting CVar [[gc.CreateGCClusters:1]]
[2019.02.19-11.46.20:093][  0]LogConfig: Setting CVar [[gc.MergeGCClusters:0]]
[2019.02.19-11.46.20:093][  0]LogConfig: Setting CVar [[gc.MinGCClusterSize:5]]
[2019.02.19-11.46.20:093][  0]LogConfig: Setting CVar [[gc.ActorClusteringEnabled:0]]
[2019.02.19-11.46.20:093][  0]LogConfig: Setting CVar [[gc.BlueprintClusteringEnabled:0]]
[2019.02.19-11.46.20:093][  0]LogConfig: Setting CVar [[gc.UseDisregardForGCOnDedicatedServers:0]]
[2019.02.19-11.46.20:093][  0]LogConfig: Applying CVar settings from Section [/Script/Engine.NetworkSettings] File [C:/Users/gosus/Documents/CP-School/SeniorProject/gitRepos/Senior-Project-CPP-Testground/HSPGame/Saved/Config/Windows/Engine.ini]
[2019.02.19-11.46.20:093][  0]LogConfig: Applying CVar settings from Section [/Script/UnrealEd.CookerSettings] File [C:/Users/gosus/Documents/CP-School/SeniorProject/gitRepos/Senior-Project-CPP-Testground/HSPGame/Saved/Config/Windows/Engine.ini]
[2019.02.19-11.46.20:103][  0]LogConfig: Applying CVar settings from Section [ViewDistanceQuality@3] File [C:/Users/gosus/Documents/CP-School/SeniorProject/gitRepos/Senior-Project-CPP-Testground/HSPGame/Saved/Config/Windows/Scalability.ini]
[2019.02.19-11.46.20:103][  0]LogConfig: Setting CVar [[r.SkeletalMeshLODBias:0]]
[2019.02.19-11.46.20:103][  0]LogConfig: Setting CVar [[r.ViewDistanceScale:1.0]]
[2019.02.19-11.46.20:103][  0]LogConfig: Applying CVar settings from Section [AntiAliasingQuality@3] File [C:/Users/gosus/Documents/CP-School/SeniorProject/gitRepos/Senior-Project-CPP-Testground/HSPGame/Saved/Config/Windows/Scalability.ini]
[2019.02.19-11.46.20:103][  0]LogConfig: Setting CVar [[r.PostProcessAAQuality:4]]
[2019.02.19-11.46.20:104][  0]LogConfig: Applying CVar settings from Section [ShadowQuality@3] File [C:/Users/gosus/Documents/CP-School/SeniorProject/gitRepos/Senior-Project-CPP-Testground/HSPGame/Saved/Config/Windows/Scalability.ini]
[2019.02.19-11.46.20:104][  0]LogConfig: Setting CVar [[r.LightFunctionQuality:1]]
[2019.02.19-11.46.20:104][  0]LogConfig: Setting CVar [[r.ShadowQuality:5]]
[2019.02.19-11.46.20:104][  0]LogConfig: Setting CVar [[r.Shadow.CSM.MaxCascades:10]]
[2019.02.19-11.46.20:104][  0]LogConfig: Setting CVar [[r.Shadow.MaxResolution:2048]]
[2019.02.19-11.46.20:104][  0]LogConfig: Setting CVar [[r.Shadow.MaxCSMResolution:2048]]
[2019.02.19-11.46.20:104][  0]LogConfig: Setting CVar [[r.Shadow.RadiusThreshold:0.01]]
[2019.02.19-11.46.20:104][  0]LogConfig: Setting CVar [[r.Shadow.DistanceScale:1.0]]
[2019.02.19-11.46.20:104][  0]LogConfig: Setting CVar [[r.Shadow.CSM.TransitionScale:1.0]]
[2019.02.19-11.46.20:104][  0]LogConfig: Setting CVar [[r.Shadow.PreShadowResolutionFactor:1.0]]
[2019.02.19-11.46.20:104][  0]LogConfig: Setting CVar [[r.DistanceFieldShadowing:1]]
[2019.02.19-11.46.20:104][  0]LogConfig: Setting CVar [[r.DistanceFieldAO:1]]
[2019.02.19-11.46.20:104][  0]LogConfig: Setting CVar [[r.AOQuality:2]]
[2019.02.19-11.46.20:104][  0]LogConfig: Setting CVar [[r.VolumetricFog:1]]
[2019.02.19-11.46.20:104][  0]LogConfig: Setting CVar [[r.VolumetricFog.GridPixelSize:8]]
[2019.02.19-11.46.20:104][  0]LogConfig: Setting CVar [[r.VolumetricFog.GridSizeZ:128]]
[2019.02.19-11.46.20:104][  0]LogConfig: Setting CVar [[r.VolumetricFog.HistoryMissSupersampleCount:4]]
[2019.02.19-11.46.20:104][  0]LogConfig: Setting CVar [[r.LightMaxDrawDistanceScale:1]]
[2019.02.19-11.46.20:104][  0]LogConfig: Setting CVar [[r.CapsuleShadows:1]]
[2019.02.19-11.46.20:104][  0]LogConfig: Applying CVar settings from Section [PostProcessQuality@3] File [C:/Users/gosus/Documents/CP-School/SeniorProject/gitRepos/Senior-Project-CPP-Testground/HSPGame/Saved/Config/Windows/Scalability.ini]
[2019.02.19-11.46.20:104][  0]LogConfig: Setting CVar [[r.MotionBlurQuality:4]]
[2019.02.19-11.46.20:105][  0]LogConfig: Setting CVar [[r.AmbientOcclusionMipLevelFactor:0.4]]
[2019.02.19-11.46.20:105][  0]LogConfig: Setting CVar [[r.AmbientOcclusionMaxQuality:100]]
[2019.02.19-11.46.20:105][  0]LogConfig: Setting CVar [[r.AmbientOcclusionLevels:-1]]
[2019.02.19-11.46.20:105][  0]LogConfig: Setting CVar [[r.AmbientOcclusionRadiusScale:1.0]]
[2019.02.19-11.46.20:105][  0]LogConfig: Setting CVar [[r.DepthOfFieldQuality:2]]
[2019.02.19-11.46.20:105][  0]LogConfig: Setting CVar [[r.RenderTargetPoolMin:400]]
[2019.02.19-11.46.20:105][  0]LogConfig: Setting CVar [[r.LensFlareQuality:2]]
[2019.02.19-11.46.20:105][  0]LogConfig: Setting CVar [[r.SceneColorFringeQuality:1]]
[2019.02.19-11.46.20:105][  0]LogConfig: Setting CVar [[r.EyeAdaptationQuality:2]]
[2019.02.19-11.46.20:105][  0]LogConfig: Setting CVar [[r.BloomQuality:5]]
[2019.02.19-11.46.20:105][  0]LogConfig: Setting CVar [[r.FastBlurThreshold:100]]
[2019.02.19-11.46.20:105][  0]LogConfig: Setting CVar [[r.Upscale.Quality:3]]
[2019.02.19-11.46.20:105][  0]LogConfig: Setting CVar [[r.Tonemapper.GrainQuantization:1]]
[2019.02.19-11.46.20:105][  0]LogConfig: Setting CVar [[r.LightShaftQuality:1]]
[2019.02.19-11.46.20:105][  0]LogConfig: Setting CVar [[r.Filter.SizeScale:1]]
[2019.02.19-11.46.20:105][  0]LogConfig: Setting CVar [[r.Tonemapper.Quality:5]]
[2019.02.19-11.46.20:105][  0]LogConfig: Setting CVar [[r.DOF.Gather.AccumulatorQuality:1        ; higher gathering accumulator quality]]
[2019.02.19-11.46.20:105][  0]LogConfig: Setting CVar [[r.DOF.Gather.PostfilterMethod:1          ; Median3x3 postfilering method]]
[2019.02.19-11.46.20:105][  0]LogConfig: Setting CVar [[r.DOF.Gather.EnableBokehSettings:0       ; no bokeh simulation when gathering]]
[2019.02.19-11.46.20:105][  0]LogConfig: Setting CVar [[r.DOF.Gather.RingCount:4                 ; medium number of samples when gathering]]
[2019.02.19-11.46.20:105][  0]LogConfig: Setting CVar [[r.DOF.Scatter.ForegroundCompositing:1    ; additive foreground scattering]]
[2019.02.19-11.46.20:105][  0]LogConfig: Setting CVar [[r.DOF.Scatter.BackgroundCompositing:2    ; additive background scattering]]
[2019.02.19-11.46.20:106][  0]LogConfig: Setting CVar [[r.DOF.Scatter.EnableBokehSettings:1      ; bokeh simulation when scattering]]
[2019.02.19-11.46.20:106][  0]LogConfig: Setting CVar [[r.DOF.Scatter.MaxSpriteRatio:0.1         ; only a maximum of 10% of scattered bokeh]]
[2019.02.19-11.46.20:106][  0]LogConfig: Setting CVar [[r.DOF.Recombine.Quality:1                ; cheap slight out of focus]]
[2019.02.19-11.46.20:106][  0]LogConfig: Setting CVar [[r.DOF.Recombine.EnableBokehSettings:0    ; no bokeh simulation on slight out of focus]]
[2019.02.19-11.46.20:106][  0]LogConfig: Setting CVar [[r.DOF.TemporalAAQuality:1                ; more stable temporal accumulation]]
[2019.02.19-11.46.20:106][  0]LogConfig: Setting CVar [[r.DOF.Kernel.MaxForegroundRadius:0.025]]
[2019.02.19-11.46.20:106][  0]LogConfig: Setting CVar [[r.DOF.Kernel.MaxBackgroundRadius:0.025]]
[2019.02.19-11.46.20:106][  0]LogConfig: Applying CVar settings from Section [TextureQuality@3] File [C:/Users/gosus/Documents/CP-School/SeniorProject/gitRepos/Senior-Project-CPP-Testground/HSPGame/Saved/Config/Windows/Scalability.ini]
[2019.02.19-11.46.20:106][  0]LogConfig: Setting CVar [[r.Streaming.MipBias:0]]
[2019.02.19-11.46.20:106][  0]LogConfig: Setting CVar [[r.Streaming.AmortizeCPUToGPUCopy:0]]
[2019.02.19-11.46.20:106][  0]LogConfig: Setting CVar [[r.Streaming.MaxNumTexturesToStreamPerFrame:0]]
[2019.02.19-11.46.20:106][  0]LogConfig: Setting CVar [[r.Streaming.Boost:1]]
[2019.02.19-11.46.20:106][  0]LogConfig: Setting CVar [[r.MaxAnisotropy:8]]
[2019.02.19-11.46.20:106][  0]LogConfig: Setting CVar [[r.Streaming.LimitPoolSizeToVRAM:0]]
[2019.02.19-11.46.20:106][  0]LogConfig: Setting CVar [[r.Streaming.PoolSize:1000]]
[2019.02.19-11.46.20:106][  0]LogConfig: Setting CVar [[r.Streaming.MaxEffectiveScreenSize:0]]
[2019.02.19-11.46.20:106][  0]LogConfig: Applying CVar settings from Section [EffectsQuality@3] File [C:/Users/gosus/Documents/CP-School/SeniorProject/gitRepos/Senior-Project-CPP-Testground/HSPGame/Saved/Config/Windows/Scalability.ini]
[2019.02.19-11.46.20:106][  0]LogConfig: Setting CVar [[r.TranslucencyLightingVolumeDim:64]]
[2019.02.19-11.46.20:106][  0]LogConfig: Setting CVar [[r.RefractionQuality:2]]
[2019.02.19-11.46.20:106][  0]LogConfig: Setting CVar [[r.SSR.Quality:3]]
[2019.02.19-11.46.20:106][  0]LogConfig: Setting CVar [[r.SceneColorFormat:4]]
[2019.02.19-11.46.20:106][  0]LogConfig: Setting CVar [[r.DetailMode:2]]
[2019.02.19-11.46.20:107][  0]LogConfig: Setting CVar [[r.TranslucencyVolumeBlur:1]]
[2019.02.19-11.46.20:107][  0]LogConfig: Setting CVar [[r.MaterialQualityLevel:1 ; High quality]]
[2019.02.19-11.46.20:107][  0]LogConfig: Setting CVar [[r.SSS.Scale:1]]
[2019.02.19-11.46.20:107][  0]LogConfig: Setting CVar [[r.SSS.SampleSet:2]]
[2019.02.19-11.46.20:107][  0]LogConfig: Setting CVar [[r.SSS.Quality:1]]
[2019.02.19-11.46.20:107][  0]LogConfig: Setting CVar [[r.SSS.HalfRes:1]]
[2019.02.19-11.46.20:107][  0]LogConfig: Setting CVar [[r.EmitterSpawnRateScale:1.0]]
[2019.02.19-11.46.20:107][  0]LogConfig: Setting CVar [[r.ParticleLightQuality:2]]
[2019.02.19-11.46.20:107][  0]LogConfig: Applying CVar settings from Section [FoliageQuality@3] File [C:/Users/gosus/Documents/CP-School/SeniorProject/gitRepos/Senior-Project-CPP-Testground/HSPGame/Saved/Config/Windows/Scalability.ini]
[2019.02.19-11.46.20:107][  0]LogConfig: Setting CVar [[foliage.DensityScale:1.0]]
[2019.02.19-11.46.20:107][  0]LogConfig: Setting CVar [[grass.DensityScale:1.0]]
[2019.02.19-11.46.20:107][  0]LogInit: Selected Device Profile: [Windows]
[2019.02.19-11.46.20:107][  0]LogInit: Applying CVar settings loaded from the selected device profile: [Windows]
[2019.02.19-11.46.20:116][  0]LogHAL: Display: Platform has ~ 32 GB [34313105408 / 34359738368 / 32], which maps to Largest [LargestMinGB=32, LargerMinGB=12, DefaultMinGB=8, SmallerMinGB=6, SmallestMinGB=0)
[2019.02.19-11.46.20:116][  0]LogConfig: Setting CVar [[r.Vulkan.UseRealUBs:1]]
[2019.02.19-11.46.20:117][  0]LogInit: Going up to parent DeviceProfile []
[2019.02.19-11.46.20:117][  0]LogConfig: Applying CVar settings from Section [ViewDistanceQuality@3] File [C:/Users/gosus/Documents/CP-School/SeniorProject/gitRepos/Senior-Project-CPP-Testground/HSPGame/Saved/Config/Windows/Scalability.ini]
[2019.02.19-11.46.20:117][  0]LogConfig: Setting CVar [[r.SkeletalMeshLODBias:0]]
[2019.02.19-11.46.20:117][  0]LogConfig: Setting CVar [[r.ViewDistanceScale:1.0]]
[2019.02.19-11.46.20:117][  0]LogConfig: Applying CVar settings from Section [AntiAliasingQuality@3] File [C:/Users/gosus/Documents/CP-School/SeniorProject/gitRepos/Senior-Project-CPP-Testground/HSPGame/Saved/Config/Windows/Scalability.ini]
[2019.02.19-11.46.20:117][  0]LogConfig: Setting CVar [[r.PostProcessAAQuality:4]]
[2019.02.19-11.46.20:117][  0]LogConfig: Applying CVar settings from Section [ShadowQuality@3] File [C:/Users/gosus/Documents/CP-School/SeniorProject/gitRepos/Senior-Project-CPP-Testground/HSPGame/Saved/Config/Windows/Scalability.ini]
[2019.02.19-11.46.20:117][  0]LogConfig: Setting CVar [[r.LightFunctionQuality:1]]
[2019.02.19-11.46.20:117][  0]LogConfig: Setting CVar [[r.ShadowQuality:5]]
[2019.02.19-11.46.20:117][  0]LogConfig: Setting CVar [[r.Shadow.CSM.MaxCascades:10]]
[2019.02.19-11.46.20:117][  0]LogConfig: Setting CVar [[r.Shadow.MaxResolution:2048]]
[2019.02.19-11.46.20:117][  0]LogConfig: Setting CVar [[r.Shadow.MaxCSMResolution:2048]]
[2019.02.19-11.46.20:117][  0]LogConfig: Setting CVar [[r.Shadow.RadiusThreshold:0.01]]
[2019.02.19-11.46.20:117][  0]LogConfig: Setting CVar [[r.Shadow.DistanceScale:1.0]]
[2019.02.19-11.46.20:117][  0]LogConfig: Setting CVar [[r.Shadow.CSM.TransitionScale:1.0]]
[2019.02.19-11.46.20:117][  0]LogConfig: Setting CVar [[r.Shadow.PreShadowResolutionFactor:1.0]]
[2019.02.19-11.46.20:117][  0]LogConfig: Setting CVar [[r.DistanceFieldShadowing:1]]
[2019.02.19-11.46.20:117][  0]LogConfig: Setting CVar [[r.DistanceFieldAO:1]]
[2019.02.19-11.46.20:117][  0]LogConfig: Setting CVar [[r.AOQuality:2]]
[2019.02.19-11.46.20:117][  0]LogConfig: Setting CVar [[r.VolumetricFog:1]]
[2019.02.19-11.46.20:118][  0]LogConfig: Setting CVar [[r.VolumetricFog.GridPixelSize:8]]
[2019.02.19-11.46.20:118][  0]LogConfig: Setting CVar [[r.VolumetricFog.GridSizeZ:128]]
[2019.02.19-11.46.20:118][  0]LogConfig: Setting CVar [[r.VolumetricFog.HistoryMissSupersampleCount:4]]
[2019.02.19-11.46.20:118][  0]LogConfig: Setting CVar [[r.LightMaxDrawDistanceScale:1]]
[2019.02.19-11.46.20:118][  0]LogConfig: Setting CVar [[r.CapsuleShadows:1]]
[2019.02.19-11.46.20:118][  0]LogConfig: Applying CVar settings from Section [PostProcessQuality@3] File [C:/Users/gosus/Documents/CP-School/SeniorProject/gitRepos/Senior-Project-CPP-Testground/HSPGame/Saved/Config/Windows/Scalability.ini]
[2019.02.19-11.46.20:118][  0]LogConfig: Setting CVar [[r.MotionBlurQuality:4]]
[2019.02.19-11.46.20:118][  0]LogConfig: Setting CVar [[r.AmbientOcclusionMipLevelFactor:0.4]]
[2019.02.19-11.46.20:118][  0]LogConfig: Setting CVar [[r.AmbientOcclusionMaxQuality:100]]
[2019.02.19-11.46.20:118][  0]LogConfig: Setting CVar [[r.AmbientOcclusionLevels:-1]]
[2019.02.19-11.46.20:118][  0]LogConfig: Setting CVar [[r.AmbientOcclusionRadiusScale:1.0]]
[2019.02.19-11.46.20:118][  0]LogConfig: Setting CVar [[r.DepthOfFieldQuality:2]]
[2019.02.19-11.46.20:118][  0]LogConfig: Setting CVar [[r.RenderTargetPoolMin:400]]
[2019.02.19-11.46.20:118][  0]LogConfig: Setting CVar [[r.LensFlareQuality:2]]
[2019.02.19-11.46.20:118][  0]LogConfig: Setting CVar [[r.SceneColorFringeQuality:1]]
[2019.02.19-11.46.20:118][  0]LogConfig: Setting CVar [[r.EyeAdaptationQuality:2]]
[2019.02.19-11.46.20:118][  0]LogConfig: Setting CVar [[r.BloomQuality:5]]
[2019.02.19-11.46.20:118][  0]LogConfig: Setting CVar [[r.FastBlurThreshold:100]]
[2019.02.19-11.46.20:118][  0]LogConfig: Setting CVar [[r.Upscale.Quality:3]]
[2019.02.19-11.46.20:118][  0]LogConfig: Setting CVar [[r.Tonemapper.GrainQuantization:1]]
[2019.02.19-11.46.20:118][  0]LogConfig: Setting CVar [[r.LightShaftQuality:1]]
[2019.02.19-11.46.20:118][  0]LogConfig: Setting CVar [[r.Filter.SizeScale:1]]
[2019.02.19-11.46.20:118][  0]LogConfig: Setting CVar [[r.Tonemapper.Quality:5]]
[2019.02.19-11.46.20:119][  0]LogConfig: Setting CVar [[r.DOF.Gather.AccumulatorQuality:1        ; higher gathering accumulator quality]]
[2019.02.19-11.46.20:119][  0]LogConfig: Setting CVar [[r.DOF.Gather.PostfilterMethod:1          ; Median3x3 postfilering method]]
[2019.02.19-11.46.20:119][  0]LogConfig: Setting CVar [[r.DOF.Gather.EnableBokehSettings:0       ; no bokeh simulation when gathering]]
[2019.02.19-11.46.20:119][  0]LogConfig: Setting CVar [[r.DOF.Gather.RingCount:4                 ; medium number of samples when gathering]]
[2019.02.19-11.46.20:119][  0]LogConfig: Setting CVar [[r.DOF.Scatter.ForegroundCompositing:1    ; additive foreground scattering]]
[2019.02.19-11.46.20:119][  0]LogConfig: Setting CVar [[r.DOF.Scatter.BackgroundCompositing:2    ; additive background scattering]]
[2019.02.19-11.46.20:119][  0]LogConfig: Setting CVar [[r.DOF.Scatter.EnableBokehSettings:1      ; bokeh simulation when scattering]]
[2019.02.19-11.46.20:119][  0]LogConfig: Setting CVar [[r.DOF.Scatter.MaxSpriteRatio:0.1         ; only a maximum of 10% of scattered bokeh]]
[2019.02.19-11.46.20:119][  0]LogConfig: Setting CVar [[r.DOF.Recombine.Quality:1                ; cheap slight out of focus]]
[2019.02.19-11.46.20:119][  0]LogConfig: Setting CVar [[r.DOF.Recombine.EnableBokehSettings:0    ; no bokeh simulation on slight out of focus]]
[2019.02.19-11.46.20:119][  0]LogConfig: Setting CVar [[r.DOF.TemporalAAQuality:1                ; more stable temporal accumulation]]
[2019.02.19-11.46.20:119][  0]LogConfig: Setting CVar [[r.DOF.Kernel.MaxForegroundRadius:0.025]]
[2019.02.19-11.46.20:119][  0]LogConfig: Setting CVar [[r.DOF.Kernel.MaxBackgroundRadius:0.025]]
[2019.02.19-11.46.20:119][  0]LogConfig: Applying CVar settings from Section [TextureQuality@3] File [C:/Users/gosus/Documents/CP-School/SeniorProject/gitRepos/Senior-Project-CPP-Testground/HSPGame/Saved/Config/Windows/Scalability.ini]
[2019.02.19-11.46.20:119][  0]LogConfig: Setting CVar [[r.Streaming.MipBias:0]]
[2019.02.19-11.46.20:119][  0]LogConfig: Setting CVar [[r.Streaming.AmortizeCPUToGPUCopy:0]]
[2019.02.19-11.46.20:119][  0]LogConfig: Setting CVar [[r.Streaming.MaxNumTexturesToStreamPerFrame:0]]
[2019.02.19-11.46.20:119][  0]LogConfig: Setting CVar [[r.Streaming.Boost:1]]
[2019.02.19-11.46.20:119][  0]LogConfig: Setting CVar [[r.MaxAnisotropy:8]]
[2019.02.19-11.46.20:119][  0]LogConfig: Setting CVar [[r.Streaming.LimitPoolSizeToVRAM:0]]
[2019.02.19-11.46.20:119][  0]LogConfig: Setting CVar [[r.Streaming.PoolSize:1000]]
[2019.02.19-11.46.20:119][  0]LogConfig: Setting CVar [[r.Streaming.MaxEffectiveScreenSize:0]]
[2019.02.19-11.46.20:120][  0]LogConfig: Applying CVar settings from Section [EffectsQuality@3] File [C:/Users/gosus/Documents/CP-School/SeniorProject/gitRepos/Senior-Project-CPP-Testground/HSPGame/Saved/Config/Windows/Scalability.ini]
[2019.02.19-11.46.20:120][  0]LogConfig: Setting CVar [[r.TranslucencyLightingVolumeDim:64]]
[2019.02.19-11.46.20:120][  0]LogConfig: Setting CVar [[r.RefractionQuality:2]]
[2019.02.19-11.46.20:120][  0]LogConfig: Setting CVar [[r.SSR.Quality:3]]
[2019.02.19-11.46.20:120][  0]LogConfig: Setting CVar [[r.SceneColorFormat:4]]
[2019.02.19-11.46.20:120][  0]LogConfig: Setting CVar [[r.DetailMode:2]]
[2019.02.19-11.46.20:120][  0]LogConfig: Setting CVar [[r.TranslucencyVolumeBlur:1]]
[2019.02.19-11.46.20:120][  0]LogConfig: Setting CVar [[r.MaterialQualityLevel:1 ; High quality]]
[2019.02.19-11.46.20:120][  0]LogConfig: Setting CVar [[r.SSS.Scale:1]]
[2019.02.19-11.46.20:120][  0]LogConfig: Setting CVar [[r.SSS.SampleSet:2]]
[2019.02.19-11.46.20:120][  0]LogConfig: Setting CVar [[r.SSS.Quality:1]]
[2019.02.19-11.46.20:120][  0]LogConfig: Setting CVar [[r.SSS.HalfRes:1]]
[2019.02.19-11.46.20:120][  0]LogConfig: Setting CVar [[r.EmitterSpawnRateScale:1.0]]
[2019.02.19-11.46.20:120][  0]LogConfig: Setting CVar [[r.ParticleLightQuality:2]]
[2019.02.19-11.46.20:120][  0]LogConfig: Applying CVar settings from Section [FoliageQuality@3] File [C:/Users/gosus/Documents/CP-School/SeniorProject/gitRepos/Senior-Project-CPP-Testground/HSPGame/Saved/Config/Windows/Scalability.ini]
[2019.02.19-11.46.20:120][  0]LogConfig: Setting CVar [[foliage.DensityScale:1.0]]
[2019.02.19-11.46.20:120][  0]LogConfig: Setting CVar [[grass.DensityScale:1.0]]
[2019.02.19-11.46.20:120][  0]LogConfig: Applying CVar settings from Section [Startup] File [../../../Engine/Config/ConsoleVariables.ini]
[2019.02.19-11.46.20:120][  0]LogConfig: Setting CVar [[net.UseAdaptiveNetUpdateFrequency:0]]
[2019.02.19-11.46.20:121][  0]LogConfig: Applying CVar settings from Section [ConsoleVariables] File [C:/Users/gosus/Documents/CP-School/SeniorProject/gitRepos/Senior-Project-CPP-Testground/HSPGame/Saved/Config/Windows/Engine.ini]
[2019.02.19-11.46.20:121][  0]LogInit: Computer: UNIT-01
[2019.02.19-11.46.20:121][  0]LogInit: User: gosus
[2019.02.19-11.46.20:121][  0]LogInit: CPU Page size=4096, Cores=4
[2019.02.19-11.46.20:121][  0]LogInit: High frequency timer resolution =10.000000 MHz
[2019.02.19-11.46.20:121][  0]LogMemory: Memory total: Physical=32.0GB (32GB approx)
[2019.02.19-11.46.20:121][  0]LogMemory: Platform Memory Stats for Windows
[2019.02.19-11.46.20:121][  0]LogMemory: Process Physical Memory: 103.41 MB used, 103.41 MB peak
[2019.02.19-11.46.20:121][  0]LogMemory: Process Virtual Memory: 90.43 MB used, 90.43 MB peak
[2019.02.19-11.46.20:121][  0]LogMemory: Physical Memory: 13427.66 MB used,  19295.87 MB free, 32723.53 MB total
[2019.02.19-11.46.20:121][  0]LogMemory: Virtual Memory: 4648.41 MB used,  134213080.00 MB free, 134217728.00 MB total
[2019.02.19-11.46.20:234][  0]LogInit: Using OS detected language (en-US).
[2019.02.19-11.46.20:234][  0]LogInit: Using OS detected locale (en-US).
[2019.02.19-11.46.20:234][  0]LogTextLocalizationManager: No specific localization for 'en-US' exists, so the 'en' localization will be used.
[2019.02.19-11.46.20:526][  0]LogStreaming: Display: Took  0.292s to InitEngineTextLocalization.
[2019.02.19-11.46.20:526][  0]LogInit: Setting process to per monitor DPI aware
[2019.02.19-11.46.20:579][  0]LogSlate: New Slate User Created.  User Index 0, Is Virtual User: 0
[2019.02.19-11.46.20:579][  0]LogSlate: Slate User Registered.  User Index 0, Is Virtual User: 0
[2019.02.19-11.46.20:742][  0]LogHMD: Failed to initialize OpenVR with code 110
[2019.02.19-11.46.20:742][  0]LogD3D11RHI: D3D11 adapters:
[2019.02.19-11.46.20:886][  0]LogD3D11RHI:    0. 'NVIDIA GeForce RTX 2080' (Feature Level 11_0)
[2019.02.19-11.46.20:886][  0]LogD3D11RHI:       8010/0/16361 MB DedicatedVideo/DedicatedSystem/SharedSystem, Outputs:2, VendorId:0x10de
[2019.02.19-11.46.20:890][  0]LogD3D11RHI:    1. 'Microsoft Basic Render Driver' (Feature Level 11_0)
[2019.02.19-11.46.20:890][  0]LogD3D11RHI:       0/0/16361 MB DedicatedVideo/DedicatedSystem/SharedSystem, Outputs:0, VendorId:0x1414
[2019.02.19-11.46.20:890][  0]LogD3D11RHI: Chosen D3D11 Adapter: 0
[2019.02.19-11.46.20:897][  0]LogD3D11RHI: Creating new Direct3DDevice
[2019.02.19-11.46.20:898][  0]LogD3D11RHI:     GPU DeviceId: 0x1e87 (for the marketing name, search the web for "GPU Device Id")
[2019.02.19-11.46.20:898][  0]LogWindows: EnumDisplayDevices:
[2019.02.19-11.46.20:898][  0]LogWindows:    0. 'NVIDIA GeForce RTX 2080' (P:1 D:1)
[2019.02.19-11.46.20:898][  0]LogWindows:    1. 'NVIDIA GeForce RTX 2080' (P:0 D:1)
[2019.02.19-11.46.20:898][  0]LogWindows:    2. 'NVIDIA GeForce RTX 2080' (P:0 D:0)
[2019.02.19-11.46.20:898][  0]LogWindows:    3. 'NVIDIA GeForce RTX 2080' (P:0 D:0)
[2019.02.19-11.46.20:899][  0]LogWindows: DebugString: FoundDriverCount:4 
[2019.02.19-11.46.20:899][  0]LogD3D11RHI:     Adapter Name: NVIDIA GeForce RTX 2080
[2019.02.19-11.46.20:899][  0]LogD3D11RHI:   Driver Version: 418.91 (internal:25.21.14.1891, unified:418.91)
[2019.02.19-11.46.20:899][  0]LogD3D11RHI:      Driver Date: 2-6-2019
[2019.02.19-11.46.20:899][  0]LogRHI: Texture pool is 5607 MB (70% of 8010 MB)
[2019.02.19-11.46.20:937][  0]LogD3D11RHI: Async texture creation enabled
[2019.02.19-11.46.20:947][  0]LogD3D11RHI: GPU Timing Frequency: 1000.000000 (Debug: 2 1)
[2019.02.19-11.46.21:328][  0]LogTemp: Display: Loaded TP AllDesktopTargetPlatform
[2019.02.19-11.46.21:341][  0]LogTemp: Display: Loaded TP MacClientTargetPlatform
[2019.02.19-11.46.21:354][  0]LogTemp: Display: Loaded TP MacNoEditorTargetPlatform
[2019.02.19-11.46.21:366][  0]LogTemp: Display: Loaded TP MacServerTargetPlatform
[2019.02.19-11.46.21:382][  0]LogTemp: Display: Loaded TP MacTargetPlatform
[2019.02.19-11.46.21:395][  0]LogTemp: Display: Loaded TP WindowsClientTargetPlatform
[2019.02.19-11.46.21:408][  0]LogTemp: Display: Loaded TP WindowsNoEditorTargetPlatform
[2019.02.19-11.46.21:422][  0]LogTemp: Display: Loaded TP WindowsServerTargetPlatform
[2019.02.19-11.46.21:430][  0]LogTemp: Display: Loaded TP WindowsTargetPlatform
[2019.02.19-11.46.21:496][  0]LogTemp: Display: Loaded TP AndroidTargetPlatform
[2019.02.19-11.46.21:496][  0]LogTemp: Display: Loaded TP AndroidTargetPlatform
[2019.02.19-11.46.21:496][  0]LogTemp: Display: Loaded TP AndroidTargetPlatform
[2019.02.19-11.46.21:497][  0]LogTemp: Display: Loaded TP AndroidTargetPlatform
[2019.02.19-11.46.21:497][  0]LogTemp: Display: Loaded TP AndroidTargetPlatform
[2019.02.19-11.46.21:497][  0]LogTemp: Display: Loaded TP AndroidTargetPlatform
[2019.02.19-11.46.21:497][  0]LogTemp: Display: Loaded TP AndroidTargetPlatform
[2019.02.19-11.46.21:497][  0]LogTemp: Display: Loaded TP AndroidTargetPlatform
[2019.02.19-11.46.21:497][  0]LogTemp: Display: Loaded TP AndroidTargetPlatform
[2019.02.19-11.46.21:497][  0]LogTemp: Display: Loaded TP AndroidTargetPlatform
[2019.02.19-11.46.21:497][  0]LogTemp: Display: Loaded TP AndroidTargetPlatform
[2019.02.19-11.46.21:497][  0]LogTemp: Display: Loaded TP AndroidTargetPlatform
[2019.02.19-11.46.21:497][  0]LogTemp: Display: Loaded TP AndroidTargetPlatform
[2019.02.19-11.46.21:497][  0]LogTemp: Display: Loaded TP AndroidTargetPlatform
[2019.02.19-11.46.21:497][  0]LogTemp: Display: Loaded TP AndroidTargetPlatform
[2019.02.19-11.46.21:497][  0]LogTemp: Display: Loaded TP AndroidTargetPlatform
[2019.02.19-11.46.21:497][  0]LogTemp: Display: Loaded TP AndroidTargetPlatform
[2019.02.19-11.46.21:497][  0]LogTemp: Display: Loaded TP AndroidTargetPlatform
[2019.02.19-11.46.21:501][  0]LogTemp: Display: Loaded TP HTML5TargetPlatform
[2019.02.19-11.46.21:566][  0]LogTemp: Display: Loaded TP IOSTargetPlatform
[2019.02.19-11.46.21:566][  0]LogTemp: Display: Loaded TP IOSTargetPlatform
[2019.02.19-11.46.21:588][  0]LogTemp: Display: Loaded TP TVOSTargetPlatform
[2019.02.19-11.46.21:588][  0]LogTemp: Display: Loaded TP TVOSTargetPlatform
[2019.02.19-11.46.21:600][  0]LogTemp: Display: Loaded TP LinuxClientTargetPlatform
[2019.02.19-11.46.21:611][  0]LogTemp: Display: Loaded TP LinuxNoEditorTargetPlatform
[2019.02.19-11.46.21:622][  0]LogTemp: Display: Loaded TP LinuxServerTargetPlatform
[2019.02.19-11.46.21:634][  0]LogTemp: Display: Loaded TP LinuxTargetPlatform
[2019.02.19-11.46.21:671][  0]LogTemp: Display: Loaded TP LuminTargetPlatform
[2019.02.19-11.46.21:671][  0]LogTemp: Display: Loaded TP LuminTargetPlatform
[2019.02.19-11.46.21:671][  0]LogTargetPlatformManager: Display: Building Assets For Windows
[2019.02.19-11.46.21:782][  0]LogShaderCompilers: Guid format shader working directory is -50 characters bigger than the processId version (C:/Users/gosus/Documents/CP-School/SeniorProject/gitRepos/Senior-Project-CPP-Testground/HSPGame/Intermediate/Shaders/WorkingDirectory/10536/).
[2019.02.19-11.46.21:782][  0]LogShaderCompilers: Cleaned the shader compiler working directory 'C:/Users/gosus/AppData/Local/Temp/UnrealShaderWorkingDir/CC6377F54E8B2F04BDA78AB19F24BA8F/'.
[2019.02.19-11.46.21:783][  0]LogXGEController: Cannot use XGE Controller as Incredibuild is not installed on this machine.
[2019.02.19-11.46.21:783][  0]LogShaderCompilers: Cannot use XGE Shader Compiler as Incredibuild is not installed on this machine.
[2019.02.19-11.46.21:783][  0]LogShaderCompilers: Display: Using Local Shader Compiler.
[2019.02.19-11.46.22:215][  0]LogDerivedDataCache: Display: Max Cache Size: 512 MB
[2019.02.19-11.46.22:254][  0]LogDerivedDataCache: Loaded boot cache 0.04s 71MB C:/Users/gosus/AppData/Local/UnrealEngine/4.21/DerivedDataCache/Boot.ddc.
[2019.02.19-11.46.22:254][  0]LogDerivedDataCache: Display: Loaded Boot cache: C:/Users/gosus/AppData/Local/UnrealEngine/4.21/DerivedDataCache/Boot.ddc
[2019.02.19-11.46.22:254][  0]LogDerivedDataCache: FDerivedDataBackendGraph:  Pak pak cache file C:/Users/gosus/Documents/CP-School/SeniorProject/gitRepos/Senior-Project-CPP-Testground/HSPGame/DerivedDataCache/DDC.ddp not found, will not use a pak cache.
[2019.02.19-11.46.22:254][  0]LogDerivedDataCache: Unable to find inner node Pak for hierarchical cache Hierarchy.
[2019.02.19-11.46.22:254][  0]LogDerivedDataCache: FDerivedDataBackendGraph:  CompressedPak pak cache file C:/Users/gosus/Documents/CP-School/SeniorProject/gitRepos/Senior-Project-CPP-Testground/HSPGame/DerivedDataCache/Compressed.ddp not found, will not use a pak cache.
[2019.02.19-11.46.22:254][  0]LogDerivedDataCache: Unable to find inner node CompressedPak for hierarchical cache Hierarchy.
[2019.02.19-11.46.22:264][  0]LogDerivedDataCache: Display: Pak cache opened for reading ../../../Engine/DerivedDataCache/Compressed.ddp.
[2019.02.19-11.46.22:265][  0]LogDerivedDataCache: FDerivedDataBackendGraph:  EnterprisePak pak cache file ../../../Enterprise/DerivedDataCache/Compressed.ddp not found, will not use a pak cache.
[2019.02.19-11.46.22:265][  0]LogDerivedDataCache: Unable to find inner node EnterprisePak for hierarchical cache Hierarchy.
[2019.02.19-11.46.22:277][  0]LogDerivedDataCache: Using Local data cache path C:/Users/gosus/AppData/Local/UnrealEngine/Common/DerivedDataCache: Writable
[2019.02.19-11.46.22:277][  0]LogDerivedDataCache: Shared data cache path not found in *engine.ini, will not use an Shared cache.
[2019.02.19-11.46.22:277][  0]LogDerivedDataCache: Unable to find inner node Shared for hierarchical cache Hierarchy.
[2019.02.19-11.46.22:295][  0]LogMaterial: Verifying Global Shaders for PCD3D_SM5
[2019.02.19-11.46.22:297][  0]LogSlate: Using FreeType 2.6.0
[2019.02.19-11.46.22:297][  0]LogSlate: SlateFontServices - WITH_FREETYPE: 1, WITH_HARFBUZZ: 1
[2019.02.19-11.46.22:368][  0]LogAssetRegistry: FAssetRegistry took 0.0329 seconds to start up
[2019.02.19-11.46.22:628][  0]LogInit: Selected Device Profile: [Windows]
[2019.02.19-11.46.22:778][  0]LogSimplygon: Simplygon DLL not present - disabling.
[2019.02.19-11.46.22:790][  0]LogMeshReduction: Using SimplygonSwarm for distributed automatic mesh merging
[2019.02.19-11.46.22:790][  0]LogMeshReduction: Using ProxyLODMeshReduction for automatic mesh merging
[2019.02.19-11.46.22:790][  0]LogMeshReduction: Using QuadricMeshReduction for automatic static mesh reduction
[2019.02.19-11.46.22:791][  0]LogMeshReduction: No automatic skeletal mesh reduction module available
[2019.02.19-11.46.22:800][  0]LogNetVersion: HSPGame 1.0.0, NetCL: 4541578, EngineNetVer: 5, GameNetVer: 0 (Checksum: 2893343623)
[2019.02.19-11.46.23:223][  0]LogPackageLocalizationCache: Processed 11 localized package path(s) for 2 prioritized culture(s) in 0.099038 seconds
[2019.02.19-11.46.23:228][  0]LogUObjectArray: 39775 objects as part of root set at end of initial load.
[2019.02.19-11.46.23:228][  0]LogUObjectAllocator: 6914664 out of 0 bytes used by permanent object pool.
[2019.02.19-11.46.23:228][  0]LogUObjectArray: CloseDisregardForGC: 0/0 objects in disregard for GC pool
[2019.02.19-11.46.24:028][  0]LogTcpMessaging: Initializing TcpMessaging bridge
[2019.02.19-11.46.24:045][  0]LogUdpMessaging: Initializing bridge on interface 0.0.0.0:0 to multicast group 230.0.0.1:6666.
[2019.02.19-11.46.24:640][  0]SourceControl: Source control is disabled
[2019.02.19-11.46.24:640][  0]SourceControl: Source control is disabled
[2019.02.19-11.46.24:649][  0]SourceControl: Source control is disabled
[2019.02.19-11.46.24:653][  0]SourceControl: Source control is disabled
[2019.02.19-11.46.24:935][  0]LogAndroidPermission: UAndroidPermissionCallbackProxy::GetInstance
[2019.02.19-11.46.25:149][  0]LogOcInput: OculusInput pre-init called
[2019.02.19-11.46.25:295][  0]LogEngine: Initializing Engine...
[2019.02.19-11.46.25:295][  0]LogHMD: Failed to initialize OpenVR with code 110
[2019.02.19-11.46.25:296][  0]LogStats: UGameplayTagsManager::ConstructGameplayTagTree: ImportINI prefixes -  0.000 s
[2019.02.19-11.46.25:296][  0]LogStats: UGameplayTagsManager::ConstructGameplayTagTree: Construct from data asset -  0.000 s
[2019.02.19-11.46.25:297][  0]LogStats: UGameplayTagsManager::ConstructGameplayTagTree: ImportINI -  0.000 s
[2019.02.19-11.46.25:297][  0]LogStats: UGameplayTagsManager::ConstructGameplayTagTree: GameplayTagTreeChangedEvent.Broadcast -  0.000 s
[2019.02.19-11.46.25:463][  0]LogInit: Initializing FReadOnlyCVARCache
[2019.02.19-11.46.25:478][  0]LogAIModule: Creating AISystem for world Untitled
[2019.02.19-11.46.25:550][  0]LogInit: XAudio2 using 'Headphones (LE_WH-1000XM3 Stereo)' : 2 channels at 44.1 kHz using 16 bits per sample (channel mask 0x3)
[2019.02.19-11.46.25:573][  0]LogInit: FAudioDevice initialized.
[2019.02.19-11.46.25:574][  0]LogNetVersion: Set ProjectVersion to 1.0.0.0. Version Checksum will be recalculated on next use.
[2019.02.19-11.46.25:612][  0]LogDerivedDataCache: Saved boot cache 0.04s 71MB C:/Users/gosus/AppData/Local/UnrealEngine/4.21/DerivedDataCache/Boot.ddc.
[2019.02.19-11.46.25:615][  0]LogInit: Texture streaming: Enabled
[2019.02.19-11.46.25:642][  0]LogEngineSessionManager: EngineSessionManager initialized
[2019.02.19-11.46.25:642][  0]LogEngineSessionManager: EngineSessionManager sent abnormal shutdown report. Type=Debugger, SessionId={5CD8849A-46D3-5353-3A79-8A86BC2FC1C4}
[2019.02.19-11.46.25:642][  0]LogEngineSessionManager: EngineSessionManager sent abnormal shutdown report. Type=Debugger, SessionId={218B8FAC-4904-E3EB-1FEC-EEBA7379E16A}
[2019.02.19-11.46.25:652][  0]LogInit: Transaction tracking system initialized
[2019.02.19-11.46.25:689][  0]BlueprintLog: New page: Editor Load
[2019.02.19-11.46.25:820][  0]LocalizationService: Localization service is disabled
[2019.02.19-11.46.26:279][  0]LogFileCache: Scanning file cache for directory 'C:/Users/gosus/Documents/CP-School/SeniorProject/gitRepos/Senior-Project-CPP-Testground/HSPGame/Content/' took 0.02s
[2019.02.19-11.46.26:279][  0]LogCook: Display: Max memory allowance for cook 16384mb min free memory 0mb
[2019.02.19-11.46.26:279][  0]LogCook: Display: Mobile HDR setting 1
[2019.02.19-11.46.26:279][  0]LogGameplayTags: Display: UGameplayTagsManager::DoneAddingNativeTags. DelegateIsBound: 0
[2019.02.19-11.46.26:280][  0]LogStats: UGameplayTagsManager::ConstructGameplayTagTree: ImportINI prefixes -  0.000 s
[2019.02.19-11.46.26:280][  0]LogStats: UGameplayTagsManager::ConstructGameplayTagTree: Construct from data asset -  0.000 s
[2019.02.19-11.46.26:280][  0]LogStats: UGameplayTagsManager::ConstructGameplayTagTree: ImportINI -  0.000 s
[2019.02.19-11.46.26:280][  0]LogStats: UGameplayTagsManager::ConstructGameplayTagTree: GameplayTagTreeChangedEvent.Broadcast -  0.000 s
[2019.02.19-11.46.26:483][  0]SourceControl: Source control is disabled
[2019.02.19-11.46.26:483][  0]LightingResults: New page: Lighting Build
[2019.02.19-11.46.26:485][  0]MapCheck: New page: Map Check
[2019.02.19-11.46.26:485][  0]LightingResults: New page: Lighting Build
[2019.02.19-11.46.26:920][  0]LogMaterial: Display: Missing cached shader map for material DefaultMaterial, compiling. 
[2019.02.19-11.46.26:956][  0]LogAIModule: Creating AISystem for world Minimal_Default
[2019.02.19-11.46.27:045][  0]LogShaderCompilers: Display: Shaders left to compile 22
[2019.02.19-11.46.27:045][  0]LogShaderCompilers: Display: Shaders left to compile 12
[2019.02.19-11.46.27:046][  0]LogShaderCompilers: Display: Shaders left to compile 2
[2019.02.19-11.46.27:046][  0]LogEditorServer: Finished looking for orphan Actors (0.000 secs)
[2019.02.19-11.46.27:075][  0]Cmd: MAP CHECKDEP NOCLEARLOG
[2019.02.19-11.46.27:076][  0]MapCheck: Map check complete: 0 Error(s), 0 Warning(s), took 0.119ms to complete.
[2019.02.19-11.46.27:076][  0]LogFileHelpers: Loading map 'Minimal_Default' took 0.592
[2019.02.19-11.46.27:190][  0]LogSlate: Updating window title bar state: overlay mode, drag disabled, window buttons hidden, title bar hidden
[2019.02.19-11.46.27:200][  0]LogSlate: Updating window title bar state: overlay mode, drag disabled, window buttons hidden, title bar hidden
[2019.02.19-11.46.27:210][  0]LogSlate: Updating window title bar state: overlay mode, drag disabled, window buttons hidden, title bar hidden
[2019.02.19-11.46.27:220][  0]LogSlate: Updating window title bar state: overlay mode, drag disabled, window buttons hidden, title bar hidden
[2019.02.19-11.46.27:231][  0]LogCollectionManager: Loaded 0 collections in 0.001635 seconds
[2019.02.19-11.46.27:263][  0]LogFileCache: Scanning file cache for directory 'C:/Users/gosus/Documents/CP-School/SeniorProject/gitRepos/Senior-Project-CPP-Testground/HSPGame/Saved/Collections/' took 0.01s
[2019.02.19-11.46.27:263][  0]LogFileCache: Scanning file cache for directory 'C:/Users/gosus/Documents/CP-School/SeniorProject/gitRepos/Senior-Project-CPP-Testground/HSPGame/Content/Developers/gosus/Collections/' took 0.00s
[2019.02.19-11.46.27:263][  0]LogFileCache: Scanning file cache for directory 'C:/Users/gosus/Documents/CP-School/SeniorProject/gitRepos/Senior-Project-CPP-Testground/HSPGame/Content/Collections/' took 0.01s
[2019.02.19-11.46.27:263][  0]LogCollectionManager: Rebuilt the GUID cache for 0 collections in 0.000000 seconds
[2019.02.19-11.46.27:278][  0]LogContentBrowser: Native class hierarchy populated in 0.0146 seconds. Added 2656 classes and 622 folders.
[2019.02.19-11.46.27:287][  0]LogContentBrowser: Native class hierarchy updated for 'WidgetCarousel' in 0.0004 seconds. Added 0 classes and 0 folders.
[2019.02.19-11.46.27:289][  0]LogPakFile: Registered encryption key '00000000000000000000000000000000': 0 pak files mounted, 0 remain pending
[2019.02.19-11.46.27:290][  0]LogPakFile: Registered encryption key '00000000000000000000000000000000': 0 pak files mounted, 0 remain pending
[2019.02.19-11.46.27:290][  0]LogPakFile: Registered encryption key '00000000000000000000000000000000': 0 pak files mounted, 0 remain pending
[2019.02.19-11.46.27:291][  0]LogPakFile: Registered encryption key '00000000000000000000000000000000': 0 pak files mounted, 0 remain pending
[2019.02.19-11.46.27:292][  0]LogPakFile: Registered encryption key '00000000000000000000000000000000': 0 pak files mounted, 0 remain pending
[2019.02.19-11.46.27:292][  0]LogPakFile: Registered encryption key '00000000000000000000000000000000': 0 pak files mounted, 0 remain pending
[2019.02.19-11.46.27:293][  0]LogPakFile: Registered encryption key '00000000000000000000000000000000': 0 pak files mounted, 0 remain pending
[2019.02.19-11.46.27:293][  0]LogPakFile: Registered encryption key '00000000000000000000000000000000': 0 pak files mounted, 0 remain pending
[2019.02.19-11.46.27:293][  0]LogPakFile: Registered encryption key '00000000000000000000000000000000': 0 pak files mounted, 0 remain pending
[2019.02.19-11.46.27:294][  0]LogPakFile: Registered encryption key '00000000000000000000000000000000': 0 pak files mounted, 0 remain pending
[2019.02.19-11.46.27:294][  0]LogPakFile: Registered encryption key '00000000000000000000000000000000': 0 pak files mounted, 0 remain pending
[2019.02.19-11.46.27:295][  0]LogPakFile: Registered encryption key '00000000000000000000000000000000': 0 pak files mounted, 0 remain pending
[2019.02.19-11.46.27:296][  0]LogPakFile: Registered encryption key '00000000000000000000000000000000': 0 pak files mounted, 0 remain pending
[2019.02.19-11.46.27:296][  0]LogPakFile: Registered encryption key '00000000000000000000000000000000': 0 pak files mounted, 0 remain pending
[2019.02.19-11.46.27:297][  0]LogPakFile: Registered encryption key '00000000000000000000000000000000': 0 pak files mounted, 0 remain pending
[2019.02.19-11.46.27:298][  0]LogPakFile: Registered encryption key '00000000000000000000000000000000': 0 pak files mounted, 0 remain pending
[2019.02.19-11.46.27:298][  0]LogPakFile: Registered encryption key '00000000000000000000000000000000': 0 pak files mounted, 0 remain pending
[2019.02.19-11.46.27:299][  0]LogPakFile: Registered encryption key '00000000000000000000000000000000': 0 pak files mounted, 0 remain pending
[2019.02.19-11.46.27:300][  0]LogPakFile: Registered encryption key '00000000000000000000000000000000': 0 pak files mounted, 0 remain pending
[2019.02.19-11.46.27:300][  0]LogPakFile: Registered encryption key '00000000000000000000000000000000': 0 pak files mounted, 0 remain pending
[2019.02.19-11.46.27:301][  0]LogPakFile: Registered encryption key '00000000000000000000000000000000': 0 pak files mounted, 0 remain pending
[2019.02.19-11.46.27:302][  0]LogPakFile: Registered encryption key '00000000000000000000000000000000': 0 pak files mounted, 0 remain pending
[2019.02.19-11.46.27:302][  0]LogPakFile: Registered encryption key '00000000000000000000000000000000': 0 pak files mounted, 0 remain pending
[2019.02.19-11.46.27:303][  0]LogPakFile: Registered encryption key '00000000000000000000000000000000': 0 pak files mounted, 0 remain pending
[2019.02.19-11.46.27:304][  0]LogPakFile: Registered encryption key '00000000000000000000000000000000': 0 pak files mounted, 0 remain pending
[2019.02.19-11.46.27:304][  0]LogPakFile: Registered encryption key '00000000000000000000000000000000': 0 pak files mounted, 0 remain pending
[2019.02.19-11.46.27:329][  0]LogContentBrowser: Native class hierarchy updated for 'AddContentDialog' in 0.0003 seconds. Added 0 classes and 0 folders.
[2019.02.19-11.46.27:340][  0]LogContentBrowser: Native class hierarchy updated for 'SceneOutliner' in 0.0005 seconds. Added 1 classes and 2 folders.
[2019.02.19-11.46.27:369][  0]LogSlate: Took 0.000148 seconds to synchronously load lazily loaded font '../../../Engine/Content/Slate/Fonts/Roboto-Regular.ttf' (155K)
[2019.02.19-11.46.27:371][  0]LogSlate: Took 0.000159 seconds to synchronously load lazily loaded font '../../../Engine/Content/Slate/Fonts/Roboto-Bold.ttf' (160K)
[2019.02.19-11.46.27:378][  0]LogSlate: Took 0.000202 seconds to synchronously load lazily loaded font '../../../Engine/Content/Editor/Slate/Fonts/FontAwesome.ttf' (139K)
[2019.02.19-11.46.27:470][  0]LogRenderer: Reallocating scene render targets to support 1776x796 Format 10 NumSamples 1 (Frame:1).
[2019.02.19-11.46.27:608][  0]LogContentBrowser: Native class hierarchy updated for 'HierarchicalLODOutliner' in 0.0004 seconds. Added 0 classes and 0 folders.
[2019.02.19-11.46.27:608][  0]LogLoad: (Engine Initialization) Total time: 9.03 seconds
[2019.02.19-11.46.27:608][  0]LogLoad: (Engine Initialization) Total Blueprint compile time: 0.00 seconds
[2019.02.19-11.46.27:663][  0]LogContentStreaming: Texture pool size now 1000 MB
[2019.02.19-11.46.27:813][  2]LogAssetRegistry: Asset discovery search completed in 5.4689 seconds
[2019.02.19-11.46.27:815][  2]LogCollectionManager: Rebuilt the object cache for 0 collections in 0.000000 seconds (found 0 objects)
[2019.02.19-11.46.27:815][  2]LogCollectionManager: Fixed up redirectors for 0 collections in 0.000143 seconds (updated 0 objects)
[2019.02.19-11.46.29:401][188]LogSlate: FSceneViewport::OnFocusLost() reason 0
[2019.02.19-11.46.29:466][196]LogSlate: Window 'Message Log' being destroyed
[2019.02.19-11.46.29:471][196]LogSlate: Window 'Message Log' being destroyed
[2019.02.19-11.46.35:669][938]LogSlate: FSceneViewport::OnFocusLost() reason 0
[2019.02.19-11.46.54:384][166]LogMaterial: Display: Missing cached shader map for material mirrorHLitSpriteMat, compiling. 
[2019.02.19-11.46.54:425][167]LogShaderCompilers: Display: Shaders left to compile 45
[2019.02.19-11.46.54:425][167]LogShaderCompilers: Display: Shaders left to compile 35
[2019.02.19-11.46.54:425][167]LogShaderCompilers: Display: Shaders left to compile 25
[2019.02.19-11.46.54:425][167]LogShaderCompilers: Display: Shaders left to compile 15
[2019.02.19-11.46.56:251][383]LogShaderCompilers: Display: Shaders left to compile 5
[2019.02.19-11.47.09:189][925]LogSlate: Took 0.000101 seconds to synchronously load lazily loaded font '../../../Engine/Content/Slate/Fonts/Roboto-Light.ttf' (167K)
[2019.02.19-11.47.09:242][925]LogSavePackage: Moving 'C:/Users/gosus/Documents/CP-School/SeniorProject/gitRepos/Senior-Project-CPP-Testground/HSPGame/Saved/mirrorHLitSpriteMatBB369E4648F5664DCD0B74935BC3CDA2.tmp' to 'C:/Users/gosus/Documents/CP-School/SeniorProject/gitRepos/Senior-Project-CPP-Testground/HSPGame/Content/Materials/mirrorHLitSpriteMat.uasset'
[2019.02.19-11.47.11:150][133]LogAssetEditorManager: Opening Asset editor for Material /Game/Materials/mirrorHLitSpriteMat.mirrorHLitSpriteMat
[2019.02.19-11.47.11:153][133]LogMaterial: Display: Missing cached shader map for material mirrorHLitSpriteMat, compiling. 
[2019.02.19-11.47.11:344][133]LogMaterial: Display: Missing cached shader map for material mirrorHLitSpriteMat, compiling. 
[2019.02.19-11.47.11:361][133]LogMaterial: Display: Missing cached shader map for material mirrorHLitSpriteMat, compiling. 
[2019.02.19-11.47.11:378][133]LogShaderCompilers: Display: Shaders left to compile 44
[2019.02.19-11.47.11:378][133]LogShaderCompilers: Display: Shaders left to compile 43
[2019.02.19-11.47.11:378][133]LogShaderCompilers: Display: Shaders left to compile 42
[2019.02.19-11.47.11:378][133]LogShaderCompilers: Display: Shaders left to compile 41
[2019.02.19-11.47.11:405][133]LogMaterial: Display: Missing cached shader map for material FMatExpressionPreview MaterialExpressionSpriteTextureSampler_6, compiling. 
[2019.02.19-11.47.11:410][133]LogMaterial: Display: Missing cached shader map for material FMatExpressionPreview MaterialExpressionSpriteTextureSampler_5, compiling. 
[2019.02.19-11.47.11:461][133]LogSlate: Took 0.000143 seconds to synchronously load lazily loaded font '../../../Engine/Content/Slate/Fonts/Roboto-BoldCondensed.ttf' (158K)
[2019.02.19-11.47.11:612][133]LogShaderCompilers: Display: Shaders left to compile 44
[2019.02.19-11.47.11:612][133]LogShaderCompilers: Display: Shaders left to compile 43
[2019.02.19-11.47.11:612][133]LogShaderCompilers: Display: Shaders left to compile 42
[2019.02.19-11.47.11:612][133]LogShaderCompilers: Display: Shaders left to compile 41
[2019.02.19-11.47.11:618][134]LogSlate: Took 0.000151 seconds to synchronously load lazily loaded font '../../../Engine/Content/Slate/Fonts/Roboto-Italic.ttf' (157K)
[2019.02.19-11.47.11:652][135]LogShaderCompilers: Display: Shaders left to compile 40
[2019.02.19-11.47.11:722][140]LogShaderCompilers: Display: Shaders left to compile 39
[2019.02.19-11.47.11:758][143]LogShaderCompilers: Display: Shaders left to compile 38
[2019.02.19-11.47.11:823][148]LogShaderCompilers: Display: Shaders left to compile 37
[2019.02.19-11.47.11:885][153]LogShaderCompilers: Display: Shaders left to compile 36
[2019.02.19-11.47.11:909][155]LogShaderCompilers: Display: Shaders left to compile 35
[2019.02.19-11.47.11:944][158]LogShaderCompilers: Display: Shaders left to compile 34
[2019.02.19-11.47.12:038][165]LogShaderCompilers: Display: Shaders left to compile 33
[2019.02.19-11.47.12:089][169]LogShaderCompilers: Display: Shaders left to compile 32
[2019.02.19-11.47.12:089][169]LogShaderCompilers: Display: Shaders left to compile 31
[2019.02.19-11.47.12:124][172]LogShaderCompilers: Display: Shaders left to compile 30
[2019.02.19-11.47.12:239][181]LogShaderCompilers: Display: Shaders left to compile 29
[2019.02.19-11.47.12:253][182]LogShaderCompilers: Display: Shaders left to compile 28
[2019.02.19-11.47.12:300][186]LogShaderCompilers: Display: Shaders left to compile 27
[2019.02.19-11.47.12:412][195]LogShaderCompilers: Display: Shaders left to compile 26
[2019.02.19-11.47.12:424][196]LogShaderCompilers: Display: Shaders left to compile 25
[2019.02.19-11.47.12:505][203]LogShaderCompilers: Display: Shaders left to compile 24
[2019.02.19-11.47.12:585][210]LogShaderCompilers: Display: Shaders left to compile 23
[2019.02.19-11.47.12:585][210]LogShaderCompilers: Display: Shaders left to compile 22
[2019.02.19-11.47.12:586][210]LogShaderCompilers: Display: Shaders left to compile 21
[2019.02.19-11.47.12:655][217]LogShaderCompilers: Display: Shaders left to compile 20
[2019.02.19-11.47.12:717][222]LogShaderCompilers: Display: Shaders left to compile 19
[2019.02.19-11.47.12:728][223]LogShaderCompilers: Display: Shaders left to compile 18
[2019.02.19-11.47.12:765][226]LogShaderCompilers: Display: Shaders left to compile 17
[2019.02.19-11.47.12:805][230]LogShaderCompilers: Display: Shaders left to compile 16
[2019.02.19-11.47.12:963][244]LogShaderCompilers: Display: Shaders left to compile 15
[2019.02.19-11.47.13:071][253]LogShaderCompilers: Display: Shaders left to compile 14
[2019.02.19-11.47.13:129][258]LogShaderCompilers: Display: Shaders left to compile 13
[2019.02.19-11.47.13:172][262]LogShaderCompilers: Display: Shaders left to compile 12
[2019.02.19-11.47.13:269][272]LogShaderCompilers: Display: Shaders left to compile 11
[2019.02.19-11.47.13:322][277]LogShaderCompilers: Display: Shaders left to compile 10
[2019.02.19-11.47.13:475][292]LogShaderCompilers: Display: Shaders left to compile 9
[2019.02.19-11.47.13:487][293]LogShaderCompilers: Display: Shaders left to compile 8
[2019.02.19-11.47.13:562][300]LogShaderCompilers: Display: Shaders left to compile 7
[2019.02.19-11.47.13:648][308]LogShaderCompilers: Display: Shaders left to compile 6
[2019.02.19-11.47.13:683][311]LogShaderCompilers: Display: Shaders left to compile 5
[2019.02.19-11.47.13:811][322]LogShaderCompilers: Display: Shaders left to compile 4
[2019.02.19-11.47.13:823][323]LogShaderCompilers: Display: Shaders left to compile 3
[2019.02.19-11.47.13:963][335]LogShaderCompilers: Display: Shaders left to compile 2
[2019.02.19-11.47.14:034][341]LogShaderCompilers: Display: Shaders left to compile 1
[2019.02.19-11.47.14:061][343]MaterialEditorStats: Base pass shader: 121 instructions
[2019.02.19-11.47.14:061][343]MaterialEditorStats: Base pass shader with Volumetric Lightmap: 195 instructions
[2019.02.19-11.47.14:061][343]MaterialEditorStats: Base pass vertex shader: 43 instructions
[2019.02.19-11.47.14:061][343]MaterialEditorStats: Texture samplers: 5/16
[2019.02.19-11.47.14:061][343]MaterialEditorStats: Texture Lookups (Est.): VS(0), PS(2)
[2019.02.19-11.47.14:061][343]MaterialEditorStats: User interpolators: 2/4 Scalars (1/4 Vectors) (TexCoords: 2, Custom: 0)
[2019.02.19-11.48.43:728][101]LogMaterial: Display: Missing cached shader map for material mirrorHLitSpriteMat, compiling. 
[2019.02.19-11.48.43:766][102]LogShaderCompilers: Display: Shaders left to compile 44
[2019.02.19-11.48.43:767][102]LogShaderCompilers: Display: Shaders left to compile 43
[2019.02.19-11.48.43:767][102]LogShaderCompilers: Display: Shaders left to compile 42
[2019.02.19-11.48.43:767][102]LogShaderCompilers: Display: Shaders left to compile 41
[2019.02.19-11.48.44:062][129]LogShaderCompilers: Display: Shaders left to compile 40
[2019.02.19-11.48.44:086][131]LogShaderCompilers: Display: Shaders left to compile 39
[2019.02.19-11.48.44:108][133]LogShaderCompilers: Display: Shaders left to compile 38
[2019.02.19-11.48.44:141][136]LogShaderCompilers: Display: Shaders left to compile 37
[2019.02.19-11.48.44:214][143]LogShaderCompilers: Display: Shaders left to compile 36
[2019.02.19-11.48.44:248][146]LogShaderCompilers: Display: Shaders left to compile 35
[2019.02.19-11.48.44:293][150]LogShaderCompilers: Display: Shaders left to compile 34
[2019.02.19-11.48.44:348][155]LogShaderCompilers: Display: Shaders left to compile 33
[2019.02.19-11.48.44:369][157]LogShaderCompilers: Display: Shaders left to compile 32
[2019.02.19-11.48.44:413][161]LogShaderCompilers: Display: Shaders left to compile 31
[2019.02.19-11.48.44:457][165]LogShaderCompilers: Display: Shaders left to compile 30
[2019.02.19-11.48.44:518][171]LogShaderCompilers: Display: Shaders left to compile 29
[2019.02.19-11.48.44:528][172]LogShaderCompilers: Display: Shaders left to compile 28
[2019.02.19-11.48.44:562][175]LogShaderCompilers: Display: Shaders left to compile 27
[2019.02.19-11.48.44:621][181]LogShaderCompilers: Display: Shaders left to compile 26
[2019.02.19-11.48.44:684][187]LogShaderCompilers: Display: Shaders left to compile 25
[2019.02.19-11.48.44:695][188]LogShaderCompilers: Display: Shaders left to compile 24
[2019.02.19-11.48.44:737][192]LogShaderCompilers: Display: Shaders left to compile 23
[2019.02.19-11.48.44:835][201]LogShaderCompilers: Display: Shaders left to compile 22
[2019.02.19-11.48.44:867][204]LogShaderCompilers: Display: Shaders left to compile 21
[2019.02.19-11.48.44:935][211]LogShaderCompilers: Display: Shaders left to compile 20
[2019.02.19-11.48.45:065][223]LogShaderCompilers: Display: Shaders left to compile 19
[2019.02.19-11.48.45:065][223]LogShaderCompilers: Display: Shaders left to compile 18
[2019.02.19-11.48.45:117][228]LogShaderCompilers: Display: Shaders left to compile 17
[2019.02.19-11.48.45:136][230]LogShaderCompilers: Display: Shaders left to compile 16
[2019.02.19-11.48.45:236][239]LogShaderCompilers: Display: Shaders left to compile 15
[2019.02.19-11.48.45:236][239]LogShaderCompilers: Display: Shaders left to compile 14
[2019.02.19-11.48.45:247][240]LogShaderCompilers: Display: Shaders left to compile 13
[2019.02.19-11.48.45:301][245]LogShaderCompilers: Display: Shaders left to compile 12
[2019.02.19-11.48.45:512][263]LogShaderCompilers: Display: Shaders left to compile 11
[2019.02.19-11.48.45:742][282]LogShaderCompilers: Display: Shaders left to compile 10
[2019.02.19-11.48.45:755][283]LogShaderCompilers: Display: Shaders left to compile 9
[2019.02.19-11.48.45:767][284]LogShaderCompilers: Display: Shaders left to compile 8
[2019.02.19-11.48.45:966][301]LogShaderCompilers: Display: Shaders left to compile 7
[2019.02.19-11.48.45:966][301]LogShaderCompilers: Display: Shaders left to compile 6
[2019.02.19-11.48.46:151][317]LogShaderCompilers: Display: Shaders left to compile 5
[2019.02.19-11.48.46:184][320]LogShaderCompilers: Display: Shaders left to compile 4
[2019.02.19-11.48.46:196][321]LogShaderCompilers: Display: Shaders left to compile 3
[2019.02.19-11.48.46:304][331]LogShaderCompilers: Display: Shaders left to compile 2
[2019.02.19-11.48.46:389][339]LogShaderCompilers: Display: Shaders left to compile 1
[2019.02.19-11.48.46:664][366]MaterialEditorStats: Base pass shader: 121 instructions
[2019.02.19-11.48.46:664][366]MaterialEditorStats: Base pass shader with Volumetric Lightmap: 195 instructions
[2019.02.19-11.48.46:664][366]MaterialEditorStats: Base pass vertex shader: 43 instructions
[2019.02.19-11.48.46:664][366]MaterialEditorStats: Texture samplers: 5/16
[2019.02.19-11.48.46:664][366]MaterialEditorStats: Texture Lookups (Est.): VS(0), PS(2)
[2019.02.19-11.48.46:664][366]MaterialEditorStats: User interpolators: 2/4 Scalars (1/4 Vectors) (TexCoords: 2, Custom: 0)
[2019.02.19-11.48.48:826][620]LogMaterial: Display: Missing cached shader map for material mirrorHLitSpriteMat, compiling. 
[2019.02.19-11.48.48:849][620]LogShaderCompilers: Display: Shaders left to compile 44
[2019.02.19-11.48.48:849][620]LogShaderCompilers: Display: Shaders left to compile 43
[2019.02.19-11.48.48:849][620]LogShaderCompilers: Display: Shaders left to compile 42
[2019.02.19-11.48.48:850][620]LogShaderCompilers: Display: Shaders left to compile 41
[2019.02.19-11.48.48:850][620]LogMaterial: Display: Missing cached shader map for material FMatExpressionPreview MaterialExpressionSpriteTextureSampler_5, compiling. 
[2019.02.19-11.48.49:008][629]LogShaderCompilers: Display: Shaders left to compile 42
[2019.02.19-11.48.49:033][631]LogShaderCompilers: Display: Shaders left to compile 41
[2019.02.19-11.48.49:067][634]LogShaderCompilers: Display: Shaders left to compile 40
[2019.02.19-11.48.49:102][637]LogShaderCompilers: Display: Shaders left to compile 39
[2019.02.19-11.48.49:148][641]LogShaderCompilers: Display: Shaders left to compile 38
[2019.02.19-11.48.49:199][644]LogShaderCompilers: Display: Shaders left to compile 37
[2019.02.19-11.48.49:237][648]LogShaderCompilers: Display: Shaders left to compile 36
[2019.02.19-11.48.49:292][653]LogShaderCompilers: Display: Shaders left to compile 35
[2019.02.19-11.48.49:305][654]LogShaderCompilers: Display: Shaders left to compile 34
[2019.02.19-11.48.49:364][659]LogShaderCompilers: Display: Shaders left to compile 33
[2019.02.19-11.48.49:398][662]LogShaderCompilers: Display: Shaders left to compile 32
[2019.02.19-11.48.49:446][666]LogShaderCompilers: Display: Shaders left to compile 31
[2019.02.19-11.48.49:457][667]LogShaderCompilers: Display: Shaders left to compile 30
[2019.02.19-11.48.49:527][673]LogShaderCompilers: Display: Shaders left to compile 29
[2019.02.19-11.48.49:565][676]LogShaderCompilers: Display: Shaders left to compile 28
[2019.02.19-11.48.49:602][680]LogShaderCompilers: Display: Shaders left to compile 27
[2019.02.19-11.48.49:625][682]LogShaderCompilers: Display: Shaders left to compile 26
[2019.02.19-11.48.49:672][686]LogShaderCompilers: Display: Shaders left to compile 25
[2019.02.19-11.48.49:738][691]LogShaderCompilers: Display: Shaders left to compile 24
[2019.02.19-11.48.49:771][694]LogShaderCompilers: Display: Shaders left to compile 23
[2019.02.19-11.48.49:833][700]LogShaderCompilers: Display: Shaders left to compile 22
[2019.02.19-11.48.49:883][705]LogShaderCompilers: Display: Shaders left to compile 21
[2019.02.19-11.48.49:915][708]LogShaderCompilers: Display: Shaders left to compile 20
[2019.02.19-11.48.49:981][714]LogShaderCompilers: Display: Shaders left to compile 19
[2019.02.19-11.48.49:992][715]LogShaderCompilers: Display: Shaders left to compile 18
[2019.02.19-11.48.50:027][718]LogShaderCompilers: Display: Shaders left to compile 17
[2019.02.19-11.48.50:077][723]LogShaderCompilers: Display: Shaders left to compile 16
[2019.02.19-11.48.50:111][726]LogShaderCompilers: Display: Shaders left to compile 15
[2019.02.19-11.48.50:134][728]LogShaderCompilers: Display: Shaders left to compile 14
[2019.02.19-11.48.50:316][745]LogShaderCompilers: Display: Shaders left to compile 13
[2019.02.19-11.48.50:358][749]LogShaderCompilers: Display: Shaders left to compile 12
[2019.02.19-11.48.50:391][752]LogMaterial: Display: Missing cached shader map for material mirrorHLitSpriteMat, compiling. 
[2019.02.19-11.48.50:417][752]LogShaderCompilers: Display: Shaders left to compile 46
[2019.02.19-11.48.50:420][752]LogMaterial: Display: Missing cached shader map for material FMatExpressionPreview MaterialExpressionSpriteTextureSampler_5, compiling. 
[2019.02.19-11.48.50:449][752]LogShaderCompilers: Display: Shaders left to compile 46
[2019.02.19-11.48.50:559][758]LogShaderCompilers: Display: Shaders left to compile 45
[2019.02.19-11.48.50:586][761]LogShaderCompilers: Display: Shaders left to compile 44
[2019.02.19-11.48.50:668][767]LogShaderCompilers: Display: Shaders left to compile 43
[2019.02.19-11.48.50:693][769]LogShaderCompilers: Display: Shaders left to compile 42
[2019.02.19-11.48.50:731][772]LogShaderCompilers: Display: Shaders left to compile 41
[2019.02.19-11.48.50:756][774]LogShaderCompilers: Display: Shaders left to compile 40
[2019.02.19-11.48.50:837][781]LogShaderCompilers: Display: Shaders left to compile 39
[2019.02.19-11.48.50:890][786]LogShaderCompilers: Display: Shaders left to compile 38
[2019.02.19-11.48.50:899][787]LogShaderCompilers: Display: Shaders left to compile 37
[2019.02.19-11.48.50:945][791]LogShaderCompilers: Display: Shaders left to compile 36
[2019.02.19-11.48.51:036][799]LogShaderCompilers: Display: Shaders left to compile 35
[2019.02.19-11.48.51:059][801]LogShaderCompilers: Display: Shaders left to compile 34
[2019.02.19-11.48.51:072][802]LogShaderCompilers: Display: Shaders left to compile 33
[2019.02.19-11.48.51:094][804]LogShaderCompilers: Display: Shaders left to compile 32
[2019.02.19-11.48.51:197][812]LogShaderCompilers: Display: Shaders left to compile 31
[2019.02.19-11.48.51:222][814]LogShaderCompilers: Display: Shaders left to compile 30
[2019.02.19-11.48.51:234][815]LogShaderCompilers: Display: Shaders left to compile 29
[2019.02.19-11.48.51:259][817]LogShaderCompilers: Display: Shaders left to compile 28
[2019.02.19-11.48.51:361][826]LogShaderCompilers: Display: Shaders left to compile 27
[2019.02.19-11.48.51:399][829]LogShaderCompilers: Display: Shaders left to compile 26
[2019.02.19-11.48.51:400][829]LogShaderCompilers: Display: Shaders left to compile 25
[2019.02.19-11.48.51:497][837]LogShaderCompilers: Display: Shaders left to compile 24
[2019.02.19-11.48.51:534][840]LogShaderCompilers: Display: Shaders left to compile 23
[2019.02.19-11.48.51:566][843]LogShaderCompilers: Display: Shaders left to compile 22
[2019.02.19-11.48.51:660][852]LogShaderCompilers: Display: Shaders left to compile 21
[2019.02.19-11.48.51:672][853]LogShaderCompilers: Display: Shaders left to compile 20
[2019.02.19-11.48.51:691][855]LogShaderCompilers: Display: Shaders left to compile 19
[2019.02.19-11.48.51:710][857]LogShaderCompilers: Display: Shaders left to compile 18
[2019.02.19-11.48.51:795][862]LogShaderCompilers: Display: Shaders left to compile 17
[2019.02.19-11.48.51:807][863]LogShaderCompilers: Display: Shaders left to compile 16
[2019.02.19-11.48.51:829][865]LogShaderCompilers: Display: Shaders left to compile 15
[2019.02.19-11.48.51:859][868]LogShaderCompilers: Display: Shaders left to compile 14
[2019.02.19-11.48.52:038][884]LogShaderCompilers: Display: Shaders left to compile 13
[2019.02.19-11.48.52:163][895]LogShaderCompilers: Display: Shaders left to compile 12
[2019.02.19-11.48.52:197][898]LogShaderCompilers: Display: Shaders left to compile 11
[2019.02.19-11.48.52:218][900]LogShaderCompilers: Display: Shaders left to compile 10
[2019.02.19-11.48.52:372][914]LogShaderCompilers: Display: Shaders left to compile 9
[2019.02.19-11.48.52:397][916]LogShaderCompilers: Display: Shaders left to compile 8
[2019.02.19-11.48.52:568][931]LogShaderCompilers: Display: Shaders left to compile 7
[2019.02.19-11.48.52:581][932]LogShaderCompilers: Display: Shaders left to compile 6
[2019.02.19-11.48.52:646][937]LogShaderCompilers: Display: Shaders left to compile 5
[2019.02.19-11.48.52:720][943]LogShaderCompilers: Display: Shaders left to compile 4
[2019.02.19-11.48.52:782][948]LogShaderCompilers: Display: Shaders left to compile 3
[2019.02.19-11.48.52:897][957]LogShaderCompilers: Display: Shaders left to compile 2
[2019.02.19-11.48.52:922][959]LogShaderCompilers: Display: Shaders left to compile 1
[2019.02.19-11.48.53:135][977]MaterialEditorStats: Base pass shader: 121 instructions
[2019.02.19-11.48.53:136][977]MaterialEditorStats: Base pass shader with Volumetric Lightmap: 195 instructions
[2019.02.19-11.48.53:136][977]MaterialEditorStats: Base pass vertex shader: 43 instructions
[2019.02.19-11.48.53:136][977]MaterialEditorStats: Texture samplers: 5/16
[2019.02.19-11.48.53:136][977]MaterialEditorStats: Texture Lookups (Est.): VS(0), PS(2)
[2019.02.19-11.48.53:136][977]MaterialEditorStats: User interpolators: 2/4 Scalars (1/4 Vectors) (TexCoords: 2, Custom: 0)
[2019.02.19-11.48.58:468][612]LogMaterial: Display: Missing cached shader map for material mirrorHLitSpriteMat, compiling. 
[2019.02.19-11.48.58:484][612]LogMaterial: Display: Missing cached shader map for material mirrorHLitSpriteMat, compiling. 
[2019.02.19-11.48.58:507][613]LogShaderCompilers: Display: Shaders left to compile 44
[2019.02.19-11.48.58:507][613]LogShaderCompilers: Display: Shaders left to compile 43
[2019.02.19-11.48.58:507][613]LogShaderCompilers: Display: Shaders left to compile 42
[2019.02.19-11.48.58:508][613]LogShaderCompilers: Display: Shaders left to compile 41
[2019.02.19-11.48.58:644][624]LogShaderCompilers: Display: Shaders left to compile 40
[2019.02.19-11.48.58:656][625]LogShaderCompilers: Display: Shaders left to compile 39
[2019.02.19-11.48.58:688][628]LogShaderCompilers: Display: Shaders left to compile 38
[2019.02.19-11.48.58:737][633]LogShaderCompilers: Display: Shaders left to compile 37
[2019.02.19-11.48.58:784][637]LogShaderCompilers: Display: Shaders left to compile 36
[2019.02.19-11.48.58:813][640]LogShaderCompilers: Display: Shaders left to compile 35
[2019.02.19-11.48.58:868][645]LogShaderCompilers: Display: Shaders left to compile 34
[2019.02.19-11.48.58:923][650]LogShaderCompilers: Display: Shaders left to compile 33
[2019.02.19-11.48.58:944][652]LogShaderCompilers: Display: Shaders left to compile 32
[2019.02.19-11.48.58:977][655]LogShaderCompilers: Display: Shaders left to compile 31
[2019.02.19-11.48.59:025][659]LogShaderCompilers: Display: Shaders left to compile 30
[2019.02.19-11.48.59:091][665]LogShaderCompilers: Display: Shaders left to compile 29
[2019.02.19-11.48.59:113][667]LogShaderCompilers: Display: Shaders left to compile 28
[2019.02.19-11.48.59:138][669]LogShaderCompilers: Display: Shaders left to compile 27
[2019.02.19-11.48.59:180][673]LogShaderCompilers: Display: Shaders left to compile 26
[2019.02.19-11.48.59:237][678]LogShaderCompilers: Display: Shaders left to compile 25
[2019.02.19-11.48.59:262][680]LogShaderCompilers: Display: Shaders left to compile 24
[2019.02.19-11.48.59:304][683]LogShaderCompilers: Display: Shaders left to compile 23
[2019.02.19-11.48.59:402][691]LogShaderCompilers: Display: Shaders left to compile 22
[2019.02.19-11.48.59:423][693]LogShaderCompilers: Display: Shaders left to compile 21
[2019.02.19-11.48.59:470][697]LogShaderCompilers: Display: Shaders left to compile 20
[2019.02.19-11.48.59:552][704]LogShaderCompilers: Display: Shaders left to compile 19
[2019.02.19-11.48.59:565][705]LogShaderCompilers: Display: Shaders left to compile 18
[2019.02.19-11.48.59:618][710]LogShaderCompilers: Display: Shaders left to compile 17
[2019.02.19-11.48.59:629][711]LogShaderCompilers: Display: Shaders left to compile 16
[2019.02.19-11.48.59:690][716]LogShaderCompilers: Display: Shaders left to compile 15
[2019.02.19-11.48.59:724][719]LogShaderCompilers: Display: Shaders left to compile 14
[2019.02.19-11.48.59:753][722]LogShaderCompilers: Display: Shaders left to compile 13
[2019.02.19-11.48.59:785][725]LogShaderCompilers: Display: Shaders left to compile 12
[2019.02.19-11.48.59:959][740]LogShaderCompilers: Display: Shaders left to compile 11
[2019.02.19-11.49.00:102][750]LogShaderCompilers: Display: Shaders left to compile 10
[2019.02.19-11.49.00:137][753]LogShaderCompilers: Display: Shaders left to compile 9
[2019.02.19-11.49.00:193][758]LogShaderCompilers: Display: Shaders left to compile 8
[2019.02.19-11.49.00:293][767]LogShaderCompilers: Display: Shaders left to compile 7
[2019.02.19-11.49.00:368][774]LogShaderCompilers: Display: Shaders left to compile 6
[2019.02.19-11.49.00:501][787]LogShaderCompilers: Display: Shaders left to compile 5
[2019.02.19-11.49.00:526][789]LogShaderCompilers: Display: Shaders left to compile 4
[2019.02.19-11.49.00:587][794]LogShaderCompilers: Display: Shaders left to compile 3
[2019.02.19-11.49.00:693][802]LogShaderCompilers: Display: Shaders left to compile 2
[2019.02.19-11.49.00:744][806]LogShaderCompilers: Display: Shaders left to compile 1
[2019.02.19-11.49.01:033][831]MaterialEditorStats: Base pass shader: 122 instructions
[2019.02.19-11.49.01:034][831]MaterialEditorStats: Base pass shader with Volumetric Lightmap: 196 instructions
[2019.02.19-11.49.01:034][831]MaterialEditorStats: Base pass vertex shader: 43 instructions
[2019.02.19-11.49.01:034][831]MaterialEditorStats: Texture samplers: 5/16
[2019.02.19-11.49.01:034][831]MaterialEditorStats: Texture Lookups (Est.): VS(0), PS(2)
[2019.02.19-11.49.01:034][831]MaterialEditorStats: User interpolators: 2/4 Scalars (1/4 Vectors) (TexCoords: 2, Custom: 0)
[2019.02.19-11.49.03:156][ 83]LogMaterialEditor: Saving and Compiling material mirrorHLitSpriteMat
[2019.02.19-11.49.03:496][ 83]LogMaterial: Display: Missing cached shader map for material mirrorHLitSpriteMat, compiling. 
[2019.02.19-11.49.03:557][ 83]LogShaderCompilers: Display: Shaders left to compile 44
[2019.02.19-11.49.03:557][ 83]LogShaderCompilers: Display: Shaders left to compile 43
[2019.02.19-11.49.03:558][ 83]LogShaderCompilers: Display: Shaders left to compile 42
[2019.02.19-11.49.03:558][ 83]LogShaderCompilers: Display: Shaders left to compile 41
[2019.02.19-11.49.03:568][ 83]LogMaterial: Display: Missing cached shader map for material mirrorHLitSpriteMat, compiling. 
[2019.02.19-11.49.03:594][ 83]LogMaterial: Display: Missing cached shader map for material mirrorHLitSpriteMat, compiling. 
[2019.02.19-11.49.03:642][ 83]LogMaterial: Display: Missing cached shader map for material FDebugViewModeMaterialProxy mirrorHLitSpriteMat, compiling. 
[2019.02.19-11.49.05:545][ 83]LogShaderCompilers: Display: Shaders left to compile 86
[2019.02.19-11.49.05:545][ 83]LogShaderCompilers: Display: Shaders left to compile 85
[2019.02.19-11.49.05:545][ 83]LogShaderCompilers: Display: Shaders left to compile 84
[2019.02.19-11.49.05:545][ 83]LogShaderCompilers: Display: Shaders left to compile 83
[2019.02.19-11.49.05:545][ 83]LogShaderCompilers: Display: Shaders left to compile 82
[2019.02.19-11.49.05:545][ 83]LogShaderCompilers: Display: Shaders left to compile 81
[2019.02.19-11.49.05:545][ 83]LogShaderCompilers: Display: Shaders left to compile 80
[2019.02.19-11.49.05:545][ 83]LogShaderCompilers: Display: Shaders left to compile 79
[2019.02.19-11.49.05:545][ 83]LogShaderCompilers: Display: Shaders left to compile 78
[2019.02.19-11.49.05:545][ 83]LogShaderCompilers: Display: Shaders left to compile 77
[2019.02.19-11.49.05:545][ 83]LogShaderCompilers: Display: Shaders left to compile 76
[2019.02.19-11.49.05:546][ 83]LogShaderCompilers: Display: Shaders left to compile 75
[2019.02.19-11.49.05:546][ 83]LogShaderCompilers: Display: Shaders left to compile 74
[2019.02.19-11.49.05:546][ 83]LogShaderCompilers: Display: Shaders left to compile 73
[2019.02.19-11.49.05:546][ 83]LogShaderCompilers: Display: Shaders left to compile 72
[2019.02.19-11.49.05:546][ 83]LogShaderCompilers: Display: Shaders left to compile 71
[2019.02.19-11.49.05:546][ 83]LogShaderCompilers: Display: Shaders left to compile 70
[2019.02.19-11.49.05:546][ 83]LogShaderCompilers: Display: Shaders left to compile 69
[2019.02.19-11.49.05:546][ 83]LogShaderCompilers: Display: Shaders left to compile 68
[2019.02.19-11.49.05:546][ 83]LogShaderCompilers: Display: Shaders left to compile 67
[2019.02.19-11.49.05:546][ 83]LogShaderCompilers: Display: Shaders left to compile 66
[2019.02.19-11.49.05:546][ 83]LogShaderCompilers: Display: Shaders left to compile 65
[2019.02.19-11.49.05:546][ 83]LogShaderCompilers: Display: Shaders left to compile 64
[2019.02.19-11.49.05:546][ 83]LogShaderCompilers: Display: Shaders left to compile 63
[2019.02.19-11.49.05:546][ 83]LogShaderCompilers: Display: Shaders left to compile 62
[2019.02.19-11.49.05:546][ 83]LogShaderCompilers: Display: Shaders left to compile 61
[2019.02.19-11.49.05:547][ 83]LogShaderCompilers: Display: Shaders left to compile 60
[2019.02.19-11.49.05:547][ 83]LogShaderCompilers: Display: Shaders left to compile 59
[2019.02.19-11.49.05:547][ 83]LogShaderCompilers: Display: Shaders left to compile 58
[2019.02.19-11.49.05:547][ 83]LogShaderCompilers: Display: Shaders left to compile 57
[2019.02.19-11.49.05:547][ 83]LogShaderCompilers: Display: Shaders left to compile 56
[2019.02.19-11.49.05:547][ 83]LogShaderCompilers: Display: Shaders left to compile 55
[2019.02.19-11.49.05:547][ 83]LogShaderCompilers: Display: Shaders left to compile 54
[2019.02.19-11.49.05:547][ 83]LogShaderCompilers: Display: Shaders left to compile 53
[2019.02.19-11.49.05:547][ 83]LogShaderCompilers: Display: Shaders left to compile 52
[2019.02.19-11.49.05:547][ 83]LogShaderCompilers: Display: Shaders left to compile 51
[2019.02.19-11.49.05:547][ 83]LogShaderCompilers: Display: Shaders left to compile 50
[2019.02.19-11.49.05:547][ 83]LogShaderCompilers: Display: Shaders left to compile 49
[2019.02.19-11.49.05:547][ 83]LogShaderCompilers: Display: Shaders left to compile 48
[2019.02.19-11.49.05:547][ 83]LogShaderCompilers: Display: Shaders left to compile 47
[2019.02.19-11.49.05:548][ 83]LogShaderCompilers: Display: Shaders left to compile 46
[2019.02.19-11.49.05:548][ 83]LogShaderCompilers: Display: Shaders left to compile 45
[2019.02.19-11.49.05:548][ 83]LogShaderCompilers: Display: Shaders left to compile 35
[2019.02.19-11.49.05:548][ 83]LogShaderCompilers: Display: Shaders left to compile 25
[2019.02.19-11.49.05:550][ 83]TextureStreamingBuild: Display: Compiling optional shaders took 1.915 seconds.
[2019.02.19-11.49.05:587][ 83]LogShaderCompilers: Display: Shaders left to compile 15
[2019.02.19-11.49.07:652][ 83]LogShaderCompilers: Display: Shaders left to compile 5
[2019.02.19-11.49.07:714][ 83]LogSavePackage: Moving 'C:/Users/gosus/Documents/CP-School/SeniorProject/gitRepos/Senior-Project-CPP-Testground/HSPGame/Saved/mirrorHLitSpriteMat8DA2934C42802E52995FF3A122B5D6EE.tmp' to 'C:/Users/gosus/Documents/CP-School/SeniorProject/gitRepos/Senior-Project-CPP-Testground/HSPGame/Content/Materials/mirrorHLitSpriteMat.uasset'
[2019.02.19-11.49.08:295][128]LogMaterial: Display: Missing cached shader map for material mirrorHLitSpriteMat, compiling. 
[2019.02.19-11.49.08:315][129]LogShaderCompilers: Display: Shaders left to compile 44
[2019.02.19-11.49.08:315][129]LogShaderCompilers: Display: Shaders left to compile 43
[2019.02.19-11.49.08:315][129]LogShaderCompilers: Display: Shaders left to compile 42
[2019.02.19-11.49.08:315][129]LogShaderCompilers: Display: Shaders left to compile 41
[2019.02.19-11.49.08:452][142]LogShaderCompilers: Display: Shaders left to compile 40
[2019.02.19-11.49.08:462][143]LogShaderCompilers: Display: Shaders left to compile 39
[2019.02.19-11.49.08:493][146]LogShaderCompilers: Display: Shaders left to compile 38
[2019.02.19-11.49.08:521][149]LogShaderCompilers: Display: Shaders left to compile 37
[2019.02.19-11.49.08:587][155]LogShaderCompilers: Display: Shaders left to compile 36
[2019.02.19-11.49.08:620][158]LogShaderCompilers: Display: Shaders left to compile 35
[2019.02.19-11.49.08:652][161]LogShaderCompilers: Display: Shaders left to compile 34
[2019.02.19-11.49.08:717][167]LogShaderCompilers: Display: Shaders left to compile 33
[2019.02.19-11.49.08:733][168]LogShaderCompilers: Display: Shaders left to compile 32
[2019.02.19-11.49.08:772][171]LogShaderCompilers: Display: Shaders left to compile 31
[2019.02.19-11.49.08:808][174]LogShaderCompilers: Display: Shaders left to compile 30
[2019.02.19-11.49.08:891][181]LogShaderCompilers: Display: Shaders left to compile 29
[2019.02.19-11.49.08:904][182]LogShaderCompilers: Display: Shaders left to compile 28
[2019.02.19-11.49.08:942][185]LogShaderCompilers: Display: Shaders left to compile 27
[2019.02.19-11.49.08:996][190]LogShaderCompilers: Display: Shaders left to compile 26
[2019.02.19-11.49.09:088][198]LogShaderCompilers: Display: Shaders left to compile 25
[2019.02.19-11.49.09:110][200]LogShaderCompilers: Display: Shaders left to compile 24
[2019.02.19-11.49.09:122][201]LogShaderCompilers: Display: Shaders left to compile 23
[2019.02.19-11.49.09:214][209]LogShaderCompilers: Display: Shaders left to compile 22
[2019.02.19-11.49.09:248][212]LogShaderCompilers: Display: Shaders left to compile 21
[2019.02.19-11.49.09:285][215]LogShaderCompilers: Display: Shaders left to compile 20
[2019.02.19-11.49.09:371][223]LogShaderCompilers: Display: Shaders left to compile 19
[2019.02.19-11.49.09:393][225]LogShaderCompilers: Display: Shaders left to compile 18
[2019.02.19-11.49.09:425][228]LogShaderCompilers: Display: Shaders left to compile 17
[2019.02.19-11.49.09:435][229]LogShaderCompilers: Display: Shaders left to compile 16
[2019.02.19-11.49.09:514][236]LogShaderCompilers: Display: Shaders left to compile 15
[2019.02.19-11.49.09:548][239]LogShaderCompilers: Display: Shaders left to compile 14
[2019.02.19-11.49.09:558][240]LogShaderCompilers: Display: Shaders left to compile 13
[2019.02.19-11.49.09:579][242]LogShaderCompilers: Display: Shaders left to compile 12
[2019.02.19-11.49.09:762][259]LogShaderCompilers: Display: Shaders left to compile 11
[2019.02.19-11.49.09:868][268]LogShaderCompilers: Display: Shaders left to compile 10
[2019.02.19-11.49.09:924][273]LogShaderCompilers: Display: Shaders left to compile 9
[2019.02.19-11.49.09:925][273]LogShaderCompilers: Display: Shaders left to compile 8
[2019.02.19-11.49.10:087][288]LogShaderCompilers: Display: Shaders left to compile 7
[2019.02.19-11.49.10:155][294]LogShaderCompilers: Display: Shaders left to compile 6
[2019.02.19-11.49.10:279][305]LogShaderCompilers: Display: Shaders left to compile 5
[2019.02.19-11.49.10:314][308]LogShaderCompilers: Display: Shaders left to compile 4
[2019.02.19-11.49.10:347][311]LogShaderCompilers: Display: Shaders left to compile 3
[2019.02.19-11.49.10:460][321]LogShaderCompilers: Display: Shaders left to compile 2
[2019.02.19-11.49.10:530][327]LogShaderCompilers: Display: Shaders left to compile 1
[2019.02.19-11.49.12:336][538]LogSlate: Window 'mirrorHLitSpriteMat' being destroyed
[2019.02.19-11.49.12:340][538]LogSlate: Window 'mirrorHLitSpriteMat' being destroyed
[2019.02.19-11.49.19:206][347]LogAssetEditorManager: Opening Asset editor for Blueprint /Game/Blueprints/BP_ProtagClass.BP_ProtagClass
[2019.02.19-11.49.19:532][347]LogContentBrowser: Native class hierarchy updated for 'BlueprintGraph' in 0.0005 seconds. Added 117 classes and 0 folders.
[2019.02.19-11.49.22:353][604]LogSlate: Window 'BP_ProtagClass' being destroyed
[2019.02.19-11.49.22:407][604]LogAssetEditorManager: Opening Asset editor for Blueprint /Game/Blueprints/BP_ProtagClass.BP_ProtagClass
[2019.02.19-11.49.23:718][719]LogRenderer: Reallocating scene render targets to support 1776x1024 Format 10 NumSamples 1 (Frame:1).
[2019.02.19-11.49.31:465][572]BlueprintLog: New page: Compile BP_ProtagClass
[2019.02.19-11.49.31:991][608]LogSavePackage: Moving 'C:/Users/gosus/Documents/CP-School/SeniorProject/gitRepos/Senior-Project-CPP-Testground/HSPGame/Saved/BP_ProtagClass8114F7404A10F65B6BD337867875142E.tmp' to 'C:/Users/gosus/Documents/CP-School/SeniorProject/gitRepos/Senior-Project-CPP-Testground/HSPGame/Content/Blueprints/BP_ProtagClass.uasset'
[2019.02.19-11.49.40:486][603]LogSlate: FSceneViewport::OnFocusLost() reason 0
[2019.02.19-11.49.51:030][842]BlueprintLog: New page: Compile BP_ProtagClass
[2019.02.19-11.49.51:780][913]LogSavePackage: Moving 'C:/Users/gosus/Documents/CP-School/SeniorProject/gitRepos/Senior-Project-CPP-Testground/HSPGame/Saved/BP_ProtagClass41CEB39C4CBB37484B5F7AB413042F3A.tmp' to 'C:/Users/gosus/Documents/CP-School/SeniorProject/gitRepos/Senior-Project-CPP-Testground/HSPGame/Content/Blueprints/BP_ProtagClass.uasset'
[2019.02.19-11.52.55:418][442]LogSavePackage: Moving 'C:/Users/gosus/Documents/CP-School/SeniorProject/gitRepos/Senior-Project-CPP-Testground/HSPGame/Saved/Minimal_DefaultF8C5B4684F03187D5157DD961F398E75.tmp' to 'C:/Users/gosus/Documents/CP-School/SeniorProject/gitRepos/Senior-Project-CPP-Testground/HSPGame/Content/StarterContent/Maps/Minimal_Default.umap'
[2019.02.19-11.52.55:673][442]LogSavePackage: Moving 'C:/Users/gosus/Documents/CP-School/SeniorProject/gitRepos/Senior-Project-CPP-Testground/HSPGame/Saved/Minimal_Default_BuiltData036E6BC54CBA7F0161073192AB53975D.tmp' to 'C:/Users/gosus/Documents/CP-School/SeniorProject/gitRepos/Senior-Project-CPP-Testground/HSPGame/Content/StarterContent/Maps/Minimal_Default_BuiltData.uasset'
