Log file open, 02/19/19 03:35:28
LogWindows: Failed to load 'aqProf.dll' (GetLastError=126)
LogWindows: File 'aqProf.dll' does not exist
LogWindows: Failed to load 'VtuneApi.dll' (GetLastError=126)
LogWindows: File 'VtuneApi.dll' does not exist
LogWindows: Failed to load 'VtuneApi32e.dll' (GetLastError=126)
LogWindows: File 'VtuneApi32e.dll' does not exist
LogConsoleResponse: Display: Failed to find resolution value strings in scalability ini. Falling back to default.
LogInit: Display: Running engine for game: HSPGame
LogPakFile: Registered encryption key '00000000000000000000000000000000': 0 pak files mounted, 0 remain pending
LogPlatformFile: Not using cached read wrapper
LogTaskGraph: Started task graph with 5 named threads and 23 total threads with 3 sets of task threads.
LogStats: Stats thread started at 0.332108
LogD3D11RHI: Loaded GFSDK_Aftermath_Lib.x64.dll
LogICUInternationalization: ICU TimeZone Detection - Raw Offset: -8:00, Platform Override: ''
LogPluginManager: Mounting plugin Paper2D
LogPluginManager: Mounting plugin AISupport
LogPluginManager: Mounting plugin LightPropagationVolume
LogPluginManager: Mounting plugin ActorLayerUtilities
LogPluginManager: Mounting plugin CLionSourceCodeAccess
LogPluginManager: Mounting plugin CodeLiteSourceCodeAccess
LogPluginManager: Mounting plugin GitSourceControl
LogPluginManager: Mounting plugin KDevelopSourceCodeAccess
LogPluginManager: Mounting plugin NullSourceCodeAccess
LogPluginManager: Mounting plugin PerforceSourceControl
LogPluginManager: Mounting plugin SubversionSourceControl
LogPluginManager: Mounting plugin UObjectPlugin
LogPluginManager: Mounting plugin VisualStudioCodeSourceCodeAccess
LogPluginManager: Mounting plugin VisualStudioSourceCodeAccess
LogPluginManager: Mounting plugin XCodeSourceCodeAccess
LogPluginManager: Mounting plugin AssetManagerEditor
LogPluginManager: Mounting plugin CryptoKeys
LogPluginManager: Mounting plugin DataValidation
LogPluginManager: Mounting plugin FacialAnimation
LogPluginManager: Mounting plugin GameplayTagsEditor
LogPluginManager: Mounting plugin MacGraphicsSwitching
LogPluginManager: Mounting plugin MeshEditor
LogPluginManager: Mounting plugin MobileLauncherProfileWizard
LogPluginManager: Mounting plugin PluginBrowser
LogPluginManager: Mounting plugin SpeedTreeImporter
LogPluginManager: Mounting plugin DatasmithContent
LogPluginManager: Mounting plugin VariantManagerContent
LogPluginManager: Mounting plugin AlembicImporter
LogPluginManager: Mounting plugin AppleImageUtils
LogPluginManager: Mounting plugin AppleVision
LogPluginManager: Mounting plugin BackChannel
LogPluginManager: Mounting plugin CharacterAI
LogPluginManager: Mounting plugin GeometryCache
LogPluginManager: Mounting plugin HTML5Networking
LogPluginManager: Mounting plugin ProxyLODPlugin
LogPluginManager: Mounting plugin MagicLeap
LogPluginManager: Mounting plugin MagicLeapMedia
LogPluginManager: Mounting plugin AndroidMedia
LogPluginManager: Mounting plugin AvfMedia
LogPluginManager: Mounting plugin ImgMedia
LogPluginManager: Mounting plugin LinearTimecode
LogPluginManager: Mounting plugin MediaCompositing
LogPluginManager: Mounting plugin MediaPlayerEditor
LogPluginManager: Mounting plugin WebMMedia
LogPluginManager: Mounting plugin WmfMedia
LogPluginManager: Mounting plugin TcpMessaging
LogPluginManager: Mounting plugin UdpMessaging
LogPluginManager: Mounting plugin ActorSequence
LogPluginManager: Mounting plugin LevelSequenceEditor
LogPluginManager: Mounting plugin MatineeToLevelSequence
LogPluginManager: Mounting plugin NetcodeUnitTest
LogPluginManager: Mounting plugin NUTUnrealEngine4
LogPluginManager: Mounting plugin OnlineSubsystemGooglePlay
LogPluginManager: Mounting plugin OnlineSubsystemIOS
LogPluginManager: Mounting plugin OnlineSubsystem
LogPluginManager: Mounting plugin OnlineSubsystemNull
LogPluginManager: Mounting plugin OnlineSubsystemUtils
LogPluginManager: Mounting plugin LauncherChunkInstaller
LogPluginManager: Mounting plugin AndroidDeviceProfileSelector
LogPluginManager: Mounting plugin AndroidMoviePlayer
LogPluginManager: Mounting plugin AndroidPermission
LogPluginManager: Mounting plugin AppleMoviePlayer
LogPluginManager: Mounting plugin ArchVisCharacter
LogPluginManager: Mounting plugin AudioCapture
LogPluginManager: Mounting plugin CableComponent
LogPluginManager: Mounting plugin CustomMeshComponent
LogPluginManager: Mounting plugin EditableMesh
LogPluginManager: Mounting plugin ExampleDeviceProfileSelector
LogPluginManager: Mounting plugin Firebase
LogPluginManager: Mounting plugin GoogleCloudMessaging
LogPluginManager: Mounting plugin IOSDeviceProfileSelector
LogPluginManager: Mounting plugin LinuxDeviceProfileSelector
LogPluginManager: Mounting plugin LocationServicesBPLibrary
LogPluginManager: Mounting plugin MobilePatchingUtils
LogPluginManager: Mounting plugin OculusVR
LogPluginManager: Mounting plugin PhysXVehicles
LogPluginManager: Mounting plugin ProceduralMeshComponent
LogPluginManager: Mounting plugin RuntimePhysXCooking
LogPluginManager: Mounting plugin SteamVR
LogPluginManager: Mounting plugin WebMMoviePlayer
LogPluginManager: Mounting plugin WindowsMoviePlayer
LogStreaming: Display: Took  0.095s to configure plugins.
LogInit: Using libcurl 7.55.1-DEV
LogInit:  - built for x86_64-pc-win32
LogInit:  - supports SSL with OpenSSL/1.0.2h
LogInit:  - supports HTTP deflate (compression) using libz 1.2.8
LogInit:  - other features:
LogInit:      CURL_VERSION_SSL
LogInit:      CURL_VERSION_LIBZ
LogInit:      CURL_VERSION_IPV6
LogInit:      CURL_VERSION_ASYNCHDNS
LogInit:      CURL_VERSION_LARGEFILE
LogInit:      CURL_VERSION_IDN
LogInit:  CurlRequestOptions (configurable via config and command line):
LogInit:  - bVerifyPeer = true  - Libcurl will verify peer certificate
LogInit:  - bUseHttpProxy = false  - Libcurl will NOT use HTTP proxy
LogInit:  - bDontReuseConnections = false  - Libcurl will reuse connections
LogInit:  - MaxHostConnections = 16  - Libcurl will limit the number of connections to a host
LogInit:  - LocalHostAddr = Default
LogInit:  - BufferSize = 65536
LogInit: WinSock: version 1.1 (2.2), MaxSocks=32767, MaxUdp=65467
LogInit: Build: ++UE4+Release-4.21-CL-4753647
LogInit: Engine Version: 4.21.2-4753647+++UE4+Release-4.21
LogInit: Compatible Engine Version: 4.21.0-4541578+++UE4+Release-4.21
LogInit: Net CL: 4541578
LogInit: OS: Windows 10 (), CPU: Intel(R) Core(TM) i7-6700K CPU @ 4.00GHz, GPU: NVIDIA GeForce RTX 2080
LogInit: Compiled (64-bit): Jan 19 2019 02:07:31
LogInit: Compiled with Visual C++: 19.13.26129.00
LogInit: Build Configuration: Development
LogInit: Branch Name: ++UE4+Release-4.21
LogInit: Command Line:  -skipcompile
LogInit: Base Directory: G:/Games/Epic/Games/UE_4.21/Engine/Binaries/Win64/
LogInit: Installed Engine Build: 1
LogDevObjectVersion: Number of dev versions registered: 22
LogDevObjectVersion:   Dev-Blueprints (B0D832E4-1F89-4F0D-ACCF-7EB736FD4AA2): 10
LogDevObjectVersion:   Dev-Build (E1C64328-A22C-4D53-A36C-8E866417BD8C): 0
LogDevObjectVersion:   Dev-Core (375EC13C-06E4-48FB-B500-84F0262A717E): 2
LogDevObjectVersion:   Dev-Editor (E4B068ED-F494-42E9-A231-DA0B2E46BB41): 26
LogDevObjectVersion:   Dev-Framework (CFFC743F-43B0-4480-9391-14DF171D2073): 34
LogDevObjectVersion:   Dev-Mobile (B02B49B5-BB20-44E9-A304-32B752E40360): 2
LogDevObjectVersion:   Dev-Networking (A4E4105C-59A1-49B5-A7C5-40C4547EDFEE): 0
LogDevObjectVersion:   Dev-Online (39C831C9-5AE6-47DC-9A44-9C173E1C8E7C): 0
LogDevObjectVersion:   Dev-Physics (78F01B33-EBEA-4F98-B9B4-84EACCB95AA2): 0
LogDevObjectVersion:   Dev-Platform (6631380F-2D4D-43E0-8009-CF276956A95A): 0
LogDevObjectVersion:   Dev-Rendering (12F88B9F-8875-4AFC-A67C-D90C383ABD29): 27
LogDevObjectVersion:   Dev-Sequencer (7B5AE74C-D270-4C10-A958-57980B212A5A): 9
LogDevObjectVersion:   Dev-VR (D7296918-1DD6-4BDD-9DE2-64A83CC13884): 2
LogDevObjectVersion:   Dev-LoadTimes (C2A15278-BFE7-4AFE-6C17-90FF531DF755): 1
LogDevObjectVersion:   Private-Geometry (6EACA3D4-40EC-4CC1-B786-8BED09428FC5): 3
LogDevObjectVersion:   Dev-AnimPhys (29E575DD-E0A3-4627-9D10-D276232CDCEA): 17
LogDevObjectVersion:   Dev-Anim (AF43A65D-7FD3-4947-9873-3E8ED9C1BB05): 2
LogDevObjectVersion:   Dev-ReflectionCapture (6B266CEC-1EC7-4B8F-A30B-E4D90942FC07): 1
LogDevObjectVersion:   Dev-Automation (0DF73D61-A23F-47EA-B727-89E90C41499A): 1
LogDevObjectVersion:   FortniteMain (601D1886-AC64-4F84-AA16-D3DE0DEAC7D6): 17
LogDevObjectVersion:   Dev-Enterprise (9DFFBCD6-494F-0158-E221-12823C92A888): 4
LogDevObjectVersion:   Dev-Niagara (F2AED0AC-9AFE-416F-8664-AA7FFA26D6FC): 1
LogStreaming: Display: Took  0.003s to delete old logs.
LogInit: Presizing for max 8388607 objects, including 0 objects not considered by GC, pre-allocating 0 bytes for permanent pool.
LogInit: Object subsystem initialized
LogConfig: Setting CVar [[con.DebugEarlyDefault:1]]
LogConfig: Setting CVar [[r.setres:1280x720]]
[2019.02.19-11.35.28:555][  0]LogConfig: Setting CVar [[r.VSync:0]]
[2019.02.19-11.35.28:555][  0]LogConfig: Setting CVar [[r.RHICmdBypass:0]]
[2019.02.19-11.35.28:555][  0]LogConfig: Applying CVar settings from Section [/Script/Engine.RendererSettings] File [C:/Users/gosus/Documents/CP-School/SeniorProject/gitRepos/Senior-Project-CPP-Testground/HSPGame/Saved/Config/Windows/Engine.ini]
[2019.02.19-11.35.28:556][  0]LogConfig: Setting CVar [[r.GPUCrashDebugging:0]]
[2019.02.19-11.35.28:556][  0]LogConfig: Applying CVar settings from Section [/Script/Engine.RendererOverrideSettings] File [C:/Users/gosus/Documents/CP-School/SeniorProject/gitRepos/Senior-Project-CPP-Testground/HSPGame/Saved/Config/Windows/Engine.ini]
[2019.02.19-11.35.28:556][  0]LogConfig: Applying CVar settings from Section [/Script/Engine.StreamingSettings] File [C:/Users/gosus/Documents/CP-School/SeniorProject/gitRepos/Senior-Project-CPP-Testground/HSPGame/Saved/Config/Windows/Engine.ini]
[2019.02.19-11.35.28:556][  0]LogConfig: Setting CVar [[s.MinBulkDataSizeForAsyncLoading:131072]]
[2019.02.19-11.35.28:556][  0]LogConfig: Setting CVar [[s.AsyncLoadingThreadEnabled:0]]
[2019.02.19-11.35.28:556][  0]LogConfig: Setting CVar [[s.EventDrivenLoaderEnabled:1]]
[2019.02.19-11.35.28:556][  0]LogConfig: Setting CVar [[s.WarnIfTimeLimitExceeded:0]]
[2019.02.19-11.35.28:556][  0]LogConfig: Setting CVar [[s.TimeLimitExceededMultiplier:1.5]]
[2019.02.19-11.35.28:556][  0]LogConfig: Setting CVar [[s.TimeLimitExceededMinTime:0.005]]
[2019.02.19-11.35.28:556][  0]LogConfig: Setting CVar [[s.UseBackgroundLevelStreaming:1]]
[2019.02.19-11.35.28:556][  0]LogConfig: Setting CVar [[s.PriorityAsyncLoadingExtraTime:15.0]]
[2019.02.19-11.35.28:556][  0]LogConfig: Setting CVar [[s.LevelStreamingActorsUpdateTimeLimit:5.0]]
[2019.02.19-11.35.28:556][  0]LogConfig: Setting CVar [[s.PriorityLevelStreamingActorsUpdateExtraTime:5.0]]
[2019.02.19-11.35.28:556][  0]LogConfig: Setting CVar [[s.LevelStreamingComponentsRegistrationGranularity:10]]
[2019.02.19-11.35.28:556][  0]LogConfig: Setting CVar [[s.UnregisterComponentsTimeLimit:1.0]]
[2019.02.19-11.35.28:556][  0]LogConfig: Setting CVar [[s.LevelStreamingComponentsUnregistrationGranularity:5]]
[2019.02.19-11.35.28:556][  0]LogConfig: Applying CVar settings from Section [/Script/Engine.GarbageCollectionSettings] File [C:/Users/gosus/Documents/CP-School/SeniorProject/gitRepos/Senior-Project-CPP-Testground/HSPGame/Saved/Config/Windows/Engine.ini]
[2019.02.19-11.35.28:556][  0]LogConfig: Setting CVar [[gc.MaxObjectsNotConsideredByGC:1]]
[2019.02.19-11.35.28:556][  0]LogConfig: Setting CVar [[gc.SizeOfPermanentObjectPool:0]]
[2019.02.19-11.35.28:556][  0]LogConfig: Setting CVar [[gc.FlushStreamingOnGC:0]]
[2019.02.19-11.35.28:556][  0]LogConfig: Setting CVar [[gc.NumRetriesBeforeForcingGC:10]]
[2019.02.19-11.35.28:557][  0]LogConfig: Setting CVar [[gc.AllowParallelGC:1]]
[2019.02.19-11.35.28:557][  0]LogConfig: Setting CVar [[gc.TimeBetweenPurgingPendingKillObjects:61.1]]
[2019.02.19-11.35.28:557][  0]LogConfig: Setting CVar [[gc.MaxObjectsInEditor:8388607]]
[2019.02.19-11.35.28:557][  0]LogConfig: Setting CVar [[gc.IncrementalBeginDestroyEnabled:1]]
[2019.02.19-11.35.28:557][  0]LogConfig: Setting CVar [[gc.CreateGCClusters:1]]
[2019.02.19-11.35.28:557][  0]LogConfig: Setting CVar [[gc.MergeGCClusters:0]]
[2019.02.19-11.35.28:557][  0]LogConfig: Setting CVar [[gc.MinGCClusterSize:5]]
[2019.02.19-11.35.28:557][  0]LogConfig: Setting CVar [[gc.ActorClusteringEnabled:0]]
[2019.02.19-11.35.28:557][  0]LogConfig: Setting CVar [[gc.BlueprintClusteringEnabled:0]]
[2019.02.19-11.35.28:557][  0]LogConfig: Setting CVar [[gc.UseDisregardForGCOnDedicatedServers:0]]
[2019.02.19-11.35.28:557][  0]LogConfig: Applying CVar settings from Section [/Script/Engine.NetworkSettings] File [C:/Users/gosus/Documents/CP-School/SeniorProject/gitRepos/Senior-Project-CPP-Testground/HSPGame/Saved/Config/Windows/Engine.ini]
[2019.02.19-11.35.28:557][  0]LogConfig: Applying CVar settings from Section [/Script/UnrealEd.CookerSettings] File [C:/Users/gosus/Documents/CP-School/SeniorProject/gitRepos/Senior-Project-CPP-Testground/HSPGame/Saved/Config/Windows/Engine.ini]
[2019.02.19-11.35.28:567][  0]LogConfig: Applying CVar settings from Section [ViewDistanceQuality@3] File [C:/Users/gosus/Documents/CP-School/SeniorProject/gitRepos/Senior-Project-CPP-Testground/HSPGame/Saved/Config/Windows/Scalability.ini]
[2019.02.19-11.35.28:567][  0]LogConfig: Setting CVar [[r.SkeletalMeshLODBias:0]]
[2019.02.19-11.35.28:567][  0]LogConfig: Setting CVar [[r.ViewDistanceScale:1.0]]
[2019.02.19-11.35.28:567][  0]LogConfig: Applying CVar settings from Section [AntiAliasingQuality@3] File [C:/Users/gosus/Documents/CP-School/SeniorProject/gitRepos/Senior-Project-CPP-Testground/HSPGame/Saved/Config/Windows/Scalability.ini]
[2019.02.19-11.35.28:567][  0]LogConfig: Setting CVar [[r.PostProcessAAQuality:4]]
[2019.02.19-11.35.28:567][  0]LogConfig: Applying CVar settings from Section [ShadowQuality@3] File [C:/Users/gosus/Documents/CP-School/SeniorProject/gitRepos/Senior-Project-CPP-Testground/HSPGame/Saved/Config/Windows/Scalability.ini]
[2019.02.19-11.35.28:567][  0]LogConfig: Setting CVar [[r.LightFunctionQuality:1]]
[2019.02.19-11.35.28:567][  0]LogConfig: Setting CVar [[r.ShadowQuality:5]]
[2019.02.19-11.35.28:567][  0]LogConfig: Setting CVar [[r.Shadow.CSM.MaxCascades:10]]
[2019.02.19-11.35.28:568][  0]LogConfig: Setting CVar [[r.Shadow.MaxResolution:2048]]
[2019.02.19-11.35.28:568][  0]LogConfig: Setting CVar [[r.Shadow.MaxCSMResolution:2048]]
[2019.02.19-11.35.28:568][  0]LogConfig: Setting CVar [[r.Shadow.RadiusThreshold:0.01]]
[2019.02.19-11.35.28:568][  0]LogConfig: Setting CVar [[r.Shadow.DistanceScale:1.0]]
[2019.02.19-11.35.28:568][  0]LogConfig: Setting CVar [[r.Shadow.CSM.TransitionScale:1.0]]
[2019.02.19-11.35.28:568][  0]LogConfig: Setting CVar [[r.Shadow.PreShadowResolutionFactor:1.0]]
[2019.02.19-11.35.28:568][  0]LogConfig: Setting CVar [[r.DistanceFieldShadowing:1]]
[2019.02.19-11.35.28:568][  0]LogConfig: Setting CVar [[r.DistanceFieldAO:1]]
[2019.02.19-11.35.28:568][  0]LogConfig: Setting CVar [[r.AOQuality:2]]
[2019.02.19-11.35.28:568][  0]LogConfig: Setting CVar [[r.VolumetricFog:1]]
[2019.02.19-11.35.28:568][  0]LogConfig: Setting CVar [[r.VolumetricFog.GridPixelSize:8]]
[2019.02.19-11.35.28:568][  0]LogConfig: Setting CVar [[r.VolumetricFog.GridSizeZ:128]]
[2019.02.19-11.35.28:568][  0]LogConfig: Setting CVar [[r.VolumetricFog.HistoryMissSupersampleCount:4]]
[2019.02.19-11.35.28:568][  0]LogConfig: Setting CVar [[r.LightMaxDrawDistanceScale:1]]
[2019.02.19-11.35.28:568][  0]LogConfig: Setting CVar [[r.CapsuleShadows:1]]
[2019.02.19-11.35.28:568][  0]LogConfig: Applying CVar settings from Section [PostProcessQuality@3] File [C:/Users/gosus/Documents/CP-School/SeniorProject/gitRepos/Senior-Project-CPP-Testground/HSPGame/Saved/Config/Windows/Scalability.ini]
[2019.02.19-11.35.28:568][  0]LogConfig: Setting CVar [[r.MotionBlurQuality:4]]
[2019.02.19-11.35.28:569][  0]LogConfig: Setting CVar [[r.AmbientOcclusionMipLevelFactor:0.4]]
[2019.02.19-11.35.28:569][  0]LogConfig: Setting CVar [[r.AmbientOcclusionMaxQuality:100]]
[2019.02.19-11.35.28:569][  0]LogConfig: Setting CVar [[r.AmbientOcclusionLevels:-1]]
[2019.02.19-11.35.28:569][  0]LogConfig: Setting CVar [[r.AmbientOcclusionRadiusScale:1.0]]
[2019.02.19-11.35.28:569][  0]LogConfig: Setting CVar [[r.DepthOfFieldQuality:2]]
[2019.02.19-11.35.28:569][  0]LogConfig: Setting CVar [[r.RenderTargetPoolMin:400]]
[2019.02.19-11.35.28:569][  0]LogConfig: Setting CVar [[r.LensFlareQuality:2]]
[2019.02.19-11.35.28:569][  0]LogConfig: Setting CVar [[r.SceneColorFringeQuality:1]]
[2019.02.19-11.35.28:569][  0]LogConfig: Setting CVar [[r.EyeAdaptationQuality:2]]
[2019.02.19-11.35.28:569][  0]LogConfig: Setting CVar [[r.BloomQuality:5]]
[2019.02.19-11.35.28:569][  0]LogConfig: Setting CVar [[r.FastBlurThreshold:100]]
[2019.02.19-11.35.28:569][  0]LogConfig: Setting CVar [[r.Upscale.Quality:3]]
[2019.02.19-11.35.28:569][  0]LogConfig: Setting CVar [[r.Tonemapper.GrainQuantization:1]]
[2019.02.19-11.35.28:569][  0]LogConfig: Setting CVar [[r.LightShaftQuality:1]]
[2019.02.19-11.35.28:569][  0]LogConfig: Setting CVar [[r.Filter.SizeScale:1]]
[2019.02.19-11.35.28:569][  0]LogConfig: Setting CVar [[r.Tonemapper.Quality:5]]
[2019.02.19-11.35.28:569][  0]LogConfig: Setting CVar [[r.DOF.Gather.AccumulatorQuality:1        ; higher gathering accumulator quality]]
[2019.02.19-11.35.28:569][  0]LogConfig: Setting CVar [[r.DOF.Gather.PostfilterMethod:1          ; Median3x3 postfilering method]]
[2019.02.19-11.35.28:569][  0]LogConfig: Setting CVar [[r.DOF.Gather.EnableBokehSettings:0       ; no bokeh simulation when gathering]]
[2019.02.19-11.35.28:569][  0]LogConfig: Setting CVar [[r.DOF.Gather.RingCount:4                 ; medium number of samples when gathering]]
[2019.02.19-11.35.28:570][  0]LogConfig: Setting CVar [[r.DOF.Scatter.ForegroundCompositing:1    ; additive foreground scattering]]
[2019.02.19-11.35.28:570][  0]LogConfig: Setting CVar [[r.DOF.Scatter.BackgroundCompositing:2    ; additive background scattering]]
[2019.02.19-11.35.28:570][  0]LogConfig: Setting CVar [[r.DOF.Scatter.EnableBokehSettings:1      ; bokeh simulation when scattering]]
[2019.02.19-11.35.28:570][  0]LogConfig: Setting CVar [[r.DOF.Scatter.MaxSpriteRatio:0.1         ; only a maximum of 10% of scattered bokeh]]
[2019.02.19-11.35.28:570][  0]LogConfig: Setting CVar [[r.DOF.Recombine.Quality:1                ; cheap slight out of focus]]
[2019.02.19-11.35.28:570][  0]LogConfig: Setting CVar [[r.DOF.Recombine.EnableBokehSettings:0    ; no bokeh simulation on slight out of focus]]
[2019.02.19-11.35.28:570][  0]LogConfig: Setting CVar [[r.DOF.TemporalAAQuality:1                ; more stable temporal accumulation]]
[2019.02.19-11.35.28:570][  0]LogConfig: Setting CVar [[r.DOF.Kernel.MaxForegroundRadius:0.025]]
[2019.02.19-11.35.28:570][  0]LogConfig: Setting CVar [[r.DOF.Kernel.MaxBackgroundRadius:0.025]]
[2019.02.19-11.35.28:570][  0]LogConfig: Applying CVar settings from Section [TextureQuality@3] File [C:/Users/gosus/Documents/CP-School/SeniorProject/gitRepos/Senior-Project-CPP-Testground/HSPGame/Saved/Config/Windows/Scalability.ini]
[2019.02.19-11.35.28:570][  0]LogConfig: Setting CVar [[r.Streaming.MipBias:0]]
[2019.02.19-11.35.28:570][  0]LogConfig: Setting CVar [[r.Streaming.AmortizeCPUToGPUCopy:0]]
[2019.02.19-11.35.28:570][  0]LogConfig: Setting CVar [[r.Streaming.MaxNumTexturesToStreamPerFrame:0]]
[2019.02.19-11.35.28:570][  0]LogConfig: Setting CVar [[r.Streaming.Boost:1]]
[2019.02.19-11.35.28:570][  0]LogConfig: Setting CVar [[r.MaxAnisotropy:8]]
[2019.02.19-11.35.28:570][  0]LogConfig: Setting CVar [[r.Streaming.LimitPoolSizeToVRAM:0]]
[2019.02.19-11.35.28:570][  0]LogConfig: Setting CVar [[r.Streaming.PoolSize:1000]]
[2019.02.19-11.35.28:570][  0]LogConfig: Setting CVar [[r.Streaming.MaxEffectiveScreenSize:0]]
[2019.02.19-11.35.28:570][  0]LogConfig: Applying CVar settings from Section [EffectsQuality@3] File [C:/Users/gosus/Documents/CP-School/SeniorProject/gitRepos/Senior-Project-CPP-Testground/HSPGame/Saved/Config/Windows/Scalability.ini]
[2019.02.19-11.35.28:570][  0]LogConfig: Setting CVar [[r.TranslucencyLightingVolumeDim:64]]
[2019.02.19-11.35.28:570][  0]LogConfig: Setting CVar [[r.RefractionQuality:2]]
[2019.02.19-11.35.28:571][  0]LogConfig: Setting CVar [[r.SSR.Quality:3]]
[2019.02.19-11.35.28:571][  0]LogConfig: Setting CVar [[r.SceneColorFormat:4]]
[2019.02.19-11.35.28:571][  0]LogConfig: Setting CVar [[r.DetailMode:2]]
[2019.02.19-11.35.28:571][  0]LogConfig: Setting CVar [[r.TranslucencyVolumeBlur:1]]
[2019.02.19-11.35.28:571][  0]LogConfig: Setting CVar [[r.MaterialQualityLevel:1 ; High quality]]
[2019.02.19-11.35.28:571][  0]LogConfig: Setting CVar [[r.SSS.Scale:1]]
[2019.02.19-11.35.28:571][  0]LogConfig: Setting CVar [[r.SSS.SampleSet:2]]
[2019.02.19-11.35.28:571][  0]LogConfig: Setting CVar [[r.SSS.Quality:1]]
[2019.02.19-11.35.28:571][  0]LogConfig: Setting CVar [[r.SSS.HalfRes:1]]
[2019.02.19-11.35.28:571][  0]LogConfig: Setting CVar [[r.EmitterSpawnRateScale:1.0]]
[2019.02.19-11.35.28:572][  0]LogConfig: Setting CVar [[r.ParticleLightQuality:2]]
[2019.02.19-11.35.28:572][  0]LogConfig: Applying CVar settings from Section [FoliageQuality@3] File [C:/Users/gosus/Documents/CP-School/SeniorProject/gitRepos/Senior-Project-CPP-Testground/HSPGame/Saved/Config/Windows/Scalability.ini]
[2019.02.19-11.35.28:572][  0]LogConfig: Setting CVar [[foliage.DensityScale:1.0]]
[2019.02.19-11.35.28:572][  0]LogConfig: Setting CVar [[grass.DensityScale:1.0]]
[2019.02.19-11.35.28:572][  0]LogInit: Selected Device Profile: [Windows]
[2019.02.19-11.35.28:572][  0]LogInit: Applying CVar settings loaded from the selected device profile: [Windows]
[2019.02.19-11.35.28:582][  0]LogHAL: Display: Platform has ~ 32 GB [34313105408 / 34359738368 / 32], which maps to Largest [LargestMinGB=32, LargerMinGB=12, DefaultMinGB=8, SmallerMinGB=6, SmallestMinGB=0)
[2019.02.19-11.35.28:582][  0]LogConfig: Setting CVar [[r.Vulkan.UseRealUBs:1]]
[2019.02.19-11.35.28:582][  0]LogInit: Going up to parent DeviceProfile []
[2019.02.19-11.35.28:582][  0]LogConfig: Applying CVar settings from Section [ViewDistanceQuality@3] File [C:/Users/gosus/Documents/CP-School/SeniorProject/gitRepos/Senior-Project-CPP-Testground/HSPGame/Saved/Config/Windows/Scalability.ini]
[2019.02.19-11.35.28:582][  0]LogConfig: Setting CVar [[r.SkeletalMeshLODBias:0]]
[2019.02.19-11.35.28:582][  0]LogConfig: Setting CVar [[r.ViewDistanceScale:1.0]]
[2019.02.19-11.35.28:582][  0]LogConfig: Applying CVar settings from Section [AntiAliasingQuality@3] File [C:/Users/gosus/Documents/CP-School/SeniorProject/gitRepos/Senior-Project-CPP-Testground/HSPGame/Saved/Config/Windows/Scalability.ini]
[2019.02.19-11.35.28:582][  0]LogConfig: Setting CVar [[r.PostProcessAAQuality:4]]
[2019.02.19-11.35.28:582][  0]LogConfig: Applying CVar settings from Section [ShadowQuality@3] File [C:/Users/gosus/Documents/CP-School/SeniorProject/gitRepos/Senior-Project-CPP-Testground/HSPGame/Saved/Config/Windows/Scalability.ini]
[2019.02.19-11.35.28:582][  0]LogConfig: Setting CVar [[r.LightFunctionQuality:1]]
[2019.02.19-11.35.28:582][  0]LogConfig: Setting CVar [[r.ShadowQuality:5]]
[2019.02.19-11.35.28:582][  0]LogConfig: Setting CVar [[r.Shadow.CSM.MaxCascades:10]]
[2019.02.19-11.35.28:582][  0]LogConfig: Setting CVar [[r.Shadow.MaxResolution:2048]]
[2019.02.19-11.35.28:582][  0]LogConfig: Setting CVar [[r.Shadow.MaxCSMResolution:2048]]
[2019.02.19-11.35.28:582][  0]LogConfig: Setting CVar [[r.Shadow.RadiusThreshold:0.01]]
[2019.02.19-11.35.28:582][  0]LogConfig: Setting CVar [[r.Shadow.DistanceScale:1.0]]
[2019.02.19-11.35.28:582][  0]LogConfig: Setting CVar [[r.Shadow.CSM.TransitionScale:1.0]]
[2019.02.19-11.35.28:582][  0]LogConfig: Setting CVar [[r.Shadow.PreShadowResolutionFactor:1.0]]
[2019.02.19-11.35.28:582][  0]LogConfig: Setting CVar [[r.DistanceFieldShadowing:1]]
[2019.02.19-11.35.28:582][  0]LogConfig: Setting CVar [[r.DistanceFieldAO:1]]
[2019.02.19-11.35.28:582][  0]LogConfig: Setting CVar [[r.AOQuality:2]]
[2019.02.19-11.35.28:583][  0]LogConfig: Setting CVar [[r.VolumetricFog:1]]
[2019.02.19-11.35.28:583][  0]LogConfig: Setting CVar [[r.VolumetricFog.GridPixelSize:8]]
[2019.02.19-11.35.28:583][  0]LogConfig: Setting CVar [[r.VolumetricFog.GridSizeZ:128]]
[2019.02.19-11.35.28:583][  0]LogConfig: Setting CVar [[r.VolumetricFog.HistoryMissSupersampleCount:4]]
[2019.02.19-11.35.28:583][  0]LogConfig: Setting CVar [[r.LightMaxDrawDistanceScale:1]]
[2019.02.19-11.35.28:583][  0]LogConfig: Setting CVar [[r.CapsuleShadows:1]]
[2019.02.19-11.35.28:583][  0]LogConfig: Applying CVar settings from Section [PostProcessQuality@3] File [C:/Users/gosus/Documents/CP-School/SeniorProject/gitRepos/Senior-Project-CPP-Testground/HSPGame/Saved/Config/Windows/Scalability.ini]
[2019.02.19-11.35.28:583][  0]LogConfig: Setting CVar [[r.MotionBlurQuality:4]]
[2019.02.19-11.35.28:583][  0]LogConfig: Setting CVar [[r.AmbientOcclusionMipLevelFactor:0.4]]
[2019.02.19-11.35.28:583][  0]LogConfig: Setting CVar [[r.AmbientOcclusionMaxQuality:100]]
[2019.02.19-11.35.28:583][  0]LogConfig: Setting CVar [[r.AmbientOcclusionLevels:-1]]
[2019.02.19-11.35.28:583][  0]LogConfig: Setting CVar [[r.AmbientOcclusionRadiusScale:1.0]]
[2019.02.19-11.35.28:583][  0]LogConfig: Setting CVar [[r.DepthOfFieldQuality:2]]
[2019.02.19-11.35.28:583][  0]LogConfig: Setting CVar [[r.RenderTargetPoolMin:400]]
[2019.02.19-11.35.28:583][  0]LogConfig: Setting CVar [[r.LensFlareQuality:2]]
[2019.02.19-11.35.28:583][  0]LogConfig: Setting CVar [[r.SceneColorFringeQuality:1]]
[2019.02.19-11.35.28:583][  0]LogConfig: Setting CVar [[r.EyeAdaptationQuality:2]]
[2019.02.19-11.35.28:583][  0]LogConfig: Setting CVar [[r.BloomQuality:5]]
[2019.02.19-11.35.28:583][  0]LogConfig: Setting CVar [[r.FastBlurThreshold:100]]
[2019.02.19-11.35.28:583][  0]LogConfig: Setting CVar [[r.Upscale.Quality:3]]
[2019.02.19-11.35.28:583][  0]LogConfig: Setting CVar [[r.Tonemapper.GrainQuantization:1]]
[2019.02.19-11.35.28:583][  0]LogConfig: Setting CVar [[r.LightShaftQuality:1]]
[2019.02.19-11.35.28:584][  0]LogConfig: Setting CVar [[r.Filter.SizeScale:1]]
[2019.02.19-11.35.28:584][  0]LogConfig: Setting CVar [[r.Tonemapper.Quality:5]]
[2019.02.19-11.35.28:584][  0]LogConfig: Setting CVar [[r.DOF.Gather.AccumulatorQuality:1        ; higher gathering accumulator quality]]
[2019.02.19-11.35.28:584][  0]LogConfig: Setting CVar [[r.DOF.Gather.PostfilterMethod:1          ; Median3x3 postfilering method]]
[2019.02.19-11.35.28:584][  0]LogConfig: Setting CVar [[r.DOF.Gather.EnableBokehSettings:0       ; no bokeh simulation when gathering]]
[2019.02.19-11.35.28:584][  0]LogConfig: Setting CVar [[r.DOF.Gather.RingCount:4                 ; medium number of samples when gathering]]
[2019.02.19-11.35.28:584][  0]LogConfig: Setting CVar [[r.DOF.Scatter.ForegroundCompositing:1    ; additive foreground scattering]]
[2019.02.19-11.35.28:584][  0]LogConfig: Setting CVar [[r.DOF.Scatter.BackgroundCompositing:2    ; additive background scattering]]
[2019.02.19-11.35.28:584][  0]LogConfig: Setting CVar [[r.DOF.Scatter.EnableBokehSettings:1      ; bokeh simulation when scattering]]
[2019.02.19-11.35.28:584][  0]LogConfig: Setting CVar [[r.DOF.Scatter.MaxSpriteRatio:0.1         ; only a maximum of 10% of scattered bokeh]]
[2019.02.19-11.35.28:584][  0]LogConfig: Setting CVar [[r.DOF.Recombine.Quality:1                ; cheap slight out of focus]]
[2019.02.19-11.35.28:584][  0]LogConfig: Setting CVar [[r.DOF.Recombine.EnableBokehSettings:0    ; no bokeh simulation on slight out of focus]]
[2019.02.19-11.35.28:584][  0]LogConfig: Setting CVar [[r.DOF.TemporalAAQuality:1                ; more stable temporal accumulation]]
[2019.02.19-11.35.28:584][  0]LogConfig: Setting CVar [[r.DOF.Kernel.MaxForegroundRadius:0.025]]
[2019.02.19-11.35.28:584][  0]LogConfig: Setting CVar [[r.DOF.Kernel.MaxBackgroundRadius:0.025]]
[2019.02.19-11.35.28:584][  0]LogConfig: Applying CVar settings from Section [TextureQuality@3] File [C:/Users/gosus/Documents/CP-School/SeniorProject/gitRepos/Senior-Project-CPP-Testground/HSPGame/Saved/Config/Windows/Scalability.ini]
[2019.02.19-11.35.28:584][  0]LogConfig: Setting CVar [[r.Streaming.MipBias:0]]
[2019.02.19-11.35.28:584][  0]LogConfig: Setting CVar [[r.Streaming.AmortizeCPUToGPUCopy:0]]
[2019.02.19-11.35.28:584][  0]LogConfig: Setting CVar [[r.Streaming.MaxNumTexturesToStreamPerFrame:0]]
[2019.02.19-11.35.28:584][  0]LogConfig: Setting CVar [[r.Streaming.Boost:1]]
[2019.02.19-11.35.28:584][  0]LogConfig: Setting CVar [[r.MaxAnisotropy:8]]
[2019.02.19-11.35.28:584][  0]LogConfig: Setting CVar [[r.Streaming.LimitPoolSizeToVRAM:0]]
[2019.02.19-11.35.28:584][  0]LogConfig: Setting CVar [[r.Streaming.PoolSize:1000]]
[2019.02.19-11.35.28:584][  0]LogConfig: Setting CVar [[r.Streaming.MaxEffectiveScreenSize:0]]
[2019.02.19-11.35.28:585][  0]LogConfig: Applying CVar settings from Section [EffectsQuality@3] File [C:/Users/gosus/Documents/CP-School/SeniorProject/gitRepos/Senior-Project-CPP-Testground/HSPGame/Saved/Config/Windows/Scalability.ini]
[2019.02.19-11.35.28:585][  0]LogConfig: Setting CVar [[r.TranslucencyLightingVolumeDim:64]]
[2019.02.19-11.35.28:585][  0]LogConfig: Setting CVar [[r.RefractionQuality:2]]
[2019.02.19-11.35.28:585][  0]LogConfig: Setting CVar [[r.SSR.Quality:3]]
[2019.02.19-11.35.28:585][  0]LogConfig: Setting CVar [[r.SceneColorFormat:4]]
[2019.02.19-11.35.28:585][  0]LogConfig: Setting CVar [[r.DetailMode:2]]
[2019.02.19-11.35.28:585][  0]LogConfig: Setting CVar [[r.TranslucencyVolumeBlur:1]]
[2019.02.19-11.35.28:585][  0]LogConfig: Setting CVar [[r.MaterialQualityLevel:1 ; High quality]]
[2019.02.19-11.35.28:585][  0]LogConfig: Setting CVar [[r.SSS.Scale:1]]
[2019.02.19-11.35.28:585][  0]LogConfig: Setting CVar [[r.SSS.SampleSet:2]]
[2019.02.19-11.35.28:585][  0]LogConfig: Setting CVar [[r.SSS.Quality:1]]
[2019.02.19-11.35.28:585][  0]LogConfig: Setting CVar [[r.SSS.HalfRes:1]]
[2019.02.19-11.35.28:585][  0]LogConfig: Setting CVar [[r.EmitterSpawnRateScale:1.0]]
[2019.02.19-11.35.28:585][  0]LogConfig: Setting CVar [[r.ParticleLightQuality:2]]
[2019.02.19-11.35.28:585][  0]LogConfig: Applying CVar settings from Section [FoliageQuality@3] File [C:/Users/gosus/Documents/CP-School/SeniorProject/gitRepos/Senior-Project-CPP-Testground/HSPGame/Saved/Config/Windows/Scalability.ini]
[2019.02.19-11.35.28:585][  0]LogConfig: Setting CVar [[foliage.DensityScale:1.0]]
[2019.02.19-11.35.28:585][  0]LogConfig: Setting CVar [[grass.DensityScale:1.0]]
[2019.02.19-11.35.28:585][  0]LogConfig: Applying CVar settings from Section [Startup] File [../../../Engine/Config/ConsoleVariables.ini]
[2019.02.19-11.35.28:585][  0]LogConfig: Setting CVar [[net.UseAdaptiveNetUpdateFrequency:0]]
[2019.02.19-11.35.28:586][  0]LogConfig: Applying CVar settings from Section [ConsoleVariables] File [C:/Users/gosus/Documents/CP-School/SeniorProject/gitRepos/Senior-Project-CPP-Testground/HSPGame/Saved/Config/Windows/Engine.ini]
[2019.02.19-11.35.28:586][  0]LogInit: Computer: UNIT-01
[2019.02.19-11.35.28:586][  0]LogInit: User: gosus
[2019.02.19-11.35.28:586][  0]LogInit: CPU Page size=4096, Cores=4
[2019.02.19-11.35.28:586][  0]LogInit: High frequency timer resolution =10.000000 MHz
[2019.02.19-11.35.28:586][  0]LogMemory: Memory total: Physical=32.0GB (32GB approx)
[2019.02.19-11.35.28:586][  0]LogMemory: Platform Memory Stats for Windows
[2019.02.19-11.35.28:586][  0]LogMemory: Process Physical Memory: 103.83 MB used, 103.84 MB peak
[2019.02.19-11.35.28:586][  0]LogMemory: Process Virtual Memory: 90.34 MB used, 90.34 MB peak
[2019.02.19-11.35.28:586][  0]LogMemory: Physical Memory: 12746.50 MB used,  19977.02 MB free, 32723.53 MB total
[2019.02.19-11.35.28:586][  0]LogMemory: Virtual Memory: 4648.41 MB used,  134213080.00 MB free, 134217728.00 MB total
[2019.02.19-11.35.28:696][  0]LogInit: Using OS detected language (en-US).
[2019.02.19-11.35.28:696][  0]LogInit: Using OS detected locale (en-US).
[2019.02.19-11.35.28:696][  0]LogTextLocalizationManager: No specific localization for 'en-US' exists, so the 'en' localization will be used.
[2019.02.19-11.35.29:013][  0]LogStreaming: Display: Took  0.317s to InitEngineTextLocalization.
[2019.02.19-11.35.29:013][  0]LogInit: Setting process to per monitor DPI aware
[2019.02.19-11.35.29:067][  0]LogSlate: New Slate User Created.  User Index 0, Is Virtual User: 0
[2019.02.19-11.35.29:067][  0]LogSlate: Slate User Registered.  User Index 0, Is Virtual User: 0
[2019.02.19-11.35.29:236][  0]LogHMD: Failed to initialize OpenVR with code 110
[2019.02.19-11.35.29:236][  0]LogD3D11RHI: D3D11 adapters:
[2019.02.19-11.35.29:387][  0]LogD3D11RHI:    0. 'NVIDIA GeForce RTX 2080' (Feature Level 11_0)
[2019.02.19-11.35.29:387][  0]LogD3D11RHI:       8010/0/16361 MB DedicatedVideo/DedicatedSystem/SharedSystem, Outputs:2, VendorId:0x10de
[2019.02.19-11.35.29:391][  0]LogD3D11RHI:    1. 'Microsoft Basic Render Driver' (Feature Level 11_0)
[2019.02.19-11.35.29:391][  0]LogD3D11RHI:       0/0/16361 MB DedicatedVideo/DedicatedSystem/SharedSystem, Outputs:0, VendorId:0x1414
[2019.02.19-11.35.29:391][  0]LogD3D11RHI: Chosen D3D11 Adapter: 0
[2019.02.19-11.35.29:397][  0]LogD3D11RHI: Creating new Direct3DDevice
[2019.02.19-11.35.29:397][  0]LogD3D11RHI:     GPU DeviceId: 0x1e87 (for the marketing name, search the web for "GPU Device Id")
[2019.02.19-11.35.29:397][  0]LogWindows: EnumDisplayDevices:
[2019.02.19-11.35.29:398][  0]LogWindows:    0. 'NVIDIA GeForce RTX 2080' (P:1 D:1)
[2019.02.19-11.35.29:398][  0]LogWindows:    1. 'NVIDIA GeForce RTX 2080' (P:0 D:1)
[2019.02.19-11.35.29:398][  0]LogWindows:    2. 'NVIDIA GeForce RTX 2080' (P:0 D:0)
[2019.02.19-11.35.29:398][  0]LogWindows:    3. 'NVIDIA GeForce RTX 2080' (P:0 D:0)
[2019.02.19-11.35.29:399][  0]LogWindows: DebugString: FoundDriverCount:4 
[2019.02.19-11.35.29:399][  0]LogD3D11RHI:     Adapter Name: NVIDIA GeForce RTX 2080
[2019.02.19-11.35.29:399][  0]LogD3D11RHI:   Driver Version: 418.91 (internal:25.21.14.1891, unified:418.91)
[2019.02.19-11.35.29:399][  0]LogD3D11RHI:      Driver Date: 2-6-2019
[2019.02.19-11.35.29:399][  0]LogRHI: Texture pool is 5607 MB (70% of 8010 MB)
[2019.02.19-11.35.29:437][  0]LogD3D11RHI: Async texture creation enabled
[2019.02.19-11.35.29:453][  0]LogD3D11RHI: GPU Timing Frequency: 1000.000000 (Debug: 2 2)
[2019.02.19-11.35.29:831][  0]LogTemp: Display: Loaded TP AllDesktopTargetPlatform
[2019.02.19-11.35.29:845][  0]LogTemp: Display: Loaded TP MacClientTargetPlatform
[2019.02.19-11.35.29:858][  0]LogTemp: Display: Loaded TP MacNoEditorTargetPlatform
[2019.02.19-11.35.29:872][  0]LogTemp: Display: Loaded TP MacServerTargetPlatform
[2019.02.19-11.35.29:887][  0]LogTemp: Display: Loaded TP MacTargetPlatform
[2019.02.19-11.35.29:901][  0]LogTemp: Display: Loaded TP WindowsClientTargetPlatform
[2019.02.19-11.35.29:915][  0]LogTemp: Display: Loaded TP WindowsNoEditorTargetPlatform
[2019.02.19-11.35.29:928][  0]LogTemp: Display: Loaded TP WindowsServerTargetPlatform
[2019.02.19-11.35.29:937][  0]LogTemp: Display: Loaded TP WindowsTargetPlatform
[2019.02.19-11.35.30:002][  0]LogTemp: Display: Loaded TP AndroidTargetPlatform
[2019.02.19-11.35.30:003][  0]LogTemp: Display: Loaded TP AndroidTargetPlatform
[2019.02.19-11.35.30:003][  0]LogTemp: Display: Loaded TP AndroidTargetPlatform
[2019.02.19-11.35.30:003][  0]LogTemp: Display: Loaded TP AndroidTargetPlatform
[2019.02.19-11.35.30:003][  0]LogTemp: Display: Loaded TP AndroidTargetPlatform
[2019.02.19-11.35.30:003][  0]LogTemp: Display: Loaded TP AndroidTargetPlatform
[2019.02.19-11.35.30:003][  0]LogTemp: Display: Loaded TP AndroidTargetPlatform
[2019.02.19-11.35.30:003][  0]LogTemp: Display: Loaded TP AndroidTargetPlatform
[2019.02.19-11.35.30:003][  0]LogTemp: Display: Loaded TP AndroidTargetPlatform
[2019.02.19-11.35.30:003][  0]LogTemp: Display: Loaded TP AndroidTargetPlatform
[2019.02.19-11.35.30:003][  0]LogTemp: Display: Loaded TP AndroidTargetPlatform
[2019.02.19-11.35.30:003][  0]LogTemp: Display: Loaded TP AndroidTargetPlatform
[2019.02.19-11.35.30:003][  0]LogTemp: Display: Loaded TP AndroidTargetPlatform
[2019.02.19-11.35.30:003][  0]LogTemp: Display: Loaded TP AndroidTargetPlatform
[2019.02.19-11.35.30:003][  0]LogTemp: Display: Loaded TP AndroidTargetPlatform
[2019.02.19-11.35.30:003][  0]LogTemp: Display: Loaded TP AndroidTargetPlatform
[2019.02.19-11.35.30:003][  0]LogTemp: Display: Loaded TP AndroidTargetPlatform
[2019.02.19-11.35.30:003][  0]LogTemp: Display: Loaded TP AndroidTargetPlatform
[2019.02.19-11.35.30:007][  0]LogTemp: Display: Loaded TP HTML5TargetPlatform
[2019.02.19-11.35.30:074][  0]LogTemp: Display: Loaded TP IOSTargetPlatform
[2019.02.19-11.35.30:074][  0]LogTemp: Display: Loaded TP IOSTargetPlatform
[2019.02.19-11.35.30:095][  0]LogTemp: Display: Loaded TP TVOSTargetPlatform
[2019.02.19-11.35.30:095][  0]LogTemp: Display: Loaded TP TVOSTargetPlatform
[2019.02.19-11.35.30:107][  0]LogTemp: Display: Loaded TP LinuxClientTargetPlatform
[2019.02.19-11.35.30:119][  0]LogTemp: Display: Loaded TP LinuxNoEditorTargetPlatform
[2019.02.19-11.35.30:131][  0]LogTemp: Display: Loaded TP LinuxServerTargetPlatform
[2019.02.19-11.35.30:143][  0]LogTemp: Display: Loaded TP LinuxTargetPlatform
[2019.02.19-11.35.30:193][  0]LogTemp: Display: Loaded TP LuminTargetPlatform
[2019.02.19-11.35.30:193][  0]LogTemp: Display: Loaded TP LuminTargetPlatform
[2019.02.19-11.35.30:193][  0]LogTargetPlatformManager: Display: Building Assets For Windows
[2019.02.19-11.35.30:306][  0]LogShaderCompilers: Guid format shader working directory is -50 characters bigger than the processId version (C:/Users/gosus/Documents/CP-School/SeniorProject/gitRepos/Senior-Project-CPP-Testground/HSPGame/Intermediate/Shaders/WorkingDirectory/10668/).
[2019.02.19-11.35.30:306][  0]LogShaderCompilers: Cleaned the shader compiler working directory 'C:/Users/gosus/AppData/Local/Temp/UnrealShaderWorkingDir/CACA9769472862FFAA4ABFA5A1444056/'.
[2019.02.19-11.35.30:307][  0]LogXGEController: Cannot use XGE Controller as Incredibuild is not installed on this machine.
[2019.02.19-11.35.30:307][  0]LogShaderCompilers: Cannot use XGE Shader Compiler as Incredibuild is not installed on this machine.
[2019.02.19-11.35.30:308][  0]LogShaderCompilers: Display: Using Local Shader Compiler.
[2019.02.19-11.35.30:766][  0]LogDerivedDataCache: Display: Max Cache Size: 512 MB
[2019.02.19-11.35.30:803][  0]LogDerivedDataCache: Loaded boot cache 0.04s 71MB C:/Users/gosus/AppData/Local/UnrealEngine/4.21/DerivedDataCache/Boot.ddc.
[2019.02.19-11.35.30:804][  0]LogDerivedDataCache: Display: Loaded Boot cache: C:/Users/gosus/AppData/Local/UnrealEngine/4.21/DerivedDataCache/Boot.ddc
[2019.02.19-11.35.30:804][  0]LogDerivedDataCache: FDerivedDataBackendGraph:  Pak pak cache file C:/Users/gosus/Documents/CP-School/SeniorProject/gitRepos/Senior-Project-CPP-Testground/HSPGame/DerivedDataCache/DDC.ddp not found, will not use a pak cache.
[2019.02.19-11.35.30:804][  0]LogDerivedDataCache: Unable to find inner node Pak for hierarchical cache Hierarchy.
[2019.02.19-11.35.30:804][  0]LogDerivedDataCache: FDerivedDataBackendGraph:  CompressedPak pak cache file C:/Users/gosus/Documents/CP-School/SeniorProject/gitRepos/Senior-Project-CPP-Testground/HSPGame/DerivedDataCache/Compressed.ddp not found, will not use a pak cache.
[2019.02.19-11.35.30:804][  0]LogDerivedDataCache: Unable to find inner node CompressedPak for hierarchical cache Hierarchy.
[2019.02.19-11.35.30:814][  0]LogDerivedDataCache: Display: Pak cache opened for reading ../../../Engine/DerivedDataCache/Compressed.ddp.
[2019.02.19-11.35.30:814][  0]LogDerivedDataCache: FDerivedDataBackendGraph:  EnterprisePak pak cache file ../../../Enterprise/DerivedDataCache/Compressed.ddp not found, will not use a pak cache.
[2019.02.19-11.35.30:814][  0]LogDerivedDataCache: Unable to find inner node EnterprisePak for hierarchical cache Hierarchy.
[2019.02.19-11.35.30:827][  0]LogDerivedDataCache: Using Local data cache path C:/Users/gosus/AppData/Local/UnrealEngine/Common/DerivedDataCache: Writable
[2019.02.19-11.35.30:827][  0]LogDerivedDataCache: Shared data cache path not found in *engine.ini, will not use an Shared cache.
[2019.02.19-11.35.30:827][  0]LogDerivedDataCache: Unable to find inner node Shared for hierarchical cache Hierarchy.
[2019.02.19-11.35.30:849][  0]LogMaterial: Verifying Global Shaders for PCD3D_SM5
[2019.02.19-11.35.30:850][  0]LogSlate: Using FreeType 2.6.0
[2019.02.19-11.35.30:851][  0]LogSlate: SlateFontServices - WITH_FREETYPE: 1, WITH_HARFBUZZ: 1
[2019.02.19-11.35.30:921][  0]LogAssetRegistry: FAssetRegistry took 0.0326 seconds to start up
[2019.02.19-11.35.31:195][  0]LogInit: Selected Device Profile: [Windows]
[2019.02.19-11.35.31:343][  0]LogSimplygon: Simplygon DLL not present - disabling.
[2019.02.19-11.35.31:354][  0]LogMeshReduction: Using SimplygonSwarm for distributed automatic mesh merging
[2019.02.19-11.35.31:354][  0]LogMeshReduction: Using ProxyLODMeshReduction for automatic mesh merging
[2019.02.19-11.35.31:354][  0]LogMeshReduction: Using QuadricMeshReduction for automatic static mesh reduction
[2019.02.19-11.35.31:354][  0]LogMeshReduction: No automatic skeletal mesh reduction module available
[2019.02.19-11.35.31:365][  0]LogNetVersion: HSPGame 1.0.0, NetCL: 4541578, EngineNetVer: 5, GameNetVer: 0 (Checksum: 2893343623)
[2019.02.19-11.35.31:803][  0]LogPackageLocalizationCache: Processed 11 localized package path(s) for 2 prioritized culture(s) in 0.096202 seconds
[2019.02.19-11.35.31:808][  0]LogUObjectArray: 39775 objects as part of root set at end of initial load.
[2019.02.19-11.35.31:808][  0]LogUObjectAllocator: 6914664 out of 0 bytes used by permanent object pool.
[2019.02.19-11.35.31:808][  0]LogUObjectArray: CloseDisregardForGC: 0/0 objects in disregard for GC pool
[2019.02.19-11.35.32:660][  0]LogTcpMessaging: Initializing TcpMessaging bridge
[2019.02.19-11.35.32:676][  0]LogUdpMessaging: Initializing bridge on interface 0.0.0.0:0 to multicast group 230.0.0.1:6666.
[2019.02.19-11.35.33:293][  0]SourceControl: Source control is disabled
[2019.02.19-11.35.33:293][  0]SourceControl: Source control is disabled
[2019.02.19-11.35.33:302][  0]SourceControl: Source control is disabled
[2019.02.19-11.35.33:306][  0]SourceControl: Source control is disabled
[2019.02.19-11.35.33:600][  0]LogAndroidPermission: UAndroidPermissionCallbackProxy::GetInstance
[2019.02.19-11.35.33:822][  0]LogOcInput: OculusInput pre-init called
[2019.02.19-11.35.33:963][  0]LogEngine: Initializing Engine...
[2019.02.19-11.35.33:964][  0]LogHMD: Failed to initialize OpenVR with code 110
[2019.02.19-11.35.33:965][  0]LogStats: UGameplayTagsManager::ConstructGameplayTagTree: ImportINI prefixes -  0.000 s
[2019.02.19-11.35.33:965][  0]LogStats: UGameplayTagsManager::ConstructGameplayTagTree: Construct from data asset -  0.000 s
[2019.02.19-11.35.33:965][  0]LogStats: UGameplayTagsManager::ConstructGameplayTagTree: ImportINI -  0.000 s
[2019.02.19-11.35.33:965][  0]LogStats: UGameplayTagsManager::ConstructGameplayTagTree: GameplayTagTreeChangedEvent.Broadcast -  0.000 s
[2019.02.19-11.35.34:139][  0]LogInit: Initializing FReadOnlyCVARCache
[2019.02.19-11.35.34:151][  0]LogAIModule: Creating AISystem for world Untitled
[2019.02.19-11.35.34:227][  0]LogInit: XAudio2 using 'Headphones (LE_WH-1000XM3 Stereo)' : 2 channels at 44.1 kHz using 16 bits per sample (channel mask 0x3)
[2019.02.19-11.35.34:252][  0]LogInit: FAudioDevice initialized.
[2019.02.19-11.35.34:253][  0]LogNetVersion: Set ProjectVersion to 1.0.0.0. Version Checksum will be recalculated on next use.
[2019.02.19-11.35.34:289][  0]LogDerivedDataCache: Saved boot cache 0.04s 71MB C:/Users/gosus/AppData/Local/UnrealEngine/4.21/DerivedDataCache/Boot.ddc.
[2019.02.19-11.35.34:292][  0]LogInit: Texture streaming: Enabled
[2019.02.19-11.35.34:315][  0]LogEngineSessionManager: EngineSessionManager initialized
[2019.02.19-11.35.34:325][  0]LogInit: Transaction tracking system initialized
[2019.02.19-11.35.34:361][  0]BlueprintLog: New page: Editor Load
[2019.02.19-11.35.34:494][  0]LocalizationService: Localization service is disabled
[2019.02.19-11.35.34:928][  0]LogFileCache: Scanning file cache for directory 'C:/Users/gosus/Documents/CP-School/SeniorProject/gitRepos/Senior-Project-CPP-Testground/HSPGame/Content/' took 0.02s
[2019.02.19-11.35.34:928][  0]LogCook: Display: Max memory allowance for cook 16384mb min free memory 0mb
[2019.02.19-11.35.34:928][  0]LogCook: Display: Mobile HDR setting 1
[2019.02.19-11.35.34:928][  0]LogGameplayTags: Display: UGameplayTagsManager::DoneAddingNativeTags. DelegateIsBound: 0
[2019.02.19-11.35.34:928][  0]LogStats: UGameplayTagsManager::ConstructGameplayTagTree: ImportINI prefixes -  0.000 s
[2019.02.19-11.35.34:928][  0]LogStats: UGameplayTagsManager::ConstructGameplayTagTree: Construct from data asset -  0.000 s
[2019.02.19-11.35.34:929][  0]LogStats: UGameplayTagsManager::ConstructGameplayTagTree: ImportINI -  0.000 s
[2019.02.19-11.35.34:929][  0]LogStats: UGameplayTagsManager::ConstructGameplayTagTree: GameplayTagTreeChangedEvent.Broadcast -  0.000 s
[2019.02.19-11.35.35:127][  0]SourceControl: Source control is disabled
[2019.02.19-11.35.35:128][  0]LightingResults: New page: Lighting Build
[2019.02.19-11.35.35:129][  0]MapCheck: New page: Map Check
[2019.02.19-11.35.35:129][  0]LightingResults: New page: Lighting Build
[2019.02.19-11.35.35:595][  0]LogAIModule: Creating AISystem for world Minimal_Default
[2019.02.19-11.35.35:670][  0]LogEditorServer: Finished looking for orphan Actors (0.000 secs)
[2019.02.19-11.35.35:700][  0]Cmd: MAP CHECKDEP NOCLEARLOG
[2019.02.19-11.35.35:700][  0]MapCheck: Map check complete: 0 Error(s), 0 Warning(s), took 0.147ms to complete.
[2019.02.19-11.35.35:701][  0]LogFileHelpers: Loading map 'Minimal_Default' took 0.573
[2019.02.19-11.35.35:813][  0]LogSlate: Updating window title bar state: overlay mode, drag disabled, window buttons hidden, title bar hidden
[2019.02.19-11.35.35:818][  0]LogSlate: Updating window title bar state: overlay mode, drag disabled, window buttons hidden, title bar hidden
[2019.02.19-11.35.35:824][  0]LogSlate: Updating window title bar state: overlay mode, drag disabled, window buttons hidden, title bar hidden
[2019.02.19-11.35.35:829][  0]LogSlate: Updating window title bar state: overlay mode, drag disabled, window buttons hidden, title bar hidden
[2019.02.19-11.35.35:836][  0]LogCollectionManager: Loaded 0 collections in 0.000889 seconds
[2019.02.19-11.35.35:851][  0]LogFileCache: Scanning file cache for directory 'C:/Users/gosus/Documents/CP-School/SeniorProject/gitRepos/Senior-Project-CPP-Testground/HSPGame/Saved/Collections/' took 0.01s
[2019.02.19-11.35.35:851][  0]LogFileCache: Scanning file cache for directory 'C:/Users/gosus/Documents/CP-School/SeniorProject/gitRepos/Senior-Project-CPP-Testground/HSPGame/Content/Developers/gosus/Collections/' took 0.00s
[2019.02.19-11.35.35:851][  0]LogFileCache: Scanning file cache for directory 'C:/Users/gosus/Documents/CP-School/SeniorProject/gitRepos/Senior-Project-CPP-Testground/HSPGame/Content/Collections/' took 0.00s
[2019.02.19-11.35.35:851][  0]LogCollectionManager: Rebuilt the GUID cache for 0 collections in 0.000000 seconds
[2019.02.19-11.35.35:858][  0]LogContentBrowser: Native class hierarchy populated in 0.0065 seconds. Added 2656 classes and 622 folders.
[2019.02.19-11.35.35:864][  0]LogContentBrowser: Native class hierarchy updated for 'WidgetCarousel' in 0.0002 seconds. Added 0 classes and 0 folders.
[2019.02.19-11.35.35:865][  0]LogPakFile: Registered encryption key '00000000000000000000000000000000': 0 pak files mounted, 0 remain pending
[2019.02.19-11.35.35:866][  0]LogPakFile: Registered encryption key '00000000000000000000000000000000': 0 pak files mounted, 0 remain pending
[2019.02.19-11.35.35:866][  0]LogPakFile: Registered encryption key '00000000000000000000000000000000': 0 pak files mounted, 0 remain pending
[2019.02.19-11.35.35:867][  0]LogPakFile: Registered encryption key '00000000000000000000000000000000': 0 pak files mounted, 0 remain pending
[2019.02.19-11.35.35:867][  0]LogPakFile: Registered encryption key '00000000000000000000000000000000': 0 pak files mounted, 0 remain pending
[2019.02.19-11.35.35:868][  0]LogPakFile: Registered encryption key '00000000000000000000000000000000': 0 pak files mounted, 0 remain pending
[2019.02.19-11.35.35:868][  0]LogPakFile: Registered encryption key '00000000000000000000000000000000': 0 pak files mounted, 0 remain pending
[2019.02.19-11.35.35:868][  0]LogPakFile: Registered encryption key '00000000000000000000000000000000': 0 pak files mounted, 0 remain pending
[2019.02.19-11.35.35:869][  0]LogPakFile: Registered encryption key '00000000000000000000000000000000': 0 pak files mounted, 0 remain pending
[2019.02.19-11.35.35:869][  0]LogPakFile: Registered encryption key '00000000000000000000000000000000': 0 pak files mounted, 0 remain pending
[2019.02.19-11.35.35:869][  0]LogPakFile: Registered encryption key '00000000000000000000000000000000': 0 pak files mounted, 0 remain pending
[2019.02.19-11.35.35:870][  0]LogPakFile: Registered encryption key '00000000000000000000000000000000': 0 pak files mounted, 0 remain pending
[2019.02.19-11.35.35:870][  0]LogPakFile: Registered encryption key '00000000000000000000000000000000': 0 pak files mounted, 0 remain pending
[2019.02.19-11.35.35:870][  0]LogPakFile: Registered encryption key '00000000000000000000000000000000': 0 pak files mounted, 0 remain pending
[2019.02.19-11.35.35:871][  0]LogPakFile: Registered encryption key '00000000000000000000000000000000': 0 pak files mounted, 0 remain pending
[2019.02.19-11.35.35:871][  0]LogPakFile: Registered encryption key '00000000000000000000000000000000': 0 pak files mounted, 0 remain pending
[2019.02.19-11.35.35:872][  0]LogPakFile: Registered encryption key '00000000000000000000000000000000': 0 pak files mounted, 0 remain pending
[2019.02.19-11.35.35:872][  0]LogPakFile: Registered encryption key '00000000000000000000000000000000': 0 pak files mounted, 0 remain pending
[2019.02.19-11.35.35:872][  0]LogPakFile: Registered encryption key '00000000000000000000000000000000': 0 pak files mounted, 0 remain pending
[2019.02.19-11.35.35:872][  0]LogPakFile: Registered encryption key '00000000000000000000000000000000': 0 pak files mounted, 0 remain pending
[2019.02.19-11.35.35:872][  0]LogPakFile: Registered encryption key '00000000000000000000000000000000': 0 pak files mounted, 0 remain pending
[2019.02.19-11.35.35:872][  0]LogPakFile: Registered encryption key '00000000000000000000000000000000': 0 pak files mounted, 0 remain pending
[2019.02.19-11.35.35:873][  0]LogPakFile: Registered encryption key '00000000000000000000000000000000': 0 pak files mounted, 0 remain pending
[2019.02.19-11.35.35:873][  0]LogPakFile: Registered encryption key '00000000000000000000000000000000': 0 pak files mounted, 0 remain pending
[2019.02.19-11.35.35:874][  0]LogPakFile: Registered encryption key '00000000000000000000000000000000': 0 pak files mounted, 0 remain pending
[2019.02.19-11.35.35:874][  0]LogPakFile: Registered encryption key '00000000000000000000000000000000': 0 pak files mounted, 0 remain pending
[2019.02.19-11.35.35:893][  0]LogContentBrowser: Native class hierarchy updated for 'AddContentDialog' in 0.0002 seconds. Added 0 classes and 0 folders.
[2019.02.19-11.35.35:901][  0]LogContentBrowser: Native class hierarchy updated for 'SceneOutliner' in 0.0003 seconds. Added 1 classes and 2 folders.
[2019.02.19-11.35.35:919][  0]LogSlate: Took 0.000104 seconds to synchronously load lazily loaded font '../../../Engine/Content/Slate/Fonts/Roboto-Regular.ttf' (155K)
[2019.02.19-11.35.35:921][  0]LogSlate: Took 0.000095 seconds to synchronously load lazily loaded font '../../../Engine/Content/Slate/Fonts/Roboto-Bold.ttf' (160K)
[2019.02.19-11.35.35:925][  0]LogSlate: Took 0.000130 seconds to synchronously load lazily loaded font '../../../Engine/Content/Editor/Slate/Fonts/FontAwesome.ttf' (139K)
[2019.02.19-11.35.35:987][  0]LogRenderer: Reallocating scene render targets to support 1776x796 Format 10 NumSamples 1 (Frame:1).
[2019.02.19-11.35.36:108][  0]LogContentBrowser: Native class hierarchy updated for 'HierarchicalLODOutliner' in 0.0003 seconds. Added 0 classes and 0 folders.
[2019.02.19-11.35.36:108][  0]LogLoad: (Engine Initialization) Total time: 9.06 seconds
[2019.02.19-11.35.36:108][  0]LogLoad: (Engine Initialization) Total Blueprint compile time: 0.00 seconds
[2019.02.19-11.35.36:177][  0]LogContentStreaming: Texture pool size now 1000 MB
[2019.02.19-11.35.36:227][  1]LogAssetRegistry: Asset discovery search completed in 5.3297 seconds
[2019.02.19-11.35.36:228][  1]LogCollectionManager: Rebuilt the object cache for 0 collections in 0.000000 seconds (found 0 objects)
[2019.02.19-11.35.36:229][  1]LogCollectionManager: Fixed up redirectors for 0 collections in 0.000136 seconds (updated 0 objects)
[2019.02.19-11.36.20:037][245]LogSlate: FSceneViewport::OnFocusLost() reason 0
[2019.02.19-11.36.20:088][251]LogSlate: Window 'Message Log' being destroyed
[2019.02.19-11.36.20:093][251]LogSlate: Window 'Message Log' being destroyed
[2019.02.19-11.36.21:016][362]LogSlate: FSceneViewport::OnFocusLost() reason 0
[2019.02.19-11.36.21:057][367]LogTemp: Repeating last play command: Selected Viewport
[2019.02.19-11.36.21:072][367]LogBlueprintUserMessages: Early PlayInEditor Detection: Level '/Game/StarterContent/Maps/Minimal_Default.Minimal_Default:PersistentLevel' has LevelScriptBlueprint '/Game/StarterContent/Maps/Minimal_Default.Minimal_Default:PersistentLevel.Minimal_Default' with GeneratedClass '/Game/StarterContent/Maps/Minimal_Default.Minimal_Default_C' with ClassGeneratedBy '/Game/StarterContent/Maps/Minimal_Default.Minimal_Default:PersistentLevel.Minimal_Default'
[2019.02.19-11.36.21:072][367]LogPlayLevel: PlayLevel: No blueprints needed recompiling
[2019.02.19-11.36.21:072][367]PIE: New page: PIE session: Minimal_Default (Feb 18, 2019, 7:36:21 PM)
[2019.02.19-11.36.21:086][367]LogPlayLevel: Creating play world package: /Game/StarterContent/Maps/UEDPIE_0_Minimal_Default
[2019.02.19-11.36.21:162][367]LogMaterial: Display: Missing cached shader map for material DefaultMaterial, compiling. 
[2019.02.19-11.36.21:195][367]LogMaterial: Display: Missing cached shader map for material DefaultMaterial, compiling. 
[2019.02.19-11.36.21:206][367]LogShaderCompilers: Display: Shaders left to compile 22
[2019.02.19-11.36.21:207][367]LogShaderCompilers: Display: Shaders left to compile 12
[2019.02.19-11.36.21:207][367]LogShaderCompilers: Display: Shaders left to compile 2
[2019.02.19-11.36.21:207][367]LogMaterial: Display: Missing cached shader map for material DefaultMaterial, compiling. 
[2019.02.19-11.36.21:219][367]LogMaterial: Display: Missing cached shader map for material DefaultMaterial, compiling. 
[2019.02.19-11.36.21:234][367]LogShaderCompilers: Display: Shaders left to compile 44
[2019.02.19-11.36.21:234][367]LogMaterial: Display: Missing cached shader map for material DefaultMaterial, compiling. 
[2019.02.19-11.36.21:255][367]LogPlayLevel: PIE: StaticDuplicateObject took: (0.168486s)
[2019.02.19-11.36.21:256][367]LogAIModule: Creating AISystem for world Minimal_Default
[2019.02.19-11.36.21:256][367]LogPlayLevel: PIE: World Init took: (0.000743s)
[2019.02.19-11.36.21:256][367]LogPlayLevel: PIE: Created PIE world by copying editor world from /Game/StarterContent/Maps/Minimal_Default.Minimal_Default to /Game/StarterContent/Maps/UEDPIE_0_Minimal_Default.Minimal_Default (0.169704s)
[2019.02.19-11.36.21:357][367]LogInit: XAudio2 using 'Headphones (LE_WH-1000XM3 Stereo)' : 2 channels at 44.1 kHz using 16 bits per sample (channel mask 0x3)
[2019.02.19-11.36.21:369][367]LogInit: FAudioDevice initialized.
[2019.02.19-11.36.21:427][367]LogLoad: Game class is 'BP_HSPGameGameModeBase_C'
[2019.02.19-11.36.21:437][367]LogWorld: Bringing World /Game/StarterContent/Maps/UEDPIE_0_Minimal_Default.Minimal_Default up for play (max tick rate 0) at 2019.02.19-03.36.21
[2019.02.19-11.36.21:438][367]LogWorld: Bringing up level for play took: 0.009549
[2019.02.19-11.36.21:455][367]LogContentBrowser: Native class hierarchy updated for 'MovieSceneCapture' in 0.0005 seconds. Added 20 classes and 0 folders.
[2019.02.19-11.36.21:456][367]LogBlueprintUserMessages: [BP_EnemySlime2_5] Hello
[2019.02.19-11.36.21:456][367]LogBlueprintUserMessages: [BP_EnemySlime3_9] Hello
[2019.02.19-11.36.21:456][367]LogBlueprintUserMessages: [BP_EnemySlime4_12] Hello
[2019.02.19-11.36.21:457][367]LogBlueprintUserMessages: [BP_EnemySlime_2] Hello
[2019.02.19-11.36.21:457][367]PIE: Play in editor start time for /Game/StarterContent/Maps/UEDPIE_0_Minimal_Default 1.294
[2019.02.19-11.36.21:457][367]LogBlueprintUserMessages: Late PlayInEditor Detection: Level '/Game/StarterContent/Maps/Minimal_Default.Minimal_Default:PersistentLevel' has LevelScriptBlueprint '/Game/StarterContent/Maps/Minimal_Default.Minimal_Default:PersistentLevel.Minimal_Default' with GeneratedClass '/Game/StarterContent/Maps/Minimal_Default.Minimal_Default_C' with ClassGeneratedBy '/Game/StarterContent/Maps/Minimal_Default.Minimal_Default:PersistentLevel.Minimal_Default'
[2019.02.19-11.36.21:744][394]LogShaderCompilers: Display: Shaders left to compile 78
[2019.02.19-11.36.23:206][565]LogShaderCompilers: Display: Shaders left to compile 68
[2019.02.19-11.36.23:333][580]LogShaderCompilers: Display: Shaders left to compile 58
[2019.02.19-11.36.24:479][717]LogShaderCompilers: Display: Shaders left to compile 48
[2019.02.19-11.36.24:627][734]LogShaderCompilers: Display: Shaders left to compile 38
[2019.02.19-11.36.24:937][771]LogShaderCompilers: Display: Shaders left to compile 28
[2019.02.19-11.36.26:045][903]LogShaderCompilers: Display: Shaders left to compile 18
[2019.02.19-11.36.26:235][926]LogShaderCompilers: Display: Shaders left to compile 8
[2019.02.19-11.36.27:284][ 50]LogSlate: FSceneViewport::OnFocusLost() reason 0
[2019.02.19-11.36.27:377][ 61]LogBlueprintUserMessages: Early EndPlayMap Detection: Level '/Game/StarterContent/Maps/Minimal_Default.Minimal_Default:PersistentLevel' has LevelScriptBlueprint '/Game/StarterContent/Maps/Minimal_Default.Minimal_Default:PersistentLevel.Minimal_Default' with GeneratedClass '/Game/StarterContent/Maps/Minimal_Default.Minimal_Default_C' with ClassGeneratedBy '/Game/StarterContent/Maps/Minimal_Default.Minimal_Default:PersistentLevel.Minimal_Default'
[2019.02.19-11.36.27:377][ 61]LogSlate: Updating window title bar state: overlay mode, drag disabled, window buttons hidden, title bar hidden
[2019.02.19-11.36.27:420][ 61]LogPlayLevel: Display: Shutting down PIE online subsystems
[2019.02.19-11.36.27:421][ 61]LogBlueprintUserMessages: Late EndPlayMap Detection: Level '/Game/StarterContent/Maps/Minimal_Default.Minimal_Default:PersistentLevel' has LevelScriptBlueprint '/Game/StarterContent/Maps/Minimal_Default.Minimal_Default:PersistentLevel.Minimal_Default' with GeneratedClass '/Game/StarterContent/Maps/Minimal_Default.Minimal_Default_C' with ClassGeneratedBy '/Game/StarterContent/Maps/Minimal_Default.Minimal_Default:PersistentLevel.Minimal_Default'
[2019.02.19-11.36.27:442][ 61]LogSlate: Updating window title bar state: overlay mode, drag disabled, window buttons hidden, title bar hidden
[2019.02.19-11.36.27:481][ 64]LogPlayLevel: Display: Destroying online subsystem :Context_2
[2019.02.19-11.36.30:715][451]LogSlate: Took 0.000103 seconds to synchronously load lazily loaded font '../../../Engine/Content/Slate/Fonts/Roboto-Light.ttf' (167K)
[2019.02.19-11.36.30:721][451]LogAssetEditorManager: Opening Asset editor for Blueprint /Game/Blueprints/BP_ProtagClass.BP_ProtagClass
[2019.02.19-11.36.31:029][451]LogContentBrowser: Native class hierarchy updated for 'BlueprintGraph' in 0.0005 seconds. Added 117 classes and 0 folders.
[2019.02.19-11.36.33:552][667]LogSlate: Window 'BP_ProtagClass' being destroyed
[2019.02.19-11.36.33:608][667]LogAssetEditorManager: Opening Asset editor for Blueprint /Game/Blueprints/BP_ProtagClass.BP_ProtagClass
[2019.02.19-11.36.33:824][667]LogSlate: Took 0.000100 seconds to synchronously load lazily loaded font '../../../Engine/Content/Slate/Fonts/Roboto-BoldCondensed.ttf' (158K)
[2019.02.19-11.36.51:106][639]BlueprintLog: New page: Compile BP_ProtagClass
[2019.02.19-11.36.51:608][672]LogSavePackage: Moving 'C:/Users/gosus/Documents/CP-School/SeniorProject/gitRepos/Senior-Project-CPP-Testground/HSPGame/Saved/BP_ProtagClassE4875690401E5D3B0063A6858BBBFCA6.tmp' to 'C:/Users/gosus/Documents/CP-School/SeniorProject/gitRepos/Senior-Project-CPP-Testground/HSPGame/Content/Blueprints/BP_ProtagClass.uasset'
[2019.02.19-11.36.53:171][856]LogTemp: Repeating last play command: Selected Viewport
[2019.02.19-11.36.53:188][856]LogBlueprintUserMessages: Early PlayInEditor Detection: Level '/Game/StarterContent/Maps/Minimal_Default.Minimal_Default:PersistentLevel' has LevelScriptBlueprint '/Game/StarterContent/Maps/Minimal_Default.Minimal_Default:PersistentLevel.Minimal_Default' with GeneratedClass '/Game/StarterContent/Maps/Minimal_Default.Minimal_Default_C' with ClassGeneratedBy '/Game/StarterContent/Maps/Minimal_Default.Minimal_Default:PersistentLevel.Minimal_Default'
[2019.02.19-11.36.53:189][856]LogPlayLevel: PlayLevel: No blueprints needed recompiling
[2019.02.19-11.36.53:189][856]PIE: New page: PIE session: Minimal_Default (Feb 18, 2019, 7:36:53 PM)
[2019.02.19-11.36.53:189][856]LogPlayLevel: Creating play world package: /Game/StarterContent/Maps/UEDPIE_0_Minimal_Default
[2019.02.19-11.36.53:224][856]LogMaterial: Display: Missing cached shader map for material DefaultMaterial, compiling. 
[2019.02.19-11.36.53:235][856]LogMaterial: Display: Missing cached shader map for material DefaultMaterial, compiling. 
[2019.02.19-11.36.53:246][856]LogShaderCompilers: Display: Shaders left to compile 22
[2019.02.19-11.36.53:246][856]LogShaderCompilers: Display: Shaders left to compile 12
[2019.02.19-11.36.53:247][856]LogShaderCompilers: Display: Shaders left to compile 2
[2019.02.19-11.36.53:247][856]LogMaterial: Display: Missing cached shader map for material DefaultMaterial, compiling. 
[2019.02.19-11.36.53:258][856]LogMaterial: Display: Missing cached shader map for material DefaultMaterial, compiling. 
[2019.02.19-11.36.53:275][856]LogShaderCompilers: Display: Shaders left to compile 44
[2019.02.19-11.36.53:276][856]LogMaterial: Display: Missing cached shader map for material DefaultMaterial, compiling. 
[2019.02.19-11.36.53:294][856]LogPlayLevel: PIE: StaticDuplicateObject took: (0.105289s)
[2019.02.19-11.36.53:295][856]LogAIModule: Creating AISystem for world Minimal_Default
[2019.02.19-11.36.53:295][856]LogPlayLevel: PIE: World Init took: (0.000730s)
[2019.02.19-11.36.53:295][856]LogPlayLevel: PIE: Created PIE world by copying editor world from /Game/StarterContent/Maps/Minimal_Default.Minimal_Default to /Game/StarterContent/Maps/UEDPIE_0_Minimal_Default.Minimal_Default (0.106344s)
[2019.02.19-11.36.53:389][856]LogInit: XAudio2 using 'Headphones (LE_WH-1000XM3 Stereo)' : 2 channels at 44.1 kHz using 16 bits per sample (channel mask 0x3)
[2019.02.19-11.36.53:402][856]LogInit: FAudioDevice initialized.
[2019.02.19-11.36.53:439][856]LogLoad: Game class is 'BP_HSPGameGameModeBase_C'
[2019.02.19-11.36.53:448][856]LogWorld: Bringing World /Game/StarterContent/Maps/UEDPIE_0_Minimal_Default.Minimal_Default up for play (max tick rate 0) at 2019.02.19-03.36.53
[2019.02.19-11.36.53:449][856]LogWorld: Bringing up level for play took: 0.009463
[2019.02.19-11.36.53:462][856]LogBlueprintUserMessages: [BP_EnemySlime2_5] Hello
[2019.02.19-11.36.53:463][856]LogBlueprintUserMessages: [BP_EnemySlime3_9] Hello
[2019.02.19-11.36.53:463][856]LogBlueprintUserMessages: [BP_EnemySlime4_12] Hello
[2019.02.19-11.36.53:463][856]LogBlueprintUserMessages: [BP_EnemySlime_2] Hello
[2019.02.19-11.36.53:463][856]PIE: Play in editor start time for /Game/StarterContent/Maps/UEDPIE_0_Minimal_Default -0.7
[2019.02.19-11.36.53:463][856]LogBlueprintUserMessages: Late PlayInEditor Detection: Level '/Game/StarterContent/Maps/Minimal_Default.Minimal_Default:PersistentLevel' has LevelScriptBlueprint '/Game/StarterContent/Maps/Minimal_Default.Minimal_Default:PersistentLevel.Minimal_Default' with GeneratedClass '/Game/StarterContent/Maps/Minimal_Default.Minimal_Default_C' with ClassGeneratedBy '/Game/StarterContent/Maps/Minimal_Default.Minimal_Default:PersistentLevel.Minimal_Default'
[2019.02.19-11.36.53:714][885]LogShaderCompilers: Display: Shaders left to compile 78
[2019.02.19-11.36.55:296][ 70]LogShaderCompilers: Display: Shaders left to compile 68
[2019.02.19-11.36.55:306][ 71]LogShaderCompilers: Display: Shaders left to compile 58
[2019.02.19-11.36.56:415][204]LogShaderCompilers: Display: Shaders left to compile 48
[2019.02.19-11.36.56:669][234]LogShaderCompilers: Display: Shaders left to compile 38
[2019.02.19-11.36.56:727][241]LogShaderCompilers: Display: Shaders left to compile 28
[2019.02.19-11.36.57:942][386]LogShaderCompilers: Display: Shaders left to compile 18
[2019.02.19-11.36.58:192][416]LogShaderCompilers: Display: Shaders left to compile 8
[2019.02.19-11.37.16:262][582]LogBlueprintUserMessages: Early EndPlayMap Detection: Level '/Game/StarterContent/Maps/Minimal_Default.Minimal_Default:PersistentLevel' has LevelScriptBlueprint '/Game/StarterContent/Maps/Minimal_Default.Minimal_Default:PersistentLevel.Minimal_Default' with GeneratedClass '/Game/StarterContent/Maps/Minimal_Default.Minimal_Default_C' with ClassGeneratedBy '/Game/StarterContent/Maps/Minimal_Default.Minimal_Default:PersistentLevel.Minimal_Default'
[2019.02.19-11.37.16:262][582]LogSlate: Updating window title bar state: overlay mode, drag disabled, window buttons hidden, title bar hidden
[2019.02.19-11.37.16:300][582]LogPlayLevel: Display: Shutting down PIE online subsystems
[2019.02.19-11.37.16:300][582]LogBlueprintUserMessages: Late EndPlayMap Detection: Level '/Game/StarterContent/Maps/Minimal_Default.Minimal_Default:PersistentLevel' has LevelScriptBlueprint '/Game/StarterContent/Maps/Minimal_Default.Minimal_Default:PersistentLevel.Minimal_Default' with GeneratedClass '/Game/StarterContent/Maps/Minimal_Default.Minimal_Default_C' with ClassGeneratedBy '/Game/StarterContent/Maps/Minimal_Default.Minimal_Default:PersistentLevel.Minimal_Default'
[2019.02.19-11.37.16:322][582]LogSlate: Updating window title bar state: overlay mode, drag disabled, window buttons hidden, title bar hidden
[2019.02.19-11.37.16:364][585]LogPlayLevel: Display: Destroying online subsystem :Context_5
[2019.02.19-11.37.17:632][737]LogSlate: FSceneViewport::OnFocusLost() reason 0
[2019.02.19-11.37.21:051][136]LogSlate: Took 0.000234 seconds to synchronously load lazily loaded font '../../../Engine/Content/Slate/Fonts/Roboto-Italic.ttf' (157K)
[2019.02.19-11.37.34:076][663]BlueprintLog: New page: Compile BP_ProtagClass
[2019.02.19-11.37.37:314][ 33]LogTemp: Repeating last play command: Selected Viewport
[2019.02.19-11.37.37:330][ 33]LogBlueprintUserMessages: Early PlayInEditor Detection: Level '/Game/StarterContent/Maps/Minimal_Default.Minimal_Default:PersistentLevel' has LevelScriptBlueprint '/Game/StarterContent/Maps/Minimal_Default.Minimal_Default:PersistentLevel.Minimal_Default' with GeneratedClass '/Game/StarterContent/Maps/Minimal_Default.Minimal_Default_C' with ClassGeneratedBy '/Game/StarterContent/Maps/Minimal_Default.Minimal_Default:PersistentLevel.Minimal_Default'
[2019.02.19-11.37.37:330][ 33]LogPlayLevel: PlayLevel: No blueprints needed recompiling
[2019.02.19-11.37.37:330][ 33]PIE: New page: PIE session: Minimal_Default (Feb 18, 2019, 7:37:37 PM)
[2019.02.19-11.37.37:330][ 33]LogPlayLevel: Creating play world package: /Game/StarterContent/Maps/UEDPIE_0_Minimal_Default
[2019.02.19-11.37.37:370][ 33]LogMaterial: Display: Missing cached shader map for material DefaultMaterial, compiling. 
[2019.02.19-11.37.37:381][ 33]LogMaterial: Display: Missing cached shader map for material DefaultMaterial, compiling. 
[2019.02.19-11.37.37:392][ 33]LogShaderCompilers: Display: Shaders left to compile 22
[2019.02.19-11.37.37:392][ 33]LogShaderCompilers: Display: Shaders left to compile 12
[2019.02.19-11.37.37:392][ 33]LogShaderCompilers: Display: Shaders left to compile 2
[2019.02.19-11.37.37:392][ 33]LogMaterial: Display: Missing cached shader map for material DefaultMaterial, compiling. 
[2019.02.19-11.37.37:404][ 33]LogMaterial: Display: Missing cached shader map for material DefaultMaterial, compiling. 
[2019.02.19-11.37.37:420][ 33]LogShaderCompilers: Display: Shaders left to compile 44
[2019.02.19-11.37.37:420][ 33]LogMaterial: Display: Missing cached shader map for material DefaultMaterial, compiling. 
[2019.02.19-11.37.37:441][ 33]LogPlayLevel: PIE: StaticDuplicateObject took: (0.110278s)
[2019.02.19-11.37.37:442][ 33]LogAIModule: Creating AISystem for world Minimal_Default
[2019.02.19-11.37.37:442][ 33]LogPlayLevel: PIE: World Init took: (0.000803s)
[2019.02.19-11.37.37:442][ 33]LogPlayLevel: PIE: Created PIE world by copying editor world from /Game/StarterContent/Maps/Minimal_Default.Minimal_Default to /Game/StarterContent/Maps/UEDPIE_0_Minimal_Default.Minimal_Default (0.111409s)
[2019.02.19-11.37.37:540][ 33]LogInit: XAudio2 using 'Headphones (LE_WH-1000XM3 Stereo)' : 2 channels at 44.1 kHz using 16 bits per sample (channel mask 0x3)
[2019.02.19-11.37.37:553][ 33]LogInit: FAudioDevice initialized.
[2019.02.19-11.37.37:587][ 33]LogLoad: Game class is 'BP_HSPGameGameModeBase_C'
[2019.02.19-11.37.37:597][ 33]LogWorld: Bringing World /Game/StarterContent/Maps/UEDPIE_0_Minimal_Default.Minimal_Default up for play (max tick rate 0) at 2019.02.19-03.37.37
[2019.02.19-11.37.37:599][ 33]LogWorld: Bringing up level for play took: 0.010975
[2019.02.19-11.37.37:613][ 33]LogBlueprintUserMessages: [BP_EnemySlime2_5] Hello
[2019.02.19-11.37.37:613][ 33]LogBlueprintUserMessages: [BP_EnemySlime3_9] Hello
[2019.02.19-11.37.37:613][ 33]LogBlueprintUserMessages: [BP_EnemySlime4_12] Hello
[2019.02.19-11.37.37:613][ 33]LogBlueprintUserMessages: [BP_EnemySlime_2] Hello
[2019.02.19-11.37.37:613][ 33]PIE: Play in editor start time for /Game/StarterContent/Maps/UEDPIE_0_Minimal_Default -0.549
[2019.02.19-11.37.37:614][ 33]LogBlueprintUserMessages: Late PlayInEditor Detection: Level '/Game/StarterContent/Maps/Minimal_Default.Minimal_Default:PersistentLevel' has LevelScriptBlueprint '/Game/StarterContent/Maps/Minimal_Default.Minimal_Default:PersistentLevel.Minimal_Default' with GeneratedClass '/Game/StarterContent/Maps/Minimal_Default.Minimal_Default_C' with ClassGeneratedBy '/Game/StarterContent/Maps/Minimal_Default.Minimal_Default:PersistentLevel.Minimal_Default'
[2019.02.19-11.37.37:905][ 67]LogShaderCompilers: Display: Shaders left to compile 78
[2019.02.19-11.37.39:385][239]LogShaderCompilers: Display: Shaders left to compile 68
[2019.02.19-11.37.39:401][241]LogShaderCompilers: Display: Shaders left to compile 58
[2019.02.19-11.37.40:540][377]LogShaderCompilers: Display: Shaders left to compile 48
[2019.02.19-11.37.40:772][405]LogShaderCompilers: Display: Shaders left to compile 38
[2019.02.19-11.37.40:918][422]LogShaderCompilers: Display: Shaders left to compile 28
[2019.02.19-11.37.41:952][546]LogShaderCompilers: Display: Shaders left to compile 18
[2019.02.19-11.37.42:229][579]LogShaderCompilers: Display: Shaders left to compile 8
[2019.02.19-11.39.24:459][831]LogSlate: FSceneViewport::OnFocusLost() reason 0
[2019.02.19-11.39.24:560][843]LogBlueprintUserMessages: Early EndPlayMap Detection: Level '/Game/StarterContent/Maps/Minimal_Default.Minimal_Default:PersistentLevel' has LevelScriptBlueprint '/Game/StarterContent/Maps/Minimal_Default.Minimal_Default:PersistentLevel.Minimal_Default' with GeneratedClass '/Game/StarterContent/Maps/Minimal_Default.Minimal_Default_C' with ClassGeneratedBy '/Game/StarterContent/Maps/Minimal_Default.Minimal_Default:PersistentLevel.Minimal_Default'
[2019.02.19-11.39.24:560][843]LogSlate: Updating window title bar state: overlay mode, drag disabled, window buttons hidden, title bar hidden
[2019.02.19-11.39.24:600][843]LogPlayLevel: Display: Shutting down PIE online subsystems
[2019.02.19-11.39.24:600][843]LogBlueprintUserMessages: Late EndPlayMap Detection: Level '/Game/StarterContent/Maps/Minimal_Default.Minimal_Default:PersistentLevel' has LevelScriptBlueprint '/Game/StarterContent/Maps/Minimal_Default.Minimal_Default:PersistentLevel.Minimal_Default' with GeneratedClass '/Game/StarterContent/Maps/Minimal_Default.Minimal_Default_C' with ClassGeneratedBy '/Game/StarterContent/Maps/Minimal_Default.Minimal_Default:PersistentLevel.Minimal_Default'
[2019.02.19-11.39.24:619][843]LogSlate: Updating window title bar state: overlay mode, drag disabled, window buttons hidden, title bar hidden
[2019.02.19-11.39.24:660][847]LogPlayLevel: Display: Destroying online subsystem :Context_6
[2019.02.19-11.39.44:508][564]LogSlate: FSceneViewport::OnFocusLost() reason 0
[2019.02.19-11.39.46:929][827]LogRenderer: Reallocating scene render targets to support 1776x1024 Format 10 NumSamples 1 (Frame:1).
[2019.02.19-11.39.52:663][501]BlueprintLog: New page: Compile BP_ProtagClass
[2019.02.19-11.39.54:363][677]LogSavePackage: Moving 'C:/Users/gosus/Documents/CP-School/SeniorProject/gitRepos/Senior-Project-CPP-Testground/HSPGame/Saved/BP_ProtagClassC5DD714541866E6098254D91B32392E6.tmp' to 'C:/Users/gosus/Documents/CP-School/SeniorProject/gitRepos/Senior-Project-CPP-Testground/HSPGame/Content/Blueprints/BP_ProtagClass.uasset'
[2019.02.19-11.39.57:236][ 18]LogTemp: Repeating last play command: Selected Viewport
[2019.02.19-11.39.57:256][ 18]LogBlueprintUserMessages: Early PlayInEditor Detection: Level '/Game/StarterContent/Maps/Minimal_Default.Minimal_Default:PersistentLevel' has LevelScriptBlueprint '/Game/StarterContent/Maps/Minimal_Default.Minimal_Default:PersistentLevel.Minimal_Default' with GeneratedClass '/Game/StarterContent/Maps/Minimal_Default.Minimal_Default_C' with ClassGeneratedBy '/Game/StarterContent/Maps/Minimal_Default.Minimal_Default:PersistentLevel.Minimal_Default'
[2019.02.19-11.39.57:256][ 18]LogPlayLevel: PlayLevel: No blueprints needed recompiling
[2019.02.19-11.39.57:256][ 18]PIE: New page: PIE session: Minimal_Default (Feb 18, 2019, 7:39:57 PM)
[2019.02.19-11.39.57:256][ 18]LogPlayLevel: Creating play world package: /Game/StarterContent/Maps/UEDPIE_0_Minimal_Default
[2019.02.19-11.39.57:298][ 18]LogMaterial: Display: Missing cached shader map for material DefaultMaterial, compiling. 
[2019.02.19-11.39.57:310][ 18]LogMaterial: Display: Missing cached shader map for material DefaultMaterial, compiling. 
[2019.02.19-11.39.57:321][ 18]LogShaderCompilers: Display: Shaders left to compile 22
[2019.02.19-11.39.57:321][ 18]LogShaderCompilers: Display: Shaders left to compile 12
[2019.02.19-11.39.57:321][ 18]LogShaderCompilers: Display: Shaders left to compile 2
[2019.02.19-11.39.57:321][ 18]LogMaterial: Display: Missing cached shader map for material DefaultMaterial, compiling. 
[2019.02.19-11.39.57:334][ 18]LogMaterial: Display: Missing cached shader map for material DefaultMaterial, compiling. 
[2019.02.19-11.39.57:350][ 18]LogShaderCompilers: Display: Shaders left to compile 44
[2019.02.19-11.39.57:350][ 18]LogMaterial: Display: Missing cached shader map for material DefaultMaterial, compiling. 
[2019.02.19-11.39.57:373][ 18]LogPlayLevel: PIE: StaticDuplicateObject took: (0.116895s)
[2019.02.19-11.39.57:373][ 18]LogAIModule: Creating AISystem for world Minimal_Default
[2019.02.19-11.39.57:374][ 18]LogPlayLevel: PIE: World Init took: (0.000877s)
[2019.02.19-11.39.57:374][ 18]LogPlayLevel: PIE: Created PIE world by copying editor world from /Game/StarterContent/Maps/Minimal_Default.Minimal_Default to /Game/StarterContent/Maps/UEDPIE_0_Minimal_Default.Minimal_Default (0.118202s)
[2019.02.19-11.39.57:480][ 18]LogInit: XAudio2 using 'Headphones (LE_WH-1000XM3 Stereo)' : 2 channels at 44.1 kHz using 16 bits per sample (channel mask 0x3)
[2019.02.19-11.39.57:496][ 18]LogInit: FAudioDevice initialized.
[2019.02.19-11.39.57:534][ 18]LogLoad: Game class is 'BP_HSPGameGameModeBase_C'
[2019.02.19-11.39.57:544][ 18]LogWorld: Bringing World /Game/StarterContent/Maps/UEDPIE_0_Minimal_Default.Minimal_Default up for play (max tick rate 0) at 2019.02.19-03.39.57
[2019.02.19-11.39.57:546][ 18]LogWorld: Bringing up level for play took: 0.011033
[2019.02.19-11.39.57:560][ 18]LogBlueprintUserMessages: [BP_EnemySlime2_5] Hello
[2019.02.19-11.39.57:560][ 18]LogBlueprintUserMessages: [BP_EnemySlime3_9] Hello
[2019.02.19-11.39.57:560][ 18]LogBlueprintUserMessages: [BP_EnemySlime4_12] Hello
[2019.02.19-11.39.57:560][ 18]LogBlueprintUserMessages: [BP_EnemySlime_2] Hello
[2019.02.19-11.39.57:560][ 18]PIE: Play in editor start time for /Game/StarterContent/Maps/UEDPIE_0_Minimal_Default -0.603
[2019.02.19-11.39.57:560][ 18]LogBlueprintUserMessages: Late PlayInEditor Detection: Level '/Game/StarterContent/Maps/Minimal_Default.Minimal_Default:PersistentLevel' has LevelScriptBlueprint '/Game/StarterContent/Maps/Minimal_Default.Minimal_Default:PersistentLevel.Minimal_Default' with GeneratedClass '/Game/StarterContent/Maps/Minimal_Default.Minimal_Default_C' with ClassGeneratedBy '/Game/StarterContent/Maps/Minimal_Default.Minimal_Default:PersistentLevel.Minimal_Default'
[2019.02.19-11.39.57:924][ 59]LogShaderCompilers: Display: Shaders left to compile 78
[2019.02.19-11.39.59:290][215]LogShaderCompilers: Display: Shaders left to compile 68
[2019.02.19-11.39.59:632][256]LogShaderCompilers: Display: Shaders left to compile 58
[2019.02.19-11.40.00:651][378]LogShaderCompilers: Display: Shaders left to compile 48
[2019.02.19-11.40.00:717][386]LogShaderCompilers: Display: Shaders left to compile 38
[2019.02.19-11.40.01:144][436]LogShaderCompilers: Display: Shaders left to compile 28
[2019.02.19-11.40.02:207][563]LogShaderCompilers: Display: Shaders left to compile 18
[2019.02.19-11.40.02:430][589]LogShaderCompilers: Display: Shaders left to compile 8
[2019.02.19-11.40.04:427][826]LogSlate: FSceneViewport::OnFocusLost() reason 0
[2019.02.19-11.40.04:528][838]LogBlueprintUserMessages: Early EndPlayMap Detection: Level '/Game/StarterContent/Maps/Minimal_Default.Minimal_Default:PersistentLevel' has LevelScriptBlueprint '/Game/StarterContent/Maps/Minimal_Default.Minimal_Default:PersistentLevel.Minimal_Default' with GeneratedClass '/Game/StarterContent/Maps/Minimal_Default.Minimal_Default_C' with ClassGeneratedBy '/Game/StarterContent/Maps/Minimal_Default.Minimal_Default:PersistentLevel.Minimal_Default'
[2019.02.19-11.40.04:529][838]LogSlate: Updating window title bar state: overlay mode, drag disabled, window buttons hidden, title bar hidden
[2019.02.19-11.40.04:570][838]LogPlayLevel: Display: Shutting down PIE online subsystems
[2019.02.19-11.40.04:570][838]LogBlueprintUserMessages: Late EndPlayMap Detection: Level '/Game/StarterContent/Maps/Minimal_Default.Minimal_Default:PersistentLevel' has LevelScriptBlueprint '/Game/StarterContent/Maps/Minimal_Default.Minimal_Default:PersistentLevel.Minimal_Default' with GeneratedClass '/Game/StarterContent/Maps/Minimal_Default.Minimal_Default_C' with ClassGeneratedBy '/Game/StarterContent/Maps/Minimal_Default.Minimal_Default:PersistentLevel.Minimal_Default'
[2019.02.19-11.40.04:590][838]LogSlate: Updating window title bar state: overlay mode, drag disabled, window buttons hidden, title bar hidden
[2019.02.19-11.40.04:632][842]LogPlayLevel: Display: Destroying online subsystem :Context_7
[2019.02.19-11.40.10:067][446]BlueprintLog: New page: Compile BP_ProtagClass
[2019.02.19-11.40.10:963][527]LogSavePackage: Moving 'C:/Users/gosus/Documents/CP-School/SeniorProject/gitRepos/Senior-Project-CPP-Testground/HSPGame/Saved/BP_ProtagClassD1D55F764FE76CCFB5914F9DFBA119C3.tmp' to 'C:/Users/gosus/Documents/CP-School/SeniorProject/gitRepos/Senior-Project-CPP-Testground/HSPGame/Content/Blueprints/BP_ProtagClass.uasset'
[2019.02.19-11.40.45:102][601]LogSavePackage: Moving 'C:/Users/gosus/Documents/CP-School/SeniorProject/gitRepos/Senior-Project-CPP-Testground/HSPGame/Saved/BP_ProtagClass5E85C3D14BA41A22432A1C837C4ED0B9.tmp' to 'C:/Users/gosus/Documents/CP-School/SeniorProject/gitRepos/Senior-Project-CPP-Testground/HSPGame/Content/Blueprints/BP_ProtagClass.uasset'
[2019.02.19-11.40.46:696][790]LogSlate: Window 'BP_ProtagClass' being destroyed
[2019.02.19-11.40.46:700][790]LogSlate: Window 'BP_ProtagClass' being destroyed
[2019.02.19-11.40.51:242][246]LogSavePackage: Moving 'C:/Users/gosus/Documents/CP-School/SeniorProject/gitRepos/Senior-Project-CPP-Testground/HSPGame/Saved/Minimal_Default7C4CE4E84B165A74B45749B4E571D9CB.tmp' to 'C:/Users/gosus/Documents/CP-School/SeniorProject/gitRepos/Senior-Project-CPP-Testground/HSPGame/Content/StarterContent/Maps/Minimal_Default.umap'
[2019.02.19-11.40.51:270][246]LogFileHelpers: Saving map 'Minimal_Default' took 0.605
[2019.02.19-11.43.32:056][ 18]Candidate modules for hot reload:
[2019.02.19-11.43.32:056][ 18]  HSPGame
[2019.02.19-11.43.32:056][ 18]Launching UnrealBuildTool... [G:/Games/Epic/Games/UE_4.21/Engine/Binaries/DotNET/UnrealBuildTool.exe  -ModuleWithSuffix=HSPGame,6344 Win64 Development -TargetType=Editor -Project="C:/Users/gosus/Documents/CP-School/SeniorProject/gitRepos/Senior-Project-CPP-Testground/HSPGame/HSPGame.uproject" -canskiplink "C:/Users/gosus/Documents/CP-School/SeniorProject/gitRepos/Senior-Project-CPP-Testground/HSPGame/HSPGame.uproject" ]
[2019.02.19-11.43.32:066][ 18]Warning: Starting HotReload took  0.1s.
[2019.02.19-11.43.38:237][759]CompilerResultsLog: New page: Compilation - Feb 18, 2019, 7:43:38 PM
[2019.02.19-11.43.38:237][759]CompilerResultsLog: Using 'git status' to determine working set for adaptive non-unity build (C:\Users\gosus\Documents\CP-School\SeniorProject\gitRepos\Senior-Project-CPP-Testground).
[2019.02.19-11.43.38:237][759]CompilerResultsLog: Creating makefile for hot reloading HSPGameEditor (source directory changed)
[2019.02.19-11.43.38:237][759]CompilerResultsLog: Compiling game modules for hot reload
[2019.02.19-11.43.38:237][759]CompilerResultsLog: Using Visual Studio 2017 14.16.27023 toolchain (C:\Program Files (x86)\Microsoft Visual Studio\2017\Community\VC\Tools\MSVC\14.16.27023) and Windows 10.0.17763.0 SDK (C:\Program Files (x86)\Windows Kits\10).
[2019.02.19-11.43.38:237][759]CompilerResultsLog: Building 3 actions with 8 processes...
[2019.02.19-11.43.38:237][759]CompilerResultsLog:   [1/3] ProtagClass.cpp
[2019.02.19-11.43.38:238][759]CompilerResultsLog:   [2/3] UE4Editor-HSPGame-6344.lib
[2019.02.19-11.43.38:238][759]CompilerResultsLog:      Creating library C:\Users\gosus\Documents\CP-School\SeniorProject\gitRepos\Senior-Project-CPP-Testground\HSPGame\Intermediate\Build\Win64\UE4Editor\Development\HSPGame\UE4Editor-HSPGame-6344.lib and object C:\Users\gosus\Documents\CP-School\SeniorProject\gitRepos\Senior-Project-CPP-Testground\HSPGame\Intermediate\Build\Win64\UE4Editor\Development\HSPGame\UE4Editor-HSPGame-6344.exp
[2019.02.19-11.43.38:238][759]CompilerResultsLog:   [3/3] UE4Editor-HSPGame-6344.dll
[2019.02.19-11.43.38:238][759]CompilerResultsLog:      Creating library C:\Users\gosus\Documents\CP-School\SeniorProject\gitRepos\Senior-Project-CPP-Testground\HSPGame\Intermediate\Build\Win64\UE4Editor\Development\HSPGame\UE4Editor-HSPGame-6344.suppressed.lib and object C:\Users\gosus\Documents\CP-School\SeniorProject\gitRepos\Senior-Project-CPP-Testground\HSPGame\Intermediate\Build\Win64\UE4Editor\Development\HSPGame\UE4Editor-HSPGame-6344.suppressed.exp
[2019.02.19-11.43.38:238][759]CompilerResultsLog: Total build time: 5.91 seconds (Parallel executor: 2.11 seconds)
[2019.02.19-11.43.38:238][759]LogMainFrame: MainFrame: Module compiling took 6.184 seconds
[2019.02.19-11.43.38:293][759]LogContentBrowser: Native class hierarchy updated for 'HSPGame' in 0.0003 seconds. Added 5 classes and 2 folders.
[2019.02.19-11.43.38:296][759]Display: HotReload successful (4 functions remapped  0 scriptstructs remapped)
[2019.02.19-11.43.38:618][759]LogContentBrowser: Native class hierarchy populated in 0.0076 seconds. Added 2657 classes and 624 folders.
[2019.02.19-11.43.38:618][759]Display: HotReload took  6.6s.
[2019.02.19-11.43.39:735][892]LogTemp: Repeating last play command: Selected Viewport
[2019.02.19-11.43.39:753][892]LogBlueprintUserMessages: Early PlayInEditor Detection: Level '/Game/StarterContent/Maps/Minimal_Default.Minimal_Default:PersistentLevel' has LevelScriptBlueprint '/Game/StarterContent/Maps/Minimal_Default.Minimal_Default:PersistentLevel.Minimal_Default' with GeneratedClass '/Game/StarterContent/Maps/Minimal_Default.Minimal_Default_C' with ClassGeneratedBy '/Game/StarterContent/Maps/Minimal_Default.Minimal_Default:PersistentLevel.Minimal_Default'
[2019.02.19-11.43.39:754][892]LogPlayLevel: PlayLevel: No blueprints needed recompiling
[2019.02.19-11.43.39:754][892]PIE: New page: PIE session: Minimal_Default (Feb 18, 2019, 7:43:39 PM)
[2019.02.19-11.43.39:754][892]LogPlayLevel: Creating play world package: /Game/StarterContent/Maps/UEDPIE_0_Minimal_Default
[2019.02.19-11.43.39:789][892]LogMaterial: Display: Missing cached shader map for material DefaultMaterial, compiling. 
[2019.02.19-11.43.39:800][892]LogMaterial: Display: Missing cached shader map for material DefaultMaterial, compiling. 
[2019.02.19-11.43.39:812][892]LogShaderCompilers: Display: Shaders left to compile 22
[2019.02.19-11.43.39:812][892]LogShaderCompilers: Display: Shaders left to compile 12
[2019.02.19-11.43.39:812][892]LogShaderCompilers: Display: Shaders left to compile 2
[2019.02.19-11.43.39:813][892]LogMaterial: Display: Missing cached shader map for material DefaultMaterial, compiling. 
[2019.02.19-11.43.39:825][892]LogMaterial: Display: Missing cached shader map for material DefaultMaterial, compiling. 
[2019.02.19-11.43.39:840][892]LogShaderCompilers: Display: Shaders left to compile 44
[2019.02.19-11.43.39:840][892]LogMaterial: Display: Missing cached shader map for material DefaultMaterial, compiling. 
[2019.02.19-11.43.39:862][892]LogPlayLevel: PIE: StaticDuplicateObject took: (0.108077s)
[2019.02.19-11.43.39:862][892]LogAIModule: Creating AISystem for world Minimal_Default
[2019.02.19-11.43.39:863][892]LogPlayLevel: PIE: World Init took: (0.000768s)
[2019.02.19-11.43.39:863][892]LogPlayLevel: PIE: Created PIE world by copying editor world from /Game/StarterContent/Maps/Minimal_Default.Minimal_Default to /Game/StarterContent/Maps/UEDPIE_0_Minimal_Default.Minimal_Default (0.109229s)
[2019.02.19-11.43.40:010][892]LogInit: XAudio2 using 'Headphones (LE_WH-1000XM3 Stereo)' : 2 channels at 44.1 kHz using 16 bits per sample (channel mask 0x3)
[2019.02.19-11.43.40:026][892]LogInit: FAudioDevice initialized.
[2019.02.19-11.43.40:061][892]LogLoad: Game class is 'BP_HSPGameGameModeBase_C'
[2019.02.19-11.43.40:071][892]LogWorld: Bringing World /Game/StarterContent/Maps/UEDPIE_0_Minimal_Default.Minimal_Default up for play (max tick rate 0) at 2019.02.19-03.43.40
[2019.02.19-11.43.40:073][892]LogWorld: Bringing up level for play took: 0.010849
[2019.02.19-11.43.40:090][892]LogBlueprintUserMessages: [BP_EnemySlime2_5] Hello
[2019.02.19-11.43.40:090][892]LogBlueprintUserMessages: [BP_EnemySlime3_9] Hello
[2019.02.19-11.43.40:090][892]LogBlueprintUserMessages: [BP_EnemySlime4_12] Hello
[2019.02.19-11.43.40:091][892]LogBlueprintUserMessages: [BP_EnemySlime_2] Hello
[2019.02.19-11.43.40:091][892]PIE: Play in editor start time for /Game/StarterContent/Maps/UEDPIE_0_Minimal_Default -0.072
[2019.02.19-11.43.40:091][892]LogBlueprintUserMessages: Late PlayInEditor Detection: Level '/Game/StarterContent/Maps/Minimal_Default.Minimal_Default:PersistentLevel' has LevelScriptBlueprint '/Game/StarterContent/Maps/Minimal_Default.Minimal_Default:PersistentLevel.Minimal_Default' with GeneratedClass '/Game/StarterContent/Maps/Minimal_Default.Minimal_Default_C' with ClassGeneratedBy '/Game/StarterContent/Maps/Minimal_Default.Minimal_Default:PersistentLevel.Minimal_Default'
[2019.02.19-11.43.40:364][922]LogShaderCompilers: Display: Shaders left to compile 78
[2019.02.19-11.43.41:687][ 74]LogShaderCompilers: Display: Shaders left to compile 68
[2019.02.19-11.43.41:796][ 87]LogShaderCompilers: Display: Shaders left to compile 58
[2019.02.19-11.43.43:038][235]LogShaderCompilers: Display: Shaders left to compile 48
[2019.02.19-11.43.43:107][243]LogShaderCompilers: Display: Shaders left to compile 38
[2019.02.19-11.43.43:342][269]LogShaderCompilers: Display: Shaders left to compile 28
[2019.02.19-11.43.44:486][401]LogShaderCompilers: Display: Shaders left to compile 18
[2019.02.19-11.43.44:832][441]LogShaderCompilers: Display: Shaders left to compile 8
[2019.02.19-11.44.12:467][755]LogSlate: FSceneViewport::OnFocusLost() reason 0
[2019.02.19-11.44.12:542][764]LogBlueprintUserMessages: Early EndPlayMap Detection: Level '/Game/StarterContent/Maps/Minimal_Default.Minimal_Default:PersistentLevel' has LevelScriptBlueprint '/Game/StarterContent/Maps/Minimal_Default.Minimal_Default:PersistentLevel.Minimal_Default' with GeneratedClass '/Game/StarterContent/Maps/Minimal_Default.Minimal_Default_C' with ClassGeneratedBy '/Game/StarterContent/Maps/Minimal_Default.Minimal_Default:PersistentLevel.Minimal_Default'
[2019.02.19-11.44.12:542][764]LogSlate: Updating window title bar state: overlay mode, drag disabled, window buttons hidden, title bar hidden
[2019.02.19-11.44.12:579][764]LogPlayLevel: Display: Shutting down PIE online subsystems
[2019.02.19-11.44.12:579][764]LogBlueprintUserMessages: Late EndPlayMap Detection: Level '/Game/StarterContent/Maps/Minimal_Default.Minimal_Default:PersistentLevel' has LevelScriptBlueprint '/Game/StarterContent/Maps/Minimal_Default.Minimal_Default:PersistentLevel.Minimal_Default' with GeneratedClass '/Game/StarterContent/Maps/Minimal_Default.Minimal_Default_C' with ClassGeneratedBy '/Game/StarterContent/Maps/Minimal_Default.Minimal_Default:PersistentLevel.Minimal_Default'
[2019.02.19-11.44.12:604][764]LogSlate: Updating window title bar state: overlay mode, drag disabled, window buttons hidden, title bar hidden
[2019.02.19-11.44.12:645][766]LogPlayLevel: Display: Destroying online subsystem :Context_8
