Log file open, 02/16/19 19:20:24
LogWindows: Failed to load 'aqProf.dll' (GetLastError=126)
LogWindows: File 'aqProf.dll' does not exist
LogWindows: Failed to load 'VtuneApi.dll' (GetLastError=126)
LogWindows: File 'VtuneApi.dll' does not exist
LogWindows: Failed to load 'VtuneApi32e.dll' (GetLastError=126)
LogWindows: File 'VtuneApi32e.dll' does not exist
LogConsoleResponse: Display: Failed to find resolution value strings in scalability ini. Falling back to default.
LogInit: Display: Running engine for game: HSPGame
LogPakFile: Registered encryption key '00000000000000000000000000000000': 0 pak files mounted, 0 remain pending
LogPlatformFile: Not using cached read wrapper
LogTaskGraph: Started task graph with 5 named threads and 23 total threads with 3 sets of task threads.
LogStats: Stats thread started at 0.367669
LogD3D11RHI: Loaded GFSDK_Aftermath_Lib.x64.dll
LogICUInternationalization: ICU TimeZone Detection - Raw Offset: -8:00, Platform Override: ''
LogPluginManager: Mounting plugin Paper2D
LogPluginManager: Mounting plugin AISupport
LogPluginManager: Mounting plugin LightPropagationVolume
LogPluginManager: Mounting plugin ActorLayerUtilities
LogPluginManager: Mounting plugin CLionSourceCodeAccess
LogPluginManager: Mounting plugin CodeLiteSourceCodeAccess
LogPluginManager: Mounting plugin GitSourceControl
LogPluginManager: Mounting plugin KDevelopSourceCodeAccess
LogPluginManager: Mounting plugin NullSourceCodeAccess
LogPluginManager: Mounting plugin PerforceSourceControl
LogPluginManager: Mounting plugin SubversionSourceControl
LogPluginManager: Mounting plugin UObjectPlugin
LogPluginManager: Mounting plugin VisualStudioCodeSourceCodeAccess
LogPluginManager: Mounting plugin VisualStudioSourceCodeAccess
LogPluginManager: Mounting plugin XCodeSourceCodeAccess
LogPluginManager: Mounting plugin AssetManagerEditor
LogPluginManager: Mounting plugin CryptoKeys
LogPluginManager: Mounting plugin DataValidation
LogPluginManager: Mounting plugin FacialAnimation
LogPluginManager: Mounting plugin GameplayTagsEditor
LogPluginManager: Mounting plugin MacGraphicsSwitching
LogPluginManager: Mounting plugin MeshEditor
LogPluginManager: Mounting plugin MobileLauncherProfileWizard
LogPluginManager: Mounting plugin PluginBrowser
LogPluginManager: Mounting plugin SpeedTreeImporter
LogPluginManager: Mounting plugin DatasmithContent
LogPluginManager: Mounting plugin VariantManagerContent
LogPluginManager: Mounting plugin AlembicImporter
LogPluginManager: Mounting plugin AppleImageUtils
LogPluginManager: Mounting plugin AppleVision
LogPluginManager: Mounting plugin BackChannel
LogPluginManager: Mounting plugin CharacterAI
LogPluginManager: Mounting plugin GeometryCache
LogPluginManager: Mounting plugin HTML5Networking
LogPluginManager: Mounting plugin ProxyLODPlugin
LogPluginManager: Mounting plugin MagicLeap
LogPluginManager: Mounting plugin MagicLeapMedia
LogPluginManager: Mounting plugin AndroidMedia
LogPluginManager: Mounting plugin AvfMedia
LogPluginManager: Mounting plugin ImgMedia
LogPluginManager: Mounting plugin LinearTimecode
LogPluginManager: Mounting plugin MediaCompositing
LogPluginManager: Mounting plugin MediaPlayerEditor
LogPluginManager: Mounting plugin WebMMedia
LogPluginManager: Mounting plugin WmfMedia
LogPluginManager: Mounting plugin TcpMessaging
LogPluginManager: Mounting plugin UdpMessaging
LogPluginManager: Mounting plugin ActorSequence
LogPluginManager: Mounting plugin LevelSequenceEditor
LogPluginManager: Mounting plugin MatineeToLevelSequence
LogPluginManager: Mounting plugin NetcodeUnitTest
LogPluginManager: Mounting plugin NUTUnrealEngine4
LogPluginManager: Mounting plugin OnlineSubsystemGooglePlay
LogPluginManager: Mounting plugin OnlineSubsystemIOS
LogPluginManager: Mounting plugin OnlineSubsystem
LogPluginManager: Mounting plugin OnlineSubsystemNull
LogPluginManager: Mounting plugin OnlineSubsystemUtils
LogPluginManager: Mounting plugin LauncherChunkInstaller
LogPluginManager: Mounting plugin AndroidDeviceProfileSelector
LogPluginManager: Mounting plugin AndroidMoviePlayer
LogPluginManager: Mounting plugin AndroidPermission
LogPluginManager: Mounting plugin AppleMoviePlayer
LogPluginManager: Mounting plugin ArchVisCharacter
LogPluginManager: Mounting plugin AudioCapture
LogPluginManager: Mounting plugin CableComponent
LogPluginManager: Mounting plugin CustomMeshComponent
LogPluginManager: Mounting plugin EditableMesh
LogPluginManager: Mounting plugin ExampleDeviceProfileSelector
LogPluginManager: Mounting plugin Firebase
LogPluginManager: Mounting plugin GoogleCloudMessaging
LogPluginManager: Mounting plugin IOSDeviceProfileSelector
LogPluginManager: Mounting plugin LinuxDeviceProfileSelector
LogPluginManager: Mounting plugin LocationServicesBPLibrary
LogPluginManager: Mounting plugin MobilePatchingUtils
LogPluginManager: Mounting plugin OculusVR
LogPluginManager: Mounting plugin PhysXVehicles
LogPluginManager: Mounting plugin ProceduralMeshComponent
LogPluginManager: Mounting plugin RuntimePhysXCooking
LogPluginManager: Mounting plugin SteamVR
LogPluginManager: Mounting plugin WebMMoviePlayer
LogPluginManager: Mounting plugin WindowsMoviePlayer
LogStreaming: Display: Took  0.096s to configure plugins.
LogInit: Using libcurl 7.55.1-DEV
LogInit:  - built for x86_64-pc-win32
LogInit:  - supports SSL with OpenSSL/1.0.2h
LogInit:  - supports HTTP deflate (compression) using libz 1.2.8
LogInit:  - other features:
LogInit:      CURL_VERSION_SSL
LogInit:      CURL_VERSION_LIBZ
LogInit:      CURL_VERSION_IPV6
LogInit:      CURL_VERSION_ASYNCHDNS
LogInit:      CURL_VERSION_LARGEFILE
LogInit:      CURL_VERSION_IDN
LogInit:  CurlRequestOptions (configurable via config and command line):
LogInit:  - bVerifyPeer = true  - Libcurl will verify peer certificate
LogInit:  - bUseHttpProxy = false  - Libcurl will NOT use HTTP proxy
LogInit:  - bDontReuseConnections = false  - Libcurl will reuse connections
LogInit:  - MaxHostConnections = 16  - Libcurl will limit the number of connections to a host
LogInit:  - LocalHostAddr = Default
LogInit:  - BufferSize = 65536
LogInit: WinSock: version 1.1 (2.2), MaxSocks=32767, MaxUdp=65467
LogInit: Build: ++UE4+Release-4.21-CL-4753647
LogInit: Engine Version: 4.21.2-4753647+++UE4+Release-4.21
LogInit: Compatible Engine Version: 4.21.0-4541578+++UE4+Release-4.21
LogInit: Net CL: 4541578
LogInit: OS: Windows 10 (), CPU: Intel(R) Core(TM) i7-6700K CPU @ 4.00GHz, GPU: NVIDIA GeForce RTX 2080
LogInit: Compiled (64-bit): Jan 19 2019 02:07:31
LogInit: Compiled with Visual C++: 19.13.26129.00
LogInit: Build Configuration: Development
LogInit: Branch Name: ++UE4+Release-4.21
LogInit: Command Line:  -skipcompile
LogInit: Base Directory: G:/Games/Epic/Games/UE_4.21/Engine/Binaries/Win64/
LogInit: Installed Engine Build: 1
LogDevObjectVersion: Number of dev versions registered: 22
LogDevObjectVersion:   Dev-Blueprints (B0D832E4-1F89-4F0D-ACCF-7EB736FD4AA2): 10
LogDevObjectVersion:   Dev-Build (E1C64328-A22C-4D53-A36C-8E866417BD8C): 0
LogDevObjectVersion:   Dev-Core (375EC13C-06E4-48FB-B500-84F0262A717E): 2
LogDevObjectVersion:   Dev-Editor (E4B068ED-F494-42E9-A231-DA0B2E46BB41): 26
LogDevObjectVersion:   Dev-Framework (CFFC743F-43B0-4480-9391-14DF171D2073): 34
LogDevObjectVersion:   Dev-Mobile (B02B49B5-BB20-44E9-A304-32B752E40360): 2
LogDevObjectVersion:   Dev-Networking (A4E4105C-59A1-49B5-A7C5-40C4547EDFEE): 0
LogDevObjectVersion:   Dev-Online (39C831C9-5AE6-47DC-9A44-9C173E1C8E7C): 0
LogDevObjectVersion:   Dev-Physics (78F01B33-EBEA-4F98-B9B4-84EACCB95AA2): 0
LogDevObjectVersion:   Dev-Platform (6631380F-2D4D-43E0-8009-CF276956A95A): 0
LogDevObjectVersion:   Dev-Rendering (12F88B9F-8875-4AFC-A67C-D90C383ABD29): 27
LogDevObjectVersion:   Dev-Sequencer (7B5AE74C-D270-4C10-A958-57980B212A5A): 9
LogDevObjectVersion:   Dev-VR (D7296918-1DD6-4BDD-9DE2-64A83CC13884): 2
LogDevObjectVersion:   Dev-LoadTimes (C2A15278-BFE7-4AFE-6C17-90FF531DF755): 1
LogDevObjectVersion:   Private-Geometry (6EACA3D4-40EC-4CC1-B786-8BED09428FC5): 3
LogDevObjectVersion:   Dev-AnimPhys (29E575DD-E0A3-4627-9D10-D276232CDCEA): 17
LogDevObjectVersion:   Dev-Anim (AF43A65D-7FD3-4947-9873-3E8ED9C1BB05): 2
LogDevObjectVersion:   Dev-ReflectionCapture (6B266CEC-1EC7-4B8F-A30B-E4D90942FC07): 1
LogDevObjectVersion:   Dev-Automation (0DF73D61-A23F-47EA-B727-89E90C41499A): 1
LogDevObjectVersion:   FortniteMain (601D1886-AC64-4F84-AA16-D3DE0DEAC7D6): 17
LogDevObjectVersion:   Dev-Enterprise (9DFFBCD6-494F-0158-E221-12823C92A888): 4
LogDevObjectVersion:   Dev-Niagara (F2AED0AC-9AFE-416F-8664-AA7FFA26D6FC): 1
LogStreaming: Display: Took  0.004s to delete old logs.
LogInit: Presizing for max 8388607 objects, including 0 objects not considered by GC, pre-allocating 0 bytes for permanent pool.
LogInit: Object subsystem initialized
LogConfig: Setting CVar [[con.DebugEarlyDefault:1]]
LogConfig: Setting CVar [[r.setres:1280x720]]
[2019.02.17-03.20.24:708][  0]LogConfig: Setting CVar [[r.VSync:0]]
[2019.02.17-03.20.24:708][  0]LogConfig: Setting CVar [[r.RHICmdBypass:0]]
[2019.02.17-03.20.24:708][  0]LogConfig: Applying CVar settings from Section [/Script/Engine.RendererSettings] File [C:/Users/gosus/Documents/CP-School/SeniorProject/gitRepos/Senior-Project-CPP-Testground/HSPGame/Saved/Config/Windows/Engine.ini]
[2019.02.17-03.20.24:708][  0]LogConfig: Setting CVar [[r.GPUCrashDebugging:0]]
[2019.02.17-03.20.24:708][  0]LogConfig: Applying CVar settings from Section [/Script/Engine.RendererOverrideSettings] File [C:/Users/gosus/Documents/CP-School/SeniorProject/gitRepos/Senior-Project-CPP-Testground/HSPGame/Saved/Config/Windows/Engine.ini]
[2019.02.17-03.20.24:708][  0]LogConfig: Applying CVar settings from Section [/Script/Engine.StreamingSettings] File [C:/Users/gosus/Documents/CP-School/SeniorProject/gitRepos/Senior-Project-CPP-Testground/HSPGame/Saved/Config/Windows/Engine.ini]
[2019.02.17-03.20.24:708][  0]LogConfig: Setting CVar [[s.MinBulkDataSizeForAsyncLoading:131072]]
[2019.02.17-03.20.24:708][  0]LogConfig: Setting CVar [[s.AsyncLoadingThreadEnabled:0]]
[2019.02.17-03.20.24:708][  0]LogConfig: Setting CVar [[s.EventDrivenLoaderEnabled:1]]
[2019.02.17-03.20.24:708][  0]LogConfig: Setting CVar [[s.WarnIfTimeLimitExceeded:0]]
[2019.02.17-03.20.24:708][  0]LogConfig: Setting CVar [[s.TimeLimitExceededMultiplier:1.5]]
[2019.02.17-03.20.24:708][  0]LogConfig: Setting CVar [[s.TimeLimitExceededMinTime:0.005]]
[2019.02.17-03.20.24:708][  0]LogConfig: Setting CVar [[s.UseBackgroundLevelStreaming:1]]
[2019.02.17-03.20.24:708][  0]LogConfig: Setting CVar [[s.PriorityAsyncLoadingExtraTime:15.0]]
[2019.02.17-03.20.24:708][  0]LogConfig: Setting CVar [[s.LevelStreamingActorsUpdateTimeLimit:5.0]]
[2019.02.17-03.20.24:708][  0]LogConfig: Setting CVar [[s.PriorityLevelStreamingActorsUpdateExtraTime:5.0]]
[2019.02.17-03.20.24:708][  0]LogConfig: Setting CVar [[s.LevelStreamingComponentsRegistrationGranularity:10]]
[2019.02.17-03.20.24:709][  0]LogConfig: Setting CVar [[s.UnregisterComponentsTimeLimit:1.0]]
[2019.02.17-03.20.24:709][  0]LogConfig: Setting CVar [[s.LevelStreamingComponentsUnregistrationGranularity:5]]
[2019.02.17-03.20.24:709][  0]LogConfig: Applying CVar settings from Section [/Script/Engine.GarbageCollectionSettings] File [C:/Users/gosus/Documents/CP-School/SeniorProject/gitRepos/Senior-Project-CPP-Testground/HSPGame/Saved/Config/Windows/Engine.ini]
[2019.02.17-03.20.24:709][  0]LogConfig: Setting CVar [[gc.MaxObjectsNotConsideredByGC:1]]
[2019.02.17-03.20.24:709][  0]LogConfig: Setting CVar [[gc.SizeOfPermanentObjectPool:0]]
[2019.02.17-03.20.24:709][  0]LogConfig: Setting CVar [[gc.FlushStreamingOnGC:0]]
[2019.02.17-03.20.24:709][  0]LogConfig: Setting CVar [[gc.NumRetriesBeforeForcingGC:10]]
[2019.02.17-03.20.24:709][  0]LogConfig: Setting CVar [[gc.AllowParallelGC:1]]
[2019.02.17-03.20.24:709][  0]LogConfig: Setting CVar [[gc.TimeBetweenPurgingPendingKillObjects:61.1]]
[2019.02.17-03.20.24:709][  0]LogConfig: Setting CVar [[gc.MaxObjectsInEditor:8388607]]
[2019.02.17-03.20.24:709][  0]LogConfig: Setting CVar [[gc.IncrementalBeginDestroyEnabled:1]]
[2019.02.17-03.20.24:709][  0]LogConfig: Setting CVar [[gc.CreateGCClusters:1]]
[2019.02.17-03.20.24:709][  0]LogConfig: Setting CVar [[gc.MergeGCClusters:0]]
[2019.02.17-03.20.24:709][  0]LogConfig: Setting CVar [[gc.MinGCClusterSize:5]]
[2019.02.17-03.20.24:709][  0]LogConfig: Setting CVar [[gc.ActorClusteringEnabled:0]]
[2019.02.17-03.20.24:709][  0]LogConfig: Setting CVar [[gc.BlueprintClusteringEnabled:0]]
[2019.02.17-03.20.24:709][  0]LogConfig: Setting CVar [[gc.UseDisregardForGCOnDedicatedServers:0]]
[2019.02.17-03.20.24:709][  0]LogConfig: Applying CVar settings from Section [/Script/Engine.NetworkSettings] File [C:/Users/gosus/Documents/CP-School/SeniorProject/gitRepos/Senior-Project-CPP-Testground/HSPGame/Saved/Config/Windows/Engine.ini]
[2019.02.17-03.20.24:709][  0]LogConfig: Applying CVar settings from Section [/Script/UnrealEd.CookerSettings] File [C:/Users/gosus/Documents/CP-School/SeniorProject/gitRepos/Senior-Project-CPP-Testground/HSPGame/Saved/Config/Windows/Engine.ini]
[2019.02.17-03.20.24:722][  0]LogConfig: Applying CVar settings from Section [ViewDistanceQuality@3] File [C:/Users/gosus/Documents/CP-School/SeniorProject/gitRepos/Senior-Project-CPP-Testground/HSPGame/Saved/Config/Windows/Scalability.ini]
[2019.02.17-03.20.24:722][  0]LogConfig: Setting CVar [[r.SkeletalMeshLODBias:0]]
[2019.02.17-03.20.24:722][  0]LogConfig: Setting CVar [[r.ViewDistanceScale:1.0]]
[2019.02.17-03.20.24:722][  0]LogConfig: Applying CVar settings from Section [AntiAliasingQuality@3] File [C:/Users/gosus/Documents/CP-School/SeniorProject/gitRepos/Senior-Project-CPP-Testground/HSPGame/Saved/Config/Windows/Scalability.ini]
[2019.02.17-03.20.24:722][  0]LogConfig: Setting CVar [[r.PostProcessAAQuality:4]]
[2019.02.17-03.20.24:722][  0]LogConfig: Applying CVar settings from Section [ShadowQuality@3] File [C:/Users/gosus/Documents/CP-School/SeniorProject/gitRepos/Senior-Project-CPP-Testground/HSPGame/Saved/Config/Windows/Scalability.ini]
[2019.02.17-03.20.24:722][  0]LogConfig: Setting CVar [[r.LightFunctionQuality:1]]
[2019.02.17-03.20.24:722][  0]LogConfig: Setting CVar [[r.ShadowQuality:5]]
[2019.02.17-03.20.24:722][  0]LogConfig: Setting CVar [[r.Shadow.CSM.MaxCascades:10]]
[2019.02.17-03.20.24:722][  0]LogConfig: Setting CVar [[r.Shadow.MaxResolution:2048]]
[2019.02.17-03.20.24:722][  0]LogConfig: Setting CVar [[r.Shadow.MaxCSMResolution:2048]]
[2019.02.17-03.20.24:722][  0]LogConfig: Setting CVar [[r.Shadow.RadiusThreshold:0.01]]
[2019.02.17-03.20.24:722][  0]LogConfig: Setting CVar [[r.Shadow.DistanceScale:1.0]]
[2019.02.17-03.20.24:722][  0]LogConfig: Setting CVar [[r.Shadow.CSM.TransitionScale:1.0]]
[2019.02.17-03.20.24:722][  0]LogConfig: Setting CVar [[r.Shadow.PreShadowResolutionFactor:1.0]]
[2019.02.17-03.20.24:722][  0]LogConfig: Setting CVar [[r.DistanceFieldShadowing:1]]
[2019.02.17-03.20.24:722][  0]LogConfig: Setting CVar [[r.DistanceFieldAO:1]]
[2019.02.17-03.20.24:723][  0]LogConfig: Setting CVar [[r.AOQuality:2]]
[2019.02.17-03.20.24:723][  0]LogConfig: Setting CVar [[r.VolumetricFog:1]]
[2019.02.17-03.20.24:723][  0]LogConfig: Setting CVar [[r.VolumetricFog.GridPixelSize:8]]
[2019.02.17-03.20.24:723][  0]LogConfig: Setting CVar [[r.VolumetricFog.GridSizeZ:128]]
[2019.02.17-03.20.24:723][  0]LogConfig: Setting CVar [[r.VolumetricFog.HistoryMissSupersampleCount:4]]
[2019.02.17-03.20.24:723][  0]LogConfig: Setting CVar [[r.LightMaxDrawDistanceScale:1]]
[2019.02.17-03.20.24:723][  0]LogConfig: Setting CVar [[r.CapsuleShadows:1]]
[2019.02.17-03.20.24:723][  0]LogConfig: Applying CVar settings from Section [PostProcessQuality@3] File [C:/Users/gosus/Documents/CP-School/SeniorProject/gitRepos/Senior-Project-CPP-Testground/HSPGame/Saved/Config/Windows/Scalability.ini]
[2019.02.17-03.20.24:723][  0]LogConfig: Setting CVar [[r.MotionBlurQuality:4]]
[2019.02.17-03.20.24:723][  0]LogConfig: Setting CVar [[r.AmbientOcclusionMipLevelFactor:0.4]]
[2019.02.17-03.20.24:723][  0]LogConfig: Setting CVar [[r.AmbientOcclusionMaxQuality:100]]
[2019.02.17-03.20.24:723][  0]LogConfig: Setting CVar [[r.AmbientOcclusionLevels:-1]]
[2019.02.17-03.20.24:723][  0]LogConfig: Setting CVar [[r.AmbientOcclusionRadiusScale:1.0]]
[2019.02.17-03.20.24:723][  0]LogConfig: Setting CVar [[r.DepthOfFieldQuality:2]]
[2019.02.17-03.20.24:723][  0]LogConfig: Setting CVar [[r.RenderTargetPoolMin:400]]
[2019.02.17-03.20.24:723][  0]LogConfig: Setting CVar [[r.LensFlareQuality:2]]
[2019.02.17-03.20.24:723][  0]LogConfig: Setting CVar [[r.SceneColorFringeQuality:1]]
[2019.02.17-03.20.24:723][  0]LogConfig: Setting CVar [[r.EyeAdaptationQuality:2]]
[2019.02.17-03.20.24:723][  0]LogConfig: Setting CVar [[r.BloomQuality:5]]
[2019.02.17-03.20.24:723][  0]LogConfig: Setting CVar [[r.FastBlurThreshold:100]]
[2019.02.17-03.20.24:724][  0]LogConfig: Setting CVar [[r.Upscale.Quality:3]]
[2019.02.17-03.20.24:724][  0]LogConfig: Setting CVar [[r.Tonemapper.GrainQuantization:1]]
[2019.02.17-03.20.24:724][  0]LogConfig: Setting CVar [[r.LightShaftQuality:1]]
[2019.02.17-03.20.24:724][  0]LogConfig: Setting CVar [[r.Filter.SizeScale:1]]
[2019.02.17-03.20.24:724][  0]LogConfig: Setting CVar [[r.Tonemapper.Quality:5]]
[2019.02.17-03.20.24:724][  0]LogConfig: Setting CVar [[r.DOF.Gather.AccumulatorQuality:1        ; higher gathering accumulator quality]]
[2019.02.17-03.20.24:724][  0]LogConfig: Setting CVar [[r.DOF.Gather.PostfilterMethod:1          ; Median3x3 postfilering method]]
[2019.02.17-03.20.24:724][  0]LogConfig: Setting CVar [[r.DOF.Gather.EnableBokehSettings:0       ; no bokeh simulation when gathering]]
[2019.02.17-03.20.24:724][  0]LogConfig: Setting CVar [[r.DOF.Gather.RingCount:4                 ; medium number of samples when gathering]]
[2019.02.17-03.20.24:724][  0]LogConfig: Setting CVar [[r.DOF.Scatter.ForegroundCompositing:1    ; additive foreground scattering]]
[2019.02.17-03.20.24:724][  0]LogConfig: Setting CVar [[r.DOF.Scatter.BackgroundCompositing:2    ; additive background scattering]]
[2019.02.17-03.20.24:724][  0]LogConfig: Setting CVar [[r.DOF.Scatter.EnableBokehSettings:1      ; bokeh simulation when scattering]]
[2019.02.17-03.20.24:724][  0]LogConfig: Setting CVar [[r.DOF.Scatter.MaxSpriteRatio:0.1         ; only a maximum of 10% of scattered bokeh]]
[2019.02.17-03.20.24:724][  0]LogConfig: Setting CVar [[r.DOF.Recombine.Quality:1                ; cheap slight out of focus]]
[2019.02.17-03.20.24:724][  0]LogConfig: Setting CVar [[r.DOF.Recombine.EnableBokehSettings:0    ; no bokeh simulation on slight out of focus]]
[2019.02.17-03.20.24:724][  0]LogConfig: Setting CVar [[r.DOF.TemporalAAQuality:1                ; more stable temporal accumulation]]
[2019.02.17-03.20.24:724][  0]LogConfig: Setting CVar [[r.DOF.Kernel.MaxForegroundRadius:0.025]]
[2019.02.17-03.20.24:724][  0]LogConfig: Setting CVar [[r.DOF.Kernel.MaxBackgroundRadius:0.025]]
[2019.02.17-03.20.24:724][  0]LogConfig: Applying CVar settings from Section [TextureQuality@3] File [C:/Users/gosus/Documents/CP-School/SeniorProject/gitRepos/Senior-Project-CPP-Testground/HSPGame/Saved/Config/Windows/Scalability.ini]
[2019.02.17-03.20.24:724][  0]LogConfig: Setting CVar [[r.Streaming.MipBias:0]]
[2019.02.17-03.20.24:724][  0]LogConfig: Setting CVar [[r.Streaming.AmortizeCPUToGPUCopy:0]]
[2019.02.17-03.20.24:725][  0]LogConfig: Setting CVar [[r.Streaming.MaxNumTexturesToStreamPerFrame:0]]
[2019.02.17-03.20.24:725][  0]LogConfig: Setting CVar [[r.Streaming.Boost:1]]
[2019.02.17-03.20.24:725][  0]LogConfig: Setting CVar [[r.MaxAnisotropy:8]]
[2019.02.17-03.20.24:725][  0]LogConfig: Setting CVar [[r.Streaming.LimitPoolSizeToVRAM:0]]
[2019.02.17-03.20.24:725][  0]LogConfig: Setting CVar [[r.Streaming.PoolSize:1000]]
[2019.02.17-03.20.24:725][  0]LogConfig: Setting CVar [[r.Streaming.MaxEffectiveScreenSize:0]]
[2019.02.17-03.20.24:725][  0]LogConfig: Applying CVar settings from Section [EffectsQuality@3] File [C:/Users/gosus/Documents/CP-School/SeniorProject/gitRepos/Senior-Project-CPP-Testground/HSPGame/Saved/Config/Windows/Scalability.ini]
[2019.02.17-03.20.24:725][  0]LogConfig: Setting CVar [[r.TranslucencyLightingVolumeDim:64]]
[2019.02.17-03.20.24:725][  0]LogConfig: Setting CVar [[r.RefractionQuality:2]]
[2019.02.17-03.20.24:725][  0]LogConfig: Setting CVar [[r.SSR.Quality:3]]
[2019.02.17-03.20.24:725][  0]LogConfig: Setting CVar [[r.SceneColorFormat:4]]
[2019.02.17-03.20.24:725][  0]LogConfig: Setting CVar [[r.DetailMode:2]]
[2019.02.17-03.20.24:725][  0]LogConfig: Setting CVar [[r.TranslucencyVolumeBlur:1]]
[2019.02.17-03.20.24:725][  0]LogConfig: Setting CVar [[r.MaterialQualityLevel:1 ; High quality]]
[2019.02.17-03.20.24:725][  0]LogConfig: Setting CVar [[r.SSS.Scale:1]]
[2019.02.17-03.20.24:725][  0]LogConfig: Setting CVar [[r.SSS.SampleSet:2]]
[2019.02.17-03.20.24:725][  0]LogConfig: Setting CVar [[r.SSS.Quality:1]]
[2019.02.17-03.20.24:725][  0]LogConfig: Setting CVar [[r.SSS.HalfRes:1]]
[2019.02.17-03.20.24:725][  0]LogConfig: Setting CVar [[r.EmitterSpawnRateScale:1.0]]
[2019.02.17-03.20.24:725][  0]LogConfig: Setting CVar [[r.ParticleLightQuality:2]]
[2019.02.17-03.20.24:725][  0]LogConfig: Applying CVar settings from Section [FoliageQuality@3] File [C:/Users/gosus/Documents/CP-School/SeniorProject/gitRepos/Senior-Project-CPP-Testground/HSPGame/Saved/Config/Windows/Scalability.ini]
[2019.02.17-03.20.24:726][  0]LogConfig: Setting CVar [[foliage.DensityScale:1.0]]
[2019.02.17-03.20.24:726][  0]LogConfig: Setting CVar [[grass.DensityScale:1.0]]
[2019.02.17-03.20.24:726][  0]LogInit: Selected Device Profile: [Windows]
[2019.02.17-03.20.24:726][  0]LogInit: Applying CVar settings loaded from the selected device profile: [Windows]
[2019.02.17-03.20.24:735][  0]LogHAL: Display: Platform has ~ 32 GB [34313105408 / 34359738368 / 32], which maps to Largest [LargestMinGB=32, LargerMinGB=12, DefaultMinGB=8, SmallerMinGB=6, SmallestMinGB=0)
[2019.02.17-03.20.24:735][  0]LogConfig: Setting CVar [[r.Vulkan.UseRealUBs:1]]
[2019.02.17-03.20.24:735][  0]LogInit: Going up to parent DeviceProfile []
[2019.02.17-03.20.24:735][  0]LogConfig: Applying CVar settings from Section [ViewDistanceQuality@3] File [C:/Users/gosus/Documents/CP-School/SeniorProject/gitRepos/Senior-Project-CPP-Testground/HSPGame/Saved/Config/Windows/Scalability.ini]
[2019.02.17-03.20.24:735][  0]LogConfig: Setting CVar [[r.SkeletalMeshLODBias:0]]
[2019.02.17-03.20.24:735][  0]LogConfig: Setting CVar [[r.ViewDistanceScale:1.0]]
[2019.02.17-03.20.24:735][  0]LogConfig: Applying CVar settings from Section [AntiAliasingQuality@3] File [C:/Users/gosus/Documents/CP-School/SeniorProject/gitRepos/Senior-Project-CPP-Testground/HSPGame/Saved/Config/Windows/Scalability.ini]
[2019.02.17-03.20.24:736][  0]LogConfig: Setting CVar [[r.PostProcessAAQuality:4]]
[2019.02.17-03.20.24:736][  0]LogConfig: Applying CVar settings from Section [ShadowQuality@3] File [C:/Users/gosus/Documents/CP-School/SeniorProject/gitRepos/Senior-Project-CPP-Testground/HSPGame/Saved/Config/Windows/Scalability.ini]
[2019.02.17-03.20.24:736][  0]LogConfig: Setting CVar [[r.LightFunctionQuality:1]]
[2019.02.17-03.20.24:736][  0]LogConfig: Setting CVar [[r.ShadowQuality:5]]
[2019.02.17-03.20.24:736][  0]LogConfig: Setting CVar [[r.Shadow.CSM.MaxCascades:10]]
[2019.02.17-03.20.24:736][  0]LogConfig: Setting CVar [[r.Shadow.MaxResolution:2048]]
[2019.02.17-03.20.24:736][  0]LogConfig: Setting CVar [[r.Shadow.MaxCSMResolution:2048]]
[2019.02.17-03.20.24:736][  0]LogConfig: Setting CVar [[r.Shadow.RadiusThreshold:0.01]]
[2019.02.17-03.20.24:736][  0]LogConfig: Setting CVar [[r.Shadow.DistanceScale:1.0]]
[2019.02.17-03.20.24:736][  0]LogConfig: Setting CVar [[r.Shadow.CSM.TransitionScale:1.0]]
[2019.02.17-03.20.24:736][  0]LogConfig: Setting CVar [[r.Shadow.PreShadowResolutionFactor:1.0]]
[2019.02.17-03.20.24:736][  0]LogConfig: Setting CVar [[r.DistanceFieldShadowing:1]]
[2019.02.17-03.20.24:736][  0]LogConfig: Setting CVar [[r.DistanceFieldAO:1]]
[2019.02.17-03.20.24:736][  0]LogConfig: Setting CVar [[r.AOQuality:2]]
[2019.02.17-03.20.24:736][  0]LogConfig: Setting CVar [[r.VolumetricFog:1]]
[2019.02.17-03.20.24:736][  0]LogConfig: Setting CVar [[r.VolumetricFog.GridPixelSize:8]]
[2019.02.17-03.20.24:736][  0]LogConfig: Setting CVar [[r.VolumetricFog.GridSizeZ:128]]
[2019.02.17-03.20.24:736][  0]LogConfig: Setting CVar [[r.VolumetricFog.HistoryMissSupersampleCount:4]]
[2019.02.17-03.20.24:736][  0]LogConfig: Setting CVar [[r.LightMaxDrawDistanceScale:1]]
[2019.02.17-03.20.24:736][  0]LogConfig: Setting CVar [[r.CapsuleShadows:1]]
[2019.02.17-03.20.24:737][  0]LogConfig: Applying CVar settings from Section [PostProcessQuality@3] File [C:/Users/gosus/Documents/CP-School/SeniorProject/gitRepos/Senior-Project-CPP-Testground/HSPGame/Saved/Config/Windows/Scalability.ini]
[2019.02.17-03.20.24:737][  0]LogConfig: Setting CVar [[r.MotionBlurQuality:4]]
[2019.02.17-03.20.24:737][  0]LogConfig: Setting CVar [[r.AmbientOcclusionMipLevelFactor:0.4]]
[2019.02.17-03.20.24:737][  0]LogConfig: Setting CVar [[r.AmbientOcclusionMaxQuality:100]]
[2019.02.17-03.20.24:737][  0]LogConfig: Setting CVar [[r.AmbientOcclusionLevels:-1]]
[2019.02.17-03.20.24:737][  0]LogConfig: Setting CVar [[r.AmbientOcclusionRadiusScale:1.0]]
[2019.02.17-03.20.24:737][  0]LogConfig: Setting CVar [[r.DepthOfFieldQuality:2]]
[2019.02.17-03.20.24:737][  0]LogConfig: Setting CVar [[r.RenderTargetPoolMin:400]]
[2019.02.17-03.20.24:737][  0]LogConfig: Setting CVar [[r.LensFlareQuality:2]]
[2019.02.17-03.20.24:737][  0]LogConfig: Setting CVar [[r.SceneColorFringeQuality:1]]
[2019.02.17-03.20.24:737][  0]LogConfig: Setting CVar [[r.EyeAdaptationQuality:2]]
[2019.02.17-03.20.24:737][  0]LogConfig: Setting CVar [[r.BloomQuality:5]]
[2019.02.17-03.20.24:737][  0]LogConfig: Setting CVar [[r.FastBlurThreshold:100]]
[2019.02.17-03.20.24:737][  0]LogConfig: Setting CVar [[r.Upscale.Quality:3]]
[2019.02.17-03.20.24:737][  0]LogConfig: Setting CVar [[r.Tonemapper.GrainQuantization:1]]
[2019.02.17-03.20.24:737][  0]LogConfig: Setting CVar [[r.LightShaftQuality:1]]
[2019.02.17-03.20.24:737][  0]LogConfig: Setting CVar [[r.Filter.SizeScale:1]]
[2019.02.17-03.20.24:737][  0]LogConfig: Setting CVar [[r.Tonemapper.Quality:5]]
[2019.02.17-03.20.24:737][  0]LogConfig: Setting CVar [[r.DOF.Gather.AccumulatorQuality:1        ; higher gathering accumulator quality]]
[2019.02.17-03.20.24:737][  0]LogConfig: Setting CVar [[r.DOF.Gather.PostfilterMethod:1          ; Median3x3 postfilering method]]
[2019.02.17-03.20.24:738][  0]LogConfig: Setting CVar [[r.DOF.Gather.EnableBokehSettings:0       ; no bokeh simulation when gathering]]
[2019.02.17-03.20.24:738][  0]LogConfig: Setting CVar [[r.DOF.Gather.RingCount:4                 ; medium number of samples when gathering]]
[2019.02.17-03.20.24:738][  0]LogConfig: Setting CVar [[r.DOF.Scatter.ForegroundCompositing:1    ; additive foreground scattering]]
[2019.02.17-03.20.24:738][  0]LogConfig: Setting CVar [[r.DOF.Scatter.BackgroundCompositing:2    ; additive background scattering]]
[2019.02.17-03.20.24:738][  0]LogConfig: Setting CVar [[r.DOF.Scatter.EnableBokehSettings:1      ; bokeh simulation when scattering]]
[2019.02.17-03.20.24:738][  0]LogConfig: Setting CVar [[r.DOF.Scatter.MaxSpriteRatio:0.1         ; only a maximum of 10% of scattered bokeh]]
[2019.02.17-03.20.24:738][  0]LogConfig: Setting CVar [[r.DOF.Recombine.Quality:1                ; cheap slight out of focus]]
[2019.02.17-03.20.24:738][  0]LogConfig: Setting CVar [[r.DOF.Recombine.EnableBokehSettings:0    ; no bokeh simulation on slight out of focus]]
[2019.02.17-03.20.24:738][  0]LogConfig: Setting CVar [[r.DOF.TemporalAAQuality:1                ; more stable temporal accumulation]]
[2019.02.17-03.20.24:738][  0]LogConfig: Setting CVar [[r.DOF.Kernel.MaxForegroundRadius:0.025]]
[2019.02.17-03.20.24:738][  0]LogConfig: Setting CVar [[r.DOF.Kernel.MaxBackgroundRadius:0.025]]
[2019.02.17-03.20.24:738][  0]LogConfig: Applying CVar settings from Section [TextureQuality@3] File [C:/Users/gosus/Documents/CP-School/SeniorProject/gitRepos/Senior-Project-CPP-Testground/HSPGame/Saved/Config/Windows/Scalability.ini]
[2019.02.17-03.20.24:738][  0]LogConfig: Setting CVar [[r.Streaming.MipBias:0]]
[2019.02.17-03.20.24:738][  0]LogConfig: Setting CVar [[r.Streaming.AmortizeCPUToGPUCopy:0]]
[2019.02.17-03.20.24:738][  0]LogConfig: Setting CVar [[r.Streaming.MaxNumTexturesToStreamPerFrame:0]]
[2019.02.17-03.20.24:738][  0]LogConfig: Setting CVar [[r.Streaming.Boost:1]]
[2019.02.17-03.20.24:739][  0]LogConfig: Setting CVar [[r.MaxAnisotropy:8]]
[2019.02.17-03.20.24:739][  0]LogConfig: Setting CVar [[r.Streaming.LimitPoolSizeToVRAM:0]]
[2019.02.17-03.20.24:739][  0]LogConfig: Setting CVar [[r.Streaming.PoolSize:1000]]
[2019.02.17-03.20.24:739][  0]LogConfig: Setting CVar [[r.Streaming.MaxEffectiveScreenSize:0]]
[2019.02.17-03.20.24:739][  0]LogConfig: Applying CVar settings from Section [EffectsQuality@3] File [C:/Users/gosus/Documents/CP-School/SeniorProject/gitRepos/Senior-Project-CPP-Testground/HSPGame/Saved/Config/Windows/Scalability.ini]
[2019.02.17-03.20.24:739][  0]LogConfig: Setting CVar [[r.TranslucencyLightingVolumeDim:64]]
[2019.02.17-03.20.24:739][  0]LogConfig: Setting CVar [[r.RefractionQuality:2]]
[2019.02.17-03.20.24:739][  0]LogConfig: Setting CVar [[r.SSR.Quality:3]]
[2019.02.17-03.20.24:739][  0]LogConfig: Setting CVar [[r.SceneColorFormat:4]]
[2019.02.17-03.20.24:739][  0]LogConfig: Setting CVar [[r.DetailMode:2]]
[2019.02.17-03.20.24:739][  0]LogConfig: Setting CVar [[r.TranslucencyVolumeBlur:1]]
[2019.02.17-03.20.24:739][  0]LogConfig: Setting CVar [[r.MaterialQualityLevel:1 ; High quality]]
[2019.02.17-03.20.24:739][  0]LogConfig: Setting CVar [[r.SSS.Scale:1]]
[2019.02.17-03.20.24:739][  0]LogConfig: Setting CVar [[r.SSS.SampleSet:2]]
[2019.02.17-03.20.24:739][  0]LogConfig: Setting CVar [[r.SSS.Quality:1]]
[2019.02.17-03.20.24:739][  0]LogConfig: Setting CVar [[r.SSS.HalfRes:1]]
[2019.02.17-03.20.24:739][  0]LogConfig: Setting CVar [[r.EmitterSpawnRateScale:1.0]]
[2019.02.17-03.20.24:739][  0]LogConfig: Setting CVar [[r.ParticleLightQuality:2]]
[2019.02.17-03.20.24:739][  0]LogConfig: Applying CVar settings from Section [FoliageQuality@3] File [C:/Users/gosus/Documents/CP-School/SeniorProject/gitRepos/Senior-Project-CPP-Testground/HSPGame/Saved/Config/Windows/Scalability.ini]
[2019.02.17-03.20.24:739][  0]LogConfig: Setting CVar [[foliage.DensityScale:1.0]]
[2019.02.17-03.20.24:739][  0]LogConfig: Setting CVar [[grass.DensityScale:1.0]]
[2019.02.17-03.20.24:740][  0]LogConfig: Applying CVar settings from Section [Startup] File [../../../Engine/Config/ConsoleVariables.ini]
[2019.02.17-03.20.24:740][  0]LogConfig: Setting CVar [[net.UseAdaptiveNetUpdateFrequency:0]]
[2019.02.17-03.20.24:740][  0]LogConfig: Applying CVar settings from Section [ConsoleVariables] File [C:/Users/gosus/Documents/CP-School/SeniorProject/gitRepos/Senior-Project-CPP-Testground/HSPGame/Saved/Config/Windows/Engine.ini]
[2019.02.17-03.20.24:740][  0]LogInit: Computer: UNIT-01
[2019.02.17-03.20.24:740][  0]LogInit: User: gosus
[2019.02.17-03.20.24:740][  0]LogInit: CPU Page size=4096, Cores=4
[2019.02.17-03.20.24:740][  0]LogInit: High frequency timer resolution =10.000000 MHz
[2019.02.17-03.20.24:740][  0]LogMemory: Memory total: Physical=32.0GB (32GB approx)
[2019.02.17-03.20.24:740][  0]LogMemory: Platform Memory Stats for Windows
[2019.02.17-03.20.24:740][  0]LogMemory: Process Physical Memory: 103.37 MB used, 103.37 MB peak
[2019.02.17-03.20.24:740][  0]LogMemory: Process Virtual Memory: 90.36 MB used, 90.36 MB peak
[2019.02.17-03.20.24:740][  0]LogMemory: Physical Memory: 7134.80 MB used,  25588.73 MB free, 32723.53 MB total
[2019.02.17-03.20.24:740][  0]LogMemory: Virtual Memory: 4648.41 MB used,  134213080.00 MB free, 134217728.00 MB total
[2019.02.17-03.20.24:824][  0]LogInit: Using OS detected language (en-US).
[2019.02.17-03.20.24:824][  0]LogInit: Using OS detected locale (en-US).
[2019.02.17-03.20.24:824][  0]LogTextLocalizationManager: No specific localization for 'en-US' exists, so the 'en' localization will be used.
[2019.02.17-03.20.25:142][  0]LogStreaming: Display: Took  0.319s to InitEngineTextLocalization.
[2019.02.17-03.20.25:142][  0]LogInit: Setting process to per monitor DPI aware
[2019.02.17-03.20.25:201][  0]LogSlate: New Slate User Created.  User Index 0, Is Virtual User: 0
[2019.02.17-03.20.25:202][  0]LogSlate: Slate User Registered.  User Index 0, Is Virtual User: 0
[2019.02.17-03.20.25:395][  0]LogHMD: Failed to initialize OpenVR with code 110
[2019.02.17-03.20.25:395][  0]LogD3D11RHI: D3D11 adapters:
[2019.02.17-03.20.25:463][  0]LogD3D11RHI:    0. 'NVIDIA GeForce RTX 2080' (Feature Level 11_0)
[2019.02.17-03.20.25:463][  0]LogD3D11RHI:       8010/0/16361 MB DedicatedVideo/DedicatedSystem/SharedSystem, Outputs:2, VendorId:0x10de
[2019.02.17-03.20.25:468][  0]LogD3D11RHI:    1. 'Microsoft Basic Render Driver' (Feature Level 11_0)
[2019.02.17-03.20.25:469][  0]LogD3D11RHI:       0/0/16361 MB DedicatedVideo/DedicatedSystem/SharedSystem, Outputs:0, VendorId:0x1414
[2019.02.17-03.20.25:469][  0]LogD3D11RHI: Chosen D3D11 Adapter: 0
[2019.02.17-03.20.25:475][  0]LogD3D11RHI: Creating new Direct3DDevice
[2019.02.17-03.20.25:475][  0]LogD3D11RHI:     GPU DeviceId: 0x1e87 (for the marketing name, search the web for "GPU Device Id")
[2019.02.17-03.20.25:475][  0]LogWindows: EnumDisplayDevices:
[2019.02.17-03.20.25:475][  0]LogWindows:    0. 'NVIDIA GeForce RTX 2080' (P:1 D:1)
[2019.02.17-03.20.25:476][  0]LogWindows:    1. 'NVIDIA GeForce RTX 2080' (P:0 D:1)
[2019.02.17-03.20.25:476][  0]LogWindows:    2. 'NVIDIA GeForce RTX 2080' (P:0 D:0)
[2019.02.17-03.20.25:476][  0]LogWindows:    3. 'NVIDIA GeForce RTX 2080' (P:0 D:0)
[2019.02.17-03.20.25:476][  0]LogWindows: DebugString: FoundDriverCount:4 
[2019.02.17-03.20.25:477][  0]LogD3D11RHI:     Adapter Name: NVIDIA GeForce RTX 2080
[2019.02.17-03.20.25:477][  0]LogD3D11RHI:   Driver Version: 418.91 (internal:25.21.14.1891, unified:418.91)
[2019.02.17-03.20.25:477][  0]LogD3D11RHI:      Driver Date: 2-6-2019
[2019.02.17-03.20.25:477][  0]LogRHI: Texture pool is 5607 MB (70% of 8010 MB)
[2019.02.17-03.20.25:524][  0]LogD3D11RHI: Async texture creation enabled
[2019.02.17-03.20.25:560][  0]LogD3D11RHI: GPU Timing Frequency: 1000.000000 (Debug: 2 2)
[2019.02.17-03.20.25:898][  0]LogTemp: Display: Loaded TP AllDesktopTargetPlatform
[2019.02.17-03.20.25:912][  0]LogTemp: Display: Loaded TP MacClientTargetPlatform
[2019.02.17-03.20.25:927][  0]LogTemp: Display: Loaded TP MacNoEditorTargetPlatform
[2019.02.17-03.20.25:942][  0]LogTemp: Display: Loaded TP MacServerTargetPlatform
[2019.02.17-03.20.25:957][  0]LogTemp: Display: Loaded TP MacTargetPlatform
[2019.02.17-03.20.25:976][  0]LogTemp: Display: Loaded TP WindowsClientTargetPlatform
[2019.02.17-03.20.25:989][  0]LogTemp: Display: Loaded TP WindowsNoEditorTargetPlatform
[2019.02.17-03.20.26:006][  0]LogTemp: Display: Loaded TP WindowsServerTargetPlatform
[2019.02.17-03.20.26:015][  0]LogTemp: Display: Loaded TP WindowsTargetPlatform
[2019.02.17-03.20.26:092][  0]LogTemp: Display: Loaded TP AndroidTargetPlatform
[2019.02.17-03.20.26:092][  0]LogTemp: Display: Loaded TP AndroidTargetPlatform
[2019.02.17-03.20.26:092][  0]LogTemp: Display: Loaded TP AndroidTargetPlatform
[2019.02.17-03.20.26:092][  0]LogTemp: Display: Loaded TP AndroidTargetPlatform
[2019.02.17-03.20.26:092][  0]LogTemp: Display: Loaded TP AndroidTargetPlatform
[2019.02.17-03.20.26:092][  0]LogTemp: Display: Loaded TP AndroidTargetPlatform
[2019.02.17-03.20.26:092][  0]LogTemp: Display: Loaded TP AndroidTargetPlatform
[2019.02.17-03.20.26:092][  0]LogTemp: Display: Loaded TP AndroidTargetPlatform
[2019.02.17-03.20.26:092][  0]LogTemp: Display: Loaded TP AndroidTargetPlatform
[2019.02.17-03.20.26:092][  0]LogTemp: Display: Loaded TP AndroidTargetPlatform
[2019.02.17-03.20.26:092][  0]LogTemp: Display: Loaded TP AndroidTargetPlatform
[2019.02.17-03.20.26:092][  0]LogTemp: Display: Loaded TP AndroidTargetPlatform
[2019.02.17-03.20.26:092][  0]LogTemp: Display: Loaded TP AndroidTargetPlatform
[2019.02.17-03.20.26:092][  0]LogTemp: Display: Loaded TP AndroidTargetPlatform
[2019.02.17-03.20.26:092][  0]LogTemp: Display: Loaded TP AndroidTargetPlatform
[2019.02.17-03.20.26:092][  0]LogTemp: Display: Loaded TP AndroidTargetPlatform
[2019.02.17-03.20.26:092][  0]LogTemp: Display: Loaded TP AndroidTargetPlatform
[2019.02.17-03.20.26:092][  0]LogTemp: Display: Loaded TP AndroidTargetPlatform
[2019.02.17-03.20.26:096][  0]LogTemp: Display: Loaded TP HTML5TargetPlatform
[2019.02.17-03.20.26:163][  0]LogTemp: Display: Loaded TP IOSTargetPlatform
[2019.02.17-03.20.26:163][  0]LogTemp: Display: Loaded TP IOSTargetPlatform
[2019.02.17-03.20.26:189][  0]LogTemp: Display: Loaded TP TVOSTargetPlatform
[2019.02.17-03.20.26:190][  0]LogTemp: Display: Loaded TP TVOSTargetPlatform
[2019.02.17-03.20.26:201][  0]LogTemp: Display: Loaded TP LinuxClientTargetPlatform
[2019.02.17-03.20.26:217][  0]LogTemp: Display: Loaded TP LinuxNoEditorTargetPlatform
[2019.02.17-03.20.26:229][  0]LogTemp: Display: Loaded TP LinuxServerTargetPlatform
[2019.02.17-03.20.26:243][  0]LogTemp: Display: Loaded TP LinuxTargetPlatform
[2019.02.17-03.20.26:279][  0]LogTemp: Display: Loaded TP LuminTargetPlatform
[2019.02.17-03.20.26:279][  0]LogTemp: Display: Loaded TP LuminTargetPlatform
[2019.02.17-03.20.26:279][  0]LogTargetPlatformManager: Display: Building Assets For Windows
[2019.02.17-03.20.26:406][  0]LogShaderCompilers: Guid format shader working directory is -50 characters bigger than the processId version (C:/Users/gosus/Documents/CP-School/SeniorProject/gitRepos/Senior-Project-CPP-Testground/HSPGame/Intermediate/Shaders/WorkingDirectory/14908/).
[2019.02.17-03.20.26:406][  0]LogShaderCompilers: Cleaned the shader compiler working directory 'C:/Users/gosus/AppData/Local/Temp/UnrealShaderWorkingDir/BD337C4B4DA3B501FD236BA14D123C42/'.
[2019.02.17-03.20.26:408][  0]LogXGEController: Cleaning working directory: C:/Users/gosus/AppData/Local/Temp/UnrealXGEWorkingDir/
[2019.02.17-03.20.26:408][  0]LogXGEController: Cannot use XGE Controller as Incredibuild is not installed on this machine.
[2019.02.17-03.20.26:408][  0]LogShaderCompilers: Cannot use XGE Shader Compiler as Incredibuild is not installed on this machine.
[2019.02.17-03.20.26:408][  0]LogShaderCompilers: Display: Using Local Shader Compiler.
[2019.02.17-03.20.26:924][  0]LogDerivedDataCache: Display: Max Cache Size: 512 MB
[2019.02.17-03.20.26:966][  0]LogDerivedDataCache: Loaded boot cache 0.04s 71MB C:/Users/gosus/AppData/Local/UnrealEngine/4.21/DerivedDataCache/Boot.ddc.
[2019.02.17-03.20.26:966][  0]LogDerivedDataCache: Display: Loaded Boot cache: C:/Users/gosus/AppData/Local/UnrealEngine/4.21/DerivedDataCache/Boot.ddc
[2019.02.17-03.20.26:967][  0]LogDerivedDataCache: FDerivedDataBackendGraph:  Pak pak cache file C:/Users/gosus/Documents/CP-School/SeniorProject/gitRepos/Senior-Project-CPP-Testground/HSPGame/DerivedDataCache/DDC.ddp not found, will not use a pak cache.
[2019.02.17-03.20.26:967][  0]LogDerivedDataCache: Unable to find inner node Pak for hierarchical cache Hierarchy.
[2019.02.17-03.20.26:967][  0]LogDerivedDataCache: FDerivedDataBackendGraph:  CompressedPak pak cache file C:/Users/gosus/Documents/CP-School/SeniorProject/gitRepos/Senior-Project-CPP-Testground/HSPGame/DerivedDataCache/Compressed.ddp not found, will not use a pak cache.
[2019.02.17-03.20.26:967][  0]LogDerivedDataCache: Unable to find inner node CompressedPak for hierarchical cache Hierarchy.
[2019.02.17-03.20.26:977][  0]LogDerivedDataCache: Display: Pak cache opened for reading ../../../Engine/DerivedDataCache/Compressed.ddp.
[2019.02.17-03.20.26:977][  0]LogDerivedDataCache: FDerivedDataBackendGraph:  EnterprisePak pak cache file ../../../Enterprise/DerivedDataCache/Compressed.ddp not found, will not use a pak cache.
[2019.02.17-03.20.26:977][  0]LogDerivedDataCache: Unable to find inner node EnterprisePak for hierarchical cache Hierarchy.
[2019.02.17-03.20.26:990][  0]LogDerivedDataCache: Using Local data cache path C:/Users/gosus/AppData/Local/UnrealEngine/Common/DerivedDataCache: Writable
[2019.02.17-03.20.26:990][  0]LogDerivedDataCache: Shared data cache path not found in *engine.ini, will not use an Shared cache.
[2019.02.17-03.20.26:990][  0]LogDerivedDataCache: Unable to find inner node Shared for hierarchical cache Hierarchy.
[2019.02.17-03.20.27:010][  0]LogMaterial: Verifying Global Shaders for PCD3D_SM5
[2019.02.17-03.20.27:011][  0]LogSlate: Using FreeType 2.6.0
[2019.02.17-03.20.27:011][  0]LogSlate: SlateFontServices - WITH_FREETYPE: 1, WITH_HARFBUZZ: 1
[2019.02.17-03.20.27:090][  0]LogAssetRegistry: FAssetRegistry took 0.0344 seconds to start up
[2019.02.17-03.20.27:377][  0]LogInit: Selected Device Profile: [Windows]
[2019.02.17-03.20.27:524][  0]LogSimplygon: Simplygon DLL not present - disabling.
[2019.02.17-03.20.27:539][  0]LogMeshReduction: Using SimplygonSwarm for distributed automatic mesh merging
[2019.02.17-03.20.27:539][  0]LogMeshReduction: Using ProxyLODMeshReduction for automatic mesh merging
[2019.02.17-03.20.27:540][  0]LogMeshReduction: Using QuadricMeshReduction for automatic static mesh reduction
[2019.02.17-03.20.27:540][  0]LogMeshReduction: No automatic skeletal mesh reduction module available
[2019.02.17-03.20.27:550][  0]LogNetVersion: HSPGame 1.0.0, NetCL: 4541578, EngineNetVer: 5, GameNetVer: 0 (Checksum: 2893343623)
[2019.02.17-03.20.27:944][  0]LogPackageLocalizationCache: Processed 11 localized package path(s) for 2 prioritized culture(s) in 0.076092 seconds
[2019.02.17-03.20.27:949][  0]LogUObjectArray: 39775 objects as part of root set at end of initial load.
[2019.02.17-03.20.27:950][  0]LogUObjectAllocator: 6914664 out of 0 bytes used by permanent object pool.
[2019.02.17-03.20.27:950][  0]LogUObjectArray: CloseDisregardForGC: 0/0 objects in disregard for GC pool
[2019.02.17-03.20.28:831][  0]LogTcpMessaging: Initializing TcpMessaging bridge
[2019.02.17-03.20.28:848][  0]LogUdpMessaging: Initializing bridge on interface 0.0.0.0:0 to multicast group 230.0.0.1:6666.
[2019.02.17-03.20.29:500][  0]SourceControl: Source control is disabled
[2019.02.17-03.20.29:500][  0]SourceControl: Source control is disabled
[2019.02.17-03.20.29:510][  0]SourceControl: Source control is disabled
[2019.02.17-03.20.29:514][  0]SourceControl: Source control is disabled
[2019.02.17-03.20.29:827][  0]LogAndroidPermission: UAndroidPermissionCallbackProxy::GetInstance
[2019.02.17-03.20.30:024][  0]LogOcInput: OculusInput pre-init called
[2019.02.17-03.20.30:169][  0]LogEngine: Initializing Engine...
[2019.02.17-03.20.30:169][  0]LogHMD: Failed to initialize OpenVR with code 110
[2019.02.17-03.20.30:170][  0]LogStats: UGameplayTagsManager::ConstructGameplayTagTree: ImportINI prefixes -  0.000 s
[2019.02.17-03.20.30:170][  0]LogStats: UGameplayTagsManager::ConstructGameplayTagTree: Construct from data asset -  0.000 s
[2019.02.17-03.20.30:170][  0]LogStats: UGameplayTagsManager::ConstructGameplayTagTree: ImportINI -  0.000 s
[2019.02.17-03.20.30:171][  0]LogStats: UGameplayTagsManager::ConstructGameplayTagTree: GameplayTagTreeChangedEvent.Broadcast -  0.000 s
[2019.02.17-03.20.30:353][  0]LogInit: Initializing FReadOnlyCVARCache
[2019.02.17-03.20.30:366][  0]LogAIModule: Creating AISystem for world Untitled
[2019.02.17-03.20.30:421][  0]LogInit: XAudio2 using 'Speakers (Realtek(R) Audio)' : 2 channels at 48 kHz using 32 bits per sample (channel mask 0x3)
[2019.02.17-03.20.30:497][  0]LogInit: FAudioDevice initialized.
[2019.02.17-03.20.30:497][  0]LogNetVersion: Set ProjectVersion to 1.0.0.0. Version Checksum will be recalculated on next use.
[2019.02.17-03.20.30:539][  0]LogDerivedDataCache: Saved boot cache 0.04s 71MB C:/Users/gosus/AppData/Local/UnrealEngine/4.21/DerivedDataCache/Boot.ddc.
[2019.02.17-03.20.30:547][  0]LogInit: Texture streaming: Enabled
[2019.02.17-03.20.30:573][  0]LogEngineSessionManager: EngineSessionManager initialized
[2019.02.17-03.20.30:574][  0]LogEngineSessionManager: EngineSessionManager sent abnormal shutdown report. Type=Debugger, SessionId={9B0F4E63-4FC0-7A1F-045B-27895A8E6BED}
[2019.02.17-03.20.30:584][  0]LogInit: Transaction tracking system initialized
[2019.02.17-03.20.30:622][  0]BlueprintLog: New page: Editor Load
[2019.02.17-03.20.30:759][  0]LocalizationService: Localization service is disabled
[2019.02.17-03.20.31:217][  0]LogFileCache: Scanning file cache for directory 'C:/Users/gosus/Documents/CP-School/SeniorProject/gitRepos/Senior-Project-CPP-Testground/HSPGame/Content/' took 0.02s
[2019.02.17-03.20.31:218][  0]LogCook: Display: Max memory allowance for cook 16384mb min free memory 0mb
[2019.02.17-03.20.31:218][  0]LogCook: Display: Mobile HDR setting 1
[2019.02.17-03.20.31:218][  0]LogGameplayTags: Display: UGameplayTagsManager::DoneAddingNativeTags. DelegateIsBound: 0
[2019.02.17-03.20.31:218][  0]LogStats: UGameplayTagsManager::ConstructGameplayTagTree: ImportINI prefixes -  0.000 s
[2019.02.17-03.20.31:218][  0]LogStats: UGameplayTagsManager::ConstructGameplayTagTree: Construct from data asset -  0.000 s
[2019.02.17-03.20.31:218][  0]LogStats: UGameplayTagsManager::ConstructGameplayTagTree: ImportINI -  0.000 s
[2019.02.17-03.20.31:218][  0]LogStats: UGameplayTagsManager::ConstructGameplayTagTree: GameplayTagTreeChangedEvent.Broadcast -  0.000 s
[2019.02.17-03.20.31:435][  0]SourceControl: Source control is disabled
[2019.02.17-03.20.31:436][  0]LightingResults: New page: Lighting Build
[2019.02.17-03.20.31:438][  0]MapCheck: New page: Map Check
[2019.02.17-03.20.31:438][  0]LightingResults: New page: Lighting Build
[2019.02.17-03.20.31:566][  0]LogLinker: Warning: Can't find file '/Game/StarterContent/Maps/Minimal_Default_BuiltData'
[2019.02.17-03.20.31:566][  0]LogLinker: Warning: Can't find file for asset '/Game/StarterContent/Maps/Minimal_Default_BuiltData' while loading C:/Users/gosus/Documents/CP-School/SeniorProject/gitRepos/Senior-Project-CPP-Testground/HSPGame/Content/StarterContent/Maps/Minimal_Default.umap.
[2019.02.17-03.20.31:566][  0]LoadErrors: Error: /Game/StarterContent/Maps/Minimal_Default : Can't find file for asset. /Game/StarterContent/Maps/Minimal_Default_BuiltData
[2019.02.17-03.20.31:595][  0]LogLinker: Warning: Can't find file '/Game/StarterContent/Maps/Minimal_Default_BuiltData'
[2019.02.17-03.20.31:596][  0]LogLinker: Warning: Can't find file for asset '/Game/StarterContent/Maps/Minimal_Default_BuiltData' while loading C:/Users/gosus/Documents/CP-School/SeniorProject/gitRepos/Senior-Project-CPP-Testground/HSPGame/Content/StarterContent/Maps/Minimal_Default.umap.
[2019.02.17-03.20.31:596][  0]LoadErrors: Error: /Game/StarterContent/Maps/Minimal_Default : Can't find file for asset. /Game/StarterContent/Maps/Minimal_Default_BuiltData
[2019.02.17-03.20.31:607][  0]LogLinker: Warning: Can't find file '/Game/StarterContent/Maps/Minimal_Default_BuiltData'
[2019.02.17-03.20.31:607][  0]LogLinker: Warning: Can't find file for asset '/Game/StarterContent/Maps/Minimal_Default_BuiltData' while loading NULL.
[2019.02.17-03.20.31:607][  0]LogLinker: Warning: Can't find file '/Game/StarterContent/Maps/Minimal_Default_BuiltData'
[2019.02.17-03.20.31:607][  0]LogLinker: Warning: Can't find file for asset '/Game/StarterContent/Maps/Minimal_Default_BuiltData' while loading NULL.
[2019.02.17-03.20.31:692][  0]LogLinker: Warning: Can't find file '/Game/StarterContent/Maps/Minimal_Default_BuiltData'
[2019.02.17-03.20.31:692][  0]LoadErrors: Failed to load /Game/StarterContent/Maps/Minimal_Default_BuiltData.Minimal_Default_BuiltData Referenced by PersistentLevel
[2019.02.17-03.20.31:692][  0]LogLinker: Warning: Can't find file for asset '/Game/StarterContent/Maps/Minimal_Default_BuiltData' while loading NULL.
[2019.02.17-03.20.31:692][  0]LoadErrors: Failed to load /Game/StarterContent/Maps/Minimal_Default_BuiltData.Minimal_Default_BuiltData Referenced by PersistentLevel
[2019.02.17-03.20.31:870][  0]LogAIModule: Creating AISystem for world Minimal_Default
[2019.02.17-03.20.31:949][  0]LogEditorServer: Finished looking for orphan Actors (0.000 secs)
[2019.02.17-03.20.31:966][  0]Cmd: MAP CHECKDEP NOCLEARLOG
[2019.02.17-03.20.31:966][  0]MapCheck: Map check complete: 0 Error(s), 0 Warning(s), took 0.151ms to complete.
[2019.02.17-03.20.31:966][  0]LogFileHelpers: Loading map 'Minimal_Default' took 0.531
[2019.02.17-03.20.32:068][  0]LogSlate: Updating window title bar state: overlay mode, drag disabled, window buttons hidden, title bar hidden
[2019.02.17-03.20.32:076][  0]LogSlate: Updating window title bar state: overlay mode, drag disabled, window buttons hidden, title bar hidden
[2019.02.17-03.20.32:082][  0]LogSlate: Updating window title bar state: overlay mode, drag disabled, window buttons hidden, title bar hidden
[2019.02.17-03.20.32:088][  0]LogSlate: Updating window title bar state: overlay mode, drag disabled, window buttons hidden, title bar hidden
[2019.02.17-03.20.32:098][  0]LogCollectionManager: Loaded 0 collections in 0.001232 seconds
[2019.02.17-03.20.32:114][  0]LogFileCache: Scanning file cache for directory 'C:/Users/gosus/Documents/CP-School/SeniorProject/gitRepos/Senior-Project-CPP-Testground/HSPGame/Saved/Collections/' took 0.01s
[2019.02.17-03.20.32:114][  0]LogFileCache: Scanning file cache for directory 'C:/Users/gosus/Documents/CP-School/SeniorProject/gitRepos/Senior-Project-CPP-Testground/HSPGame/Content/Developers/gosus/Collections/' took 0.00s
[2019.02.17-03.20.32:114][  0]LogFileCache: Scanning file cache for directory 'C:/Users/gosus/Documents/CP-School/SeniorProject/gitRepos/Senior-Project-CPP-Testground/HSPGame/Content/Collections/' took 0.00s
[2019.02.17-03.20.32:114][  0]LogCollectionManager: Rebuilt the GUID cache for 0 collections in 0.000000 seconds
[2019.02.17-03.20.32:122][  0]LogContentBrowser: Native class hierarchy populated in 0.0080 seconds. Added 2656 classes and 622 folders.
[2019.02.17-03.20.32:128][  0]LogContentBrowser: Native class hierarchy updated for 'WidgetCarousel' in 0.0003 seconds. Added 0 classes and 0 folders.
[2019.02.17-03.20.32:129][  0]LogPakFile: Registered encryption key '00000000000000000000000000000000': 0 pak files mounted, 0 remain pending
[2019.02.17-03.20.32:130][  0]LogPakFile: Registered encryption key '00000000000000000000000000000000': 0 pak files mounted, 0 remain pending
[2019.02.17-03.20.32:130][  0]LogPakFile: Registered encryption key '00000000000000000000000000000000': 0 pak files mounted, 0 remain pending
[2019.02.17-03.20.32:131][  0]LogPakFile: Registered encryption key '00000000000000000000000000000000': 0 pak files mounted, 0 remain pending
[2019.02.17-03.20.32:131][  0]LogPakFile: Registered encryption key '00000000000000000000000000000000': 0 pak files mounted, 0 remain pending
[2019.02.17-03.20.32:132][  0]LogPakFile: Registered encryption key '00000000000000000000000000000000': 0 pak files mounted, 0 remain pending
[2019.02.17-03.20.32:132][  0]LogPakFile: Registered encryption key '00000000000000000000000000000000': 0 pak files mounted, 0 remain pending
[2019.02.17-03.20.32:132][  0]LogPakFile: Registered encryption key '00000000000000000000000000000000': 0 pak files mounted, 0 remain pending
[2019.02.17-03.20.32:133][  0]LogPakFile: Registered encryption key '00000000000000000000000000000000': 0 pak files mounted, 0 remain pending
[2019.02.17-03.20.32:133][  0]LogPakFile: Registered encryption key '00000000000000000000000000000000': 0 pak files mounted, 0 remain pending
[2019.02.17-03.20.32:133][  0]LogPakFile: Registered encryption key '00000000000000000000000000000000': 0 pak files mounted, 0 remain pending
[2019.02.17-03.20.32:134][  0]LogPakFile: Registered encryption key '00000000000000000000000000000000': 0 pak files mounted, 0 remain pending
[2019.02.17-03.20.32:135][  0]LogPakFile: Registered encryption key '00000000000000000000000000000000': 0 pak files mounted, 0 remain pending
[2019.02.17-03.20.32:135][  0]LogPakFile: Registered encryption key '00000000000000000000000000000000': 0 pak files mounted, 0 remain pending
[2019.02.17-03.20.32:136][  0]LogPakFile: Registered encryption key '00000000000000000000000000000000': 0 pak files mounted, 0 remain pending
[2019.02.17-03.20.32:136][  0]LogPakFile: Registered encryption key '00000000000000000000000000000000': 0 pak files mounted, 0 remain pending
[2019.02.17-03.20.32:137][  0]LogPakFile: Registered encryption key '00000000000000000000000000000000': 0 pak files mounted, 0 remain pending
[2019.02.17-03.20.32:137][  0]LogPakFile: Registered encryption key '00000000000000000000000000000000': 0 pak files mounted, 0 remain pending
[2019.02.17-03.20.32:137][  0]LogPakFile: Registered encryption key '00000000000000000000000000000000': 0 pak files mounted, 0 remain pending
[2019.02.17-03.20.32:138][  0]LogPakFile: Registered encryption key '00000000000000000000000000000000': 0 pak files mounted, 0 remain pending
[2019.02.17-03.20.32:138][  0]LogPakFile: Registered encryption key '00000000000000000000000000000000': 0 pak files mounted, 0 remain pending
[2019.02.17-03.20.32:138][  0]LogPakFile: Registered encryption key '00000000000000000000000000000000': 0 pak files mounted, 0 remain pending
[2019.02.17-03.20.32:139][  0]LogPakFile: Registered encryption key '00000000000000000000000000000000': 0 pak files mounted, 0 remain pending
[2019.02.17-03.20.32:139][  0]LogPakFile: Registered encryption key '00000000000000000000000000000000': 0 pak files mounted, 0 remain pending
[2019.02.17-03.20.32:140][  0]LogPakFile: Registered encryption key '00000000000000000000000000000000': 0 pak files mounted, 0 remain pending
[2019.02.17-03.20.32:140][  0]LogPakFile: Registered encryption key '00000000000000000000000000000000': 0 pak files mounted, 0 remain pending
[2019.02.17-03.20.32:160][  0]LogContentBrowser: Native class hierarchy updated for 'AddContentDialog' in 0.0003 seconds. Added 0 classes and 0 folders.
[2019.02.17-03.20.32:168][  0]LogContentBrowser: Native class hierarchy updated for 'SceneOutliner' in 0.0003 seconds. Added 1 classes and 2 folders.
[2019.02.17-03.20.32:178][  0]LogSlate: Took 0.000109 seconds to synchronously load lazily loaded font '../../../Engine/Content/Slate/Fonts/Roboto-Regular.ttf' (155K)
[2019.02.17-03.20.32:180][  0]LogSlate: Took 0.000099 seconds to synchronously load lazily loaded font '../../../Engine/Content/Slate/Fonts/Roboto-Bold.ttf' (160K)
[2019.02.17-03.20.32:185][  0]LogSlate: Took 0.000123 seconds to synchronously load lazily loaded font '../../../Engine/Content/Editor/Slate/Fonts/FontAwesome.ttf' (139K)
[2019.02.17-03.20.32:243][  0]LogRenderer: Reallocating scene render targets to support 1644x884 Format 10 NumSamples 1 (Frame:1).
[2019.02.17-03.20.32:440][  0]LogContentBrowser: Native class hierarchy updated for 'HierarchicalLODOutliner' in 0.0003 seconds. Added 0 classes and 0 folders.
[2019.02.17-03.20.32:441][  0]LogLoad: (Engine Initialization) Total time: 9.41 seconds
[2019.02.17-03.20.32:441][  0]LogLoad: (Engine Initialization) Total Blueprint compile time: 0.00 seconds
[2019.02.17-03.20.32:514][  0]LogContentStreaming: Texture pool size now 1000 MB
[2019.02.17-03.20.32:517][  0]LogSlate: FSceneViewport::OnFocusLost() reason 2
[2019.02.17-03.20.32:566][  1]LogAssetRegistry: Asset discovery search completed in 5.5005 seconds
[2019.02.17-03.20.32:567][  1]LogCollectionManager: Rebuilt the object cache for 0 collections in 0.000000 seconds (found 0 objects)
[2019.02.17-03.20.32:567][  1]LogCollectionManager: Fixed up redirectors for 0 collections in 0.000097 seconds (updated 0 objects)
[2019.02.17-03.20.33:982][164]LogSlate: Window 'Message Log' being destroyed
[2019.02.17-03.20.33:985][164]LogSlate: Window 'Message Log' being destroyed
[2019.02.17-03.20.46:281][368]LogSlate: FSceneViewport::OnFocusLost() reason 0
[2019.02.17-03.20.46:364][374]Candidate modules for hot reload:
[2019.02.17-03.20.46:365][374]  HSPGame
[2019.02.17-03.20.46:365][374]Launching UnrealBuildTool... [G:/Games/Epic/Games/UE_4.21/Engine/Binaries/DotNET/UnrealBuildTool.exe  -ModuleWithSuffix=HSPGame,8004 Win64 Development -TargetType=Editor -Project="C:/Users/gosus/Documents/CP-School/SeniorProject/gitRepos/Senior-Project-CPP-Testground/HSPGame/HSPGame.uproject" -canskiplink "C:/Users/gosus/Documents/CP-School/SeniorProject/gitRepos/Senior-Project-CPP-Testground/HSPGame/HSPGame.uproject" ]
[2019.02.17-03.20.46:374][374]Warning: Starting HotReload took  0.0s.
[2019.02.17-03.21.03:256][397]CompilerResultsLog: New page: Compilation - Feb 16, 2019, 11:21:03 AM
[2019.02.17-03.21.03:256][397]CompilerResultsLog: Using 'git status' to determine working set for adaptive non-unity build (C:\Users\gosus\Documents\CP-School\SeniorProject\gitRepos\Senior-Project-CPP-Testground).
[2019.02.17-03.21.03:256][397]CompilerResultsLog: Creating makefile for hot reloading HSPGameEditor (source directory changed)
[2019.02.17-03.21.03:256][397]CompilerResultsLog: Compiling game modules for hot reload
[2019.02.17-03.21.03:256][397]CompilerResultsLog: Using Visual Studio 2017 14.16.27023 toolchain (C:\Program Files (x86)\Microsoft Visual Studio\2017\Community\VC\Tools\MSVC\14.16.27023) and Windows 10.0.17763.0 SDK (C:\Program Files (x86)\Windows Kits\10).
[2019.02.17-03.21.03:256][397]CompilerResultsLog: Parsing headers for HSPGameEditor
[2019.02.17-03.21.03:256][397]CompilerResultsLog:   Running UnrealHeaderTool "C:\Users\gosus\Documents\CP-School\SeniorProject\gitRepos\Senior-Project-CPP-Testground\HSPGame\HSPGame.uproject" "C:\Users\gosus\Documents\CP-School\SeniorProject\gitRepos\Senior-Project-CPP-Testground\HSPGame\Intermediate\Build\Win64\HSPGameEditor\Development\HSPGameEditor.uhtmanifest" -LogCmds="loginit warning, logexit warning, logdatabase error" -Unattended -WarningsAsErrors -installed
[2019.02.17-03.21.03:257][397]CompilerResultsLog: LogCompile: Error: Circular dependency detected for filename C:\Users\gosus\Documents\CP-School\SeniorProject\gitRepos\Senior-Project-CPP-Testground\HSPGame\Source\HSPGame\ProtagClass.h!
[2019.02.17-03.21.03:257][397]CompilerResultsLog: Reflection code generated for HSPGameEditor in 9.4654005 seconds
[2019.02.17-03.21.03:257][397]CompilerResultsLog: Building 8 actions with 8 processes...
[2019.02.17-03.21.03:257][397]CompilerResultsLog:   [1/8] HSPGameGameModeBase.gen.cpp
[2019.02.17-03.21.03:257][397]CompilerResultsLog:   [2/8] HSPGameGameModeBase.cpp
[2019.02.17-03.21.03:257][397]CompilerResultsLog:   C:\Users\gosus\Documents\CP-School\SeniorProject\gitRepos\Senior-Project-CPP-Testground\HSPGame\Source\HSPGame\HSPGameGameModeBase.cpp(4): warning C4005: 'D': macro redefinition
[2019.02.17-03.21.03:257][397]CompilerResultsLog:   c:\users\gosus\documents\cp-school\seniorproject\gitrepos\senior-project-cpp-testground\hspgame\source\hspgame\Base2DCharacter.h(13): note: see previous definition of 'D'
[2019.02.17-03.21.03:257][397]CompilerResultsLog:   [3/8] ProtagClass.gen.cpp
[2019.02.17-03.21.03:257][397]CompilerResultsLog:   [4/8] EnemySlime.cpp
[2019.02.17-03.21.03:257][397]CompilerResultsLog:   [5/8] EnemySlime.gen.cpp
[2019.02.17-03.21.03:257][397]CompilerResultsLog:   [6/8] ProtagClass.cpp
[2019.02.17-03.21.03:257][397]CompilerResultsLog:   [7/8] UE4Editor-HSPGame-8004.lib
[2019.02.17-03.21.03:257][397]CompilerResultsLog:      Creating library C:\Users\gosus\Documents\CP-School\SeniorProject\gitRepos\Senior-Project-CPP-Testground\HSPGame\Intermediate\Build\Win64\UE4Editor\Development\HSPGame\UE4Editor-HSPGame-8004.lib and object C:\Users\gosus\Documents\CP-School\SeniorProject\gitRepos\Senior-Project-CPP-Testground\HSPGame\Intermediate\Build\Win64\UE4Editor\Development\HSPGame\UE4Editor-HSPGame-8004.exp
[2019.02.17-03.21.03:258][397]CompilerResultsLog:   [8/8] UE4Editor-HSPGame-8004.dll
[2019.02.17-03.21.03:258][397]CompilerResultsLog:      Creating library C:\Users\gosus\Documents\CP-School\SeniorProject\gitRepos\Senior-Project-CPP-Testground\HSPGame\Intermediate\Build\Win64\UE4Editor\Development\HSPGame\UE4Editor-HSPGame-8004.suppressed.lib and object C:\Users\gosus\Documents\CP-School\SeniorProject\gitRepos\Senior-Project-CPP-Testground\HSPGame\Intermediate\Build\Win64\UE4Editor\Development\HSPGame\UE4Editor-HSPGame-8004.suppressed.exp
[2019.02.17-03.21.03:258][397]CompilerResultsLog: Total build time: 16.63 seconds (Parallel executor: 2.77 seconds)
[2019.02.17-03.21.03:258][397]LogMainFrame: MainFrame: Module compiling took 16.895 seconds
[2019.02.17-03.21.03:309][397]LogContentBrowser: Native class hierarchy updated for 'HSPGame' in 0.0003 seconds. Added 5 classes and 2 folders.
[2019.02.17-03.21.03:311][397]Display: HotReload successful (4 functions remapped  0 scriptstructs remapped)
[2019.02.17-03.21.03:426][397]LogContentBrowser: Native class hierarchy populated in 0.0061 seconds. Added 2657 classes and 624 folders.
[2019.02.17-03.21.03:433][397]Display: HotReload took 17.1s.
[2019.02.17-03.21.04:719][551]LogTemp: Repeating last play command: Selected Viewport
[2019.02.17-03.21.04:736][551]LogBlueprintUserMessages: Early PlayInEditor Detection: Level '/Game/StarterContent/Maps/Minimal_Default.Minimal_Default:PersistentLevel' has LevelScriptBlueprint '/Game/StarterContent/Maps/Minimal_Default.Minimal_Default:PersistentLevel.Minimal_Default' with GeneratedClass '/Game/StarterContent/Maps/Minimal_Default.Minimal_Default_C' with ClassGeneratedBy '/Game/StarterContent/Maps/Minimal_Default.Minimal_Default:PersistentLevel.Minimal_Default'
[2019.02.17-03.21.04:736][551]LogPlayLevel: PlayLevel: No blueprints needed recompiling
[2019.02.17-03.21.04:736][551]PIE: New page: PIE session: Minimal_Default (Feb 16, 2019, 11:21:04 AM)
[2019.02.17-03.21.04:750][551]LogPlayLevel: Creating play world package: /Game/StarterContent/Maps/UEDPIE_0_Minimal_Default
[2019.02.17-03.21.04:828][551]LogPlayLevel: PIE: StaticDuplicateObject took: (0.077404s)
[2019.02.17-03.21.04:829][551]LogAIModule: Creating AISystem for world Minimal_Default
[2019.02.17-03.21.04:829][551]LogPlayLevel: PIE: World Init took: (0.000794s)
[2019.02.17-03.21.04:829][551]LogPlayLevel: PIE: Created PIE world by copying editor world from /Game/StarterContent/Maps/Minimal_Default.Minimal_Default to /Game/StarterContent/Maps/UEDPIE_0_Minimal_Default.Minimal_Default (0.078709s)
[2019.02.17-03.21.04:891][551]LogInit: XAudio2 using 'Speakers (Realtek(R) Audio)' : 2 channels at 48 kHz using 32 bits per sample (channel mask 0x3)
[2019.02.17-03.21.04:908][551]LogInit: FAudioDevice initialized.
[2019.02.17-03.21.04:957][551]LogLoad: Game class is 'BP_HSPGameGameModeBase_C'
[2019.02.17-03.21.04:963][551]LogWorld: Bringing World /Game/StarterContent/Maps/UEDPIE_0_Minimal_Default.Minimal_Default up for play (max tick rate 0) at 2019.02.16-19.21.04
[2019.02.17-03.21.04:964][551]LogWorld: Bringing up level for play took: 0.006315
[2019.02.17-03.21.04:995][551]LogContentBrowser: Native class hierarchy updated for 'MovieSceneCapture' in 0.0006 seconds. Added 20 classes and 0 folders.
[2019.02.17-03.21.04:997][551]PIE: Play in editor start time for /Game/StarterContent/Maps/UEDPIE_0_Minimal_Default 0.843
[2019.02.17-03.21.04:998][551]LogBlueprintUserMessages: Late PlayInEditor Detection: Level '/Game/StarterContent/Maps/Minimal_Default.Minimal_Default:PersistentLevel' has LevelScriptBlueprint '/Game/StarterContent/Maps/Minimal_Default.Minimal_Default:PersistentLevel.Minimal_Default' with GeneratedClass '/Game/StarterContent/Maps/Minimal_Default.Minimal_Default_C' with ClassGeneratedBy '/Game/StarterContent/Maps/Minimal_Default.Minimal_Default:PersistentLevel.Minimal_Default'
[2019.02.17-03.21.09:849][129]LogSlate: FSceneViewport::OnFocusLost() reason 0
[2019.02.17-03.21.09:950][141]LogBlueprintUserMessages: Early EndPlayMap Detection: Level '/Game/StarterContent/Maps/Minimal_Default.Minimal_Default:PersistentLevel' has LevelScriptBlueprint '/Game/StarterContent/Maps/Minimal_Default.Minimal_Default:PersistentLevel.Minimal_Default' with GeneratedClass '/Game/StarterContent/Maps/Minimal_Default.Minimal_Default_C' with ClassGeneratedBy '/Game/StarterContent/Maps/Minimal_Default.Minimal_Default:PersistentLevel.Minimal_Default'
[2019.02.17-03.21.09:950][141]LogSlate: Updating window title bar state: overlay mode, drag disabled, window buttons hidden, title bar hidden
[2019.02.17-03.21.09:988][141]LogPlayLevel: Display: Shutting down PIE online subsystems
[2019.02.17-03.21.09:989][141]LogBlueprintUserMessages: Late EndPlayMap Detection: Level '/Game/StarterContent/Maps/Minimal_Default.Minimal_Default:PersistentLevel' has LevelScriptBlueprint '/Game/StarterContent/Maps/Minimal_Default.Minimal_Default:PersistentLevel.Minimal_Default' with GeneratedClass '/Game/StarterContent/Maps/Minimal_Default.Minimal_Default_C' with ClassGeneratedBy '/Game/StarterContent/Maps/Minimal_Default.Minimal_Default:PersistentLevel.Minimal_Default'
[2019.02.17-03.21.10:009][141]LogSlate: Updating window title bar state: overlay mode, drag disabled, window buttons hidden, title bar hidden
[2019.02.17-03.21.10:049][145]LogPlayLevel: Display: Destroying online subsystem :Context_1
[2019.02.17-03.21.49:502][595]LogTemp: Repeating last play command: Selected Viewport
[2019.02.17-03.21.49:515][595]LogBlueprintUserMessages: Early PlayInEditor Detection: Level '/Game/StarterContent/Maps/Minimal_Default.Minimal_Default:PersistentLevel' has LevelScriptBlueprint '/Game/StarterContent/Maps/Minimal_Default.Minimal_Default:PersistentLevel.Minimal_Default' with GeneratedClass '/Game/StarterContent/Maps/Minimal_Default.Minimal_Default_C' with ClassGeneratedBy '/Game/StarterContent/Maps/Minimal_Default.Minimal_Default:PersistentLevel.Minimal_Default'
[2019.02.17-03.21.49:515][595]LogPlayLevel: PlayLevel: No blueprints needed recompiling
[2019.02.17-03.21.49:515][595]PIE: New page: PIE session: Minimal_Default (Feb 16, 2019, 11:21:49 AM)
[2019.02.17-03.21.49:515][595]LogPlayLevel: Creating play world package: /Game/StarterContent/Maps/UEDPIE_0_Minimal_Default
[2019.02.17-03.21.49:552][595]LogPlayLevel: PIE: StaticDuplicateObject took: (0.035737s)
[2019.02.17-03.21.49:553][595]LogAIModule: Creating AISystem for world Minimal_Default
[2019.02.17-03.21.49:553][595]LogPlayLevel: PIE: World Init took: (0.000864s)
[2019.02.17-03.21.49:553][595]LogPlayLevel: PIE: Created PIE world by copying editor world from /Game/StarterContent/Maps/Minimal_Default.Minimal_Default to /Game/StarterContent/Maps/UEDPIE_0_Minimal_Default.Minimal_Default (0.036968s)
[2019.02.17-03.21.49:617][595]LogInit: XAudio2 using 'Speakers (Realtek(R) Audio)' : 2 channels at 48 kHz using 32 bits per sample (channel mask 0x3)
[2019.02.17-03.21.49:633][595]LogInit: FAudioDevice initialized.
[2019.02.17-03.21.49:669][595]LogLoad: Game class is 'BP_HSPGameGameModeBase_C'
[2019.02.17-03.21.49:675][595]LogWorld: Bringing World /Game/StarterContent/Maps/UEDPIE_0_Minimal_Default.Minimal_Default up for play (max tick rate 0) at 2019.02.16-19.21.49
[2019.02.17-03.21.49:676][595]LogWorld: Bringing up level for play took: 0.006355
[2019.02.17-03.21.49:689][595]PIE: Play in editor start time for /Game/StarterContent/Maps/UEDPIE_0_Minimal_Default -0.466
[2019.02.17-03.21.49:690][595]LogBlueprintUserMessages: Late PlayInEditor Detection: Level '/Game/StarterContent/Maps/Minimal_Default.Minimal_Default:PersistentLevel' has LevelScriptBlueprint '/Game/StarterContent/Maps/Minimal_Default.Minimal_Default:PersistentLevel.Minimal_Default' with GeneratedClass '/Game/StarterContent/Maps/Minimal_Default.Minimal_Default_C' with ClassGeneratedBy '/Game/StarterContent/Maps/Minimal_Default.Minimal_Default:PersistentLevel.Minimal_Default'
[2019.02.17-03.21.56:328][389]LogBlueprintUserMessages: Early EndPlayMap Detection: Level '/Game/StarterContent/Maps/Minimal_Default.Minimal_Default:PersistentLevel' has LevelScriptBlueprint '/Game/StarterContent/Maps/Minimal_Default.Minimal_Default:PersistentLevel.Minimal_Default' with GeneratedClass '/Game/StarterContent/Maps/Minimal_Default.Minimal_Default_C' with ClassGeneratedBy '/Game/StarterContent/Maps/Minimal_Default.Minimal_Default:PersistentLevel.Minimal_Default'
[2019.02.17-03.21.56:329][389]LogSlate: Updating window title bar state: overlay mode, drag disabled, window buttons hidden, title bar hidden
[2019.02.17-03.21.56:369][389]LogPlayLevel: Display: Shutting down PIE online subsystems
[2019.02.17-03.21.56:369][389]LogBlueprintUserMessages: Late EndPlayMap Detection: Level '/Game/StarterContent/Maps/Minimal_Default.Minimal_Default:PersistentLevel' has LevelScriptBlueprint '/Game/StarterContent/Maps/Minimal_Default.Minimal_Default:PersistentLevel.Minimal_Default' with GeneratedClass '/Game/StarterContent/Maps/Minimal_Default.Minimal_Default_C' with ClassGeneratedBy '/Game/StarterContent/Maps/Minimal_Default.Minimal_Default:PersistentLevel.Minimal_Default'
[2019.02.17-03.21.56:390][389]LogSlate: Updating window title bar state: overlay mode, drag disabled, window buttons hidden, title bar hidden
[2019.02.17-03.21.56:429][391]LogPlayLevel: Display: Destroying online subsystem :Context_2
[2019.02.17-03.22.25:735][ 22]LogSlate: FSceneViewport::OnFocusLost() reason 0
[2019.02.17-03.22.25:777][ 26]Candidate modules for hot reload:
[2019.02.17-03.22.25:777][ 26]  HSPGame
[2019.02.17-03.22.25:777][ 26]Launching UnrealBuildTool... [G:/Games/Epic/Games/UE_4.21/Engine/Binaries/DotNET/UnrealBuildTool.exe  -ModuleWithSuffix=HSPGame,1654 Win64 Development -TargetType=Editor -Project="C:/Users/gosus/Documents/CP-School/SeniorProject/gitRepos/Senior-Project-CPP-Testground/HSPGame/HSPGame.uproject" -canskiplink "C:/Users/gosus/Documents/CP-School/SeniorProject/gitRepos/Senior-Project-CPP-Testground/HSPGame/HSPGame.uproject" ]
[2019.02.17-03.22.25:787][ 26]Warning: Starting HotReload took  0.0s.
[2019.02.17-03.22.32:054][777]CompilerResultsLog: New page: Compilation - Feb 16, 2019, 11:22:32 AM
[2019.02.17-03.22.32:054][777]CompilerResultsLog: Using 'git status' to determine working set for adaptive non-unity build (C:\Users\gosus\Documents\CP-School\SeniorProject\gitRepos\Senior-Project-CPP-Testground).
[2019.02.17-03.22.32:054][777]CompilerResultsLog: Creating makefile for hot reloading HSPGameEditor (source directory changed)
[2019.02.17-03.22.32:054][777]CompilerResultsLog: Compiling game modules for hot reload
[2019.02.17-03.22.32:054][777]CompilerResultsLog: Using Visual Studio 2017 14.16.27023 toolchain (C:\Program Files (x86)\Microsoft Visual Studio\2017\Community\VC\Tools\MSVC\14.16.27023) and Windows 10.0.17763.0 SDK (C:\Program Files (x86)\Windows Kits\10).
[2019.02.17-03.22.32:054][777]CompilerResultsLog: Building 4 actions with 8 processes...
[2019.02.17-03.22.32:054][777]CompilerResultsLog:   [1/4] Base2DCharacter.cpp
[2019.02.17-03.22.32:054][777]CompilerResultsLog:   [2/4] ProtagClass.cpp
[2019.02.17-03.22.32:054][777]CompilerResultsLog:   [3/4] UE4Editor-HSPGame-1654.lib
[2019.02.17-03.22.32:054][777]CompilerResultsLog:      Creating library C:\Users\gosus\Documents\CP-School\SeniorProject\gitRepos\Senior-Project-CPP-Testground\HSPGame\Intermediate\Build\Win64\UE4Editor\Development\HSPGame\UE4Editor-HSPGame-1654.lib and object C:\Users\gosus\Documents\CP-School\SeniorProject\gitRepos\Senior-Project-CPP-Testground\HSPGame\Intermediate\Build\Win64\UE4Editor\Development\HSPGame\UE4Editor-HSPGame-1654.exp
[2019.02.17-03.22.32:055][777]CompilerResultsLog:   [4/4] UE4Editor-HSPGame-1654.dll
[2019.02.17-03.22.32:055][777]CompilerResultsLog:      Creating library C:\Users\gosus\Documents\CP-School\SeniorProject\gitRepos\Senior-Project-CPP-Testground\HSPGame\Intermediate\Build\Win64\UE4Editor\Development\HSPGame\UE4Editor-HSPGame-1654.suppressed.lib and object C:\Users\gosus\Documents\CP-School\SeniorProject\gitRepos\Senior-Project-CPP-Testground\HSPGame\Intermediate\Build\Win64\UE4Editor\Development\HSPGame\UE4Editor-HSPGame-1654.suppressed.exp
[2019.02.17-03.22.32:055][777]CompilerResultsLog: Total build time: 6.04 seconds (Parallel executor: 2.15 seconds)
[2019.02.17-03.22.32:055][777]LogMainFrame: MainFrame: Module compiling took 6.281 seconds
[2019.02.17-03.22.32:101][777]LogContentBrowser: Native class hierarchy updated for 'HSPGame' in 0.0003 seconds. Added 5 classes and 2 folders.
[2019.02.17-03.22.32:104][777]Display: HotReload successful (4 functions remapped  0 scriptstructs remapped)
[2019.02.17-03.22.32:157][777]LogContentBrowser: Native class hierarchy populated in 0.0074 seconds. Added 2657 classes and 624 folders.
[2019.02.17-03.22.32:157][777]Display: HotReload took  6.4s.
[2019.02.17-03.22.32:758][849]LogTemp: Repeating last play command: Selected Viewport
[2019.02.17-03.22.32:772][849]LogBlueprintUserMessages: Early PlayInEditor Detection: Level '/Game/StarterContent/Maps/Minimal_Default.Minimal_Default:PersistentLevel' has LevelScriptBlueprint '/Game/StarterContent/Maps/Minimal_Default.Minimal_Default:PersistentLevel.Minimal_Default' with GeneratedClass '/Game/StarterContent/Maps/Minimal_Default.Minimal_Default_C' with ClassGeneratedBy '/Game/StarterContent/Maps/Minimal_Default.Minimal_Default:PersistentLevel.Minimal_Default'
[2019.02.17-03.22.32:772][849]LogPlayLevel: PlayLevel: No blueprints needed recompiling
[2019.02.17-03.22.32:772][849]PIE: New page: PIE session: Minimal_Default (Feb 16, 2019, 11:22:32 AM)
[2019.02.17-03.22.32:773][849]LogPlayLevel: Creating play world package: /Game/StarterContent/Maps/UEDPIE_0_Minimal_Default
[2019.02.17-03.22.32:807][849]LogPlayLevel: PIE: StaticDuplicateObject took: (0.034109s)
[2019.02.17-03.22.32:807][849]LogAIModule: Creating AISystem for world Minimal_Default
[2019.02.17-03.22.32:808][849]LogPlayLevel: PIE: World Init took: (0.000737s)
[2019.02.17-03.22.32:808][849]LogPlayLevel: PIE: Created PIE world by copying editor world from /Game/StarterContent/Maps/Minimal_Default.Minimal_Default to /Game/StarterContent/Maps/UEDPIE_0_Minimal_Default.Minimal_Default (0.035190s)
[2019.02.17-03.22.32:869][849]LogInit: XAudio2 using 'Speakers (Realtek(R) Audio)' : 2 channels at 48 kHz using 32 bits per sample (channel mask 0x3)
[2019.02.17-03.22.32:885][849]LogInit: FAudioDevice initialized.
[2019.02.17-03.22.32:921][849]LogLoad: Game class is 'BP_HSPGameGameModeBase_C'
[2019.02.17-03.22.32:926][849]LogWorld: Bringing World /Game/StarterContent/Maps/UEDPIE_0_Minimal_Default.Minimal_Default up for play (max tick rate 0) at 2019.02.16-19.22.32
[2019.02.17-03.22.32:927][849]LogWorld: Bringing up level for play took: 0.005742
[2019.02.17-03.22.32:941][849]PIE: Play in editor start time for /Game/StarterContent/Maps/UEDPIE_0_Minimal_Default 0.787
[2019.02.17-03.22.32:942][849]LogBlueprintUserMessages: Late PlayInEditor Detection: Level '/Game/StarterContent/Maps/Minimal_Default.Minimal_Default:PersistentLevel' has LevelScriptBlueprint '/Game/StarterContent/Maps/Minimal_Default.Minimal_Default:PersistentLevel.Minimal_Default' with GeneratedClass '/Game/StarterContent/Maps/Minimal_Default.Minimal_Default_C' with ClassGeneratedBy '/Game/StarterContent/Maps/Minimal_Default.Minimal_Default:PersistentLevel.Minimal_Default'
[2019.02.17-03.22.37:672][414]LogSlate: FSceneViewport::OnFocusLost() reason 0
[2019.02.17-03.22.37:732][421]LogBlueprintUserMessages: Early EndPlayMap Detection: Level '/Game/StarterContent/Maps/Minimal_Default.Minimal_Default:PersistentLevel' has LevelScriptBlueprint '/Game/StarterContent/Maps/Minimal_Default.Minimal_Default:PersistentLevel.Minimal_Default' with GeneratedClass '/Game/StarterContent/Maps/Minimal_Default.Minimal_Default_C' with ClassGeneratedBy '/Game/StarterContent/Maps/Minimal_Default.Minimal_Default:PersistentLevel.Minimal_Default'
[2019.02.17-03.22.37:733][421]LogSlate: Updating window title bar state: overlay mode, drag disabled, window buttons hidden, title bar hidden
[2019.02.17-03.22.37:772][421]LogPlayLevel: Display: Shutting down PIE online subsystems
[2019.02.17-03.22.37:773][421]LogBlueprintUserMessages: Late EndPlayMap Detection: Level '/Game/StarterContent/Maps/Minimal_Default.Minimal_Default:PersistentLevel' has LevelScriptBlueprint '/Game/StarterContent/Maps/Minimal_Default.Minimal_Default:PersistentLevel.Minimal_Default' with GeneratedClass '/Game/StarterContent/Maps/Minimal_Default.Minimal_Default_C' with ClassGeneratedBy '/Game/StarterContent/Maps/Minimal_Default.Minimal_Default:PersistentLevel.Minimal_Default'
[2019.02.17-03.22.37:794][421]LogSlate: Updating window title bar state: overlay mode, drag disabled, window buttons hidden, title bar hidden
[2019.02.17-03.22.37:832][425]LogPlayLevel: Display: Destroying online subsystem :Context_3
[2019.02.17-03.22.40:794][770]LogSlate: Window 'HSPGame - Unreal Editor' being destroyed
[2019.02.17-03.22.40:795][770]LogWindowsTextInputMethodSystem: Display: IME system now deactivated.
[2019.02.17-03.22.40:981][771]Cmd: QUIT_EDITOR
[2019.02.17-03.22.41:545][771]LogExit: Preparing to exit.
[2019.02.17-03.22.41:733][771]LogExit: Editor shut down
[2019.02.17-03.22.41:733][771]LogExit: Transaction tracking system shut down
[2019.02.17-03.22.41:933][771]LogExit: Object subsystem successfully closed.
[2019.02.17-03.22.41:973][771]LogShaderCompilers: Display: Shaders left to compile 0
[2019.02.17-03.22.41:976][771]LogD3D11RHI: Shutdown
[2019.02.17-03.22.41:976][771]LogD3D11RHI: CleanupD3DDevice
[2019.02.17-03.22.41:977][771]LogD3D11RHI: ~FD3D11DynamicRHI
[2019.02.17-03.22.41:984][771]LogModuleManager: Shutting down and abandoning module HSPGame (630)
[2019.02.17-03.22.41:985][771]LogModuleManager: Shutting down and abandoning module MovieSceneCapture (629)
[2019.02.17-03.22.41:985][771]LogModuleManager: Shutting down and abandoning module Voice (627)
[2019.02.17-03.22.41:985][771]LogModuleManager: Shutting down and abandoning module HierarchicalLODOutliner (624)
[2019.02.17-03.22.41:985][771]LogModuleManager: Shutting down and abandoning module SceneOutliner (622)
[2019.02.17-03.22.41:985][771]LogModuleManager: Shutting down and abandoning module AddContentDialog (620)
[2019.02.17-03.22.41:985][771]LogModuleManager: Shutting down and abandoning module WidgetCarousel (619)
[2019.02.17-03.22.41:985][771]LogModuleManager: Shutting down and abandoning module EditorWidgets (616)
[2019.02.17-03.22.41:985][771]LogModuleManager: Shutting down and abandoning module CollectionManager (614)
[2019.02.17-03.22.41:986][771]LogModuleManager: Shutting down and abandoning module StatsViewer (612)
[2019.02.17-03.22.41:986][771]LogModuleManager: Shutting down and abandoning module FoliageEdit (610)
[2019.02.17-03.22.41:986][771]LogModuleManager: Shutting down and abandoning module LandscapeEditor (608)
[2019.02.17-03.22.41:986][771]LogModuleManager: Shutting down and abandoning module MeshPaintMode (606)
[2019.02.17-03.22.41:986][771]LogModuleManager: Shutting down and abandoning module SceneDepthPickerMode (604)
[2019.02.17-03.22.41:986][771]LogModuleManager: Shutting down and abandoning module ActorPickerMode (602)
[2019.02.17-03.22.41:986][771]LogModuleManager: Shutting down and abandoning module GeometryMode (600)
[2019.02.17-03.22.41:986][771]LogModuleManager: Shutting down and abandoning module TextureAlignMode (598)
[2019.02.17-03.22.41:986][771]LogModuleManager: Shutting down and abandoning module BspMode (596)
[2019.02.17-03.22.41:986][771]LogModuleManager: Shutting down and abandoning module PIEPreviewDeviceProfileSelector (594)
[2019.02.17-03.22.41:986][771]LogModuleManager: Shutting down and abandoning module SequenceRecorderSections (592)
[2019.02.17-03.22.41:986][771]LogModuleManager: Shutting down and abandoning module AutomationWorker (590)
[2019.02.17-03.22.41:986][771]LogModuleManager: Shutting down and abandoning module AudioCaptureEditor (588)
[2019.02.17-03.22.41:986][771]LogModuleManager: Shutting down and abandoning module MatineeToLevelSequence (586)
[2019.02.17-03.22.41:987][771]LogModuleManager: Shutting down and abandoning module LevelSequenceEditor (584)
[2019.02.17-03.22.41:987][771]LogModuleManager: Shutting down and abandoning module PlacementMode (583)
[2019.02.17-03.22.41:987][771]LogModuleManager: Shutting down and abandoning module MaterialEditor (582)
[2019.02.17-03.22.41:987][771]LogModuleManager: Shutting down and abandoning module WmfMediaFactory (578)
[2019.02.17-03.22.41:987][771]LogModuleManager: Shutting down and abandoning module WmfMediaEditor (576)
[2019.02.17-03.22.41:987][771]LogModuleManager: Shutting down and abandoning module WebMMediaFactory (574)
[2019.02.17-03.22.41:987][771]LogModuleManager: Shutting down and abandoning module WebMMediaEditor (572)
[2019.02.17-03.22.41:987][771]LogModuleManager: Shutting down and abandoning module WebMMedia (570)
[2019.02.17-03.22.41:987][771]LogModuleManager: Shutting down and abandoning module MediaPlayerEditor (568)
[2019.02.17-03.22.41:987][771]LogModuleManager: Shutting down and abandoning module MediaCompositingEditor (566)
[2019.02.17-03.22.41:987][771]LogModuleManager: Shutting down and abandoning module SequenceRecorder (565)
[2019.02.17-03.22.41:987][771]LogModuleManager: Shutting down and abandoning module OpenExrWrapper (562)
[2019.02.17-03.22.41:987][771]LogModuleManager: Shutting down and abandoning module ImgMediaFactory (560)
[2019.02.17-03.22.41:987][771]LogModuleManager: Shutting down and abandoning module ImgMediaEditor (558)
[2019.02.17-03.22.41:987][771]LogModuleManager: Shutting down and abandoning module AvfMediaFactory (556)
[2019.02.17-03.22.41:987][771]LogModuleManager: Shutting down and abandoning module AvfMediaEditor (554)
[2019.02.17-03.22.41:988][771]LogModuleManager: Shutting down and abandoning module AndroidMediaFactory (552)
[2019.02.17-03.22.41:988][771]LogModuleManager: Shutting down and abandoning module AndroidMediaEditor (550)
[2019.02.17-03.22.41:988][771]LogModuleManager: Shutting down and abandoning module MagicLeapCameraPreviewFactory (548)
[2019.02.17-03.22.41:988][771]LogModuleManager: Shutting down and abandoning module MagicLeapMediaFactory (546)
[2019.02.17-03.22.41:988][771]LogModuleManager: Shutting down and abandoning module MagicLeapMediaEditor (544)
[2019.02.17-03.22.41:988][771]LogModuleManager: Shutting down and abandoning module CharacterAI (542)
[2019.02.17-03.22.41:988][771]LogModuleManager: Shutting down and abandoning module SmartSnapping (540)
[2019.02.17-03.22.41:988][771]LogModuleManager: Shutting down and abandoning module SessionServices (538)
[2019.02.17-03.22.41:988][771]LogModuleManager: Shutting down and abandoning module ViewportSnapping (536)
[2019.02.17-03.22.41:988][771]LogModuleManager: Shutting down and abandoning module ViewportInteraction (534)
[2019.02.17-03.22.41:988][771]LogModuleManager: Shutting down and abandoning module ClothPainter (532)
[2019.02.17-03.22.41:988][771]LogModuleManager: Shutting down and abandoning module SkeletalMeshEditor (531)
[2019.02.17-03.22.41:988][771]LogModuleManager: Shutting down and abandoning module LogVisualizer (528)
[2019.02.17-03.22.41:988][771]LogModuleManager: Shutting down and abandoning module IntroTutorials (526)
[2019.02.17-03.22.41:988][771]LogModuleManager: Shutting down and abandoning module GameProjectGeneration (525)
[2019.02.17-03.22.41:988][771]LogModuleManager: Shutting down and abandoning module LuminPlatformEditor (522)
[2019.02.17-03.22.41:988][771]LogModuleManager: Shutting down and abandoning module IOSPlatformEditor (520)
[2019.02.17-03.22.41:989][771]LogModuleManager: Shutting down and abandoning module HTML5PlatformEditor (518)
[2019.02.17-03.22.41:989][771]LogModuleManager: Shutting down and abandoning module AndroidPlatformEditor (516)
[2019.02.17-03.22.41:989][771]LogModuleManager: Shutting down and abandoning module AndroidDeviceDetection (515)
[2019.02.17-03.22.42:339][771]LogModuleManager: Shutting down and abandoning module WindowsPlatformEditor (512)
[2019.02.17-03.22.42:339][771]LogModuleManager: Shutting down and abandoning module LuminRuntimeSettings (510)
[2019.02.17-03.22.42:339][771]LogModuleManager: Shutting down and abandoning module IOSRuntimeSettings (508)
[2019.02.17-03.22.42:339][771]LogModuleManager: Shutting down and abandoning module AndroidRuntimeSettings (506)
[2019.02.17-03.22.42:339][771]LogModuleManager: Shutting down and abandoning module TimeManagementEditor (504)
[2019.02.17-03.22.42:339][771]LogModuleManager: Shutting down and abandoning module InputBindingEditor (502)
[2019.02.17-03.22.42:339][771]LogModuleManager: Shutting down and abandoning module MergeActors (500)
[2019.02.17-03.22.42:339][771]LogModuleManager: Shutting down and abandoning module LocalizationDashboard (498)
[2019.02.17-03.22.42:340][771]LogModuleManager: Shutting down and abandoning module LocalizationService (497)
[2019.02.17-03.22.42:340][771]LogModuleManager: Shutting down and abandoning module HardwareTargeting (494)
[2019.02.17-03.22.42:340][771]LogModuleManager: Shutting down and abandoning module DeviceProfileEditor (492)
[2019.02.17-03.22.42:340][771]LogModuleManager: Shutting down and abandoning module UndoHistory (490)
[2019.02.17-03.22.42:340][771]LogModuleManager: Shutting down and abandoning module XmlParser (488)
[2019.02.17-03.22.42:340][771]LogModuleManager: Shutting down and abandoning module Blutility (486)
[2019.02.17-03.22.42:340][771]LogModuleManager: Shutting down and abandoning module ProjectSettingsViewer (484)
[2019.02.17-03.22.42:341][771]LogModuleManager: Shutting down and abandoning module ProjectTargetPlatformEditor (483)
[2019.02.17-03.22.42:341][771]LogModuleManager: Shutting down and abandoning module EditorSettingsViewer (480)
[2019.02.17-03.22.42:341][771]LogModuleManager: Shutting down and abandoning module SettingsEditor (478)
[2019.02.17-03.22.42:341][771]LogModuleManager: Shutting down and abandoning module ProjectLauncher (476)
[2019.02.17-03.22.42:341][771]LogModuleManager: Shutting down and abandoning module SessionFrontend (474)
[2019.02.17-03.22.42:341][771]LogModuleManager: Shutting down and abandoning module ProfilerClient (472)
[2019.02.17-03.22.42:342][771]LogModuleManager: Shutting down and abandoning module DeviceManager (470)
[2019.02.17-03.22.42:342][771]LogModuleManager: Shutting down and abandoning module TargetDeviceServices (469)
[2019.02.17-03.22.42:408][771]LogModuleManager: Shutting down and abandoning module AutomationController (466)
[2019.02.17-03.22.42:408][771]LogModuleManager: Shutting down and abandoning module AutomationWindow (464)
[2019.02.17-03.22.42:408][771]LogModuleManager: Shutting down and abandoning module Layers (462)
[2019.02.17-03.22.42:408][771]LogModuleManager: Shutting down and abandoning module ComponentVisualizers (460)
[2019.02.17-03.22.42:408][771]LogModuleManager: Shutting down and abandoning module DetailCustomizations (458)
[2019.02.17-03.22.42:409][771]LogModuleManager: Shutting down and abandoning module PackagesDialog (456)
[2019.02.17-03.22.42:409][771]LogModuleManager: Shutting down and abandoning module Persona (454)
[2019.02.17-03.22.42:409][771]LogModuleManager: Shutting down and abandoning module AdvancedPreviewScene (453)
[2019.02.17-03.22.42:409][771]LogModuleManager: Shutting down and abandoning module AnimGraph (451)
[2019.02.17-03.22.42:409][771]LogModuleManager: Shutting down and abandoning module Kismet (448)
[2019.02.17-03.22.42:410][771]LogModuleManager: Shutting down and abandoning module GraphEditor (446)
[2019.02.17-03.22.42:410][771]LogModuleManager: Shutting down and abandoning module ClassViewer (444)
[2019.02.17-03.22.42:410][771]LogModuleManager: Shutting down and abandoning module Toolbox (442)
[2019.02.17-03.22.42:410][771]LogModuleManager: Shutting down and abandoning module DesktopPlatform (441)
[2019.02.17-03.22.42:410][771]LogModuleManager: Shutting down and abandoning module ModuleUI (438)
[2019.02.17-03.22.42:410][771]LogModuleManager: Shutting down and abandoning module MovieSceneTools (436)
[2019.02.17-03.22.42:411][771]LogModuleManager: Shutting down and abandoning module OutputLog (434)
[2019.02.17-03.22.42:411][771]LogModuleManager: Shutting down and abandoning module GammaUI (432)
[2019.02.17-03.22.42:411][771]LogModuleManager: Shutting down and abandoning module Documentation (430)
[2019.02.17-03.22.42:411][771]LogModuleManager: Shutting down and abandoning module MovieSceneTracks (428)
[2019.02.17-03.22.42:411][771]LogModuleManager: Shutting down and abandoning module MovieScene (426)
[2019.02.17-03.22.42:411][771]LogModuleManager: Shutting down and abandoning module StreamingPauseRendering (424)
[2019.02.17-03.22.42:411][771]LogModuleManager: Shutting down and abandoning module LauncherPlatform (422)
[2019.02.17-03.22.42:411][771]LogModuleManager: Shutting down and abandoning module AnalyticsET (420)
[2019.02.17-03.22.42:412][771]LogModuleManager: Shutting down and abandoning module PortalServices (418)
[2019.02.17-03.22.42:412][771]LogModuleManager: Shutting down and abandoning module PortalRpc (416)
[2019.02.17-03.22.42:412][771]LogModuleManager: Shutting down and abandoning module MessagingRpc (414)
[2019.02.17-03.22.42:412][771]LogModuleManager: Shutting down and abandoning module AIModule (412)
[2019.02.17-03.22.42:412][771]LogModuleManager: Shutting down and abandoning module GameplayDebugger (411)
[2019.02.17-03.22.42:412][771]LogModuleManager: Shutting down and abandoning module AITestSuite (409)
[2019.02.17-03.22.42:412][771]LogModuleManager: Shutting down and abandoning module NavigationSystem (407)
[2019.02.17-03.22.42:413][771]LogModuleManager: Shutting down and abandoning module ImageWriteQueue (404)
[2019.02.17-03.22.42:421][771]LogModuleManager: Shutting down and abandoning module ProfilerService (402)
[2019.02.17-03.22.42:560][771]LogModuleManager: Shutting down and abandoning module TaskGraph (400)
[2019.02.17-03.22.42:560][771]LogModuleManager: Shutting down and abandoning module SteamVRController (398)
[2019.02.17-03.22.42:560][771]LogModuleManager: Shutting down and abandoning module ProceduralMeshComponentEditor (396)
[2019.02.17-03.22.42:560][771]LogModuleManager: Shutting down and abandoning module ProceduralMeshComponent (394)
[2019.02.17-03.22.42:560][771]LogModuleManager: Shutting down and abandoning module OculusInput (392)
[2019.02.17-03.22.42:560][771]LogModuleManager: Shutting down and abandoning module MobilePatchingUtils (390)
[2019.02.17-03.22.42:561][771]LogModuleManager: Shutting down and abandoning module EditableMesh (388)
[2019.02.17-03.22.42:561][771]LogModuleManager: Shutting down and abandoning module CustomMeshComponent (386)
[2019.02.17-03.22.42:561][771]LogModuleManager: Shutting down and abandoning module CableComponent (384)
[2019.02.17-03.22.42:561][771]LogModuleManager: Shutting down and abandoning module AudioCapture (382)
[2019.02.17-03.22.42:561][771]LogModuleManager: Shutting down and abandoning module ArchVisCharacter (380)
[2019.02.17-03.22.42:561][771]LogModuleManager: Shutting down and abandoning module AndroidPermission (378)
[2019.02.17-03.22.42:561][771]LogModuleManager: Shutting down and abandoning module NUTUnrealEngine4 (376)
[2019.02.17-03.22.42:562][771]LogModuleManager: Shutting down and abandoning module NetcodeUnitTest (374)
[2019.02.17-03.22.42:562][771]LogModuleManager: Shutting down and abandoning module MediaCompositing (372)
[2019.02.17-03.22.42:562][771]LogModuleManager: Shutting down and abandoning module LinearTimecode (370)
[2019.02.17-03.22.42:562][771]LogModuleManager: Shutting down and abandoning module ImgMedia (368)
[2019.02.17-03.22.42:576][771]LogModuleManager: Shutting down and abandoning module HTML5Networking (366)
[2019.02.17-03.22.42:576][771]LogModuleManager: Shutting down and abandoning module GeometryCacheTracks (364)
[2019.02.17-03.22.42:576][771]LogModuleManager: Shutting down and abandoning module GeometryCacheSequencer (362)
[2019.02.17-03.22.42:576][771]LogModuleManager: Shutting down and abandoning module BackChannel (360)
[2019.02.17-03.22.42:576][771]LogModuleManager: Shutting down and abandoning module AppleVision (358)
[2019.02.17-03.22.42:576][771]LogModuleManager: Shutting down and abandoning module AppleImageUtilsBlueprintSupport (356)
[2019.02.17-03.22.42:576][771]LogModuleManager: Shutting down and abandoning module AppleImageUtils (354)
[2019.02.17-03.22.42:577][771]LogModuleManager: Shutting down and abandoning module AlembicImporter (352)
[2019.02.17-03.22.42:577][771]LogModuleManager: Shutting down and abandoning module AlembicLibrary (351)
[2019.02.17-03.22.42:577][771]LogModuleManager: Shutting down and abandoning module GeometryCache (350)
[2019.02.17-03.22.42:577][771]LogModuleManager: Shutting down and abandoning module GeometryCacheEd (349)
[2019.02.17-03.22.42:577][771]LogModuleManager: Shutting down and abandoning module VariantManagerContent (344)
[2019.02.17-03.22.42:577][771]LogModuleManager: Shutting down and abandoning module DatasmithContentEditor (342)
[2019.02.17-03.22.42:577][771]LogModuleManager: Shutting down and abandoning module SpeedTreeImporter (340)
[2019.02.17-03.22.42:577][771]LogModuleManager: Shutting down and abandoning module PluginBrowser (338)
[2019.02.17-03.22.42:577][771]LogModuleManager: Shutting down and abandoning module MobileLauncherProfileWizard (336)
[2019.02.17-03.22.42:577][771]LogModuleManager: Shutting down and abandoning module PolygonModeling (334)
[2019.02.17-03.22.42:577][771]LogModuleManager: Shutting down and abandoning module MeshEditor (332)
[2019.02.17-03.22.42:577][771]LogModuleManager: Shutting down and abandoning module CryptoKeysOpenSSL (330)
[2019.02.17-03.22.42:577][771]LogModuleManager: Shutting down and abandoning module CryptoKeys (328)
[2019.02.17-03.22.42:578][771]LogModuleManager: Shutting down and abandoning module VisualStudioSourceCodeAccess (326)
[2019.02.17-03.22.42:578][771]LogModuleManager: Shutting down and abandoning module VisualStudioCodeSourceCodeAccess (324)
[2019.02.17-03.22.42:578][771]LogModuleManager: Shutting down and abandoning module UObjectPlugin (322)
[2019.02.17-03.22.42:578][771]LogModuleManager: Shutting down and abandoning module SubversionSourceControl (320)
[2019.02.17-03.22.42:578][771]LogModuleManager: Shutting down and abandoning module PerforceSourceControl (318)
[2019.02.17-03.22.42:578][771]LogModuleManager: Shutting down and abandoning module GitSourceControl (316)
[2019.02.17-03.22.42:578][771]LogModuleManager: Shutting down and abandoning module SourceControl (315)
[2019.02.17-03.22.42:578][771]LogModuleManager: Shutting down and abandoning module CLionSourceCodeAccess (312)
[2019.02.17-03.22.42:578][771]LogModuleManager: Shutting down and abandoning module ActorLayerUtilitiesEditor (310)
[2019.02.17-03.22.42:578][771]LogModuleManager: Shutting down and abandoning module ActorLayerUtilities (308)
[2019.02.17-03.22.42:578][771]LogModuleManager: Shutting down and abandoning module LightPropagationVolumeEditor (306)
[2019.02.17-03.22.42:578][771]LogModuleManager: Shutting down and abandoning module PaperTiledImporter (304)
[2019.02.17-03.22.42:578][771]LogModuleManager: Shutting down and abandoning module PaperSpriteSheetImporter (302)
[2019.02.17-03.22.42:579][771]LogModuleManager: Shutting down and abandoning module Paper2DEditor (300)
[2019.02.17-03.22.42:579][771]LogModuleManager: Shutting down and abandoning module MeshPaint (299)
[2019.02.17-03.22.42:579][771]LogModuleManager: Shutting down and abandoning module RuntimePhysXCooking (294)
[2019.02.17-03.22.42:579][771]LogModuleManager: Shutting down and abandoning module PhysXVehiclesEditor (292)
[2019.02.17-03.22.42:579][771]LogModuleManager: Shutting down and abandoning module PhysXVehicles (290)
[2019.02.17-03.22.42:579][771]LogModuleManager: Shutting down and abandoning module OculusEditor (288)
[2019.02.17-03.22.42:579][771]LogModuleManager: Shutting down and abandoning module LocationServicesBPLibrary (286)
[2019.02.17-03.22.42:579][771]LogModuleManager: Shutting down and abandoning module ActorSequence (284)
[2019.02.17-03.22.42:579][771]LogModuleManager: Shutting down and abandoning module UdpMessaging (282)
