Log file open, 02/14/19 02:50:37
LogWindows: Failed to load 'aqProf.dll' (GetLastError=126)
LogWindows: File 'aqProf.dll' does not exist
LogWindows: Failed to load 'VtuneApi.dll' (GetLastError=126)
LogWindows: File 'VtuneApi.dll' does not exist
LogWindows: Failed to load 'VtuneApi32e.dll' (GetLastError=126)
LogWindows: File 'VtuneApi32e.dll' does not exist
LogConsoleResponse: Display: Failed to find resolution value strings in scalability ini. Falling back to default.
LogInit: Display: Running engine for game: HSPGame
LogPakFile: Registered encryption key '00000000000000000000000000000000': 0 pak files mounted, 0 remain pending
LogPlatformFile: Not using cached read wrapper
LogTaskGraph: Started task graph with 5 named threads and 23 total threads with 3 sets of task threads.
LogStats: Stats thread started at 0.346011
LogD3D11RHI: Loaded GFSDK_Aftermath_Lib.x64.dll
LogICUInternationalization: ICU TimeZone Detection - Raw Offset: -8:00, Platform Override: ''
LogPluginManager: Mounting plugin Paper2D
LogPluginManager: Mounting plugin AISupport
LogPluginManager: Mounting plugin LightPropagationVolume
LogPluginManager: Mounting plugin ActorLayerUtilities
LogPluginManager: Mounting plugin CLionSourceCodeAccess
LogPluginManager: Mounting plugin CodeLiteSourceCodeAccess
LogPluginManager: Mounting plugin GitSourceControl
LogPluginManager: Mounting plugin KDevelopSourceCodeAccess
LogPluginManager: Mounting plugin NullSourceCodeAccess
LogPluginManager: Mounting plugin PerforceSourceControl
LogPluginManager: Mounting plugin SubversionSourceControl
LogPluginManager: Mounting plugin UObjectPlugin
LogPluginManager: Mounting plugin VisualStudioCodeSourceCodeAccess
LogPluginManager: Mounting plugin VisualStudioSourceCodeAccess
LogPluginManager: Mounting plugin XCodeSourceCodeAccess
LogPluginManager: Mounting plugin AssetManagerEditor
LogPluginManager: Mounting plugin CryptoKeys
LogPluginManager: Mounting plugin DataValidation
LogPluginManager: Mounting plugin FacialAnimation
LogPluginManager: Mounting plugin GameplayTagsEditor
LogPluginManager: Mounting plugin MacGraphicsSwitching
LogPluginManager: Mounting plugin MeshEditor
LogPluginManager: Mounting plugin MobileLauncherProfileWizard
LogPluginManager: Mounting plugin PluginBrowser
LogPluginManager: Mounting plugin SpeedTreeImporter
LogPluginManager: Mounting plugin DatasmithContent
LogPluginManager: Mounting plugin VariantManagerContent
LogPluginManager: Mounting plugin AlembicImporter
LogPluginManager: Mounting plugin AppleImageUtils
LogPluginManager: Mounting plugin AppleVision
LogPluginManager: Mounting plugin BackChannel
LogPluginManager: Mounting plugin CharacterAI
LogPluginManager: Mounting plugin GeometryCache
LogPluginManager: Mounting plugin HTML5Networking
LogPluginManager: Mounting plugin ProxyLODPlugin
LogPluginManager: Mounting plugin MagicLeap
LogPluginManager: Mounting plugin MagicLeapMedia
LogPluginManager: Mounting plugin AndroidMedia
LogPluginManager: Mounting plugin AvfMedia
LogPluginManager: Mounting plugin ImgMedia
LogPluginManager: Mounting plugin LinearTimecode
LogPluginManager: Mounting plugin MediaCompositing
LogPluginManager: Mounting plugin MediaPlayerEditor
LogPluginManager: Mounting plugin WebMMedia
LogPluginManager: Mounting plugin WmfMedia
LogPluginManager: Mounting plugin TcpMessaging
LogPluginManager: Mounting plugin UdpMessaging
LogPluginManager: Mounting plugin ActorSequence
LogPluginManager: Mounting plugin LevelSequenceEditor
LogPluginManager: Mounting plugin MatineeToLevelSequence
LogPluginManager: Mounting plugin NetcodeUnitTest
LogPluginManager: Mounting plugin NUTUnrealEngine4
LogPluginManager: Mounting plugin OnlineSubsystemGooglePlay
LogPluginManager: Mounting plugin OnlineSubsystemIOS
LogPluginManager: Mounting plugin OnlineSubsystem
LogPluginManager: Mounting plugin OnlineSubsystemNull
LogPluginManager: Mounting plugin OnlineSubsystemUtils
LogPluginManager: Mounting plugin LauncherChunkInstaller
LogPluginManager: Mounting plugin AndroidDeviceProfileSelector
LogPluginManager: Mounting plugin AndroidMoviePlayer
LogPluginManager: Mounting plugin AndroidPermission
LogPluginManager: Mounting plugin AppleMoviePlayer
LogPluginManager: Mounting plugin ArchVisCharacter
LogPluginManager: Mounting plugin AudioCapture
LogPluginManager: Mounting plugin CableComponent
LogPluginManager: Mounting plugin CustomMeshComponent
LogPluginManager: Mounting plugin EditableMesh
LogPluginManager: Mounting plugin ExampleDeviceProfileSelector
LogPluginManager: Mounting plugin Firebase
LogPluginManager: Mounting plugin GoogleCloudMessaging
LogPluginManager: Mounting plugin IOSDeviceProfileSelector
LogPluginManager: Mounting plugin LinuxDeviceProfileSelector
LogPluginManager: Mounting plugin LocationServicesBPLibrary
LogPluginManager: Mounting plugin MobilePatchingUtils
LogPluginManager: Mounting plugin OculusVR
LogPluginManager: Mounting plugin PhysXVehicles
LogPluginManager: Mounting plugin ProceduralMeshComponent
LogPluginManager: Mounting plugin RuntimePhysXCooking
LogPluginManager: Mounting plugin SteamVR
LogPluginManager: Mounting plugin WebMMoviePlayer
LogPluginManager: Mounting plugin WindowsMoviePlayer
LogStreaming: Display: Took  0.076s to configure plugins.
LogInit: Using libcurl 7.55.1-DEV
LogInit:  - built for x86_64-pc-win32
LogInit:  - supports SSL with OpenSSL/1.0.2h
LogInit:  - supports HTTP deflate (compression) using libz 1.2.8
LogInit:  - other features:
LogInit:      CURL_VERSION_SSL
LogInit:      CURL_VERSION_LIBZ
LogInit:      CURL_VERSION_IPV6
LogInit:      CURL_VERSION_ASYNCHDNS
LogInit:      CURL_VERSION_LARGEFILE
LogInit:      CURL_VERSION_IDN
LogInit:  CurlRequestOptions (configurable via config and command line):
LogInit:  - bVerifyPeer = true  - Libcurl will verify peer certificate
LogInit:  - bUseHttpProxy = false  - Libcurl will NOT use HTTP proxy
LogInit:  - bDontReuseConnections = false  - Libcurl will reuse connections
LogInit:  - MaxHostConnections = 16  - Libcurl will limit the number of connections to a host
LogInit:  - LocalHostAddr = Default
LogInit:  - BufferSize = 65536
LogInit: WinSock: version 1.1 (2.2), MaxSocks=32767, MaxUdp=65467
LogInit: Build: ++UE4+Release-4.21-CL-4753647
LogInit: Engine Version: 4.21.2-4753647+++UE4+Release-4.21
LogInit: Compatible Engine Version: 4.21.0-4541578+++UE4+Release-4.21
LogInit: Net CL: 4541578
LogInit: OS: Windows 10 (), CPU: Intel(R) Core(TM) i7-6700K CPU @ 4.00GHz, GPU: NVIDIA GeForce RTX 2080
LogInit: Compiled (64-bit): Jan 19 2019 02:07:31
LogInit: Compiled with Visual C++: 19.13.26129.00
LogInit: Build Configuration: Development
LogInit: Branch Name: ++UE4+Release-4.21
LogInit: Command Line:  -skipcompile
LogInit: Base Directory: G:/Games/Epic/Games/UE_4.21/Engine/Binaries/Win64/
LogInit: Installed Engine Build: 1
LogDevObjectVersion: Number of dev versions registered: 22
LogDevObjectVersion:   Dev-Blueprints (B0D832E4-1F89-4F0D-ACCF-7EB736FD4AA2): 10
LogDevObjectVersion:   Dev-Build (E1C64328-A22C-4D53-A36C-8E866417BD8C): 0
LogDevObjectVersion:   Dev-Core (375EC13C-06E4-48FB-B500-84F0262A717E): 2
LogDevObjectVersion:   Dev-Editor (E4B068ED-F494-42E9-A231-DA0B2E46BB41): 26
LogDevObjectVersion:   Dev-Framework (CFFC743F-43B0-4480-9391-14DF171D2073): 34
LogDevObjectVersion:   Dev-Mobile (B02B49B5-BB20-44E9-A304-32B752E40360): 2
LogDevObjectVersion:   Dev-Networking (A4E4105C-59A1-49B5-A7C5-40C4547EDFEE): 0
LogDevObjectVersion:   Dev-Online (39C831C9-5AE6-47DC-9A44-9C173E1C8E7C): 0
LogDevObjectVersion:   Dev-Physics (78F01B33-EBEA-4F98-B9B4-84EACCB95AA2): 0
LogDevObjectVersion:   Dev-Platform (6631380F-2D4D-43E0-8009-CF276956A95A): 0
LogDevObjectVersion:   Dev-Rendering (12F88B9F-8875-4AFC-A67C-D90C383ABD29): 27
LogDevObjectVersion:   Dev-Sequencer (7B5AE74C-D270-4C10-A958-57980B212A5A): 9
LogDevObjectVersion:   Dev-VR (D7296918-1DD6-4BDD-9DE2-64A83CC13884): 2
LogDevObjectVersion:   Dev-LoadTimes (C2A15278-BFE7-4AFE-6C17-90FF531DF755): 1
LogDevObjectVersion:   Private-Geometry (6EACA3D4-40EC-4CC1-B786-8BED09428FC5): 3
LogDevObjectVersion:   Dev-AnimPhys (29E575DD-E0A3-4627-9D10-D276232CDCEA): 17
LogDevObjectVersion:   Dev-Anim (AF43A65D-7FD3-4947-9873-3E8ED9C1BB05): 2
LogDevObjectVersion:   Dev-ReflectionCapture (6B266CEC-1EC7-4B8F-A30B-E4D90942FC07): 1
LogDevObjectVersion:   Dev-Automation (0DF73D61-A23F-47EA-B727-89E90C41499A): 1
LogDevObjectVersion:   FortniteMain (601D1886-AC64-4F84-AA16-D3DE0DEAC7D6): 17
LogDevObjectVersion:   Dev-Enterprise (9DFFBCD6-494F-0158-E221-12823C92A888): 4
LogDevObjectVersion:   Dev-Niagara (F2AED0AC-9AFE-416F-8664-AA7FFA26D6FC): 1
LogStreaming: Display: Took  0.004s to delete old logs.
LogInit: Presizing for max 8388607 objects, including 0 objects not considered by GC, pre-allocating 0 bytes for permanent pool.
LogInit: Object subsystem initialized
LogConfig: Setting CVar [[con.DebugEarlyDefault:1]]
LogConfig: Setting CVar [[r.setres:1280x720]]
[2019.02.14-10.50.38:304][  0]LogConfig: Setting CVar [[r.VSync:0]]
[2019.02.14-10.50.38:304][  0]LogConfig: Setting CVar [[r.RHICmdBypass:0]]
[2019.02.14-10.50.38:304][  0]LogConfig: Applying CVar settings from Section [/Script/Engine.RendererSettings] File [C:/Users/gosus/Documents/CP-School/SeniorProject/gitRepos/Senior-Project-CPP-Testground/HSPGame/Saved/Config/Windows/Engine.ini]
[2019.02.14-10.50.38:304][  0]LogConfig: Setting CVar [[r.GPUCrashDebugging:0]]
[2019.02.14-10.50.38:304][  0]LogConfig: Applying CVar settings from Section [/Script/Engine.RendererOverrideSettings] File [C:/Users/gosus/Documents/CP-School/SeniorProject/gitRepos/Senior-Project-CPP-Testground/HSPGame/Saved/Config/Windows/Engine.ini]
[2019.02.14-10.50.38:304][  0]LogConfig: Applying CVar settings from Section [/Script/Engine.StreamingSettings] File [C:/Users/gosus/Documents/CP-School/SeniorProject/gitRepos/Senior-Project-CPP-Testground/HSPGame/Saved/Config/Windows/Engine.ini]
[2019.02.14-10.50.38:304][  0]LogConfig: Setting CVar [[s.MinBulkDataSizeForAsyncLoading:131072]]
[2019.02.14-10.50.38:304][  0]LogConfig: Setting CVar [[s.AsyncLoadingThreadEnabled:0]]
[2019.02.14-10.50.38:304][  0]LogConfig: Setting CVar [[s.EventDrivenLoaderEnabled:1]]
[2019.02.14-10.50.38:304][  0]LogConfig: Setting CVar [[s.WarnIfTimeLimitExceeded:0]]
[2019.02.14-10.50.38:304][  0]LogConfig: Setting CVar [[s.TimeLimitExceededMultiplier:1.5]]
[2019.02.14-10.50.38:304][  0]LogConfig: Setting CVar [[s.TimeLimitExceededMinTime:0.005]]
[2019.02.14-10.50.38:304][  0]LogConfig: Setting CVar [[s.UseBackgroundLevelStreaming:1]]
[2019.02.14-10.50.38:304][  0]LogConfig: Setting CVar [[s.PriorityAsyncLoadingExtraTime:15.0]]
[2019.02.14-10.50.38:304][  0]LogConfig: Setting CVar [[s.LevelStreamingActorsUpdateTimeLimit:5.0]]
[2019.02.14-10.50.38:304][  0]LogConfig: Setting CVar [[s.PriorityLevelStreamingActorsUpdateExtraTime:5.0]]
[2019.02.14-10.50.38:304][  0]LogConfig: Setting CVar [[s.LevelStreamingComponentsRegistrationGranularity:10]]
[2019.02.14-10.50.38:304][  0]LogConfig: Setting CVar [[s.UnregisterComponentsTimeLimit:1.0]]
[2019.02.14-10.50.38:304][  0]LogConfig: Setting CVar [[s.LevelStreamingComponentsUnregistrationGranularity:5]]
[2019.02.14-10.50.38:305][  0]LogConfig: Applying CVar settings from Section [/Script/Engine.GarbageCollectionSettings] File [C:/Users/gosus/Documents/CP-School/SeniorProject/gitRepos/Senior-Project-CPP-Testground/HSPGame/Saved/Config/Windows/Engine.ini]
[2019.02.14-10.50.38:305][  0]LogConfig: Setting CVar [[gc.MaxObjectsNotConsideredByGC:1]]
[2019.02.14-10.50.38:305][  0]LogConfig: Setting CVar [[gc.SizeOfPermanentObjectPool:0]]
[2019.02.14-10.50.38:305][  0]LogConfig: Setting CVar [[gc.FlushStreamingOnGC:0]]
[2019.02.14-10.50.38:305][  0]LogConfig: Setting CVar [[gc.NumRetriesBeforeForcingGC:10]]
[2019.02.14-10.50.38:305][  0]LogConfig: Setting CVar [[gc.AllowParallelGC:1]]
[2019.02.14-10.50.38:305][  0]LogConfig: Setting CVar [[gc.TimeBetweenPurgingPendingKillObjects:61.1]]
[2019.02.14-10.50.38:305][  0]LogConfig: Setting CVar [[gc.MaxObjectsInEditor:8388607]]
[2019.02.14-10.50.38:305][  0]LogConfig: Setting CVar [[gc.IncrementalBeginDestroyEnabled:1]]
[2019.02.14-10.50.38:305][  0]LogConfig: Setting CVar [[gc.CreateGCClusters:1]]
[2019.02.14-10.50.38:305][  0]LogConfig: Setting CVar [[gc.MergeGCClusters:0]]
[2019.02.14-10.50.38:305][  0]LogConfig: Setting CVar [[gc.MinGCClusterSize:5]]
[2019.02.14-10.50.38:305][  0]LogConfig: Setting CVar [[gc.ActorClusteringEnabled:0]]
[2019.02.14-10.50.38:305][  0]LogConfig: Setting CVar [[gc.BlueprintClusteringEnabled:0]]
[2019.02.14-10.50.38:305][  0]LogConfig: Setting CVar [[gc.UseDisregardForGCOnDedicatedServers:0]]
[2019.02.14-10.50.38:305][  0]LogConfig: Applying CVar settings from Section [/Script/Engine.NetworkSettings] File [C:/Users/gosus/Documents/CP-School/SeniorProject/gitRepos/Senior-Project-CPP-Testground/HSPGame/Saved/Config/Windows/Engine.ini]
[2019.02.14-10.50.38:305][  0]LogConfig: Applying CVar settings from Section [/Script/UnrealEd.CookerSettings] File [C:/Users/gosus/Documents/CP-School/SeniorProject/gitRepos/Senior-Project-CPP-Testground/HSPGame/Saved/Config/Windows/Engine.ini]
[2019.02.14-10.50.38:318][  0]LogConfig: Applying CVar settings from Section [ViewDistanceQuality@3] File [C:/Users/gosus/Documents/CP-School/SeniorProject/gitRepos/Senior-Project-CPP-Testground/HSPGame/Saved/Config/Windows/Scalability.ini]
[2019.02.14-10.50.38:318][  0]LogConfig: Setting CVar [[r.SkeletalMeshLODBias:0]]
[2019.02.14-10.50.38:318][  0]LogConfig: Setting CVar [[r.ViewDistanceScale:1.0]]
[2019.02.14-10.50.38:318][  0]LogConfig: Applying CVar settings from Section [AntiAliasingQuality@3] File [C:/Users/gosus/Documents/CP-School/SeniorProject/gitRepos/Senior-Project-CPP-Testground/HSPGame/Saved/Config/Windows/Scalability.ini]
[2019.02.14-10.50.38:318][  0]LogConfig: Setting CVar [[r.PostProcessAAQuality:4]]
[2019.02.14-10.50.38:319][  0]LogConfig: Applying CVar settings from Section [ShadowQuality@3] File [C:/Users/gosus/Documents/CP-School/SeniorProject/gitRepos/Senior-Project-CPP-Testground/HSPGame/Saved/Config/Windows/Scalability.ini]
[2019.02.14-10.50.38:319][  0]LogConfig: Setting CVar [[r.LightFunctionQuality:1]]
[2019.02.14-10.50.38:319][  0]LogConfig: Setting CVar [[r.ShadowQuality:5]]
[2019.02.14-10.50.38:319][  0]LogConfig: Setting CVar [[r.Shadow.CSM.MaxCascades:10]]
[2019.02.14-10.50.38:319][  0]LogConfig: Setting CVar [[r.Shadow.MaxResolution:2048]]
[2019.02.14-10.50.38:319][  0]LogConfig: Setting CVar [[r.Shadow.MaxCSMResolution:2048]]
[2019.02.14-10.50.38:319][  0]LogConfig: Setting CVar [[r.Shadow.RadiusThreshold:0.01]]
[2019.02.14-10.50.38:319][  0]LogConfig: Setting CVar [[r.Shadow.DistanceScale:1.0]]
[2019.02.14-10.50.38:319][  0]LogConfig: Setting CVar [[r.Shadow.CSM.TransitionScale:1.0]]
[2019.02.14-10.50.38:319][  0]LogConfig: Setting CVar [[r.Shadow.PreShadowResolutionFactor:1.0]]
[2019.02.14-10.50.38:319][  0]LogConfig: Setting CVar [[r.DistanceFieldShadowing:1]]
[2019.02.14-10.50.38:319][  0]LogConfig: Setting CVar [[r.DistanceFieldAO:1]]
[2019.02.14-10.50.38:319][  0]LogConfig: Setting CVar [[r.AOQuality:2]]
[2019.02.14-10.50.38:319][  0]LogConfig: Setting CVar [[r.VolumetricFog:1]]
[2019.02.14-10.50.38:319][  0]LogConfig: Setting CVar [[r.VolumetricFog.GridPixelSize:8]]
[2019.02.14-10.50.38:319][  0]LogConfig: Setting CVar [[r.VolumetricFog.GridSizeZ:128]]
[2019.02.14-10.50.38:320][  0]LogConfig: Setting CVar [[r.VolumetricFog.HistoryMissSupersampleCount:4]]
[2019.02.14-10.50.38:320][  0]LogConfig: Setting CVar [[r.LightMaxDrawDistanceScale:1]]
[2019.02.14-10.50.38:320][  0]LogConfig: Setting CVar [[r.CapsuleShadows:1]]
[2019.02.14-10.50.38:320][  0]LogConfig: Applying CVar settings from Section [PostProcessQuality@3] File [C:/Users/gosus/Documents/CP-School/SeniorProject/gitRepos/Senior-Project-CPP-Testground/HSPGame/Saved/Config/Windows/Scalability.ini]
[2019.02.14-10.50.38:320][  0]LogConfig: Setting CVar [[r.MotionBlurQuality:4]]
[2019.02.14-10.50.38:320][  0]LogConfig: Setting CVar [[r.AmbientOcclusionMipLevelFactor:0.4]]
[2019.02.14-10.50.38:320][  0]LogConfig: Setting CVar [[r.AmbientOcclusionMaxQuality:100]]
[2019.02.14-10.50.38:320][  0]LogConfig: Setting CVar [[r.AmbientOcclusionLevels:-1]]
[2019.02.14-10.50.38:320][  0]LogConfig: Setting CVar [[r.AmbientOcclusionRadiusScale:1.0]]
[2019.02.14-10.50.38:320][  0]LogConfig: Setting CVar [[r.DepthOfFieldQuality:2]]
[2019.02.14-10.50.38:320][  0]LogConfig: Setting CVar [[r.RenderTargetPoolMin:400]]
[2019.02.14-10.50.38:320][  0]LogConfig: Setting CVar [[r.LensFlareQuality:2]]
[2019.02.14-10.50.38:320][  0]LogConfig: Setting CVar [[r.SceneColorFringeQuality:1]]
[2019.02.14-10.50.38:320][  0]LogConfig: Setting CVar [[r.EyeAdaptationQuality:2]]
[2019.02.14-10.50.38:320][  0]LogConfig: Setting CVar [[r.BloomQuality:5]]
[2019.02.14-10.50.38:320][  0]LogConfig: Setting CVar [[r.FastBlurThreshold:100]]
[2019.02.14-10.50.38:320][  0]LogConfig: Setting CVar [[r.Upscale.Quality:3]]
[2019.02.14-10.50.38:320][  0]LogConfig: Setting CVar [[r.Tonemapper.GrainQuantization:1]]
[2019.02.14-10.50.38:320][  0]LogConfig: Setting CVar [[r.LightShaftQuality:1]]
[2019.02.14-10.50.38:320][  0]LogConfig: Setting CVar [[r.Filter.SizeScale:1]]
[2019.02.14-10.50.38:321][  0]LogConfig: Setting CVar [[r.Tonemapper.Quality:5]]
[2019.02.14-10.50.38:321][  0]LogConfig: Setting CVar [[r.DOF.Gather.AccumulatorQuality:1        ; higher gathering accumulator quality]]
[2019.02.14-10.50.38:321][  0]LogConfig: Setting CVar [[r.DOF.Gather.PostfilterMethod:1          ; Median3x3 postfilering method]]
[2019.02.14-10.50.38:321][  0]LogConfig: Setting CVar [[r.DOF.Gather.EnableBokehSettings:0       ; no bokeh simulation when gathering]]
[2019.02.14-10.50.38:321][  0]LogConfig: Setting CVar [[r.DOF.Gather.RingCount:4                 ; medium number of samples when gathering]]
[2019.02.14-10.50.38:321][  0]LogConfig: Setting CVar [[r.DOF.Scatter.ForegroundCompositing:1    ; additive foreground scattering]]
[2019.02.14-10.50.38:321][  0]LogConfig: Setting CVar [[r.DOF.Scatter.BackgroundCompositing:2    ; additive background scattering]]
[2019.02.14-10.50.38:321][  0]LogConfig: Setting CVar [[r.DOF.Scatter.EnableBokehSettings:1      ; bokeh simulation when scattering]]
[2019.02.14-10.50.38:321][  0]LogConfig: Setting CVar [[r.DOF.Scatter.MaxSpriteRatio:0.1         ; only a maximum of 10% of scattered bokeh]]
[2019.02.14-10.50.38:321][  0]LogConfig: Setting CVar [[r.DOF.Recombine.Quality:1                ; cheap slight out of focus]]
[2019.02.14-10.50.38:321][  0]LogConfig: Setting CVar [[r.DOF.Recombine.EnableBokehSettings:0    ; no bokeh simulation on slight out of focus]]
[2019.02.14-10.50.38:321][  0]LogConfig: Setting CVar [[r.DOF.TemporalAAQuality:1                ; more stable temporal accumulation]]
[2019.02.14-10.50.38:322][  0]LogConfig: Setting CVar [[r.DOF.Kernel.MaxForegroundRadius:0.025]]
[2019.02.14-10.50.38:322][  0]LogConfig: Setting CVar [[r.DOF.Kernel.MaxBackgroundRadius:0.025]]
[2019.02.14-10.50.38:322][  0]LogConfig: Applying CVar settings from Section [TextureQuality@3] File [C:/Users/gosus/Documents/CP-School/SeniorProject/gitRepos/Senior-Project-CPP-Testground/HSPGame/Saved/Config/Windows/Scalability.ini]
[2019.02.14-10.50.38:322][  0]LogConfig: Setting CVar [[r.Streaming.MipBias:0]]
[2019.02.14-10.50.38:322][  0]LogConfig: Setting CVar [[r.Streaming.AmortizeCPUToGPUCopy:0]]
[2019.02.14-10.50.38:322][  0]LogConfig: Setting CVar [[r.Streaming.MaxNumTexturesToStreamPerFrame:0]]
[2019.02.14-10.50.38:322][  0]LogConfig: Setting CVar [[r.Streaming.Boost:1]]
[2019.02.14-10.50.38:322][  0]LogConfig: Setting CVar [[r.MaxAnisotropy:8]]
[2019.02.14-10.50.38:322][  0]LogConfig: Setting CVar [[r.Streaming.LimitPoolSizeToVRAM:0]]
[2019.02.14-10.50.38:322][  0]LogConfig: Setting CVar [[r.Streaming.PoolSize:1000]]
[2019.02.14-10.50.38:322][  0]LogConfig: Setting CVar [[r.Streaming.MaxEffectiveScreenSize:0]]
[2019.02.14-10.50.38:322][  0]LogConfig: Applying CVar settings from Section [EffectsQuality@3] File [C:/Users/gosus/Documents/CP-School/SeniorProject/gitRepos/Senior-Project-CPP-Testground/HSPGame/Saved/Config/Windows/Scalability.ini]
[2019.02.14-10.50.38:322][  0]LogConfig: Setting CVar [[r.TranslucencyLightingVolumeDim:64]]
[2019.02.14-10.50.38:322][  0]LogConfig: Setting CVar [[r.RefractionQuality:2]]
[2019.02.14-10.50.38:322][  0]LogConfig: Setting CVar [[r.SSR.Quality:3]]
[2019.02.14-10.50.38:322][  0]LogConfig: Setting CVar [[r.SceneColorFormat:4]]
[2019.02.14-10.50.38:322][  0]LogConfig: Setting CVar [[r.DetailMode:2]]
[2019.02.14-10.50.38:322][  0]LogConfig: Setting CVar [[r.TranslucencyVolumeBlur:1]]
[2019.02.14-10.50.38:322][  0]LogConfig: Setting CVar [[r.MaterialQualityLevel:1 ; High quality]]
[2019.02.14-10.50.38:323][  0]LogConfig: Setting CVar [[r.SSS.Scale:1]]
[2019.02.14-10.50.38:323][  0]LogConfig: Setting CVar [[r.SSS.SampleSet:2]]
[2019.02.14-10.50.38:323][  0]LogConfig: Setting CVar [[r.SSS.Quality:1]]
[2019.02.14-10.50.38:323][  0]LogConfig: Setting CVar [[r.SSS.HalfRes:1]]
[2019.02.14-10.50.38:323][  0]LogConfig: Setting CVar [[r.EmitterSpawnRateScale:1.0]]
[2019.02.14-10.50.38:323][  0]LogConfig: Setting CVar [[r.ParticleLightQuality:2]]
[2019.02.14-10.50.38:323][  0]LogConfig: Applying CVar settings from Section [FoliageQuality@3] File [C:/Users/gosus/Documents/CP-School/SeniorProject/gitRepos/Senior-Project-CPP-Testground/HSPGame/Saved/Config/Windows/Scalability.ini]
[2019.02.14-10.50.38:323][  0]LogConfig: Setting CVar [[foliage.DensityScale:1.0]]
[2019.02.14-10.50.38:323][  0]LogConfig: Setting CVar [[grass.DensityScale:1.0]]
[2019.02.14-10.50.38:323][  0]LogInit: Selected Device Profile: [Windows]
[2019.02.14-10.50.38:323][  0]LogInit: Applying CVar settings loaded from the selected device profile: [Windows]
[2019.02.14-10.50.38:333][  0]LogHAL: Display: Platform has ~ 32 GB [34313105408 / 34359738368 / 32], which maps to Largest [LargestMinGB=32, LargerMinGB=12, DefaultMinGB=8, SmallerMinGB=6, SmallestMinGB=0)
[2019.02.14-10.50.38:333][  0]LogConfig: Setting CVar [[r.Vulkan.UseRealUBs:1]]
[2019.02.14-10.50.38:333][  0]LogInit: Going up to parent DeviceProfile []
[2019.02.14-10.50.38:333][  0]LogConfig: Applying CVar settings from Section [ViewDistanceQuality@3] File [C:/Users/gosus/Documents/CP-School/SeniorProject/gitRepos/Senior-Project-CPP-Testground/HSPGame/Saved/Config/Windows/Scalability.ini]
[2019.02.14-10.50.38:333][  0]LogConfig: Setting CVar [[r.SkeletalMeshLODBias:0]]
[2019.02.14-10.50.38:333][  0]LogConfig: Setting CVar [[r.ViewDistanceScale:1.0]]
[2019.02.14-10.50.38:334][  0]LogConfig: Applying CVar settings from Section [AntiAliasingQuality@3] File [C:/Users/gosus/Documents/CP-School/SeniorProject/gitRepos/Senior-Project-CPP-Testground/HSPGame/Saved/Config/Windows/Scalability.ini]
[2019.02.14-10.50.38:334][  0]LogConfig: Setting CVar [[r.PostProcessAAQuality:4]]
[2019.02.14-10.50.38:334][  0]LogConfig: Applying CVar settings from Section [ShadowQuality@3] File [C:/Users/gosus/Documents/CP-School/SeniorProject/gitRepos/Senior-Project-CPP-Testground/HSPGame/Saved/Config/Windows/Scalability.ini]
[2019.02.14-10.50.38:334][  0]LogConfig: Setting CVar [[r.LightFunctionQuality:1]]
[2019.02.14-10.50.38:334][  0]LogConfig: Setting CVar [[r.ShadowQuality:5]]
[2019.02.14-10.50.38:334][  0]LogConfig: Setting CVar [[r.Shadow.CSM.MaxCascades:10]]
[2019.02.14-10.50.38:334][  0]LogConfig: Setting CVar [[r.Shadow.MaxResolution:2048]]
[2019.02.14-10.50.38:334][  0]LogConfig: Setting CVar [[r.Shadow.MaxCSMResolution:2048]]
[2019.02.14-10.50.38:334][  0]LogConfig: Setting CVar [[r.Shadow.RadiusThreshold:0.01]]
[2019.02.14-10.50.38:334][  0]LogConfig: Setting CVar [[r.Shadow.DistanceScale:1.0]]
[2019.02.14-10.50.38:334][  0]LogConfig: Setting CVar [[r.Shadow.CSM.TransitionScale:1.0]]
[2019.02.14-10.50.38:334][  0]LogConfig: Setting CVar [[r.Shadow.PreShadowResolutionFactor:1.0]]
[2019.02.14-10.50.38:334][  0]LogConfig: Setting CVar [[r.DistanceFieldShadowing:1]]
[2019.02.14-10.50.38:334][  0]LogConfig: Setting CVar [[r.DistanceFieldAO:1]]
[2019.02.14-10.50.38:334][  0]LogConfig: Setting CVar [[r.AOQuality:2]]
[2019.02.14-10.50.38:334][  0]LogConfig: Setting CVar [[r.VolumetricFog:1]]
[2019.02.14-10.50.38:334][  0]LogConfig: Setting CVar [[r.VolumetricFog.GridPixelSize:8]]
[2019.02.14-10.50.38:334][  0]LogConfig: Setting CVar [[r.VolumetricFog.GridSizeZ:128]]
[2019.02.14-10.50.38:335][  0]LogConfig: Setting CVar [[r.VolumetricFog.HistoryMissSupersampleCount:4]]
[2019.02.14-10.50.38:335][  0]LogConfig: Setting CVar [[r.LightMaxDrawDistanceScale:1]]
[2019.02.14-10.50.38:335][  0]LogConfig: Setting CVar [[r.CapsuleShadows:1]]
[2019.02.14-10.50.38:335][  0]LogConfig: Applying CVar settings from Section [PostProcessQuality@3] File [C:/Users/gosus/Documents/CP-School/SeniorProject/gitRepos/Senior-Project-CPP-Testground/HSPGame/Saved/Config/Windows/Scalability.ini]
[2019.02.14-10.50.38:335][  0]LogConfig: Setting CVar [[r.MotionBlurQuality:4]]
[2019.02.14-10.50.38:335][  0]LogConfig: Setting CVar [[r.AmbientOcclusionMipLevelFactor:0.4]]
[2019.02.14-10.50.38:335][  0]LogConfig: Setting CVar [[r.AmbientOcclusionMaxQuality:100]]
[2019.02.14-10.50.38:335][  0]LogConfig: Setting CVar [[r.AmbientOcclusionLevels:-1]]
[2019.02.14-10.50.38:335][  0]LogConfig: Setting CVar [[r.AmbientOcclusionRadiusScale:1.0]]
[2019.02.14-10.50.38:335][  0]LogConfig: Setting CVar [[r.DepthOfFieldQuality:2]]
[2019.02.14-10.50.38:335][  0]LogConfig: Setting CVar [[r.RenderTargetPoolMin:400]]
[2019.02.14-10.50.38:335][  0]LogConfig: Setting CVar [[r.LensFlareQuality:2]]
[2019.02.14-10.50.38:335][  0]LogConfig: Setting CVar [[r.SceneColorFringeQuality:1]]
[2019.02.14-10.50.38:335][  0]LogConfig: Setting CVar [[r.EyeAdaptationQuality:2]]
[2019.02.14-10.50.38:335][  0]LogConfig: Setting CVar [[r.BloomQuality:5]]
[2019.02.14-10.50.38:335][  0]LogConfig: Setting CVar [[r.FastBlurThreshold:100]]
[2019.02.14-10.50.38:336][  0]LogConfig: Setting CVar [[r.Upscale.Quality:3]]
[2019.02.14-10.50.38:336][  0]LogConfig: Setting CVar [[r.Tonemapper.GrainQuantization:1]]
[2019.02.14-10.50.38:336][  0]LogConfig: Setting CVar [[r.LightShaftQuality:1]]
[2019.02.14-10.50.38:336][  0]LogConfig: Setting CVar [[r.Filter.SizeScale:1]]
[2019.02.14-10.50.38:336][  0]LogConfig: Setting CVar [[r.Tonemapper.Quality:5]]
[2019.02.14-10.50.38:336][  0]LogConfig: Setting CVar [[r.DOF.Gather.AccumulatorQuality:1        ; higher gathering accumulator quality]]
[2019.02.14-10.50.38:336][  0]LogConfig: Setting CVar [[r.DOF.Gather.PostfilterMethod:1          ; Median3x3 postfilering method]]
[2019.02.14-10.50.38:336][  0]LogConfig: Setting CVar [[r.DOF.Gather.EnableBokehSettings:0       ; no bokeh simulation when gathering]]
[2019.02.14-10.50.38:336][  0]LogConfig: Setting CVar [[r.DOF.Gather.RingCount:4                 ; medium number of samples when gathering]]
[2019.02.14-10.50.38:336][  0]LogConfig: Setting CVar [[r.DOF.Scatter.ForegroundCompositing:1    ; additive foreground scattering]]
[2019.02.14-10.50.38:336][  0]LogConfig: Setting CVar [[r.DOF.Scatter.BackgroundCompositing:2    ; additive background scattering]]
[2019.02.14-10.50.38:336][  0]LogConfig: Setting CVar [[r.DOF.Scatter.EnableBokehSettings:1      ; bokeh simulation when scattering]]
[2019.02.14-10.50.38:336][  0]LogConfig: Setting CVar [[r.DOF.Scatter.MaxSpriteRatio:0.1         ; only a maximum of 10% of scattered bokeh]]
[2019.02.14-10.50.38:336][  0]LogConfig: Setting CVar [[r.DOF.Recombine.Quality:1                ; cheap slight out of focus]]
[2019.02.14-10.50.38:336][  0]LogConfig: Setting CVar [[r.DOF.Recombine.EnableBokehSettings:0    ; no bokeh simulation on slight out of focus]]
[2019.02.14-10.50.38:336][  0]LogConfig: Setting CVar [[r.DOF.TemporalAAQuality:1                ; more stable temporal accumulation]]
[2019.02.14-10.50.38:336][  0]LogConfig: Setting CVar [[r.DOF.Kernel.MaxForegroundRadius:0.025]]
[2019.02.14-10.50.38:336][  0]LogConfig: Setting CVar [[r.DOF.Kernel.MaxBackgroundRadius:0.025]]
[2019.02.14-10.50.38:336][  0]LogConfig: Applying CVar settings from Section [TextureQuality@3] File [C:/Users/gosus/Documents/CP-School/SeniorProject/gitRepos/Senior-Project-CPP-Testground/HSPGame/Saved/Config/Windows/Scalability.ini]
[2019.02.14-10.50.38:337][  0]LogConfig: Setting CVar [[r.Streaming.MipBias:0]]
[2019.02.14-10.50.38:337][  0]LogConfig: Setting CVar [[r.Streaming.AmortizeCPUToGPUCopy:0]]
[2019.02.14-10.50.38:337][  0]LogConfig: Setting CVar [[r.Streaming.MaxNumTexturesToStreamPerFrame:0]]
[2019.02.14-10.50.38:337][  0]LogConfig: Setting CVar [[r.Streaming.Boost:1]]
[2019.02.14-10.50.38:337][  0]LogConfig: Setting CVar [[r.MaxAnisotropy:8]]
[2019.02.14-10.50.38:337][  0]LogConfig: Setting CVar [[r.Streaming.LimitPoolSizeToVRAM:0]]
[2019.02.14-10.50.38:337][  0]LogConfig: Setting CVar [[r.Streaming.PoolSize:1000]]
[2019.02.14-10.50.38:337][  0]LogConfig: Setting CVar [[r.Streaming.MaxEffectiveScreenSize:0]]
[2019.02.14-10.50.38:337][  0]LogConfig: Applying CVar settings from Section [EffectsQuality@3] File [C:/Users/gosus/Documents/CP-School/SeniorProject/gitRepos/Senior-Project-CPP-Testground/HSPGame/Saved/Config/Windows/Scalability.ini]
[2019.02.14-10.50.38:337][  0]LogConfig: Setting CVar [[r.TranslucencyLightingVolumeDim:64]]
[2019.02.14-10.50.38:337][  0]LogConfig: Setting CVar [[r.RefractionQuality:2]]
[2019.02.14-10.50.38:337][  0]LogConfig: Setting CVar [[r.SSR.Quality:3]]
[2019.02.14-10.50.38:337][  0]LogConfig: Setting CVar [[r.SceneColorFormat:4]]
[2019.02.14-10.50.38:337][  0]LogConfig: Setting CVar [[r.DetailMode:2]]
[2019.02.14-10.50.38:337][  0]LogConfig: Setting CVar [[r.TranslucencyVolumeBlur:1]]
[2019.02.14-10.50.38:337][  0]LogConfig: Setting CVar [[r.MaterialQualityLevel:1 ; High quality]]
[2019.02.14-10.50.38:337][  0]LogConfig: Setting CVar [[r.SSS.Scale:1]]
[2019.02.14-10.50.38:337][  0]LogConfig: Setting CVar [[r.SSS.SampleSet:2]]
[2019.02.14-10.50.38:337][  0]LogConfig: Setting CVar [[r.SSS.Quality:1]]
[2019.02.14-10.50.38:338][  0]LogConfig: Setting CVar [[r.SSS.HalfRes:1]]
[2019.02.14-10.50.38:338][  0]LogConfig: Setting CVar [[r.EmitterSpawnRateScale:1.0]]
[2019.02.14-10.50.38:338][  0]LogConfig: Setting CVar [[r.ParticleLightQuality:2]]
[2019.02.14-10.50.38:338][  0]LogConfig: Applying CVar settings from Section [FoliageQuality@3] File [C:/Users/gosus/Documents/CP-School/SeniorProject/gitRepos/Senior-Project-CPP-Testground/HSPGame/Saved/Config/Windows/Scalability.ini]
[2019.02.14-10.50.38:338][  0]LogConfig: Setting CVar [[foliage.DensityScale:1.0]]
[2019.02.14-10.50.38:338][  0]LogConfig: Setting CVar [[grass.DensityScale:1.0]]
[2019.02.14-10.50.38:338][  0]LogConfig: Applying CVar settings from Section [Startup] File [../../../Engine/Config/ConsoleVariables.ini]
[2019.02.14-10.50.38:338][  0]LogConfig: Setting CVar [[net.UseAdaptiveNetUpdateFrequency:0]]
[2019.02.14-10.50.38:338][  0]LogConfig: Applying CVar settings from Section [ConsoleVariables] File [C:/Users/gosus/Documents/CP-School/SeniorProject/gitRepos/Senior-Project-CPP-Testground/HSPGame/Saved/Config/Windows/Engine.ini]
[2019.02.14-10.50.38:338][  0]LogInit: Computer: UNIT-01
[2019.02.14-10.50.38:338][  0]LogInit: User: gosus
[2019.02.14-10.50.38:338][  0]LogInit: CPU Page size=4096, Cores=4
[2019.02.14-10.50.38:338][  0]LogInit: High frequency timer resolution =10.000000 MHz
[2019.02.14-10.50.38:339][  0]LogMemory: Memory total: Physical=32.0GB (32GB approx)
[2019.02.14-10.50.38:339][  0]LogMemory: Platform Memory Stats for Windows
[2019.02.14-10.50.38:339][  0]LogMemory: Process Physical Memory: 104.36 MB used, 104.36 MB peak
[2019.02.14-10.50.38:339][  0]LogMemory: Process Virtual Memory: 90.24 MB used, 90.24 MB peak
[2019.02.14-10.50.38:339][  0]LogMemory: Physical Memory: 8113.15 MB used,  24610.38 MB free, 32723.53 MB total
[2019.02.14-10.50.38:339][  0]LogMemory: Virtual Memory: 4648.41 MB used,  134213080.00 MB free, 134217728.00 MB total
[2019.02.14-10.50.38:443][  0]LogInit: Using OS detected language (en-US).
[2019.02.14-10.50.38:443][  0]LogInit: Using OS detected locale (en-US).
[2019.02.14-10.50.38:444][  0]LogTextLocalizationManager: No specific localization for 'en-US' exists, so the 'en' localization will be used.
[2019.02.14-10.50.38:764][  0]LogStreaming: Display: Took  0.321s to InitEngineTextLocalization.
[2019.02.14-10.50.38:764][  0]LogInit: Setting process to per monitor DPI aware
[2019.02.14-10.50.38:815][  0]LogSlate: New Slate User Created.  User Index 0, Is Virtual User: 0
[2019.02.14-10.50.38:815][  0]LogSlate: Slate User Registered.  User Index 0, Is Virtual User: 0
[2019.02.14-10.50.38:969][  0]LogHMD: Failed to initialize OpenVR with code 110
[2019.02.14-10.50.38:969][  0]LogD3D11RHI: D3D11 adapters:
[2019.02.14-10.50.39:104][  0]LogD3D11RHI:    0. 'NVIDIA GeForce RTX 2080' (Feature Level 11_0)
[2019.02.14-10.50.39:104][  0]LogD3D11RHI:       8010/0/16361 MB DedicatedVideo/DedicatedSystem/SharedSystem, Outputs:2, VendorId:0x10de
[2019.02.14-10.50.39:109][  0]LogD3D11RHI:    1. 'Microsoft Basic Render Driver' (Feature Level 11_0)
[2019.02.14-10.50.39:109][  0]LogD3D11RHI:       0/0/16361 MB DedicatedVideo/DedicatedSystem/SharedSystem, Outputs:0, VendorId:0x1414
[2019.02.14-10.50.39:109][  0]LogD3D11RHI: Chosen D3D11 Adapter: 0
[2019.02.14-10.50.39:117][  0]LogD3D11RHI: Creating new Direct3DDevice
[2019.02.14-10.50.39:117][  0]LogD3D11RHI:     GPU DeviceId: 0x1e87 (for the marketing name, search the web for "GPU Device Id")
[2019.02.14-10.50.39:117][  0]LogWindows: EnumDisplayDevices:
[2019.02.14-10.50.39:117][  0]LogWindows:    0. 'NVIDIA GeForce RTX 2080' (P:1 D:1)
[2019.02.14-10.50.39:118][  0]LogWindows:    1. 'NVIDIA GeForce RTX 2080' (P:0 D:1)
[2019.02.14-10.50.39:118][  0]LogWindows:    2. 'NVIDIA GeForce RTX 2080' (P:0 D:0)
[2019.02.14-10.50.39:118][  0]LogWindows:    3. 'NVIDIA GeForce RTX 2080' (P:0 D:0)
[2019.02.14-10.50.39:119][  0]LogWindows: DebugString: FoundDriverCount:4 
[2019.02.14-10.50.39:119][  0]LogD3D11RHI:     Adapter Name: NVIDIA GeForce RTX 2080
[2019.02.14-10.50.39:119][  0]LogD3D11RHI:   Driver Version: 417.71 (internal:25.21.14.1771, unified:417.71)
[2019.02.14-10.50.39:119][  0]LogD3D11RHI:      Driver Date: 1-11-2019
[2019.02.14-10.50.39:119][  0]LogRHI: Texture pool is 5607 MB (70% of 8010 MB)
[2019.02.14-10.50.39:162][  0]LogD3D11RHI: Async texture creation enabled
[2019.02.14-10.50.39:184][  0]LogD3D11RHI: GPU Timing Frequency: 1000.000000 (Debug: 2 2)
[2019.02.14-10.50.39:548][  0]LogTemp: Display: Loaded TP AllDesktopTargetPlatform
[2019.02.14-10.50.39:562][  0]LogTemp: Display: Loaded TP MacClientTargetPlatform
[2019.02.14-10.50.39:575][  0]LogTemp: Display: Loaded TP MacNoEditorTargetPlatform
[2019.02.14-10.50.39:588][  0]LogTemp: Display: Loaded TP MacServerTargetPlatform
[2019.02.14-10.50.39:604][  0]LogTemp: Display: Loaded TP MacTargetPlatform
[2019.02.14-10.50.39:618][  0]LogTemp: Display: Loaded TP WindowsClientTargetPlatform
[2019.02.14-10.50.39:633][  0]LogTemp: Display: Loaded TP WindowsNoEditorTargetPlatform
[2019.02.14-10.50.39:646][  0]LogTemp: Display: Loaded TP WindowsServerTargetPlatform
[2019.02.14-10.50.39:655][  0]LogTemp: Display: Loaded TP WindowsTargetPlatform
[2019.02.14-10.50.39:722][  0]LogTemp: Display: Loaded TP AndroidTargetPlatform
[2019.02.14-10.50.39:722][  0]LogTemp: Display: Loaded TP AndroidTargetPlatform
[2019.02.14-10.50.39:722][  0]LogTemp: Display: Loaded TP AndroidTargetPlatform
[2019.02.14-10.50.39:722][  0]LogTemp: Display: Loaded TP AndroidTargetPlatform
[2019.02.14-10.50.39:722][  0]LogTemp: Display: Loaded TP AndroidTargetPlatform
[2019.02.14-10.50.39:723][  0]LogTemp: Display: Loaded TP AndroidTargetPlatform
[2019.02.14-10.50.39:723][  0]LogTemp: Display: Loaded TP AndroidTargetPlatform
[2019.02.14-10.50.39:723][  0]LogTemp: Display: Loaded TP AndroidTargetPlatform
[2019.02.14-10.50.39:723][  0]LogTemp: Display: Loaded TP AndroidTargetPlatform
[2019.02.14-10.50.39:723][  0]LogTemp: Display: Loaded TP AndroidTargetPlatform
[2019.02.14-10.50.39:723][  0]LogTemp: Display: Loaded TP AndroidTargetPlatform
[2019.02.14-10.50.39:723][  0]LogTemp: Display: Loaded TP AndroidTargetPlatform
[2019.02.14-10.50.39:723][  0]LogTemp: Display: Loaded TP AndroidTargetPlatform
[2019.02.14-10.50.39:723][  0]LogTemp: Display: Loaded TP AndroidTargetPlatform
[2019.02.14-10.50.39:723][  0]LogTemp: Display: Loaded TP AndroidTargetPlatform
[2019.02.14-10.50.39:723][  0]LogTemp: Display: Loaded TP AndroidTargetPlatform
[2019.02.14-10.50.39:723][  0]LogTemp: Display: Loaded TP AndroidTargetPlatform
[2019.02.14-10.50.39:723][  0]LogTemp: Display: Loaded TP AndroidTargetPlatform
[2019.02.14-10.50.39:732][  0]LogTemp: Display: Loaded TP HTML5TargetPlatform
[2019.02.14-10.50.39:799][  0]LogTemp: Display: Loaded TP IOSTargetPlatform
[2019.02.14-10.50.39:799][  0]LogTemp: Display: Loaded TP IOSTargetPlatform
[2019.02.14-10.50.39:819][  0]LogTemp: Display: Loaded TP TVOSTargetPlatform
[2019.02.14-10.50.39:819][  0]LogTemp: Display: Loaded TP TVOSTargetPlatform
[2019.02.14-10.50.39:832][  0]LogTemp: Display: Loaded TP LinuxClientTargetPlatform
[2019.02.14-10.50.39:844][  0]LogTemp: Display: Loaded TP LinuxNoEditorTargetPlatform
[2019.02.14-10.50.39:855][  0]LogTemp: Display: Loaded TP LinuxServerTargetPlatform
[2019.02.14-10.50.39:868][  0]LogTemp: Display: Loaded TP LinuxTargetPlatform
[2019.02.14-10.50.39:908][  0]LogTemp: Display: Loaded TP LuminTargetPlatform
[2019.02.14-10.50.39:908][  0]LogTemp: Display: Loaded TP LuminTargetPlatform
[2019.02.14-10.50.39:908][  0]LogTargetPlatformManager: Display: Building Assets For Windows
[2019.02.14-10.50.40:054][  0]LogShaderCompilers: Guid format shader working directory is -50 characters bigger than the processId version (C:/Users/gosus/Documents/CP-School/SeniorProject/gitRepos/Senior-Project-CPP-Testground/HSPGame/Intermediate/Shaders/WorkingDirectory/10472/).
[2019.02.14-10.50.40:055][  0]LogShaderCompilers: Cleaned the shader compiler working directory 'C:/Users/gosus/AppData/Local/Temp/UnrealShaderWorkingDir/DB3EE5054FB34A8FFF138588E079D102/'.
[2019.02.14-10.50.40:056][  0]LogXGEController: Cleaning working directory: C:/Users/gosus/AppData/Local/Temp/UnrealXGEWorkingDir/
[2019.02.14-10.50.40:056][  0]LogXGEController: Cannot use XGE Controller as Incredibuild is not installed on this machine.
[2019.02.14-10.50.40:056][  0]LogShaderCompilers: Cannot use XGE Shader Compiler as Incredibuild is not installed on this machine.
[2019.02.14-10.50.40:056][  0]LogShaderCompilers: Display: Using Local Shader Compiler.
[2019.02.14-10.50.40:475][  0]LogDerivedDataCache: Display: Max Cache Size: 512 MB
[2019.02.14-10.50.40:518][  0]LogDerivedDataCache: Loaded boot cache 0.04s 71MB C:/Users/gosus/AppData/Local/UnrealEngine/4.21/DerivedDataCache/Boot.ddc.
[2019.02.14-10.50.40:518][  0]LogDerivedDataCache: Display: Loaded Boot cache: C:/Users/gosus/AppData/Local/UnrealEngine/4.21/DerivedDataCache/Boot.ddc
[2019.02.14-10.50.40:518][  0]LogDerivedDataCache: FDerivedDataBackendGraph:  Pak pak cache file C:/Users/gosus/Documents/CP-School/SeniorProject/gitRepos/Senior-Project-CPP-Testground/HSPGame/DerivedDataCache/DDC.ddp not found, will not use a pak cache.
[2019.02.14-10.50.40:518][  0]LogDerivedDataCache: Unable to find inner node Pak for hierarchical cache Hierarchy.
[2019.02.14-10.50.40:519][  0]LogDerivedDataCache: FDerivedDataBackendGraph:  CompressedPak pak cache file C:/Users/gosus/Documents/CP-School/SeniorProject/gitRepos/Senior-Project-CPP-Testground/HSPGame/DerivedDataCache/Compressed.ddp not found, will not use a pak cache.
[2019.02.14-10.50.40:519][  0]LogDerivedDataCache: Unable to find inner node CompressedPak for hierarchical cache Hierarchy.
[2019.02.14-10.50.40:529][  0]LogDerivedDataCache: Display: Pak cache opened for reading ../../../Engine/DerivedDataCache/Compressed.ddp.
[2019.02.14-10.50.40:529][  0]LogDerivedDataCache: FDerivedDataBackendGraph:  EnterprisePak pak cache file ../../../Enterprise/DerivedDataCache/Compressed.ddp not found, will not use a pak cache.
[2019.02.14-10.50.40:530][  0]LogDerivedDataCache: Unable to find inner node EnterprisePak for hierarchical cache Hierarchy.
[2019.02.14-10.50.40:542][  0]LogDerivedDataCache: Using Local data cache path C:/Users/gosus/AppData/Local/UnrealEngine/Common/DerivedDataCache: Writable
[2019.02.14-10.50.40:542][  0]LogDerivedDataCache: Shared data cache path not found in *engine.ini, will not use an Shared cache.
[2019.02.14-10.50.40:542][  0]LogDerivedDataCache: Unable to find inner node Shared for hierarchical cache Hierarchy.
[2019.02.14-10.50.40:564][  0]LogMaterial: Verifying Global Shaders for PCD3D_SM5
[2019.02.14-10.50.40:566][  0]LogSlate: Using FreeType 2.6.0
[2019.02.14-10.50.40:566][  0]LogSlate: SlateFontServices - WITH_FREETYPE: 1, WITH_HARFBUZZ: 1
[2019.02.14-10.50.40:639][  0]LogAssetRegistry: FAssetRegistry took 0.0352 seconds to start up
[2019.02.14-10.50.40:929][  0]LogInit: Selected Device Profile: [Windows]
[2019.02.14-10.50.41:080][  0]LogSimplygon: Simplygon DLL not present - disabling.
[2019.02.14-10.50.41:095][  0]LogMeshReduction: Using SimplygonSwarm for distributed automatic mesh merging
[2019.02.14-10.50.41:095][  0]LogMeshReduction: Using ProxyLODMeshReduction for automatic mesh merging
[2019.02.14-10.50.41:095][  0]LogMeshReduction: Using QuadricMeshReduction for automatic static mesh reduction
[2019.02.14-10.50.41:095][  0]LogMeshReduction: No automatic skeletal mesh reduction module available
[2019.02.14-10.50.41:104][  0]LogNetVersion: HSPGame 1.0.0, NetCL: 4541578, EngineNetVer: 5, GameNetVer: 0 (Checksum: 2893343623)
[2019.02.14-10.50.41:491][  0]LogPackageLocalizationCache: Processed 11 localized package path(s) for 2 prioritized culture(s) in 0.079068 seconds
[2019.02.14-10.50.41:498][  0]LogUObjectArray: 39775 objects as part of root set at end of initial load.
[2019.02.14-10.50.41:498][  0]LogUObjectAllocator: 6914664 out of 0 bytes used by permanent object pool.
[2019.02.14-10.50.41:498][  0]LogUObjectArray: CloseDisregardForGC: 0/0 objects in disregard for GC pool
[2019.02.14-10.50.42:347][  0]LogTcpMessaging: Initializing TcpMessaging bridge
[2019.02.14-10.50.42:364][  0]LogUdpMessaging: Initializing bridge on interface 0.0.0.0:0 to multicast group 230.0.0.1:6666.
[2019.02.14-10.50.42:956][  0]SourceControl: Source control is disabled
[2019.02.14-10.50.42:956][  0]SourceControl: Source control is disabled
[2019.02.14-10.50.42:966][  0]SourceControl: Source control is disabled
[2019.02.14-10.50.42:971][  0]SourceControl: Source control is disabled
[2019.02.14-10.50.43:319][  0]LogAndroidPermission: UAndroidPermissionCallbackProxy::GetInstance
[2019.02.14-10.50.43:514][  0]LogOcInput: OculusInput pre-init called
[2019.02.14-10.50.43:665][  0]LogEngine: Initializing Engine...
[2019.02.14-10.50.43:665][  0]LogHMD: Failed to initialize OpenVR with code 110
[2019.02.14-10.50.43:666][  0]LogStats: UGameplayTagsManager::ConstructGameplayTagTree: ImportINI prefixes -  0.000 s
[2019.02.14-10.50.43:666][  0]LogStats: UGameplayTagsManager::ConstructGameplayTagTree: Construct from data asset -  0.000 s
[2019.02.14-10.50.43:667][  0]LogStats: UGameplayTagsManager::ConstructGameplayTagTree: ImportINI -  0.000 s
[2019.02.14-10.50.43:667][  0]LogStats: UGameplayTagsManager::ConstructGameplayTagTree: GameplayTagTreeChangedEvent.Broadcast -  0.000 s
[2019.02.14-10.50.43:838][  0]LogInit: Initializing FReadOnlyCVARCache
[2019.02.14-10.50.43:854][  0]LogAIModule: Creating AISystem for world Untitled
[2019.02.14-10.50.43:901][  0]LogInit: XAudio2 using 'Speakers (Realtek(R) Audio)' : 2 channels at 48 kHz using 32 bits per sample (channel mask 0x3)
[2019.02.14-10.50.43:949][  0]LogInit: FAudioDevice initialized.
[2019.02.14-10.50.43:950][  0]LogNetVersion: Set ProjectVersion to 1.0.0.0. Version Checksum will be recalculated on next use.
[2019.02.14-10.50.43:987][  0]LogDerivedDataCache: Saved boot cache 0.04s 71MB C:/Users/gosus/AppData/Local/UnrealEngine/4.21/DerivedDataCache/Boot.ddc.
[2019.02.14-10.50.43:994][  0]LogInit: Texture streaming: Enabled
[2019.02.14-10.50.44:021][  0]LogEngineSessionManager: EngineSessionManager initialized
[2019.02.14-10.50.44:031][  0]LogInit: Transaction tracking system initialized
[2019.02.14-10.50.44:069][  0]BlueprintLog: New page: Editor Load
[2019.02.14-10.50.44:208][  0]LocalizationService: Localization service is disabled
[2019.02.14-10.50.44:644][  0]LogFileCache: Scanning file cache for directory 'C:/Users/gosus/Documents/CP-School/SeniorProject/gitRepos/Senior-Project-CPP-Testground/HSPGame/Content/' took 0.02s
[2019.02.14-10.50.44:644][  0]LogCook: Display: Max memory allowance for cook 16384mb min free memory 0mb
[2019.02.14-10.50.44:644][  0]LogCook: Display: Mobile HDR setting 1
[2019.02.14-10.50.44:644][  0]LogGameplayTags: Display: UGameplayTagsManager::DoneAddingNativeTags. DelegateIsBound: 0
[2019.02.14-10.50.44:644][  0]LogStats: UGameplayTagsManager::ConstructGameplayTagTree: ImportINI prefixes -  0.000 s
[2019.02.14-10.50.44:644][  0]LogStats: UGameplayTagsManager::ConstructGameplayTagTree: Construct from data asset -  0.000 s
[2019.02.14-10.50.44:645][  0]LogStats: UGameplayTagsManager::ConstructGameplayTagTree: ImportINI -  0.000 s
[2019.02.14-10.50.44:645][  0]LogStats: UGameplayTagsManager::ConstructGameplayTagTree: GameplayTagTreeChangedEvent.Broadcast -  0.000 s
[2019.02.14-10.50.44:873][  0]SourceControl: Source control is disabled
[2019.02.14-10.50.44:874][  0]LightingResults: New page: Lighting Build
[2019.02.14-10.50.44:875][  0]MapCheck: New page: Map Check
[2019.02.14-10.50.44:875][  0]LightingResults: New page: Lighting Build
[2019.02.14-10.50.45:236][  0]LogAIModule: Creating AISystem for world Minimal_Default
[2019.02.14-10.50.45:305][  0]LogEditorServer: Finished looking for orphan Actors (0.000 secs)
[2019.02.14-10.50.45:322][  0]Cmd: MAP CHECKDEP NOCLEARLOG
[2019.02.14-10.50.45:322][  0]MapCheck: Map check complete: 0 Error(s), 0 Warning(s), took 0.121ms to complete.
[2019.02.14-10.50.45:322][  0]LogFileHelpers: Loading map 'Minimal_Default' took 0.449
[2019.02.14-10.50.45:458][  0]LogSlate: Updating window title bar state: overlay mode, drag disabled, window buttons hidden, title bar hidden
[2019.02.14-10.50.45:464][  0]LogSlate: Updating window title bar state: overlay mode, drag disabled, window buttons hidden, title bar hidden
[2019.02.14-10.50.45:470][  0]LogSlate: Updating window title bar state: overlay mode, drag disabled, window buttons hidden, title bar hidden
[2019.02.14-10.50.45:476][  0]LogSlate: Updating window title bar state: overlay mode, drag disabled, window buttons hidden, title bar hidden
[2019.02.14-10.50.45:483][  0]LogCollectionManager: Loaded 0 collections in 0.000939 seconds
[2019.02.14-10.50.45:513][  0]LogFileCache: Scanning file cache for directory 'C:/Users/gosus/Documents/CP-School/SeniorProject/gitRepos/Senior-Project-CPP-Testground/HSPGame/Saved/Collections/' took 0.01s
[2019.02.14-10.50.45:513][  0]LogFileCache: Scanning file cache for directory 'C:/Users/gosus/Documents/CP-School/SeniorProject/gitRepos/Senior-Project-CPP-Testground/HSPGame/Content/Developers/gosus/Collections/' took 0.01s
[2019.02.14-10.50.45:513][  0]LogFileCache: Scanning file cache for directory 'C:/Users/gosus/Documents/CP-School/SeniorProject/gitRepos/Senior-Project-CPP-Testground/HSPGame/Content/Collections/' took 0.00s
[2019.02.14-10.50.45:513][  0]LogCollectionManager: Rebuilt the GUID cache for 0 collections in 0.000000 seconds
[2019.02.14-10.50.45:520][  0]LogContentBrowser: Native class hierarchy populated in 0.0066 seconds. Added 2656 classes and 622 folders.
[2019.02.14-10.50.45:524][  0]LogContentBrowser: Native class hierarchy updated for 'WidgetCarousel' in 0.0003 seconds. Added 0 classes and 0 folders.
[2019.02.14-10.50.45:525][  0]LogPakFile: Registered encryption key '00000000000000000000000000000000': 0 pak files mounted, 0 remain pending
[2019.02.14-10.50.45:526][  0]LogPakFile: Registered encryption key '00000000000000000000000000000000': 0 pak files mounted, 0 remain pending
[2019.02.14-10.50.45:526][  0]LogPakFile: Registered encryption key '00000000000000000000000000000000': 0 pak files mounted, 0 remain pending
[2019.02.14-10.50.45:526][  0]LogPakFile: Registered encryption key '00000000000000000000000000000000': 0 pak files mounted, 0 remain pending
[2019.02.14-10.50.45:527][  0]LogPakFile: Registered encryption key '00000000000000000000000000000000': 0 pak files mounted, 0 remain pending
[2019.02.14-10.50.45:527][  0]LogPakFile: Registered encryption key '00000000000000000000000000000000': 0 pak files mounted, 0 remain pending
[2019.02.14-10.50.45:527][  0]LogPakFile: Registered encryption key '00000000000000000000000000000000': 0 pak files mounted, 0 remain pending
[2019.02.14-10.50.45:528][  0]LogPakFile: Registered encryption key '00000000000000000000000000000000': 0 pak files mounted, 0 remain pending
[2019.02.14-10.50.45:528][  0]LogPakFile: Registered encryption key '00000000000000000000000000000000': 0 pak files mounted, 0 remain pending
[2019.02.14-10.50.45:529][  0]LogPakFile: Registered encryption key '00000000000000000000000000000000': 0 pak files mounted, 0 remain pending
[2019.02.14-10.50.45:529][  0]LogPakFile: Registered encryption key '00000000000000000000000000000000': 0 pak files mounted, 0 remain pending
[2019.02.14-10.50.45:529][  0]LogPakFile: Registered encryption key '00000000000000000000000000000000': 0 pak files mounted, 0 remain pending
[2019.02.14-10.50.45:530][  0]LogPakFile: Registered encryption key '00000000000000000000000000000000': 0 pak files mounted, 0 remain pending
[2019.02.14-10.50.45:530][  0]LogPakFile: Registered encryption key '00000000000000000000000000000000': 0 pak files mounted, 0 remain pending
[2019.02.14-10.50.45:530][  0]LogPakFile: Registered encryption key '00000000000000000000000000000000': 0 pak files mounted, 0 remain pending
[2019.02.14-10.50.45:531][  0]LogPakFile: Registered encryption key '00000000000000000000000000000000': 0 pak files mounted, 0 remain pending
[2019.02.14-10.50.45:531][  0]LogPakFile: Registered encryption key '00000000000000000000000000000000': 0 pak files mounted, 0 remain pending
[2019.02.14-10.50.45:531][  0]LogPakFile: Registered encryption key '00000000000000000000000000000000': 0 pak files mounted, 0 remain pending
[2019.02.14-10.50.45:532][  0]LogPakFile: Registered encryption key '00000000000000000000000000000000': 0 pak files mounted, 0 remain pending
[2019.02.14-10.50.45:532][  0]LogPakFile: Registered encryption key '00000000000000000000000000000000': 0 pak files mounted, 0 remain pending
[2019.02.14-10.50.45:532][  0]LogPakFile: Registered encryption key '00000000000000000000000000000000': 0 pak files mounted, 0 remain pending
[2019.02.14-10.50.45:533][  0]LogPakFile: Registered encryption key '00000000000000000000000000000000': 0 pak files mounted, 0 remain pending
[2019.02.14-10.50.45:533][  0]LogPakFile: Registered encryption key '00000000000000000000000000000000': 0 pak files mounted, 0 remain pending
[2019.02.14-10.50.45:534][  0]LogPakFile: Registered encryption key '00000000000000000000000000000000': 0 pak files mounted, 0 remain pending
[2019.02.14-10.50.45:534][  0]LogPakFile: Registered encryption key '00000000000000000000000000000000': 0 pak files mounted, 0 remain pending
[2019.02.14-10.50.45:534][  0]LogPakFile: Registered encryption key '00000000000000000000000000000000': 0 pak files mounted, 0 remain pending
[2019.02.14-10.50.45:553][  0]LogContentBrowser: Native class hierarchy updated for 'AddContentDialog' in 0.0003 seconds. Added 0 classes and 0 folders.
[2019.02.14-10.50.45:562][  0]LogContentBrowser: Native class hierarchy updated for 'SceneOutliner' in 0.0003 seconds. Added 1 classes and 2 folders.
[2019.02.14-10.50.45:573][  0]LogSlate: Took 0.000111 seconds to synchronously load lazily loaded font '../../../Engine/Content/Slate/Fonts/Roboto-Regular.ttf' (155K)
[2019.02.14-10.50.45:575][  0]LogSlate: Took 0.000112 seconds to synchronously load lazily loaded font '../../../Engine/Content/Slate/Fonts/Roboto-Bold.ttf' (160K)
[2019.02.14-10.50.45:579][  0]LogSlate: Took 0.000115 seconds to synchronously load lazily loaded font '../../../Engine/Content/Editor/Slate/Fonts/FontAwesome.ttf' (139K)
[2019.02.14-10.50.45:636][  0]LogRenderer: Reallocating scene render targets to support 1644x884 Format 10 NumSamples 1 (Frame:1).
[2019.02.14-10.50.45:732][  0]LogContentBrowser: Native class hierarchy updated for 'HierarchicalLODOutliner' in 0.0003 seconds. Added 0 classes and 0 folders.
[2019.02.14-10.50.45:732][  0]LogLoad: (Engine Initialization) Total time: 9.06 seconds
[2019.02.14-10.50.45:732][  0]LogLoad: (Engine Initialization) Total Blueprint compile time: 0.00 seconds
[2019.02.14-10.50.45:792][  0]LogContentStreaming: Texture pool size now 1000 MB
[2019.02.14-10.50.45:893][  1]LogAssetRegistry: Asset discovery search completed in 5.2778 seconds
[2019.02.14-10.50.45:895][  1]LogCollectionManager: Rebuilt the object cache for 0 collections in 0.000000 seconds (found 0 objects)
[2019.02.14-10.50.45:895][  1]LogCollectionManager: Fixed up redirectors for 0 collections in 0.000201 seconds (updated 0 objects)
[2019.02.14-10.50.56:843][311]LogSlate: FSceneViewport::OnFocusLost() reason 0
[2019.02.14-10.50.56:960][325]LogTemp: Repeating last play command: Selected Viewport
[2019.02.14-10.50.56:973][325]LogBlueprintUserMessages: Early PlayInEditor Detection: Level '/Game/StarterContent/Maps/Minimal_Default.Minimal_Default:PersistentLevel' has LevelScriptBlueprint '/Game/StarterContent/Maps/Minimal_Default.Minimal_Default:PersistentLevel.Minimal_Default' with GeneratedClass '/Game/StarterContent/Maps/Minimal_Default.Minimal_Default_C' with ClassGeneratedBy '/Game/StarterContent/Maps/Minimal_Default.Minimal_Default:PersistentLevel.Minimal_Default'
[2019.02.14-10.50.56:973][325]LogPlayLevel: PlayLevel: No blueprints needed recompiling
[2019.02.14-10.50.56:973][325]PIE: New page: PIE session: Minimal_Default (Feb 13, 2019, 6:50:56 PM)
[2019.02.14-10.50.56:987][325]LogPlayLevel: Creating play world package: /Game/StarterContent/Maps/UEDPIE_0_Minimal_Default
[2019.02.14-10.50.57:065][325]LogPlayLevel: PIE: StaticDuplicateObject took: (0.077683s)
[2019.02.14-10.50.57:066][325]LogAIModule: Creating AISystem for world Minimal_Default
[2019.02.14-10.50.57:066][325]LogPlayLevel: PIE: World Init took: (0.000686s)
[2019.02.14-10.50.57:066][325]LogPlayLevel: PIE: Created PIE world by copying editor world from /Game/StarterContent/Maps/Minimal_Default.Minimal_Default to /Game/StarterContent/Maps/UEDPIE_0_Minimal_Default.Minimal_Default (0.078824s)
[2019.02.14-10.50.57:130][325]LogInit: XAudio2 using 'Speakers (Realtek(R) Audio)' : 2 channels at 48 kHz using 32 bits per sample (channel mask 0x3)
[2019.02.14-10.50.57:149][325]LogInit: FAudioDevice initialized.
[2019.02.14-10.50.57:201][325]LogLoad: Game class is 'BP_HSPGameGameModeBase_C'
[2019.02.14-10.50.57:207][325]LogWorld: Bringing World /Game/StarterContent/Maps/UEDPIE_0_Minimal_Default.Minimal_Default up for play (max tick rate 0) at 2019.02.14-02.50.57
[2019.02.14-10.50.57:208][325]LogWorld: Bringing up level for play took: 0.006568
[2019.02.14-10.50.57:224][325]LogContentBrowser: Native class hierarchy updated for 'MovieSceneCapture' in 0.0003 seconds. Added 20 classes and 0 folders.
[2019.02.14-10.50.57:226][325]PIE: Play in editor start time for /Game/StarterContent/Maps/UEDPIE_0_Minimal_Default 0.482
[2019.02.14-10.50.57:226][325]LogBlueprintUserMessages: Late PlayInEditor Detection: Level '/Game/StarterContent/Maps/Minimal_Default.Minimal_Default:PersistentLevel' has LevelScriptBlueprint '/Game/StarterContent/Maps/Minimal_Default.Minimal_Default:PersistentLevel.Minimal_Default' with GeneratedClass '/Game/StarterContent/Maps/Minimal_Default.Minimal_Default_C' with ClassGeneratedBy '/Game/StarterContent/Maps/Minimal_Default.Minimal_Default:PersistentLevel.Minimal_Default'
[2019.02.14-10.50.59:987][654]LogBlueprintUserMessages: Early EndPlayMap Detection: Level '/Game/StarterContent/Maps/Minimal_Default.Minimal_Default:PersistentLevel' has LevelScriptBlueprint '/Game/StarterContent/Maps/Minimal_Default.Minimal_Default:PersistentLevel.Minimal_Default' with GeneratedClass '/Game/StarterContent/Maps/Minimal_Default.Minimal_Default_C' with ClassGeneratedBy '/Game/StarterContent/Maps/Minimal_Default.Minimal_Default:PersistentLevel.Minimal_Default'
[2019.02.14-10.50.59:987][654]LogSlate: Updating window title bar state: overlay mode, drag disabled, window buttons hidden, title bar hidden
[2019.02.14-10.51.00:025][654]LogPlayLevel: Display: Shutting down PIE online subsystems
[2019.02.14-10.51.00:026][654]LogBlueprintUserMessages: Late EndPlayMap Detection: Level '/Game/StarterContent/Maps/Minimal_Default.Minimal_Default:PersistentLevel' has LevelScriptBlueprint '/Game/StarterContent/Maps/Minimal_Default.Minimal_Default:PersistentLevel.Minimal_Default' with GeneratedClass '/Game/StarterContent/Maps/Minimal_Default.Minimal_Default_C' with ClassGeneratedBy '/Game/StarterContent/Maps/Minimal_Default.Minimal_Default:PersistentLevel.Minimal_Default'
[2019.02.14-10.51.00:047][654]LogSlate: Updating window title bar state: overlay mode, drag disabled, window buttons hidden, title bar hidden
[2019.02.14-10.51.00:090][656]LogPlayLevel: Display: Destroying online subsystem :Context_1
[2019.02.14-10.51.01:616][839]LogSlate: FSceneViewport::OnFocusLost() reason 0
[2019.02.14-10.51.21:671][243]MapCheck: New page: Map Check
[2019.02.14-10.51.21:687][243]Cmd: MAP REBUILD ALLVISIBLE
[2019.02.14-10.51.21:687][243]LogEditorServer: Rebuildmap Clear paths rebuilt
[2019.02.14-10.51.21:748][243]LogMaterial: Display: Missing cached shader map for material FDebugViewModeMaterialProxy M_Metal_Brushed_Nickel, compiling. 
[2019.02.14-10.51.21:757][243]LogShaderCompilers: Display: Shaders left to compile 1
[2019.02.14-10.51.21:757][243]LogMaterial: Display: Missing cached shader map for material FDebugViewModeMaterialProxy M_TableRound, compiling. 
[2019.02.14-10.51.21:763][243]LogMaterial: Display: Missing cached shader map for material FDebugViewModeMaterialProxy M_Chair, compiling. 
[2019.02.14-10.51.21:771][243]LogMaterial: Display: Missing cached shader map for material FDebugViewModeMaterialProxy M_Metal_Copper, compiling. 
[2019.02.14-10.51.21:777][243]LogShaderCompilers: Display: Shaders left to compile 3
[2019.02.14-10.51.21:777][243]LogShaderCompilers: Display: Shaders left to compile 2
[2019.02.14-10.51.21:777][243]LogShaderCompilers: Display: Shaders left to compile 1
[2019.02.14-10.51.21:777][243]LogMaterial: Display: Missing cached shader map for material FDebugViewModeMaterialProxy M_StatueGlass, compiling. 
[2019.02.14-10.51.21:785][243]LogMaterial: Display: Missing cached shader map for material FDebugViewModeMaterialProxy M_Metal_Burnished_Steel, compiling. 
[2019.02.14-10.51.21:793][243]LogMaterial: Display: Missing cached shader map for material FDebugViewModeMaterialProxy MaterialInstanceDynamic_0, compiling. 
[2019.02.14-10.51.21:800][243]LogMaterial: Display: Missing cached shader map for material FDebugViewModeMaterialProxy LandscapeGizmo_Mat, compiling. 
[2019.02.14-10.51.21:805][243]LogMaterial: Display: Missing cached shader map for material FDebugViewModeMaterialProxy MaskedUnlitSpriteMaterial, compiling. 
[2019.02.14-10.51.21:812][243]LogMaterial: Display: Missing cached shader map for material FDebugViewModeMaterialProxy MatineeCam_mat, compiling. 
[2019.02.14-10.51.22:527][243]LogShaderCompilers: Display: Shaders left to compile 6
[2019.02.14-10.51.22:527][243]LogShaderCompilers: Display: Shaders left to compile 5
[2019.02.14-10.51.22:527][243]LogShaderCompilers: Display: Shaders left to compile 4
[2019.02.14-10.51.22:527][243]LogShaderCompilers: Display: Shaders left to compile 3
[2019.02.14-10.51.22:527][243]LogShaderCompilers: Display: Shaders left to compile 2
[2019.02.14-10.51.22:527][243]LogShaderCompilers: Display: Shaders left to compile 1
[2019.02.14-10.51.22:527][243]TextureStreamingBuild: Display: Compiling optional shaders took 0.784 seconds.
[2019.02.14-10.51.22:544][243]LogLevel: Display: Export Material TexCoord Scales took 0.017 seconds.
[2019.02.14-10.51.22:553][243]TextureStreamingBuild: Display: Build Texture Streaming took 0.008 seconds.
[2019.02.14-10.51.22:572][243]LightingResults: New page: Lighting Build - Feb 13, 2019, 6:51:22 PM
[2019.02.14-10.51.22:718][243]LogSwarmInterface: [OpenConnection] Registering TCP channel ...
[2019.02.14-10.51.22:905][243]LogSwarmInterface: [OpenConnection] Connecting to agent ...
[2019.02.14-10.51.22:925][243]LogSwarmInterface: [TryOpenConnection] Testing the Agent
[2019.02.14-10.51.23:449][243]LogSwarmInterface: [TryOpenConnection] Opening Connection to Agent
[2019.02.14-10.51.23:450][243]LogSwarmInterface: [TryOpenConnection] Local Process ID is 10472
[2019.02.14-10.51.28:183][243]LightingResults: Warning: No importance volume found and the scene is so large that the automatically synthesized volume will not yield good results.  Please add a tightly bounding lightmass importance volume to optimize your scene's quality and lighting build times.
[2019.02.14-10.51.28:186][243]LogStaticLightingSystem: Running Lightmass w/ ImmediateImport mode ENABLED
[2019.02.14-10.51.28:186][243]LogStaticLightingSystem: Running Lightmass w/ ImmediateProcess mode ENABLED
[2019.02.14-10.51.28:186][243]LogStaticLightingSystem: Running Lightmass w/ Sorting mode ENABLED
[2019.02.14-10.51.28:187][243]LogStaticLightingSystem: Running Lightmass w/ Mapping paddings ENABLED
[2019.02.14-10.51.28:187][243]LogStaticLightingSystem: Running Lightmass w/ Mapping debug paddings DISABLED
[2019.02.14-10.51.28:321][243]Cmd: MAP CHECK DONTDISPLAYDIALOG
[2019.02.14-10.51.28:321][243]MapCheck: New page: Minimal_Default - Feb 13, 2019, 6:51:28 PM
[2019.02.14-10.51.28:322][243]MapCheck: Map check complete: 0 Error(s), 0 Warning(s), took 1.082ms to complete.
[2019.02.14-10.51.28:349][243]LogEditorBuildUtils: Build time 0:06
[2019.02.14-10.51.41:405][355]Job is a success!
[2019.02.14-10.51.41:430][356]LogSlate: Took 0.004576 seconds to synchronously load lazily loaded font '../../../Engine/Content/Slate/Fonts/Roboto-Light.ttf' (167K)
[2019.02.14-10.51.41:578][356]LogVolumetricLightmapImport: Imported Volumetric Lightmap in 0.121s
[2019.02.14-10.51.41:578][356]LogVolumetricLightmapImport:      Indirection Texture 32x32x32 = 0.1Mb
[2019.02.14-10.51.41:578][356]LogVolumetricLightmapImport:      BrickData 1280x15x5 = 3.8Mb (trimmed 0.0Mb due to 0.010000 MinBrickError)
[2019.02.14-10.51.41:578][356]LogVolumetricLightmapImport:      Bricks at Level
[2019.02.14-10.51.41:578][356]LogVolumetricLightmapImport:          0: 1.1% covering 100.0% of volume
[2019.02.14-10.51.41:578][356]LogVolumetricLightmapImport:          1: 7.2% covering 10.5% of volume
[2019.02.14-10.51.41:578][356]LogVolumetricLightmapImport:          2: 91.7% covering 2.1% of volume
[2019.02.14-10.51.42:187][356]LogTexture: Display: Building textures: SkyOcclusion1_1 (AutoDXT, 512X256)
[2019.02.14-10.51.42:187][356]LogTexture: Display: Building textures: HQ_Lightmap1_1 (AutoDXT, 512X512)
[2019.02.14-10.51.42:187][356]LogTexture: Display: Building textures: LQ_Lightmap_1_1 (DXT1, 512X512)
[2019.02.14-10.51.42:187][356]LogTexture: Display: Building textures: SkyOcclusion1_2 (AutoDXT, 1024X512)
[2019.02.14-10.51.42:187][356]LogTexture: Display: Building textures: HQ_Lightmap1_2 (AutoDXT, 1024X1024)
[2019.02.14-10.51.42:187][356]LogTexture: Display: Building textures: LQ_Lightmap_1_2 (DXT1, 1024X1024)
[2019.02.14-10.51.42:242][356]LogTexture: Display: Building textures: ShadowMapTexture2D_2 (G8, 1024X128)
[2019.02.14-10.51.42:242][356]LogTexture: Display: Building textures: ShadowMapTexture2D_3 (G8, 1024X256)
[2019.02.14-10.51.42:270][356]Lightmass on UNIT-01: 13.0 sec total, 1.45 sec importing, 297 ms setup, 2.91 sec photons, 8.32 sec processing, 0 ms extra exporting [263/263 mappings]. Threads: 58.1 sec total, 26.2 sec processing.
[2019.02.14-10.51.42:308][356]LogStaticLightingSystem: Illumination: 19.7 sec (538 ms encoding lightmaps, 50 ms encoding shadowmaps)
[2019.02.14-10.51.42:308][356]LogStaticLightingSystem: Lightmap texture memory:  3.3 MB (3.3 MB streaming, 0.0 MB non-streaming), 4 textures
[2019.02.14-10.51.42:308][356]LogStaticLightingSystem: Shadowmap texture memory: 0.5 MB (0.5 MB streaming, 0.0 MB non-streaming), 2 textures
[2019.02.14-10.51.43:203][356]DumpUnbuiltLightIteractions
[2019.02.14-10.51.43:204][356]Lights with unbuilt interactions: 0
[2019.02.14-10.51.43:204][356]
[2019.02.14-10.51.43:204][356]Primitives with unbuilt interactions: 0
[2019.02.14-10.51.43:363][357]Cmd: MAP CHECK NOTIFYRESULTS
[2019.02.14-10.51.43:364][357]MapCheck: New page: Minimal_Default - Feb 13, 2019, 6:51:43 PM
[2019.02.14-10.51.43:364][357]MapCheck: Map check complete: 0 Error(s), 0 Warning(s), took 0.91ms to complete.
[2019.02.14-10.51.44:881][519]LogSlate: Window 'Message Log' being destroyed
[2019.02.14-10.51.44:884][519]LogSlate: Window 'Message Log' being destroyed
[2019.02.14-10.51.50:120][147]LogTemp: Repeating last play command: Selected Viewport
[2019.02.14-10.51.50:132][147]LogBlueprintUserMessages: Early PlayInEditor Detection: Level '/Game/StarterContent/Maps/Minimal_Default.Minimal_Default:PersistentLevel' has LevelScriptBlueprint '/Game/StarterContent/Maps/Minimal_Default.Minimal_Default:PersistentLevel.Minimal_Default' with GeneratedClass '/Game/StarterContent/Maps/Minimal_Default.Minimal_Default_C' with ClassGeneratedBy '/Game/StarterContent/Maps/Minimal_Default.Minimal_Default:PersistentLevel.Minimal_Default'
[2019.02.14-10.51.50:132][147]LogPlayLevel: PlayLevel: No blueprints needed recompiling
[2019.02.14-10.51.50:132][147]PIE: New page: PIE session: Minimal_Default (Feb 13, 2019, 6:51:50 PM)
[2019.02.14-10.51.50:132][147]LogPlayLevel: Creating play world package: /Game/StarterContent/Maps/UEDPIE_0_Minimal_Default
[2019.02.14-10.51.50:173][147]LogPlayLevel: PIE: StaticDuplicateObject took: (0.040508s)
[2019.02.14-10.51.50:173][147]LogAIModule: Creating AISystem for world Minimal_Default
[2019.02.14-10.51.50:173][147]LogPlayLevel: PIE: World Init took: (0.000625s)
[2019.02.14-10.51.50:173][147]LogPlayLevel: PIE: Created PIE world by copying editor world from /Game/StarterContent/Maps/Minimal_Default.Minimal_Default to /Game/StarterContent/Maps/UEDPIE_0_Minimal_Default.Minimal_Default (0.041512s)
[2019.02.14-10.51.50:238][147]LogInit: XAudio2 using 'Speakers (Realtek(R) Audio)' : 2 channels at 48 kHz using 32 bits per sample (channel mask 0x3)
[2019.02.14-10.51.50:255][147]LogInit: FAudioDevice initialized.
[2019.02.14-10.51.50:290][147]LogLoad: Game class is 'BP_HSPGameGameModeBase_C'
[2019.02.14-10.51.50:296][147]LogWorld: Bringing World /Game/StarterContent/Maps/UEDPIE_0_Minimal_Default.Minimal_Default up for play (max tick rate 0) at 2019.02.14-02.51.50
[2019.02.14-10.51.50:298][147]LogWorld: Bringing up level for play took: 0.006698
[2019.02.14-10.51.50:311][147]PIE: Play in editor start time for /Game/StarterContent/Maps/UEDPIE_0_Minimal_Default -0.433
[2019.02.14-10.51.50:312][147]LogBlueprintUserMessages: Late PlayInEditor Detection: Level '/Game/StarterContent/Maps/Minimal_Default.Minimal_Default:PersistentLevel' has LevelScriptBlueprint '/Game/StarterContent/Maps/Minimal_Default.Minimal_Default:PersistentLevel.Minimal_Default' with GeneratedClass '/Game/StarterContent/Maps/Minimal_Default.Minimal_Default_C' with ClassGeneratedBy '/Game/StarterContent/Maps/Minimal_Default.Minimal_Default:PersistentLevel.Minimal_Default'
[2019.02.14-10.51.53:298][503]LogBlueprintUserMessages: Early EndPlayMap Detection: Level '/Game/StarterContent/Maps/Minimal_Default.Minimal_Default:PersistentLevel' has LevelScriptBlueprint '/Game/StarterContent/Maps/Minimal_Default.Minimal_Default:PersistentLevel.Minimal_Default' with GeneratedClass '/Game/StarterContent/Maps/Minimal_Default.Minimal_Default_C' with ClassGeneratedBy '/Game/StarterContent/Maps/Minimal_Default.Minimal_Default:PersistentLevel.Minimal_Default'
[2019.02.14-10.51.53:298][503]LogSlate: Updating window title bar state: overlay mode, drag disabled, window buttons hidden, title bar hidden
[2019.02.14-10.51.53:341][503]LogPlayLevel: Display: Shutting down PIE online subsystems
[2019.02.14-10.51.53:342][503]LogBlueprintUserMessages: Late EndPlayMap Detection: Level '/Game/StarterContent/Maps/Minimal_Default.Minimal_Default:PersistentLevel' has LevelScriptBlueprint '/Game/StarterContent/Maps/Minimal_Default.Minimal_Default:PersistentLevel.Minimal_Default' with GeneratedClass '/Game/StarterContent/Maps/Minimal_Default.Minimal_Default_C' with ClassGeneratedBy '/Game/StarterContent/Maps/Minimal_Default.Minimal_Default:PersistentLevel.Minimal_Default'
[2019.02.14-10.51.53:382][503]LogSlate: Updating window title bar state: overlay mode, drag disabled, window buttons hidden, title bar hidden
[2019.02.14-10.51.53:405][504]LogPlayLevel: Display: Destroying online subsystem :Context_2
[2019.02.14-10.51.54:078][583]LogSlate: FSceneViewport::OnFocusLost() reason 0
[2019.02.14-10.51.55:508][706]LogSlate: FSceneViewport::OnFocusLost() reason 0
[2019.02.14-10.51.55:576][714]LogTemp: Repeating last play command: Selected Viewport
[2019.02.14-10.51.55:588][714]LogBlueprintUserMessages: Early PlayInEditor Detection: Level '/Game/StarterContent/Maps/Minimal_Default.Minimal_Default:PersistentLevel' has LevelScriptBlueprint '/Game/StarterContent/Maps/Minimal_Default.Minimal_Default:PersistentLevel.Minimal_Default' with GeneratedClass '/Game/StarterContent/Maps/Minimal_Default.Minimal_Default_C' with ClassGeneratedBy '/Game/StarterContent/Maps/Minimal_Default.Minimal_Default:PersistentLevel.Minimal_Default'
[2019.02.14-10.51.55:588][714]LogPlayLevel: PlayLevel: No blueprints needed recompiling
[2019.02.14-10.51.55:589][714]PIE: New page: PIE session: Minimal_Default (Feb 13, 2019, 6:51:55 PM)
[2019.02.14-10.51.55:589][714]LogPlayLevel: Creating play world package: /Game/StarterContent/Maps/UEDPIE_0_Minimal_Default
[2019.02.14-10.51.55:630][714]LogPlayLevel: PIE: StaticDuplicateObject took: (0.041022s)
[2019.02.14-10.51.55:631][714]LogAIModule: Creating AISystem for world Minimal_Default
[2019.02.14-10.51.55:631][714]LogPlayLevel: PIE: World Init took: (0.000565s)
[2019.02.14-10.51.55:631][714]LogPlayLevel: PIE: Created PIE world by copying editor world from /Game/StarterContent/Maps/Minimal_Default.Minimal_Default to /Game/StarterContent/Maps/UEDPIE_0_Minimal_Default.Minimal_Default (0.041953s)
[2019.02.14-10.51.55:720][714]LogInit: XAudio2 using 'Speakers (Realtek(R) Audio)' : 2 channels at 48 kHz using 32 bits per sample (channel mask 0x3)
[2019.02.14-10.51.55:736][714]LogInit: FAudioDevice initialized.
[2019.02.14-10.51.55:771][714]LogLoad: Game class is 'BP_HSPGameGameModeBase_C'
[2019.02.14-10.51.55:778][714]LogWorld: Bringing World /Game/StarterContent/Maps/UEDPIE_0_Minimal_Default.Minimal_Default up for play (max tick rate 0) at 2019.02.14-02.51.55
[2019.02.14-10.51.55:780][714]LogWorld: Bringing up level for play took: 0.008051
[2019.02.14-10.51.55:794][714]PIE: Play in editor start time for /Game/StarterContent/Maps/UEDPIE_0_Minimal_Default 1.05
[2019.02.14-10.51.55:794][714]LogBlueprintUserMessages: Late PlayInEditor Detection: Level '/Game/StarterContent/Maps/Minimal_Default.Minimal_Default:PersistentLevel' has LevelScriptBlueprint '/Game/StarterContent/Maps/Minimal_Default.Minimal_Default:PersistentLevel.Minimal_Default' with GeneratedClass '/Game/StarterContent/Maps/Minimal_Default.Minimal_Default_C' with ClassGeneratedBy '/Game/StarterContent/Maps/Minimal_Default.Minimal_Default:PersistentLevel.Minimal_Default'
[2019.02.14-10.51.58:184][998]LogBlueprintUserMessages: Early EndPlayMap Detection: Level '/Game/StarterContent/Maps/Minimal_Default.Minimal_Default:PersistentLevel' has LevelScriptBlueprint '/Game/StarterContent/Maps/Minimal_Default.Minimal_Default:PersistentLevel.Minimal_Default' with GeneratedClass '/Game/StarterContent/Maps/Minimal_Default.Minimal_Default_C' with ClassGeneratedBy '/Game/StarterContent/Maps/Minimal_Default.Minimal_Default:PersistentLevel.Minimal_Default'
[2019.02.14-10.51.58:184][998]LogSlate: Updating window title bar state: overlay mode, drag disabled, window buttons hidden, title bar hidden
[2019.02.14-10.51.58:225][998]LogPlayLevel: Display: Shutting down PIE online subsystems
[2019.02.14-10.51.58:225][998]LogBlueprintUserMessages: Late EndPlayMap Detection: Level '/Game/StarterContent/Maps/Minimal_Default.Minimal_Default:PersistentLevel' has LevelScriptBlueprint '/Game/StarterContent/Maps/Minimal_Default.Minimal_Default:PersistentLevel.Minimal_Default' with GeneratedClass '/Game/StarterContent/Maps/Minimal_Default.Minimal_Default_C' with ClassGeneratedBy '/Game/StarterContent/Maps/Minimal_Default.Minimal_Default:PersistentLevel.Minimal_Default'
[2019.02.14-10.51.58:246][998]LogSlate: Updating window title bar state: overlay mode, drag disabled, window buttons hidden, title bar hidden
[2019.02.14-10.51.58:289][  0]LogPlayLevel: Display: Destroying online subsystem :Context_4
[2019.02.14-10.53.16:419][373]LogSlate: FSceneViewport::OnFocusLost() reason 2
[2019.02.14-10.53.17:224][466]LogSlate: FSceneViewport::OnFocusLost() reason 2
[2019.02.14-10.53.17:781][466]LogSavePackage: Moving 'C:/Users/gosus/Documents/CP-School/SeniorProject/gitRepos/Senior-Project-CPP-Testground/HSPGame/Saved/Minimal_DefaultB38C4B39440909F9625EA4AC2270F190.tmp' to 'C:/Users/gosus/Documents/CP-School/SeniorProject/gitRepos/Senior-Project-CPP-Testground/HSPGame/Content/StarterContent/Maps/Minimal_Default.umap'
[2019.02.14-10.53.17:814][466]LogFileHelpers: Saving map 'Minimal_Default' took 0.585
[2019.02.14-10.53.18:004][466]LogSavePackage: Moving 'C:/Users/gosus/Documents/CP-School/SeniorProject/gitRepos/Senior-Project-CPP-Testground/HSPGame/Saved/Minimal_Default_BuiltDataB815BAAB4D0B94F87D22C684F25ECBD5.tmp' to 'C:/Users/gosus/Documents/CP-School/SeniorProject/gitRepos/Senior-Project-CPP-Testground/HSPGame/Content/StarterContent/Maps/Minimal_Default_BuiltData.uasset'
[2019.02.14-10.53.18:520][527]LogSlate: FSceneViewport::OnFocusLost() reason 0
[2019.02.14-10.53.18:682][536]LogSlate: Window 'HSPGame - Unreal Editor' being destroyed
[2019.02.14-10.53.18:683][536]LogWindowsTextInputMethodSystem: Display: IME system now deactivated.
[2019.02.14-10.53.18:898][537]Cmd: QUIT_EDITOR
[2019.02.14-10.53.19:774][537]LogExit: Preparing to exit.
[2019.02.14-10.53.20:479][537]LogExit: Editor shut down
[2019.02.14-10.53.20:480][537]LogExit: Transaction tracking system shut down
[2019.02.14-10.53.20:780][537]LogExit: Object subsystem successfully closed.
[2019.02.14-10.53.20:837][537]LogShaderCompilers: Display: Shaders left to compile 0
[2019.02.14-10.53.20:844][537]LogD3D11RHI: Shutdown
[2019.02.14-10.53.20:844][537]LogD3D11RHI: CleanupD3DDevice
[2019.02.14-10.53.20:848][537]LogD3D11RHI: ~FD3D11DynamicRHI
[2019.02.14-10.53.20:871][537]LogModuleManager: Shutting down and abandoning module HierarchicalLODUtilities (630)
[2019.02.14-10.53.20:872][537]LogModuleManager: Shutting down and abandoning module MovieSceneCapture (628)
[2019.02.14-10.53.20:872][537]LogModuleManager: Shutting down and abandoning module Voice (626)
[2019.02.14-10.53.20:872][537]LogModuleManager: Shutting down and abandoning module HierarchicalLODOutliner (624)
[2019.02.14-10.53.20:872][537]LogModuleManager: Shutting down and abandoning module SceneOutliner (622)
[2019.02.14-10.53.20:872][537]LogModuleManager: Shutting down and abandoning module AddContentDialog (620)
[2019.02.14-10.53.20:874][537]LogModuleManager: Shutting down and abandoning module WidgetCarousel (619)
[2019.02.14-10.53.20:875][537]LogModuleManager: Shutting down and abandoning module EditorWidgets (616)
[2019.02.14-10.53.20:875][537]LogModuleManager: Shutting down and abandoning module CollectionManager (614)
[2019.02.14-10.53.20:875][537]LogModuleManager: Shutting down and abandoning module StatsViewer (612)
[2019.02.14-10.53.20:876][537]LogModuleManager: Shutting down and abandoning module FoliageEdit (610)
[2019.02.14-10.53.20:876][537]LogModuleManager: Shutting down and abandoning module LandscapeEditor (608)
[2019.02.14-10.53.20:876][537]LogModuleManager: Shutting down and abandoning module MeshPaintMode (606)
[2019.02.14-10.53.20:876][537]LogModuleManager: Shutting down and abandoning module SceneDepthPickerMode (604)
[2019.02.14-10.53.20:877][537]LogModuleManager: Shutting down and abandoning module ActorPickerMode (602)
[2019.02.14-10.53.20:877][537]LogModuleManager: Shutting down and abandoning module GeometryMode (600)
[2019.02.14-10.53.20:877][537]LogModuleManager: Shutting down and abandoning module TextureAlignMode (598)
[2019.02.14-10.53.20:877][537]LogModuleManager: Shutting down and abandoning module BspMode (596)
[2019.02.14-10.53.20:877][537]LogModuleManager: Shutting down and abandoning module PIEPreviewDeviceProfileSelector (594)
[2019.02.14-10.53.20:878][537]LogModuleManager: Shutting down and abandoning module SequenceRecorderSections (592)
[2019.02.14-10.53.20:878][537]LogModuleManager: Shutting down and abandoning module AutomationWorker (590)
[2019.02.14-10.53.20:878][537]LogModuleManager: Shutting down and abandoning module AudioCaptureEditor (588)
[2019.02.14-10.53.20:878][537]LogModuleManager: Shutting down and abandoning module MatineeToLevelSequence (586)
[2019.02.14-10.53.20:878][537]LogModuleManager: Shutting down and abandoning module LevelSequenceEditor (584)
[2019.02.14-10.53.20:879][537]LogModuleManager: Shutting down and abandoning module PlacementMode (583)
[2019.02.14-10.53.20:879][537]LogModuleManager: Shutting down and abandoning module MaterialEditor (582)
[2019.02.14-10.53.20:879][537]LogModuleManager: Shutting down and abandoning module WmfMediaFactory (578)
[2019.02.14-10.53.20:879][537]LogModuleManager: Shutting down and abandoning module WmfMediaEditor (576)
[2019.02.14-10.53.20:879][537]LogModuleManager: Shutting down and abandoning module WebMMediaFactory (574)
[2019.02.14-10.53.20:880][537]LogModuleManager: Shutting down and abandoning module WebMMediaEditor (572)
[2019.02.14-10.53.20:880][537]LogModuleManager: Shutting down and abandoning module WebMMedia (570)
[2019.02.14-10.53.20:880][537]LogModuleManager: Shutting down and abandoning module MediaPlayerEditor (568)
[2019.02.14-10.53.20:881][537]LogModuleManager: Shutting down and abandoning module MediaCompositingEditor (566)
[2019.02.14-10.53.20:881][537]LogModuleManager: Shutting down and abandoning module SequenceRecorder (565)
[2019.02.14-10.53.20:881][537]LogModuleManager: Shutting down and abandoning module OpenExrWrapper (562)
[2019.02.14-10.53.20:882][537]LogModuleManager: Shutting down and abandoning module ImgMediaFactory (560)
[2019.02.14-10.53.20:882][537]LogModuleManager: Shutting down and abandoning module ImgMediaEditor (558)
[2019.02.14-10.53.20:882][537]LogModuleManager: Shutting down and abandoning module AvfMediaFactory (556)