Log file open, 02/13/19 16:23:18
LogWindows: Failed to load 'aqProf.dll' (GetLastError=126)
LogWindows: File 'aqProf.dll' does not exist
LogWindows: Failed to load 'VtuneApi.dll' (GetLastError=126)
LogWindows: File 'VtuneApi.dll' does not exist
LogWindows: Failed to load 'VtuneApi32e.dll' (GetLastError=126)
LogWindows: File 'VtuneApi32e.dll' does not exist
LogConsoleResponse: Display: Failed to find resolution value strings in scalability ini. Falling back to default.
LogInit: Display: Running engine for game: HSPGame
LogPakFile: Registered encryption key '00000000000000000000000000000000': 0 pak files mounted, 0 remain pending
LogPlatformFile: Not using cached read wrapper
LogTaskGraph: Started task graph with 5 named threads and 35 total threads with 3 sets of task threads.
LogStats: Stats thread started at 1.330501
LogD3D11RHI: Loaded GFSDK_Aftermath_Lib.x64.dll
LogICUInternationalization: ICU TimeZone Detection - Raw Offset: -8:00, Platform Override: ''
LogPluginManager: Mounting plugin Paper2D
LogPluginManager: Mounting plugin AISupport
LogPluginManager: Mounting plugin LightPropagationVolume
LogPluginManager: Mounting plugin ActorLayerUtilities
LogPluginManager: Mounting plugin CLionSourceCodeAccess
LogPluginManager: Mounting plugin CodeLiteSourceCodeAccess
LogPluginManager: Mounting plugin GitSourceControl
LogPluginManager: Mounting plugin KDevelopSourceCodeAccess
LogPluginManager: Mounting plugin NullSourceCodeAccess
LogPluginManager: Mounting plugin PerforceSourceControl
LogPluginManager: Mounting plugin SubversionSourceControl
LogPluginManager: Mounting plugin UObjectPlugin
LogPluginManager: Mounting plugin VisualStudioCodeSourceCodeAccess
LogPluginManager: Mounting plugin VisualStudioSourceCodeAccess
LogPluginManager: Mounting plugin XCodeSourceCodeAccess
LogPluginManager: Mounting plugin AssetManagerEditor
LogPluginManager: Mounting plugin CryptoKeys
LogPluginManager: Mounting plugin DataValidation
LogPluginManager: Mounting plugin FacialAnimation
LogPluginManager: Mounting plugin GameplayTagsEditor
LogPluginManager: Mounting plugin MacGraphicsSwitching
LogPluginManager: Mounting plugin MeshEditor
LogPluginManager: Mounting plugin MobileLauncherProfileWizard
LogPluginManager: Mounting plugin PluginBrowser
LogPluginManager: Mounting plugin SpeedTreeImporter
LogPluginManager: Mounting plugin DatasmithContent
LogPluginManager: Mounting plugin VariantManagerContent
LogPluginManager: Mounting plugin AlembicImporter
LogPluginManager: Mounting plugin AppleImageUtils
LogPluginManager: Mounting plugin AppleVision
LogPluginManager: Mounting plugin BackChannel
LogPluginManager: Mounting plugin CharacterAI
LogPluginManager: Mounting plugin GeometryCache
LogPluginManager: Mounting plugin HTML5Networking
LogPluginManager: Mounting plugin ProxyLODPlugin
LogPluginManager: Mounting plugin MagicLeap
LogPluginManager: Mounting plugin MagicLeapMedia
LogPluginManager: Mounting plugin AndroidMedia
LogPluginManager: Mounting plugin AvfMedia
LogPluginManager: Mounting plugin ImgMedia
LogPluginManager: Mounting plugin LinearTimecode
LogPluginManager: Mounting plugin MediaCompositing
LogPluginManager: Mounting plugin MediaPlayerEditor
LogPluginManager: Mounting plugin WebMMedia
LogPluginManager: Mounting plugin WmfMedia
LogPluginManager: Mounting plugin TcpMessaging
LogPluginManager: Mounting plugin UdpMessaging
LogPluginManager: Mounting plugin ActorSequence
LogPluginManager: Mounting plugin LevelSequenceEditor
LogPluginManager: Mounting plugin MatineeToLevelSequence
LogPluginManager: Mounting plugin NetcodeUnitTest
LogPluginManager: Mounting plugin NUTUnrealEngine4
LogPluginManager: Mounting plugin OnlineSubsystemGooglePlay
LogPluginManager: Mounting plugin OnlineSubsystemIOS
LogPluginManager: Mounting plugin OnlineSubsystem
LogPluginManager: Mounting plugin OnlineSubsystemNull
LogPluginManager: Mounting plugin OnlineSubsystemUtils
LogPluginManager: Mounting plugin LauncherChunkInstaller
LogPluginManager: Mounting plugin AndroidDeviceProfileSelector
LogPluginManager: Mounting plugin AndroidMoviePlayer
LogPluginManager: Mounting plugin AndroidPermission
LogPluginManager: Mounting plugin AppleMoviePlayer
LogPluginManager: Mounting plugin ArchVisCharacter
LogPluginManager: Mounting plugin AudioCapture
LogPluginManager: Mounting plugin CableComponent
LogPluginManager: Mounting plugin CustomMeshComponent
LogPluginManager: Mounting plugin EditableMesh
LogPluginManager: Mounting plugin ExampleDeviceProfileSelector
LogPluginManager: Mounting plugin Firebase
LogPluginManager: Mounting plugin GoogleCloudMessaging
LogPluginManager: Mounting plugin IOSDeviceProfileSelector
LogPluginManager: Mounting plugin LinuxDeviceProfileSelector
LogPluginManager: Mounting plugin LocationServicesBPLibrary
LogPluginManager: Mounting plugin MobilePatchingUtils
LogPluginManager: Mounting plugin OculusVR
LogPluginManager: Mounting plugin PhysXVehicles
LogPluginManager: Mounting plugin ProceduralMeshComponent
LogPluginManager: Mounting plugin RuntimePhysXCooking
LogPluginManager: Mounting plugin SteamVR
LogPluginManager: Mounting plugin WebMMoviePlayer
LogPluginManager: Mounting plugin WindowsMoviePlayer
LogStreaming: Display: Took  0.140s to configure plugins.
LogInit: Using libcurl 7.55.1-DEV
LogInit:  - built for x86_64-pc-win32
LogInit:  - supports SSL with OpenSSL/1.0.2h
LogInit:  - supports HTTP deflate (compression) using libz 1.2.8
LogInit:  - other features:
LogInit:      CURL_VERSION_SSL
LogInit:      CURL_VERSION_LIBZ
LogInit:      CURL_VERSION_IPV6
LogInit:      CURL_VERSION_ASYNCHDNS
LogInit:      CURL_VERSION_LARGEFILE
LogInit:      CURL_VERSION_IDN
LogInit:  CurlRequestOptions (configurable via config and command line):
LogInit:  - bVerifyPeer = true  - Libcurl will verify peer certificate
LogInit:  - bUseHttpProxy = false  - Libcurl will NOT use HTTP proxy
LogInit:  - bDontReuseConnections = false  - Libcurl will reuse connections
LogInit:  - MaxHostConnections = 16  - Libcurl will limit the number of connections to a host
LogInit:  - LocalHostAddr = Default
LogInit:  - BufferSize = 65536
LogInit: WinSock: version 1.1 (2.2), MaxSocks=32767, MaxUdp=65467
LogInit: Build: ++UE4+Release-4.21-CL-4753647
LogInit: Engine Version: 4.21.2-4753647+++UE4+Release-4.21
LogInit: Compatible Engine Version: 4.21.0-4541578+++UE4+Release-4.21
LogInit: Net CL: 4541578
LogInit: OS: Windows 10 (), CPU: Intel(R) Core(TM) i7-8750H CPU @ 2.20GHz, GPU: Intel(R) UHD Graphics 630
LogInit: Compiled (64-bit): Jan 19 2019 02:07:31
LogInit: Compiled with Visual C++: 19.13.26129.00
LogInit: Build Configuration: Development
LogInit: Branch Name: ++UE4+Release-4.21
LogInit: Command Line:  -skipcompile
LogInit: Base Directory: C:/Program Files/Epic Games/UE_4.21/Engine/Binaries/Win64/
LogInit: Installed Engine Build: 1
LogDevObjectVersion: Number of dev versions registered: 22
LogDevObjectVersion:   Dev-Blueprints (B0D832E4-1F89-4F0D-ACCF-7EB736FD4AA2): 10
LogDevObjectVersion:   Dev-Build (E1C64328-A22C-4D53-A36C-8E866417BD8C): 0
LogDevObjectVersion:   Dev-Core (375EC13C-06E4-48FB-B500-84F0262A717E): 2
LogDevObjectVersion:   Dev-Editor (E4B068ED-F494-42E9-A231-DA0B2E46BB41): 26
LogDevObjectVersion:   Dev-Framework (CFFC743F-43B0-4480-9391-14DF171D2073): 34
LogDevObjectVersion:   Dev-Mobile (B02B49B5-BB20-44E9-A304-32B752E40360): 2
LogDevObjectVersion:   Dev-Networking (A4E4105C-59A1-49B5-A7C5-40C4547EDFEE): 0
LogDevObjectVersion:   Dev-Online (39C831C9-5AE6-47DC-9A44-9C173E1C8E7C): 0
LogDevObjectVersion:   Dev-Physics (78F01B33-EBEA-4F98-B9B4-84EACCB95AA2): 0
LogDevObjectVersion:   Dev-Platform (6631380F-2D4D-43E0-8009-CF276956A95A): 0
LogDevObjectVersion:   Dev-Rendering (12F88B9F-8875-4AFC-A67C-D90C383ABD29): 27
LogDevObjectVersion:   Dev-Sequencer (7B5AE74C-D270-4C10-A958-57980B212A5A): 9
LogDevObjectVersion:   Dev-VR (D7296918-1DD6-4BDD-9DE2-64A83CC13884): 2
LogDevObjectVersion:   Dev-LoadTimes (C2A15278-BFE7-4AFE-6C17-90FF531DF755): 1
LogDevObjectVersion:   Private-Geometry (6EACA3D4-40EC-4CC1-B786-8BED09428FC5): 3
LogDevObjectVersion:   Dev-AnimPhys (29E575DD-E0A3-4627-9D10-D276232CDCEA): 17
LogDevObjectVersion:   Dev-Anim (AF43A65D-7FD3-4947-9873-3E8ED9C1BB05): 2
LogDevObjectVersion:   Dev-ReflectionCapture (6B266CEC-1EC7-4B8F-A30B-E4D90942FC07): 1
LogDevObjectVersion:   Dev-Automation (0DF73D61-A23F-47EA-B727-89E90C41499A): 1
LogDevObjectVersion:   FortniteMain (601D1886-AC64-4F84-AA16-D3DE0DEAC7D6): 17
LogDevObjectVersion:   Dev-Enterprise (9DFFBCD6-494F-0158-E221-12823C92A888): 4
LogDevObjectVersion:   Dev-Niagara (F2AED0AC-9AFE-416F-8664-AA7FFA26D6FC): 1
LogStreaming: Display: Took  0.003s to delete old logs.
LogInit: Presizing for max 8388607 objects, including 0 objects not considered by GC, pre-allocating 0 bytes for permanent pool.
LogInit: Object subsystem initialized
LogConfig: Setting CVar [[con.DebugEarlyDefault:1]]
LogConfig: Setting CVar [[r.setres:1280x720]]
[2019.02.14-00.23.20:126][  0]LogConfig: Setting CVar [[r.VSync:0]]
[2019.02.14-00.23.20:126][  0]LogConfig: Setting CVar [[r.RHICmdBypass:0]]
[2019.02.14-00.23.20:126][  0]LogConfig: Applying CVar settings from Section [/Script/Engine.RendererSettings] File [C:/Users/Connor/Documents/CP-School/Senior Project/GitRepos/Senior-Project-Prototype3/HSPGame/Saved/Config/Windows/Engine.ini]
[2019.02.14-00.23.20:126][  0]LogConfig: Setting CVar [[r.GPUCrashDebugging:0]]
[2019.02.14-00.23.20:126][  0]LogConfig: Applying CVar settings from Section [/Script/Engine.RendererOverrideSettings] File [C:/Users/Connor/Documents/CP-School/Senior Project/GitRepos/Senior-Project-Prototype3/HSPGame/Saved/Config/Windows/Engine.ini]
[2019.02.14-00.23.20:127][  0]LogConfig: Applying CVar settings from Section [/Script/Engine.StreamingSettings] File [C:/Users/Connor/Documents/CP-School/Senior Project/GitRepos/Senior-Project-Prototype3/HSPGame/Saved/Config/Windows/Engine.ini]
[2019.02.14-00.23.20:127][  0]LogConfig: Setting CVar [[s.MinBulkDataSizeForAsyncLoading:131072]]
[2019.02.14-00.23.20:127][  0]LogConfig: Setting CVar [[s.AsyncLoadingThreadEnabled:0]]
[2019.02.14-00.23.20:127][  0]LogConfig: Setting CVar [[s.EventDrivenLoaderEnabled:1]]
[2019.02.14-00.23.20:127][  0]LogConfig: Setting CVar [[s.WarnIfTimeLimitExceeded:0]]
[2019.02.14-00.23.20:127][  0]LogConfig: Setting CVar [[s.TimeLimitExceededMultiplier:1.5]]
[2019.02.14-00.23.20:127][  0]LogConfig: Setting CVar [[s.TimeLimitExceededMinTime:0.005]]
[2019.02.14-00.23.20:127][  0]LogConfig: Setting CVar [[s.UseBackgroundLevelStreaming:1]]
[2019.02.14-00.23.20:127][  0]LogConfig: Setting CVar [[s.PriorityAsyncLoadingExtraTime:15.0]]
[2019.02.14-00.23.20:127][  0]LogConfig: Setting CVar [[s.LevelStreamingActorsUpdateTimeLimit:5.0]]
[2019.02.14-00.23.20:127][  0]LogConfig: Setting CVar [[s.PriorityLevelStreamingActorsUpdateExtraTime:5.0]]
[2019.02.14-00.23.20:128][  0]LogConfig: Setting CVar [[s.LevelStreamingComponentsRegistrationGranularity:10]]
[2019.02.14-00.23.20:128][  0]LogConfig: Setting CVar [[s.UnregisterComponentsTimeLimit:1.0]]
[2019.02.14-00.23.20:128][  0]LogConfig: Setting CVar [[s.LevelStreamingComponentsUnregistrationGranularity:5]]
[2019.02.14-00.23.20:128][  0]LogConfig: Applying CVar settings from Section [/Script/Engine.GarbageCollectionSettings] File [C:/Users/Connor/Documents/CP-School/Senior Project/GitRepos/Senior-Project-Prototype3/HSPGame/Saved/Config/Windows/Engine.ini]
[2019.02.14-00.23.20:128][  0]LogConfig: Setting CVar [[gc.MaxObjectsNotConsideredByGC:1]]
[2019.02.14-00.23.20:128][  0]LogConfig: Setting CVar [[gc.SizeOfPermanentObjectPool:0]]
[2019.02.14-00.23.20:128][  0]LogConfig: Setting CVar [[gc.FlushStreamingOnGC:0]]
[2019.02.14-00.23.20:128][  0]LogConfig: Setting CVar [[gc.NumRetriesBeforeForcingGC:10]]
[2019.02.14-00.23.20:128][  0]LogConfig: Setting CVar [[gc.AllowParallelGC:1]]
[2019.02.14-00.23.20:128][  0]LogConfig: Setting CVar [[gc.TimeBetweenPurgingPendingKillObjects:61.1]]
[2019.02.14-00.23.20:129][  0]LogConfig: Setting CVar [[gc.MaxObjectsInEditor:8388607]]
[2019.02.14-00.23.20:129][  0]LogConfig: Setting CVar [[gc.IncrementalBeginDestroyEnabled:1]]
[2019.02.14-00.23.20:129][  0]LogConfig: Setting CVar [[gc.CreateGCClusters:1]]
[2019.02.14-00.23.20:129][  0]LogConfig: Setting CVar [[gc.MergeGCClusters:0]]
[2019.02.14-00.23.20:129][  0]LogConfig: Setting CVar [[gc.MinGCClusterSize:5]]
[2019.02.14-00.23.20:129][  0]LogConfig: Setting CVar [[gc.ActorClusteringEnabled:0]]
[2019.02.14-00.23.20:129][  0]LogConfig: Setting CVar [[gc.BlueprintClusteringEnabled:0]]
[2019.02.14-00.23.20:129][  0]LogConfig: Setting CVar [[gc.UseDisregardForGCOnDedicatedServers:0]]
[2019.02.14-00.23.20:129][  0]LogConfig: Applying CVar settings from Section [/Script/Engine.NetworkSettings] File [C:/Users/Connor/Documents/CP-School/Senior Project/GitRepos/Senior-Project-Prototype3/HSPGame/Saved/Config/Windows/Engine.ini]
[2019.02.14-00.23.20:129][  0]LogConfig: Applying CVar settings from Section [/Script/UnrealEd.CookerSettings] File [C:/Users/Connor/Documents/CP-School/Senior Project/GitRepos/Senior-Project-Prototype3/HSPGame/Saved/Config/Windows/Engine.ini]
[2019.02.14-00.23.20:141][  0]LogConfig: Applying CVar settings from Section [ViewDistanceQuality@3] File [C:/Users/Connor/Documents/CP-School/Senior Project/GitRepos/Senior-Project-Prototype3/HSPGame/Saved/Config/Windows/Scalability.ini]
[2019.02.14-00.23.20:141][  0]LogConfig: Setting CVar [[r.SkeletalMeshLODBias:0]]
[2019.02.14-00.23.20:141][  0]LogConfig: Setting CVar [[r.ViewDistanceScale:1.0]]
[2019.02.14-00.23.20:141][  0]LogConfig: Applying CVar settings from Section [AntiAliasingQuality@3] File [C:/Users/Connor/Documents/CP-School/Senior Project/GitRepos/Senior-Project-Prototype3/HSPGame/Saved/Config/Windows/Scalability.ini]
[2019.02.14-00.23.20:141][  0]LogConfig: Setting CVar [[r.PostProcessAAQuality:4]]
[2019.02.14-00.23.20:141][  0]LogConfig: Applying CVar settings from Section [ShadowQuality@3] File [C:/Users/Connor/Documents/CP-School/Senior Project/GitRepos/Senior-Project-Prototype3/HSPGame/Saved/Config/Windows/Scalability.ini]
[2019.02.14-00.23.20:141][  0]LogConfig: Setting CVar [[r.LightFunctionQuality:1]]
[2019.02.14-00.23.20:141][  0]LogConfig: Setting CVar [[r.ShadowQuality:5]]
[2019.02.14-00.23.20:141][  0]LogConfig: Setting CVar [[r.Shadow.CSM.MaxCascades:10]]
[2019.02.14-00.23.20:141][  0]LogConfig: Setting CVar [[r.Shadow.MaxResolution:2048]]
[2019.02.14-00.23.20:141][  0]LogConfig: Setting CVar [[r.Shadow.MaxCSMResolution:2048]]
[2019.02.14-00.23.20:142][  0]LogConfig: Setting CVar [[r.Shadow.RadiusThreshold:0.01]]
[2019.02.14-00.23.20:142][  0]LogConfig: Setting CVar [[r.Shadow.DistanceScale:1.0]]
[2019.02.14-00.23.20:142][  0]LogConfig: Setting CVar [[r.Shadow.CSM.TransitionScale:1.0]]
[2019.02.14-00.23.20:142][  0]LogConfig: Setting CVar [[r.Shadow.PreShadowResolutionFactor:1.0]]
[2019.02.14-00.23.20:142][  0]LogConfig: Setting CVar [[r.DistanceFieldShadowing:1]]
[2019.02.14-00.23.20:142][  0]LogConfig: Setting CVar [[r.DistanceFieldAO:1]]
[2019.02.14-00.23.20:142][  0]LogConfig: Setting CVar [[r.AOQuality:2]]
[2019.02.14-00.23.20:142][  0]LogConfig: Setting CVar [[r.VolumetricFog:1]]
[2019.02.14-00.23.20:142][  0]LogConfig: Setting CVar [[r.VolumetricFog.GridPixelSize:8]]
[2019.02.14-00.23.20:142][  0]LogConfig: Setting CVar [[r.VolumetricFog.GridSizeZ:128]]
[2019.02.14-00.23.20:142][  0]LogConfig: Setting CVar [[r.VolumetricFog.HistoryMissSupersampleCount:4]]
[2019.02.14-00.23.20:142][  0]LogConfig: Setting CVar [[r.LightMaxDrawDistanceScale:1]]
[2019.02.14-00.23.20:142][  0]LogConfig: Setting CVar [[r.CapsuleShadows:1]]
[2019.02.14-00.23.20:142][  0]LogConfig: Applying CVar settings from Section [PostProcessQuality@3] File [C:/Users/Connor/Documents/CP-School/Senior Project/GitRepos/Senior-Project-Prototype3/HSPGame/Saved/Config/Windows/Scalability.ini]
[2019.02.14-00.23.20:142][  0]LogConfig: Setting CVar [[r.MotionBlurQuality:4]]
[2019.02.14-00.23.20:142][  0]LogConfig: Setting CVar [[r.AmbientOcclusionMipLevelFactor:0.4]]
[2019.02.14-00.23.20:143][  0]LogConfig: Setting CVar [[r.AmbientOcclusionMaxQuality:100]]
[2019.02.14-00.23.20:143][  0]LogConfig: Setting CVar [[r.AmbientOcclusionLevels:-1]]
[2019.02.14-00.23.20:143][  0]LogConfig: Setting CVar [[r.AmbientOcclusionRadiusScale:1.0]]
[2019.02.14-00.23.20:143][  0]LogConfig: Setting CVar [[r.DepthOfFieldQuality:2]]
[2019.02.14-00.23.20:143][  0]LogConfig: Setting CVar [[r.RenderTargetPoolMin:400]]
[2019.02.14-00.23.20:143][  0]LogConfig: Setting CVar [[r.LensFlareQuality:2]]
[2019.02.14-00.23.20:143][  0]LogConfig: Setting CVar [[r.SceneColorFringeQuality:1]]
[2019.02.14-00.23.20:143][  0]LogConfig: Setting CVar [[r.EyeAdaptationQuality:2]]
[2019.02.14-00.23.20:143][  0]LogConfig: Setting CVar [[r.BloomQuality:5]]
[2019.02.14-00.23.20:143][  0]LogConfig: Setting CVar [[r.FastBlurThreshold:100]]
[2019.02.14-00.23.20:143][  0]LogConfig: Setting CVar [[r.Upscale.Quality:3]]
[2019.02.14-00.23.20:143][  0]LogConfig: Setting CVar [[r.Tonemapper.GrainQuantization:1]]
[2019.02.14-00.23.20:143][  0]LogConfig: Setting CVar [[r.LightShaftQuality:1]]
[2019.02.14-00.23.20:143][  0]LogConfig: Setting CVar [[r.Filter.SizeScale:1]]
[2019.02.14-00.23.20:143][  0]LogConfig: Setting CVar [[r.Tonemapper.Quality:5]]
[2019.02.14-00.23.20:143][  0]LogConfig: Setting CVar [[r.DOF.Gather.AccumulatorQuality:1        ; higher gathering accumulator quality]]
[2019.02.14-00.23.20:143][  0]LogConfig: Setting CVar [[r.DOF.Gather.PostfilterMethod:1          ; Median3x3 postfilering method]]
[2019.02.14-00.23.20:143][  0]LogConfig: Setting CVar [[r.DOF.Gather.EnableBokehSettings:0       ; no bokeh simulation when gathering]]
[2019.02.14-00.23.20:144][  0]LogConfig: Setting CVar [[r.DOF.Gather.RingCount:4                 ; medium number of samples when gathering]]
[2019.02.14-00.23.20:144][  0]LogConfig: Setting CVar [[r.DOF.Scatter.ForegroundCompositing:1    ; additive foreground scattering]]
[2019.02.14-00.23.20:144][  0]LogConfig: Setting CVar [[r.DOF.Scatter.BackgroundCompositing:2    ; additive background scattering]]
[2019.02.14-00.23.20:144][  0]LogConfig: Setting CVar [[r.DOF.Scatter.EnableBokehSettings:1      ; bokeh simulation when scattering]]
[2019.02.14-00.23.20:144][  0]LogConfig: Setting CVar [[r.DOF.Scatter.MaxSpriteRatio:0.1         ; only a maximum of 10% of scattered bokeh]]
[2019.02.14-00.23.20:144][  0]LogConfig: Setting CVar [[r.DOF.Recombine.Quality:1                ; cheap slight out of focus]]
[2019.02.14-00.23.20:144][  0]LogConfig: Setting CVar [[r.DOF.Recombine.EnableBokehSettings:0    ; no bokeh simulation on slight out of focus]]
[2019.02.14-00.23.20:144][  0]LogConfig: Setting CVar [[r.DOF.TemporalAAQuality:1                ; more stable temporal accumulation]]
[2019.02.14-00.23.20:144][  0]LogConfig: Setting CVar [[r.DOF.Kernel.MaxForegroundRadius:0.025]]
[2019.02.14-00.23.20:144][  0]LogConfig: Setting CVar [[r.DOF.Kernel.MaxBackgroundRadius:0.025]]
[2019.02.14-00.23.20:144][  0]LogConfig: Applying CVar settings from Section [TextureQuality@3] File [C:/Users/Connor/Documents/CP-School/Senior Project/GitRepos/Senior-Project-Prototype3/HSPGame/Saved/Config/Windows/Scalability.ini]
[2019.02.14-00.23.20:144][  0]LogConfig: Setting CVar [[r.Streaming.MipBias:0]]
[2019.02.14-00.23.20:144][  0]LogConfig: Setting CVar [[r.Streaming.AmortizeCPUToGPUCopy:0]]
[2019.02.14-00.23.20:144][  0]LogConfig: Setting CVar [[r.Streaming.MaxNumTexturesToStreamPerFrame:0]]
[2019.02.14-00.23.20:144][  0]LogConfig: Setting CVar [[r.Streaming.Boost:1]]
[2019.02.14-00.23.20:144][  0]LogConfig: Setting CVar [[r.MaxAnisotropy:8]]
[2019.02.14-00.23.20:144][  0]LogConfig: Setting CVar [[r.Streaming.LimitPoolSizeToVRAM:0]]
[2019.02.14-00.23.20:144][  0]LogConfig: Setting CVar [[r.Streaming.PoolSize:1000]]
[2019.02.14-00.23.20:144][  0]LogConfig: Setting CVar [[r.Streaming.MaxEffectiveScreenSize:0]]
[2019.02.14-00.23.20:144][  0]LogConfig: Applying CVar settings from Section [EffectsQuality@3] File [C:/Users/Connor/Documents/CP-School/Senior Project/GitRepos/Senior-Project-Prototype3/HSPGame/Saved/Config/Windows/Scalability.ini]
[2019.02.14-00.23.20:145][  0]LogConfig: Setting CVar [[r.TranslucencyLightingVolumeDim:64]]
[2019.02.14-00.23.20:145][  0]LogConfig: Setting CVar [[r.RefractionQuality:2]]
[2019.02.14-00.23.20:145][  0]LogConfig: Setting CVar [[r.SSR.Quality:3]]
[2019.02.14-00.23.20:145][  0]LogConfig: Setting CVar [[r.SceneColorFormat:4]]
[2019.02.14-00.23.20:145][  0]LogConfig: Setting CVar [[r.DetailMode:2]]
[2019.02.14-00.23.20:145][  0]LogConfig: Setting CVar [[r.TranslucencyVolumeBlur:1]]
[2019.02.14-00.23.20:145][  0]LogConfig: Setting CVar [[r.MaterialQualityLevel:1 ; High quality]]
[2019.02.14-00.23.20:145][  0]LogConfig: Setting CVar [[r.SSS.Scale:1]]
[2019.02.14-00.23.20:145][  0]LogConfig: Setting CVar [[r.SSS.SampleSet:2]]
[2019.02.14-00.23.20:145][  0]LogConfig: Setting CVar [[r.SSS.Quality:1]]
[2019.02.14-00.23.20:145][  0]LogConfig: Setting CVar [[r.SSS.HalfRes:1]]
[2019.02.14-00.23.20:145][  0]LogConfig: Setting CVar [[r.EmitterSpawnRateScale:1.0]]
[2019.02.14-00.23.20:145][  0]LogConfig: Setting CVar [[r.ParticleLightQuality:2]]
[2019.02.14-00.23.20:145][  0]LogConfig: Applying CVar settings from Section [FoliageQuality@3] File [C:/Users/Connor/Documents/CP-School/Senior Project/GitRepos/Senior-Project-Prototype3/HSPGame/Saved/Config/Windows/Scalability.ini]
[2019.02.14-00.23.20:145][  0]LogConfig: Setting CVar [[foliage.DensityScale:1.0]]
[2019.02.14-00.23.20:145][  0]LogConfig: Setting CVar [[grass.DensityScale:1.0]]
[2019.02.14-00.23.20:147][  0]LogInit: Selected Device Profile: [Windows]
[2019.02.14-00.23.20:148][  0]LogInit: Applying CVar settings loaded from the selected device profile: [Windows]
[2019.02.14-00.23.20:168][  0]LogHAL: Display: Platform has ~ 16 GB [17015799808 / 17179869184 / 16], which maps to Larger [LargestMinGB=32, LargerMinGB=12, DefaultMinGB=8, SmallerMinGB=6, SmallestMinGB=0)
[2019.02.14-00.23.20:170][  0]LogConfig: Setting CVar [[r.Vulkan.UseRealUBs:1]]
[2019.02.14-00.23.20:171][  0]LogInit: Going up to parent DeviceProfile []
[2019.02.14-00.23.20:171][  0]LogConfig: Applying CVar settings from Section [ViewDistanceQuality@3] File [C:/Users/Connor/Documents/CP-School/Senior Project/GitRepos/Senior-Project-Prototype3/HSPGame/Saved/Config/Windows/Scalability.ini]
[2019.02.14-00.23.20:171][  0]LogConfig: Setting CVar [[r.SkeletalMeshLODBias:0]]
[2019.02.14-00.23.20:171][  0]LogConfig: Setting CVar [[r.ViewDistanceScale:1.0]]
[2019.02.14-00.23.20:171][  0]LogConfig: Applying CVar settings from Section [AntiAliasingQuality@3] File [C:/Users/Connor/Documents/CP-School/Senior Project/GitRepos/Senior-Project-Prototype3/HSPGame/Saved/Config/Windows/Scalability.ini]
[2019.02.14-00.23.20:171][  0]LogConfig: Setting CVar [[r.PostProcessAAQuality:4]]
[2019.02.14-00.23.20:171][  0]LogConfig: Applying CVar settings from Section [ShadowQuality@3] File [C:/Users/Connor/Documents/CP-School/Senior Project/GitRepos/Senior-Project-Prototype3/HSPGame/Saved/Config/Windows/Scalability.ini]
[2019.02.14-00.23.20:171][  0]LogConfig: Setting CVar [[r.LightFunctionQuality:1]]
[2019.02.14-00.23.20:172][  0]LogConfig: Setting CVar [[r.ShadowQuality:5]]
[2019.02.14-00.23.20:172][  0]LogConfig: Setting CVar [[r.Shadow.CSM.MaxCascades:10]]
[2019.02.14-00.23.20:172][  0]LogConfig: Setting CVar [[r.Shadow.MaxResolution:2048]]
[2019.02.14-00.23.20:172][  0]LogConfig: Setting CVar [[r.Shadow.MaxCSMResolution:2048]]
[2019.02.14-00.23.20:172][  0]LogConfig: Setting CVar [[r.Shadow.RadiusThreshold:0.01]]
[2019.02.14-00.23.20:172][  0]LogConfig: Setting CVar [[r.Shadow.DistanceScale:1.0]]
[2019.02.14-00.23.20:172][  0]LogConfig: Setting CVar [[r.Shadow.CSM.TransitionScale:1.0]]
[2019.02.14-00.23.20:172][  0]LogConfig: Setting CVar [[r.Shadow.PreShadowResolutionFactor:1.0]]
[2019.02.14-00.23.20:172][  0]LogConfig: Setting CVar [[r.DistanceFieldShadowing:1]]
[2019.02.14-00.23.20:172][  0]LogConfig: Setting CVar [[r.DistanceFieldAO:1]]
[2019.02.14-00.23.20:172][  0]LogConfig: Setting CVar [[r.AOQuality:2]]
[2019.02.14-00.23.20:173][  0]LogConfig: Setting CVar [[r.VolumetricFog:1]]
[2019.02.14-00.23.20:173][  0]LogConfig: Setting CVar [[r.VolumetricFog.GridPixelSize:8]]
[2019.02.14-00.23.20:173][  0]LogConfig: Setting CVar [[r.VolumetricFog.GridSizeZ:128]]
[2019.02.14-00.23.20:173][  0]LogConfig: Setting CVar [[r.VolumetricFog.HistoryMissSupersampleCount:4]]
[2019.02.14-00.23.20:173][  0]LogConfig: Setting CVar [[r.LightMaxDrawDistanceScale:1]]
[2019.02.14-00.23.20:173][  0]LogConfig: Setting CVar [[r.CapsuleShadows:1]]
[2019.02.14-00.23.20:173][  0]LogConfig: Applying CVar settings from Section [PostProcessQuality@3] File [C:/Users/Connor/Documents/CP-School/Senior Project/GitRepos/Senior-Project-Prototype3/HSPGame/Saved/Config/Windows/Scalability.ini]
[2019.02.14-00.23.20:173][  0]LogConfig: Setting CVar [[r.MotionBlurQuality:4]]
[2019.02.14-00.23.20:173][  0]LogConfig: Setting CVar [[r.AmbientOcclusionMipLevelFactor:0.4]]
[2019.02.14-00.23.20:173][  0]LogConfig: Setting CVar [[r.AmbientOcclusionMaxQuality:100]]
[2019.02.14-00.23.20:173][  0]LogConfig: Setting CVar [[r.AmbientOcclusionLevels:-1]]
[2019.02.14-00.23.20:173][  0]LogConfig: Setting CVar [[r.AmbientOcclusionRadiusScale:1.0]]
[2019.02.14-00.23.20:174][  0]LogConfig: Setting CVar [[r.DepthOfFieldQuality:2]]
[2019.02.14-00.23.20:174][  0]LogConfig: Setting CVar [[r.RenderTargetPoolMin:400]]
[2019.02.14-00.23.20:174][  0]LogConfig: Setting CVar [[r.LensFlareQuality:2]]
[2019.02.14-00.23.20:174][  0]LogConfig: Setting CVar [[r.SceneColorFringeQuality:1]]
[2019.02.14-00.23.20:174][  0]LogConfig: Setting CVar [[r.EyeAdaptationQuality:2]]
[2019.02.14-00.23.20:174][  0]LogConfig: Setting CVar [[r.BloomQuality:5]]
[2019.02.14-00.23.20:174][  0]LogConfig: Setting CVar [[r.FastBlurThreshold:100]]
[2019.02.14-00.23.20:174][  0]LogConfig: Setting CVar [[r.Upscale.Quality:3]]
[2019.02.14-00.23.20:174][  0]LogConfig: Setting CVar [[r.Tonemapper.GrainQuantization:1]]
[2019.02.14-00.23.20:174][  0]LogConfig: Setting CVar [[r.LightShaftQuality:1]]
[2019.02.14-00.23.20:175][  0]LogConfig: Setting CVar [[r.Filter.SizeScale:1]]
[2019.02.14-00.23.20:175][  0]LogConfig: Setting CVar [[r.Tonemapper.Quality:5]]
[2019.02.14-00.23.20:175][  0]LogConfig: Setting CVar [[r.DOF.Gather.AccumulatorQuality:1        ; higher gathering accumulator quality]]
[2019.02.14-00.23.20:175][  0]LogConfig: Setting CVar [[r.DOF.Gather.PostfilterMethod:1          ; Median3x3 postfilering method]]
[2019.02.14-00.23.20:175][  0]LogConfig: Setting CVar [[r.DOF.Gather.EnableBokehSettings:0       ; no bokeh simulation when gathering]]
[2019.02.14-00.23.20:175][  0]LogConfig: Setting CVar [[r.DOF.Gather.RingCount:4                 ; medium number of samples when gathering]]
[2019.02.14-00.23.20:175][  0]LogConfig: Setting CVar [[r.DOF.Scatter.ForegroundCompositing:1    ; additive foreground scattering]]
[2019.02.14-00.23.20:175][  0]LogConfig: Setting CVar [[r.DOF.Scatter.BackgroundCompositing:2    ; additive background scattering]]
[2019.02.14-00.23.20:175][  0]LogConfig: Setting CVar [[r.DOF.Scatter.EnableBokehSettings:1      ; bokeh simulation when scattering]]
[2019.02.14-00.23.20:175][  0]LogConfig: Setting CVar [[r.DOF.Scatter.MaxSpriteRatio:0.1         ; only a maximum of 10% of scattered bokeh]]
[2019.02.14-00.23.20:175][  0]LogConfig: Setting CVar [[r.DOF.Recombine.Quality:1                ; cheap slight out of focus]]
[2019.02.14-00.23.20:175][  0]LogConfig: Setting CVar [[r.DOF.Recombine.EnableBokehSettings:0    ; no bokeh simulation on slight out of focus]]
[2019.02.14-00.23.20:175][  0]LogConfig: Setting CVar [[r.DOF.TemporalAAQuality:1                ; more stable temporal accumulation]]
[2019.02.14-00.23.20:176][  0]LogConfig: Setting CVar [[r.DOF.Kernel.MaxForegroundRadius:0.025]]
[2019.02.14-00.23.20:176][  0]LogConfig: Setting CVar [[r.DOF.Kernel.MaxBackgroundRadius:0.025]]
[2019.02.14-00.23.20:176][  0]LogConfig: Applying CVar settings from Section [TextureQuality@3] File [C:/Users/Connor/Documents/CP-School/Senior Project/GitRepos/Senior-Project-Prototype3/HSPGame/Saved/Config/Windows/Scalability.ini]
[2019.02.14-00.23.20:176][  0]LogConfig: Setting CVar [[r.Streaming.MipBias:0]]
[2019.02.14-00.23.20:176][  0]LogConfig: Setting CVar [[r.Streaming.AmortizeCPUToGPUCopy:0]]
[2019.02.14-00.23.20:176][  0]LogConfig: Setting CVar [[r.Streaming.MaxNumTexturesToStreamPerFrame:0]]
[2019.02.14-00.23.20:176][  0]LogConfig: Setting CVar [[r.Streaming.Boost:1]]
[2019.02.14-00.23.20:176][  0]LogConfig: Setting CVar [[r.MaxAnisotropy:8]]
[2019.02.14-00.23.20:176][  0]LogConfig: Setting CVar [[r.Streaming.LimitPoolSizeToVRAM:0]]
[2019.02.14-00.23.20:176][  0]LogConfig: Setting CVar [[r.Streaming.PoolSize:1000]]
[2019.02.14-00.23.20:176][  0]LogConfig: Setting CVar [[r.Streaming.MaxEffectiveScreenSize:0]]
[2019.02.14-00.23.20:176][  0]LogConfig: Applying CVar settings from Section [EffectsQuality@3] File [C:/Users/Connor/Documents/CP-School/Senior Project/GitRepos/Senior-Project-Prototype3/HSPGame/Saved/Config/Windows/Scalability.ini]
[2019.02.14-00.23.20:176][  0]LogConfig: Setting CVar [[r.TranslucencyLightingVolumeDim:64]]
[2019.02.14-00.23.20:177][  0]LogConfig: Setting CVar [[r.RefractionQuality:2]]
[2019.02.14-00.23.20:177][  0]LogConfig: Setting CVar [[r.SSR.Quality:3]]
[2019.02.14-00.23.20:177][  0]LogConfig: Setting CVar [[r.SceneColorFormat:4]]
[2019.02.14-00.23.20:177][  0]LogConfig: Setting CVar [[r.DetailMode:2]]
[2019.02.14-00.23.20:177][  0]LogConfig: Setting CVar [[r.TranslucencyVolumeBlur:1]]
[2019.02.14-00.23.20:177][  0]LogConfig: Setting CVar [[r.MaterialQualityLevel:1 ; High quality]]
[2019.02.14-00.23.20:177][  0]LogConfig: Setting CVar [[r.SSS.Scale:1]]
[2019.02.14-00.23.20:177][  0]LogConfig: Setting CVar [[r.SSS.SampleSet:2]]
[2019.02.14-00.23.20:177][  0]LogConfig: Setting CVar [[r.SSS.Quality:1]]
[2019.02.14-00.23.20:177][  0]LogConfig: Setting CVar [[r.SSS.HalfRes:1]]
[2019.02.14-00.23.20:177][  0]LogConfig: Setting CVar [[r.EmitterSpawnRateScale:1.0]]
[2019.02.14-00.23.20:177][  0]LogConfig: Setting CVar [[r.ParticleLightQuality:2]]
[2019.02.14-00.23.20:177][  0]LogConfig: Applying CVar settings from Section [FoliageQuality@3] File [C:/Users/Connor/Documents/CP-School/Senior Project/GitRepos/Senior-Project-Prototype3/HSPGame/Saved/Config/Windows/Scalability.ini]
[2019.02.14-00.23.20:178][  0]LogConfig: Setting CVar [[foliage.DensityScale:1.0]]
[2019.02.14-00.23.20:178][  0]LogConfig: Setting CVar [[grass.DensityScale:1.0]]
[2019.02.14-00.23.20:178][  0]LogConfig: Applying CVar settings from Section [Startup] File [../../../Engine/Config/ConsoleVariables.ini]
[2019.02.14-00.23.20:178][  0]LogConfig: Setting CVar [[net.UseAdaptiveNetUpdateFrequency:0]]
[2019.02.14-00.23.20:178][  0]LogConfig: Applying CVar settings from Section [ConsoleVariables] File [C:/Users/Connor/Documents/CP-School/Senior Project/GitRepos/Senior-Project-Prototype3/HSPGame/Saved/Config/Windows/Engine.ini]
[2019.02.14-00.23.20:181][  0]LogInit: Computer: UNIT-01-CON
[2019.02.14-00.23.20:181][  0]LogInit: User: Connor
[2019.02.14-00.23.20:181][  0]LogInit: CPU Page size=4096, Cores=6
[2019.02.14-00.23.20:181][  0]LogInit: High frequency timer resolution =2.156247 MHz
[2019.02.14-00.23.20:182][  0]LogMemory: Memory total: Physical=15.8GB (16GB approx)
[2019.02.14-00.23.20:182][  0]LogMemory: Platform Memory Stats for Windows
[2019.02.14-00.23.20:182][  0]LogMemory: Process Physical Memory: 103.23 MB used, 103.23 MB peak
[2019.02.14-00.23.20:182][  0]LogMemory: Process Virtual Memory: 86.75 MB used, 86.75 MB peak
[2019.02.14-00.23.20:182][  0]LogMemory: Physical Memory: 9708.15 MB used,  6519.38 MB free, 16227.53 MB total
[2019.02.14-00.23.20:182][  0]LogMemory: Virtual Memory: 4665.05 MB used,  134213064.00 MB free, 134217728.00 MB total
[2019.02.14-00.23.20:818][  0]LogInit: Using OS detected language (en-US).
[2019.02.14-00.23.20:818][  0]LogInit: Using OS detected locale (en-US).
[2019.02.14-00.23.20:823][  0]LogTextLocalizationManager: No specific localization for 'en-US' exists, so the 'en' localization will be used.
[2019.02.14-00.23.21:571][  0]LogStreaming: Display: Took  0.754s to InitEngineTextLocalization.
[2019.02.14-00.23.21:692][  0]LogSlate: New Slate User Created.  User Index 0, Is Virtual User: 0
[2019.02.14-00.23.21:692][  0]LogSlate: Slate User Registered.  User Index 0, Is Virtual User: 0
[2019.02.14-00.23.26:924][  0]LogHMD: Failed to initialize OpenVR with code 110
[2019.02.14-00.23.26:924][  0]LogD3D11RHI: D3D11 adapters:
[2019.02.14-00.23.28:096][  0]LogD3D11RHI:    0. 'NVIDIA GeForce GTX 1070 with Max-Q Design' (Feature Level 11_0)
[2019.02.14-00.23.28:096][  0]LogD3D11RHI:       8081/0/8113 MB DedicatedVideo/DedicatedSystem/SharedSystem, Outputs:1, VendorId:0x10de
[2019.02.14-00.23.28:151][  0]LogD3D11RHI:    1. 'Intel(R) UHD Graphics 630' (Feature Level 11_0)
[2019.02.14-00.23.28:151][  0]LogD3D11RHI:       128/0/8113 MB DedicatedVideo/DedicatedSystem/SharedSystem, Outputs:0, VendorId:0x8086
[2019.02.14-00.23.28:162][  0]LogD3D11RHI:    2. 'Microsoft Basic Render Driver' (Feature Level 11_0)
[2019.02.14-00.23.28:162][  0]LogD3D11RHI:       0/0/8113 MB DedicatedVideo/DedicatedSystem/SharedSystem, Outputs:0, VendorId:0x1414
[2019.02.14-00.23.28:162][  0]LogD3D11RHI: Chosen D3D11 Adapter: 0
[2019.02.14-00.23.28:201][  0]LogD3D11RHI: Creating new Direct3DDevice
[2019.02.14-00.23.28:201][  0]LogD3D11RHI:     GPU DeviceId: 0x1ba1 (for the marketing name, search the web for "GPU Device Id")
[2019.02.14-00.23.28:201][  0]LogWindows: EnumDisplayDevices:
[2019.02.14-00.23.28:202][  0]LogWindows:    0. 'Intel(R) UHD Graphics 630' (P:1 D:1)
[2019.02.14-00.23.28:202][  0]LogWindows:    1. 'Intel(R) UHD Graphics 630' (P:0 D:0)
[2019.02.14-00.23.28:202][  0]LogWindows:    2. 'Intel(R) UHD Graphics 630' (P:0 D:0)
[2019.02.14-00.23.28:203][  0]LogWindows:    3. 'NVIDIA GeForce GTX 1070 with Max-Q Design' (P:0 D:0)
[2019.02.14-00.23.28:203][  0]LogWindows:    4. 'NVIDIA GeForce GTX 1070 with Max-Q Design' (P:0 D:0)
[2019.02.14-00.23.28:204][  0]LogWindows:    5. 'NVIDIA GeForce GTX 1070 with Max-Q Design' (P:0 D:0)
[2019.02.14-00.23.28:204][  0]LogWindows:    6. 'NVIDIA GeForce GTX 1070 with Max-Q Design' (P:0 D:0)
[2019.02.14-00.23.28:205][  0]LogWindows: DebugString: PrimaryIsNotTheChoosenAdapter PrimaryIsNotTheChoosenAdapter PrimaryIsNotTheChoosenAdapter FoundDriverCount:4 
[2019.02.14-00.23.28:205][  0]LogD3D11RHI:     Adapter Name: NVIDIA GeForce GTX 1070 with Max-Q Design
[2019.02.14-00.23.28:205][  0]LogD3D11RHI:   Driver Version: 416.34 (internal:25.21.14.1634, unified:416.34)
[2019.02.14-00.23.28:205][  0]LogD3D11RHI:      Driver Date: 10-10-2018
[2019.02.14-00.23.28:206][  0]LogRHI: Texture pool is 5656 MB (70% of 8081 MB)
[2019.02.14-00.23.28:292][  0]LogD3D11RHI: Async texture creation enabled
[2019.02.14-00.23.28:393][  0]LogD3D11RHI: GPU Timing Frequency: 1000.000000 (Debug: 2 2)
[2019.02.14-00.23.28:846][  0]LogTemp: Display: Loaded TP AllDesktopTargetPlatform
[2019.02.14-00.23.28:885][  0]LogTemp: Display: Loaded TP MacClientTargetPlatform
[2019.02.14-00.23.28:936][  0]LogTemp: Display: Loaded TP MacNoEditorTargetPlatform
[2019.02.14-00.23.28:971][  0]LogTemp: Display: Loaded TP MacServerTargetPlatform
[2019.02.14-00.23.29:006][  0]LogTemp: Display: Loaded TP MacTargetPlatform
[2019.02.14-00.23.29:035][  0]LogTemp: Display: Loaded TP WindowsClientTargetPlatform
[2019.02.14-00.23.29:062][  0]LogTemp: Display: Loaded TP WindowsNoEditorTargetPlatform
[2019.02.14-00.23.29:089][  0]LogTemp: Display: Loaded TP WindowsServerTargetPlatform
[2019.02.14-00.23.29:111][  0]LogTemp: Display: Loaded TP WindowsTargetPlatform
[2019.02.14-00.23.29:206][  0]LogTemp: Display: Loaded TP AndroidTargetPlatform
[2019.02.14-00.23.29:206][  0]LogTemp: Display: Loaded TP AndroidTargetPlatform
[2019.02.14-00.23.29:207][  0]LogTemp: Display: Loaded TP AndroidTargetPlatform
[2019.02.14-00.23.29:207][  0]LogTemp: Display: Loaded TP AndroidTargetPlatform
[2019.02.14-00.23.29:207][  0]LogTemp: Display: Loaded TP AndroidTargetPlatform
[2019.02.14-00.23.29:207][  0]LogTemp: Display: Loaded TP AndroidTargetPlatform
[2019.02.14-00.23.29:207][  0]LogTemp: Display: Loaded TP AndroidTargetPlatform
[2019.02.14-00.23.29:207][  0]LogTemp: Display: Loaded TP AndroidTargetPlatform
[2019.02.14-00.23.29:207][  0]LogTemp: Display: Loaded TP AndroidTargetPlatform
[2019.02.14-00.23.29:207][  0]LogTemp: Display: Loaded TP AndroidTargetPlatform
[2019.02.14-00.23.29:207][  0]LogTemp: Display: Loaded TP AndroidTargetPlatform
[2019.02.14-00.23.29:207][  0]LogTemp: Display: Loaded TP AndroidTargetPlatform
[2019.02.14-00.23.29:207][  0]LogTemp: Display: Loaded TP AndroidTargetPlatform
[2019.02.14-00.23.29:207][  0]LogTemp: Display: Loaded TP AndroidTargetPlatform
[2019.02.14-00.23.29:207][  0]LogTemp: Display: Loaded TP AndroidTargetPlatform
[2019.02.14-00.23.29:207][  0]LogTemp: Display: Loaded TP AndroidTargetPlatform
[2019.02.14-00.23.29:207][  0]LogTemp: Display: Loaded TP AndroidTargetPlatform
[2019.02.14-00.23.29:207][  0]LogTemp: Display: Loaded TP AndroidTargetPlatform
[2019.02.14-00.23.29:221][  0]LogTemp: Display: Loaded TP HTML5TargetPlatform
[2019.02.14-00.23.29:333][  0]LogTemp: Display: Loaded TP IOSTargetPlatform
[2019.02.14-00.23.29:333][  0]LogTemp: Display: Loaded TP IOSTargetPlatform
[2019.02.14-00.23.29:364][  0]LogTemp: Display: Loaded TP TVOSTargetPlatform
[2019.02.14-00.23.29:364][  0]LogTemp: Display: Loaded TP TVOSTargetPlatform
[2019.02.14-00.23.29:386][  0]LogTemp: Display: Loaded TP LinuxClientTargetPlatform
[2019.02.14-00.23.29:415][  0]LogTemp: Display: Loaded TP LinuxNoEditorTargetPlatform
[2019.02.14-00.23.29:438][  0]LogTemp: Display: Loaded TP LinuxServerTargetPlatform
[2019.02.14-00.23.29:471][  0]LogTemp: Display: Loaded TP LinuxTargetPlatform
[2019.02.14-00.23.29:531][  0]LogTemp: Display: Loaded TP LuminTargetPlatform
[2019.02.14-00.23.29:531][  0]LogTemp: Display: Loaded TP LuminTargetPlatform
[2019.02.14-00.23.29:531][  0]LogTargetPlatformManager: Display: Building Assets For Windows
[2019.02.14-00.23.29:949][  0]LogShaderCompilers: Guid format shader working directory is -62 characters bigger than the processId version (../../../../../../Users/Connor/Documents/CP-School/Senior Project/GitRepos/Senior-Project-Prototype3/HSPGame/Intermediate/Shaders/WorkingDirectory/17188/).
[2019.02.14-00.23.29:949][  0]LogShaderCompilers: Cleaned the shader compiler working directory 'C:/Users/Connor/AppData/Local/Temp/UnrealShaderWorkingDir/099FCD324BEDB87455AC3E9ED19990ED/'.
[2019.02.14-00.23.29:954][  0]LogXGEController: Cleaning working directory: C:/Users/Connor/AppData/Local/Temp/UnrealXGEWorkingDir/
[2019.02.14-00.23.29:955][  0]LogXGEController: Cannot use XGE Controller as Incredibuild is not installed on this machine.
[2019.02.14-00.23.29:955][  0]LogShaderCompilers: Cannot use XGE Shader Compiler as Incredibuild is not installed on this machine.
[2019.02.14-00.23.29:955][  0]LogShaderCompilers: Display: Using Local Shader Compiler.
[2019.02.14-00.23.32:878][  0]LogDerivedDataCache: Display: Max Cache Size: 512 MB
[2019.02.14-00.23.33:134][  0]LogDerivedDataCache: Loaded boot cache 0.26s 71MB C:/Users/Connor/AppData/Local/UnrealEngine/4.21/DerivedDataCache/Boot.ddc.
[2019.02.14-00.23.33:134][  0]LogDerivedDataCache: Display: Loaded Boot cache: C:/Users/Connor/AppData/Local/UnrealEngine/4.21/DerivedDataCache/Boot.ddc
[2019.02.14-00.23.33:134][  0]LogDerivedDataCache: FDerivedDataBackendGraph:  Pak pak cache file ../../../../../../Users/Connor/Documents/CP-School/Senior Project/GitRepos/Senior-Project-Prototype3/HSPGame/DerivedDataCache/DDC.ddp not found, will not use a pak cache.
[2019.02.14-00.23.33:134][  0]LogDerivedDataCache: Unable to find inner node Pak for hierarchical cache Hierarchy.
[2019.02.14-00.23.33:135][  0]LogDerivedDataCache: FDerivedDataBackendGraph:  CompressedPak pak cache file ../../../../../../Users/Connor/Documents/CP-School/Senior Project/GitRepos/Senior-Project-Prototype3/HSPGame/DerivedDataCache/Compressed.ddp not found, will not use a pak cache.
[2019.02.14-00.23.33:135][  0]LogDerivedDataCache: Unable to find inner node CompressedPak for hierarchical cache Hierarchy.
[2019.02.14-00.23.33:171][  0]LogDerivedDataCache: Display: Pak cache opened for reading ../../../Engine/DerivedDataCache/Compressed.ddp.
[2019.02.14-00.23.33:172][  0]LogDerivedDataCache: FDerivedDataBackendGraph:  EnterprisePak pak cache file ../../../Enterprise/DerivedDataCache/Compressed.ddp not found, will not use a pak cache.
[2019.02.14-00.23.33:172][  0]LogDerivedDataCache: Unable to find inner node EnterprisePak for hierarchical cache Hierarchy.
[2019.02.14-00.23.33:187][  0]LogDerivedDataCache: Using Local data cache path C:/Users/Connor/AppData/Local/UnrealEngine/Common/DerivedDataCache: Writable
[2019.02.14-00.23.33:188][  0]LogDerivedDataCache: Shared data cache path not found in *engine.ini, will not use an Shared cache.
[2019.02.14-00.23.33:188][  0]LogDerivedDataCache: Unable to find inner node Shared for hierarchical cache Hierarchy.
[2019.02.14-00.23.33:243][  0]LogMaterial: Verifying Global Shaders for PCD3D_SM5
[2019.02.14-00.23.33:257][  0]LogSlate: Using FreeType 2.6.0
[2019.02.14-00.23.33:300][  0]LogSlate: SlateFontServices - WITH_FREETYPE: 1, WITH_HARFBUZZ: 1
[2019.02.14-00.23.34:025][  0]LogAssetRegistry: FAssetRegistry took 0.0486 seconds to start up
[2019.02.14-00.23.34:773][  0]LogInit: Selected Device Profile: [Windows]
[2019.02.14-00.23.35:306][  0]LogSimplygon: Simplygon DLL not present - disabling.
[2019.02.14-00.23.35:365][  0]LogMeshReduction: Using SimplygonSwarm for distributed automatic mesh merging
[2019.02.14-00.23.35:366][  0]LogMeshReduction: Using ProxyLODMeshReduction for automatic mesh merging
[2019.02.14-00.23.35:367][  0]LogMeshReduction: Using QuadricMeshReduction for automatic static mesh reduction
[2019.02.14-00.23.35:368][  0]LogMeshReduction: No automatic skeletal mesh reduction module available
[2019.02.14-00.23.35:451][  0]LogNetVersion: HSPGame 1.0.0, NetCL: 4541578, EngineNetVer: 5, GameNetVer: 0 (Checksum: 2893343623)
[2019.02.14-00.23.37:266][  0]LogPackageLocalizationCache: Processed 11 localized package path(s) for 2 prioritized culture(s) in 0.195845 seconds
[2019.02.14-00.23.37:276][  0]LogUObjectArray: 39775 objects as part of root set at end of initial load.
[2019.02.14-00.23.37:277][  0]LogUObjectAllocator: 6914656 out of 0 bytes used by permanent object pool.
[2019.02.14-00.23.37:277][  0]LogUObjectArray: CloseDisregardForGC: 0/0 objects in disregard for GC pool
[2019.02.14-00.23.43:284][  0]LogTcpMessaging: Initializing TcpMessaging bridge
[2019.02.14-00.23.43:319][  0]LogUdpMessaging: Initializing bridge on interface 0.0.0.0:0 to multicast group 230.0.0.1:6666.
[2019.02.14-00.23.44:976][  0]SourceControl: Source control is disabled
[2019.02.14-00.23.44:977][  0]SourceControl: Source control is disabled
[2019.02.14-00.23.45:026][  0]SourceControl: Source control is disabled
[2019.02.14-00.23.45:046][  0]SourceControl: Source control is disabled
[2019.02.14-00.23.46:070][  0]LogAndroidPermission: UAndroidPermissionCallbackProxy::GetInstance
[2019.02.14-00.23.46:348][  0]LogOcInput: OculusInput pre-init called
[2019.02.14-00.23.46:794][  0]LogEngine: Initializing Engine...
[2019.02.14-00.23.46:799][  0]LogHMD: Failed to initialize OpenVR with code 110
[2019.02.14-00.23.46:805][  0]LogStats: UGameplayTagsManager::ConstructGameplayTagTree: ImportINI prefixes -  0.000 s
[2019.02.14-00.23.46:806][  0]LogStats: UGameplayTagsManager::ConstructGameplayTagTree: Construct from data asset -  0.000 s
[2019.02.14-00.23.46:806][  0]LogStats: UGameplayTagsManager::ConstructGameplayTagTree: ImportINI -  0.001 s
[2019.02.14-00.23.46:807][  0]LogStats: UGameplayTagsManager::ConstructGameplayTagTree: GameplayTagTreeChangedEvent.Broadcast -  0.000 s
[2019.02.14-00.23.47:323][  0]LogInit: Initializing FReadOnlyCVARCache
[2019.02.14-00.23.47:515][  0]LogAIModule: Creating AISystem for world Untitled
[2019.02.14-00.23.47:655][  0]LogInit: XAudio2 using 'Speakers (Realtek(R) Audio)' : 2 channels at 48 kHz using 32 bits per sample (channel mask 0x3)
[2019.02.14-00.23.47:776][  0]LogInit: FAudioDevice initialized.
[2019.02.14-00.23.47:778][  0]LogNetVersion: Set ProjectVersion to 1.0.0.0. Version Checksum will be recalculated on next use.
[2019.02.14-00.23.47:883][  0]LogDerivedDataCache: Saved boot cache 0.10s 71MB C:/Users/Connor/AppData/Local/UnrealEngine/4.21/DerivedDataCache/Boot.ddc.
[2019.02.14-00.23.47:888][  0]LogInit: Texture streaming: Enabled
[2019.02.14-00.23.47:989][  0]LogEngineSessionManager: EngineSessionManager initialized
[2019.02.14-00.23.48:057][  0]LogInit: Transaction tracking system initialized
[2019.02.14-00.23.48:237][  0]BlueprintLog: New page: Editor Load
[2019.02.14-00.23.48:880][  0]LocalizationService: Localization service is disabled
[2019.02.14-00.23.49:889][  0]LogFileCache: Scanning file cache for directory 'C:/Users/Connor/Documents/CP-School/Senior Project/GitRepos/Senior-Project-Prototype3/HSPGame/Content/' took 0.03s
[2019.02.14-00.23.49:889][  0]LogCook: Display: Max memory allowance for cook 16384mb min free memory 0mb
[2019.02.14-00.23.49:890][  0]LogCook: Display: Mobile HDR setting 1
[2019.02.14-00.23.49:891][  0]LogGameplayTags: Display: UGameplayTagsManager::DoneAddingNativeTags. DelegateIsBound: 0
[2019.02.14-00.23.49:892][  0]LogStats: UGameplayTagsManager::ConstructGameplayTagTree: ImportINI prefixes -  0.000 s
[2019.02.14-00.23.49:892][  0]LogStats: UGameplayTagsManager::ConstructGameplayTagTree: Construct from data asset -  0.000 s
[2019.02.14-00.23.49:892][  0]LogStats: UGameplayTagsManager::ConstructGameplayTagTree: ImportINI -  0.000 s
[2019.02.14-00.23.49:892][  0]LogStats: UGameplayTagsManager::ConstructGameplayTagTree: GameplayTagTreeChangedEvent.Broadcast -  0.000 s
[2019.02.14-00.23.50:802][  0]SourceControl: Source control is disabled
[2019.02.14-00.23.50:806][  0]LightingResults: New page: Lighting Build
[2019.02.14-00.23.50:830][  0]MapCheck: New page: Map Check
[2019.02.14-00.23.50:830][  0]LightingResults: New page: Lighting Build
[2019.02.14-00.23.51:098][  0]LogLinker: Warning: Can't find file '/Game/StarterContent/Maps/Minimal_Default_BuiltData'
[2019.02.14-00.23.51:098][  0]LogLinker: Warning: Can't find file for asset '/Game/StarterContent/Maps/Minimal_Default_BuiltData' while loading ../../../../../../Users/Connor/Documents/CP-School/Senior Project/GitRepos/Senior-Project-Prototype3/HSPGame/Content/StarterContent/Maps/Minimal_Default.umap.
[2019.02.14-00.23.51:098][  0]LoadErrors: Error: /Game/StarterContent/Maps/Minimal_Default : Can't find file for asset. /Game/StarterContent/Maps/Minimal_Default_BuiltData
[2019.02.14-00.23.51:194][  0]LogLinker: Warning: Can't find file '/Game/StarterContent/Maps/Minimal_Default_BuiltData'
[2019.02.14-00.23.51:195][  0]LogLinker: Warning: Can't find file for asset '/Game/StarterContent/Maps/Minimal_Default_BuiltData' while loading ../../../../../../Users/Connor/Documents/CP-School/Senior Project/GitRepos/Senior-Project-Prototype3/HSPGame/Content/StarterContent/Maps/Minimal_Default.umap.
[2019.02.14-00.23.51:195][  0]LoadErrors: Error: /Game/StarterContent/Maps/Minimal_Default : Can't find file for asset. /Game/StarterContent/Maps/Minimal_Default_BuiltData
[2019.02.14-00.23.51:265][  0]LogLinker: Warning: Can't find file '/Game/StarterContent/Maps/Minimal_Default_BuiltData'
[2019.02.14-00.23.51:265][  0]LogLinker: Warning: Can't find file for asset '/Game/StarterContent/Maps/Minimal_Default_BuiltData' while loading NULL.
[2019.02.14-00.23.51:265][  0]LogLinker: Warning: Can't find file '/Game/StarterContent/Maps/Minimal_Default_BuiltData'
[2019.02.14-00.23.51:266][  0]LogLinker: Warning: Can't find file for asset '/Game/StarterContent/Maps/Minimal_Default_BuiltData' while loading NULL.
[2019.02.14-00.23.51:375][  0]LogLinker: Warning: Can't find file '/Game/StarterContent/Maps/Minimal_Default_BuiltData'
[2019.02.14-00.23.51:376][  0]LoadErrors: Failed to load /Game/StarterContent/Maps/Minimal_Default_BuiltData.Minimal_Default_BuiltData Referenced by PersistentLevel
[2019.02.14-00.23.51:376][  0]LogLinker: Warning: Can't find file for asset '/Game/StarterContent/Maps/Minimal_Default_BuiltData' while loading NULL.
[2019.02.14-00.23.51:377][  0]LoadErrors: Failed to load /Game/StarterContent/Maps/Minimal_Default_BuiltData.Minimal_Default_BuiltData Referenced by PersistentLevel
[2019.02.14-00.23.51:827][  0]LogAIModule: Creating AISystem for world Minimal_Default
[2019.02.14-00.23.53:059][  0]LogEditorServer: Finished looking for orphan Actors (0.001 secs)
[2019.02.14-00.23.53:118][  0]Cmd: MAP CHECKDEP NOCLEARLOG
[2019.02.14-00.23.53:120][  0]MapCheck: Map check complete: 0 Error(s), 0 Warning(s), took 0.553ms to complete.
[2019.02.14-00.23.53:120][  0]LogFileHelpers: Loading map 'Minimal_Default' took 2.318
[2019.02.14-00.23.53:380][  0]LogSlate: Updating window title bar state: overlay mode, drag disabled, window buttons hidden, title bar hidden
[2019.02.14-00.23.53:389][  0]LogSlate: Updating window title bar state: overlay mode, drag disabled, window buttons hidden, title bar hidden
[2019.02.14-00.23.53:396][  0]LogSlate: Updating window title bar state: overlay mode, drag disabled, window buttons hidden, title bar hidden
[2019.02.14-00.23.53:403][  0]LogSlate: Updating window title bar state: overlay mode, drag disabled, window buttons hidden, title bar hidden
[2019.02.14-00.23.53:442][  0]LogCollectionManager: Loaded 0 collections in 0.003563 seconds
[2019.02.14-00.23.53:533][  0]LogFileCache: Scanning file cache for directory 'C:/Users/Connor/Documents/CP-School/Senior Project/GitRepos/Senior-Project-Prototype3/HSPGame/Saved/Collections/' took 0.01s
[2019.02.14-00.23.53:533][  0]LogFileCache: Scanning file cache for directory 'C:/Users/Connor/Documents/CP-School/Senior Project/GitRepos/Senior-Project-Prototype3/HSPGame/Content/Developers/Connor/Collections/' took 0.01s
[2019.02.14-00.23.53:533][  0]LogFileCache: Scanning file cache for directory 'C:/Users/Connor/Documents/CP-School/Senior Project/GitRepos/Senior-Project-Prototype3/HSPGame/Content/Collections/' took 0.01s
[2019.02.14-00.23.53:533][  0]LogCollectionManager: Rebuilt the GUID cache for 0 collections in 0.000000 seconds
[2019.02.14-00.23.53:561][  0]LogContentBrowser: Native class hierarchy populated in 0.0234 seconds. Added 2655 classes and 622 folders.
[2019.02.14-00.23.53:612][  0]LogContentBrowser: Native class hierarchy updated for 'WidgetCarousel' in 0.0008 seconds. Added 0 classes and 0 folders.
[2019.02.14-00.23.53:632][  0]LogPakFile: Registered encryption key '00000000000000000000000000000000': 0 pak files mounted, 0 remain pending
[2019.02.14-00.23.53:653][  0]LogPakFile: Registered encryption key '00000000000000000000000000000000': 0 pak files mounted, 0 remain pending
[2019.02.14-00.23.53:704][  0]LogPakFile: Registered encryption key '00000000000000000000000000000000': 0 pak files mounted, 0 remain pending
[2019.02.14-00.23.53:716][  0]LogPakFile: Registered encryption key '00000000000000000000000000000000': 0 pak files mounted, 0 remain pending
[2019.02.14-00.23.53:729][  0]LogPakFile: Registered encryption key '00000000000000000000000000000000': 0 pak files mounted, 0 remain pending
[2019.02.14-00.23.53:741][  0]LogPakFile: Registered encryption key '00000000000000000000000000000000': 0 pak files mounted, 0 remain pending
[2019.02.14-00.23.53:753][  0]LogPakFile: Registered encryption key '00000000000000000000000000000000': 0 pak files mounted, 0 remain pending
[2019.02.14-00.23.53:765][  0]LogPakFile: Registered encryption key '00000000000000000000000000000000': 0 pak files mounted, 0 remain pending
[2019.02.14-00.23.53:780][  0]LogPakFile: Registered encryption key '00000000000000000000000000000000': 0 pak files mounted, 0 remain pending
[2019.02.14-00.23.53:795][  0]LogPakFile: Registered encryption key '00000000000000000000000000000000': 0 pak files mounted, 0 remain pending
[2019.02.14-00.23.53:808][  0]LogPakFile: Registered encryption key '00000000000000000000000000000000': 0 pak files mounted, 0 remain pending
[2019.02.14-00.23.53:819][  0]LogPakFile: Registered encryption key '00000000000000000000000000000000': 0 pak files mounted, 0 remain pending
[2019.02.14-00.23.53:833][  0]LogPakFile: Registered encryption key '00000000000000000000000000000000': 0 pak files mounted, 0 remain pending
[2019.02.14-00.23.53:845][  0]LogPakFile: Registered encryption key '00000000000000000000000000000000': 0 pak files mounted, 0 remain pending
[2019.02.14-00.23.53:861][  0]LogPakFile: Registered encryption key '00000000000000000000000000000000': 0 pak files mounted, 0 remain pending
[2019.02.14-00.23.53:878][  0]LogPakFile: Registered encryption key '00000000000000000000000000000000': 0 pak files mounted, 0 remain pending
[2019.02.14-00.23.54:010][  0]LogPakFile: Registered encryption key '00000000000000000000000000000000': 0 pak files mounted, 0 remain pending
[2019.02.14-00.23.54:027][  0]LogPakFile: Registered encryption key '00000000000000000000000000000000': 0 pak files mounted, 0 remain pending
[2019.02.14-00.23.54:042][  0]LogPakFile: Registered encryption key '00000000000000000000000000000000': 0 pak files mounted, 0 remain pending
[2019.02.14-00.23.54:055][  0]LogPakFile: Registered encryption key '00000000000000000000000000000000': 0 pak files mounted, 0 remain pending
[2019.02.14-00.23.54:113][  0]LogPakFile: Registered encryption key '00000000000000000000000000000000': 0 pak files mounted, 0 remain pending
[2019.02.14-00.23.54:121][  0]LogPakFile: Registered encryption key '00000000000000000000000000000000': 0 pak files mounted, 0 remain pending
[2019.02.14-00.23.54:128][  0]LogPakFile: Registered encryption key '00000000000000000000000000000000': 0 pak files mounted, 0 remain pending
[2019.02.14-00.23.54:135][  0]LogPakFile: Registered encryption key '00000000000000000000000000000000': 0 pak files mounted, 0 remain pending
[2019.02.14-00.23.54:143][  0]LogPakFile: Registered encryption key '00000000000000000000000000000000': 0 pak files mounted, 0 remain pending
[2019.02.14-00.23.54:151][  0]LogPakFile: Registered encryption key '00000000000000000000000000000000': 0 pak files mounted, 0 remain pending
[2019.02.14-00.23.54:461][  0]LogContentBrowser: Native class hierarchy updated for 'AddContentDialog' in 0.0006 seconds. Added 0 classes and 0 folders.
[2019.02.14-00.23.54:505][  0]LogContentBrowser: Native class hierarchy updated for 'SceneOutliner' in 0.0007 seconds. Added 1 classes and 2 folders.
[2019.02.14-00.23.54:626][  0]LogSlate: Took 0.007613 seconds to synchronously load lazily loaded font '../../../Engine/Content/Slate/Fonts/Roboto-Regular.ttf' (155K)
[2019.02.14-00.23.54:639][  0]LogSlate: Took 0.006912 seconds to synchronously load lazily loaded font '../../../Engine/Content/Slate/Fonts/Roboto-Bold.ttf' (160K)
[2019.02.14-00.23.54:657][  0]LogSlate: Took 0.006544 seconds to synchronously load lazily loaded font '../../../Engine/Content/Editor/Slate/Fonts/FontAwesome.ttf' (139K)
[2019.02.14-00.23.54:837][  0]LogRenderer: Reallocating scene render targets to support 964x436 Format 10 NumSamples 1 (Frame:1).
[2019.02.14-00.23.55:217][  0]LogContentBrowser: Native class hierarchy updated for 'HierarchicalLODOutliner' in 0.0007 seconds. Added 0 classes and 0 folders.
[2019.02.14-00.23.55:218][  0]LogLoad: (Engine Initialization) Total time: 39.86 seconds
[2019.02.14-00.23.55:218][  0]LogLoad: (Engine Initialization) Total Blueprint compile time: 0.00 seconds
[2019.02.14-00.23.55:341][  0]LogContentStreaming: Texture pool size now 1000 MB
[2019.02.14-00.23.55:358][  0]LogSlate: FSceneViewport::OnFocusLost() reason 2
[2019.02.14-00.23.55:416][  0]LogSlate: Took 0.006990 seconds to synchronously load lazily loaded font '../../../Engine/Content/Slate/Fonts/Roboto-Light.ttf' (167K)
[2019.02.14-00.23.55:482][  1]LogAssetRegistry: Asset discovery search completed in 21.4852 seconds
[2019.02.14-00.23.55:485][  1]LogCollectionManager: Rebuilt the object cache for 0 collections in 0.000000 seconds (found 0 objects)
[2019.02.14-00.23.55:485][  1]LogCollectionManager: Fixed up redirectors for 0 collections in 0.000850 seconds (updated 0 objects)
[2019.02.14-00.24.41:578][263]LogSlate: Window 'Message Log' being destroyed
[2019.02.14-00.24.41:590][263]LogSlate: Window 'Message Log' being destroyed
[2019.02.14-00.24.41:595][263]LogSlate: FSceneViewport::OnFocusLost() reason 0
[2019.02.14-00.24.42:487][313]Candidate modules for hot reload:
[2019.02.14-00.24.42:487][313]  HSPGame
[2019.02.14-00.24.42:489][313]Launching UnrealBuildTool... [C:/Program Files/Epic Games/UE_4.21/Engine/Binaries/DotNET/UnrealBuildTool.exe  -ModuleWithSuffix=HSPGame,2856 Win64 Development -TargetType=Editor -Project="../../../../../../Users/Connor/Documents/CP-School/Senior Project/GitRepos/Senior-Project-Prototype3/HSPGame/HSPGame.uproject" -canskiplink "C:/Users/Connor/Documents/CP-School/Senior Project/GitRepos/Senior-Project-Prototype3/HSPGame/HSPGame.uproject" ]
[2019.02.14-00.24.42:495][313]Warning: Starting HotReload took  0.1s.
[2019.02.14-00.25.04:441][724]CompilerResultsLog: New page: Compilation - Feb 13, 2019, 8:25:04 AM
[2019.02.14-00.25.04:441][724]CompilerResultsLog: Performing full C++ include scan (hot reloading a new target)
[2019.02.14-00.25.04:442][724]CompilerResultsLog: Using 'git status' to determine working set for adaptive non-unity build (C:\Users\Connor\Documents\CP-School\Senior Project\GitRepos\Senior-Project-Prototype3).
[2019.02.14-00.25.04:442][724]CompilerResultsLog: Creating makefile for hot reloading HSPGameEditor (game project files are newer)
[2019.02.14-00.25.04:442][724]CompilerResultsLog: Compiling game modules for hot reload
[2019.02.14-00.25.04:442][724]CompilerResultsLog: Using Visual Studio 2017 14.16.27023 toolchain (C:\Program Files (x86)\Microsoft Visual Studio\2017\Community\VC\Tools\MSVC\14.16.27023) and Windows 10.0.17763.0 SDK (C:\Program Files (x86)\Windows Kits\10).
[2019.02.14-00.25.04:442][724]CompilerResultsLog: Parsing headers for HSPGameEditor
[2019.02.14-00.25.04:442][724]CompilerResultsLog:   Running UnrealHeaderTool "C:\Users\Connor\Documents\CP-School\Senior Project\GitRepos\Senior-Project-Prototype3\HSPGame\HSPGame.uproject" "C:\Users\Connor\Documents\CP-School\Senior Project\GitRepos\Senior-Project-Prototype3\HSPGame\Intermediate\Build\Win64\HSPGameEditor\Development\HSPGameEditor.uhtmanifest" -LogCmds="loginit warning, logexit warning, logdatabase error" -Unattended -WarningsAsErrors -installed
[2019.02.14-00.25.04:442][724]CompilerResultsLog: Reflection code generated for HSPGameEditor in 10.9220145 seconds
[2019.02.14-00.25.04:443][724]CompilerResultsLog: Building 4 actions with 12 processes...
[2019.02.14-00.25.04:443][724]CompilerResultsLog:   [1/4] EnemyClass.cpp
[2019.02.14-00.25.04:443][724]CompilerResultsLog:    c:\users\connor\documents\cp-school\senior project\gitrepos\senior-project-prototype3\hspgame\source\hspgame\EnemyClass.h(11) : error C4430: missing type specifier - int assumed. Note: C++ does not support default-int
[2019.02.14-00.25.04:443][724]CompilerResultsLog:    c:\users\connor\documents\cp-school\senior project\gitrepos\senior-project-prototype3\hspgame\source\hspgame\EnemyClass.h(11) : error C2146: syntax error: missing ';' before identifier 'enemyHashArray'
[2019.02.14-00.25.04:443][724]CompilerResultsLog:   [2/4] EnemyClass.gen.cpp
[2019.02.14-00.25.04:443][724]CompilerResultsLog:    C:\Users\Connor\Documents\CP-School\Senior Project\GitRepos\Senior-Project-Prototype3\HSPGame\Source\HSPGame/EnemyClass.h(11) : error C4430: missing type specifier - int assumed. Note: C++ does not support default-int
[2019.02.14-00.25.04:444][724]CompilerResultsLog:    C:\Users\Connor\Documents\CP-School\Senior Project\GitRepos\Senior-Project-Prototype3\HSPGame\Source\HSPGame/EnemyClass.h(11) : error C2146: syntax error: missing ';' before identifier 'enemyHashArray'
[2019.02.14-00.25.04:444][724]CompilerResultsLog: ERROR: UBT ERROR: Failed to produce item: C:\Users\Connor\Documents\CP-School\Senior Project\GitRepos\Senior-Project-Prototype3\HSPGame\Binaries\Win64\UE4Editor-HSPGame-2856.dll
[2019.02.14-00.25.04:444][724]CompilerResultsLog:        (see ../Programs/UnrealBuildTool/Log.txt for full exception trace)
[2019.02.14-00.25.04:444][724]CompilerResultsLog: Total build time: 21.18 seconds (Parallel executor: 0.00 seconds)
[2019.02.14-00.25.04:444][724]LogMainFrame: MainFrame: Module compiling took 21.970 seconds
[2019.02.14-00.25.04:445][724]Warning: HotReload failed, recompile failed
[2019.02.14-00.25.34:183][330]Candidate modules for hot reload:
[2019.02.14-00.25.34:183][330]  HSPGame
[2019.02.14-00.25.34:183][330]Launching UnrealBuildTool... [C:/Program Files/Epic Games/UE_4.21/Engine/Binaries/DotNET/UnrealBuildTool.exe  -ModuleWithSuffix=HSPGame,850 Win64 Development -TargetType=Editor -Project="../../../../../../Users/Connor/Documents/CP-School/Senior Project/GitRepos/Senior-Project-Prototype3/HSPGame/HSPGame.uproject" -canskiplink "C:/Users/Connor/Documents/CP-School/Senior Project/GitRepos/Senior-Project-Prototype3/HSPGame/HSPGame.uproject" ]
[2019.02.14-00.25.34:188][330]Warning: Starting HotReload took  0.0s.
[2019.02.14-00.25.48:830][682]LogSlate: Window 'Message Log' being destroyed
[2019.02.14-00.25.48:835][682]LogSlate: Window 'Message Log' being destroyed
[2019.02.14-00.25.57:190][171]CompilerResultsLog: New page: Compilation - Feb 13, 2019, 8:25:57 AM
[2019.02.14-00.25.57:191][171]CompilerResultsLog: Using 'git status' to determine working set for adaptive non-unity build (C:\Users\Connor\Documents\CP-School\Senior Project\GitRepos\Senior-Project-Prototype3).
[2019.02.14-00.25.57:191][171]CompilerResultsLog: Creating makefile for hot reloading HSPGameEditor (source directory changed)
[2019.02.14-00.25.57:191][171]CompilerResultsLog: Compiling game modules for hot reload
[2019.02.14-00.25.57:191][171]CompilerResultsLog: Using Visual Studio 2017 14.16.27023 toolchain (C:\Program Files (x86)\Microsoft Visual Studio\2017\Community\VC\Tools\MSVC\14.16.27023) and Windows 10.0.17763.0 SDK (C:\Program Files (x86)\Windows Kits\10).
[2019.02.14-00.25.57:191][171]CompilerResultsLog: Parsing headers for HSPGameEditor
[2019.02.14-00.25.57:191][171]CompilerResultsLog:   Running UnrealHeaderTool "C:\Users\Connor\Documents\CP-School\Senior Project\GitRepos\Senior-Project-Prototype3\HSPGame\HSPGame.uproject" "C:\Users\Connor\Documents\CP-School\Senior Project\GitRepos\Senior-Project-Prototype3\HSPGame\Intermediate\Build\Win64\HSPGameEditor\Development\HSPGameEditor.uhtmanifest" -LogCmds="loginit warning, logexit warning, logdatabase error" -Unattended -WarningsAsErrors -installed
[2019.02.14-00.25.57:191][171]CompilerResultsLog: Reflection code generated for HSPGameEditor in 13.752398 seconds
[2019.02.14-00.25.57:192][171]CompilerResultsLog: Building 4 actions with 12 processes...
[2019.02.14-00.25.57:192][171]CompilerResultsLog:   [1/4] EnemyClass.cpp
[2019.02.14-00.25.57:192][171]CompilerResultsLog:    c:\users\connor\documents\cp-school\senior project\gitrepos\senior-project-prototype3\hspgame\source\hspgame\EnemyClass.h(11) : error C4430: missing type specifier - int assumed. Note: C++ does not support default-int
[2019.02.14-00.25.57:192][171]CompilerResultsLog:    c:\users\connor\documents\cp-school\senior project\gitrepos\senior-project-prototype3\hspgame\source\hspgame\EnemyClass.h(11) : error C2146: syntax error: missing ';' before identifier 'enemyHashArray'
[2019.02.14-00.25.57:192][171]CompilerResultsLog:   [2/4] EnemyClass.gen.cpp
[2019.02.14-00.25.57:192][171]CompilerResultsLog:    C:\Users\Connor\Documents\CP-School\Senior Project\GitRepos\Senior-Project-Prototype3\HSPGame\Source\HSPGame/EnemyClass.h(11) : error C4430: missing type specifier - int assumed. Note: C++ does not support default-int
[2019.02.14-00.25.57:193][171]CompilerResultsLog:    C:\Users\Connor\Documents\CP-School\Senior Project\GitRepos\Senior-Project-Prototype3\HSPGame\Source\HSPGame/EnemyClass.h(11) : error C2146: syntax error: missing ';' before identifier 'enemyHashArray'
[2019.02.14-00.25.57:193][171]CompilerResultsLog:    C:\Users\Connor\Documents\CP-School\Senior Project\GitRepos\Senior-Project-Prototype3\HSPGame\Intermediate\Build\Win64\UE4Editor\Inc\HSPGame\EnemyClass.gen.cpp(49) : error C2923: 'TCppClassTypeTraits': 'AEnemyClass' is not a valid template type argument for parameter 'CPPCLASS'
[2019.02.14-00.25.57:193][171]CompilerResultsLog:   C:\Users\Connor\Documents\CP-School\Senior Project\GitRepos\Senior-Project-Prototype3\HSPGame\Source\HSPGame/EnemyClass.h(11): note: see declaration of 'AEnemyClass'
[2019.02.14-00.25.57:193][171]CompilerResultsLog:    C:\Users\Connor\Documents\CP-School\Senior Project\GitRepos\Senior-Project-Prototype3\HSPGame\Intermediate\Build\Win64\UE4Editor\Inc\HSPGame\EnemyClass.gen.cpp(49) : error C2955: 'TCppClassTypeTraits': use of class template requires template argument list
[2019.02.14-00.25.57:193][171]CompilerResultsLog:   C:\Program Files\Epic Games\UE_4.21\Engine\Source\Runtime\CoreUObject\Public\UObject/Class.h(1951): note: see declaration of 'TCppClassTypeTraits'
[2019.02.14-00.25.57:194][171]CompilerResultsLog:   C:\Users\Connor\Documents\CP-School\Senior Project\GitRepos\Senior-Project-Prototype3\HSPGame\Intermediate\Build\Win64\UE4Editor\Inc\HSPGame\EnemyClass.gen.cpp(50): warning C4305: 'initializing': truncation from 'TCppClassTypeTraits<CPPCLASS>::<unnamed-enum-IsAbstract>' to 'bool'
[2019.02.14-00.25.57:194][171]CompilerResultsLog:    C:\Users\Connor\Documents\CP-School\Senior Project\GitRepos\Senior-Project-Prototype3\HSPGame\Intermediate\Build\Win64\UE4Editor\Inc\HSPGame\EnemyClass.gen.cpp(71) : error C2923: 'TClassCompiledInDefer': 'AEnemyClass' is not a valid template type argument for parameter 'TClass'
[2019.02.14-00.25.57:194][171]CompilerResultsLog:   C:\Users\Connor\Documents\CP-School\Senior Project\GitRepos\Senior-Project-Prototype3\HSPGame\Source\HSPGame/EnemyClass.h(11): note: see declaration of 'AEnemyClass'
[2019.02.14-00.25.57:194][171]CompilerResultsLog:    C:\Users\Connor\Documents\CP-School\Senior Project\GitRepos\Senior-Project-Prototype3\HSPGame\Intermediate\Build\Win64\UE4Editor\Inc\HSPGame\EnemyClass.gen.cpp(71) : error C2514: 'TClassCompiledInDefer': class has no constructors
[2019.02.14-00.25.57:194][171]CompilerResultsLog:   C:\Program Files\Epic Games\UE_4.21\Engine\Source\Runtime\CoreUObject\Public\UObject/UObjectBase.h(319): note: see declaration of 'TClassCompiledInDefer'
[2019.02.14-00.25.57:194][171]CompilerResultsLog: ERROR: UBT ERROR: Failed to produce item: C:\Users\Connor\Documents\CP-School\Senior Project\GitRepos\Senior-Project-Prototype3\HSPGame\Binaries\Win64\UE4Editor-HSPGame-850.dll
[2019.02.14-00.25.57:195][171]CompilerResultsLog:        (see ../Programs/UnrealBuildTool/Log.txt for full exception trace)
[2019.02.14-00.25.57:195][171]CompilerResultsLog: Total build time: 22.57 seconds (Parallel executor: 0.00 seconds)
[2019.02.14-00.25.57:195][171]LogMainFrame: MainFrame: Module compiling took 23.015 seconds
[2019.02.14-00.25.57:195][171]Warning: HotReload failed, recompile failed
[2019.02.14-00.26.22:536][684]LogSlate: Window 'Message Log' being destroyed
[2019.02.14-00.26.22:548][684]LogSlate: Window 'Message Log' being destroyed
[2019.02.14-00.26.56:156][217]LogSlate: Window 'Message Log' being destroyed
[2019.02.14-00.26.56:161][217]LogSlate: Window 'Message Log' being destroyed
[2019.02.14-00.27.22:126][563]LogSlate: Took 0.000240 seconds to synchronously load lazily loaded font '../../../Engine/Content/Slate/Fonts/Roboto-Light.ttf' (167K)
[2019.02.14-00.27.22:142][563]LogAssetEditorManager: Opening Asset editor for Class /Script/HSPGame.HSPGameGameModeBase
[2019.02.14-00.28.29:753][870]Candidate modules for hot reload:
[2019.02.14-00.28.29:753][870]  HSPGame
[2019.02.14-00.28.29:754][870]Launching UnrealBuildTool... [C:/Program Files/Epic Games/UE_4.21/Engine/Binaries/DotNET/UnrealBuildTool.exe  -ModuleWithSuffix=HSPGame,4292 Win64 Development -TargetType=Editor -Project="../../../../../../Users/Connor/Documents/CP-School/Senior Project/GitRepos/Senior-Project-Prototype3/HSPGame/HSPGame.uproject" -canskiplink "C:/Users/Connor/Documents/CP-School/Senior Project/GitRepos/Senior-Project-Prototype3/HSPGame/HSPGame.uproject" ]
[2019.02.14-00.28.29:763][870]Warning: Starting HotReload took  0.0s.
[2019.02.14-00.28.50:657][117]LogSlate: FSceneViewport::OnFocusLost() reason 0
[2019.02.14-00.28.55:312][397]CompilerResultsLog: New page: Compilation - Feb 13, 2019, 8:28:55 AM
[2019.02.14-00.28.55:312][397]CompilerResultsLog: Using 'git status' to determine working set for adaptive non-unity build (C:\Users\Connor\Documents\CP-School\Senior Project\GitRepos\Senior-Project-Prototype3).
[2019.02.14-00.28.55:312][397]CompilerResultsLog: Creating makefile for hot reloading HSPGameEditor (source directory changed)
[2019.02.14-00.28.55:312][397]CompilerResultsLog: Compiling game modules for hot reload
[2019.02.14-00.28.55:312][397]CompilerResultsLog: Using Visual Studio 2017 14.16.27023 toolchain (C:\Program Files (x86)\Microsoft Visual Studio\2017\Community\VC\Tools\MSVC\14.16.27023) and Windows 10.0.17763.0 SDK (C:\Program Files (x86)\Windows Kits\10).
[2019.02.14-00.28.55:313][397]CompilerResultsLog: Parsing headers for HSPGameEditor
[2019.02.14-00.28.55:313][397]CompilerResultsLog:   Running UnrealHeaderTool "C:\Users\Connor\Documents\CP-School\Senior Project\GitRepos\Senior-Project-Prototype3\HSPGame\HSPGame.uproject" "C:\Users\Connor\Documents\CP-School\Senior Project\GitRepos\Senior-Project-Prototype3\HSPGame\Intermediate\Build\Win64\HSPGameEditor\Development\HSPGameEditor.uhtmanifest" -LogCmds="loginit warning, logexit warning, logdatabase error" -Unattended -WarningsAsErrors -installed
[2019.02.14-00.28.55:313][397]CompilerResultsLog: Reflection code generated for HSPGameEditor in 13.9595973 seconds
[2019.02.14-00.28.55:313][397]CompilerResultsLog: Building 6 actions with 12 processes...
[2019.02.14-00.28.55:313][397]CompilerResultsLog:   [1/6] EnemyClass.cpp
[2019.02.14-00.28.55:313][397]CompilerResultsLog:   [2/6] HSPGameGameModeBase.cpp
[2019.02.14-00.28.55:313][397]CompilerResultsLog:   [3/6] EnemyClass.gen.cpp
[2019.02.14-00.28.55:314][397]CompilerResultsLog:   [4/6] HSPGameGameModeBase.gen.cpp
[2019.02.14-00.28.55:314][397]CompilerResultsLog:   [5/6] UE4Editor-HSPGame-4292.lib
[2019.02.14-00.28.55:314][397]CompilerResultsLog:      Creating library C:\Users\Connor\Documents\CP-School\Senior Project\GitRepos\Senior-Project-Prototype3\HSPGame\Intermediate\Build\Win64\UE4Editor\Development\HSPGame\UE4Editor-HSPGame-4292.lib and object C:\Users\Connor\Documents\CP-School\Senior Project\GitRepos\Senior-Project-Prototype3\HSPGame\Intermediate\Build\Win64\UE4Editor\Development\HSPGame\UE4Editor-HSPGame-4292.exp
[2019.02.14-00.28.55:314][397]CompilerResultsLog:   [6/6] UE4Editor-HSPGame-4292.dll
[2019.02.14-00.28.55:314][397]CompilerResultsLog:      Creating library C:\Users\Connor\Documents\CP-School\Senior Project\GitRepos\Senior-Project-Prototype3\HSPGame\Intermediate\Build\Win64\UE4Editor\Development\HSPGame\UE4Editor-HSPGame-4292.suppressed.lib and object C:\Users\Connor\Documents\CP-School\Senior Project\GitRepos\Senior-Project-Prototype3\HSPGame\Intermediate\Build\Win64\UE4Editor\Development\HSPGame\UE4Editor-HSPGame-4292.suppressed.exp
[2019.02.14-00.28.55:314][397]CompilerResultsLog: Total build time: 24.82 seconds (Parallel executor: 2.45 seconds)
[2019.02.14-00.28.55:314][397]LogMainFrame: MainFrame: Module compiling took 25.568 seconds
[2019.02.14-00.28.55:385][397]LogContentBrowser: Native class hierarchy updated for 'HSPGame' in 0.0004 seconds. Added 4 classes and 2 folders.
[2019.02.14-00.28.55:388][397]Display: HotReload successful (0 functions remapped  0 scriptstructs remapped)
[2019.02.14-00.28.55:583][397]LogContentBrowser: Native class hierarchy populated in 0.0071 seconds. Added 2656 classes and 624 folders.
[2019.02.14-00.28.55:598][397]Display: HotReload took 25.9s.
[2019.02.14-00.32.56:881][271]LogSlate: FSceneViewport::OnFocusLost() reason 0
[2019.02.14-00.32.56:966][275]Candidate modules for hot reload:
[2019.02.14-00.32.56:966][275]  HSPGame
[2019.02.14-00.32.56:967][275]Launching UnrealBuildTool... [C:/Program Files/Epic Games/UE_4.21/Engine/Binaries/DotNET/UnrealBuildTool.exe  -ModuleWithSuffix=HSPGame,8221 Win64 Development -TargetType=Editor -Project="../../../../../../Users/Connor/Documents/CP-School/Senior Project/GitRepos/Senior-Project-Prototype3/HSPGame/HSPGame.uproject" -canskiplink "C:/Users/Connor/Documents/CP-School/Senior Project/GitRepos/Senior-Project-Prototype3/HSPGame/HSPGame.uproject" ]
[2019.02.14-00.32.56:978][275]Warning: Starting HotReload took  0.0s.
[2019.02.14-00.33.21:064][ 50]CompilerResultsLog: New page: Compilation - Feb 13, 2019, 8:33:21 AM
[2019.02.14-00.33.21:064][ 50]CompilerResultsLog: Using 'git status' to determine working set for adaptive non-unity build (C:\Users\Connor\Documents\CP-School\Senior Project\GitRepos\Senior-Project-Prototype3).
[2019.02.14-00.33.21:064][ 50]CompilerResultsLog: Creating makefile for hot reloading HSPGameEditor (source directory changed)
[2019.02.14-00.33.21:064][ 50]CompilerResultsLog: Compiling game modules for hot reload
[2019.02.14-00.33.21:065][ 50]CompilerResultsLog: Using Visual Studio 2017 14.16.27023 toolchain (C:\Program Files (x86)\Microsoft Visual Studio\2017\Community\VC\Tools\MSVC\14.16.27023) and Windows 10.0.17763.0 SDK (C:\Program Files (x86)\Windows Kits\10).
[2019.02.14-00.33.21:065][ 50]CompilerResultsLog: Parsing headers for HSPGameEditor
[2019.02.14-00.33.21:065][ 50]CompilerResultsLog:   Running UnrealHeaderTool "C:\Users\Connor\Documents\CP-School\Senior Project\GitRepos\Senior-Project-Prototype3\HSPGame\HSPGame.uproject" "C:\Users\Connor\Documents\CP-School\Senior Project\GitRepos\Senior-Project-Prototype3\HSPGame\Intermediate\Build\Win64\HSPGameEditor\Development\HSPGameEditor.uhtmanifest" -LogCmds="loginit warning, logexit warning, logdatabase error" -Unattended -WarningsAsErrors -installed
[2019.02.14-00.33.21:065][ 50]CompilerResultsLog: Reflection code generated for HSPGameEditor in 14.1725191 seconds
[2019.02.14-00.33.21:065][ 50]CompilerResultsLog: Building 6 actions with 12 processes...
[2019.02.14-00.33.21:065][ 50]CompilerResultsLog:   [1/6] HSPGameGameModeBase.cpp
[2019.02.14-00.33.21:066][ 50]CompilerResultsLog:    c:\users\connor\documents\cp-school\senior project\gitrepos\senior-project-prototype3\hspgame\source\hspgame\HSPGameGameModeBase.h(21) : error C3646: 'EnemyClass': unknown override specifier
[2019.02.14-00.33.21:066][ 50]CompilerResultsLog:    c:\users\connor\documents\cp-school\senior project\gitrepos\senior-project-prototype3\hspgame\source\hspgame\HSPGameGameModeBase.h(21) : error C3646: 'enemyTypes': unknown override specifier
[2019.02.14-00.33.21:066][ 50]CompilerResultsLog:    c:\users\connor\documents\cp-school\senior project\gitrepos\senior-project-prototype3\hspgame\source\hspgame\HSPGameGameModeBase.h(21) : error C2143: syntax error: missing ',' before '['
[2019.02.14-00.33.21:066][ 50]CompilerResultsLog:    c:\users\connor\documents\cp-school\senior project\gitrepos\senior-project-prototype3\hspgame\source\hspgame\HSPGameGameModeBase.h(21) : error C2143: syntax error: missing ')' before ';'
[2019.02.14-00.33.21:066][ 50]CompilerResultsLog:    c:\users\connor\documents\cp-school\senior project\gitrepos\senior-project-prototype3\hspgame\source\hspgame\HSPGameGameModeBase.h(21) : error C2238: unexpected token(s) preceding ';'
[2019.02.14-00.33.21:066][ 50]CompilerResultsLog:   [2/6] EnemyClass.cpp
[2019.02.14-00.33.21:066][ 50]CompilerResultsLog:   [3/6] HSPGameGameModeBase.gen.cpp
[2019.02.14-00.33.21:067][ 50]CompilerResultsLog:    C:\Users\Connor\Documents\CP-School\Senior Project\GitRepos\Senior-Project-Prototype3\HSPGame\Source\HSPGame/HSPGameGameModeBase.h(21) : error C3646: 'EnemyClass': unknown override specifier
[2019.02.14-00.33.21:067][ 50]CompilerResultsLog:    C:\Users\Connor\Documents\CP-School\Senior Project\GitRepos\Senior-Project-Prototype3\HSPGame\Source\HSPGame/HSPGameGameModeBase.h(21) : error C3646: 'enemyTypes': unknown override specifier
[2019.02.14-00.33.21:067][ 50]CompilerResultsLog:    C:\Users\Connor\Documents\CP-School\Senior Project\GitRepos\Senior-Project-Prototype3\HSPGame\Source\HSPGame/HSPGameGameModeBase.h(21) : error C2143: syntax error: missing ',' before '['
[2019.02.14-00.33.21:067][ 50]CompilerResultsLog:    C:\Users\Connor\Documents\CP-School\Senior Project\GitRepos\Senior-Project-Prototype3\HSPGame\Source\HSPGame/HSPGameGameModeBase.h(21) : error C2143: syntax error: missing ')' before ';'
[2019.02.14-00.33.21:067][ 50]CompilerResultsLog:    C:\Users\Connor\Documents\CP-School\Senior Project\GitRepos\Senior-Project-Prototype3\HSPGame\Source\HSPGame/HSPGameGameModeBase.h(21) : error C2238: unexpected token(s) preceding ';'
[2019.02.14-00.33.21:067][ 50]CompilerResultsLog:   [4/6] EnemyClass.gen.cpp
[2019.02.14-00.33.21:067][ 50]CompilerResultsLog: ERROR: UBT ERROR: Failed to produce item: C:\Users\Connor\Documents\CP-School\Senior Project\GitRepos\Senior-Project-Prototype3\HSPGame\Binaries\Win64\UE4Editor-HSPGame-8221.dll
[2019.02.14-00.33.21:067][ 50]CompilerResultsLog:        (see ../Programs/UnrealBuildTool/Log.txt for full exception trace)
[2019.02.14-00.33.21:068][ 50]CompilerResultsLog: Total build time: 23.68 seconds (Parallel executor: 0.00 seconds)
[2019.02.14-00.33.21:068][ 50]LogMainFrame: MainFrame: Module compiling took 24.108 seconds
[2019.02.14-00.33.21:068][ 50]Warning: HotReload failed, recompile failed
[2019.02.14-00.33.34:175][471]LogSlate: Window 'Message Log' being destroyed
[2019.02.14-00.33.34:185][471]LogSlate: Window 'Message Log' being destroyed
[2019.02.14-00.33.35:159][528]Candidate modules for hot reload:
[2019.02.14-00.33.35:159][528]  HSPGame
[2019.02.14-00.33.35:160][528]Launching UnrealBuildTool... [C:/Program Files/Epic Games/UE_4.21/Engine/Binaries/DotNET/UnrealBuildTool.exe  -ModuleWithSuffix=HSPGame,9393 Win64 Development -TargetType=Editor -Project="../../../../../../Users/Connor/Documents/CP-School/Senior Project/GitRepos/Senior-Project-Prototype3/HSPGame/HSPGame.uproject" -canskiplink "C:/Users/Connor/Documents/CP-School/Senior Project/GitRepos/Senior-Project-Prototype3/HSPGame/HSPGame.uproject" ]
[2019.02.14-00.33.35:173][528]Warning: Starting HotReload took  0.0s.
[2019.02.14-00.33.59:858][150]CompilerResultsLog: New page: Compilation - Feb 13, 2019, 8:33:59 AM
[2019.02.14-00.33.59:858][150]CompilerResultsLog: Using 'git status' to determine working set for adaptive non-unity build (C:\Users\Connor\Documents\CP-School\Senior Project\GitRepos\Senior-Project-Prototype3).
[2019.02.14-00.33.59:859][150]CompilerResultsLog: Creating makefile for hot reloading HSPGameEditor (source directory changed)
[2019.02.14-00.33.59:859][150]CompilerResultsLog: Compiling game modules for hot reload
[2019.02.14-00.33.59:859][150]CompilerResultsLog: Using Visual Studio 2017 14.16.27023 toolchain (C:\Program Files (x86)\Microsoft Visual Studio\2017\Community\VC\Tools\MSVC\14.16.27023) and Windows 10.0.17763.0 SDK (C:\Program Files (x86)\Windows Kits\10).
[2019.02.14-00.33.59:859][150]CompilerResultsLog: Parsing headers for HSPGameEditor
[2019.02.14-00.33.59:859][150]CompilerResultsLog:   Running UnrealHeaderTool "C:\Users\Connor\Documents\CP-School\Senior Project\GitRepos\Senior-Project-Prototype3\HSPGame\HSPGame.uproject" "C:\Users\Connor\Documents\CP-School\Senior Project\GitRepos\Senior-Project-Prototype3\HSPGame\Intermediate\Build\Win64\HSPGameEditor\Development\HSPGameEditor.uhtmanifest" -LogCmds="loginit warning, logexit warning, logdatabase error" -Unattended -WarningsAsErrors -installed
[2019.02.14-00.33.59:859][150]CompilerResultsLog: Reflection code generated for HSPGameEditor in 14.9565439 seconds
[2019.02.14-00.33.59:859][150]CompilerResultsLog: Building 4 actions with 12 processes...
[2019.02.14-00.33.59:860][150]CompilerResultsLog:   [1/4] HSPGameGameModeBase.cpp
[2019.02.14-00.33.59:860][150]CompilerResultsLog:    c:\users\connor\documents\cp-school\senior project\gitrepos\senior-project-prototype3\hspgame\source\hspgame\HSPGameGameModeBase.h(21) : error C2079: 'AHSPGameGameModeBase::enemyTypes' uses undefined class 'EnemyClass'
[2019.02.14-00.33.59:860][150]CompilerResultsLog:   [2/4] HSPGameGameModeBase.gen.cpp
[2019.02.14-00.33.59:860][150]CompilerResultsLog:    C:\Users\Connor\Documents\CP-School\Senior Project\GitRepos\Senior-Project-Prototype3\HSPGame\Source\HSPGame/HSPGameGameModeBase.h(21) : error C2079: 'AHSPGameGameModeBase::enemyTypes' uses undefined class 'EnemyClass'
[2019.02.14-00.33.59:860][150]CompilerResultsLog: ERROR: UBT ERROR: Failed to produce item: C:\Users\Connor\Documents\CP-School\Senior Project\GitRepos\Senior-Project-Prototype3\HSPGame\Binaries\Win64\UE4Editor-HSPGame-9393.dll
[2019.02.14-00.33.59:860][150]CompilerResultsLog:        (see ../Programs/UnrealBuildTool/Log.txt for full exception trace)
[2019.02.14-00.33.59:861][150]CompilerResultsLog: Total build time: 24.30 seconds (Parallel executor: 0.00 seconds)
[2019.02.14-00.33.59:861][150]LogMainFrame: MainFrame: Module compiling took 24.709 seconds
[2019.02.14-00.33.59:861][150]Warning: HotReload failed, recompile failed
[2019.02.14-00.36.36:770][219]LogSlate: Window 'Message Log' being destroyed
[2019.02.14-00.36.36:787][219]LogSlate: Window 'Message Log' being destroyed
[2019.02.14-00.36.37:892][280]Candidate modules for hot reload:
[2019.02.14-00.36.37:892][280]  HSPGame
[2019.02.14-00.36.37:893][280]Launching UnrealBuildTool... [C:/Program Files/Epic Games/UE_4.21/Engine/Binaries/DotNET/UnrealBuildTool.exe  -ModuleWithSuffix=HSPGame,4508 Win64 Development -TargetType=Editor -Project="../../../../../../Users/Connor/Documents/CP-School/Senior Project/GitRepos/Senior-Project-Prototype3/HSPGame/HSPGame.uproject" -canskiplink "C:/Users/Connor/Documents/CP-School/Senior Project/GitRepos/Senior-Project-Prototype3/HSPGame/HSPGame.uproject" ]
[2019.02.14-00.36.37:907][280]Warning: Starting HotReload took  0.1s.
[2019.02.14-00.37.07:800][987]CompilerResultsLog: New page: Compilation - Feb 13, 2019, 8:37:07 AM
[2019.02.14-00.37.07:801][987]CompilerResultsLog: Using 'git status' to determine working set for adaptive non-unity build (C:\Users\Connor\Documents\CP-School\Senior Project\GitRepos\Senior-Project-Prototype3).
[2019.02.14-00.37.07:801][987]CompilerResultsLog: Creating makefile for hot reloading HSPGameEditor (source directory changed)
[2019.02.14-00.37.07:802][987]CompilerResultsLog: Compiling game modules for hot reload
[2019.02.14-00.37.07:802][987]CompilerResultsLog: Using Visual Studio 2017 14.16.27023 toolchain (C:\Program Files (x86)\Microsoft Visual Studio\2017\Community\VC\Tools\MSVC\14.16.27023) and Windows 10.0.17763.0 SDK (C:\Program Files (x86)\Windows Kits\10).
[2019.02.14-00.37.07:802][987]CompilerResultsLog: Parsing headers for HSPGameEditor
[2019.02.14-00.37.07:803][987]CompilerResultsLog:   Running UnrealHeaderTool "C:\Users\Connor\Documents\CP-School\Senior Project\GitRepos\Senior-Project-Prototype3\HSPGame\HSPGame.uproject" "C:\Users\Connor\Documents\CP-School\Senior Project\GitRepos\Senior-Project-Prototype3\HSPGame\Intermediate\Build\Win64\HSPGameEditor\Development\HSPGameEditor.uhtmanifest" -LogCmds="loginit warning, logexit warning, logdatabase error" -Unattended -WarningsAsErrors -installed
[2019.02.14-00.37.07:804][987]CompilerResultsLog: Reflection code generated for HSPGameEditor in 18.6390501 seconds
[2019.02.14-00.37.07:804][987]CompilerResultsLog: Building 4 actions with 12 processes...
[2019.02.14-00.37.07:804][987]CompilerResultsLog:   [1/4] HSPGameGameModeBase.cpp
[2019.02.14-00.37.07:805][987]CompilerResultsLog:    c:\users\connor\documents\cp-school\senior project\gitrepos\senior-project-prototype3\hspgame\source\hspgame\HSPGameGameModeBase.h(21) : error C2065: 'EnemyClass': undeclared identifier
[2019.02.14-00.37.07:805][987]CompilerResultsLog:    c:\users\connor\documents\cp-school\senior project\gitrepos\senior-project-prototype3\hspgame\source\hspgame\HSPGameGameModeBase.h(21) : error C2923: 'TArray': 'EnemyClass' is not a valid template type argument for parameter 'InElementType'
[2019.02.14-00.37.07:806][987]CompilerResultsLog:    c:\users\connor\documents\cp-school\senior project\gitrepos\senior-project-prototype3\hspgame\source\hspgame\HSPGameGameModeBase.h(18) : error C2512: 'TArray': no appropriate default constructor available
[2019.02.14-00.37.07:806][987]CompilerResultsLog:   C:\Program Files\Epic Games\UE_4.21\Engine\Source\Runtime\Core\Public\Containers/Array.h(278): note: see declaration of 'TArray'
[2019.02.14-00.37.07:806][987]CompilerResultsLog:   [2/4] HSPGameGameModeBase.gen.cpp
[2019.02.14-00.37.07:807][987]CompilerResultsLog:    C:\Users\Connor\Documents\CP-School\Senior Project\GitRepos\Senior-Project-Prototype3\HSPGame\Source\HSPGame/HSPGameGameModeBase.h(21) : error C2065: 'EnemyClass': undeclared identifier
[2019.02.14-00.37.07:807][987]CompilerResultsLog:    C:\Users\Connor\Documents\CP-School\Senior Project\GitRepos\Senior-Project-Prototype3\HSPGame\Source\HSPGame/HSPGameGameModeBase.h(21) : error C2923: 'TArray': 'EnemyClass' is not a valid template type argument for parameter 'InElementType'
[2019.02.14-00.37.07:808][987]CompilerResultsLog:    C:\Users\Connor\Documents\CP-School\Senior Project\GitRepos\Senior-Project-Prototype3\HSPGame\Source\HSPGame/HSPGameGameModeBase.h(18) : error C2512: 'TArray': no appropriate default constructor available
[2019.02.14-00.37.07:808][987]CompilerResultsLog:   C:\Program Files\Epic Games\UE_4.21\Engine\Source\Runtime\Core\Public\Containers/Array.h(278): note: see declaration of 'TArray'
[2019.02.14-00.37.07:809][987]CompilerResultsLog:    C:\Users\Connor\Documents\CP-School\Senior Project\GitRepos\Senior-Project-Prototype3\HSPGame\Intermediate\Build\Win64\UE4Editor\Inc\HSPGame\HSPGameGameModeBase.gen.cpp(74) : error C2512: 'TArray': no appropriate default constructor available
[2019.02.14-00.37.07:809][987]CompilerResultsLog:   C:\Program Files\Epic Games\UE_4.21\Engine\Source\Runtime\Core\Public\Containers/Array.h(278): note: see declaration of 'TArray'
[2019.02.14-00.37.07:809][987]CompilerResultsLog: ERROR: UBT ERROR: Failed to produce item: C:\Users\Connor\Documents\CP-School\Senior Project\GitRepos\Senior-Project-Prototype3\HSPGame\Binaries\Win64\UE4Editor-HSPGame-4508.dll
[2019.02.14-00.37.07:810][987]CompilerResultsLog:        (see ../Programs/UnrealBuildTool/Log.txt for full exception trace)
[2019.02.14-00.37.07:810][987]CompilerResultsLog: Total build time: 29.18 seconds (Parallel executor: 0.00 seconds)
[2019.02.14-00.37.07:810][987]LogMainFrame: MainFrame: Module compiling took 29.929 seconds
[2019.02.14-00.37.07:811][987]Warning: HotReload failed, recompile failed
[2019.02.14-00.37.49:397][364]LogSlate: Window 'Message Log' being destroyed
[2019.02.14-00.37.49:406][364]LogSlate: Window 'Message Log' being destroyed
[2019.02.14-00.37.50:263][412]Candidate modules for hot reload:
[2019.02.14-00.37.50:263][412]  HSPGame
[2019.02.14-00.37.50:264][412]Launching UnrealBuildTool... [C:/Program Files/Epic Games/UE_4.21/Engine/Binaries/DotNET/UnrealBuildTool.exe  -ModuleWithSuffix=HSPGame,2683 Win64 Development -TargetType=Editor -Project="../../../../../../Users/Connor/Documents/CP-School/Senior Project/GitRepos/Senior-Project-Prototype3/HSPGame/HSPGame.uproject" -canskiplink "C:/Users/Connor/Documents/CP-School/Senior Project/GitRepos/Senior-Project-Prototype3/HSPGame/HSPGame.uproject" ]
[2019.02.14-00.37.50:278][412]Warning: Starting HotReload took  0.0s.
[2019.02.14-00.38.32:680][594]CompilerResultsLog: New page: Compilation - Feb 13, 2019, 8:38:32 AM
[2019.02.14-00.38.32:680][594]CompilerResultsLog: Using 'git status' to determine working set for adaptive non-unity build (C:\Users\Connor\Documents\CP-School\Senior Project\GitRepos\Senior-Project-Prototype3).
[2019.02.14-00.38.32:681][594]CompilerResultsLog: Creating makefile for hot reloading HSPGameEditor (source directory changed)
[2019.02.14-00.38.32:681][594]CompilerResultsLog: Compiling game modules for hot reload
[2019.02.14-00.38.32:682][594]CompilerResultsLog: Using Visual Studio 2017 14.16.27023 toolchain (C:\Program Files (x86)\Microsoft Visual Studio\2017\Community\VC\Tools\MSVC\14.16.27023) and Windows 10.0.17763.0 SDK (C:\Program Files (x86)\Windows Kits\10).
[2019.02.14-00.38.32:682][594]CompilerResultsLog: Parsing headers for HSPGameEditor
[2019.02.14-00.38.32:682][594]CompilerResultsLog:   Running UnrealHeaderTool "C:\Users\Connor\Documents\CP-School\Senior Project\GitRepos\Senior-Project-Prototype3\HSPGame\HSPGame.uproject" "C:\Users\Connor\Documents\CP-School\Senior Project\GitRepos\Senior-Project-Prototype3\HSPGame\Intermediate\Build\Win64\HSPGameEditor\Development\HSPGameEditor.uhtmanifest" -LogCmds="loginit warning, logexit warning, logdatabase error" -Unattended -WarningsAsErrors -installed
[2019.02.14-00.38.32:683][594]CompilerResultsLog: Reflection code generated for HSPGameEditor in 27.2819769 seconds
[2019.02.14-00.38.32:684][594]CompilerResultsLog: Building 4 actions with 12 processes...
[2019.02.14-00.38.32:684][594]CompilerResultsLog:   [1/4] HSPGameGameModeBase.cpp
[2019.02.14-00.38.32:684][594]CompilerResultsLog:    c:\users\connor\documents\cp-school\senior project\gitrepos\senior-project-prototype3\hspgame\source\hspgame\HSPGameGameModeBase.h(22) : error C2065: 'EnemyClass': undeclared identifier
[2019.02.14-00.38.32:685][594]CompilerResultsLog:    c:\users\connor\documents\cp-school\senior project\gitrepos\senior-project-prototype3\hspgame\source\hspgame\HSPGameGameModeBase.h(22) : error C2923: 'TArray': 'EnemyClass' is not a valid template type argument for parameter 'InElementType'
[2019.02.14-00.38.32:685][594]CompilerResultsLog:    c:\users\connor\documents\cp-school\senior project\gitrepos\senior-project-prototype3\hspgame\source\hspgame\HSPGameGameModeBase.h(19) : error C2512: 'TArray': no appropriate default constructor available
[2019.02.14-00.38.32:686][594]CompilerResultsLog:   C:\Program Files\Epic Games\UE_4.21\Engine\Source\Runtime\Core\Public\Containers/Array.h(278): note: see declaration of 'TArray'
[2019.02.14-00.38.32:686][594]CompilerResultsLog:   [2/4] HSPGameGameModeBase.gen.cpp
[2019.02.14-00.38.32:686][594]CompilerResultsLog:    C:\Users\Connor\Documents\CP-School\Senior Project\GitRepos\Senior-Project-Prototype3\HSPGame\Source\HSPGame/HSPGameGameModeBase.h(22) : error C2065: 'EnemyClass': undeclared identifier
[2019.02.14-00.38.32:687][594]CompilerResultsLog:    C:\Users\Connor\Documents\CP-School\Senior Project\GitRepos\Senior-Project-Prototype3\HSPGame\Source\HSPGame/HSPGameGameModeBase.h(22) : error C2923: 'TArray': 'EnemyClass' is not a valid template type argument for parameter 'InElementType'
[2019.02.14-00.38.32:687][594]CompilerResultsLog:    C:\Users\Connor\Documents\CP-School\Senior Project\GitRepos\Senior-Project-Prototype3\HSPGame\Source\HSPGame/HSPGameGameModeBase.h(19) : error C2512: 'TArray': no appropriate default constructor available
[2019.02.14-00.38.32:688][594]CompilerResultsLog:   C:\Program Files\Epic Games\UE_4.21\Engine\Source\Runtime\Core\Public\Containers/Array.h(278): note: see declaration of 'TArray'
[2019.02.14-00.38.32:688][594]CompilerResultsLog:    C:\Users\Connor\Documents\CP-School\Senior Project\GitRepos\Senior-Project-Prototype3\HSPGame\Intermediate\Build\Win64\UE4Editor\Inc\HSPGame\HSPGameGameModeBase.gen.cpp(74) : error C2512: 'TArray': no appropriate default constructor available
[2019.02.14-00.38.32:689][594]CompilerResultsLog:   C:\Program Files\Epic Games\UE_4.21\Engine\Source\Runtime\Core\Public\Containers/Array.h(278): note: see declaration of 'TArray'
[2019.02.14-00.38.32:689][594]CompilerResultsLog: ERROR: UBT ERROR: Failed to produce item: C:\Users\Connor\Documents\CP-School\Senior Project\GitRepos\Senior-Project-Prototype3\HSPGame\Binaries\Win64\UE4Editor-HSPGame-2683.dll
[2019.02.14-00.38.32:690][594]CompilerResultsLog:        (see ../Programs/UnrealBuildTool/Log.txt for full exception trace)
[2019.02.14-00.38.32:690][594]CompilerResultsLog: Total build time: 41.55 seconds (Parallel executor: 0.00 seconds)
[2019.02.14-00.38.32:690][594]LogMainFrame: MainFrame: Module compiling took 42.439 seconds
[2019.02.14-00.38.32:691][594]Warning: HotReload failed, recompile failed
