Log file open, 02/13/19 20:04:05
LogWindows: Failed to load 'aqProf.dll' (GetLastError=126)
LogWindows: File 'aqProf.dll' does not exist
LogWindows: Failed to load 'VtuneApi.dll' (GetLastError=126)
LogWindows: File 'VtuneApi.dll' does not exist
LogWindows: Failed to load 'VtuneApi32e.dll' (GetLastError=126)
LogWindows: File 'VtuneApi32e.dll' does not exist
LogConsoleResponse: Display: Failed to find resolution value strings in scalability ini. Falling back to default.
LogInit: Display: Running engine for game: HSPGame
LogPakFile: Registered encryption key '00000000000000000000000000000000': 0 pak files mounted, 0 remain pending
LogPlatformFile: Not using cached read wrapper
LogTaskGraph: Started task graph with 5 named threads and 35 total threads with 3 sets of task threads.
LogStats: Stats thread started at 0.511837
LogD3D11RHI: Loaded GFSDK_Aftermath_Lib.x64.dll
LogICUInternationalization: ICU TimeZone Detection - Raw Offset: -8:00, Platform Override: ''
LogPluginManager: Mounting plugin Paper2D
LogPluginManager: Mounting plugin AISupport
LogPluginManager: Mounting plugin LightPropagationVolume
LogPluginManager: Mounting plugin ActorLayerUtilities
LogPluginManager: Mounting plugin CLionSourceCodeAccess
LogPluginManager: Mounting plugin CodeLiteSourceCodeAccess
LogPluginManager: Mounting plugin GitSourceControl
LogPluginManager: Mounting plugin KDevelopSourceCodeAccess
LogPluginManager: Mounting plugin NullSourceCodeAccess
LogPluginManager: Mounting plugin PerforceSourceControl
LogPluginManager: Mounting plugin SubversionSourceControl
LogPluginManager: Mounting plugin UObjectPlugin
LogPluginManager: Mounting plugin VisualStudioCodeSourceCodeAccess
LogPluginManager: Mounting plugin VisualStudioSourceCodeAccess
LogPluginManager: Mounting plugin XCodeSourceCodeAccess
LogPluginManager: Mounting plugin AssetManagerEditor
LogPluginManager: Mounting plugin CryptoKeys
LogPluginManager: Mounting plugin DataValidation
LogPluginManager: Mounting plugin FacialAnimation
LogPluginManager: Mounting plugin GameplayTagsEditor
LogPluginManager: Mounting plugin MacGraphicsSwitching
LogPluginManager: Mounting plugin MeshEditor
LogPluginManager: Mounting plugin MobileLauncherProfileWizard
LogPluginManager: Mounting plugin PluginBrowser
LogPluginManager: Mounting plugin SpeedTreeImporter
LogPluginManager: Mounting plugin DatasmithContent
LogPluginManager: Mounting plugin VariantManagerContent
LogPluginManager: Mounting plugin AlembicImporter
LogPluginManager: Mounting plugin AppleImageUtils
LogPluginManager: Mounting plugin AppleVision
LogPluginManager: Mounting plugin BackChannel
LogPluginManager: Mounting plugin CharacterAI
LogPluginManager: Mounting plugin GeometryCache
LogPluginManager: Mounting plugin HTML5Networking
LogPluginManager: Mounting plugin ProxyLODPlugin
LogPluginManager: Mounting plugin MagicLeap
LogPluginManager: Mounting plugin MagicLeapMedia
LogPluginManager: Mounting plugin AndroidMedia
LogPluginManager: Mounting plugin AvfMedia
LogPluginManager: Mounting plugin ImgMedia
LogPluginManager: Mounting plugin LinearTimecode
LogPluginManager: Mounting plugin MediaCompositing
LogPluginManager: Mounting plugin MediaPlayerEditor
LogPluginManager: Mounting plugin WebMMedia
LogPluginManager: Mounting plugin WmfMedia
LogPluginManager: Mounting plugin TcpMessaging
LogPluginManager: Mounting plugin UdpMessaging
LogPluginManager: Mounting plugin ActorSequence
LogPluginManager: Mounting plugin LevelSequenceEditor
LogPluginManager: Mounting plugin MatineeToLevelSequence
LogPluginManager: Mounting plugin NetcodeUnitTest
LogPluginManager: Mounting plugin NUTUnrealEngine4
LogPluginManager: Mounting plugin OnlineSubsystemGooglePlay
LogPluginManager: Mounting plugin OnlineSubsystemIOS
LogPluginManager: Mounting plugin OnlineSubsystem
LogPluginManager: Mounting plugin OnlineSubsystemNull
LogPluginManager: Mounting plugin OnlineSubsystemUtils
LogPluginManager: Mounting plugin LauncherChunkInstaller
LogPluginManager: Mounting plugin AndroidDeviceProfileSelector
LogPluginManager: Mounting plugin AndroidMoviePlayer
LogPluginManager: Mounting plugin AndroidPermission
LogPluginManager: Mounting plugin AppleMoviePlayer
LogPluginManager: Mounting plugin ArchVisCharacter
LogPluginManager: Mounting plugin AudioCapture
LogPluginManager: Mounting plugin CableComponent
LogPluginManager: Mounting plugin CustomMeshComponent
LogPluginManager: Mounting plugin EditableMesh
LogPluginManager: Mounting plugin ExampleDeviceProfileSelector
LogPluginManager: Mounting plugin Firebase
LogPluginManager: Mounting plugin GoogleCloudMessaging
LogPluginManager: Mounting plugin IOSDeviceProfileSelector
LogPluginManager: Mounting plugin LinuxDeviceProfileSelector
LogPluginManager: Mounting plugin LocationServicesBPLibrary
LogPluginManager: Mounting plugin MobilePatchingUtils
LogPluginManager: Mounting plugin OculusVR
LogPluginManager: Mounting plugin PhysXVehicles
LogPluginManager: Mounting plugin ProceduralMeshComponent
LogPluginManager: Mounting plugin RuntimePhysXCooking
LogPluginManager: Mounting plugin SteamVR
LogPluginManager: Mounting plugin WebMMoviePlayer
LogPluginManager: Mounting plugin WindowsMoviePlayer
LogStreaming: Display: Took  0.084s to configure plugins.
LogInit: Using libcurl 7.55.1-DEV
LogInit:  - built for x86_64-pc-win32
LogInit:  - supports SSL with OpenSSL/1.0.2h
LogInit:  - supports HTTP deflate (compression) using libz 1.2.8
LogInit:  - other features:
LogInit:      CURL_VERSION_SSL
LogInit:      CURL_VERSION_LIBZ
LogInit:      CURL_VERSION_IPV6
LogInit:      CURL_VERSION_ASYNCHDNS
LogInit:      CURL_VERSION_LARGEFILE
LogInit:      CURL_VERSION_IDN
LogInit:  CurlRequestOptions (configurable via config and command line):
LogInit:  - bVerifyPeer = true  - Libcurl will verify peer certificate
LogInit:  - bUseHttpProxy = false  - Libcurl will NOT use HTTP proxy
LogInit:  - bDontReuseConnections = false  - Libcurl will reuse connections
LogInit:  - MaxHostConnections = 16  - Libcurl will limit the number of connections to a host
LogInit:  - LocalHostAddr = Default
LogInit:  - BufferSize = 65536
LogInit: WinSock: version 1.1 (2.2), MaxSocks=32767, MaxUdp=65467
LogInit: Build: ++UE4+Release-4.21-CL-4753647
LogInit: Engine Version: 4.21.2-4753647+++UE4+Release-4.21
LogInit: Compatible Engine Version: 4.21.0-4541578+++UE4+Release-4.21
LogInit: Net CL: 4541578
LogInit: OS: Windows 10 (), CPU: Intel(R) Core(TM) i7-8750H CPU @ 2.20GHz, GPU: Intel(R) UHD Graphics 630
LogInit: Compiled (64-bit): Jan 19 2019 02:07:31
LogInit: Compiled with Visual C++: 19.13.26129.00
LogInit: Build Configuration: Development
LogInit: Branch Name: ++UE4+Release-4.21
LogInit: Command Line:  -skipcompile
LogInit: Base Directory: C:/Program Files/Epic Games/UE_4.21/Engine/Binaries/Win64/
LogInit: Installed Engine Build: 1
LogDevObjectVersion: Number of dev versions registered: 22
LogDevObjectVersion:   Dev-Blueprints (B0D832E4-1F89-4F0D-ACCF-7EB736FD4AA2): 10
LogDevObjectVersion:   Dev-Build (E1C64328-A22C-4D53-A36C-8E866417BD8C): 0
LogDevObjectVersion:   Dev-Core (375EC13C-06E4-48FB-B500-84F0262A717E): 2
LogDevObjectVersion:   Dev-Editor (E4B068ED-F494-42E9-A231-DA0B2E46BB41): 26
LogDevObjectVersion:   Dev-Framework (CFFC743F-43B0-4480-9391-14DF171D2073): 34
LogDevObjectVersion:   Dev-Mobile (B02B49B5-BB20-44E9-A304-32B752E40360): 2
LogDevObjectVersion:   Dev-Networking (A4E4105C-59A1-49B5-A7C5-40C4547EDFEE): 0
LogDevObjectVersion:   Dev-Online (39C831C9-5AE6-47DC-9A44-9C173E1C8E7C): 0
LogDevObjectVersion:   Dev-Physics (78F01B33-EBEA-4F98-B9B4-84EACCB95AA2): 0
LogDevObjectVersion:   Dev-Platform (6631380F-2D4D-43E0-8009-CF276956A95A): 0
LogDevObjectVersion:   Dev-Rendering (12F88B9F-8875-4AFC-A67C-D90C383ABD29): 27
LogDevObjectVersion:   Dev-Sequencer (7B5AE74C-D270-4C10-A958-57980B212A5A): 9
LogDevObjectVersion:   Dev-VR (D7296918-1DD6-4BDD-9DE2-64A83CC13884): 2
LogDevObjectVersion:   Dev-LoadTimes (C2A15278-BFE7-4AFE-6C17-90FF531DF755): 1
LogDevObjectVersion:   Private-Geometry (6EACA3D4-40EC-4CC1-B786-8BED09428FC5): 3
LogDevObjectVersion:   Dev-AnimPhys (29E575DD-E0A3-4627-9D10-D276232CDCEA): 17
LogDevObjectVersion:   Dev-Anim (AF43A65D-7FD3-4947-9873-3E8ED9C1BB05): 2
LogDevObjectVersion:   Dev-ReflectionCapture (6B266CEC-1EC7-4B8F-A30B-E4D90942FC07): 1
LogDevObjectVersion:   Dev-Automation (0DF73D61-A23F-47EA-B727-89E90C41499A): 1
LogDevObjectVersion:   FortniteMain (601D1886-AC64-4F84-AA16-D3DE0DEAC7D6): 17
LogDevObjectVersion:   Dev-Enterprise (9DFFBCD6-494F-0158-E221-12823C92A888): 4
LogDevObjectVersion:   Dev-Niagara (F2AED0AC-9AFE-416F-8664-AA7FFA26D6FC): 1
LogStreaming: Display: Took  0.003s to delete old logs.
LogInit: Presizing for max 8388607 objects, including 0 objects not considered by GC, pre-allocating 0 bytes for permanent pool.
LogInit: Object subsystem initialized
LogConfig: Setting CVar [[con.DebugEarlyDefault:1]]
LogConfig: Setting CVar [[r.setres:1280x720]]
[2019.02.14-04.04.05:722][  0]LogConfig: Setting CVar [[r.VSync:0]]
[2019.02.14-04.04.05:722][  0]LogConfig: Setting CVar [[r.RHICmdBypass:0]]
[2019.02.14-04.04.05:722][  0]LogConfig: Applying CVar settings from Section [/Script/Engine.RendererSettings] File [C:/Users/Connor/Documents/CP-School/Senior Project/GitRepos/Senior-Project-CPP-Testground/HSPGame/Saved/Config/Windows/Engine.ini]
[2019.02.14-04.04.05:722][  0]LogConfig: Setting CVar [[r.GPUCrashDebugging:0]]
[2019.02.14-04.04.05:723][  0]LogConfig: Applying CVar settings from Section [/Script/Engine.RendererOverrideSettings] File [C:/Users/Connor/Documents/CP-School/Senior Project/GitRepos/Senior-Project-CPP-Testground/HSPGame/Saved/Config/Windows/Engine.ini]
[2019.02.14-04.04.05:723][  0]LogConfig: Applying CVar settings from Section [/Script/Engine.StreamingSettings] File [C:/Users/Connor/Documents/CP-School/Senior Project/GitRepos/Senior-Project-CPP-Testground/HSPGame/Saved/Config/Windows/Engine.ini]
[2019.02.14-04.04.05:723][  0]LogConfig: Setting CVar [[s.MinBulkDataSizeForAsyncLoading:131072]]
[2019.02.14-04.04.05:723][  0]LogConfig: Setting CVar [[s.AsyncLoadingThreadEnabled:0]]
[2019.02.14-04.04.05:723][  0]LogConfig: Setting CVar [[s.EventDrivenLoaderEnabled:1]]
[2019.02.14-04.04.05:723][  0]LogConfig: Setting CVar [[s.WarnIfTimeLimitExceeded:0]]
[2019.02.14-04.04.05:723][  0]LogConfig: Setting CVar [[s.TimeLimitExceededMultiplier:1.5]]
[2019.02.14-04.04.05:723][  0]LogConfig: Setting CVar [[s.TimeLimitExceededMinTime:0.005]]
[2019.02.14-04.04.05:723][  0]LogConfig: Setting CVar [[s.UseBackgroundLevelStreaming:1]]
[2019.02.14-04.04.05:723][  0]LogConfig: Setting CVar [[s.PriorityAsyncLoadingExtraTime:15.0]]
[2019.02.14-04.04.05:723][  0]LogConfig: Setting CVar [[s.LevelStreamingActorsUpdateTimeLimit:5.0]]
[2019.02.14-04.04.05:723][  0]LogConfig: Setting CVar [[s.PriorityLevelStreamingActorsUpdateExtraTime:5.0]]
[2019.02.14-04.04.05:724][  0]LogConfig: Setting CVar [[s.LevelStreamingComponentsRegistrationGranularity:10]]
[2019.02.14-04.04.05:724][  0]LogConfig: Setting CVar [[s.UnregisterComponentsTimeLimit:1.0]]
[2019.02.14-04.04.05:724][  0]LogConfig: Setting CVar [[s.LevelStreamingComponentsUnregistrationGranularity:5]]
[2019.02.14-04.04.05:724][  0]LogConfig: Applying CVar settings from Section [/Script/Engine.GarbageCollectionSettings] File [C:/Users/Connor/Documents/CP-School/Senior Project/GitRepos/Senior-Project-CPP-Testground/HSPGame/Saved/Config/Windows/Engine.ini]
[2019.02.14-04.04.05:724][  0]LogConfig: Setting CVar [[gc.MaxObjectsNotConsideredByGC:1]]
[2019.02.14-04.04.05:724][  0]LogConfig: Setting CVar [[gc.SizeOfPermanentObjectPool:0]]
[2019.02.14-04.04.05:724][  0]LogConfig: Setting CVar [[gc.FlushStreamingOnGC:0]]
[2019.02.14-04.04.05:724][  0]LogConfig: Setting CVar [[gc.NumRetriesBeforeForcingGC:10]]
[2019.02.14-04.04.05:724][  0]LogConfig: Setting CVar [[gc.AllowParallelGC:1]]
[2019.02.14-04.04.05:724][  0]LogConfig: Setting CVar [[gc.TimeBetweenPurgingPendingKillObjects:61.1]]
[2019.02.14-04.04.05:724][  0]LogConfig: Setting CVar [[gc.MaxObjectsInEditor:8388607]]
[2019.02.14-04.04.05:724][  0]LogConfig: Setting CVar [[gc.IncrementalBeginDestroyEnabled:1]]
[2019.02.14-04.04.05:724][  0]LogConfig: Setting CVar [[gc.CreateGCClusters:1]]
[2019.02.14-04.04.05:724][  0]LogConfig: Setting CVar [[gc.MergeGCClusters:0]]
[2019.02.14-04.04.05:724][  0]LogConfig: Setting CVar [[gc.MinGCClusterSize:5]]
[2019.02.14-04.04.05:724][  0]LogConfig: Setting CVar [[gc.ActorClusteringEnabled:0]]
[2019.02.14-04.04.05:724][  0]LogConfig: Setting CVar [[gc.BlueprintClusteringEnabled:0]]
[2019.02.14-04.04.05:725][  0]LogConfig: Setting CVar [[gc.UseDisregardForGCOnDedicatedServers:0]]
[2019.02.14-04.04.05:725][  0]LogConfig: Applying CVar settings from Section [/Script/Engine.NetworkSettings] File [C:/Users/Connor/Documents/CP-School/Senior Project/GitRepos/Senior-Project-CPP-Testground/HSPGame/Saved/Config/Windows/Engine.ini]
[2019.02.14-04.04.05:725][  0]LogConfig: Applying CVar settings from Section [/Script/UnrealEd.CookerSettings] File [C:/Users/Connor/Documents/CP-School/Senior Project/GitRepos/Senior-Project-CPP-Testground/HSPGame/Saved/Config/Windows/Engine.ini]
[2019.02.14-04.04.05:731][  0]LogConfig: Applying CVar settings from Section [ViewDistanceQuality@3] File [C:/Users/Connor/Documents/CP-School/Senior Project/GitRepos/Senior-Project-CPP-Testground/HSPGame/Saved/Config/Windows/Scalability.ini]
[2019.02.14-04.04.05:731][  0]LogConfig: Setting CVar [[r.SkeletalMeshLODBias:0]]
[2019.02.14-04.04.05:731][  0]LogConfig: Setting CVar [[r.ViewDistanceScale:1.0]]
[2019.02.14-04.04.05:731][  0]LogConfig: Applying CVar settings from Section [AntiAliasingQuality@3] File [C:/Users/Connor/Documents/CP-School/Senior Project/GitRepos/Senior-Project-CPP-Testground/HSPGame/Saved/Config/Windows/Scalability.ini]
[2019.02.14-04.04.05:731][  0]LogConfig: Setting CVar [[r.PostProcessAAQuality:4]]
[2019.02.14-04.04.05:731][  0]LogConfig: Applying CVar settings from Section [ShadowQuality@3] File [C:/Users/Connor/Documents/CP-School/Senior Project/GitRepos/Senior-Project-CPP-Testground/HSPGame/Saved/Config/Windows/Scalability.ini]
[2019.02.14-04.04.05:731][  0]LogConfig: Setting CVar [[r.LightFunctionQuality:1]]
[2019.02.14-04.04.05:731][  0]LogConfig: Setting CVar [[r.ShadowQuality:5]]
[2019.02.14-04.04.05:731][  0]LogConfig: Setting CVar [[r.Shadow.CSM.MaxCascades:10]]
[2019.02.14-04.04.05:731][  0]LogConfig: Setting CVar [[r.Shadow.MaxResolution:2048]]
[2019.02.14-04.04.05:731][  0]LogConfig: Setting CVar [[r.Shadow.MaxCSMResolution:2048]]
[2019.02.14-04.04.05:731][  0]LogConfig: Setting CVar [[r.Shadow.RadiusThreshold:0.01]]
[2019.02.14-04.04.05:732][  0]LogConfig: Setting CVar [[r.Shadow.DistanceScale:1.0]]
[2019.02.14-04.04.05:732][  0]LogConfig: Setting CVar [[r.Shadow.CSM.TransitionScale:1.0]]
[2019.02.14-04.04.05:732][  0]LogConfig: Setting CVar [[r.Shadow.PreShadowResolutionFactor:1.0]]
[2019.02.14-04.04.05:732][  0]LogConfig: Setting CVar [[r.DistanceFieldShadowing:1]]
[2019.02.14-04.04.05:732][  0]LogConfig: Setting CVar [[r.DistanceFieldAO:1]]
[2019.02.14-04.04.05:732][  0]LogConfig: Setting CVar [[r.AOQuality:2]]
[2019.02.14-04.04.05:732][  0]LogConfig: Setting CVar [[r.VolumetricFog:1]]
[2019.02.14-04.04.05:732][  0]LogConfig: Setting CVar [[r.VolumetricFog.GridPixelSize:8]]
[2019.02.14-04.04.05:732][  0]LogConfig: Setting CVar [[r.VolumetricFog.GridSizeZ:128]]
[2019.02.14-04.04.05:732][  0]LogConfig: Setting CVar [[r.VolumetricFog.HistoryMissSupersampleCount:4]]
[2019.02.14-04.04.05:732][  0]LogConfig: Setting CVar [[r.LightMaxDrawDistanceScale:1]]
[2019.02.14-04.04.05:732][  0]LogConfig: Setting CVar [[r.CapsuleShadows:1]]
[2019.02.14-04.04.05:732][  0]LogConfig: Applying CVar settings from Section [PostProcessQuality@3] File [C:/Users/Connor/Documents/CP-School/Senior Project/GitRepos/Senior-Project-CPP-Testground/HSPGame/Saved/Config/Windows/Scalability.ini]
[2019.02.14-04.04.05:732][  0]LogConfig: Setting CVar [[r.MotionBlurQuality:4]]
[2019.02.14-04.04.05:732][  0]LogConfig: Setting CVar [[r.AmbientOcclusionMipLevelFactor:0.4]]
[2019.02.14-04.04.05:733][  0]LogConfig: Setting CVar [[r.AmbientOcclusionMaxQuality:100]]
[2019.02.14-04.04.05:733][  0]LogConfig: Setting CVar [[r.AmbientOcclusionLevels:-1]]
[2019.02.14-04.04.05:733][  0]LogConfig: Setting CVar [[r.AmbientOcclusionRadiusScale:1.0]]
[2019.02.14-04.04.05:733][  0]LogConfig: Setting CVar [[r.DepthOfFieldQuality:2]]
[2019.02.14-04.04.05:733][  0]LogConfig: Setting CVar [[r.RenderTargetPoolMin:400]]
[2019.02.14-04.04.05:733][  0]LogConfig: Setting CVar [[r.LensFlareQuality:2]]
[2019.02.14-04.04.05:733][  0]LogConfig: Setting CVar [[r.SceneColorFringeQuality:1]]
[2019.02.14-04.04.05:733][  0]LogConfig: Setting CVar [[r.EyeAdaptationQuality:2]]
[2019.02.14-04.04.05:733][  0]LogConfig: Setting CVar [[r.BloomQuality:5]]
[2019.02.14-04.04.05:733][  0]LogConfig: Setting CVar [[r.FastBlurThreshold:100]]
[2019.02.14-04.04.05:733][  0]LogConfig: Setting CVar [[r.Upscale.Quality:3]]
[2019.02.14-04.04.05:733][  0]LogConfig: Setting CVar [[r.Tonemapper.GrainQuantization:1]]
[2019.02.14-04.04.05:733][  0]LogConfig: Setting CVar [[r.LightShaftQuality:1]]
[2019.02.14-04.04.05:733][  0]LogConfig: Setting CVar [[r.Filter.SizeScale:1]]
[2019.02.14-04.04.05:733][  0]LogConfig: Setting CVar [[r.Tonemapper.Quality:5]]
[2019.02.14-04.04.05:734][  0]LogConfig: Setting CVar [[r.DOF.Gather.AccumulatorQuality:1        ; higher gathering accumulator quality]]
[2019.02.14-04.04.05:734][  0]LogConfig: Setting CVar [[r.DOF.Gather.PostfilterMethod:1          ; Median3x3 postfilering method]]
[2019.02.14-04.04.05:734][  0]LogConfig: Setting CVar [[r.DOF.Gather.EnableBokehSettings:0       ; no bokeh simulation when gathering]]
[2019.02.14-04.04.05:734][  0]LogConfig: Setting CVar [[r.DOF.Gather.RingCount:4                 ; medium number of samples when gathering]]
[2019.02.14-04.04.05:734][  0]LogConfig: Setting CVar [[r.DOF.Scatter.ForegroundCompositing:1    ; additive foreground scattering]]
[2019.02.14-04.04.05:734][  0]LogConfig: Setting CVar [[r.DOF.Scatter.BackgroundCompositing:2    ; additive background scattering]]
[2019.02.14-04.04.05:734][  0]LogConfig: Setting CVar [[r.DOF.Scatter.EnableBokehSettings:1      ; bokeh simulation when scattering]]
[2019.02.14-04.04.05:734][  0]LogConfig: Setting CVar [[r.DOF.Scatter.MaxSpriteRatio:0.1         ; only a maximum of 10% of scattered bokeh]]
[2019.02.14-04.04.05:734][  0]LogConfig: Setting CVar [[r.DOF.Recombine.Quality:1                ; cheap slight out of focus]]
[2019.02.14-04.04.05:734][  0]LogConfig: Setting CVar [[r.DOF.Recombine.EnableBokehSettings:0    ; no bokeh simulation on slight out of focus]]
[2019.02.14-04.04.05:734][  0]LogConfig: Setting CVar [[r.DOF.TemporalAAQuality:1                ; more stable temporal accumulation]]
[2019.02.14-04.04.05:734][  0]LogConfig: Setting CVar [[r.DOF.Kernel.MaxForegroundRadius:0.025]]
[2019.02.14-04.04.05:734][  0]LogConfig: Setting CVar [[r.DOF.Kernel.MaxBackgroundRadius:0.025]]
[2019.02.14-04.04.05:734][  0]LogConfig: Applying CVar settings from Section [TextureQuality@3] File [C:/Users/Connor/Documents/CP-School/Senior Project/GitRepos/Senior-Project-CPP-Testground/HSPGame/Saved/Config/Windows/Scalability.ini]
[2019.02.14-04.04.05:734][  0]LogConfig: Setting CVar [[r.Streaming.MipBias:0]]
[2019.02.14-04.04.05:734][  0]LogConfig: Setting CVar [[r.Streaming.AmortizeCPUToGPUCopy:0]]
[2019.02.14-04.04.05:734][  0]LogConfig: Setting CVar [[r.Streaming.MaxNumTexturesToStreamPerFrame:0]]
[2019.02.14-04.04.05:734][  0]LogConfig: Setting CVar [[r.Streaming.Boost:1]]
[2019.02.14-04.04.05:735][  0]LogConfig: Setting CVar [[r.MaxAnisotropy:8]]
[2019.02.14-04.04.05:735][  0]LogConfig: Setting CVar [[r.Streaming.LimitPoolSizeToVRAM:0]]
[2019.02.14-04.04.05:735][  0]LogConfig: Setting CVar [[r.Streaming.PoolSize:1000]]
[2019.02.14-04.04.05:735][  0]LogConfig: Setting CVar [[r.Streaming.MaxEffectiveScreenSize:0]]
[2019.02.14-04.04.05:735][  0]LogConfig: Applying CVar settings from Section [EffectsQuality@3] File [C:/Users/Connor/Documents/CP-School/Senior Project/GitRepos/Senior-Project-CPP-Testground/HSPGame/Saved/Config/Windows/Scalability.ini]
[2019.02.14-04.04.05:735][  0]LogConfig: Setting CVar [[r.TranslucencyLightingVolumeDim:64]]
[2019.02.14-04.04.05:735][  0]LogConfig: Setting CVar [[r.RefractionQuality:2]]
[2019.02.14-04.04.05:735][  0]LogConfig: Setting CVar [[r.SSR.Quality:3]]
[2019.02.14-04.04.05:735][  0]LogConfig: Setting CVar [[r.SceneColorFormat:4]]
[2019.02.14-04.04.05:735][  0]LogConfig: Setting CVar [[r.DetailMode:2]]
[2019.02.14-04.04.05:735][  0]LogConfig: Setting CVar [[r.TranslucencyVolumeBlur:1]]
[2019.02.14-04.04.05:735][  0]LogConfig: Setting CVar [[r.MaterialQualityLevel:1 ; High quality]]
[2019.02.14-04.04.05:735][  0]LogConfig: Setting CVar [[r.SSS.Scale:1]]
[2019.02.14-04.04.05:735][  0]LogConfig: Setting CVar [[r.SSS.SampleSet:2]]
[2019.02.14-04.04.05:735][  0]LogConfig: Setting CVar [[r.SSS.Quality:1]]
[2019.02.14-04.04.05:735][  0]LogConfig: Setting CVar [[r.SSS.HalfRes:1]]
[2019.02.14-04.04.05:736][  0]LogConfig: Setting CVar [[r.EmitterSpawnRateScale:1.0]]
[2019.02.14-04.04.05:736][  0]LogConfig: Setting CVar [[r.ParticleLightQuality:2]]
[2019.02.14-04.04.05:736][  0]LogConfig: Applying CVar settings from Section [FoliageQuality@3] File [C:/Users/Connor/Documents/CP-School/Senior Project/GitRepos/Senior-Project-CPP-Testground/HSPGame/Saved/Config/Windows/Scalability.ini]
[2019.02.14-04.04.05:736][  0]LogConfig: Setting CVar [[foliage.DensityScale:1.0]]
[2019.02.14-04.04.05:736][  0]LogConfig: Setting CVar [[grass.DensityScale:1.0]]
[2019.02.14-04.04.05:736][  0]LogInit: Selected Device Profile: [Windows]
[2019.02.14-04.04.05:736][  0]LogInit: Applying CVar settings loaded from the selected device profile: [Windows]
[2019.02.14-04.04.05:748][  0]LogHAL: Display: Platform has ~ 16 GB [17015799808 / 17179869184 / 16], which maps to Larger [LargestMinGB=32, LargerMinGB=12, DefaultMinGB=8, SmallerMinGB=6, SmallestMinGB=0)
[2019.02.14-04.04.05:748][  0]LogConfig: Setting CVar [[r.Vulkan.UseRealUBs:1]]
[2019.02.14-04.04.05:748][  0]LogInit: Going up to parent DeviceProfile []
[2019.02.14-04.04.05:748][  0]LogConfig: Applying CVar settings from Section [ViewDistanceQuality@3] File [C:/Users/Connor/Documents/CP-School/Senior Project/GitRepos/Senior-Project-CPP-Testground/HSPGame/Saved/Config/Windows/Scalability.ini]
[2019.02.14-04.04.05:748][  0]LogConfig: Setting CVar [[r.SkeletalMeshLODBias:0]]
[2019.02.14-04.04.05:748][  0]LogConfig: Setting CVar [[r.ViewDistanceScale:1.0]]
[2019.02.14-04.04.05:748][  0]LogConfig: Applying CVar settings from Section [AntiAliasingQuality@3] File [C:/Users/Connor/Documents/CP-School/Senior Project/GitRepos/Senior-Project-CPP-Testground/HSPGame/Saved/Config/Windows/Scalability.ini]
[2019.02.14-04.04.05:748][  0]LogConfig: Setting CVar [[r.PostProcessAAQuality:4]]
[2019.02.14-04.04.05:748][  0]LogConfig: Applying CVar settings from Section [ShadowQuality@3] File [C:/Users/Connor/Documents/CP-School/Senior Project/GitRepos/Senior-Project-CPP-Testground/HSPGame/Saved/Config/Windows/Scalability.ini]
[2019.02.14-04.04.05:749][  0]LogConfig: Setting CVar [[r.LightFunctionQuality:1]]
[2019.02.14-04.04.05:749][  0]LogConfig: Setting CVar [[r.ShadowQuality:5]]
[2019.02.14-04.04.05:749][  0]LogConfig: Setting CVar [[r.Shadow.CSM.MaxCascades:10]]
[2019.02.14-04.04.05:749][  0]LogConfig: Setting CVar [[r.Shadow.MaxResolution:2048]]
[2019.02.14-04.04.05:749][  0]LogConfig: Setting CVar [[r.Shadow.MaxCSMResolution:2048]]
[2019.02.14-04.04.05:749][  0]LogConfig: Setting CVar [[r.Shadow.RadiusThreshold:0.01]]
[2019.02.14-04.04.05:749][  0]LogConfig: Setting CVar [[r.Shadow.DistanceScale:1.0]]
[2019.02.14-04.04.05:749][  0]LogConfig: Setting CVar [[r.Shadow.CSM.TransitionScale:1.0]]
[2019.02.14-04.04.05:749][  0]LogConfig: Setting CVar [[r.Shadow.PreShadowResolutionFactor:1.0]]
[2019.02.14-04.04.05:749][  0]LogConfig: Setting CVar [[r.DistanceFieldShadowing:1]]
[2019.02.14-04.04.05:749][  0]LogConfig: Setting CVar [[r.DistanceFieldAO:1]]
[2019.02.14-04.04.05:749][  0]LogConfig: Setting CVar [[r.AOQuality:2]]
[2019.02.14-04.04.05:749][  0]LogConfig: Setting CVar [[r.VolumetricFog:1]]
[2019.02.14-04.04.05:749][  0]LogConfig: Setting CVar [[r.VolumetricFog.GridPixelSize:8]]
[2019.02.14-04.04.05:750][  0]LogConfig: Setting CVar [[r.VolumetricFog.GridSizeZ:128]]
[2019.02.14-04.04.05:750][  0]LogConfig: Setting CVar [[r.VolumetricFog.HistoryMissSupersampleCount:4]]
[2019.02.14-04.04.05:750][  0]LogConfig: Setting CVar [[r.LightMaxDrawDistanceScale:1]]
[2019.02.14-04.04.05:750][  0]LogConfig: Setting CVar [[r.CapsuleShadows:1]]
[2019.02.14-04.04.05:750][  0]LogConfig: Applying CVar settings from Section [PostProcessQuality@3] File [C:/Users/Connor/Documents/CP-School/Senior Project/GitRepos/Senior-Project-CPP-Testground/HSPGame/Saved/Config/Windows/Scalability.ini]
[2019.02.14-04.04.05:750][  0]LogConfig: Setting CVar [[r.MotionBlurQuality:4]]
[2019.02.14-04.04.05:750][  0]LogConfig: Setting CVar [[r.AmbientOcclusionMipLevelFactor:0.4]]
[2019.02.14-04.04.05:750][  0]LogConfig: Setting CVar [[r.AmbientOcclusionMaxQuality:100]]
[2019.02.14-04.04.05:750][  0]LogConfig: Setting CVar [[r.AmbientOcclusionLevels:-1]]
[2019.02.14-04.04.05:750][  0]LogConfig: Setting CVar [[r.AmbientOcclusionRadiusScale:1.0]]
[2019.02.14-04.04.05:750][  0]LogConfig: Setting CVar [[r.DepthOfFieldQuality:2]]
[2019.02.14-04.04.05:750][  0]LogConfig: Setting CVar [[r.RenderTargetPoolMin:400]]
[2019.02.14-04.04.05:750][  0]LogConfig: Setting CVar [[r.LensFlareQuality:2]]
[2019.02.14-04.04.05:750][  0]LogConfig: Setting CVar [[r.SceneColorFringeQuality:1]]
[2019.02.14-04.04.05:750][  0]LogConfig: Setting CVar [[r.EyeAdaptationQuality:2]]
[2019.02.14-04.04.05:750][  0]LogConfig: Setting CVar [[r.BloomQuality:5]]
[2019.02.14-04.04.05:750][  0]LogConfig: Setting CVar [[r.FastBlurThreshold:100]]
[2019.02.14-04.04.05:750][  0]LogConfig: Setting CVar [[r.Upscale.Quality:3]]
[2019.02.14-04.04.05:750][  0]LogConfig: Setting CVar [[r.Tonemapper.GrainQuantization:1]]
[2019.02.14-04.04.05:750][  0]LogConfig: Setting CVar [[r.LightShaftQuality:1]]
[2019.02.14-04.04.05:750][  0]LogConfig: Setting CVar [[r.Filter.SizeScale:1]]
[2019.02.14-04.04.05:751][  0]LogConfig: Setting CVar [[r.Tonemapper.Quality:5]]
[2019.02.14-04.04.05:751][  0]LogConfig: Setting CVar [[r.DOF.Gather.AccumulatorQuality:1        ; higher gathering accumulator quality]]
[2019.02.14-04.04.05:751][  0]LogConfig: Setting CVar [[r.DOF.Gather.PostfilterMethod:1          ; Median3x3 postfilering method]]
[2019.02.14-04.04.05:751][  0]LogConfig: Setting CVar [[r.DOF.Gather.EnableBokehSettings:0       ; no bokeh simulation when gathering]]
[2019.02.14-04.04.05:751][  0]LogConfig: Setting CVar [[r.DOF.Gather.RingCount:4                 ; medium number of samples when gathering]]
[2019.02.14-04.04.05:751][  0]LogConfig: Setting CVar [[r.DOF.Scatter.ForegroundCompositing:1    ; additive foreground scattering]]
[2019.02.14-04.04.05:751][  0]LogConfig: Setting CVar [[r.DOF.Scatter.BackgroundCompositing:2    ; additive background scattering]]
[2019.02.14-04.04.05:751][  0]LogConfig: Setting CVar [[r.DOF.Scatter.EnableBokehSettings:1      ; bokeh simulation when scattering]]
[2019.02.14-04.04.05:751][  0]LogConfig: Setting CVar [[r.DOF.Scatter.MaxSpriteRatio:0.1         ; only a maximum of 10% of scattered bokeh]]
[2019.02.14-04.04.05:751][  0]LogConfig: Setting CVar [[r.DOF.Recombine.Quality:1                ; cheap slight out of focus]]
[2019.02.14-04.04.05:751][  0]LogConfig: Setting CVar [[r.DOF.Recombine.EnableBokehSettings:0    ; no bokeh simulation on slight out of focus]]
[2019.02.14-04.04.05:751][  0]LogConfig: Setting CVar [[r.DOF.TemporalAAQuality:1                ; more stable temporal accumulation]]
[2019.02.14-04.04.05:751][  0]LogConfig: Setting CVar [[r.DOF.Kernel.MaxForegroundRadius:0.025]]
[2019.02.14-04.04.05:751][  0]LogConfig: Setting CVar [[r.DOF.Kernel.MaxBackgroundRadius:0.025]]
[2019.02.14-04.04.05:751][  0]LogConfig: Applying CVar settings from Section [TextureQuality@3] File [C:/Users/Connor/Documents/CP-School/Senior Project/GitRepos/Senior-Project-CPP-Testground/HSPGame/Saved/Config/Windows/Scalability.ini]
[2019.02.14-04.04.05:751][  0]LogConfig: Setting CVar [[r.Streaming.MipBias:0]]
[2019.02.14-04.04.05:751][  0]LogConfig: Setting CVar [[r.Streaming.AmortizeCPUToGPUCopy:0]]
[2019.02.14-04.04.05:751][  0]LogConfig: Setting CVar [[r.Streaming.MaxNumTexturesToStreamPerFrame:0]]
[2019.02.14-04.04.05:752][  0]LogConfig: Setting CVar [[r.Streaming.Boost:1]]
[2019.02.14-04.04.05:752][  0]LogConfig: Setting CVar [[r.MaxAnisotropy:8]]
[2019.02.14-04.04.05:752][  0]LogConfig: Setting CVar [[r.Streaming.LimitPoolSizeToVRAM:0]]
[2019.02.14-04.04.05:752][  0]LogConfig: Setting CVar [[r.Streaming.PoolSize:1000]]
[2019.02.14-04.04.05:752][  0]LogConfig: Setting CVar [[r.Streaming.MaxEffectiveScreenSize:0]]
[2019.02.14-04.04.05:752][  0]LogConfig: Applying CVar settings from Section [EffectsQuality@3] File [C:/Users/Connor/Documents/CP-School/Senior Project/GitRepos/Senior-Project-CPP-Testground/HSPGame/Saved/Config/Windows/Scalability.ini]
[2019.02.14-04.04.05:752][  0]LogConfig: Setting CVar [[r.TranslucencyLightingVolumeDim:64]]
[2019.02.14-04.04.05:752][  0]LogConfig: Setting CVar [[r.RefractionQuality:2]]
[2019.02.14-04.04.05:752][  0]LogConfig: Setting CVar [[r.SSR.Quality:3]]
[2019.02.14-04.04.05:752][  0]LogConfig: Setting CVar [[r.SceneColorFormat:4]]
[2019.02.14-04.04.05:752][  0]LogConfig: Setting CVar [[r.DetailMode:2]]
[2019.02.14-04.04.05:752][  0]LogConfig: Setting CVar [[r.TranslucencyVolumeBlur:1]]
[2019.02.14-04.04.05:752][  0]LogConfig: Setting CVar [[r.MaterialQualityLevel:1 ; High quality]]
[2019.02.14-04.04.05:752][  0]LogConfig: Setting CVar [[r.SSS.Scale:1]]
[2019.02.14-04.04.05:752][  0]LogConfig: Setting CVar [[r.SSS.SampleSet:2]]
[2019.02.14-04.04.05:752][  0]LogConfig: Setting CVar [[r.SSS.Quality:1]]
[2019.02.14-04.04.05:752][  0]LogConfig: Setting CVar [[r.SSS.HalfRes:1]]
[2019.02.14-04.04.05:752][  0]LogConfig: Setting CVar [[r.EmitterSpawnRateScale:1.0]]
[2019.02.14-04.04.05:752][  0]LogConfig: Setting CVar [[r.ParticleLightQuality:2]]
[2019.02.14-04.04.05:752][  0]LogConfig: Applying CVar settings from Section [FoliageQuality@3] File [C:/Users/Connor/Documents/CP-School/Senior Project/GitRepos/Senior-Project-CPP-Testground/HSPGame/Saved/Config/Windows/Scalability.ini]
[2019.02.14-04.04.05:753][  0]LogConfig: Setting CVar [[foliage.DensityScale:1.0]]
[2019.02.14-04.04.05:753][  0]LogConfig: Setting CVar [[grass.DensityScale:1.0]]
[2019.02.14-04.04.05:753][  0]LogConfig: Applying CVar settings from Section [Startup] File [../../../Engine/Config/ConsoleVariables.ini]
[2019.02.14-04.04.05:753][  0]LogConfig: Setting CVar [[net.UseAdaptiveNetUpdateFrequency:0]]
[2019.02.14-04.04.05:753][  0]LogConfig: Applying CVar settings from Section [ConsoleVariables] File [C:/Users/Connor/Documents/CP-School/Senior Project/GitRepos/Senior-Project-CPP-Testground/HSPGame/Saved/Config/Windows/Engine.ini]
[2019.02.14-04.04.05:753][  0]LogInit: Computer: UNIT-01-CON
[2019.02.14-04.04.05:753][  0]LogInit: User: Connor
[2019.02.14-04.04.05:753][  0]LogInit: CPU Page size=4096, Cores=6
[2019.02.14-04.04.05:753][  0]LogInit: High frequency timer resolution =2.156247 MHz
[2019.02.14-04.04.05:754][  0]LogMemory: Memory total: Physical=15.8GB (16GB approx)
[2019.02.14-04.04.05:754][  0]LogMemory: Platform Memory Stats for Windows
[2019.02.14-04.04.05:754][  0]LogMemory: Process Physical Memory: 103.89 MB used, 103.89 MB peak
[2019.02.14-04.04.05:754][  0]LogMemory: Process Virtual Memory: 87.07 MB used, 87.07 MB peak
[2019.02.14-04.04.05:754][  0]LogMemory: Physical Memory: 11728.34 MB used,  4499.19 MB free, 16227.53 MB total
[2019.02.14-04.04.05:754][  0]LogMemory: Virtual Memory: 4665.05 MB used,  134213064.00 MB free, 134217728.00 MB total
[2019.02.14-04.04.05:848][  0]LogInit: Using OS detected language (en-US).
[2019.02.14-04.04.05:849][  0]LogInit: Using OS detected locale (en-US).
[2019.02.14-04.04.05:850][  0]LogTextLocalizationManager: No specific localization for 'en-US' exists, so the 'en' localization will be used.
[2019.02.14-04.04.06:162][  0]LogStreaming: Display: Took  0.313s to InitEngineTextLocalization.
[2019.02.14-04.04.06:220][  0]LogSlate: New Slate User Created.  User Index 0, Is Virtual User: 0
[2019.02.14-04.04.06:221][  0]LogSlate: Slate User Registered.  User Index 0, Is Virtual User: 0
[2019.02.14-04.04.06:427][  0]LogHMD: Failed to initialize OpenVR with code 110
[2019.02.14-04.04.06:427][  0]LogD3D11RHI: D3D11 adapters:
[2019.02.14-04.04.06:513][  0]LogD3D11RHI:    0. 'NVIDIA GeForce GTX 1070 with Max-Q Design' (Feature Level 11_0)
[2019.02.14-04.04.06:513][  0]LogD3D11RHI:       8081/0/8113 MB DedicatedVideo/DedicatedSystem/SharedSystem, Outputs:2, VendorId:0x10de
[2019.02.14-04.04.06:535][  0]LogD3D11RHI:    1. 'Intel(R) UHD Graphics 630' (Feature Level 11_0)
[2019.02.14-04.04.06:536][  0]LogD3D11RHI:       128/0/8113 MB DedicatedVideo/DedicatedSystem/SharedSystem, Outputs:0, VendorId:0x8086
[2019.02.14-04.04.06:540][  0]LogD3D11RHI:    2. 'Microsoft Basic Render Driver' (Feature Level 11_0)
[2019.02.14-04.04.06:540][  0]LogD3D11RHI:       0/0/8113 MB DedicatedVideo/DedicatedSystem/SharedSystem, Outputs:0, VendorId:0x1414
[2019.02.14-04.04.06:540][  0]LogD3D11RHI: Chosen D3D11 Adapter: 0
[2019.02.14-04.04.06:568][  0]LogD3D11RHI: Creating new Direct3DDevice
[2019.02.14-04.04.06:568][  0]LogD3D11RHI:     GPU DeviceId: 0x1ba1 (for the marketing name, search the web for "GPU Device Id")
[2019.02.14-04.04.06:568][  0]LogWindows: EnumDisplayDevices:
[2019.02.14-04.04.06:568][  0]LogWindows:    0. 'Intel(R) UHD Graphics 630' (P:1 D:1)
[2019.02.14-04.04.06:569][  0]LogWindows:    1. 'Intel(R) UHD Graphics 630' (P:0 D:0)
[2019.02.14-04.04.06:569][  0]LogWindows:    2. 'Intel(R) UHD Graphics 630' (P:0 D:0)
[2019.02.14-04.04.06:569][  0]LogWindows:    3. 'NVIDIA GeForce GTX 1070 with Max-Q Design' (P:0 D:1)
[2019.02.14-04.04.06:570][  0]LogWindows:    4. 'NVIDIA GeForce GTX 1070 with Max-Q Design' (P:0 D:0)
[2019.02.14-04.04.06:570][  0]LogWindows:    5. 'NVIDIA GeForce GTX 1070 with Max-Q Design' (P:0 D:0)
[2019.02.14-04.04.06:570][  0]LogWindows:    6. 'NVIDIA GeForce GTX 1070 with Max-Q Design' (P:0 D:0)
[2019.02.14-04.04.06:570][  0]LogWindows: DebugString: PrimaryIsNotTheChoosenAdapter PrimaryIsNotTheChoosenAdapter PrimaryIsNotTheChoosenAdapter FoundDriverCount:4 
[2019.02.14-04.04.06:570][  0]LogD3D11RHI:     Adapter Name: NVIDIA GeForce GTX 1070 with Max-Q Design
[2019.02.14-04.04.06:570][  0]LogD3D11RHI:   Driver Version: 416.34 (internal:25.21.14.1634, unified:416.34)
[2019.02.14-04.04.06:571][  0]LogD3D11RHI:      Driver Date: 10-10-2018
[2019.02.14-04.04.06:571][  0]LogRHI: Texture pool is 5656 MB (70% of 8081 MB)
[2019.02.14-04.04.06:614][  0]LogD3D11RHI: Async texture creation enabled
[2019.02.14-04.04.06:644][  0]LogD3D11RHI: GPU Timing Frequency: 1000.000000 (Debug: 2 2)
[2019.02.14-04.04.06:979][  0]LogTemp: Display: Loaded TP AllDesktopTargetPlatform
[2019.02.14-04.04.06:996][  0]LogTemp: Display: Loaded TP MacClientTargetPlatform
[2019.02.14-04.04.07:014][  0]LogTemp: Display: Loaded TP MacNoEditorTargetPlatform
[2019.02.14-04.04.07:031][  0]LogTemp: Display: Loaded TP MacServerTargetPlatform
[2019.02.14-04.04.07:048][  0]LogTemp: Display: Loaded TP MacTargetPlatform
[2019.02.14-04.04.07:066][  0]LogTemp: Display: Loaded TP WindowsClientTargetPlatform
[2019.02.14-04.04.07:083][  0]LogTemp: Display: Loaded TP WindowsNoEditorTargetPlatform
[2019.02.14-04.04.07:100][  0]LogTemp: Display: Loaded TP WindowsServerTargetPlatform
[2019.02.14-04.04.07:112][  0]LogTemp: Display: Loaded TP WindowsTargetPlatform
[2019.02.14-04.04.07:177][  0]LogTemp: Display: Loaded TP AndroidTargetPlatform
[2019.02.14-04.04.07:177][  0]LogTemp: Display: Loaded TP AndroidTargetPlatform
[2019.02.14-04.04.07:177][  0]LogTemp: Display: Loaded TP AndroidTargetPlatform
[2019.02.14-04.04.07:177][  0]LogTemp: Display: Loaded TP AndroidTargetPlatform
[2019.02.14-04.04.07:177][  0]LogTemp: Display: Loaded TP AndroidTargetPlatform
[2019.02.14-04.04.07:178][  0]LogTemp: Display: Loaded TP AndroidTargetPlatform
[2019.02.14-04.04.07:178][  0]LogTemp: Display: Loaded TP AndroidTargetPlatform
[2019.02.14-04.04.07:178][  0]LogTemp: Display: Loaded TP AndroidTargetPlatform
[2019.02.14-04.04.07:178][  0]LogTemp: Display: Loaded TP AndroidTargetPlatform
[2019.02.14-04.04.07:178][  0]LogTemp: Display: Loaded TP AndroidTargetPlatform
[2019.02.14-04.04.07:178][  0]LogTemp: Display: Loaded TP AndroidTargetPlatform
[2019.02.14-04.04.07:178][  0]LogTemp: Display: Loaded TP AndroidTargetPlatform
[2019.02.14-04.04.07:178][  0]LogTemp: Display: Loaded TP AndroidTargetPlatform
[2019.02.14-04.04.07:178][  0]LogTemp: Display: Loaded TP AndroidTargetPlatform
[2019.02.14-04.04.07:178][  0]LogTemp: Display: Loaded TP AndroidTargetPlatform
[2019.02.14-04.04.07:179][  0]LogTemp: Display: Loaded TP AndroidTargetPlatform
[2019.02.14-04.04.07:179][  0]LogTemp: Display: Loaded TP AndroidTargetPlatform
[2019.02.14-04.04.07:179][  0]LogTemp: Display: Loaded TP AndroidTargetPlatform
[2019.02.14-04.04.07:182][  0]LogTemp: Display: Loaded TP HTML5TargetPlatform
[2019.02.14-04.04.07:253][  0]LogTemp: Display: Loaded TP IOSTargetPlatform
[2019.02.14-04.04.07:253][  0]LogTemp: Display: Loaded TP IOSTargetPlatform
[2019.02.14-04.04.07:275][  0]LogTemp: Display: Loaded TP TVOSTargetPlatform
[2019.02.14-04.04.07:275][  0]LogTemp: Display: Loaded TP TVOSTargetPlatform
[2019.02.14-04.04.07:289][  0]LogTemp: Display: Loaded TP LinuxClientTargetPlatform
[2019.02.14-04.04.07:303][  0]LogTemp: Display: Loaded TP LinuxNoEditorTargetPlatform
[2019.02.14-04.04.07:320][  0]LogTemp: Display: Loaded TP LinuxServerTargetPlatform
[2019.02.14-04.04.07:334][  0]LogTemp: Display: Loaded TP LinuxTargetPlatform
[2019.02.14-04.04.07:374][  0]LogTemp: Display: Loaded TP LuminTargetPlatform
[2019.02.14-04.04.07:374][  0]LogTemp: Display: Loaded TP LuminTargetPlatform
[2019.02.14-04.04.07:374][  0]LogTargetPlatformManager: Display: Building Assets For Windows
[2019.02.14-04.04.07:537][  0]LogShaderCompilers: Guid format shader working directory is -66 characters bigger than the processId version (../../../../../../Users/Connor/Documents/CP-School/Senior Project/GitRepos/Senior-Project-CPP-Testground/HSPGame/Intermediate/Shaders/WorkingDirectory/16668/).
[2019.02.14-04.04.07:538][  0]LogShaderCompilers: Cleaned the shader compiler working directory 'C:/Users/Connor/AppData/Local/Temp/UnrealShaderWorkingDir/011F48D84C45FD35287EA6B31CD77EA8/'.
[2019.02.14-04.04.07:541][  0]LogXGEController: Cannot use XGE Controller as Incredibuild is not installed on this machine.
[2019.02.14-04.04.07:541][  0]LogShaderCompilers: Cannot use XGE Shader Compiler as Incredibuild is not installed on this machine.
[2019.02.14-04.04.07:541][  0]LogShaderCompilers: Display: Using Local Shader Compiler.
[2019.02.14-04.04.08:000][  0]LogDerivedDataCache: Display: Max Cache Size: 512 MB
[2019.02.14-04.04.08:044][  0]LogDerivedDataCache: Loaded boot cache 0.04s 71MB C:/Users/Connor/AppData/Local/UnrealEngine/4.21/DerivedDataCache/Boot.ddc.
[2019.02.14-04.04.08:044][  0]LogDerivedDataCache: Display: Loaded Boot cache: C:/Users/Connor/AppData/Local/UnrealEngine/4.21/DerivedDataCache/Boot.ddc
[2019.02.14-04.04.08:044][  0]LogDerivedDataCache: FDerivedDataBackendGraph:  Pak pak cache file ../../../../../../Users/Connor/Documents/CP-School/Senior Project/GitRepos/Senior-Project-CPP-Testground/HSPGame/DerivedDataCache/DDC.ddp not found, will not use a pak cache.
[2019.02.14-04.04.08:044][  0]LogDerivedDataCache: Unable to find inner node Pak for hierarchical cache Hierarchy.
[2019.02.14-04.04.08:045][  0]LogDerivedDataCache: FDerivedDataBackendGraph:  CompressedPak pak cache file ../../../../../../Users/Connor/Documents/CP-School/Senior Project/GitRepos/Senior-Project-CPP-Testground/HSPGame/DerivedDataCache/Compressed.ddp not found, will not use a pak cache.
[2019.02.14-04.04.08:045][  0]LogDerivedDataCache: Unable to find inner node CompressedPak for hierarchical cache Hierarchy.
[2019.02.14-04.04.08:056][  0]LogDerivedDataCache: Display: Pak cache opened for reading ../../../Engine/DerivedDataCache/Compressed.ddp.
[2019.02.14-04.04.08:056][  0]LogDerivedDataCache: FDerivedDataBackendGraph:  EnterprisePak pak cache file ../../../Enterprise/DerivedDataCache/Compressed.ddp not found, will not use a pak cache.
[2019.02.14-04.04.08:057][  0]LogDerivedDataCache: Unable to find inner node EnterprisePak for hierarchical cache Hierarchy.
[2019.02.14-04.04.08:069][  0]LogDerivedDataCache: Using Local data cache path C:/Users/Connor/AppData/Local/UnrealEngine/Common/DerivedDataCache: Writable
[2019.02.14-04.04.08:069][  0]LogDerivedDataCache: Shared data cache path not found in *engine.ini, will not use an Shared cache.
[2019.02.14-04.04.08:070][  0]LogDerivedDataCache: Unable to find inner node Shared for hierarchical cache Hierarchy.
[2019.02.14-04.04.08:089][  0]LogMaterial: Verifying Global Shaders for PCD3D_SM5
[2019.02.14-04.04.08:090][  0]LogSlate: Using FreeType 2.6.0
[2019.02.14-04.04.08:091][  0]LogSlate: SlateFontServices - WITH_FREETYPE: 1, WITH_HARFBUZZ: 1
[2019.02.14-04.04.08:172][  0]LogAssetRegistry: FAssetRegistry took 0.0334 seconds to start up
[2019.02.14-04.04.08:450][  0]LogInit: Selected Device Profile: [Windows]
[2019.02.14-04.04.08:618][  0]LogSimplygon: Simplygon DLL not present - disabling.
[2019.02.14-04.04.08:636][  0]LogMeshReduction: Using SimplygonSwarm for distributed automatic mesh merging
[2019.02.14-04.04.08:636][  0]LogMeshReduction: Using ProxyLODMeshReduction for automatic mesh merging
[2019.02.14-04.04.08:637][  0]LogMeshReduction: Using QuadricMeshReduction for automatic static mesh reduction
[2019.02.14-04.04.08:637][  0]LogMeshReduction: No automatic skeletal mesh reduction module available
[2019.02.14-04.04.08:650][  0]LogNetVersion: HSPGame 1.0.0, NetCL: 4541578, EngineNetVer: 5, GameNetVer: 0 (Checksum: 2893343623)
[2019.02.14-04.04.09:134][  0]LogPackageLocalizationCache: Processed 11 localized package path(s) for 2 prioritized culture(s) in 0.082755 seconds
[2019.02.14-04.04.09:139][  0]LogUObjectArray: 39775 objects as part of root set at end of initial load.
[2019.02.14-04.04.09:139][  0]LogUObjectAllocator: 6914664 out of 0 bytes used by permanent object pool.
[2019.02.14-04.04.09:139][  0]LogUObjectArray: CloseDisregardForGC: 0/0 objects in disregard for GC pool
[2019.02.14-04.04.10:148][  0]LogTcpMessaging: Initializing TcpMessaging bridge
[2019.02.14-04.04.10:166][  0]LogUdpMessaging: Initializing bridge on interface 0.0.0.0:0 to multicast group 230.0.0.1:6666.
[2019.02.14-04.04.10:847][  0]SourceControl: Source control is disabled
[2019.02.14-04.04.10:848][  0]SourceControl: Source control is disabled
[2019.02.14-04.04.10:859][  0]SourceControl: Source control is disabled
[2019.02.14-04.04.10:864][  0]SourceControl: Source control is disabled
[2019.02.14-04.04.11:205][  0]LogAndroidPermission: UAndroidPermissionCallbackProxy::GetInstance
[2019.02.14-04.04.11:369][  0]LogOcInput: OculusInput pre-init called
[2019.02.14-04.04.11:530][  0]LogEngine: Initializing Engine...
[2019.02.14-04.04.11:530][  0]LogHMD: Failed to initialize OpenVR with code 110
[2019.02.14-04.04.11:532][  0]LogStats: UGameplayTagsManager::ConstructGameplayTagTree: ImportINI prefixes -  0.000 s
[2019.02.14-04.04.11:532][  0]LogStats: UGameplayTagsManager::ConstructGameplayTagTree: Construct from data asset -  0.000 s
[2019.02.14-04.04.11:532][  0]LogStats: UGameplayTagsManager::ConstructGameplayTagTree: ImportINI -  0.000 s
[2019.02.14-04.04.11:532][  0]LogStats: UGameplayTagsManager::ConstructGameplayTagTree: GameplayTagTreeChangedEvent.Broadcast -  0.000 s
[2019.02.14-04.04.11:730][  0]LogInit: Initializing FReadOnlyCVARCache
[2019.02.14-04.04.11:751][  0]LogAIModule: Creating AISystem for world Untitled
[2019.02.14-04.04.11:819][  0]LogInit: XAudio2 using 'Speakers (JBL Charge 3 Stereo)' : 2 channels at 44.1 kHz using 16 bits per sample (channel mask 0x3)
[2019.02.14-04.04.11:842][  0]LogInit: FAudioDevice initialized.
[2019.02.14-04.04.11:842][  0]LogNetVersion: Set ProjectVersion to 1.0.0.0. Version Checksum will be recalculated on next use.
[2019.02.14-04.04.11:919][  0]LogDerivedDataCache: Saved boot cache 0.08s 71MB C:/Users/Connor/AppData/Local/UnrealEngine/4.21/DerivedDataCache/Boot.ddc.
[2019.02.14-04.04.11:925][  0]LogInit: Texture streaming: Enabled
[2019.02.14-04.04.11:964][  0]LogEngineSessionManager: EngineSessionManager initialized
[2019.02.14-04.04.11:980][  0]LogInit: Transaction tracking system initialized
[2019.02.14-04.04.12:037][  0]BlueprintLog: New page: Editor Load
[2019.02.14-04.04.12:230][  0]LocalizationService: Localization service is disabled
[2019.02.14-04.04.12:714][  0]LogFileCache: Scanning file cache for directory 'C:/Users/Connor/Documents/CP-School/Senior Project/GitRepos/Senior-Project-CPP-Testground/HSPGame/Content/' took 0.02s
[2019.02.14-04.04.12:714][  0]LogCook: Display: Max memory allowance for cook 16384mb min free memory 0mb
[2019.02.14-04.04.12:714][  0]LogCook: Display: Mobile HDR setting 1
[2019.02.14-04.04.12:714][  0]LogGameplayTags: Display: UGameplayTagsManager::DoneAddingNativeTags. DelegateIsBound: 0
[2019.02.14-04.04.12:715][  0]LogStats: UGameplayTagsManager::ConstructGameplayTagTree: ImportINI prefixes -  0.000 s
[2019.02.14-04.04.12:715][  0]LogStats: UGameplayTagsManager::ConstructGameplayTagTree: Construct from data asset -  0.000 s
[2019.02.14-04.04.12:715][  0]LogStats: UGameplayTagsManager::ConstructGameplayTagTree: ImportINI -  0.000 s
[2019.02.14-04.04.12:715][  0]LogStats: UGameplayTagsManager::ConstructGameplayTagTree: GameplayTagTreeChangedEvent.Broadcast -  0.000 s
[2019.02.14-04.04.12:997][  0]SourceControl: Source control is disabled
[2019.02.14-04.04.12:998][  0]LightingResults: New page: Lighting Build
[2019.02.14-04.04.13:001][  0]MapCheck: New page: Map Check
[2019.02.14-04.04.13:002][  0]LightingResults: New page: Lighting Build
[2019.02.14-04.04.13:422][  0]LogAIModule: Creating AISystem for world Minimal_Default
[2019.02.14-04.04.13:513][  0]LogEditorServer: Finished looking for orphan Actors (0.000 secs)
[2019.02.14-04.04.13:534][  0]Cmd: MAP CHECKDEP NOCLEARLOG
[2019.02.14-04.04.13:534][  0]MapCheck: Map check complete: 0 Error(s), 0 Warning(s), took 0.189ms to complete.
[2019.02.14-04.04.13:535][  0]LogFileHelpers: Loading map 'Minimal_Default' took 0.536
[2019.02.14-04.04.13:636][  0]LogSlate: Updating window title bar state: overlay mode, drag disabled, window buttons hidden, title bar hidden
[2019.02.14-04.04.13:642][  0]LogSlate: Updating window title bar state: overlay mode, drag disabled, window buttons hidden, title bar hidden
[2019.02.14-04.04.13:647][  0]LogSlate: Updating window title bar state: overlay mode, drag disabled, window buttons hidden, title bar hidden
[2019.02.14-04.04.13:653][  0]LogSlate: Updating window title bar state: overlay mode, drag disabled, window buttons hidden, title bar hidden
[2019.02.14-04.04.13:665][  0]LogCollectionManager: Loaded 0 collections in 0.003088 seconds
[2019.02.14-04.04.13:683][  0]LogFileCache: Scanning file cache for directory 'C:/Users/Connor/Documents/CP-School/Senior Project/GitRepos/Senior-Project-CPP-Testground/HSPGame/Saved/Collections/' took 0.01s
[2019.02.14-04.04.13:683][  0]LogFileCache: Scanning file cache for directory 'C:/Users/Connor/Documents/CP-School/Senior Project/GitRepos/Senior-Project-CPP-Testground/HSPGame/Content/Developers/Connor/Collections/' took 0.00s
[2019.02.14-04.04.13:683][  0]LogFileCache: Scanning file cache for directory 'C:/Users/Connor/Documents/CP-School/Senior Project/GitRepos/Senior-Project-CPP-Testground/HSPGame/Content/Collections/' took 0.00s
[2019.02.14-04.04.13:683][  0]LogCollectionManager: Rebuilt the GUID cache for 0 collections in 0.000000 seconds
[2019.02.14-04.04.13:691][  0]LogContentBrowser: Native class hierarchy populated in 0.0078 seconds. Added 2656 classes and 622 folders.
[2019.02.14-04.04.13:700][  0]LogContentBrowser: Native class hierarchy updated for 'WidgetCarousel' in 0.0003 seconds. Added 0 classes and 0 folders.
[2019.02.14-04.04.13:702][  0]LogPakFile: Registered encryption key '00000000000000000000000000000000': 0 pak files mounted, 0 remain pending
[2019.02.14-04.04.13:702][  0]LogPakFile: Registered encryption key '00000000000000000000000000000000': 0 pak files mounted, 0 remain pending
[2019.02.14-04.04.13:703][  0]LogPakFile: Registered encryption key '00000000000000000000000000000000': 0 pak files mounted, 0 remain pending
[2019.02.14-04.04.13:704][  0]LogPakFile: Registered encryption key '00000000000000000000000000000000': 0 pak files mounted, 0 remain pending
[2019.02.14-04.04.13:704][  0]LogPakFile: Registered encryption key '00000000000000000000000000000000': 0 pak files mounted, 0 remain pending
[2019.02.14-04.04.13:705][  0]LogPakFile: Registered encryption key '00000000000000000000000000000000': 0 pak files mounted, 0 remain pending
[2019.02.14-04.04.13:705][  0]LogPakFile: Registered encryption key '00000000000000000000000000000000': 0 pak files mounted, 0 remain pending
[2019.02.14-04.04.13:706][  0]LogPakFile: Registered encryption key '00000000000000000000000000000000': 0 pak files mounted, 0 remain pending
[2019.02.14-04.04.13:706][  0]LogPakFile: Registered encryption key '00000000000000000000000000000000': 0 pak files mounted, 0 remain pending
[2019.02.14-04.04.13:707][  0]LogPakFile: Registered encryption key '00000000000000000000000000000000': 0 pak files mounted, 0 remain pending
[2019.02.14-04.04.13:707][  0]LogPakFile: Registered encryption key '00000000000000000000000000000000': 0 pak files mounted, 0 remain pending
[2019.02.14-04.04.13:708][  0]LogPakFile: Registered encryption key '00000000000000000000000000000000': 0 pak files mounted, 0 remain pending
[2019.02.14-04.04.13:708][  0]LogPakFile: Registered encryption key '00000000000000000000000000000000': 0 pak files mounted, 0 remain pending
[2019.02.14-04.04.13:709][  0]LogPakFile: Registered encryption key '00000000000000000000000000000000': 0 pak files mounted, 0 remain pending
[2019.02.14-04.04.13:709][  0]LogPakFile: Registered encryption key '00000000000000000000000000000000': 0 pak files mounted, 0 remain pending
[2019.02.14-04.04.13:710][  0]LogPakFile: Registered encryption key '00000000000000000000000000000000': 0 pak files mounted, 0 remain pending
[2019.02.14-04.04.13:710][  0]LogPakFile: Registered encryption key '00000000000000000000000000000000': 0 pak files mounted, 0 remain pending
[2019.02.14-04.04.13:711][  0]LogPakFile: Registered encryption key '00000000000000000000000000000000': 0 pak files mounted, 0 remain pending
[2019.02.14-04.04.13:711][  0]LogPakFile: Registered encryption key '00000000000000000000000000000000': 0 pak files mounted, 0 remain pending
[2019.02.14-04.04.13:712][  0]LogPakFile: Registered encryption key '00000000000000000000000000000000': 0 pak files mounted, 0 remain pending
[2019.02.14-04.04.13:712][  0]LogPakFile: Registered encryption key '00000000000000000000000000000000': 0 pak files mounted, 0 remain pending
[2019.02.14-04.04.13:713][  0]LogPakFile: Registered encryption key '00000000000000000000000000000000': 0 pak files mounted, 0 remain pending
[2019.02.14-04.04.13:713][  0]LogPakFile: Registered encryption key '00000000000000000000000000000000': 0 pak files mounted, 0 remain pending
[2019.02.14-04.04.13:714][  0]LogPakFile: Registered encryption key '00000000000000000000000000000000': 0 pak files mounted, 0 remain pending
[2019.02.14-04.04.13:715][  0]LogPakFile: Registered encryption key '00000000000000000000000000000000': 0 pak files mounted, 0 remain pending
[2019.02.14-04.04.13:715][  0]LogPakFile: Registered encryption key '00000000000000000000000000000000': 0 pak files mounted, 0 remain pending
[2019.02.14-04.04.13:747][  0]LogContentBrowser: Native class hierarchy updated for 'AddContentDialog' in 0.0004 seconds. Added 0 classes and 0 folders.
[2019.02.14-04.04.13:757][  0]LogContentBrowser: Native class hierarchy updated for 'SceneOutliner' in 0.0004 seconds. Added 1 classes and 2 folders.
[2019.02.14-04.04.13:770][  0]LogSlate: Took 0.000150 seconds to synchronously load lazily loaded font '../../../Engine/Content/Slate/Fonts/Roboto-Regular.ttf' (155K)
[2019.02.14-04.04.13:771][  0]LogSlate: Took 0.000132 seconds to synchronously load lazily loaded font '../../../Engine/Content/Slate/Fonts/Roboto-Bold.ttf' (160K)
[2019.02.14-04.04.13:776][  0]LogSlate: Took 0.000139 seconds to synchronously load lazily loaded font '../../../Engine/Content/Editor/Slate/Fonts/FontAwesome.ttf' (139K)
[2019.02.14-04.04.13:852][  0]LogRenderer: Reallocating scene render targets to support 964x436 Format 10 NumSamples 1 (Frame:1).
[2019.02.14-04.04.14:049][  0]LogContentBrowser: Native class hierarchy updated for 'HierarchicalLODOutliner' in 0.0005 seconds. Added 0 classes and 0 folders.
[2019.02.14-04.04.14:049][  0]LogLoad: (Engine Initialization) Total time: 10.56 seconds
[2019.02.14-04.04.14:049][  0]LogLoad: (Engine Initialization) Total Blueprint compile time: 0.00 seconds
[2019.02.14-04.04.14:075][  0]LogWindowsTextInputMethodSystem: Display: IME system now deactivated.
[2019.02.14-04.04.14:135][  0]LogContentStreaming: Texture pool size now 1000 MB
[2019.02.14-04.04.14:157][  0]LogSlate: Took 0.000111 seconds to synchronously load lazily loaded font '../../../Engine/Content/Slate/Fonts/Roboto-Light.ttf' (167K)
[2019.02.14-04.04.14:203][  1]LogAssetRegistry: Asset discovery search completed in 6.0559 seconds
[2019.02.14-04.04.14:205][  1]LogCollectionManager: Rebuilt the object cache for 0 collections in 0.000000 seconds (found 0 objects)
[2019.02.14-04.04.14:205][  1]LogCollectionManager: Fixed up redirectors for 0 collections in 0.000098 seconds (updated 0 objects)
[2019.02.14-04.04.30:762][135]LogSlate: FSceneViewport::OnFocusLost() reason 0
[2019.02.14-04.04.30:811][138]LogTemp: Repeating last play command: Selected Viewport
[2019.02.14-04.04.30:826][138]LogBlueprintUserMessages: Early PlayInEditor Detection: Level '/Game/StarterContent/Maps/Minimal_Default.Minimal_Default:PersistentLevel' has LevelScriptBlueprint '/Game/StarterContent/Maps/Minimal_Default.Minimal_Default:PersistentLevel.Minimal_Default' with GeneratedClass '/Game/StarterContent/Maps/Minimal_Default.Minimal_Default_C' with ClassGeneratedBy '/Game/StarterContent/Maps/Minimal_Default.Minimal_Default:PersistentLevel.Minimal_Default'
[2019.02.14-04.04.30:826][138]LogPlayLevel: PlayLevel: No blueprints needed recompiling
[2019.02.14-04.04.30:826][138]PIE: New page: PIE session: Minimal_Default (Feb 13, 2019, 12:04:30 PM)
[2019.02.14-04.04.30:840][138]LogPlayLevel: Creating play world package: /Game/StarterContent/Maps/UEDPIE_0_Minimal_Default
[2019.02.14-04.04.30:931][138]LogPlayLevel: PIE: StaticDuplicateObject took: (0.090215s)
[2019.02.14-04.04.30:932][138]LogAIModule: Creating AISystem for world Minimal_Default
[2019.02.14-04.04.30:932][138]LogPlayLevel: PIE: World Init took: (0.001052s)
[2019.02.14-04.04.30:932][138]LogPlayLevel: PIE: Created PIE world by copying editor world from /Game/StarterContent/Maps/Minimal_Default.Minimal_Default to /Game/StarterContent/Maps/UEDPIE_0_Minimal_Default.Minimal_Default (0.091939s)
[2019.02.14-04.04.30:973][138]LogInit: XAudio2 using 'Speakers (JBL Charge 3 Stereo)' : 2 channels at 44.1 kHz using 16 bits per sample (channel mask 0x3)
[2019.02.14-04.04.30:983][138]LogInit: FAudioDevice initialized.
[2019.02.14-04.04.31:034][138]LogLoad: Game class is 'BP_HSPGameGameModeBase_C'
[2019.02.14-04.04.31:041][138]LogWorld: Bringing World /Game/StarterContent/Maps/UEDPIE_0_Minimal_Default.Minimal_Default up for play (max tick rate 60) at 2019.02.13-20.04.31
[2019.02.14-04.04.31:042][138]LogWorld: Bringing up level for play took: 0.007011
[2019.02.14-04.04.31:063][138]LogContentBrowser: Native class hierarchy updated for 'MovieSceneCapture' in 0.0004 seconds. Added 20 classes and 0 folders.
[2019.02.14-04.04.31:064][138]PIE: Play in editor start time for /Game/StarterContent/Maps/UEDPIE_0_Minimal_Default 0.107
[2019.02.14-04.04.31:064][138]LogBlueprintUserMessages: Late PlayInEditor Detection: Level '/Game/StarterContent/Maps/Minimal_Default.Minimal_Default:PersistentLevel' has LevelScriptBlueprint '/Game/StarterContent/Maps/Minimal_Default.Minimal_Default:PersistentLevel.Minimal_Default' with GeneratedClass '/Game/StarterContent/Maps/Minimal_Default.Minimal_Default_C' with ClassGeneratedBy '/Game/StarterContent/Maps/Minimal_Default.Minimal_Default:PersistentLevel.Minimal_Default'
[2019.02.14-04.04.34:696][355]LogBlueprintUserMessages: Early EndPlayMap Detection: Level '/Game/StarterContent/Maps/Minimal_Default.Minimal_Default:PersistentLevel' has LevelScriptBlueprint '/Game/StarterContent/Maps/Minimal_Default.Minimal_Default:PersistentLevel.Minimal_Default' with GeneratedClass '/Game/StarterContent/Maps/Minimal_Default.Minimal_Default_C' with ClassGeneratedBy '/Game/StarterContent/Maps/Minimal_Default.Minimal_Default:PersistentLevel.Minimal_Default'
[2019.02.14-04.04.34:696][355]LogSlate: Updating window title bar state: overlay mode, drag disabled, window buttons hidden, title bar hidden
[2019.02.14-04.04.34:736][355]LogPlayLevel: Display: Shutting down PIE online subsystems
[2019.02.14-04.04.34:736][355]LogBlueprintUserMessages: Late EndPlayMap Detection: Level '/Game/StarterContent/Maps/Minimal_Default.Minimal_Default:PersistentLevel' has LevelScriptBlueprint '/Game/StarterContent/Maps/Minimal_Default.Minimal_Default:PersistentLevel.Minimal_Default' with GeneratedClass '/Game/StarterContent/Maps/Minimal_Default.Minimal_Default_C' with ClassGeneratedBy '/Game/StarterContent/Maps/Minimal_Default.Minimal_Default:PersistentLevel.Minimal_Default'
[2019.02.14-04.04.34:762][355]LogSlate: Updating window title bar state: overlay mode, drag disabled, window buttons hidden, title bar hidden
[2019.02.14-04.04.34:798][357]LogPlayLevel: Display: Destroying online subsystem :Context_1
[2019.02.14-04.04.36:266][445]LogSlate: FSceneViewport::OnFocusLost() reason 0
[2019.02.14-04.04.36:694][466]LogSlate: Took 0.000402 seconds to synchronously load lazily loaded font '../../../Engine/Content/Slate/Fonts/Roboto-Light.ttf' (167K)
[2019.02.14-04.04.36:704][466]LogAssetEditorManager: Opening Asset editor for Blueprint /Game/Blueprints/BP_EnemySlime.BP_EnemySlime
[2019.02.14-04.04.37:097][466]LogContentBrowser: Native class hierarchy updated for 'BlueprintGraph' in 0.0009 seconds. Added 117 classes and 0 folders.
[2019.02.14-04.04.40:212][611]LogSlate: Window 'BP_EnemySlime' being destroyed
[2019.02.14-04.04.40:306][611]LogAssetEditorManager: Opening Asset editor for Blueprint /Game/Blueprints/BP_EnemySlime.BP_EnemySlime
[2019.02.14-04.04.40:608][611]LogSlate: Took 0.000143 seconds to synchronously load lazily loaded font '../../../Engine/Content/Slate/Fonts/Roboto-BoldCondensed.ttf' (158K)
[2019.02.14-04.04.42:178][699]LogRenderer: Reallocating scene render targets to support 964x472 Format 10 NumSamples 1 (Frame:1).
[2019.02.14-04.04.45:015][867]LogSlate: FSceneViewport::OnFocusLost() reason 0
[2019.02.14-04.04.54:016][406]LogSlate: FSceneViewport::OnFocusLost() reason 0
[2019.02.14-04.05.06:819][174]LogSlate: FSceneViewport::OnFocusLost() reason 0
[2019.02.14-04.05.10:444][391]BlueprintLog: New page: Compile BP_EnemySlime
[2019.02.14-04.05.13:444][561]LogSlate: FSceneViewport::OnFocusLost() reason 0
[2019.02.14-04.05.14:363][616]BlueprintLog: New page: Compile BP_EnemySlime
[2019.02.14-04.05.15:327][658]LogSavePackage: Moving '../../../../../../Users/Connor/Documents/CP-School/Senior Project/GitRepos/Senior-Project-CPP-Testground/HSPGame/Saved/BP_EnemySlimeCB32DBDA4D5262FB08FFBFB9EE134006.tmp' to '../../../../../../Users/Connor/Documents/CP-School/Senior Project/GitRepos/Senior-Project-CPP-Testground/HSPGame/Content/Blueprints/BP_EnemySlime.uasset'
[2019.02.14-04.05.18:670][858]LogTemp: Repeating last play command: Selected Viewport
[2019.02.14-04.05.18:689][858]LogBlueprintUserMessages: Early PlayInEditor Detection: Level '/Game/StarterContent/Maps/Minimal_Default.Minimal_Default:PersistentLevel' has LevelScriptBlueprint '/Game/StarterContent/Maps/Minimal_Default.Minimal_Default:PersistentLevel.Minimal_Default' with GeneratedClass '/Game/StarterContent/Maps/Minimal_Default.Minimal_Default_C' with ClassGeneratedBy '/Game/StarterContent/Maps/Minimal_Default.Minimal_Default:PersistentLevel.Minimal_Default'
[2019.02.14-04.05.18:689][858]LogPlayLevel: PlayLevel: No blueprints needed recompiling
[2019.02.14-04.05.18:690][858]PIE: New page: PIE session: Minimal_Default (Feb 13, 2019, 12:05:18 PM)
[2019.02.14-04.05.18:690][858]LogPlayLevel: Creating play world package: /Game/StarterContent/Maps/UEDPIE_0_Minimal_Default
[2019.02.14-04.05.18:728][858]LogPlayLevel: PIE: StaticDuplicateObject took: (0.038204s)
[2019.02.14-04.05.18:729][858]LogAIModule: Creating AISystem for world Minimal_Default
[2019.02.14-04.05.18:729][858]LogPlayLevel: PIE: World Init took: (0.000642s)
[2019.02.14-04.05.18:729][858]LogPlayLevel: PIE: Created PIE world by copying editor world from /Game/StarterContent/Maps/Minimal_Default.Minimal_Default to /Game/StarterContent/Maps/UEDPIE_0_Minimal_Default.Minimal_Default (0.039303s)
[2019.02.14-04.05.18:772][858]LogInit: XAudio2 using 'Speakers (JBL Charge 3 Stereo)' : 2 channels at 44.1 kHz using 16 bits per sample (channel mask 0x3)
[2019.02.14-04.05.18:781][858]LogInit: FAudioDevice initialized.
[2019.02.14-04.05.18:821][858]LogLoad: Game class is 'BP_HSPGameGameModeBase_C'
[2019.02.14-04.05.18:828][858]LogWorld: Bringing World /Game/StarterContent/Maps/UEDPIE_0_Minimal_Default.Minimal_Default up for play (max tick rate 60) at 2019.02.13-20.05.18
[2019.02.14-04.05.18:829][858]LogWorld: Bringing up level for play took: 0.007316
[2019.02.14-04.05.18:842][858]PIE: Play in editor start time for /Game/StarterContent/Maps/UEDPIE_0_Minimal_Default -0.114
[2019.02.14-04.05.18:843][858]LogBlueprintUserMessages: Late PlayInEditor Detection: Level '/Game/StarterContent/Maps/Minimal_Default.Minimal_Default:PersistentLevel' has LevelScriptBlueprint '/Game/StarterContent/Maps/Minimal_Default.Minimal_Default:PersistentLevel.Minimal_Default' with GeneratedClass '/Game/StarterContent/Maps/Minimal_Default.Minimal_Default_C' with ClassGeneratedBy '/Game/StarterContent/Maps/Minimal_Default.Minimal_Default:PersistentLevel.Minimal_Default'
[2019.02.14-04.05.22:728][ 90]LogBlueprintUserMessages: Early EndPlayMap Detection: Level '/Game/StarterContent/Maps/Minimal_Default.Minimal_Default:PersistentLevel' has LevelScriptBlueprint '/Game/StarterContent/Maps/Minimal_Default.Minimal_Default:PersistentLevel.Minimal_Default' with GeneratedClass '/Game/StarterContent/Maps/Minimal_Default.Minimal_Default_C' with ClassGeneratedBy '/Game/StarterContent/Maps/Minimal_Default.Minimal_Default:PersistentLevel.Minimal_Default'
[2019.02.14-04.05.22:728][ 90]LogSlate: Updating window title bar state: overlay mode, drag disabled, window buttons hidden, title bar hidden
[2019.02.14-04.05.22:771][ 90]LogPlayLevel: Display: Shutting down PIE online subsystems
[2019.02.14-04.05.22:772][ 90]LogBlueprintUserMessages: Late EndPlayMap Detection: Level '/Game/StarterContent/Maps/Minimal_Default.Minimal_Default:PersistentLevel' has LevelScriptBlueprint '/Game/StarterContent/Maps/Minimal_Default.Minimal_Default:PersistentLevel.Minimal_Default' with GeneratedClass '/Game/StarterContent/Maps/Minimal_Default.Minimal_Default_C' with ClassGeneratedBy '/Game/StarterContent/Maps/Minimal_Default.Minimal_Default:PersistentLevel.Minimal_Default'
[2019.02.14-04.05.22:797][ 90]LogSlate: Updating window title bar state: overlay mode, drag disabled, window buttons hidden, title bar hidden
[2019.02.14-04.05.22:818][ 91]Cmd: SELECT NONE
[2019.02.14-04.05.22:834][ 92]LogPlayLevel: Display: Destroying online subsystem :Context_5
[2019.02.14-04.05.25:219][235]LogSlate: FSceneViewport::OnFocusLost() reason 0
[2019.02.14-04.05.27:265][355]LogSlate: FSceneViewport::OnFocusLost() reason 0
[2019.02.14-04.05.27:383][361]Candidate modules for hot reload:
[2019.02.14-04.05.27:383][361]  HSPGame
[2019.02.14-04.05.27:383][361]Launching UnrealBuildTool... [C:/Program Files/Epic Games/UE_4.21/Engine/Binaries/DotNET/UnrealBuildTool.exe  -ModuleWithSuffix=HSPGame,8406 Win64 Development -TargetType=Editor -Project="../../../../../../Users/Connor/Documents/CP-School/Senior Project/GitRepos/Senior-Project-CPP-Testground/HSPGame/HSPGame.uproject" -canskiplink "C:/Users/Connor/Documents/CP-School/Senior Project/GitRepos/Senior-Project-CPP-Testground/HSPGame/HSPGame.uproject" ]
[2019.02.14-04.05.27:385][361]Warning: Starting HotReload took  0.0s.
[2019.02.14-04.05.33:503][729]CompilerResultsLog: New page: Compilation - Feb 13, 2019, 12:05:33 PM
[2019.02.14-04.05.33:503][729]CompilerResultsLog: Using 'git status' to determine working set for adaptive non-unity build (C:\Users\Connor\Documents\CP-School\Senior Project\GitRepos\Senior-Project-CPP-Testground).
[2019.02.14-04.05.33:503][729]CompilerResultsLog: Creating makefile for hot reloading HSPGameEditor (modules to compile have changed)
[2019.02.14-04.05.33:503][729]CompilerResultsLog: Compiling game modules for hot reload
[2019.02.14-04.05.33:503][729]CompilerResultsLog: Using Visual Studio 2017 14.16.27023 toolchain (C:\Program Files (x86)\Microsoft Visual Studio\2017\Community\VC\Tools\MSVC\14.16.27023) and Windows 10.0.17763.0 SDK (C:\Program Files (x86)\Windows Kits\10).
[2019.02.14-04.05.33:504][729]CompilerResultsLog: Target is up to date
[2019.02.14-04.05.33:504][729]CompilerResultsLog: Total build time: 5.89 seconds (NoActionsToExecute executor: 0.00 seconds)
[2019.02.14-04.05.33:504][729]LogMainFrame: MainFrame: Module compiling took 6.125 seconds
[2019.02.14-04.05.33:750][729]LogContentBrowser: Native class hierarchy populated in 0.0072 seconds. Added 2657 classes and 624 folders.
[2019.02.14-04.05.33:759][729]Display: HotReload took  6.4s.
[2019.02.14-04.05.36:027][865]LogTemp: Repeating last play command: Selected Viewport
[2019.02.14-04.05.36:044][865]LogBlueprintUserMessages: Early PlayInEditor Detection: Level '/Game/StarterContent/Maps/Minimal_Default.Minimal_Default:PersistentLevel' has LevelScriptBlueprint '/Game/StarterContent/Maps/Minimal_Default.Minimal_Default:PersistentLevel.Minimal_Default' with GeneratedClass '/Game/StarterContent/Maps/Minimal_Default.Minimal_Default_C' with ClassGeneratedBy '/Game/StarterContent/Maps/Minimal_Default.Minimal_Default:PersistentLevel.Minimal_Default'
[2019.02.14-04.05.36:045][865]LogPlayLevel: PlayLevel: No blueprints needed recompiling
[2019.02.14-04.05.36:045][865]PIE: New page: PIE session: Minimal_Default (Feb 13, 2019, 12:05:36 PM)
[2019.02.14-04.05.36:045][865]LogPlayLevel: Creating play world package: /Game/StarterContent/Maps/UEDPIE_0_Minimal_Default
[2019.02.14-04.05.36:086][865]LogPlayLevel: PIE: StaticDuplicateObject took: (0.040421s)
[2019.02.14-04.05.36:086][865]LogAIModule: Creating AISystem for world Minimal_Default
[2019.02.14-04.05.36:087][865]LogPlayLevel: PIE: World Init took: (0.000660s)
[2019.02.14-04.05.36:087][865]LogPlayLevel: PIE: Created PIE world by copying editor world from /Game/StarterContent/Maps/Minimal_Default.Minimal_Default to /Game/StarterContent/Maps/UEDPIE_0_Minimal_Default.Minimal_Default (0.041629s)
[2019.02.14-04.05.36:143][865]LogInit: XAudio2 using 'Speakers (JBL Charge 3 Stereo)' : 2 channels at 44.1 kHz using 16 bits per sample (channel mask 0x3)
[2019.02.14-04.05.36:154][865]LogInit: FAudioDevice initialized.
[2019.02.14-04.05.36:192][865]LogLoad: Game class is 'BP_HSPGameGameModeBase_C'
[2019.02.14-04.05.36:200][865]LogWorld: Bringing World /Game/StarterContent/Maps/UEDPIE_0_Minimal_Default.Minimal_Default up for play (max tick rate 60) at 2019.02.13-20.05.36
[2019.02.14-04.05.36:200][865]LogWorld: Bringing up level for play took: 0.006657
[2019.02.14-04.05.36:215][865]PIE: Play in editor start time for /Game/StarterContent/Maps/UEDPIE_0_Minimal_Default -0.742
[2019.02.14-04.05.36:215][865]LogBlueprintUserMessages: Late PlayInEditor Detection: Level '/Game/StarterContent/Maps/Minimal_Default.Minimal_Default:PersistentLevel' has LevelScriptBlueprint '/Game/StarterContent/Maps/Minimal_Default.Minimal_Default:PersistentLevel.Minimal_Default' with GeneratedClass '/Game/StarterContent/Maps/Minimal_Default.Minimal_Default_C' with ClassGeneratedBy '/Game/StarterContent/Maps/Minimal_Default.Minimal_Default:PersistentLevel.Minimal_Default'
[2019.02.14-04.05.44:314][350]LogBlueprintUserMessages: Early EndPlayMap Detection: Level '/Game/StarterContent/Maps/Minimal_Default.Minimal_Default:PersistentLevel' has LevelScriptBlueprint '/Game/StarterContent/Maps/Minimal_Default.Minimal_Default:PersistentLevel.Minimal_Default' with GeneratedClass '/Game/StarterContent/Maps/Minimal_Default.Minimal_Default_C' with ClassGeneratedBy '/Game/StarterContent/Maps/Minimal_Default.Minimal_Default:PersistentLevel.Minimal_Default'
[2019.02.14-04.05.44:314][350]LogSlate: Updating window title bar state: overlay mode, drag disabled, window buttons hidden, title bar hidden
[2019.02.14-04.05.44:355][350]LogPlayLevel: Display: Shutting down PIE online subsystems
[2019.02.14-04.05.44:355][350]LogBlueprintUserMessages: Late EndPlayMap Detection: Level '/Game/StarterContent/Maps/Minimal_Default.Minimal_Default:PersistentLevel' has LevelScriptBlueprint '/Game/StarterContent/Maps/Minimal_Default.Minimal_Default:PersistentLevel.Minimal_Default' with GeneratedClass '/Game/StarterContent/Maps/Minimal_Default.Minimal_Default_C' with ClassGeneratedBy '/Game/StarterContent/Maps/Minimal_Default.Minimal_Default:PersistentLevel.Minimal_Default'
[2019.02.14-04.05.44:386][350]LogSlate: Updating window title bar state: overlay mode, drag disabled, window buttons hidden, title bar hidden
[2019.02.14-04.05.44:425][352]LogPlayLevel: Display: Destroying online subsystem :Context_6
[2019.02.14-04.05.44:873][377]LogSlate: FSceneViewport::OnFocusLost() reason 2
[2019.02.14-04.07.15:937][761]BlueprintLog: New page: Compile BP_EnemySlime
[2019.02.14-04.07.17:846][864]LogTemp: Repeating last play command: Selected Viewport
[2019.02.14-04.07.17:875][864]LogBlueprintUserMessages: Early PlayInEditor Detection: Level '/Game/StarterContent/Maps/Minimal_Default.Minimal_Default:PersistentLevel' has LevelScriptBlueprint '/Game/StarterContent/Maps/Minimal_Default.Minimal_Default:PersistentLevel.Minimal_Default' with GeneratedClass '/Game/StarterContent/Maps/Minimal_Default.Minimal_Default_C' with ClassGeneratedBy '/Game/StarterContent/Maps/Minimal_Default.Minimal_Default:PersistentLevel.Minimal_Default'
[2019.02.14-04.07.17:875][864]LogPlayLevel: PlayLevel: No blueprints needed recompiling
[2019.02.14-04.07.17:875][864]PIE: New page: PIE session: Minimal_Default (Feb 13, 2019, 12:07:17 PM)
[2019.02.14-04.07.17:875][864]LogPlayLevel: Creating play world package: /Game/StarterContent/Maps/UEDPIE_0_Minimal_Default
[2019.02.14-04.07.17:918][864]LogPlayLevel: PIE: StaticDuplicateObject took: (0.042017s)
[2019.02.14-04.07.17:918][864]LogAIModule: Creating AISystem for world Minimal_Default
[2019.02.14-04.07.17:919][864]LogPlayLevel: PIE: World Init took: (0.000975s)
[2019.02.14-04.07.17:919][864]LogPlayLevel: PIE: Created PIE world by copying editor world from /Game/StarterContent/Maps/Minimal_Default.Minimal_Default to /Game/StarterContent/Maps/UEDPIE_0_Minimal_Default.Minimal_Default (0.043444s)
[2019.02.14-04.07.17:966][864]LogInit: XAudio2 using 'Speakers (JBL Charge 3 Stereo)' : 2 channels at 44.1 kHz using 16 bits per sample (channel mask 0x3)
[2019.02.14-04.07.17:977][864]LogInit: FAudioDevice initialized.
[2019.02.14-04.07.18:014][864]LogLoad: Game class is 'BP_HSPGameGameModeBase_C'
[2019.02.14-04.07.18:024][864]LogWorld: Bringing World /Game/StarterContent/Maps/UEDPIE_0_Minimal_Default.Minimal_Default up for play (max tick rate 60) at 2019.02.13-20.07.18
[2019.02.14-04.07.18:025][864]LogWorld: Bringing up level for play took: 0.009651
[2019.02.14-04.07.18:039][864]PIE: Play in editor start time for /Game/StarterContent/Maps/UEDPIE_0_Minimal_Default 1.083
[2019.02.14-04.07.18:040][864]LogBlueprintUserMessages: Late PlayInEditor Detection: Level '/Game/StarterContent/Maps/Minimal_Default.Minimal_Default:PersistentLevel' has LevelScriptBlueprint '/Game/StarterContent/Maps/Minimal_Default.Minimal_Default:PersistentLevel.Minimal_Default' with GeneratedClass '/Game/StarterContent/Maps/Minimal_Default.Minimal_Default_C' with ClassGeneratedBy '/Game/StarterContent/Maps/Minimal_Default.Minimal_Default:PersistentLevel.Minimal_Default'
[2019.02.14-04.07.20:399][  4]LogSlate: FSceneViewport::OnFocusLost() reason 0
[2019.02.14-04.07.20:483][  9]LogBlueprintUserMessages: Early EndPlayMap Detection: Level '/Game/StarterContent/Maps/Minimal_Default.Minimal_Default:PersistentLevel' has LevelScriptBlueprint '/Game/StarterContent/Maps/Minimal_Default.Minimal_Default:PersistentLevel.Minimal_Default' with GeneratedClass '/Game/StarterContent/Maps/Minimal_Default.Minimal_Default_C' with ClassGeneratedBy '/Game/StarterContent/Maps/Minimal_Default.Minimal_Default:PersistentLevel.Minimal_Default'
[2019.02.14-04.07.20:484][  9]LogSlate: Updating window title bar state: overlay mode, drag disabled, window buttons hidden, title bar hidden
[2019.02.14-04.07.20:526][  9]LogPlayLevel: Display: Shutting down PIE online subsystems
[2019.02.14-04.07.20:526][  9]LogBlueprintUserMessages: Late EndPlayMap Detection: Level '/Game/StarterContent/Maps/Minimal_Default.Minimal_Default:PersistentLevel' has LevelScriptBlueprint '/Game/StarterContent/Maps/Minimal_Default.Minimal_Default:PersistentLevel.Minimal_Default' with GeneratedClass '/Game/StarterContent/Maps/Minimal_Default.Minimal_Default_C' with ClassGeneratedBy '/Game/StarterContent/Maps/Minimal_Default.Minimal_Default:PersistentLevel.Minimal_Default'
[2019.02.14-04.07.20:558][  9]LogSlate: Updating window title bar state: overlay mode, drag disabled, window buttons hidden, title bar hidden
[2019.02.14-04.07.20:582][ 10]LogPlayLevel: Display: Destroying online subsystem :Context_7
[2019.02.14-04.07.21:570][ 67]LogSavePackage: Moving '../../../../../../Users/Connor/Documents/CP-School/Senior Project/GitRepos/Senior-Project-CPP-Testground/HSPGame/Saved/BP_EnemySlimeA5C0BB054459B2F8B61829AF0A51E75F.tmp' to '../../../../../../Users/Connor/Documents/CP-School/Senior Project/GitRepos/Senior-Project-CPP-Testground/HSPGame/Content/Blueprints/BP_EnemySlime.uasset'
[2019.02.14-04.07.23:276][169]LogSlate: FSceneViewport::OnFocusLost() reason 0
[2019.02.14-04.07.25:008][273]LogSlate: FSceneViewport::OnFocusLost() reason 0
[2019.02.14-04.07.25:073][277]LogTemp: Repeating last play command: Selected Viewport
[2019.02.14-04.07.25:089][277]LogBlueprintUserMessages: Early PlayInEditor Detection: Level '/Game/StarterContent/Maps/Minimal_Default.Minimal_Default:PersistentLevel' has LevelScriptBlueprint '/Game/StarterContent/Maps/Minimal_Default.Minimal_Default:PersistentLevel.Minimal_Default' with GeneratedClass '/Game/StarterContent/Maps/Minimal_Default.Minimal_Default_C' with ClassGeneratedBy '/Game/StarterContent/Maps/Minimal_Default.Minimal_Default:PersistentLevel.Minimal_Default'
[2019.02.14-04.07.25:089][277]LogPlayLevel: PlayLevel: No blueprints needed recompiling
[2019.02.14-04.07.25:089][277]PIE: New page: PIE session: Minimal_Default (Feb 13, 2019, 12:07:25 PM)
[2019.02.14-04.07.25:090][277]LogPlayLevel: Creating play world package: /Game/StarterContent/Maps/UEDPIE_0_Minimal_Default
[2019.02.14-04.07.25:132][277]LogPlayLevel: PIE: StaticDuplicateObject took: (0.041973s)
[2019.02.14-04.07.25:132][277]LogAIModule: Creating AISystem for world Minimal_Default
[2019.02.14-04.07.25:133][277]LogPlayLevel: PIE: World Init took: (0.000627s)
[2019.02.14-04.07.25:133][277]LogPlayLevel: PIE: Created PIE world by copying editor world from /Game/StarterContent/Maps/Minimal_Default.Minimal_Default to /Game/StarterContent/Maps/UEDPIE_0_Minimal_Default.Minimal_Default (0.043065s)
[2019.02.14-04.07.25:173][277]LogInit: XAudio2 using 'Speakers (JBL Charge 3 Stereo)' : 2 channels at 44.1 kHz using 16 bits per sample (channel mask 0x3)
[2019.02.14-04.07.25:182][277]LogInit: FAudioDevice initialized.
[2019.02.14-04.07.25:217][277]LogLoad: Game class is 'BP_HSPGameGameModeBase_C'
[2019.02.14-04.07.25:225][277]LogWorld: Bringing World /Game/StarterContent/Maps/UEDPIE_0_Minimal_Default.Minimal_Default up for play (max tick rate 60) at 2019.02.13-20.07.25
[2019.02.14-04.07.25:225][277]LogWorld: Bringing up level for play took: 0.007090
[2019.02.14-04.07.25:240][277]PIE: Play in editor start time for /Game/StarterContent/Maps/UEDPIE_0_Minimal_Default 0.284
[2019.02.14-04.07.25:240][277]LogBlueprintUserMessages: Late PlayInEditor Detection: Level '/Game/StarterContent/Maps/Minimal_Default.Minimal_Default:PersistentLevel' has LevelScriptBlueprint '/Game/StarterContent/Maps/Minimal_Default.Minimal_Default:PersistentLevel.Minimal_Default' with GeneratedClass '/Game/StarterContent/Maps/Minimal_Default.Minimal_Default_C' with ClassGeneratedBy '/Game/StarterContent/Maps/Minimal_Default.Minimal_Default:PersistentLevel.Minimal_Default'
[2019.02.14-04.07.39:774][148]LogBlueprintUserMessages: Early EndPlayMap Detection: Level '/Game/StarterContent/Maps/Minimal_Default.Minimal_Default:PersistentLevel' has LevelScriptBlueprint '/Game/StarterContent/Maps/Minimal_Default.Minimal_Default:PersistentLevel.Minimal_Default' with GeneratedClass '/Game/StarterContent/Maps/Minimal_Default.Minimal_Default_C' with ClassGeneratedBy '/Game/StarterContent/Maps/Minimal_Default.Minimal_Default:PersistentLevel.Minimal_Default'
[2019.02.14-04.07.39:775][148]LogSlate: Updating window title bar state: overlay mode, drag disabled, window buttons hidden, title bar hidden
[2019.02.14-04.07.39:818][148]LogPlayLevel: Display: Shutting down PIE online subsystems
[2019.02.14-04.07.39:818][148]LogBlueprintUserMessages: Late EndPlayMap Detection: Level '/Game/StarterContent/Maps/Minimal_Default.Minimal_Default:PersistentLevel' has LevelScriptBlueprint '/Game/StarterContent/Maps/Minimal_Default.Minimal_Default:PersistentLevel.Minimal_Default' with GeneratedClass '/Game/StarterContent/Maps/Minimal_Default.Minimal_Default_C' with ClassGeneratedBy '/Game/StarterContent/Maps/Minimal_Default.Minimal_Default:PersistentLevel.Minimal_Default'
[2019.02.14-04.07.39:850][148]LogSlate: Updating window title bar state: overlay mode, drag disabled, window buttons hidden, title bar hidden
[2019.02.14-04.07.39:873][149]LogPlayLevel: Display: Destroying online subsystem :Context_8
[2019.02.14-04.07.41:624][254]LogSlate: FSceneViewport::OnFocusLost() reason 0
[2019.02.14-04.07.42:685][317]LogAssetEditorManager: Opening Asset editor for Blueprint /Game/Blueprints/BP_ProtagClass.BP_ProtagClass
[2019.02.14-04.08.04:316][410]LogSlate: Took 0.000162 seconds to synchronously load lazily loaded font '../../../Engine/Content/Slate/Fonts/Roboto-Italic.ttf' (157K)
[2019.02.14-04.09.00:164][562]LogInit: XAudio2 using 'Speakers (Realtek(R) Audio)' : 2 channels at 48 kHz using 32 bits per sample (channel mask 0x3)
[2019.02.14-04.13.21:732][652]LogSlate: Window 'BP_ProtagClass' being destroyed
[2019.02.14-04.13.21:739][652]LogSlate: Window 'BP_ProtagClass' being destroyed
[2019.02.14-04.13.21:822][652]LogActorComponent: UnregisterComponent: (/Engine/Transient.EditorFloorComp) Not registered. Aborting.
[2019.02.14-04.13.23:950][776]Candidate modules for hot reload:
[2019.02.14-04.13.23:951][776]  HSPGame
[2019.02.14-04.13.23:951][776]Launching UnrealBuildTool... [C:/Program Files/Epic Games/UE_4.21/Engine/Binaries/DotNET/UnrealBuildTool.exe  -ModuleWithSuffix=HSPGame,1316 Win64 Development -TargetType=Editor -Project="../../../../../../Users/Connor/Documents/CP-School/Senior Project/GitRepos/Senior-Project-CPP-Testground/HSPGame/HSPGame.uproject" -canskiplink "C:/Users/Connor/Documents/CP-School/Senior Project/GitRepos/Senior-Project-CPP-Testground/HSPGame/HSPGame.uproject" ]
[2019.02.14-04.13.23:953][776]Warning: Starting HotReload took  0.0s.
[2019.02.14-04.13.41:543][832]CompilerResultsLog: New page: Compilation - Feb 13, 2019, 12:13:41 PM
[2019.02.14-04.13.41:544][832]CompilerResultsLog: Using 'git status' to determine working set for adaptive non-unity build (C:\Users\Connor\Documents\CP-School\Senior Project\GitRepos\Senior-Project-CPP-Testground).
[2019.02.14-04.13.41:544][832]CompilerResultsLog: Creating makefile for hot reloading HSPGameEditor (source directory changed)
[2019.02.14-04.13.41:544][832]CompilerResultsLog: Compiling game modules for hot reload
[2019.02.14-04.13.41:544][832]CompilerResultsLog: Using Visual Studio 2017 14.16.27023 toolchain (C:\Program Files (x86)\Microsoft Visual Studio\2017\Community\VC\Tools\MSVC\14.16.27023) and Windows 10.0.17763.0 SDK (C:\Program Files (x86)\Windows Kits\10).
[2019.02.14-04.13.41:545][832]CompilerResultsLog: Parsing headers for HSPGameEditor
[2019.02.14-04.13.41:545][832]CompilerResultsLog:   Running UnrealHeaderTool "C:\Users\Connor\Documents\CP-School\Senior Project\GitRepos\Senior-Project-CPP-Testground\HSPGame\HSPGame.uproject" "C:\Users\Connor\Documents\CP-School\Senior Project\GitRepos\Senior-Project-CPP-Testground\HSPGame\Intermediate\Build\Win64\HSPGameEditor\Development\HSPGameEditor.uhtmanifest" -LogCmds="loginit warning, logexit warning, logdatabase error" -Unattended -WarningsAsErrors -installed
[2019.02.14-04.13.41:545][832]CompilerResultsLog: LogCompile: Error: Circular dependency detected for filename C:\Users\Connor\Documents\CP-School\Senior Project\GitRepos\Senior-Project-CPP-Testground\HSPGame\Source\HSPGame\ProtagClass.h!
[2019.02.14-04.13.41:545][832]CompilerResultsLog: Reflection code generated for HSPGameEditor in 9.2296077 seconds
[2019.02.14-04.13.41:545][832]CompilerResultsLog: Building 6 actions with 12 processes...
[2019.02.14-04.13.41:545][832]CompilerResultsLog:   [1/6] HSPGameGameModeBase.cpp
[2019.02.14-04.13.41:545][832]CompilerResultsLog:   [2/6] ProtagClass.gen.cpp
[2019.02.14-04.13.41:545][832]CompilerResultsLog:   [3/6] HSPGameGameModeBase.gen.cpp
[2019.02.14-04.13.41:545][832]CompilerResultsLog:   [4/6] ProtagClass.cpp
[2019.02.14-04.13.41:545][832]CompilerResultsLog:   [5/6] UE4Editor-HSPGame-1316.lib
[2019.02.14-04.13.41:545][832]CompilerResultsLog:      Creating library C:\Users\Connor\Documents\CP-School\Senior Project\GitRepos\Senior-Project-CPP-Testground\HSPGame\Intermediate\Build\Win64\UE4Editor\Development\HSPGame\UE4Editor-HSPGame-1316.lib and object C:\Users\Connor\Documents\CP-School\Senior Project\GitRepos\Senior-Project-CPP-Testground\HSPGame\Intermediate\Build\Win64\UE4Editor\Development\HSPGame\UE4Editor-HSPGame-1316.exp
[2019.02.14-04.13.41:545][832]CompilerResultsLog:   [6/6] UE4Editor-HSPGame-1316.dll
[2019.02.14-04.13.41:545][832]CompilerResultsLog:      Creating library C:\Users\Connor\Documents\CP-School\Senior Project\GitRepos\Senior-Project-CPP-Testground\HSPGame\Intermediate\Build\Win64\UE4Editor\Development\HSPGame\UE4Editor-HSPGame-1316.suppressed.lib and object C:\Users\Connor\Documents\CP-School\Senior Project\GitRepos\Senior-Project-CPP-Testground\HSPGame\Intermediate\Build\Win64\UE4Editor\Development\HSPGame\UE4Editor-HSPGame-1316.suppressed.exp
[2019.02.14-04.13.41:546][832]CompilerResultsLog: Error:   HSPGameGameModeBase.cpp.obj : error LNK2019: unresolved external symbol "public: void __cdecl AProtagClass::protagHit(class UPrimitiveComponent *,class AActor *,class UPrimitiveComponent *,int,bool,struct FHitResult const &)" (?protagHit@AProtagClass@@QEAAXPEAVUPrimitiveComponent@@PEAVAActor@@0H_NAEBUFHitResult@@@Z) referenced in function "public: static void __cdecl AProtagClass::execprotagHit(class UObject *,struct FFrame &,void * const)" (?execprotagHit@AProtagClass@@SAXPEAVUObject@@AEAUFFrame@@QEAX@Z)
[2019.02.14-04.13.41:546][832]CompilerResultsLog: Error:   ProtagClass.cpp.obj : error LNK2001: unresolved external symbol "public: void __cdecl AProtagClass::protagHit(class UPrimitiveComponent *,class AActor *,class UPrimitiveComponent *,int,bool,struct FHitResult const &)" (?protagHit@AProtagClass@@QEAAXPEAVUPrimitiveComponent@@PEAVAActor@@0H_NAEBUFHitResult@@@Z)
[2019.02.14-04.13.41:546][832]CompilerResultsLog: Error:   HSPGameGameModeBase.gen.cpp.obj : error LNK2001: unresolved external symbol "public: void __cdecl AProtagClass::protagHit(class UPrimitiveComponent *,class AActor *,class UPrimitiveComponent *,int,bool,struct FHitResult const &)" (?protagHit@AProtagClass@@QEAAXPEAVUPrimitiveComponent@@PEAVAActor@@0H_NAEBUFHitResult@@@Z)
[2019.02.14-04.13.41:546][832]CompilerResultsLog: Error:   ProtagClass.gen.cpp.obj : error LNK2001: unresolved external symbol "public: void __cdecl AProtagClass::protagHit(class UPrimitiveComponent *,class AActor *,class UPrimitiveComponent *,int,bool,struct FHitResult const &)" (?protagHit@AProtagClass@@QEAAXPEAVUPrimitiveComponent@@PEAVAActor@@0H_NAEBUFHitResult@@@Z)
[2019.02.14-04.13.41:546][832]CompilerResultsLog: Error:   C:\Users\Connor\Documents\CP-School\Senior Project\GitRepos\Senior-Project-CPP-Testground\HSPGame\Binaries\Win64\UE4Editor-HSPGame-1316.dll : fatal error LNK1120: 1 unresolved externals
[2019.02.14-04.13.41:546][832]CompilerResultsLog: ERROR: UBT ERROR: Failed to produce item: C:\Users\Connor\Documents\CP-School\Senior Project\GitRepos\Senior-Project-CPP-Testground\HSPGame\Binaries\Win64\UE4Editor-HSPGame-1316.dll
[2019.02.14-04.13.41:546][832]CompilerResultsLog:        (see ../Programs/UnrealBuildTool/Log.txt for full exception trace)
[2019.02.14-04.13.41:546][832]CompilerResultsLog: Total build time: 17.33 seconds (Parallel executor: 0.00 seconds)
[2019.02.14-04.13.41:546][832]LogMainFrame: MainFrame: Module compiling took 17.599 seconds
[2019.02.14-04.13.41:547][832]Warning: HotReload failed, recompile failed
[2019.02.14-04.14.01:389][522]Candidate modules for hot reload:
[2019.02.14-04.14.01:389][522]  HSPGame
[2019.02.14-04.14.01:389][522]Launching UnrealBuildTool... [C:/Program Files/Epic Games/UE_4.21/Engine/Binaries/DotNET/UnrealBuildTool.exe  -ModuleWithSuffix=HSPGame,6445 Win64 Development -TargetType=Editor -Project="../../../../../../Users/Connor/Documents/CP-School/Senior Project/GitRepos/Senior-Project-CPP-Testground/HSPGame/HSPGame.uproject" -canskiplink "C:/Users/Connor/Documents/CP-School/Senior Project/GitRepos/Senior-Project-CPP-Testground/HSPGame/HSPGame.uproject" ]
[2019.02.14-04.14.01:391][522]Warning: Starting HotReload took  0.0s.
[2019.02.14-04.14.07:958][612]CompilerResultsLog: New page: Compilation - Feb 13, 2019, 12:14:07 PM
[2019.02.14-04.14.07:958][612]CompilerResultsLog: Using 'git status' to determine working set for adaptive non-unity build (C:\Users\Connor\Documents\CP-School\Senior Project\GitRepos\Senior-Project-CPP-Testground).
[2019.02.14-04.14.07:958][612]CompilerResultsLog: Creating makefile for hot reloading HSPGameEditor (source directory changed)
[2019.02.14-04.14.07:959][612]CompilerResultsLog: Compiling game modules for hot reload
[2019.02.14-04.14.07:959][612]CompilerResultsLog: Using Visual Studio 2017 14.16.27023 toolchain (C:\Program Files (x86)\Microsoft Visual Studio\2017\Community\VC\Tools\MSVC\14.16.27023) and Windows 10.0.17763.0 SDK (C:\Program Files (x86)\Windows Kits\10).
[2019.02.14-04.14.07:959][612]CompilerResultsLog: Building 3 actions with 12 processes...
[2019.02.14-04.14.07:959][612]CompilerResultsLog:   [1/3] ProtagClass.cpp
[2019.02.14-04.14.07:959][612]CompilerResultsLog:    C:\Users\Connor\Documents\CP-School\Senior Project\GitRepos\Senior-Project-CPP-Testground\HSPGame\Source\HSPGame\ProtagClass.cpp(34) : error C2276: '&': illegal operation on bound member function expression
[2019.02.14-04.14.07:959][612]CompilerResultsLog:    C:\Users\Connor\Documents\CP-School\Senior Project\GitRepos\Senior-Project-CPP-Testground\HSPGame\Source\HSPGame\ProtagClass.cpp(34) : error C2672: 'TBaseDynamicMulticastDelegate<FWeakObjectPtr,void,UPrimitiveComponent *,AActor *,UPrimitiveComponent *,int32,bool,const FHitResult &>::__Internal_AddDynamic': no matching overloaded function found
[2019.02.14-04.14.07:959][612]CompilerResultsLog:    C:\Users\Connor\Documents\CP-School\Senior Project\GitRepos\Senior-Project-CPP-Testground\HSPGame\Source\HSPGame\ProtagClass.cpp(34) : error C2780: 'void TBaseDynamicMulticastDelegate<FWeakObjectPtr,void,UPrimitiveComponent *,AActor *,UPrimitiveComponent *,int32,bool,const FHitResult &>::__Internal_AddDynamic(UserClass *,TBaseDynamicDelegate<FWeakObjectPtr,RetValType,UPrimitiveComponent *,AActor *,UPrimitiveComponent *,int32,bool,const FHitResult &>::TMethodPtrResolver<UserClass>::FMethodPtr,FName)': expects 3 arguments - 2 provided
[2019.02.14-04.14.07:959][612]CompilerResultsLog:           with
[2019.02.14-04.14.07:959][612]CompilerResultsLog:           [
[2019.02.14-04.14.07:960][612]CompilerResultsLog:               RetValType=void
[2019.02.14-04.14.07:960][612]CompilerResultsLog:           ]
[2019.02.14-04.14.07:960][612]CompilerResultsLog:   C:\Program Files\Epic Games\UE_4.21\Engine\Source\Runtime\Core\Public\Delegates/DelegateSignatureImpl.inl(1168): note: see declaration of 'TBaseDynamicMulticastDelegate<FWeakObjectPtr,void,UPrimitiveComponent *,AActor *,UPrimitiveComponent *,int32,bool,const FHitResult &>::__Internal_AddDynamic'
[2019.02.14-04.14.07:960][612]CompilerResultsLog: ERROR: UBT ERROR: Failed to produce item: C:\Users\Connor\Documents\CP-School\Senior Project\GitRepos\Senior-Project-CPP-Testground\HSPGame\Binaries\Win64\UE4Editor-HSPGame-6445.dll
[2019.02.14-04.14.07:960][612]CompilerResultsLog:        (see ../Programs/UnrealBuildTool/Log.txt for full exception trace)
[2019.02.14-04.14.07:960][612]CompilerResultsLog: Total build time: 6.03 seconds (Parallel executor: 0.00 seconds)
[2019.02.14-04.14.07:961][612]LogMainFrame: MainFrame: Module compiling took 6.575 seconds
[2019.02.14-04.14.07:961][612]Warning: HotReload failed, recompile failed
