Log file open, 02/14/19 02:07:15
LogWindows: Failed to load 'aqProf.dll' (GetLastError=126)
LogWindows: File 'aqProf.dll' does not exist
LogWindows: Failed to load 'VtuneApi.dll' (GetLastError=126)
LogWindows: File 'VtuneApi.dll' does not exist
LogWindows: Failed to load 'VtuneApi32e.dll' (GetLastError=126)
LogWindows: File 'VtuneApi32e.dll' does not exist
LogConsoleResponse: Display: Failed to find resolution value strings in scalability ini. Falling back to default.
LogInit: Display: Running engine for game: HSPGame
LogPakFile: Registered encryption key '00000000000000000000000000000000': 0 pak files mounted, 0 remain pending
LogPlatformFile: Not using cached read wrapper
LogTaskGraph: Started task graph with 5 named threads and 23 total threads with 3 sets of task threads.
LogStats: Stats thread started at 0.444858
LogD3D11RHI: Loaded GFSDK_Aftermath_Lib.x64.dll
LogICUInternationalization: ICU TimeZone Detection - Raw Offset: -8:00, Platform Override: ''
LogPluginManager: Mounting plugin Paper2D
LogPluginManager: Mounting plugin AISupport
LogPluginManager: Mounting plugin LightPropagationVolume
LogPluginManager: Mounting plugin ActorLayerUtilities
LogPluginManager: Mounting plugin CLionSourceCodeAccess
LogPluginManager: Mounting plugin CodeLiteSourceCodeAccess
LogPluginManager: Mounting plugin GitSourceControl
LogPluginManager: Mounting plugin KDevelopSourceCodeAccess
LogPluginManager: Mounting plugin NullSourceCodeAccess
LogPluginManager: Mounting plugin PerforceSourceControl
LogPluginManager: Mounting plugin SubversionSourceControl
LogPluginManager: Mounting plugin UObjectPlugin
LogPluginManager: Mounting plugin VisualStudioCodeSourceCodeAccess
LogPluginManager: Mounting plugin VisualStudioSourceCodeAccess
LogPluginManager: Mounting plugin XCodeSourceCodeAccess
LogPluginManager: Mounting plugin AssetManagerEditor
LogPluginManager: Mounting plugin CryptoKeys
LogPluginManager: Mounting plugin DataValidation
LogPluginManager: Mounting plugin FacialAnimation
LogPluginManager: Mounting plugin GameplayTagsEditor
LogPluginManager: Mounting plugin MacGraphicsSwitching
LogPluginManager: Mounting plugin MeshEditor
LogPluginManager: Mounting plugin MobileLauncherProfileWizard
LogPluginManager: Mounting plugin PluginBrowser
LogPluginManager: Mounting plugin SpeedTreeImporter
LogPluginManager: Mounting plugin DatasmithContent
LogPluginManager: Mounting plugin VariantManagerContent
LogPluginManager: Mounting plugin AlembicImporter
LogPluginManager: Mounting plugin AppleImageUtils
LogPluginManager: Mounting plugin AppleVision
LogPluginManager: Mounting plugin BackChannel
LogPluginManager: Mounting plugin CharacterAI
LogPluginManager: Mounting plugin GeometryCache
LogPluginManager: Mounting plugin HTML5Networking
LogPluginManager: Mounting plugin ProxyLODPlugin
LogPluginManager: Mounting plugin MagicLeap
LogPluginManager: Mounting plugin MagicLeapMedia
LogPluginManager: Mounting plugin AndroidMedia
LogPluginManager: Mounting plugin AvfMedia
LogPluginManager: Mounting plugin ImgMedia
LogPluginManager: Mounting plugin LinearTimecode
LogPluginManager: Mounting plugin MediaCompositing
LogPluginManager: Mounting plugin MediaPlayerEditor
LogPluginManager: Mounting plugin WebMMedia
LogPluginManager: Mounting plugin WmfMedia
LogPluginManager: Mounting plugin TcpMessaging
LogPluginManager: Mounting plugin UdpMessaging
LogPluginManager: Mounting plugin ActorSequence
LogPluginManager: Mounting plugin LevelSequenceEditor
LogPluginManager: Mounting plugin MatineeToLevelSequence
LogPluginManager: Mounting plugin NetcodeUnitTest
LogPluginManager: Mounting plugin NUTUnrealEngine4
LogPluginManager: Mounting plugin OnlineSubsystemGooglePlay
LogPluginManager: Mounting plugin OnlineSubsystemIOS
LogPluginManager: Mounting plugin OnlineSubsystem
LogPluginManager: Mounting plugin OnlineSubsystemNull
LogPluginManager: Mounting plugin OnlineSubsystemUtils
LogPluginManager: Mounting plugin LauncherChunkInstaller
LogPluginManager: Mounting plugin AndroidDeviceProfileSelector
LogPluginManager: Mounting plugin AndroidMoviePlayer
LogPluginManager: Mounting plugin AndroidPermission
LogPluginManager: Mounting plugin AppleMoviePlayer
LogPluginManager: Mounting plugin ArchVisCharacter
LogPluginManager: Mounting plugin AudioCapture
LogPluginManager: Mounting plugin CableComponent
LogPluginManager: Mounting plugin CustomMeshComponent
LogPluginManager: Mounting plugin EditableMesh
LogPluginManager: Mounting plugin ExampleDeviceProfileSelector
LogPluginManager: Mounting plugin Firebase
LogPluginManager: Mounting plugin GoogleCloudMessaging
LogPluginManager: Mounting plugin IOSDeviceProfileSelector
LogPluginManager: Mounting plugin LinuxDeviceProfileSelector
LogPluginManager: Mounting plugin LocationServicesBPLibrary
LogPluginManager: Mounting plugin MobilePatchingUtils
LogPluginManager: Mounting plugin OculusVR
LogPluginManager: Mounting plugin PhysXVehicles
LogPluginManager: Mounting plugin ProceduralMeshComponent
LogPluginManager: Mounting plugin RuntimePhysXCooking
LogPluginManager: Mounting plugin SteamVR
LogPluginManager: Mounting plugin WebMMoviePlayer
LogPluginManager: Mounting plugin WindowsMoviePlayer
LogStreaming: Display: Took  0.083s to configure plugins.
LogInit: Using libcurl 7.55.1-DEV
LogInit:  - built for x86_64-pc-win32
LogInit:  - supports SSL with OpenSSL/1.0.2h
LogInit:  - supports HTTP deflate (compression) using libz 1.2.8
LogInit:  - other features:
LogInit:      CURL_VERSION_SSL
LogInit:      CURL_VERSION_LIBZ
LogInit:      CURL_VERSION_IPV6
LogInit:      CURL_VERSION_ASYNCHDNS
LogInit:      CURL_VERSION_LARGEFILE
LogInit:      CURL_VERSION_IDN
LogInit:  CurlRequestOptions (configurable via config and command line):
LogInit:  - bVerifyPeer = true  - Libcurl will verify peer certificate
LogInit:  - bUseHttpProxy = false  - Libcurl will NOT use HTTP proxy
LogInit:  - bDontReuseConnections = false  - Libcurl will reuse connections
LogInit:  - MaxHostConnections = 16  - Libcurl will limit the number of connections to a host
LogInit:  - LocalHostAddr = Default
LogInit:  - BufferSize = 65536
LogInit: WinSock: version 1.1 (2.2), MaxSocks=32767, MaxUdp=65467
LogInit: Build: ++UE4+Release-4.21-CL-4753647
LogInit: Engine Version: 4.21.2-4753647+++UE4+Release-4.21
LogInit: Compatible Engine Version: 4.21.0-4541578+++UE4+Release-4.21
LogInit: Net CL: 4541578
LogInit: OS: Windows 10 (), CPU: Intel(R) Core(TM) i7-6700K CPU @ 4.00GHz, GPU: NVIDIA GeForce RTX 2080
LogInit: Compiled (64-bit): Jan 19 2019 02:07:31
LogInit: Compiled with Visual C++: 19.13.26129.00
LogInit: Build Configuration: Development
LogInit: Branch Name: ++UE4+Release-4.21
LogInit: Command Line:  -skipcompile
LogInit: Base Directory: G:/Games/Epic/Games/UE_4.21/Engine/Binaries/Win64/
LogInit: Installed Engine Build: 1
LogDevObjectVersion: Number of dev versions registered: 22
LogDevObjectVersion:   Dev-Blueprints (B0D832E4-1F89-4F0D-ACCF-7EB736FD4AA2): 10
LogDevObjectVersion:   Dev-Build (E1C64328-A22C-4D53-A36C-8E866417BD8C): 0
LogDevObjectVersion:   Dev-Core (375EC13C-06E4-48FB-B500-84F0262A717E): 2
LogDevObjectVersion:   Dev-Editor (E4B068ED-F494-42E9-A231-DA0B2E46BB41): 26
LogDevObjectVersion:   Dev-Framework (CFFC743F-43B0-4480-9391-14DF171D2073): 34
LogDevObjectVersion:   Dev-Mobile (B02B49B5-BB20-44E9-A304-32B752E40360): 2
LogDevObjectVersion:   Dev-Networking (A4E4105C-59A1-49B5-A7C5-40C4547EDFEE): 0
LogDevObjectVersion:   Dev-Online (39C831C9-5AE6-47DC-9A44-9C173E1C8E7C): 0
LogDevObjectVersion:   Dev-Physics (78F01B33-EBEA-4F98-B9B4-84EACCB95AA2): 0
LogDevObjectVersion:   Dev-Platform (6631380F-2D4D-43E0-8009-CF276956A95A): 0
LogDevObjectVersion:   Dev-Rendering (12F88B9F-8875-4AFC-A67C-D90C383ABD29): 27
LogDevObjectVersion:   Dev-Sequencer (7B5AE74C-D270-4C10-A958-57980B212A5A): 9
LogDevObjectVersion:   Dev-VR (D7296918-1DD6-4BDD-9DE2-64A83CC13884): 2
LogDevObjectVersion:   Dev-LoadTimes (C2A15278-BFE7-4AFE-6C17-90FF531DF755): 1
LogDevObjectVersion:   Private-Geometry (6EACA3D4-40EC-4CC1-B786-8BED09428FC5): 3
LogDevObjectVersion:   Dev-AnimPhys (29E575DD-E0A3-4627-9D10-D276232CDCEA): 17
LogDevObjectVersion:   Dev-Anim (AF43A65D-7FD3-4947-9873-3E8ED9C1BB05): 2
LogDevObjectVersion:   Dev-ReflectionCapture (6B266CEC-1EC7-4B8F-A30B-E4D90942FC07): 1
LogDevObjectVersion:   Dev-Automation (0DF73D61-A23F-47EA-B727-89E90C41499A): 1
LogDevObjectVersion:   FortniteMain (601D1886-AC64-4F84-AA16-D3DE0DEAC7D6): 17
LogDevObjectVersion:   Dev-Enterprise (9DFFBCD6-494F-0158-E221-12823C92A888): 4
LogDevObjectVersion:   Dev-Niagara (F2AED0AC-9AFE-416F-8664-AA7FFA26D6FC): 1
LogStreaming: Display: Took  0.003s to delete old logs.
LogInit: Presizing for max 8388607 objects, including 0 objects not considered by GC, pre-allocating 0 bytes for permanent pool.
LogInit: Object subsystem initialized
LogConfig: Setting CVar [[con.DebugEarlyDefault:1]]
LogConfig: Setting CVar [[r.setres:1280x720]]
[2019.02.14-10.07.16:143][  0]LogConfig: Setting CVar [[r.VSync:0]]
[2019.02.14-10.07.16:143][  0]LogConfig: Setting CVar [[r.RHICmdBypass:0]]
[2019.02.14-10.07.16:143][  0]LogConfig: Applying CVar settings from Section [/Script/Engine.RendererSettings] File [C:/Users/gosus/Documents/CP-School/SeniorProject/gitRepos/Senior-Project-CPP-Testground/HSPGame/Saved/Config/Windows/Engine.ini]
[2019.02.14-10.07.16:143][  0]LogConfig: Setting CVar [[r.GPUCrashDebugging:0]]
[2019.02.14-10.07.16:143][  0]LogConfig: Applying CVar settings from Section [/Script/Engine.RendererOverrideSettings] File [C:/Users/gosus/Documents/CP-School/SeniorProject/gitRepos/Senior-Project-CPP-Testground/HSPGame/Saved/Config/Windows/Engine.ini]
[2019.02.14-10.07.16:143][  0]LogConfig: Applying CVar settings from Section [/Script/Engine.StreamingSettings] File [C:/Users/gosus/Documents/CP-School/SeniorProject/gitRepos/Senior-Project-CPP-Testground/HSPGame/Saved/Config/Windows/Engine.ini]
[2019.02.14-10.07.16:143][  0]LogConfig: Setting CVar [[s.MinBulkDataSizeForAsyncLoading:131072]]
[2019.02.14-10.07.16:143][  0]LogConfig: Setting CVar [[s.AsyncLoadingThreadEnabled:0]]
[2019.02.14-10.07.16:143][  0]LogConfig: Setting CVar [[s.EventDrivenLoaderEnabled:1]]
[2019.02.14-10.07.16:143][  0]LogConfig: Setting CVar [[s.WarnIfTimeLimitExceeded:0]]
[2019.02.14-10.07.16:143][  0]LogConfig: Setting CVar [[s.TimeLimitExceededMultiplier:1.5]]
[2019.02.14-10.07.16:143][  0]LogConfig: Setting CVar [[s.TimeLimitExceededMinTime:0.005]]
[2019.02.14-10.07.16:143][  0]LogConfig: Setting CVar [[s.UseBackgroundLevelStreaming:1]]
[2019.02.14-10.07.16:143][  0]LogConfig: Setting CVar [[s.PriorityAsyncLoadingExtraTime:15.0]]
[2019.02.14-10.07.16:144][  0]LogConfig: Setting CVar [[s.LevelStreamingActorsUpdateTimeLimit:5.0]]
[2019.02.14-10.07.16:144][  0]LogConfig: Setting CVar [[s.PriorityLevelStreamingActorsUpdateExtraTime:5.0]]
[2019.02.14-10.07.16:144][  0]LogConfig: Setting CVar [[s.LevelStreamingComponentsRegistrationGranularity:10]]
[2019.02.14-10.07.16:144][  0]LogConfig: Setting CVar [[s.UnregisterComponentsTimeLimit:1.0]]
[2019.02.14-10.07.16:144][  0]LogConfig: Setting CVar [[s.LevelStreamingComponentsUnregistrationGranularity:5]]
[2019.02.14-10.07.16:144][  0]LogConfig: Applying CVar settings from Section [/Script/Engine.GarbageCollectionSettings] File [C:/Users/gosus/Documents/CP-School/SeniorProject/gitRepos/Senior-Project-CPP-Testground/HSPGame/Saved/Config/Windows/Engine.ini]
[2019.02.14-10.07.16:144][  0]LogConfig: Setting CVar [[gc.MaxObjectsNotConsideredByGC:1]]
[2019.02.14-10.07.16:144][  0]LogConfig: Setting CVar [[gc.SizeOfPermanentObjectPool:0]]
[2019.02.14-10.07.16:144][  0]LogConfig: Setting CVar [[gc.FlushStreamingOnGC:0]]
[2019.02.14-10.07.16:144][  0]LogConfig: Setting CVar [[gc.NumRetriesBeforeForcingGC:10]]
[2019.02.14-10.07.16:144][  0]LogConfig: Setting CVar [[gc.AllowParallelGC:1]]
[2019.02.14-10.07.16:144][  0]LogConfig: Setting CVar [[gc.TimeBetweenPurgingPendingKillObjects:61.1]]
[2019.02.14-10.07.16:144][  0]LogConfig: Setting CVar [[gc.MaxObjectsInEditor:8388607]]
[2019.02.14-10.07.16:144][  0]LogConfig: Setting CVar [[gc.IncrementalBeginDestroyEnabled:1]]
[2019.02.14-10.07.16:144][  0]LogConfig: Setting CVar [[gc.CreateGCClusters:1]]
[2019.02.14-10.07.16:144][  0]LogConfig: Setting CVar [[gc.MergeGCClusters:0]]
[2019.02.14-10.07.16:144][  0]LogConfig: Setting CVar [[gc.MinGCClusterSize:5]]
[2019.02.14-10.07.16:144][  0]LogConfig: Setting CVar [[gc.ActorClusteringEnabled:0]]
[2019.02.14-10.07.16:144][  0]LogConfig: Setting CVar [[gc.BlueprintClusteringEnabled:0]]
[2019.02.14-10.07.16:144][  0]LogConfig: Setting CVar [[gc.UseDisregardForGCOnDedicatedServers:0]]
[2019.02.14-10.07.16:144][  0]LogConfig: Applying CVar settings from Section [/Script/Engine.NetworkSettings] File [C:/Users/gosus/Documents/CP-School/SeniorProject/gitRepos/Senior-Project-CPP-Testground/HSPGame/Saved/Config/Windows/Engine.ini]
[2019.02.14-10.07.16:145][  0]LogConfig: Applying CVar settings from Section [/Script/UnrealEd.CookerSettings] File [C:/Users/gosus/Documents/CP-School/SeniorProject/gitRepos/Senior-Project-CPP-Testground/HSPGame/Saved/Config/Windows/Engine.ini]
[2019.02.14-10.07.16:156][  0]LogConfig: Applying CVar settings from Section [ViewDistanceQuality@3] File [C:/Users/gosus/Documents/CP-School/SeniorProject/gitRepos/Senior-Project-CPP-Testground/HSPGame/Saved/Config/Windows/Scalability.ini]
[2019.02.14-10.07.16:156][  0]LogConfig: Setting CVar [[r.SkeletalMeshLODBias:0]]
[2019.02.14-10.07.16:156][  0]LogConfig: Setting CVar [[r.ViewDistanceScale:1.0]]
[2019.02.14-10.07.16:156][  0]LogConfig: Applying CVar settings from Section [AntiAliasingQuality@3] File [C:/Users/gosus/Documents/CP-School/SeniorProject/gitRepos/Senior-Project-CPP-Testground/HSPGame/Saved/Config/Windows/Scalability.ini]
[2019.02.14-10.07.16:156][  0]LogConfig: Setting CVar [[r.PostProcessAAQuality:4]]
[2019.02.14-10.07.16:156][  0]LogConfig: Applying CVar settings from Section [ShadowQuality@3] File [C:/Users/gosus/Documents/CP-School/SeniorProject/gitRepos/Senior-Project-CPP-Testground/HSPGame/Saved/Config/Windows/Scalability.ini]
[2019.02.14-10.07.16:156][  0]LogConfig: Setting CVar [[r.LightFunctionQuality:1]]
[2019.02.14-10.07.16:156][  0]LogConfig: Setting CVar [[r.ShadowQuality:5]]
[2019.02.14-10.07.16:157][  0]LogConfig: Setting CVar [[r.Shadow.CSM.MaxCascades:10]]
[2019.02.14-10.07.16:157][  0]LogConfig: Setting CVar [[r.Shadow.MaxResolution:2048]]
[2019.02.14-10.07.16:157][  0]LogConfig: Setting CVar [[r.Shadow.MaxCSMResolution:2048]]
[2019.02.14-10.07.16:157][  0]LogConfig: Setting CVar [[r.Shadow.RadiusThreshold:0.01]]
[2019.02.14-10.07.16:157][  0]LogConfig: Setting CVar [[r.Shadow.DistanceScale:1.0]]
[2019.02.14-10.07.16:157][  0]LogConfig: Setting CVar [[r.Shadow.CSM.TransitionScale:1.0]]
[2019.02.14-10.07.16:157][  0]LogConfig: Setting CVar [[r.Shadow.PreShadowResolutionFactor:1.0]]
[2019.02.14-10.07.16:157][  0]LogConfig: Setting CVar [[r.DistanceFieldShadowing:1]]
[2019.02.14-10.07.16:157][  0]LogConfig: Setting CVar [[r.DistanceFieldAO:1]]
[2019.02.14-10.07.16:157][  0]LogConfig: Setting CVar [[r.AOQuality:2]]
[2019.02.14-10.07.16:157][  0]LogConfig: Setting CVar [[r.VolumetricFog:1]]
[2019.02.14-10.07.16:157][  0]LogConfig: Setting CVar [[r.VolumetricFog.GridPixelSize:8]]
[2019.02.14-10.07.16:157][  0]LogConfig: Setting CVar [[r.VolumetricFog.GridSizeZ:128]]
[2019.02.14-10.07.16:157][  0]LogConfig: Setting CVar [[r.VolumetricFog.HistoryMissSupersampleCount:4]]
[2019.02.14-10.07.16:157][  0]LogConfig: Setting CVar [[r.LightMaxDrawDistanceScale:1]]
[2019.02.14-10.07.16:157][  0]LogConfig: Setting CVar [[r.CapsuleShadows:1]]
[2019.02.14-10.07.16:157][  0]LogConfig: Applying CVar settings from Section [PostProcessQuality@3] File [C:/Users/gosus/Documents/CP-School/SeniorProject/gitRepos/Senior-Project-CPP-Testground/HSPGame/Saved/Config/Windows/Scalability.ini]
[2019.02.14-10.07.16:157][  0]LogConfig: Setting CVar [[r.MotionBlurQuality:4]]
[2019.02.14-10.07.16:157][  0]LogConfig: Setting CVar [[r.AmbientOcclusionMipLevelFactor:0.4]]
[2019.02.14-10.07.16:157][  0]LogConfig: Setting CVar [[r.AmbientOcclusionMaxQuality:100]]
[2019.02.14-10.07.16:157][  0]LogConfig: Setting CVar [[r.AmbientOcclusionLevels:-1]]
[2019.02.14-10.07.16:157][  0]LogConfig: Setting CVar [[r.AmbientOcclusionRadiusScale:1.0]]
[2019.02.14-10.07.16:157][  0]LogConfig: Setting CVar [[r.DepthOfFieldQuality:2]]
[2019.02.14-10.07.16:158][  0]LogConfig: Setting CVar [[r.RenderTargetPoolMin:400]]
[2019.02.14-10.07.16:158][  0]LogConfig: Setting CVar [[r.LensFlareQuality:2]]
[2019.02.14-10.07.16:158][  0]LogConfig: Setting CVar [[r.SceneColorFringeQuality:1]]
[2019.02.14-10.07.16:158][  0]LogConfig: Setting CVar [[r.EyeAdaptationQuality:2]]
[2019.02.14-10.07.16:158][  0]LogConfig: Setting CVar [[r.BloomQuality:5]]
[2019.02.14-10.07.16:158][  0]LogConfig: Setting CVar [[r.FastBlurThreshold:100]]
[2019.02.14-10.07.16:158][  0]LogConfig: Setting CVar [[r.Upscale.Quality:3]]
[2019.02.14-10.07.16:158][  0]LogConfig: Setting CVar [[r.Tonemapper.GrainQuantization:1]]
[2019.02.14-10.07.16:158][  0]LogConfig: Setting CVar [[r.LightShaftQuality:1]]
[2019.02.14-10.07.16:158][  0]LogConfig: Setting CVar [[r.Filter.SizeScale:1]]
[2019.02.14-10.07.16:158][  0]LogConfig: Setting CVar [[r.Tonemapper.Quality:5]]
[2019.02.14-10.07.16:158][  0]LogConfig: Setting CVar [[r.DOF.Gather.AccumulatorQuality:1        ; higher gathering accumulator quality]]
[2019.02.14-10.07.16:158][  0]LogConfig: Setting CVar [[r.DOF.Gather.PostfilterMethod:1          ; Median3x3 postfilering method]]
[2019.02.14-10.07.16:158][  0]LogConfig: Setting CVar [[r.DOF.Gather.EnableBokehSettings:0       ; no bokeh simulation when gathering]]
[2019.02.14-10.07.16:158][  0]LogConfig: Setting CVar [[r.DOF.Gather.RingCount:4                 ; medium number of samples when gathering]]
[2019.02.14-10.07.16:158][  0]LogConfig: Setting CVar [[r.DOF.Scatter.ForegroundCompositing:1    ; additive foreground scattering]]
[2019.02.14-10.07.16:158][  0]LogConfig: Setting CVar [[r.DOF.Scatter.BackgroundCompositing:2    ; additive background scattering]]
[2019.02.14-10.07.16:158][  0]LogConfig: Setting CVar [[r.DOF.Scatter.EnableBokehSettings:1      ; bokeh simulation when scattering]]
[2019.02.14-10.07.16:158][  0]LogConfig: Setting CVar [[r.DOF.Scatter.MaxSpriteRatio:0.1         ; only a maximum of 10% of scattered bokeh]]
[2019.02.14-10.07.16:158][  0]LogConfig: Setting CVar [[r.DOF.Recombine.Quality:1                ; cheap slight out of focus]]
[2019.02.14-10.07.16:158][  0]LogConfig: Setting CVar [[r.DOF.Recombine.EnableBokehSettings:0    ; no bokeh simulation on slight out of focus]]
[2019.02.14-10.07.16:158][  0]LogConfig: Setting CVar [[r.DOF.TemporalAAQuality:1                ; more stable temporal accumulation]]
[2019.02.14-10.07.16:158][  0]LogConfig: Setting CVar [[r.DOF.Kernel.MaxForegroundRadius:0.025]]
[2019.02.14-10.07.16:158][  0]LogConfig: Setting CVar [[r.DOF.Kernel.MaxBackgroundRadius:0.025]]
[2019.02.14-10.07.16:158][  0]LogConfig: Applying CVar settings from Section [TextureQuality@3] File [C:/Users/gosus/Documents/CP-School/SeniorProject/gitRepos/Senior-Project-CPP-Testground/HSPGame/Saved/Config/Windows/Scalability.ini]
[2019.02.14-10.07.16:159][  0]LogConfig: Setting CVar [[r.Streaming.MipBias:0]]
[2019.02.14-10.07.16:159][  0]LogConfig: Setting CVar [[r.Streaming.AmortizeCPUToGPUCopy:0]]
[2019.02.14-10.07.16:159][  0]LogConfig: Setting CVar [[r.Streaming.MaxNumTexturesToStreamPerFrame:0]]
[2019.02.14-10.07.16:159][  0]LogConfig: Setting CVar [[r.Streaming.Boost:1]]
[2019.02.14-10.07.16:159][  0]LogConfig: Setting CVar [[r.MaxAnisotropy:8]]
[2019.02.14-10.07.16:159][  0]LogConfig: Setting CVar [[r.Streaming.LimitPoolSizeToVRAM:0]]
[2019.02.14-10.07.16:159][  0]LogConfig: Setting CVar [[r.Streaming.PoolSize:1000]]
[2019.02.14-10.07.16:159][  0]LogConfig: Setting CVar [[r.Streaming.MaxEffectiveScreenSize:0]]
[2019.02.14-10.07.16:159][  0]LogConfig: Applying CVar settings from Section [EffectsQuality@3] File [C:/Users/gosus/Documents/CP-School/SeniorProject/gitRepos/Senior-Project-CPP-Testground/HSPGame/Saved/Config/Windows/Scalability.ini]
[2019.02.14-10.07.16:159][  0]LogConfig: Setting CVar [[r.TranslucencyLightingVolumeDim:64]]
[2019.02.14-10.07.16:159][  0]LogConfig: Setting CVar [[r.RefractionQuality:2]]
[2019.02.14-10.07.16:159][  0]LogConfig: Setting CVar [[r.SSR.Quality:3]]
[2019.02.14-10.07.16:159][  0]LogConfig: Setting CVar [[r.SceneColorFormat:4]]
[2019.02.14-10.07.16:159][  0]LogConfig: Setting CVar [[r.DetailMode:2]]
[2019.02.14-10.07.16:159][  0]LogConfig: Setting CVar [[r.TranslucencyVolumeBlur:1]]
[2019.02.14-10.07.16:159][  0]LogConfig: Setting CVar [[r.MaterialQualityLevel:1 ; High quality]]
[2019.02.14-10.07.16:159][  0]LogConfig: Setting CVar [[r.SSS.Scale:1]]
[2019.02.14-10.07.16:159][  0]LogConfig: Setting CVar [[r.SSS.SampleSet:2]]
[2019.02.14-10.07.16:159][  0]LogConfig: Setting CVar [[r.SSS.Quality:1]]
[2019.02.14-10.07.16:159][  0]LogConfig: Setting CVar [[r.SSS.HalfRes:1]]
[2019.02.14-10.07.16:159][  0]LogConfig: Setting CVar [[r.EmitterSpawnRateScale:1.0]]
[2019.02.14-10.07.16:159][  0]LogConfig: Setting CVar [[r.ParticleLightQuality:2]]
[2019.02.14-10.07.16:159][  0]LogConfig: Applying CVar settings from Section [FoliageQuality@3] File [C:/Users/gosus/Documents/CP-School/SeniorProject/gitRepos/Senior-Project-CPP-Testground/HSPGame/Saved/Config/Windows/Scalability.ini]
[2019.02.14-10.07.16:159][  0]LogConfig: Setting CVar [[foliage.DensityScale:1.0]]
[2019.02.14-10.07.16:160][  0]LogConfig: Setting CVar [[grass.DensityScale:1.0]]
[2019.02.14-10.07.16:160][  0]LogInit: Selected Device Profile: [Windows]
[2019.02.14-10.07.16:160][  0]LogInit: Applying CVar settings loaded from the selected device profile: [Windows]
[2019.02.14-10.07.16:169][  0]LogHAL: Display: Platform has ~ 32 GB [34313105408 / 34359738368 / 32], which maps to Largest [LargestMinGB=32, LargerMinGB=12, DefaultMinGB=8, SmallerMinGB=6, SmallestMinGB=0)
[2019.02.14-10.07.16:169][  0]LogConfig: Setting CVar [[r.Vulkan.UseRealUBs:1]]
[2019.02.14-10.07.16:169][  0]LogInit: Going up to parent DeviceProfile []
[2019.02.14-10.07.16:169][  0]LogConfig: Applying CVar settings from Section [ViewDistanceQuality@3] File [C:/Users/gosus/Documents/CP-School/SeniorProject/gitRepos/Senior-Project-CPP-Testground/HSPGame/Saved/Config/Windows/Scalability.ini]
[2019.02.14-10.07.16:169][  0]LogConfig: Setting CVar [[r.SkeletalMeshLODBias:0]]
[2019.02.14-10.07.16:169][  0]LogConfig: Setting CVar [[r.ViewDistanceScale:1.0]]
[2019.02.14-10.07.16:169][  0]LogConfig: Applying CVar settings from Section [AntiAliasingQuality@3] File [C:/Users/gosus/Documents/CP-School/SeniorProject/gitRepos/Senior-Project-CPP-Testground/HSPGame/Saved/Config/Windows/Scalability.ini]
[2019.02.14-10.07.16:169][  0]LogConfig: Setting CVar [[r.PostProcessAAQuality:4]]
[2019.02.14-10.07.16:169][  0]LogConfig: Applying CVar settings from Section [ShadowQuality@3] File [C:/Users/gosus/Documents/CP-School/SeniorProject/gitRepos/Senior-Project-CPP-Testground/HSPGame/Saved/Config/Windows/Scalability.ini]
[2019.02.14-10.07.16:170][  0]LogConfig: Setting CVar [[r.LightFunctionQuality:1]]
[2019.02.14-10.07.16:170][  0]LogConfig: Setting CVar [[r.ShadowQuality:5]]
[2019.02.14-10.07.16:170][  0]LogConfig: Setting CVar [[r.Shadow.CSM.MaxCascades:10]]
[2019.02.14-10.07.16:170][  0]LogConfig: Setting CVar [[r.Shadow.MaxResolution:2048]]
[2019.02.14-10.07.16:170][  0]LogConfig: Setting CVar [[r.Shadow.MaxCSMResolution:2048]]
[2019.02.14-10.07.16:170][  0]LogConfig: Setting CVar [[r.Shadow.RadiusThreshold:0.01]]
[2019.02.14-10.07.16:170][  0]LogConfig: Setting CVar [[r.Shadow.DistanceScale:1.0]]
[2019.02.14-10.07.16:170][  0]LogConfig: Setting CVar [[r.Shadow.CSM.TransitionScale:1.0]]
[2019.02.14-10.07.16:170][  0]LogConfig: Setting CVar [[r.Shadow.PreShadowResolutionFactor:1.0]]
[2019.02.14-10.07.16:170][  0]LogConfig: Setting CVar [[r.DistanceFieldShadowing:1]]
[2019.02.14-10.07.16:170][  0]LogConfig: Setting CVar [[r.DistanceFieldAO:1]]
[2019.02.14-10.07.16:170][  0]LogConfig: Setting CVar [[r.AOQuality:2]]
[2019.02.14-10.07.16:170][  0]LogConfig: Setting CVar [[r.VolumetricFog:1]]
[2019.02.14-10.07.16:170][  0]LogConfig: Setting CVar [[r.VolumetricFog.GridPixelSize:8]]
[2019.02.14-10.07.16:170][  0]LogConfig: Setting CVar [[r.VolumetricFog.GridSizeZ:128]]
[2019.02.14-10.07.16:170][  0]LogConfig: Setting CVar [[r.VolumetricFog.HistoryMissSupersampleCount:4]]
[2019.02.14-10.07.16:170][  0]LogConfig: Setting CVar [[r.LightMaxDrawDistanceScale:1]]
[2019.02.14-10.07.16:170][  0]LogConfig: Setting CVar [[r.CapsuleShadows:1]]
[2019.02.14-10.07.16:170][  0]LogConfig: Applying CVar settings from Section [PostProcessQuality@3] File [C:/Users/gosus/Documents/CP-School/SeniorProject/gitRepos/Senior-Project-CPP-Testground/HSPGame/Saved/Config/Windows/Scalability.ini]
[2019.02.14-10.07.16:170][  0]LogConfig: Setting CVar [[r.MotionBlurQuality:4]]
[2019.02.14-10.07.16:171][  0]LogConfig: Setting CVar [[r.AmbientOcclusionMipLevelFactor:0.4]]
[2019.02.14-10.07.16:171][  0]LogConfig: Setting CVar [[r.AmbientOcclusionMaxQuality:100]]
[2019.02.14-10.07.16:171][  0]LogConfig: Setting CVar [[r.AmbientOcclusionLevels:-1]]
[2019.02.14-10.07.16:171][  0]LogConfig: Setting CVar [[r.AmbientOcclusionRadiusScale:1.0]]
[2019.02.14-10.07.16:171][  0]LogConfig: Setting CVar [[r.DepthOfFieldQuality:2]]
[2019.02.14-10.07.16:171][  0]LogConfig: Setting CVar [[r.RenderTargetPoolMin:400]]
[2019.02.14-10.07.16:171][  0]LogConfig: Setting CVar [[r.LensFlareQuality:2]]
[2019.02.14-10.07.16:171][  0]LogConfig: Setting CVar [[r.SceneColorFringeQuality:1]]
[2019.02.14-10.07.16:171][  0]LogConfig: Setting CVar [[r.EyeAdaptationQuality:2]]
[2019.02.14-10.07.16:171][  0]LogConfig: Setting CVar [[r.BloomQuality:5]]
[2019.02.14-10.07.16:171][  0]LogConfig: Setting CVar [[r.FastBlurThreshold:100]]
[2019.02.14-10.07.16:171][  0]LogConfig: Setting CVar [[r.Upscale.Quality:3]]
[2019.02.14-10.07.16:171][  0]LogConfig: Setting CVar [[r.Tonemapper.GrainQuantization:1]]
[2019.02.14-10.07.16:171][  0]LogConfig: Setting CVar [[r.LightShaftQuality:1]]
[2019.02.14-10.07.16:171][  0]LogConfig: Setting CVar [[r.Filter.SizeScale:1]]
[2019.02.14-10.07.16:171][  0]LogConfig: Setting CVar [[r.Tonemapper.Quality:5]]
[2019.02.14-10.07.16:171][  0]LogConfig: Setting CVar [[r.DOF.Gather.AccumulatorQuality:1        ; higher gathering accumulator quality]]
[2019.02.14-10.07.16:171][  0]LogConfig: Setting CVar [[r.DOF.Gather.PostfilterMethod:1          ; Median3x3 postfilering method]]
[2019.02.14-10.07.16:171][  0]LogConfig: Setting CVar [[r.DOF.Gather.EnableBokehSettings:0       ; no bokeh simulation when gathering]]
[2019.02.14-10.07.16:171][  0]LogConfig: Setting CVar [[r.DOF.Gather.RingCount:4                 ; medium number of samples when gathering]]
[2019.02.14-10.07.16:171][  0]LogConfig: Setting CVar [[r.DOF.Scatter.ForegroundCompositing:1    ; additive foreground scattering]]
[2019.02.14-10.07.16:171][  0]LogConfig: Setting CVar [[r.DOF.Scatter.BackgroundCompositing:2    ; additive background scattering]]
[2019.02.14-10.07.16:171][  0]LogConfig: Setting CVar [[r.DOF.Scatter.EnableBokehSettings:1      ; bokeh simulation when scattering]]
[2019.02.14-10.07.16:171][  0]LogConfig: Setting CVar [[r.DOF.Scatter.MaxSpriteRatio:0.1         ; only a maximum of 10% of scattered bokeh]]
[2019.02.14-10.07.16:172][  0]LogConfig: Setting CVar [[r.DOF.Recombine.Quality:1                ; cheap slight out of focus]]
[2019.02.14-10.07.16:172][  0]LogConfig: Setting CVar [[r.DOF.Recombine.EnableBokehSettings:0    ; no bokeh simulation on slight out of focus]]
[2019.02.14-10.07.16:172][  0]LogConfig: Setting CVar [[r.DOF.TemporalAAQuality:1                ; more stable temporal accumulation]]
[2019.02.14-10.07.16:172][  0]LogConfig: Setting CVar [[r.DOF.Kernel.MaxForegroundRadius:0.025]]
[2019.02.14-10.07.16:172][  0]LogConfig: Setting CVar [[r.DOF.Kernel.MaxBackgroundRadius:0.025]]
[2019.02.14-10.07.16:172][  0]LogConfig: Applying CVar settings from Section [TextureQuality@3] File [C:/Users/gosus/Documents/CP-School/SeniorProject/gitRepos/Senior-Project-CPP-Testground/HSPGame/Saved/Config/Windows/Scalability.ini]
[2019.02.14-10.07.16:172][  0]LogConfig: Setting CVar [[r.Streaming.MipBias:0]]
[2019.02.14-10.07.16:172][  0]LogConfig: Setting CVar [[r.Streaming.AmortizeCPUToGPUCopy:0]]
[2019.02.14-10.07.16:172][  0]LogConfig: Setting CVar [[r.Streaming.MaxNumTexturesToStreamPerFrame:0]]
[2019.02.14-10.07.16:172][  0]LogConfig: Setting CVar [[r.Streaming.Boost:1]]
[2019.02.14-10.07.16:172][  0]LogConfig: Setting CVar [[r.MaxAnisotropy:8]]
[2019.02.14-10.07.16:172][  0]LogConfig: Setting CVar [[r.Streaming.LimitPoolSizeToVRAM:0]]
[2019.02.14-10.07.16:172][  0]LogConfig: Setting CVar [[r.Streaming.PoolSize:1000]]
[2019.02.14-10.07.16:172][  0]LogConfig: Setting CVar [[r.Streaming.MaxEffectiveScreenSize:0]]
[2019.02.14-10.07.16:172][  0]LogConfig: Applying CVar settings from Section [EffectsQuality@3] File [C:/Users/gosus/Documents/CP-School/SeniorProject/gitRepos/Senior-Project-CPP-Testground/HSPGame/Saved/Config/Windows/Scalability.ini]
[2019.02.14-10.07.16:172][  0]LogConfig: Setting CVar [[r.TranslucencyLightingVolumeDim:64]]
[2019.02.14-10.07.16:172][  0]LogConfig: Setting CVar [[r.RefractionQuality:2]]
[2019.02.14-10.07.16:172][  0]LogConfig: Setting CVar [[r.SSR.Quality:3]]
[2019.02.14-10.07.16:172][  0]LogConfig: Setting CVar [[r.SceneColorFormat:4]]
[2019.02.14-10.07.16:172][  0]LogConfig: Setting CVar [[r.DetailMode:2]]
[2019.02.14-10.07.16:172][  0]LogConfig: Setting CVar [[r.TranslucencyVolumeBlur:1]]
[2019.02.14-10.07.16:172][  0]LogConfig: Setting CVar [[r.MaterialQualityLevel:1 ; High quality]]
[2019.02.14-10.07.16:172][  0]LogConfig: Setting CVar [[r.SSS.Scale:1]]
[2019.02.14-10.07.16:172][  0]LogConfig: Setting CVar [[r.SSS.SampleSet:2]]
[2019.02.14-10.07.16:173][  0]LogConfig: Setting CVar [[r.SSS.Quality:1]]
[2019.02.14-10.07.16:173][  0]LogConfig: Setting CVar [[r.SSS.HalfRes:1]]
[2019.02.14-10.07.16:173][  0]LogConfig: Setting CVar [[r.EmitterSpawnRateScale:1.0]]
[2019.02.14-10.07.16:173][  0]LogConfig: Setting CVar [[r.ParticleLightQuality:2]]
[2019.02.14-10.07.16:173][  0]LogConfig: Applying CVar settings from Section [FoliageQuality@3] File [C:/Users/gosus/Documents/CP-School/SeniorProject/gitRepos/Senior-Project-CPP-Testground/HSPGame/Saved/Config/Windows/Scalability.ini]
[2019.02.14-10.07.16:173][  0]LogConfig: Setting CVar [[foliage.DensityScale:1.0]]
[2019.02.14-10.07.16:173][  0]LogConfig: Setting CVar [[grass.DensityScale:1.0]]
[2019.02.14-10.07.16:173][  0]LogConfig: Applying CVar settings from Section [Startup] File [../../../Engine/Config/ConsoleVariables.ini]
[2019.02.14-10.07.16:173][  0]LogConfig: Setting CVar [[net.UseAdaptiveNetUpdateFrequency:0]]
[2019.02.14-10.07.16:173][  0]LogConfig: Applying CVar settings from Section [ConsoleVariables] File [C:/Users/gosus/Documents/CP-School/SeniorProject/gitRepos/Senior-Project-CPP-Testground/HSPGame/Saved/Config/Windows/Engine.ini]
[2019.02.14-10.07.16:173][  0]LogInit: Computer: UNIT-01
[2019.02.14-10.07.16:173][  0]LogInit: User: gosus
[2019.02.14-10.07.16:173][  0]LogInit: CPU Page size=4096, Cores=4
[2019.02.14-10.07.16:173][  0]LogInit: High frequency timer resolution =10.000000 MHz
[2019.02.14-10.07.16:174][  0]LogMemory: Memory total: Physical=32.0GB (32GB approx)
[2019.02.14-10.07.16:174][  0]LogMemory: Platform Memory Stats for Windows
[2019.02.14-10.07.16:174][  0]LogMemory: Process Physical Memory: 102.73 MB used, 102.74 MB peak
[2019.02.14-10.07.16:174][  0]LogMemory: Process Virtual Memory: 90.42 MB used, 90.42 MB peak
[2019.02.14-10.07.16:174][  0]LogMemory: Physical Memory: 12459.14 MB used,  20264.38 MB free, 32723.53 MB total
[2019.02.14-10.07.16:174][  0]LogMemory: Virtual Memory: 4648.41 MB used,  134213080.00 MB free, 134217728.00 MB total
[2019.02.14-10.07.16:255][  0]LogInit: Using OS detected language (en-US).
[2019.02.14-10.07.16:256][  0]LogInit: Using OS detected locale (en-US).
[2019.02.14-10.07.16:256][  0]LogTextLocalizationManager: No specific localization for 'en-US' exists, so the 'en' localization will be used.
[2019.02.14-10.07.16:548][  0]LogStreaming: Display: Took  0.292s to InitEngineTextLocalization.
[2019.02.14-10.07.16:548][  0]LogInit: Setting process to per monitor DPI aware
[2019.02.14-10.07.16:606][  0]LogSlate: New Slate User Created.  User Index 0, Is Virtual User: 0
[2019.02.14-10.07.16:606][  0]LogSlate: Slate User Registered.  User Index 0, Is Virtual User: 0
[2019.02.14-10.07.16:761][  0]LogHMD: Failed to initialize OpenVR with code 110
[2019.02.14-10.07.16:761][  0]LogD3D11RHI: D3D11 adapters:
[2019.02.14-10.07.16:890][  0]LogD3D11RHI:    0. 'NVIDIA GeForce RTX 2080' (Feature Level 11_0)
[2019.02.14-10.07.16:890][  0]LogD3D11RHI:       8010/0/16361 MB DedicatedVideo/DedicatedSystem/SharedSystem, Outputs:2, VendorId:0x10de
[2019.02.14-10.07.16:894][  0]LogD3D11RHI:    1. 'Microsoft Basic Render Driver' (Feature Level 11_0)
[2019.02.14-10.07.16:894][  0]LogD3D11RHI:       0/0/16361 MB DedicatedVideo/DedicatedSystem/SharedSystem, Outputs:0, VendorId:0x1414
[2019.02.14-10.07.16:894][  0]LogD3D11RHI: Chosen D3D11 Adapter: 0
[2019.02.14-10.07.16:901][  0]LogD3D11RHI: Creating new Direct3DDevice
[2019.02.14-10.07.16:901][  0]LogD3D11RHI:     GPU DeviceId: 0x1e87 (for the marketing name, search the web for "GPU Device Id")
[2019.02.14-10.07.16:901][  0]LogWindows: EnumDisplayDevices:
[2019.02.14-10.07.16:901][  0]LogWindows:    0. 'NVIDIA GeForce RTX 2080' (P:1 D:1)
[2019.02.14-10.07.16:902][  0]LogWindows:    1. 'NVIDIA GeForce RTX 2080' (P:0 D:1)
[2019.02.14-10.07.16:902][  0]LogWindows:    2. 'NVIDIA GeForce RTX 2080' (P:0 D:0)
[2019.02.14-10.07.16:902][  0]LogWindows:    3. 'NVIDIA GeForce RTX 2080' (P:0 D:0)
[2019.02.14-10.07.16:902][  0]LogWindows: DebugString: FoundDriverCount:4 
[2019.02.14-10.07.16:902][  0]LogD3D11RHI:     Adapter Name: NVIDIA GeForce RTX 2080
[2019.02.14-10.07.16:902][  0]LogD3D11RHI:   Driver Version: 417.71 (internal:25.21.14.1771, unified:417.71)
[2019.02.14-10.07.16:902][  0]LogD3D11RHI:      Driver Date: 1-11-2019
[2019.02.14-10.07.16:903][  0]LogRHI: Texture pool is 5607 MB (70% of 8010 MB)
[2019.02.14-10.07.16:945][  0]LogD3D11RHI: Async texture creation enabled
[2019.02.14-10.07.16:968][  0]LogD3D11RHI: GPU Timing Frequency: 1000.000000 (Debug: 2 2)
[2019.02.14-10.07.17:302][  0]LogTemp: Display: Loaded TP AllDesktopTargetPlatform
[2019.02.14-10.07.17:315][  0]LogTemp: Display: Loaded TP MacClientTargetPlatform
[2019.02.14-10.07.17:328][  0]LogTemp: Display: Loaded TP MacNoEditorTargetPlatform
[2019.02.14-10.07.17:343][  0]LogTemp: Display: Loaded TP MacServerTargetPlatform
[2019.02.14-10.07.17:357][  0]LogTemp: Display: Loaded TP MacTargetPlatform
[2019.02.14-10.07.17:370][  0]LogTemp: Display: Loaded TP WindowsClientTargetPlatform
[2019.02.14-10.07.17:384][  0]LogTemp: Display: Loaded TP WindowsNoEditorTargetPlatform
[2019.02.14-10.07.17:397][  0]LogTemp: Display: Loaded TP WindowsServerTargetPlatform
[2019.02.14-10.07.17:406][  0]LogTemp: Display: Loaded TP WindowsTargetPlatform
[2019.02.14-10.07.17:463][  0]LogTemp: Display: Loaded TP AndroidTargetPlatform
[2019.02.14-10.07.17:463][  0]LogTemp: Display: Loaded TP AndroidTargetPlatform
[2019.02.14-10.07.17:463][  0]LogTemp: Display: Loaded TP AndroidTargetPlatform
[2019.02.14-10.07.17:463][  0]LogTemp: Display: Loaded TP AndroidTargetPlatform
[2019.02.14-10.07.17:463][  0]LogTemp: Display: Loaded TP AndroidTargetPlatform
[2019.02.14-10.07.17:463][  0]LogTemp: Display: Loaded TP AndroidTargetPlatform
[2019.02.14-10.07.17:463][  0]LogTemp: Display: Loaded TP AndroidTargetPlatform
[2019.02.14-10.07.17:463][  0]LogTemp: Display: Loaded TP AndroidTargetPlatform
[2019.02.14-10.07.17:464][  0]LogTemp: Display: Loaded TP AndroidTargetPlatform
[2019.02.14-10.07.17:464][  0]LogTemp: Display: Loaded TP AndroidTargetPlatform
[2019.02.14-10.07.17:464][  0]LogTemp: Display: Loaded TP AndroidTargetPlatform
[2019.02.14-10.07.17:464][  0]LogTemp: Display: Loaded TP AndroidTargetPlatform
[2019.02.14-10.07.17:464][  0]LogTemp: Display: Loaded TP AndroidTargetPlatform
[2019.02.14-10.07.17:464][  0]LogTemp: Display: Loaded TP AndroidTargetPlatform
[2019.02.14-10.07.17:464][  0]LogTemp: Display: Loaded TP AndroidTargetPlatform
[2019.02.14-10.07.17:464][  0]LogTemp: Display: Loaded TP AndroidTargetPlatform
[2019.02.14-10.07.17:464][  0]LogTemp: Display: Loaded TP AndroidTargetPlatform
[2019.02.14-10.07.17:464][  0]LogTemp: Display: Loaded TP AndroidTargetPlatform
[2019.02.14-10.07.17:467][  0]LogTemp: Display: Loaded TP HTML5TargetPlatform
[2019.02.14-10.07.17:531][  0]LogTemp: Display: Loaded TP IOSTargetPlatform
[2019.02.14-10.07.17:531][  0]LogTemp: Display: Loaded TP IOSTargetPlatform
[2019.02.14-10.07.17:550][  0]LogTemp: Display: Loaded TP TVOSTargetPlatform
[2019.02.14-10.07.17:551][  0]LogTemp: Display: Loaded TP TVOSTargetPlatform
[2019.02.14-10.07.17:563][  0]LogTemp: Display: Loaded TP LinuxClientTargetPlatform
[2019.02.14-10.07.17:576][  0]LogTemp: Display: Loaded TP LinuxNoEditorTargetPlatform
[2019.02.14-10.07.17:587][  0]LogTemp: Display: Loaded TP LinuxServerTargetPlatform
[2019.02.14-10.07.17:599][  0]LogTemp: Display: Loaded TP LinuxTargetPlatform
[2019.02.14-10.07.17:634][  0]LogTemp: Display: Loaded TP LuminTargetPlatform
[2019.02.14-10.07.17:634][  0]LogTemp: Display: Loaded TP LuminTargetPlatform
[2019.02.14-10.07.17:634][  0]LogTargetPlatformManager: Display: Building Assets For Windows
[2019.02.14-10.07.17:754][  0]LogShaderCompilers: Guid format shader working directory is -49 characters bigger than the processId version (C:/Users/gosus/Documents/CP-School/SeniorProject/gitRepos/Senior-Project-CPP-Testground/HSPGame/Intermediate/Shaders/WorkingDirectory/9832/).
[2019.02.14-10.07.17:754][  0]LogShaderCompilers: Cleaned the shader compiler working directory 'C:/Users/gosus/AppData/Local/Temp/UnrealShaderWorkingDir/64A8DE0148518DAA0E50A68A97F1577B/'.
[2019.02.14-10.07.17:756][  0]LogXGEController: Cleaning working directory: C:/Users/gosus/AppData/Local/Temp/UnrealXGEWorkingDir/
[2019.02.14-10.07.17:756][  0]LogXGEController: Cannot use XGE Controller as Incredibuild is not installed on this machine.
[2019.02.14-10.07.17:756][  0]LogShaderCompilers: Cannot use XGE Shader Compiler as Incredibuild is not installed on this machine.
[2019.02.14-10.07.17:756][  0]LogShaderCompilers: Display: Using Local Shader Compiler.
[2019.02.14-10.07.18:172][  0]LogDerivedDataCache: Display: Max Cache Size: 512 MB
[2019.02.14-10.07.18:216][  0]LogDerivedDataCache: Loaded boot cache 0.04s 71MB C:/Users/gosus/AppData/Local/UnrealEngine/4.21/DerivedDataCache/Boot.ddc.
[2019.02.14-10.07.18:216][  0]LogDerivedDataCache: Display: Loaded Boot cache: C:/Users/gosus/AppData/Local/UnrealEngine/4.21/DerivedDataCache/Boot.ddc
[2019.02.14-10.07.18:216][  0]LogDerivedDataCache: FDerivedDataBackendGraph:  Pak pak cache file C:/Users/gosus/Documents/CP-School/SeniorProject/gitRepos/Senior-Project-CPP-Testground/HSPGame/DerivedDataCache/DDC.ddp not found, will not use a pak cache.
[2019.02.14-10.07.18:216][  0]LogDerivedDataCache: Unable to find inner node Pak for hierarchical cache Hierarchy.
[2019.02.14-10.07.18:216][  0]LogDerivedDataCache: FDerivedDataBackendGraph:  CompressedPak pak cache file C:/Users/gosus/Documents/CP-School/SeniorProject/gitRepos/Senior-Project-CPP-Testground/HSPGame/DerivedDataCache/Compressed.ddp not found, will not use a pak cache.
[2019.02.14-10.07.18:216][  0]LogDerivedDataCache: Unable to find inner node CompressedPak for hierarchical cache Hierarchy.
[2019.02.14-10.07.18:226][  0]LogDerivedDataCache: Display: Pak cache opened for reading ../../../Engine/DerivedDataCache/Compressed.ddp.
[2019.02.14-10.07.18:226][  0]LogDerivedDataCache: FDerivedDataBackendGraph:  EnterprisePak pak cache file ../../../Enterprise/DerivedDataCache/Compressed.ddp not found, will not use a pak cache.
[2019.02.14-10.07.18:226][  0]LogDerivedDataCache: Unable to find inner node EnterprisePak for hierarchical cache Hierarchy.
[2019.02.14-10.07.18:239][  0]LogDerivedDataCache: Using Local data cache path C:/Users/gosus/AppData/Local/UnrealEngine/Common/DerivedDataCache: Writable
[2019.02.14-10.07.18:239][  0]LogDerivedDataCache: Shared data cache path not found in *engine.ini, will not use an Shared cache.
[2019.02.14-10.07.18:239][  0]LogDerivedDataCache: Unable to find inner node Shared for hierarchical cache Hierarchy.
[2019.02.14-10.07.18:256][  0]LogMaterial: Verifying Global Shaders for PCD3D_SM5
[2019.02.14-10.07.18:258][  0]LogSlate: Using FreeType 2.6.0
[2019.02.14-10.07.18:258][  0]LogSlate: SlateFontServices - WITH_FREETYPE: 1, WITH_HARFBUZZ: 1
[2019.02.14-10.07.18:337][  0]LogAssetRegistry: FAssetRegistry took 0.0320 seconds to start up
[2019.02.14-10.07.18:628][  0]LogInit: Selected Device Profile: [Windows]
[2019.02.14-10.07.18:778][  0]LogSimplygon: Simplygon DLL not present - disabling.
[2019.02.14-10.07.18:792][  0]LogMeshReduction: Using SimplygonSwarm for distributed automatic mesh merging
[2019.02.14-10.07.18:792][  0]LogMeshReduction: Using ProxyLODMeshReduction for automatic mesh merging
[2019.02.14-10.07.18:792][  0]LogMeshReduction: Using QuadricMeshReduction for automatic static mesh reduction
[2019.02.14-10.07.18:792][  0]LogMeshReduction: No automatic skeletal mesh reduction module available
[2019.02.14-10.07.18:802][  0]LogNetVersion: HSPGame 1.0.0, NetCL: 4541578, EngineNetVer: 5, GameNetVer: 0 (Checksum: 2893343623)
[2019.02.14-10.07.19:207][  0]LogPackageLocalizationCache: Processed 11 localized package path(s) for 2 prioritized culture(s) in 0.077791 seconds
[2019.02.14-10.07.19:213][  0]LogUObjectArray: 39775 objects as part of root set at end of initial load.
[2019.02.14-10.07.19:213][  0]LogUObjectAllocator: 6914656 out of 0 bytes used by permanent object pool.
[2019.02.14-10.07.19:213][  0]LogUObjectArray: CloseDisregardForGC: 0/0 objects in disregard for GC pool
[2019.02.14-10.07.20:123][  0]LogTcpMessaging: Initializing TcpMessaging bridge
[2019.02.14-10.07.20:140][  0]LogUdpMessaging: Initializing bridge on interface 0.0.0.0:0 to multicast group 230.0.0.1:6666.
[2019.02.14-10.07.20:766][  0]SourceControl: Source control is disabled
[2019.02.14-10.07.20:766][  0]SourceControl: Source control is disabled
[2019.02.14-10.07.20:776][  0]SourceControl: Source control is disabled
[2019.02.14-10.07.20:780][  0]SourceControl: Source control is disabled
[2019.02.14-10.07.21:090][  0]LogAndroidPermission: UAndroidPermissionCallbackProxy::GetInstance
[2019.02.14-10.07.21:286][  0]LogOcInput: OculusInput pre-init called
[2019.02.14-10.07.21:432][  0]LogEngine: Initializing Engine...
[2019.02.14-10.07.21:433][  0]LogHMD: Failed to initialize OpenVR with code 110
[2019.02.14-10.07.21:434][  0]LogStats: UGameplayTagsManager::ConstructGameplayTagTree: ImportINI prefixes -  0.000 s
[2019.02.14-10.07.21:434][  0]LogStats: UGameplayTagsManager::ConstructGameplayTagTree: Construct from data asset -  0.000 s
[2019.02.14-10.07.21:434][  0]LogStats: UGameplayTagsManager::ConstructGameplayTagTree: ImportINI -  0.000 s
[2019.02.14-10.07.21:434][  0]LogStats: UGameplayTagsManager::ConstructGameplayTagTree: GameplayTagTreeChangedEvent.Broadcast -  0.000 s
[2019.02.14-10.07.21:621][  0]LogInit: Initializing FReadOnlyCVARCache
[2019.02.14-10.07.21:634][  0]LogAIModule: Creating AISystem for world Untitled
[2019.02.14-10.07.21:691][  0]LogInit: XAudio2 using 'Speakers (Realtek(R) Audio)' : 2 channels at 48 kHz using 32 bits per sample (channel mask 0x3)
[2019.02.14-10.07.21:725][  0]LogInit: FAudioDevice initialized.
[2019.02.14-10.07.21:725][  0]LogNetVersion: Set ProjectVersion to 1.0.0.0. Version Checksum will be recalculated on next use.
[2019.02.14-10.07.21:785][  0]LogDerivedDataCache: Saved boot cache 0.06s 71MB C:/Users/gosus/AppData/Local/UnrealEngine/4.21/DerivedDataCache/Boot.ddc.
[2019.02.14-10.07.21:793][  0]LogInit: Texture streaming: Enabled
[2019.02.14-10.07.21:820][  0]LogEngineSessionManager: EngineSessionManager initialized
[2019.02.14-10.07.21:829][  0]LogInit: Transaction tracking system initialized
[2019.02.14-10.07.21:867][  0]BlueprintLog: New page: Editor Load
[2019.02.14-10.07.22:013][  0]LocalizationService: Localization service is disabled
[2019.02.14-10.07.22:492][  0]LogFileCache: Scanning file cache for directory 'C:/Users/gosus/Documents/CP-School/SeniorProject/gitRepos/Senior-Project-CPP-Testground/HSPGame/Content/' took 0.01s
[2019.02.14-10.07.22:492][  0]LogCook: Display: Max memory allowance for cook 16384mb min free memory 0mb
[2019.02.14-10.07.22:492][  0]LogCook: Display: Mobile HDR setting 1
[2019.02.14-10.07.22:492][  0]LogGameplayTags: Display: UGameplayTagsManager::DoneAddingNativeTags. DelegateIsBound: 0
[2019.02.14-10.07.22:493][  0]LogStats: UGameplayTagsManager::ConstructGameplayTagTree: ImportINI prefixes -  0.000 s
[2019.02.14-10.07.22:493][  0]LogStats: UGameplayTagsManager::ConstructGameplayTagTree: Construct from data asset -  0.000 s
[2019.02.14-10.07.22:493][  0]LogStats: UGameplayTagsManager::ConstructGameplayTagTree: ImportINI -  0.000 s
[2019.02.14-10.07.22:493][  0]LogStats: UGameplayTagsManager::ConstructGameplayTagTree: GameplayTagTreeChangedEvent.Broadcast -  0.000 s
[2019.02.14-10.07.22:714][  0]SourceControl: Source control is disabled
[2019.02.14-10.07.22:714][  0]LightingResults: New page: Lighting Build
[2019.02.14-10.07.22:716][  0]MapCheck: New page: Map Check
[2019.02.14-10.07.22:716][  0]LightingResults: New page: Lighting Build
[2019.02.14-10.07.23:087][  0]LogAIModule: Creating AISystem for world Minimal_Default
[2019.02.14-10.07.23:160][  0]LogEditorServer: Finished looking for orphan Actors (0.000 secs)
[2019.02.14-10.07.23:179][  0]Cmd: MAP CHECKDEP NOCLEARLOG
[2019.02.14-10.07.23:179][  0]MapCheck: Map check complete: 0 Error(s), 0 Warning(s), took 0.109ms to complete.
[2019.02.14-10.07.23:179][  0]LogFileHelpers: Loading map 'Minimal_Default' took 0.465
[2019.02.14-10.07.23:294][  0]LogSlate: Updating window title bar state: overlay mode, drag disabled, window buttons hidden, title bar hidden
[2019.02.14-10.07.23:301][  0]LogSlate: Updating window title bar state: overlay mode, drag disabled, window buttons hidden, title bar hidden
[2019.02.14-10.07.23:309][  0]LogSlate: Updating window title bar state: overlay mode, drag disabled, window buttons hidden, title bar hidden
[2019.02.14-10.07.23:316][  0]LogSlate: Updating window title bar state: overlay mode, drag disabled, window buttons hidden, title bar hidden
[2019.02.14-10.07.23:324][  0]LogCollectionManager: Loaded 0 collections in 0.001047 seconds
[2019.02.14-10.07.23:353][  0]LogFileCache: Scanning file cache for directory 'C:/Users/gosus/Documents/CP-School/SeniorProject/gitRepos/Senior-Project-CPP-Testground/HSPGame/Saved/Collections/' took 0.01s
[2019.02.14-10.07.23:354][  0]LogFileCache: Scanning file cache for directory 'C:/Users/gosus/Documents/CP-School/SeniorProject/gitRepos/Senior-Project-CPP-Testground/HSPGame/Content/Developers/gosus/Collections/' took 0.01s
[2019.02.14-10.07.23:354][  0]LogFileCache: Scanning file cache for directory 'C:/Users/gosus/Documents/CP-School/SeniorProject/gitRepos/Senior-Project-CPP-Testground/HSPGame/Content/Collections/' took 0.00s
[2019.02.14-10.07.23:354][  0]LogCollectionManager: Rebuilt the GUID cache for 0 collections in 0.000000 seconds
[2019.02.14-10.07.23:361][  0]LogContentBrowser: Native class hierarchy populated in 0.0067 seconds. Added 2656 classes and 622 folders.
[2019.02.14-10.07.23:366][  0]LogContentBrowser: Native class hierarchy updated for 'WidgetCarousel' in 0.0003 seconds. Added 0 classes and 0 folders.
[2019.02.14-10.07.23:367][  0]LogPakFile: Registered encryption key '00000000000000000000000000000000': 0 pak files mounted, 0 remain pending
[2019.02.14-10.07.23:368][  0]LogPakFile: Registered encryption key '00000000000000000000000000000000': 0 pak files mounted, 0 remain pending
[2019.02.14-10.07.23:368][  0]LogPakFile: Registered encryption key '00000000000000000000000000000000': 0 pak files mounted, 0 remain pending
[2019.02.14-10.07.23:369][  0]LogPakFile: Registered encryption key '00000000000000000000000000000000': 0 pak files mounted, 0 remain pending
[2019.02.14-10.07.23:369][  0]LogPakFile: Registered encryption key '00000000000000000000000000000000': 0 pak files mounted, 0 remain pending
[2019.02.14-10.07.23:369][  0]LogPakFile: Registered encryption key '00000000000000000000000000000000': 0 pak files mounted, 0 remain pending
[2019.02.14-10.07.23:370][  0]LogPakFile: Registered encryption key '00000000000000000000000000000000': 0 pak files mounted, 0 remain pending
[2019.02.14-10.07.23:370][  0]LogPakFile: Registered encryption key '00000000000000000000000000000000': 0 pak files mounted, 0 remain pending
[2019.02.14-10.07.23:370][  0]LogPakFile: Registered encryption key '00000000000000000000000000000000': 0 pak files mounted, 0 remain pending
[2019.02.14-10.07.23:371][  0]LogPakFile: Registered encryption key '00000000000000000000000000000000': 0 pak files mounted, 0 remain pending
[2019.02.14-10.07.23:371][  0]LogPakFile: Registered encryption key '00000000000000000000000000000000': 0 pak files mounted, 0 remain pending
[2019.02.14-10.07.23:371][  0]LogPakFile: Registered encryption key '00000000000000000000000000000000': 0 pak files mounted, 0 remain pending
[2019.02.14-10.07.23:372][  0]LogPakFile: Registered encryption key '00000000000000000000000000000000': 0 pak files mounted, 0 remain pending
[2019.02.14-10.07.23:372][  0]LogPakFile: Registered encryption key '00000000000000000000000000000000': 0 pak files mounted, 0 remain pending
[2019.02.14-10.07.23:372][  0]LogPakFile: Registered encryption key '00000000000000000000000000000000': 0 pak files mounted, 0 remain pending
[2019.02.14-10.07.23:373][  0]LogPakFile: Registered encryption key '00000000000000000000000000000000': 0 pak files mounted, 0 remain pending
[2019.02.14-10.07.23:373][  0]LogPakFile: Registered encryption key '00000000000000000000000000000000': 0 pak files mounted, 0 remain pending
[2019.02.14-10.07.23:373][  0]LogPakFile: Registered encryption key '00000000000000000000000000000000': 0 pak files mounted, 0 remain pending
[2019.02.14-10.07.23:374][  0]LogPakFile: Registered encryption key '00000000000000000000000000000000': 0 pak files mounted, 0 remain pending
[2019.02.14-10.07.23:374][  0]LogPakFile: Registered encryption key '00000000000000000000000000000000': 0 pak files mounted, 0 remain pending
[2019.02.14-10.07.23:375][  0]LogPakFile: Registered encryption key '00000000000000000000000000000000': 0 pak files mounted, 0 remain pending
[2019.02.14-10.07.23:375][  0]LogPakFile: Registered encryption key '00000000000000000000000000000000': 0 pak files mounted, 0 remain pending
[2019.02.14-10.07.23:375][  0]LogPakFile: Registered encryption key '00000000000000000000000000000000': 0 pak files mounted, 0 remain pending
[2019.02.14-10.07.23:376][  0]LogPakFile: Registered encryption key '00000000000000000000000000000000': 0 pak files mounted, 0 remain pending
[2019.02.14-10.07.23:376][  0]LogPakFile: Registered encryption key '00000000000000000000000000000000': 0 pak files mounted, 0 remain pending
[2019.02.14-10.07.23:376][  0]LogPakFile: Registered encryption key '00000000000000000000000000000000': 0 pak files mounted, 0 remain pending
[2019.02.14-10.07.23:398][  0]LogContentBrowser: Native class hierarchy updated for 'AddContentDialog' in 0.0003 seconds. Added 0 classes and 0 folders.
[2019.02.14-10.07.23:406][  0]LogContentBrowser: Native class hierarchy updated for 'SceneOutliner' in 0.0003 seconds. Added 1 classes and 2 folders.
[2019.02.14-10.07.23:464][  0]LogSlate: Took 0.000133 seconds to synchronously load lazily loaded font '../../../Engine/Content/Slate/Fonts/Roboto-Regular.ttf' (155K)
[2019.02.14-10.07.23:466][  0]LogSlate: Took 0.000103 seconds to synchronously load lazily loaded font '../../../Engine/Content/Slate/Fonts/Roboto-Bold.ttf' (160K)
[2019.02.14-10.07.23:472][  0]LogSlate: Took 0.000117 seconds to synchronously load lazily loaded font '../../../Engine/Content/Editor/Slate/Fonts/FontAwesome.ttf' (139K)
[2019.02.14-10.07.23:545][  0]LogRenderer: Reallocating scene render targets to support 1644x884 Format 10 NumSamples 1 (Frame:1).
[2019.02.14-10.07.23:698][  0]LogContentBrowser: Native class hierarchy updated for 'HierarchicalLODOutliner' in 0.0003 seconds. Added 0 classes and 0 folders.
[2019.02.14-10.07.23:698][  0]LogLoad: (Engine Initialization) Total time: 9.30 seconds
[2019.02.14-10.07.23:699][  0]LogLoad: (Engine Initialization) Total Blueprint compile time: 0.00 seconds
[2019.02.14-10.07.23:781][  0]LogContentStreaming: Texture pool size now 1000 MB
[2019.02.14-10.07.23:817][  1]LogAssetRegistry: Asset discovery search completed in 5.5029 seconds
[2019.02.14-10.07.23:819][  1]LogCollectionManager: Rebuilt the object cache for 0 collections in 0.000000 seconds (found 0 objects)
[2019.02.14-10.07.23:819][  1]LogCollectionManager: Fixed up redirectors for 0 collections in 0.000131 seconds (updated 0 objects)
[2019.02.14-10.07.25:003][136]LogSlate: FSceneViewport::OnFocusLost() reason 0
[2019.02.14-10.07.25:061][143]LogTemp: Repeating last play command: Selected Viewport
[2019.02.14-10.07.25:077][143]LogBlueprintUserMessages: Early PlayInEditor Detection: Level '/Game/StarterContent/Maps/Minimal_Default.Minimal_Default:PersistentLevel' has LevelScriptBlueprint '/Game/StarterContent/Maps/Minimal_Default.Minimal_Default:PersistentLevel.Minimal_Default' with GeneratedClass '/Game/StarterContent/Maps/Minimal_Default.Minimal_Default_C' with ClassGeneratedBy '/Game/StarterContent/Maps/Minimal_Default.Minimal_Default:PersistentLevel.Minimal_Default'
[2019.02.14-10.07.25:077][143]LogPlayLevel: PlayLevel: No blueprints needed recompiling
[2019.02.14-10.07.25:077][143]PIE: New page: PIE session: Minimal_Default (Feb 13, 2019, 6:07:25 PM)
[2019.02.14-10.07.25:091][143]LogPlayLevel: Creating play world package: /Game/StarterContent/Maps/UEDPIE_0_Minimal_Default
[2019.02.14-10.07.25:191][143]LogPlayLevel: PIE: StaticDuplicateObject took: (0.099268s)
[2019.02.14-10.07.25:192][143]LogAIModule: Creating AISystem for world Minimal_Default
[2019.02.14-10.07.25:192][143]LogPlayLevel: PIE: World Init took: (0.000794s)
[2019.02.14-10.07.25:192][143]LogPlayLevel: PIE: Created PIE world by copying editor world from /Game/StarterContent/Maps/Minimal_Default.Minimal_Default to /Game/StarterContent/Maps/UEDPIE_0_Minimal_Default.Minimal_Default (0.100597s)
[2019.02.14-10.07.25:262][143]LogInit: XAudio2 using 'Speakers (Realtek(R) Audio)' : 2 channels at 48 kHz using 32 bits per sample (channel mask 0x3)
[2019.02.14-10.07.25:281][143]LogInit: FAudioDevice initialized.
[2019.02.14-10.07.25:334][143]LogLoad: Game class is 'BP_HSPGameGameModeBase_C'
[2019.02.14-10.07.25:343][143]LogWorld: Bringing World /Game/StarterContent/Maps/UEDPIE_0_Minimal_Default.Minimal_Default up for play (max tick rate 0) at 2019.02.14-02.07.25
[2019.02.14-10.07.25:345][143]LogWorld: Bringing up level for play took: 0.009106
[2019.02.14-10.07.25:361][143]LogContentBrowser: Native class hierarchy updated for 'MovieSceneCapture' in 0.0004 seconds. Added 20 classes and 0 folders.
[2019.02.14-10.07.25:363][143]PIE: Play in editor start time for /Game/StarterContent/Maps/UEDPIE_0_Minimal_Default -0.195
[2019.02.14-10.07.25:363][143]LogBlueprintUserMessages: Late PlayInEditor Detection: Level '/Game/StarterContent/Maps/Minimal_Default.Minimal_Default:PersistentLevel' has LevelScriptBlueprint '/Game/StarterContent/Maps/Minimal_Default.Minimal_Default:PersistentLevel.Minimal_Default' with GeneratedClass '/Game/StarterContent/Maps/Minimal_Default.Minimal_Default_C' with ClassGeneratedBy '/Game/StarterContent/Maps/Minimal_Default.Minimal_Default:PersistentLevel.Minimal_Default'
[2019.02.14-10.07.33:460][111]LogBlueprintUserMessages: Early EndPlayMap Detection: Level '/Game/StarterContent/Maps/Minimal_Default.Minimal_Default:PersistentLevel' has LevelScriptBlueprint '/Game/StarterContent/Maps/Minimal_Default.Minimal_Default:PersistentLevel.Minimal_Default' with GeneratedClass '/Game/StarterContent/Maps/Minimal_Default.Minimal_Default_C' with ClassGeneratedBy '/Game/StarterContent/Maps/Minimal_Default.Minimal_Default:PersistentLevel.Minimal_Default'
[2019.02.14-10.07.33:460][111]LogSlate: Updating window title bar state: overlay mode, drag disabled, window buttons hidden, title bar hidden
[2019.02.14-10.07.33:496][111]LogPlayLevel: Display: Shutting down PIE online subsystems
[2019.02.14-10.07.33:496][111]LogBlueprintUserMessages: Late EndPlayMap Detection: Level '/Game/StarterContent/Maps/Minimal_Default.Minimal_Default:PersistentLevel' has LevelScriptBlueprint '/Game/StarterContent/Maps/Minimal_Default.Minimal_Default:PersistentLevel.Minimal_Default' with GeneratedClass '/Game/StarterContent/Maps/Minimal_Default.Minimal_Default_C' with ClassGeneratedBy '/Game/StarterContent/Maps/Minimal_Default.Minimal_Default:PersistentLevel.Minimal_Default'
[2019.02.14-10.07.33:518][111]LogSlate: Updating window title bar state: overlay mode, drag disabled, window buttons hidden, title bar hidden
[2019.02.14-10.07.33:559][113]LogPlayLevel: Display: Destroying online subsystem :Context_1
[2019.02.14-10.07.35:419][336]LogSlate: FSceneViewport::OnFocusLost() reason 0
[2019.02.14-10.07.37:796][620]LogEditorViewport: Clicking on Actor (LMB): BP_EnemySlime_C (BP_EnemySlime)
[2019.02.14-10.07.40:446][924]LogSlate: Took 0.000144 seconds to synchronously load lazily loaded font '../../../Engine/Content/Slate/Fonts/Roboto-Italic.ttf' (157K)
[2019.02.14-10.07.41:184][ 11]LogSlate: FSceneViewport::OnFocusLost() reason 0
[2019.02.14-10.07.48:471][877]LogSlate: Took 0.000142 seconds to synchronously load lazily loaded font '../../../Engine/Content/Slate/Fonts/Roboto-Light.ttf' (167K)
[2019.02.14-10.07.48:477][877]LogAssetEditorManager: Opening Asset editor for Blueprint /Game/Blueprints/BP_ProtagClass.BP_ProtagClass
[2019.02.14-10.07.48:825][877]LogContentBrowser: Native class hierarchy updated for 'BlueprintGraph' in 0.0005 seconds. Added 117 classes and 0 folders.
[2019.02.14-10.07.51:651][ 98]LogSlate: Window 'BP_ProtagClass' being destroyed
[2019.02.14-10.07.51:711][ 98]LogAssetEditorManager: Opening Asset editor for Blueprint /Game/Blueprints/BP_ProtagClass.BP_ProtagClass
[2019.02.14-10.07.51:944][ 98]LogSlate: Took 0.000107 seconds to synchronously load lazily loaded font '../../../Engine/Content/Slate/Fonts/Roboto-BoldCondensed.ttf' (158K)
[2019.02.14-10.07.53:574][245]LogRenderer: Reallocating scene render targets to support 1708x1024 Format 10 NumSamples 1 (Frame:1).
[2019.02.14-10.08.21:652][109]BlueprintLog: New page: Compile BP_ProtagClass
[2019.02.14-10.08.22:706][213]LogSlate: Window 'BP_ProtagClass*' being destroyed
[2019.02.14-10.08.22:709][213]LogSlate: Window 'BP_ProtagClass*' being destroyed
[2019.02.14-10.08.23:481][297]LogTemp: Repeating last play command: Selected Viewport
[2019.02.14-10.08.23:493][297]LogBlueprintUserMessages: Early PlayInEditor Detection: Level '/Game/StarterContent/Maps/Minimal_Default.Minimal_Default:PersistentLevel' has LevelScriptBlueprint '/Game/StarterContent/Maps/Minimal_Default.Minimal_Default:PersistentLevel.Minimal_Default' with GeneratedClass '/Game/StarterContent/Maps/Minimal_Default.Minimal_Default_C' with ClassGeneratedBy '/Game/StarterContent/Maps/Minimal_Default.Minimal_Default:PersistentLevel.Minimal_Default'
[2019.02.14-10.08.23:494][297]LogPlayLevel: PlayLevel: No blueprints needed recompiling
[2019.02.14-10.08.23:494][297]PIE: New page: PIE session: Minimal_Default (Feb 13, 2019, 6:08:23 PM)
[2019.02.14-10.08.23:494][297]LogPlayLevel: Creating play world package: /Game/StarterContent/Maps/UEDPIE_0_Minimal_Default
[2019.02.14-10.08.23:531][297]LogPlayLevel: PIE: StaticDuplicateObject took: (0.036079s)
[2019.02.14-10.08.23:531][297]LogAIModule: Creating AISystem for world Minimal_Default
[2019.02.14-10.08.23:532][297]LogPlayLevel: PIE: World Init took: (0.000843s)
[2019.02.14-10.08.23:532][297]LogPlayLevel: PIE: Created PIE world by copying editor world from /Game/StarterContent/Maps/Minimal_Default.Minimal_Default to /Game/StarterContent/Maps/UEDPIE_0_Minimal_Default.Minimal_Default (0.037265s)
[2019.02.14-10.08.23:598][297]LogInit: XAudio2 using 'Speakers (Realtek(R) Audio)' : 2 channels at 48 kHz using 32 bits per sample (channel mask 0x3)
[2019.02.14-10.08.23:614][297]LogInit: FAudioDevice initialized.
[2019.02.14-10.08.23:645][297]LogLoad: Game class is 'BP_HSPGameGameModeBase_C'
[2019.02.14-10.08.23:651][297]LogWorld: Bringing World /Game/StarterContent/Maps/UEDPIE_0_Minimal_Default.Minimal_Default up for play (max tick rate 0) at 2019.02.14-02.08.23
[2019.02.14-10.08.23:653][297]LogWorld: Bringing up level for play took: 0.007119
[2019.02.14-10.08.23:666][297]PIE: Play in editor start time for /Game/StarterContent/Maps/UEDPIE_0_Minimal_Default 0.108
[2019.02.14-10.08.23:666][297]LogBlueprintUserMessages: Late PlayInEditor Detection: Level '/Game/StarterContent/Maps/Minimal_Default.Minimal_Default:PersistentLevel' has LevelScriptBlueprint '/Game/StarterContent/Maps/Minimal_Default.Minimal_Default:PersistentLevel.Minimal_Default' with GeneratedClass '/Game/StarterContent/Maps/Minimal_Default.Minimal_Default_C' with ClassGeneratedBy '/Game/StarterContent/Maps/Minimal_Default.Minimal_Default:PersistentLevel.Minimal_Default'
[2019.02.14-10.08.27:392][712]LogBlueprintUserMessages: Early EndPlayMap Detection: Level '/Game/StarterContent/Maps/Minimal_Default.Minimal_Default:PersistentLevel' has LevelScriptBlueprint '/Game/StarterContent/Maps/Minimal_Default.Minimal_Default:PersistentLevel.Minimal_Default' with GeneratedClass '/Game/StarterContent/Maps/Minimal_Default.Minimal_Default_C' with ClassGeneratedBy '/Game/StarterContent/Maps/Minimal_Default.Minimal_Default:PersistentLevel.Minimal_Default'
[2019.02.14-10.08.27:392][712]LogSlate: Updating window title bar state: overlay mode, drag disabled, window buttons hidden, title bar hidden
[2019.02.14-10.08.27:433][712]LogPlayLevel: Display: Shutting down PIE online subsystems
[2019.02.14-10.08.27:433][712]LogBlueprintUserMessages: Late EndPlayMap Detection: Level '/Game/StarterContent/Maps/Minimal_Default.Minimal_Default:PersistentLevel' has LevelScriptBlueprint '/Game/StarterContent/Maps/Minimal_Default.Minimal_Default:PersistentLevel.Minimal_Default' with GeneratedClass '/Game/StarterContent/Maps/Minimal_Default.Minimal_Default_C' with ClassGeneratedBy '/Game/StarterContent/Maps/Minimal_Default.Minimal_Default:PersistentLevel.Minimal_Default'
[2019.02.14-10.08.27:454][712]LogSlate: Updating window title bar state: overlay mode, drag disabled, window buttons hidden, title bar hidden
[2019.02.14-10.08.27:498][714]LogPlayLevel: Display: Destroying online subsystem :Context_5
[2019.02.14-10.08.31:557][ 83]LogSlate: FSceneViewport::OnFocusLost() reason 0
[2019.02.14-10.08.31:729][103]LogAssetEditorManager: Opening Asset editor for Blueprint /Game/Blueprints/BP_ProtagClass.BP_ProtagClass
[2019.02.14-10.08.43:145][358]BlueprintLog: New page: Compile BP_ProtagClass
[2019.02.14-10.09.51:427][137]LogSlate: Window 'BP_ProtagClass*' being destroyed
[2019.02.14-10.09.51:430][137]LogSlate: Window 'BP_ProtagClass*' being destroyed
[2019.02.14-10.09.53:898][412]LogSlate: FSceneViewport::OnFocusLost() reason 0
[2019.02.14-10.10.01:659][335]LogAssetEditorManager: Opening Asset editor for Blueprint /Game/Test.Test
[2019.02.14-10.10.01:875][335]LogSlate: Window 'Add Blueprint Class' being destroyed
[2019.02.14-10.10.34:177][869]BlueprintLog: New page: Compile Test
[2019.02.14-10.10.37:796][263]LogSlate: FSceneViewport::OnFocusLost() reason 0
[2019.02.14-10.10.39:164][409]BlueprintLog: New page: Compile Test
[2019.02.14-10.10.40:491][550]LogSlate: Window 'Test*' being destroyed
[2019.02.14-10.10.40:494][550]LogSlate: Window 'Test*' being destroyed
[2019.02.14-10.10.41:638][679]LogTemp: Repeating last play command: Selected Viewport
[2019.02.14-10.10.41:650][679]LogBlueprintUserMessages: Early PlayInEditor Detection: Level '/Game/StarterContent/Maps/Minimal_Default.Minimal_Default:PersistentLevel' has LevelScriptBlueprint '/Game/StarterContent/Maps/Minimal_Default.Minimal_Default:PersistentLevel.Minimal_Default' with GeneratedClass '/Game/StarterContent/Maps/Minimal_Default.Minimal_Default_C' with ClassGeneratedBy '/Game/StarterContent/Maps/Minimal_Default.Minimal_Default:PersistentLevel.Minimal_Default'
[2019.02.14-10.10.41:651][679]LogPlayLevel: PlayLevel: No blueprints needed recompiling
[2019.02.14-10.10.41:651][679]PIE: New page: PIE session: Minimal_Default (Feb 13, 2019, 6:10:41 PM)
[2019.02.14-10.10.41:651][679]LogPlayLevel: Creating play world package: /Game/StarterContent/Maps/UEDPIE_0_Minimal_Default
[2019.02.14-10.10.41:689][679]LogPlayLevel: PIE: StaticDuplicateObject took: (0.037963s)
[2019.02.14-10.10.41:690][679]LogAIModule: Creating AISystem for world Minimal_Default
[2019.02.14-10.10.41:690][679]LogPlayLevel: PIE: World Init took: (0.000637s)
[2019.02.14-10.10.41:690][679]LogPlayLevel: PIE: Created PIE world by copying editor world from /Game/StarterContent/Maps/Minimal_Default.Minimal_Default to /Game/StarterContent/Maps/UEDPIE_0_Minimal_Default.Minimal_Default (0.038922s)
[2019.02.14-10.10.41:753][679]LogInit: XAudio2 using 'Speakers (Realtek(R) Audio)' : 2 channels at 48 kHz using 32 bits per sample (channel mask 0x3)
[2019.02.14-10.10.41:769][679]LogInit: FAudioDevice initialized.
[2019.02.14-10.10.41:806][679]LogLoad: Game class is 'BP_HSPGameGameModeBase_C'
[2019.02.14-10.10.41:812][679]LogWorld: Bringing World /Game/StarterContent/Maps/UEDPIE_0_Minimal_Default.Minimal_Default up for play (max tick rate 0) at 2019.02.14-02.10.41
[2019.02.14-10.10.41:813][679]LogWorld: Bringing up level for play took: 0.006135
[2019.02.14-10.10.41:826][679]PIE: Play in editor start time for /Game/StarterContent/Maps/UEDPIE_0_Minimal_Default 0.268
[2019.02.14-10.10.41:827][679]LogBlueprintUserMessages: Late PlayInEditor Detection: Level '/Game/StarterContent/Maps/Minimal_Default.Minimal_Default:PersistentLevel' has LevelScriptBlueprint '/Game/StarterContent/Maps/Minimal_Default.Minimal_Default:PersistentLevel.Minimal_Default' with GeneratedClass '/Game/StarterContent/Maps/Minimal_Default.Minimal_Default_C' with ClassGeneratedBy '/Game/StarterContent/Maps/Minimal_Default.Minimal_Default:PersistentLevel.Minimal_Default'
[2019.02.14-10.10.44:878][ 43]LogBlueprintUserMessages: Early EndPlayMap Detection: Level '/Game/StarterContent/Maps/Minimal_Default.Minimal_Default:PersistentLevel' has LevelScriptBlueprint '/Game/StarterContent/Maps/Minimal_Default.Minimal_Default:PersistentLevel.Minimal_Default' with GeneratedClass '/Game/StarterContent/Maps/Minimal_Default.Minimal_Default_C' with ClassGeneratedBy '/Game/StarterContent/Maps/Minimal_Default.Minimal_Default:PersistentLevel.Minimal_Default'
[2019.02.14-10.10.44:878][ 43]LogSlate: Updating window title bar state: overlay mode, drag disabled, window buttons hidden, title bar hidden
[2019.02.14-10.10.44:919][ 43]LogPlayLevel: Display: Shutting down PIE online subsystems
[2019.02.14-10.10.44:920][ 43]LogBlueprintUserMessages: Late EndPlayMap Detection: Level '/Game/StarterContent/Maps/Minimal_Default.Minimal_Default:PersistentLevel' has LevelScriptBlueprint '/Game/StarterContent/Maps/Minimal_Default.Minimal_Default:PersistentLevel.Minimal_Default' with GeneratedClass '/Game/StarterContent/Maps/Minimal_Default.Minimal_Default_C' with ClassGeneratedBy '/Game/StarterContent/Maps/Minimal_Default.Minimal_Default:PersistentLevel.Minimal_Default'
[2019.02.14-10.10.44:964][ 43]LogSlate: Updating window title bar state: overlay mode, drag disabled, window buttons hidden, title bar hidden
[2019.02.14-10.10.44:990][ 44]LogPlayLevel: Display: Destroying online subsystem :Context_8
[2019.02.14-10.10.45:771][136]LogSlate: FSceneViewport::OnFocusLost() reason 0
[2019.02.14-10.10.47:485][319]LogSlate: FSceneViewport::OnFocusLost() reason 0
[2019.02.14-10.10.47:595][325]Candidate modules for hot reload:
[2019.02.14-10.10.47:595][325]  HSPGame
[2019.02.14-10.10.47:596][325]Launching UnrealBuildTool... [G:/Games/Epic/Games/UE_4.21/Engine/Binaries/DotNET/UnrealBuildTool.exe  -ModuleWithSuffix=HSPGame,7802 Win64 Development -TargetType=Editor -Project="C:/Users/gosus/Documents/CP-School/SeniorProject/gitRepos/Senior-Project-CPP-Testground/HSPGame/HSPGame.uproject" -canskiplink "C:/Users/gosus/Documents/CP-School/SeniorProject/gitRepos/Senior-Project-CPP-Testground/HSPGame/HSPGame.uproject" ]
[2019.02.14-10.10.47:597][325]Warning: Starting HotReload took  0.1s.
[2019.02.14-10.10.52:190][827]CompilerResultsLog: New page: Compilation - Feb 13, 2019, 6:10:52 PM
[2019.02.14-10.10.52:190][827]CompilerResultsLog: Using 'git status' to determine working set for adaptive non-unity build (C:\Users\gosus\Documents\CP-School\SeniorProject\gitRepos\Senior-Project-CPP-Testground).
[2019.02.14-10.10.52:190][827]CompilerResultsLog: Creating makefile for hot reloading HSPGameEditor (no existing makefile)
[2019.02.14-10.10.52:190][827]CompilerResultsLog: Compiling game modules for hot reload
[2019.02.14-10.10.52:190][827]CompilerResultsLog: Using Visual Studio 2017 14.16.27023 toolchain (C:\Program Files (x86)\Microsoft Visual Studio\2017\Community\VC\Tools\MSVC\14.16.27023) and Windows 10.0.17763.0 SDK (C:\Program Files (x86)\Windows Kits\10).
[2019.02.14-10.10.52:190][827]CompilerResultsLog: Target is up to date
[2019.02.14-10.10.52:190][827]CompilerResultsLog: Total build time: 4.36 seconds (NoActionsToExecute executor: 0.00 seconds)
[2019.02.14-10.10.52:190][827]LogMainFrame: MainFrame: Module compiling took 4.597 seconds
[2019.02.14-10.10.52:409][827]LogContentBrowser: Native class hierarchy populated in 0.0063 seconds. Added 2657 classes and 624 folders.
[2019.02.14-10.10.52:418][827]Display: HotReload took  4.9s.
[2019.02.14-10.10.52:854][877]LogTemp: Repeating last play command: Selected Viewport
[2019.02.14-10.10.52:868][877]LogBlueprintUserMessages: Early PlayInEditor Detection: Level '/Game/StarterContent/Maps/Minimal_Default.Minimal_Default:PersistentLevel' has LevelScriptBlueprint '/Game/StarterContent/Maps/Minimal_Default.Minimal_Default:PersistentLevel.Minimal_Default' with GeneratedClass '/Game/StarterContent/Maps/Minimal_Default.Minimal_Default_C' with ClassGeneratedBy '/Game/StarterContent/Maps/Minimal_Default.Minimal_Default:PersistentLevel.Minimal_Default'
[2019.02.14-10.10.52:868][877]LogPlayLevel: PlayLevel: No blueprints needed recompiling
[2019.02.14-10.10.52:868][877]PIE: New page: PIE session: Minimal_Default (Feb 13, 2019, 6:10:52 PM)
[2019.02.14-10.10.52:868][877]LogPlayLevel: Creating play world package: /Game/StarterContent/Maps/UEDPIE_0_Minimal_Default
[2019.02.14-10.10.52:903][877]LogPlayLevel: PIE: StaticDuplicateObject took: (0.034191s)
[2019.02.14-10.10.52:903][877]LogAIModule: Creating AISystem for world Minimal_Default
[2019.02.14-10.10.52:903][877]LogPlayLevel: PIE: World Init took: (0.000564s)
[2019.02.14-10.10.52:904][877]LogPlayLevel: PIE: Created PIE world by copying editor world from /Game/StarterContent/Maps/Minimal_Default.Minimal_Default to /Game/StarterContent/Maps/UEDPIE_0_Minimal_Default.Minimal_Default (0.035077s)
[2019.02.14-10.10.53:023][877]LogInit: XAudio2 using 'Speakers (Realtek(R) Audio)' : 2 channels at 48 kHz using 32 bits per sample (channel mask 0x3)
[2019.02.14-10.10.53:039][877]LogInit: FAudioDevice initialized.
[2019.02.14-10.10.53:071][877]LogLoad: Game class is 'BP_HSPGameGameModeBase_C'
[2019.02.14-10.10.53:077][877]LogWorld: Bringing World /Game/StarterContent/Maps/UEDPIE_0_Minimal_Default.Minimal_Default up for play (max tick rate 0) at 2019.02.14-02.10.53
[2019.02.14-10.10.53:078][877]LogWorld: Bringing up level for play took: 0.006267
[2019.02.14-10.10.53:091][877]PIE: Play in editor start time for /Game/StarterContent/Maps/UEDPIE_0_Minimal_Default -0.467
[2019.02.14-10.10.53:091][877]LogBlueprintUserMessages: Late PlayInEditor Detection: Level '/Game/StarterContent/Maps/Minimal_Default.Minimal_Default:PersistentLevel' has LevelScriptBlueprint '/Game/StarterContent/Maps/Minimal_Default.Minimal_Default:PersistentLevel.Minimal_Default' with GeneratedClass '/Game/StarterContent/Maps/Minimal_Default.Minimal_Default_C' with ClassGeneratedBy '/Game/StarterContent/Maps/Minimal_Default.Minimal_Default:PersistentLevel.Minimal_Default'
[2019.02.14-10.11.08:932][775]LogBlueprintUserMessages: Early EndPlayMap Detection: Level '/Game/StarterContent/Maps/Minimal_Default.Minimal_Default:PersistentLevel' has LevelScriptBlueprint '/Game/StarterContent/Maps/Minimal_Default.Minimal_Default:PersistentLevel.Minimal_Default' with GeneratedClass '/Game/StarterContent/Maps/Minimal_Default.Minimal_Default_C' with ClassGeneratedBy '/Game/StarterContent/Maps/Minimal_Default.Minimal_Default:PersistentLevel.Minimal_Default'
[2019.02.14-10.11.08:932][775]LogSlate: Updating window title bar state: overlay mode, drag disabled, window buttons hidden, title bar hidden
[2019.02.14-10.11.08:974][775]LogPlayLevel: Display: Shutting down PIE online subsystems
[2019.02.14-10.11.08:974][775]LogBlueprintUserMessages: Late EndPlayMap Detection: Level '/Game/StarterContent/Maps/Minimal_Default.Minimal_Default:PersistentLevel' has LevelScriptBlueprint '/Game/StarterContent/Maps/Minimal_Default.Minimal_Default:PersistentLevel.Minimal_Default' with GeneratedClass '/Game/StarterContent/Maps/Minimal_Default.Minimal_Default_C' with ClassGeneratedBy '/Game/StarterContent/Maps/Minimal_Default.Minimal_Default:PersistentLevel.Minimal_Default'
[2019.02.14-10.11.09:015][775]LogSlate: Updating window title bar state: overlay mode, drag disabled, window buttons hidden, title bar hidden
[2019.02.14-10.11.09:053][776]LogPlayLevel: Display: Destroying online subsystem :Context_9
[2019.02.14-10.11.10:022][890]LogSlate: FSceneViewport::OnFocusLost() reason 0
