Log file open, 02/17/19 19:06:33
LogWindows: Failed to load 'aqProf.dll' (GetLastError=126)
LogWindows: File 'aqProf.dll' does not exist
LogWindows: Failed to load 'VtuneApi.dll' (GetLastError=126)
LogWindows: File 'VtuneApi.dll' does not exist
LogWindows: Failed to load 'VtuneApi32e.dll' (GetLastError=126)
LogWindows: File 'VtuneApi32e.dll' does not exist
LogConsoleResponse: Display: Failed to find resolution value strings in scalability ini. Falling back to default.
LogInit: Display: Running engine for game: HSPGame
LogPakFile: Registered encryption key '00000000000000000000000000000000': 0 pak files mounted, 0 remain pending
LogPlatformFile: Not using cached read wrapper
LogTaskGraph: Started task graph with 5 named threads and 23 total threads with 3 sets of task threads.
LogStats: Stats thread started at 0.352571
LogD3D11RHI: Loaded GFSDK_Aftermath_Lib.x64.dll
LogICUInternationalization: ICU TimeZone Detection - Raw Offset: -8:00, Platform Override: ''
LogPluginManager: Mounting plugin Paper2D
LogPluginManager: Mounting plugin AISupport
LogPluginManager: Mounting plugin LightPropagationVolume
LogPluginManager: Mounting plugin ActorLayerUtilities
LogPluginManager: Mounting plugin CLionSourceCodeAccess
LogPluginManager: Mounting plugin CodeLiteSourceCodeAccess
LogPluginManager: Mounting plugin GitSourceControl
LogPluginManager: Mounting plugin KDevelopSourceCodeAccess
LogPluginManager: Mounting plugin NullSourceCodeAccess
LogPluginManager: Mounting plugin PerforceSourceControl
LogPluginManager: Mounting plugin SubversionSourceControl
LogPluginManager: Mounting plugin UObjectPlugin
LogPluginManager: Mounting plugin VisualStudioCodeSourceCodeAccess
LogPluginManager: Mounting plugin VisualStudioSourceCodeAccess
LogPluginManager: Mounting plugin XCodeSourceCodeAccess
LogPluginManager: Mounting plugin AssetManagerEditor
LogPluginManager: Mounting plugin CryptoKeys
LogPluginManager: Mounting plugin DataValidation
LogPluginManager: Mounting plugin FacialAnimation
LogPluginManager: Mounting plugin GameplayTagsEditor
LogPluginManager: Mounting plugin MacGraphicsSwitching
LogPluginManager: Mounting plugin MeshEditor
LogPluginManager: Mounting plugin MobileLauncherProfileWizard
LogPluginManager: Mounting plugin PluginBrowser
LogPluginManager: Mounting plugin SpeedTreeImporter
LogPluginManager: Mounting plugin DatasmithContent
LogPluginManager: Mounting plugin VariantManagerContent
LogPluginManager: Mounting plugin AlembicImporter
LogPluginManager: Mounting plugin AppleImageUtils
LogPluginManager: Mounting plugin AppleVision
LogPluginManager: Mounting plugin BackChannel
LogPluginManager: Mounting plugin CharacterAI
LogPluginManager: Mounting plugin GeometryCache
LogPluginManager: Mounting plugin HTML5Networking
LogPluginManager: Mounting plugin ProxyLODPlugin
LogPluginManager: Mounting plugin MagicLeap
LogPluginManager: Mounting plugin MagicLeapMedia
LogPluginManager: Mounting plugin AndroidMedia
LogPluginManager: Mounting plugin AvfMedia
LogPluginManager: Mounting plugin ImgMedia
LogPluginManager: Mounting plugin LinearTimecode
LogPluginManager: Mounting plugin MediaCompositing
LogPluginManager: Mounting plugin MediaPlayerEditor
LogPluginManager: Mounting plugin WebMMedia
LogPluginManager: Mounting plugin WmfMedia
LogPluginManager: Mounting plugin TcpMessaging
LogPluginManager: Mounting plugin UdpMessaging
LogPluginManager: Mounting plugin ActorSequence
LogPluginManager: Mounting plugin LevelSequenceEditor
LogPluginManager: Mounting plugin MatineeToLevelSequence
LogPluginManager: Mounting plugin NetcodeUnitTest
LogPluginManager: Mounting plugin NUTUnrealEngine4
LogPluginManager: Mounting plugin OnlineSubsystemGooglePlay
LogPluginManager: Mounting plugin OnlineSubsystemIOS
LogPluginManager: Mounting plugin OnlineSubsystem
LogPluginManager: Mounting plugin OnlineSubsystemNull
LogPluginManager: Mounting plugin OnlineSubsystemUtils
LogPluginManager: Mounting plugin LauncherChunkInstaller
LogPluginManager: Mounting plugin AndroidDeviceProfileSelector
LogPluginManager: Mounting plugin AndroidMoviePlayer
LogPluginManager: Mounting plugin AndroidPermission
LogPluginManager: Mounting plugin AppleMoviePlayer
LogPluginManager: Mounting plugin ArchVisCharacter
LogPluginManager: Mounting plugin AudioCapture
LogPluginManager: Mounting plugin CableComponent
LogPluginManager: Mounting plugin CustomMeshComponent
LogPluginManager: Mounting plugin EditableMesh
LogPluginManager: Mounting plugin ExampleDeviceProfileSelector
LogPluginManager: Mounting plugin Firebase
LogPluginManager: Mounting plugin GoogleCloudMessaging
LogPluginManager: Mounting plugin IOSDeviceProfileSelector
LogPluginManager: Mounting plugin LinuxDeviceProfileSelector
LogPluginManager: Mounting plugin LocationServicesBPLibrary
LogPluginManager: Mounting plugin MobilePatchingUtils
LogPluginManager: Mounting plugin OculusVR
LogPluginManager: Mounting plugin PhysXVehicles
LogPluginManager: Mounting plugin ProceduralMeshComponent
LogPluginManager: Mounting plugin RuntimePhysXCooking
LogPluginManager: Mounting plugin SteamVR
LogPluginManager: Mounting plugin WebMMoviePlayer
LogPluginManager: Mounting plugin WindowsMoviePlayer
LogStreaming: Display: Took  0.092s to configure plugins.
LogInit: Using libcurl 7.55.1-DEV
LogInit:  - built for x86_64-pc-win32
LogInit:  - supports SSL with OpenSSL/1.0.2h
LogInit:  - supports HTTP deflate (compression) using libz 1.2.8
LogInit:  - other features:
LogInit:      CURL_VERSION_SSL
LogInit:      CURL_VERSION_LIBZ
LogInit:      CURL_VERSION_IPV6
LogInit:      CURL_VERSION_ASYNCHDNS
LogInit:      CURL_VERSION_LARGEFILE
LogInit:      CURL_VERSION_IDN
LogInit:  CurlRequestOptions (configurable via config and command line):
LogInit:  - bVerifyPeer = true  - Libcurl will verify peer certificate
LogInit:  - bUseHttpProxy = false  - Libcurl will NOT use HTTP proxy
LogInit:  - bDontReuseConnections = false  - Libcurl will reuse connections
LogInit:  - MaxHostConnections = 16  - Libcurl will limit the number of connections to a host
LogInit:  - LocalHostAddr = Default
LogInit:  - BufferSize = 65536
LogInit: WinSock: version 1.1 (2.2), MaxSocks=32767, MaxUdp=65467
LogInit: Build: ++UE4+Release-4.21-CL-4753647
LogInit: Engine Version: 4.21.2-4753647+++UE4+Release-4.21
LogInit: Compatible Engine Version: 4.21.0-4541578+++UE4+Release-4.21
LogInit: Net CL: 4541578
LogInit: OS: Windows 10 (), CPU: Intel(R) Core(TM) i7-6700K CPU @ 4.00GHz, GPU: NVIDIA GeForce RTX 2080
LogInit: Compiled (64-bit): Jan 19 2019 02:07:31
LogInit: Compiled with Visual C++: 19.13.26129.00
LogInit: Build Configuration: Development
LogInit: Branch Name: ++UE4+Release-4.21
LogInit: Command Line:  -skipcompile
LogInit: Base Directory: G:/Games/Epic/Games/UE_4.21/Engine/Binaries/Win64/
LogInit: Installed Engine Build: 1
LogDevObjectVersion: Number of dev versions registered: 22
LogDevObjectVersion:   Dev-Blueprints (B0D832E4-1F89-4F0D-ACCF-7EB736FD4AA2): 10
LogDevObjectVersion:   Dev-Build (E1C64328-A22C-4D53-A36C-8E866417BD8C): 0
LogDevObjectVersion:   Dev-Core (375EC13C-06E4-48FB-B500-84F0262A717E): 2
LogDevObjectVersion:   Dev-Editor (E4B068ED-F494-42E9-A231-DA0B2E46BB41): 26
LogDevObjectVersion:   Dev-Framework (CFFC743F-43B0-4480-9391-14DF171D2073): 34
LogDevObjectVersion:   Dev-Mobile (B02B49B5-BB20-44E9-A304-32B752E40360): 2
LogDevObjectVersion:   Dev-Networking (A4E4105C-59A1-49B5-A7C5-40C4547EDFEE): 0
LogDevObjectVersion:   Dev-Online (39C831C9-5AE6-47DC-9A44-9C173E1C8E7C): 0
LogDevObjectVersion:   Dev-Physics (78F01B33-EBEA-4F98-B9B4-84EACCB95AA2): 0
LogDevObjectVersion:   Dev-Platform (6631380F-2D4D-43E0-8009-CF276956A95A): 0
LogDevObjectVersion:   Dev-Rendering (12F88B9F-8875-4AFC-A67C-D90C383ABD29): 27
LogDevObjectVersion:   Dev-Sequencer (7B5AE74C-D270-4C10-A958-57980B212A5A): 9
LogDevObjectVersion:   Dev-VR (D7296918-1DD6-4BDD-9DE2-64A83CC13884): 2
LogDevObjectVersion:   Dev-LoadTimes (C2A15278-BFE7-4AFE-6C17-90FF531DF755): 1
LogDevObjectVersion:   Private-Geometry (6EACA3D4-40EC-4CC1-B786-8BED09428FC5): 3
LogDevObjectVersion:   Dev-AnimPhys (29E575DD-E0A3-4627-9D10-D276232CDCEA): 17
LogDevObjectVersion:   Dev-Anim (AF43A65D-7FD3-4947-9873-3E8ED9C1BB05): 2
LogDevObjectVersion:   Dev-ReflectionCapture (6B266CEC-1EC7-4B8F-A30B-E4D90942FC07): 1
LogDevObjectVersion:   Dev-Automation (0DF73D61-A23F-47EA-B727-89E90C41499A): 1
LogDevObjectVersion:   FortniteMain (601D1886-AC64-4F84-AA16-D3DE0DEAC7D6): 17
LogDevObjectVersion:   Dev-Enterprise (9DFFBCD6-494F-0158-E221-12823C92A888): 4
LogDevObjectVersion:   Dev-Niagara (F2AED0AC-9AFE-416F-8664-AA7FFA26D6FC): 1
LogStreaming: Display: Took  0.004s to delete old logs.
LogInit: Presizing for max 8388607 objects, including 0 objects not considered by GC, pre-allocating 0 bytes for permanent pool.
LogInit: Object subsystem initialized
LogConfig: Setting CVar [[con.DebugEarlyDefault:1]]
LogConfig: Setting CVar [[r.setres:1280x720]]
[2019.02.18-03.06.33:782][  0]LogConfig: Setting CVar [[r.VSync:0]]
[2019.02.18-03.06.33:782][  0]LogConfig: Setting CVar [[r.RHICmdBypass:0]]
[2019.02.18-03.06.33:783][  0]LogConfig: Applying CVar settings from Section [/Script/Engine.RendererSettings] File [C:/Users/gosus/Documents/CP-School/SeniorProject/gitRepos/Senior-Project-CPP-Testground/HSPGame/Saved/Config/Windows/Engine.ini]
[2019.02.18-03.06.33:783][  0]LogConfig: Setting CVar [[r.GPUCrashDebugging:0]]
[2019.02.18-03.06.33:783][  0]LogConfig: Applying CVar settings from Section [/Script/Engine.RendererOverrideSettings] File [C:/Users/gosus/Documents/CP-School/SeniorProject/gitRepos/Senior-Project-CPP-Testground/HSPGame/Saved/Config/Windows/Engine.ini]
[2019.02.18-03.06.33:783][  0]LogConfig: Applying CVar settings from Section [/Script/Engine.StreamingSettings] File [C:/Users/gosus/Documents/CP-School/SeniorProject/gitRepos/Senior-Project-CPP-Testground/HSPGame/Saved/Config/Windows/Engine.ini]
[2019.02.18-03.06.33:783][  0]LogConfig: Setting CVar [[s.MinBulkDataSizeForAsyncLoading:131072]]
[2019.02.18-03.06.33:783][  0]LogConfig: Setting CVar [[s.AsyncLoadingThreadEnabled:0]]
[2019.02.18-03.06.33:783][  0]LogConfig: Setting CVar [[s.EventDrivenLoaderEnabled:1]]
[2019.02.18-03.06.33:783][  0]LogConfig: Setting CVar [[s.WarnIfTimeLimitExceeded:0]]
[2019.02.18-03.06.33:783][  0]LogConfig: Setting CVar [[s.TimeLimitExceededMultiplier:1.5]]
[2019.02.18-03.06.33:783][  0]LogConfig: Setting CVar [[s.TimeLimitExceededMinTime:0.005]]
[2019.02.18-03.06.33:783][  0]LogConfig: Setting CVar [[s.UseBackgroundLevelStreaming:1]]
[2019.02.18-03.06.33:783][  0]LogConfig: Setting CVar [[s.PriorityAsyncLoadingExtraTime:15.0]]
[2019.02.18-03.06.33:783][  0]LogConfig: Setting CVar [[s.LevelStreamingActorsUpdateTimeLimit:5.0]]
[2019.02.18-03.06.33:783][  0]LogConfig: Setting CVar [[s.PriorityLevelStreamingActorsUpdateExtraTime:5.0]]
[2019.02.18-03.06.33:783][  0]LogConfig: Setting CVar [[s.LevelStreamingComponentsRegistrationGranularity:10]]
[2019.02.18-03.06.33:783][  0]LogConfig: Setting CVar [[s.UnregisterComponentsTimeLimit:1.0]]
[2019.02.18-03.06.33:783][  0]LogConfig: Setting CVar [[s.LevelStreamingComponentsUnregistrationGranularity:5]]
[2019.02.18-03.06.33:784][  0]LogConfig: Applying CVar settings from Section [/Script/Engine.GarbageCollectionSettings] File [C:/Users/gosus/Documents/CP-School/SeniorProject/gitRepos/Senior-Project-CPP-Testground/HSPGame/Saved/Config/Windows/Engine.ini]
[2019.02.18-03.06.33:784][  0]LogConfig: Setting CVar [[gc.MaxObjectsNotConsideredByGC:1]]
[2019.02.18-03.06.33:784][  0]LogConfig: Setting CVar [[gc.SizeOfPermanentObjectPool:0]]
[2019.02.18-03.06.33:784][  0]LogConfig: Setting CVar [[gc.FlushStreamingOnGC:0]]
[2019.02.18-03.06.33:784][  0]LogConfig: Setting CVar [[gc.NumRetriesBeforeForcingGC:10]]
[2019.02.18-03.06.33:784][  0]LogConfig: Setting CVar [[gc.AllowParallelGC:1]]
[2019.02.18-03.06.33:784][  0]LogConfig: Setting CVar [[gc.TimeBetweenPurgingPendingKillObjects:61.1]]
[2019.02.18-03.06.33:784][  0]LogConfig: Setting CVar [[gc.MaxObjectsInEditor:8388607]]
[2019.02.18-03.06.33:784][  0]LogConfig: Setting CVar [[gc.IncrementalBeginDestroyEnabled:1]]
[2019.02.18-03.06.33:784][  0]LogConfig: Setting CVar [[gc.CreateGCClusters:1]]
[2019.02.18-03.06.33:784][  0]LogConfig: Setting CVar [[gc.MergeGCClusters:0]]
[2019.02.18-03.06.33:784][  0]LogConfig: Setting CVar [[gc.MinGCClusterSize:5]]
[2019.02.18-03.06.33:784][  0]LogConfig: Setting CVar [[gc.ActorClusteringEnabled:0]]
[2019.02.18-03.06.33:784][  0]LogConfig: Setting CVar [[gc.BlueprintClusteringEnabled:0]]
[2019.02.18-03.06.33:784][  0]LogConfig: Setting CVar [[gc.UseDisregardForGCOnDedicatedServers:0]]
[2019.02.18-03.06.33:784][  0]LogConfig: Applying CVar settings from Section [/Script/Engine.NetworkSettings] File [C:/Users/gosus/Documents/CP-School/SeniorProject/gitRepos/Senior-Project-CPP-Testground/HSPGame/Saved/Config/Windows/Engine.ini]
[2019.02.18-03.06.33:784][  0]LogConfig: Applying CVar settings from Section [/Script/UnrealEd.CookerSettings] File [C:/Users/gosus/Documents/CP-School/SeniorProject/gitRepos/Senior-Project-CPP-Testground/HSPGame/Saved/Config/Windows/Engine.ini]
[2019.02.18-03.06.33:798][  0]LogConfig: Applying CVar settings from Section [ViewDistanceQuality@3] File [C:/Users/gosus/Documents/CP-School/SeniorProject/gitRepos/Senior-Project-CPP-Testground/HSPGame/Saved/Config/Windows/Scalability.ini]
[2019.02.18-03.06.33:798][  0]LogConfig: Setting CVar [[r.SkeletalMeshLODBias:0]]
[2019.02.18-03.06.33:798][  0]LogConfig: Setting CVar [[r.ViewDistanceScale:1.0]]
[2019.02.18-03.06.33:798][  0]LogConfig: Applying CVar settings from Section [AntiAliasingQuality@3] File [C:/Users/gosus/Documents/CP-School/SeniorProject/gitRepos/Senior-Project-CPP-Testground/HSPGame/Saved/Config/Windows/Scalability.ini]
[2019.02.18-03.06.33:799][  0]LogConfig: Setting CVar [[r.PostProcessAAQuality:4]]
[2019.02.18-03.06.33:799][  0]LogConfig: Applying CVar settings from Section [ShadowQuality@3] File [C:/Users/gosus/Documents/CP-School/SeniorProject/gitRepos/Senior-Project-CPP-Testground/HSPGame/Saved/Config/Windows/Scalability.ini]
[2019.02.18-03.06.33:799][  0]LogConfig: Setting CVar [[r.LightFunctionQuality:1]]
[2019.02.18-03.06.33:799][  0]LogConfig: Setting CVar [[r.ShadowQuality:5]]
[2019.02.18-03.06.33:799][  0]LogConfig: Setting CVar [[r.Shadow.CSM.MaxCascades:10]]
[2019.02.18-03.06.33:799][  0]LogConfig: Setting CVar [[r.Shadow.MaxResolution:2048]]
[2019.02.18-03.06.33:799][  0]LogConfig: Setting CVar [[r.Shadow.MaxCSMResolution:2048]]
[2019.02.18-03.06.33:799][  0]LogConfig: Setting CVar [[r.Shadow.RadiusThreshold:0.01]]
[2019.02.18-03.06.33:799][  0]LogConfig: Setting CVar [[r.Shadow.DistanceScale:1.0]]
[2019.02.18-03.06.33:799][  0]LogConfig: Setting CVar [[r.Shadow.CSM.TransitionScale:1.0]]
[2019.02.18-03.06.33:799][  0]LogConfig: Setting CVar [[r.Shadow.PreShadowResolutionFactor:1.0]]
[2019.02.18-03.06.33:799][  0]LogConfig: Setting CVar [[r.DistanceFieldShadowing:1]]
[2019.02.18-03.06.33:799][  0]LogConfig: Setting CVar [[r.DistanceFieldAO:1]]
[2019.02.18-03.06.33:799][  0]LogConfig: Setting CVar [[r.AOQuality:2]]
[2019.02.18-03.06.33:799][  0]LogConfig: Setting CVar [[r.VolumetricFog:1]]
[2019.02.18-03.06.33:799][  0]LogConfig: Setting CVar [[r.VolumetricFog.GridPixelSize:8]]
[2019.02.18-03.06.33:799][  0]LogConfig: Setting CVar [[r.VolumetricFog.GridSizeZ:128]]
[2019.02.18-03.06.33:799][  0]LogConfig: Setting CVar [[r.VolumetricFog.HistoryMissSupersampleCount:4]]
[2019.02.18-03.06.33:799][  0]LogConfig: Setting CVar [[r.LightMaxDrawDistanceScale:1]]
[2019.02.18-03.06.33:799][  0]LogConfig: Setting CVar [[r.CapsuleShadows:1]]
[2019.02.18-03.06.33:799][  0]LogConfig: Applying CVar settings from Section [PostProcessQuality@3] File [C:/Users/gosus/Documents/CP-School/SeniorProject/gitRepos/Senior-Project-CPP-Testground/HSPGame/Saved/Config/Windows/Scalability.ini]
[2019.02.18-03.06.33:799][  0]LogConfig: Setting CVar [[r.MotionBlurQuality:4]]
[2019.02.18-03.06.33:800][  0]LogConfig: Setting CVar [[r.AmbientOcclusionMipLevelFactor:0.4]]
[2019.02.18-03.06.33:800][  0]LogConfig: Setting CVar [[r.AmbientOcclusionMaxQuality:100]]
[2019.02.18-03.06.33:800][  0]LogConfig: Setting CVar [[r.AmbientOcclusionLevels:-1]]
[2019.02.18-03.06.33:800][  0]LogConfig: Setting CVar [[r.AmbientOcclusionRadiusScale:1.0]]
[2019.02.18-03.06.33:800][  0]LogConfig: Setting CVar [[r.DepthOfFieldQuality:2]]
[2019.02.18-03.06.33:800][  0]LogConfig: Setting CVar [[r.RenderTargetPoolMin:400]]
[2019.02.18-03.06.33:800][  0]LogConfig: Setting CVar [[r.LensFlareQuality:2]]
[2019.02.18-03.06.33:800][  0]LogConfig: Setting CVar [[r.SceneColorFringeQuality:1]]
[2019.02.18-03.06.33:800][  0]LogConfig: Setting CVar [[r.EyeAdaptationQuality:2]]
[2019.02.18-03.06.33:800][  0]LogConfig: Setting CVar [[r.BloomQuality:5]]
[2019.02.18-03.06.33:800][  0]LogConfig: Setting CVar [[r.FastBlurThreshold:100]]
[2019.02.18-03.06.33:800][  0]LogConfig: Setting CVar [[r.Upscale.Quality:3]]
[2019.02.18-03.06.33:800][  0]LogConfig: Setting CVar [[r.Tonemapper.GrainQuantization:1]]
[2019.02.18-03.06.33:800][  0]LogConfig: Setting CVar [[r.LightShaftQuality:1]]
[2019.02.18-03.06.33:800][  0]LogConfig: Setting CVar [[r.Filter.SizeScale:1]]
[2019.02.18-03.06.33:800][  0]LogConfig: Setting CVar [[r.Tonemapper.Quality:5]]
[2019.02.18-03.06.33:800][  0]LogConfig: Setting CVar [[r.DOF.Gather.AccumulatorQuality:1        ; higher gathering accumulator quality]]
[2019.02.18-03.06.33:801][  0]LogConfig: Setting CVar [[r.DOF.Gather.PostfilterMethod:1          ; Median3x3 postfilering method]]
[2019.02.18-03.06.33:801][  0]LogConfig: Setting CVar [[r.DOF.Gather.EnableBokehSettings:0       ; no bokeh simulation when gathering]]
[2019.02.18-03.06.33:801][  0]LogConfig: Setting CVar [[r.DOF.Gather.RingCount:4                 ; medium number of samples when gathering]]
[2019.02.18-03.06.33:801][  0]LogConfig: Setting CVar [[r.DOF.Scatter.ForegroundCompositing:1    ; additive foreground scattering]]
[2019.02.18-03.06.33:801][  0]LogConfig: Setting CVar [[r.DOF.Scatter.BackgroundCompositing:2    ; additive background scattering]]
[2019.02.18-03.06.33:801][  0]LogConfig: Setting CVar [[r.DOF.Scatter.EnableBokehSettings:1      ; bokeh simulation when scattering]]
[2019.02.18-03.06.33:801][  0]LogConfig: Setting CVar [[r.DOF.Scatter.MaxSpriteRatio:0.1         ; only a maximum of 10% of scattered bokeh]]
[2019.02.18-03.06.33:801][  0]LogConfig: Setting CVar [[r.DOF.Recombine.Quality:1                ; cheap slight out of focus]]
[2019.02.18-03.06.33:801][  0]LogConfig: Setting CVar [[r.DOF.Recombine.EnableBokehSettings:0    ; no bokeh simulation on slight out of focus]]
[2019.02.18-03.06.33:801][  0]LogConfig: Setting CVar [[r.DOF.TemporalAAQuality:1                ; more stable temporal accumulation]]
[2019.02.18-03.06.33:801][  0]LogConfig: Setting CVar [[r.DOF.Kernel.MaxForegroundRadius:0.025]]
[2019.02.18-03.06.33:801][  0]LogConfig: Setting CVar [[r.DOF.Kernel.MaxBackgroundRadius:0.025]]
[2019.02.18-03.06.33:801][  0]LogConfig: Applying CVar settings from Section [TextureQuality@3] File [C:/Users/gosus/Documents/CP-School/SeniorProject/gitRepos/Senior-Project-CPP-Testground/HSPGame/Saved/Config/Windows/Scalability.ini]
[2019.02.18-03.06.33:801][  0]LogConfig: Setting CVar [[r.Streaming.MipBias:0]]
[2019.02.18-03.06.33:801][  0]LogConfig: Setting CVar [[r.Streaming.AmortizeCPUToGPUCopy:0]]
[2019.02.18-03.06.33:801][  0]LogConfig: Setting CVar [[r.Streaming.MaxNumTexturesToStreamPerFrame:0]]
[2019.02.18-03.06.33:801][  0]LogConfig: Setting CVar [[r.Streaming.Boost:1]]
[2019.02.18-03.06.33:801][  0]LogConfig: Setting CVar [[r.MaxAnisotropy:8]]
[2019.02.18-03.06.33:801][  0]LogConfig: Setting CVar [[r.Streaming.LimitPoolSizeToVRAM:0]]
[2019.02.18-03.06.33:801][  0]LogConfig: Setting CVar [[r.Streaming.PoolSize:1000]]
[2019.02.18-03.06.33:801][  0]LogConfig: Setting CVar [[r.Streaming.MaxEffectiveScreenSize:0]]
[2019.02.18-03.06.33:802][  0]LogConfig: Applying CVar settings from Section [EffectsQuality@3] File [C:/Users/gosus/Documents/CP-School/SeniorProject/gitRepos/Senior-Project-CPP-Testground/HSPGame/Saved/Config/Windows/Scalability.ini]
[2019.02.18-03.06.33:802][  0]LogConfig: Setting CVar [[r.TranslucencyLightingVolumeDim:64]]
[2019.02.18-03.06.33:802][  0]LogConfig: Setting CVar [[r.RefractionQuality:2]]
[2019.02.18-03.06.33:802][  0]LogConfig: Setting CVar [[r.SSR.Quality:3]]
[2019.02.18-03.06.33:802][  0]LogConfig: Setting CVar [[r.SceneColorFormat:4]]
[2019.02.18-03.06.33:802][  0]LogConfig: Setting CVar [[r.DetailMode:2]]
[2019.02.18-03.06.33:802][  0]LogConfig: Setting CVar [[r.TranslucencyVolumeBlur:1]]
[2019.02.18-03.06.33:802][  0]LogConfig: Setting CVar [[r.MaterialQualityLevel:1 ; High quality]]
[2019.02.18-03.06.33:802][  0]LogConfig: Setting CVar [[r.SSS.Scale:1]]
[2019.02.18-03.06.33:802][  0]LogConfig: Setting CVar [[r.SSS.SampleSet:2]]
[2019.02.18-03.06.33:802][  0]LogConfig: Setting CVar [[r.SSS.Quality:1]]
[2019.02.18-03.06.33:802][  0]LogConfig: Setting CVar [[r.SSS.HalfRes:1]]
[2019.02.18-03.06.33:802][  0]LogConfig: Setting CVar [[r.EmitterSpawnRateScale:1.0]]
[2019.02.18-03.06.33:802][  0]LogConfig: Setting CVar [[r.ParticleLightQuality:2]]
[2019.02.18-03.06.33:802][  0]LogConfig: Applying CVar settings from Section [FoliageQuality@3] File [C:/Users/gosus/Documents/CP-School/SeniorProject/gitRepos/Senior-Project-CPP-Testground/HSPGame/Saved/Config/Windows/Scalability.ini]
[2019.02.18-03.06.33:802][  0]LogConfig: Setting CVar [[foliage.DensityScale:1.0]]
[2019.02.18-03.06.33:802][  0]LogConfig: Setting CVar [[grass.DensityScale:1.0]]
[2019.02.18-03.06.33:802][  0]LogInit: Selected Device Profile: [Windows]
[2019.02.18-03.06.33:803][  0]LogInit: Applying CVar settings loaded from the selected device profile: [Windows]
[2019.02.18-03.06.33:815][  0]LogHAL: Display: Platform has ~ 32 GB [34313105408 / 34359738368 / 32], which maps to Largest [LargestMinGB=32, LargerMinGB=12, DefaultMinGB=8, SmallerMinGB=6, SmallestMinGB=0)
[2019.02.18-03.06.33:815][  0]LogConfig: Setting CVar [[r.Vulkan.UseRealUBs:1]]
[2019.02.18-03.06.33:815][  0]LogInit: Going up to parent DeviceProfile []
[2019.02.18-03.06.33:816][  0]LogConfig: Applying CVar settings from Section [ViewDistanceQuality@3] File [C:/Users/gosus/Documents/CP-School/SeniorProject/gitRepos/Senior-Project-CPP-Testground/HSPGame/Saved/Config/Windows/Scalability.ini]
[2019.02.18-03.06.33:816][  0]LogConfig: Setting CVar [[r.SkeletalMeshLODBias:0]]
[2019.02.18-03.06.33:816][  0]LogConfig: Setting CVar [[r.ViewDistanceScale:1.0]]
[2019.02.18-03.06.33:816][  0]LogConfig: Applying CVar settings from Section [AntiAliasingQuality@3] File [C:/Users/gosus/Documents/CP-School/SeniorProject/gitRepos/Senior-Project-CPP-Testground/HSPGame/Saved/Config/Windows/Scalability.ini]
[2019.02.18-03.06.33:816][  0]LogConfig: Setting CVar [[r.PostProcessAAQuality:4]]
[2019.02.18-03.06.33:816][  0]LogConfig: Applying CVar settings from Section [ShadowQuality@3] File [C:/Users/gosus/Documents/CP-School/SeniorProject/gitRepos/Senior-Project-CPP-Testground/HSPGame/Saved/Config/Windows/Scalability.ini]
[2019.02.18-03.06.33:816][  0]LogConfig: Setting CVar [[r.LightFunctionQuality:1]]
[2019.02.18-03.06.33:816][  0]LogConfig: Setting CVar [[r.ShadowQuality:5]]
[2019.02.18-03.06.33:816][  0]LogConfig: Setting CVar [[r.Shadow.CSM.MaxCascades:10]]
[2019.02.18-03.06.33:816][  0]LogConfig: Setting CVar [[r.Shadow.MaxResolution:2048]]
[2019.02.18-03.06.33:816][  0]LogConfig: Setting CVar [[r.Shadow.MaxCSMResolution:2048]]
[2019.02.18-03.06.33:816][  0]LogConfig: Setting CVar [[r.Shadow.RadiusThreshold:0.01]]
[2019.02.18-03.06.33:816][  0]LogConfig: Setting CVar [[r.Shadow.DistanceScale:1.0]]
[2019.02.18-03.06.33:816][  0]LogConfig: Setting CVar [[r.Shadow.CSM.TransitionScale:1.0]]
[2019.02.18-03.06.33:816][  0]LogConfig: Setting CVar [[r.Shadow.PreShadowResolutionFactor:1.0]]
[2019.02.18-03.06.33:816][  0]LogConfig: Setting CVar [[r.DistanceFieldShadowing:1]]
[2019.02.18-03.06.33:816][  0]LogConfig: Setting CVar [[r.DistanceFieldAO:1]]
[2019.02.18-03.06.33:816][  0]LogConfig: Setting CVar [[r.AOQuality:2]]
[2019.02.18-03.06.33:816][  0]LogConfig: Setting CVar [[r.VolumetricFog:1]]
[2019.02.18-03.06.33:817][  0]LogConfig: Setting CVar [[r.VolumetricFog.GridPixelSize:8]]
[2019.02.18-03.06.33:817][  0]LogConfig: Setting CVar [[r.VolumetricFog.GridSizeZ:128]]
[2019.02.18-03.06.33:817][  0]LogConfig: Setting CVar [[r.VolumetricFog.HistoryMissSupersampleCount:4]]
[2019.02.18-03.06.33:817][  0]LogConfig: Setting CVar [[r.LightMaxDrawDistanceScale:1]]
[2019.02.18-03.06.33:817][  0]LogConfig: Setting CVar [[r.CapsuleShadows:1]]
[2019.02.18-03.06.33:817][  0]LogConfig: Applying CVar settings from Section [PostProcessQuality@3] File [C:/Users/gosus/Documents/CP-School/SeniorProject/gitRepos/Senior-Project-CPP-Testground/HSPGame/Saved/Config/Windows/Scalability.ini]
[2019.02.18-03.06.33:817][  0]LogConfig: Setting CVar [[r.MotionBlurQuality:4]]
[2019.02.18-03.06.33:817][  0]LogConfig: Setting CVar [[r.AmbientOcclusionMipLevelFactor:0.4]]
[2019.02.18-03.06.33:817][  0]LogConfig: Setting CVar [[r.AmbientOcclusionMaxQuality:100]]
[2019.02.18-03.06.33:817][  0]LogConfig: Setting CVar [[r.AmbientOcclusionLevels:-1]]
[2019.02.18-03.06.33:817][  0]LogConfig: Setting CVar [[r.AmbientOcclusionRadiusScale:1.0]]
[2019.02.18-03.06.33:817][  0]LogConfig: Setting CVar [[r.DepthOfFieldQuality:2]]
[2019.02.18-03.06.33:817][  0]LogConfig: Setting CVar [[r.RenderTargetPoolMin:400]]
[2019.02.18-03.06.33:817][  0]LogConfig: Setting CVar [[r.LensFlareQuality:2]]
[2019.02.18-03.06.33:817][  0]LogConfig: Setting CVar [[r.SceneColorFringeQuality:1]]
[2019.02.18-03.06.33:817][  0]LogConfig: Setting CVar [[r.EyeAdaptationQuality:2]]
[2019.02.18-03.06.33:817][  0]LogConfig: Setting CVar [[r.BloomQuality:5]]
[2019.02.18-03.06.33:818][  0]LogConfig: Setting CVar [[r.FastBlurThreshold:100]]
[2019.02.18-03.06.33:818][  0]LogConfig: Setting CVar [[r.Upscale.Quality:3]]
[2019.02.18-03.06.33:818][  0]LogConfig: Setting CVar [[r.Tonemapper.GrainQuantization:1]]
[2019.02.18-03.06.33:818][  0]LogConfig: Setting CVar [[r.LightShaftQuality:1]]
[2019.02.18-03.06.33:818][  0]LogConfig: Setting CVar [[r.Filter.SizeScale:1]]
[2019.02.18-03.06.33:818][  0]LogConfig: Setting CVar [[r.Tonemapper.Quality:5]]
[2019.02.18-03.06.33:818][  0]LogConfig: Setting CVar [[r.DOF.Gather.AccumulatorQuality:1        ; higher gathering accumulator quality]]
[2019.02.18-03.06.33:818][  0]LogConfig: Setting CVar [[r.DOF.Gather.PostfilterMethod:1          ; Median3x3 postfilering method]]
[2019.02.18-03.06.33:818][  0]LogConfig: Setting CVar [[r.DOF.Gather.EnableBokehSettings:0       ; no bokeh simulation when gathering]]
[2019.02.18-03.06.33:818][  0]LogConfig: Setting CVar [[r.DOF.Gather.RingCount:4                 ; medium number of samples when gathering]]
[2019.02.18-03.06.33:818][  0]LogConfig: Setting CVar [[r.DOF.Scatter.ForegroundCompositing:1    ; additive foreground scattering]]
[2019.02.18-03.06.33:818][  0]LogConfig: Setting CVar [[r.DOF.Scatter.BackgroundCompositing:2    ; additive background scattering]]
[2019.02.18-03.06.33:818][  0]LogConfig: Setting CVar [[r.DOF.Scatter.EnableBokehSettings:1      ; bokeh simulation when scattering]]
[2019.02.18-03.06.33:818][  0]LogConfig: Setting CVar [[r.DOF.Scatter.MaxSpriteRatio:0.1         ; only a maximum of 10% of scattered bokeh]]
[2019.02.18-03.06.33:818][  0]LogConfig: Setting CVar [[r.DOF.Recombine.Quality:1                ; cheap slight out of focus]]
[2019.02.18-03.06.33:818][  0]LogConfig: Setting CVar [[r.DOF.Recombine.EnableBokehSettings:0    ; no bokeh simulation on slight out of focus]]
[2019.02.18-03.06.33:818][  0]LogConfig: Setting CVar [[r.DOF.TemporalAAQuality:1                ; more stable temporal accumulation]]
[2019.02.18-03.06.33:819][  0]LogConfig: Setting CVar [[r.DOF.Kernel.MaxForegroundRadius:0.025]]
[2019.02.18-03.06.33:819][  0]LogConfig: Setting CVar [[r.DOF.Kernel.MaxBackgroundRadius:0.025]]
[2019.02.18-03.06.33:819][  0]LogConfig: Applying CVar settings from Section [TextureQuality@3] File [C:/Users/gosus/Documents/CP-School/SeniorProject/gitRepos/Senior-Project-CPP-Testground/HSPGame/Saved/Config/Windows/Scalability.ini]
[2019.02.18-03.06.33:819][  0]LogConfig: Setting CVar [[r.Streaming.MipBias:0]]
[2019.02.18-03.06.33:819][  0]LogConfig: Setting CVar [[r.Streaming.AmortizeCPUToGPUCopy:0]]
[2019.02.18-03.06.33:819][  0]LogConfig: Setting CVar [[r.Streaming.MaxNumTexturesToStreamPerFrame:0]]
[2019.02.18-03.06.33:819][  0]LogConfig: Setting CVar [[r.Streaming.Boost:1]]
[2019.02.18-03.06.33:819][  0]LogConfig: Setting CVar [[r.MaxAnisotropy:8]]
[2019.02.18-03.06.33:819][  0]LogConfig: Setting CVar [[r.Streaming.LimitPoolSizeToVRAM:0]]
[2019.02.18-03.06.33:819][  0]LogConfig: Setting CVar [[r.Streaming.PoolSize:1000]]
[2019.02.18-03.06.33:819][  0]LogConfig: Setting CVar [[r.Streaming.MaxEffectiveScreenSize:0]]
[2019.02.18-03.06.33:819][  0]LogConfig: Applying CVar settings from Section [EffectsQuality@3] File [C:/Users/gosus/Documents/CP-School/SeniorProject/gitRepos/Senior-Project-CPP-Testground/HSPGame/Saved/Config/Windows/Scalability.ini]
[2019.02.18-03.06.33:819][  0]LogConfig: Setting CVar [[r.TranslucencyLightingVolumeDim:64]]
[2019.02.18-03.06.33:819][  0]LogConfig: Setting CVar [[r.RefractionQuality:2]]
[2019.02.18-03.06.33:819][  0]LogConfig: Setting CVar [[r.SSR.Quality:3]]
[2019.02.18-03.06.33:819][  0]LogConfig: Setting CVar [[r.SceneColorFormat:4]]
[2019.02.18-03.06.33:819][  0]LogConfig: Setting CVar [[r.DetailMode:2]]
[2019.02.18-03.06.33:819][  0]LogConfig: Setting CVar [[r.TranslucencyVolumeBlur:1]]
[2019.02.18-03.06.33:820][  0]LogConfig: Setting CVar [[r.MaterialQualityLevel:1 ; High quality]]
[2019.02.18-03.06.33:820][  0]LogConfig: Setting CVar [[r.SSS.Scale:1]]
[2019.02.18-03.06.33:820][  0]LogConfig: Setting CVar [[r.SSS.SampleSet:2]]
[2019.02.18-03.06.33:820][  0]LogConfig: Setting CVar [[r.SSS.Quality:1]]
[2019.02.18-03.06.33:820][  0]LogConfig: Setting CVar [[r.SSS.HalfRes:1]]
[2019.02.18-03.06.33:820][  0]LogConfig: Setting CVar [[r.EmitterSpawnRateScale:1.0]]
[2019.02.18-03.06.33:820][  0]LogConfig: Setting CVar [[r.ParticleLightQuality:2]]
[2019.02.18-03.06.33:820][  0]LogConfig: Applying CVar settings from Section [FoliageQuality@3] File [C:/Users/gosus/Documents/CP-School/SeniorProject/gitRepos/Senior-Project-CPP-Testground/HSPGame/Saved/Config/Windows/Scalability.ini]
[2019.02.18-03.06.33:820][  0]LogConfig: Setting CVar [[foliage.DensityScale:1.0]]
[2019.02.18-03.06.33:820][  0]LogConfig: Setting CVar [[grass.DensityScale:1.0]]
[2019.02.18-03.06.33:820][  0]LogConfig: Applying CVar settings from Section [Startup] File [../../../Engine/Config/ConsoleVariables.ini]
[2019.02.18-03.06.33:820][  0]LogConfig: Setting CVar [[net.UseAdaptiveNetUpdateFrequency:0]]
[2019.02.18-03.06.33:820][  0]LogConfig: Applying CVar settings from Section [ConsoleVariables] File [C:/Users/gosus/Documents/CP-School/SeniorProject/gitRepos/Senior-Project-CPP-Testground/HSPGame/Saved/Config/Windows/Engine.ini]
[2019.02.18-03.06.33:821][  0]LogInit: Computer: UNIT-01
[2019.02.18-03.06.33:821][  0]LogInit: User: gosus
[2019.02.18-03.06.33:821][  0]LogInit: CPU Page size=4096, Cores=4
[2019.02.18-03.06.33:821][  0]LogInit: High frequency timer resolution =10.000000 MHz
[2019.02.18-03.06.33:821][  0]LogMemory: Memory total: Physical=32.0GB (32GB approx)
[2019.02.18-03.06.33:821][  0]LogMemory: Platform Memory Stats for Windows
[2019.02.18-03.06.33:821][  0]LogMemory: Process Physical Memory: 103.38 MB used, 103.38 MB peak
[2019.02.18-03.06.33:821][  0]LogMemory: Process Virtual Memory: 90.32 MB used, 90.32 MB peak
[2019.02.18-03.06.33:821][  0]LogMemory: Physical Memory: 11288.89 MB used,  21434.64 MB free, 32723.53 MB total
[2019.02.18-03.06.33:821][  0]LogMemory: Virtual Memory: 4648.41 MB used,  134213080.00 MB free, 134217728.00 MB total
[2019.02.18-03.06.33:913][  0]LogInit: Using OS detected language (en-US).
[2019.02.18-03.06.33:913][  0]LogInit: Using OS detected locale (en-US).
[2019.02.18-03.06.33:914][  0]LogTextLocalizationManager: No specific localization for 'en-US' exists, so the 'en' localization will be used.
[2019.02.18-03.06.34:218][  0]LogStreaming: Display: Took  0.304s to InitEngineTextLocalization.
[2019.02.18-03.06.34:218][  0]LogInit: Setting process to per monitor DPI aware
[2019.02.18-03.06.34:285][  0]LogSlate: New Slate User Created.  User Index 0, Is Virtual User: 0
[2019.02.18-03.06.34:285][  0]LogSlate: Slate User Registered.  User Index 0, Is Virtual User: 0
[2019.02.18-03.06.34:471][  0]LogHMD: Failed to initialize OpenVR with code 110
[2019.02.18-03.06.34:471][  0]LogD3D11RHI: D3D11 adapters:
[2019.02.18-03.06.34:609][  0]LogD3D11RHI:    0. 'NVIDIA GeForce RTX 2080' (Feature Level 11_0)
[2019.02.18-03.06.34:609][  0]LogD3D11RHI:       8010/0/16361 MB DedicatedVideo/DedicatedSystem/SharedSystem, Outputs:2, VendorId:0x10de
[2019.02.18-03.06.34:615][  0]LogD3D11RHI:    1. 'Microsoft Basic Render Driver' (Feature Level 11_0)
[2019.02.18-03.06.34:615][  0]LogD3D11RHI:       0/0/16361 MB DedicatedVideo/DedicatedSystem/SharedSystem, Outputs:0, VendorId:0x1414
[2019.02.18-03.06.34:615][  0]LogD3D11RHI: Chosen D3D11 Adapter: 0
[2019.02.18-03.06.34:624][  0]LogD3D11RHI: Creating new Direct3DDevice
[2019.02.18-03.06.34:624][  0]LogD3D11RHI:     GPU DeviceId: 0x1e87 (for the marketing name, search the web for "GPU Device Id")
[2019.02.18-03.06.34:624][  0]LogWindows: EnumDisplayDevices:
[2019.02.18-03.06.34:625][  0]LogWindows:    0. 'NVIDIA GeForce RTX 2080' (P:1 D:1)
[2019.02.18-03.06.34:625][  0]LogWindows:    1. 'NVIDIA GeForce RTX 2080' (P:0 D:1)
[2019.02.18-03.06.34:625][  0]LogWindows:    2. 'NVIDIA GeForce RTX 2080' (P:0 D:0)
[2019.02.18-03.06.34:626][  0]LogWindows:    3. 'NVIDIA GeForce RTX 2080' (P:0 D:0)
[2019.02.18-03.06.34:626][  0]LogWindows: DebugString: FoundDriverCount:4 
[2019.02.18-03.06.34:626][  0]LogD3D11RHI:     Adapter Name: NVIDIA GeForce RTX 2080
[2019.02.18-03.06.34:626][  0]LogD3D11RHI:   Driver Version: 418.91 (internal:25.21.14.1891, unified:418.91)
[2019.02.18-03.06.34:626][  0]LogD3D11RHI:      Driver Date: 2-6-2019
[2019.02.18-03.06.34:626][  0]LogRHI: Texture pool is 5607 MB (70% of 8010 MB)
[2019.02.18-03.06.34:671][  0]LogD3D11RHI: Async texture creation enabled
[2019.02.18-03.06.34:696][  0]LogD3D11RHI: GPU Timing Frequency: 1000.000000 (Debug: 2 1)
[2019.02.18-03.06.35:048][  0]LogTemp: Display: Loaded TP AllDesktopTargetPlatform
[2019.02.18-03.06.35:062][  0]LogTemp: Display: Loaded TP MacClientTargetPlatform
[2019.02.18-03.06.35:076][  0]LogTemp: Display: Loaded TP MacNoEditorTargetPlatform
[2019.02.18-03.06.35:090][  0]LogTemp: Display: Loaded TP MacServerTargetPlatform
[2019.02.18-03.06.35:108][  0]LogTemp: Display: Loaded TP MacTargetPlatform
[2019.02.18-03.06.35:123][  0]LogTemp: Display: Loaded TP WindowsClientTargetPlatform
[2019.02.18-03.06.35:136][  0]LogTemp: Display: Loaded TP WindowsNoEditorTargetPlatform
[2019.02.18-03.06.35:152][  0]LogTemp: Display: Loaded TP WindowsServerTargetPlatform
[2019.02.18-03.06.35:162][  0]LogTemp: Display: Loaded TP WindowsTargetPlatform
[2019.02.18-03.06.35:229][  0]LogTemp: Display: Loaded TP AndroidTargetPlatform
[2019.02.18-03.06.35:229][  0]LogTemp: Display: Loaded TP AndroidTargetPlatform
[2019.02.18-03.06.35:229][  0]LogTemp: Display: Loaded TP AndroidTargetPlatform
[2019.02.18-03.06.35:230][  0]LogTemp: Display: Loaded TP AndroidTargetPlatform
[2019.02.18-03.06.35:230][  0]LogTemp: Display: Loaded TP AndroidTargetPlatform
[2019.02.18-03.06.35:230][  0]LogTemp: Display: Loaded TP AndroidTargetPlatform
[2019.02.18-03.06.35:230][  0]LogTemp: Display: Loaded TP AndroidTargetPlatform
[2019.02.18-03.06.35:230][  0]LogTemp: Display: Loaded TP AndroidTargetPlatform
[2019.02.18-03.06.35:230][  0]LogTemp: Display: Loaded TP AndroidTargetPlatform
[2019.02.18-03.06.35:230][  0]LogTemp: Display: Loaded TP AndroidTargetPlatform
[2019.02.18-03.06.35:230][  0]LogTemp: Display: Loaded TP AndroidTargetPlatform
[2019.02.18-03.06.35:230][  0]LogTemp: Display: Loaded TP AndroidTargetPlatform
[2019.02.18-03.06.35:230][  0]LogTemp: Display: Loaded TP AndroidTargetPlatform
[2019.02.18-03.06.35:230][  0]LogTemp: Display: Loaded TP AndroidTargetPlatform
[2019.02.18-03.06.35:230][  0]LogTemp: Display: Loaded TP AndroidTargetPlatform
[2019.02.18-03.06.35:230][  0]LogTemp: Display: Loaded TP AndroidTargetPlatform
[2019.02.18-03.06.35:230][  0]LogTemp: Display: Loaded TP AndroidTargetPlatform
[2019.02.18-03.06.35:230][  0]LogTemp: Display: Loaded TP AndroidTargetPlatform
[2019.02.18-03.06.35:234][  0]LogTemp: Display: Loaded TP HTML5TargetPlatform
[2019.02.18-03.06.35:299][  0]LogTemp: Display: Loaded TP IOSTargetPlatform
[2019.02.18-03.06.35:299][  0]LogTemp: Display: Loaded TP IOSTargetPlatform
[2019.02.18-03.06.35:322][  0]LogTemp: Display: Loaded TP TVOSTargetPlatform
[2019.02.18-03.06.35:322][  0]LogTemp: Display: Loaded TP TVOSTargetPlatform
[2019.02.18-03.06.35:336][  0]LogTemp: Display: Loaded TP LinuxClientTargetPlatform
[2019.02.18-03.06.35:349][  0]LogTemp: Display: Loaded TP LinuxNoEditorTargetPlatform
[2019.02.18-03.06.35:363][  0]LogTemp: Display: Loaded TP LinuxServerTargetPlatform
[2019.02.18-03.06.35:377][  0]LogTemp: Display: Loaded TP LinuxTargetPlatform
[2019.02.18-03.06.35:421][  0]LogTemp: Display: Loaded TP LuminTargetPlatform
[2019.02.18-03.06.35:421][  0]LogTemp: Display: Loaded TP LuminTargetPlatform
[2019.02.18-03.06.35:422][  0]LogTargetPlatformManager: Display: Building Assets For Windows
[2019.02.18-03.06.35:549][  0]LogShaderCompilers: Guid format shader working directory is -49 characters bigger than the processId version (C:/Users/gosus/Documents/CP-School/SeniorProject/gitRepos/Senior-Project-CPP-Testground/HSPGame/Intermediate/Shaders/WorkingDirectory/8304/).
[2019.02.18-03.06.35:549][  0]LogShaderCompilers: Cleaned the shader compiler working directory 'C:/Users/gosus/AppData/Local/Temp/UnrealShaderWorkingDir/3D13572D47374A8A158651AE41888602/'.
[2019.02.18-03.06.35:551][  0]LogXGEController: Cannot use XGE Controller as Incredibuild is not installed on this machine.
[2019.02.18-03.06.35:551][  0]LogShaderCompilers: Cannot use XGE Shader Compiler as Incredibuild is not installed on this machine.
[2019.02.18-03.06.35:551][  0]LogShaderCompilers: Display: Using Local Shader Compiler.
[2019.02.18-03.06.36:025][  0]LogDerivedDataCache: Display: Max Cache Size: 512 MB
[2019.02.18-03.06.36:073][  0]LogDerivedDataCache: Loaded boot cache 0.05s 71MB C:/Users/gosus/AppData/Local/UnrealEngine/4.21/DerivedDataCache/Boot.ddc.
[2019.02.18-03.06.36:073][  0]LogDerivedDataCache: Display: Loaded Boot cache: C:/Users/gosus/AppData/Local/UnrealEngine/4.21/DerivedDataCache/Boot.ddc
[2019.02.18-03.06.36:073][  0]LogDerivedDataCache: FDerivedDataBackendGraph:  Pak pak cache file C:/Users/gosus/Documents/CP-School/SeniorProject/gitRepos/Senior-Project-CPP-Testground/HSPGame/DerivedDataCache/DDC.ddp not found, will not use a pak cache.
[2019.02.18-03.06.36:073][  0]LogDerivedDataCache: Unable to find inner node Pak for hierarchical cache Hierarchy.
[2019.02.18-03.06.36:073][  0]LogDerivedDataCache: FDerivedDataBackendGraph:  CompressedPak pak cache file C:/Users/gosus/Documents/CP-School/SeniorProject/gitRepos/Senior-Project-CPP-Testground/HSPGame/DerivedDataCache/Compressed.ddp not found, will not use a pak cache.
[2019.02.18-03.06.36:073][  0]LogDerivedDataCache: Unable to find inner node CompressedPak for hierarchical cache Hierarchy.
[2019.02.18-03.06.36:085][  0]LogDerivedDataCache: Display: Pak cache opened for reading ../../../Engine/DerivedDataCache/Compressed.ddp.
[2019.02.18-03.06.36:086][  0]LogDerivedDataCache: FDerivedDataBackendGraph:  EnterprisePak pak cache file ../../../Enterprise/DerivedDataCache/Compressed.ddp not found, will not use a pak cache.
[2019.02.18-03.06.36:086][  0]LogDerivedDataCache: Unable to find inner node EnterprisePak for hierarchical cache Hierarchy.
[2019.02.18-03.06.36:098][  0]LogDerivedDataCache: Using Local data cache path C:/Users/gosus/AppData/Local/UnrealEngine/Common/DerivedDataCache: Writable
[2019.02.18-03.06.36:098][  0]LogDerivedDataCache: Shared data cache path not found in *engine.ini, will not use an Shared cache.
[2019.02.18-03.06.36:098][  0]LogDerivedDataCache: Unable to find inner node Shared for hierarchical cache Hierarchy.
[2019.02.18-03.06.36:118][  0]LogMaterial: Verifying Global Shaders for PCD3D_SM5
[2019.02.18-03.06.36:119][  0]LogSlate: Using FreeType 2.6.0
[2019.02.18-03.06.36:119][  0]LogSlate: SlateFontServices - WITH_FREETYPE: 1, WITH_HARFBUZZ: 1
[2019.02.18-03.06.36:190][  0]LogAssetRegistry: FAssetRegistry took 0.0339 seconds to start up
[2019.02.18-03.06.36:487][  0]LogInit: Selected Device Profile: [Windows]
[2019.02.18-03.06.36:651][  0]LogSimplygon: Simplygon DLL not present - disabling.
[2019.02.18-03.06.36:666][  0]LogMeshReduction: Using SimplygonSwarm for distributed automatic mesh merging
[2019.02.18-03.06.36:666][  0]LogMeshReduction: Using ProxyLODMeshReduction for automatic mesh merging
[2019.02.18-03.06.36:666][  0]LogMeshReduction: Using QuadricMeshReduction for automatic static mesh reduction
[2019.02.18-03.06.36:667][  0]LogMeshReduction: No automatic skeletal mesh reduction module available
[2019.02.18-03.06.36:677][  0]LogNetVersion: HSPGame 1.0.0, NetCL: 4541578, EngineNetVer: 5, GameNetVer: 0 (Checksum: 2893343623)
[2019.02.18-03.06.37:113][  0]LogPackageLocalizationCache: Processed 11 localized package path(s) for 2 prioritized culture(s) in 0.093658 seconds
[2019.02.18-03.06.37:119][  0]LogUObjectArray: 39775 objects as part of root set at end of initial load.
[2019.02.18-03.06.37:119][  0]LogUObjectAllocator: 6914664 out of 0 bytes used by permanent object pool.
[2019.02.18-03.06.37:119][  0]LogUObjectArray: CloseDisregardForGC: 0/0 objects in disregard for GC pool
[2019.02.18-03.06.38:002][  0]LogTcpMessaging: Initializing TcpMessaging bridge
[2019.02.18-03.06.38:022][  0]LogUdpMessaging: Initializing bridge on interface 0.0.0.0:0 to multicast group 230.0.0.1:6666.
[2019.02.18-03.06.38:651][  0]SourceControl: Source control is disabled
[2019.02.18-03.06.38:651][  0]SourceControl: Source control is disabled
[2019.02.18-03.06.38:662][  0]SourceControl: Source control is disabled
[2019.02.18-03.06.38:667][  0]SourceControl: Source control is disabled
[2019.02.18-03.06.38:995][  0]LogAndroidPermission: UAndroidPermissionCallbackProxy::GetInstance
[2019.02.18-03.06.39:200][  0]LogOcInput: OculusInput pre-init called
[2019.02.18-03.06.39:353][  0]LogEngine: Initializing Engine...
[2019.02.18-03.06.39:354][  0]LogHMD: Failed to initialize OpenVR with code 110
[2019.02.18-03.06.39:355][  0]LogStats: UGameplayTagsManager::ConstructGameplayTagTree: ImportINI prefixes -  0.000 s
[2019.02.18-03.06.39:355][  0]LogStats: UGameplayTagsManager::ConstructGameplayTagTree: Construct from data asset -  0.000 s
[2019.02.18-03.06.39:355][  0]LogStats: UGameplayTagsManager::ConstructGameplayTagTree: ImportINI -  0.000 s
[2019.02.18-03.06.39:355][  0]LogStats: UGameplayTagsManager::ConstructGameplayTagTree: GameplayTagTreeChangedEvent.Broadcast -  0.000 s
[2019.02.18-03.06.39:531][  0]LogInit: Initializing FReadOnlyCVARCache
[2019.02.18-03.06.39:546][  0]LogAIModule: Creating AISystem for world Untitled
[2019.02.18-03.06.39:605][  0]LogInit: XAudio2 using 'Speakers (Realtek(R) Audio)' : 2 channels at 48 kHz using 32 bits per sample (channel mask 0x3)
[2019.02.18-03.06.39:636][  0]LogInit: FAudioDevice initialized.
[2019.02.18-03.06.39:637][  0]LogNetVersion: Set ProjectVersion to 1.0.0.0. Version Checksum will be recalculated on next use.
[2019.02.18-03.06.39:674][  0]LogDerivedDataCache: Saved boot cache 0.04s 71MB C:/Users/gosus/AppData/Local/UnrealEngine/4.21/DerivedDataCache/Boot.ddc.
[2019.02.18-03.06.39:677][  0]LogInit: Texture streaming: Enabled
[2019.02.18-03.06.39:705][  0]LogEngineSessionManager: EngineSessionManager initialized
[2019.02.18-03.06.39:715][  0]LogInit: Transaction tracking system initialized
[2019.02.18-03.06.39:752][  0]BlueprintLog: New page: Editor Load
[2019.02.18-03.06.39:896][  0]LocalizationService: Localization service is disabled
[2019.02.18-03.06.40:404][  0]LogFileCache: Scanning file cache for directory 'C:/Users/gosus/Documents/CP-School/SeniorProject/gitRepos/Senior-Project-CPP-Testground/HSPGame/Content/' took 0.02s
[2019.02.18-03.06.40:404][  0]LogCook: Display: Max memory allowance for cook 16384mb min free memory 0mb
[2019.02.18-03.06.40:404][  0]LogCook: Display: Mobile HDR setting 1
[2019.02.18-03.06.40:404][  0]LogGameplayTags: Display: UGameplayTagsManager::DoneAddingNativeTags. DelegateIsBound: 0
[2019.02.18-03.06.40:404][  0]LogStats: UGameplayTagsManager::ConstructGameplayTagTree: ImportINI prefixes -  0.000 s
[2019.02.18-03.06.40:404][  0]LogStats: UGameplayTagsManager::ConstructGameplayTagTree: Construct from data asset -  0.000 s
[2019.02.18-03.06.40:404][  0]LogStats: UGameplayTagsManager::ConstructGameplayTagTree: ImportINI -  0.000 s
[2019.02.18-03.06.40:404][  0]LogStats: UGameplayTagsManager::ConstructGameplayTagTree: GameplayTagTreeChangedEvent.Broadcast -  0.000 s
[2019.02.18-03.06.40:627][  0]SourceControl: Source control is disabled
[2019.02.18-03.06.40:627][  0]LightingResults: New page: Lighting Build
[2019.02.18-03.06.40:628][  0]MapCheck: New page: Map Check
[2019.02.18-03.06.40:629][  0]LightingResults: New page: Lighting Build
[2019.02.18-03.06.41:033][  0]LogAIModule: Creating AISystem for world Minimal_Default
[2019.02.18-03.06.41:107][  0]LogEditorServer: Finished looking for orphan Actors (0.000 secs)
[2019.02.18-03.06.41:133][  0]Cmd: MAP CHECKDEP NOCLEARLOG
[2019.02.18-03.06.41:133][  0]MapCheck: Map check complete: 0 Error(s), 0 Warning(s), took 0.132ms to complete.
[2019.02.18-03.06.41:133][  0]LogFileHelpers: Loading map 'Minimal_Default' took 0.506
[2019.02.18-03.06.41:235][  0]LogSlate: Updating window title bar state: overlay mode, drag disabled, window buttons hidden, title bar hidden
[2019.02.18-03.06.41:241][  0]LogSlate: Updating window title bar state: overlay mode, drag disabled, window buttons hidden, title bar hidden
[2019.02.18-03.06.41:247][  0]LogSlate: Updating window title bar state: overlay mode, drag disabled, window buttons hidden, title bar hidden
[2019.02.18-03.06.41:253][  0]LogSlate: Updating window title bar state: overlay mode, drag disabled, window buttons hidden, title bar hidden
[2019.02.18-03.06.41:260][  0]LogCollectionManager: Loaded 0 collections in 0.001176 seconds
[2019.02.18-03.06.41:277][  0]LogFileCache: Scanning file cache for directory 'C:/Users/gosus/Documents/CP-School/SeniorProject/gitRepos/Senior-Project-CPP-Testground/HSPGame/Saved/Collections/' took 0.01s
[2019.02.18-03.06.41:277][  0]LogFileCache: Scanning file cache for directory 'C:/Users/gosus/Documents/CP-School/SeniorProject/gitRepos/Senior-Project-CPP-Testground/HSPGame/Content/Developers/gosus/Collections/' took 0.00s
[2019.02.18-03.06.41:277][  0]LogFileCache: Scanning file cache for directory 'C:/Users/gosus/Documents/CP-School/SeniorProject/gitRepos/Senior-Project-CPP-Testground/HSPGame/Content/Collections/' took 0.00s
[2019.02.18-03.06.41:277][  0]LogCollectionManager: Rebuilt the GUID cache for 0 collections in 0.000000 seconds
[2019.02.18-03.06.41:285][  0]LogContentBrowser: Native class hierarchy populated in 0.0077 seconds. Added 2656 classes and 622 folders.
[2019.02.18-03.06.41:290][  0]LogContentBrowser: Native class hierarchy updated for 'WidgetCarousel' in 0.0004 seconds. Added 0 classes and 0 folders.
[2019.02.18-03.06.41:291][  0]LogPakFile: Registered encryption key '00000000000000000000000000000000': 0 pak files mounted, 0 remain pending
[2019.02.18-03.06.41:292][  0]LogPakFile: Registered encryption key '00000000000000000000000000000000': 0 pak files mounted, 0 remain pending
[2019.02.18-03.06.41:292][  0]LogPakFile: Registered encryption key '00000000000000000000000000000000': 0 pak files mounted, 0 remain pending
[2019.02.18-03.06.41:293][  0]LogPakFile: Registered encryption key '00000000000000000000000000000000': 0 pak files mounted, 0 remain pending
[2019.02.18-03.06.41:293][  0]LogPakFile: Registered encryption key '00000000000000000000000000000000': 0 pak files mounted, 0 remain pending
[2019.02.18-03.06.41:293][  0]LogPakFile: Registered encryption key '00000000000000000000000000000000': 0 pak files mounted, 0 remain pending
[2019.02.18-03.06.41:294][  0]LogPakFile: Registered encryption key '00000000000000000000000000000000': 0 pak files mounted, 0 remain pending
[2019.02.18-03.06.41:294][  0]LogPakFile: Registered encryption key '00000000000000000000000000000000': 0 pak files mounted, 0 remain pending
[2019.02.18-03.06.41:294][  0]LogPakFile: Registered encryption key '00000000000000000000000000000000': 0 pak files mounted, 0 remain pending
[2019.02.18-03.06.41:295][  0]LogPakFile: Registered encryption key '00000000000000000000000000000000': 0 pak files mounted, 0 remain pending
[2019.02.18-03.06.41:295][  0]LogPakFile: Registered encryption key '00000000000000000000000000000000': 0 pak files mounted, 0 remain pending
[2019.02.18-03.06.41:295][  0]LogPakFile: Registered encryption key '00000000000000000000000000000000': 0 pak files mounted, 0 remain pending
[2019.02.18-03.06.41:296][  0]LogPakFile: Registered encryption key '00000000000000000000000000000000': 0 pak files mounted, 0 remain pending
[2019.02.18-03.06.41:296][  0]LogPakFile: Registered encryption key '00000000000000000000000000000000': 0 pak files mounted, 0 remain pending
[2019.02.18-03.06.41:296][  0]LogPakFile: Registered encryption key '00000000000000000000000000000000': 0 pak files mounted, 0 remain pending
[2019.02.18-03.06.41:297][  0]LogPakFile: Registered encryption key '00000000000000000000000000000000': 0 pak files mounted, 0 remain pending
[2019.02.18-03.06.41:297][  0]LogPakFile: Registered encryption key '00000000000000000000000000000000': 0 pak files mounted, 0 remain pending
[2019.02.18-03.06.41:298][  0]LogPakFile: Registered encryption key '00000000000000000000000000000000': 0 pak files mounted, 0 remain pending
[2019.02.18-03.06.41:298][  0]LogPakFile: Registered encryption key '00000000000000000000000000000000': 0 pak files mounted, 0 remain pending
[2019.02.18-03.06.41:298][  0]LogPakFile: Registered encryption key '00000000000000000000000000000000': 0 pak files mounted, 0 remain pending
[2019.02.18-03.06.41:299][  0]LogPakFile: Registered encryption key '00000000000000000000000000000000': 0 pak files mounted, 0 remain pending
[2019.02.18-03.06.41:299][  0]LogPakFile: Registered encryption key '00000000000000000000000000000000': 0 pak files mounted, 0 remain pending
[2019.02.18-03.06.41:299][  0]LogPakFile: Registered encryption key '00000000000000000000000000000000': 0 pak files mounted, 0 remain pending
[2019.02.18-03.06.41:300][  0]LogPakFile: Registered encryption key '00000000000000000000000000000000': 0 pak files mounted, 0 remain pending
[2019.02.18-03.06.41:300][  0]LogPakFile: Registered encryption key '00000000000000000000000000000000': 0 pak files mounted, 0 remain pending
[2019.02.18-03.06.41:300][  0]LogPakFile: Registered encryption key '00000000000000000000000000000000': 0 pak files mounted, 0 remain pending
[2019.02.18-03.06.41:321][  0]LogContentBrowser: Native class hierarchy updated for 'AddContentDialog' in 0.0004 seconds. Added 0 classes and 0 folders.
[2019.02.18-03.06.41:330][  0]LogContentBrowser: Native class hierarchy updated for 'SceneOutliner' in 0.0003 seconds. Added 1 classes and 2 folders.
[2019.02.18-03.06.41:341][  0]LogSlate: Took 0.000098 seconds to synchronously load lazily loaded font '../../../Engine/Content/Slate/Fonts/Roboto-Regular.ttf' (155K)
[2019.02.18-03.06.41:343][  0]LogSlate: Took 0.000108 seconds to synchronously load lazily loaded font '../../../Engine/Content/Slate/Fonts/Roboto-Bold.ttf' (160K)
[2019.02.18-03.06.41:349][  0]LogSlate: Took 0.000130 seconds to synchronously load lazily loaded font '../../../Engine/Content/Editor/Slate/Fonts/FontAwesome.ttf' (139K)
[2019.02.18-03.06.41:417][  0]LogRenderer: Reallocating scene render targets to support 1644x884 Format 10 NumSamples 1 (Frame:1).
[2019.02.18-03.06.41:553][  0]LogContentBrowser: Native class hierarchy updated for 'HierarchicalLODOutliner' in 0.0003 seconds. Added 0 classes and 0 folders.
[2019.02.18-03.06.41:553][  0]LogLoad: (Engine Initialization) Total time: 9.40 seconds
[2019.02.18-03.06.41:554][  0]LogLoad: (Engine Initialization) Total Blueprint compile time: 0.00 seconds
[2019.02.18-03.06.41:617][  0]LogContentStreaming: Texture pool size now 1000 MB
[2019.02.18-03.06.41:658][  1]LogAssetRegistry: Asset discovery search completed in 5.4921 seconds
[2019.02.18-03.06.41:659][  1]LogCollectionManager: Rebuilt the object cache for 0 collections in 0.000000 seconds (found 0 objects)
[2019.02.18-03.06.41:659][  1]LogCollectionManager: Fixed up redirectors for 0 collections in 0.000104 seconds (updated 0 objects)
[2019.02.18-03.06.48:743][843]LogSlate: FSceneViewport::OnFocusLost() reason 0
[2019.02.18-03.06.48:904][862]LogSlate: Took 0.000099 seconds to synchronously load lazily loaded font '../../../Engine/Content/Slate/Fonts/Roboto-Light.ttf' (167K)
[2019.02.18-03.06.48:910][862]LogAssetEditorManager: Opening Asset editor for Blueprint /Game/Blueprints/BP_EnemySlime.BP_EnemySlime
[2019.02.18-03.06.49:242][862]LogContentBrowser: Native class hierarchy updated for 'BlueprintGraph' in 0.0005 seconds. Added 117 classes and 0 folders.
[2019.02.18-03.06.49:827][862]LogSlate: Took 0.000218 seconds to synchronously load lazily loaded font '../../../Engine/Content/Slate/Fonts/Roboto-BoldCondensed.ttf' (158K)
[2019.02.18-03.06.53:231][222]LogTemp: Repeating last play command: Selected Viewport
[2019.02.18-03.06.53:245][222]LogBlueprintUserMessages: Early PlayInEditor Detection: Level '/Game/StarterContent/Maps/Minimal_Default.Minimal_Default:PersistentLevel' has LevelScriptBlueprint '/Game/StarterContent/Maps/Minimal_Default.Minimal_Default:PersistentLevel.Minimal_Default' with GeneratedClass '/Game/StarterContent/Maps/Minimal_Default.Minimal_Default_C' with ClassGeneratedBy '/Game/StarterContent/Maps/Minimal_Default.Minimal_Default:PersistentLevel.Minimal_Default'
[2019.02.18-03.06.53:245][222]LogPlayLevel: PlayLevel: No blueprints needed recompiling
[2019.02.18-03.06.53:246][222]PIE: New page: PIE session: Minimal_Default (Feb 17, 2019, 11:06:53 AM)
[2019.02.18-03.06.53:259][222]LogPlayLevel: Creating play world package: /Game/StarterContent/Maps/UEDPIE_0_Minimal_Default
[2019.02.18-03.06.53:345][222]LogPlayLevel: PIE: StaticDuplicateObject took: (0.085918s)
[2019.02.18-03.06.53:346][222]LogAIModule: Creating AISystem for world Minimal_Default
[2019.02.18-03.06.53:346][222]LogPlayLevel: PIE: World Init took: (0.000593s)
[2019.02.18-03.06.53:346][222]LogPlayLevel: PIE: Created PIE world by copying editor world from /Game/StarterContent/Maps/Minimal_Default.Minimal_Default to /Game/StarterContent/Maps/UEDPIE_0_Minimal_Default.Minimal_Default (0.086950s)
[2019.02.18-03.06.53:422][222]LogInit: XAudio2 using 'Speakers (Realtek(R) Audio)' : 2 channels at 48 kHz using 32 bits per sample (channel mask 0x3)
[2019.02.18-03.06.53:438][222]LogInit: FAudioDevice initialized.
[2019.02.18-03.06.53:487][222]LogLoad: Game class is 'BP_HSPGameGameModeBase_C'
[2019.02.18-03.06.53:494][222]LogWorld: Bringing World /Game/StarterContent/Maps/UEDPIE_0_Minimal_Default.Minimal_Default up for play (max tick rate 0) at 2019.02.17-19.06.53
[2019.02.18-03.06.53:495][222]LogWorld: Bringing up level for play took: 0.006502
[2019.02.18-03.06.53:510][222]LogContentBrowser: Native class hierarchy updated for 'MovieSceneCapture' in 0.0003 seconds. Added 20 classes and 0 folders.
[2019.02.18-03.06.53:512][222]PIE: Play in editor start time for /Game/StarterContent/Maps/UEDPIE_0_Minimal_Default 0.357
[2019.02.18-03.06.53:512][222]LogBlueprintUserMessages: Late PlayInEditor Detection: Level '/Game/StarterContent/Maps/Minimal_Default.Minimal_Default:PersistentLevel' has LevelScriptBlueprint '/Game/StarterContent/Maps/Minimal_Default.Minimal_Default:PersistentLevel.Minimal_Default' with GeneratedClass '/Game/StarterContent/Maps/Minimal_Default.Minimal_Default_C' with ClassGeneratedBy '/Game/StarterContent/Maps/Minimal_Default.Minimal_Default:PersistentLevel.Minimal_Default'
[2019.02.18-03.07.01:183][103]LogSlate: FSceneViewport::OnFocusLost() reason 0
[2019.02.18-03.07.01:252][111]LogBlueprintUserMessages: Early EndPlayMap Detection: Level '/Game/StarterContent/Maps/Minimal_Default.Minimal_Default:PersistentLevel' has LevelScriptBlueprint '/Game/StarterContent/Maps/Minimal_Default.Minimal_Default:PersistentLevel.Minimal_Default' with GeneratedClass '/Game/StarterContent/Maps/Minimal_Default.Minimal_Default_C' with ClassGeneratedBy '/Game/StarterContent/Maps/Minimal_Default.Minimal_Default:PersistentLevel.Minimal_Default'
[2019.02.18-03.07.01:252][111]LogSlate: Updating window title bar state: overlay mode, drag disabled, window buttons hidden, title bar hidden
[2019.02.18-03.07.01:290][111]LogPlayLevel: Display: Shutting down PIE online subsystems
[2019.02.18-03.07.01:291][111]LogBlueprintUserMessages: Late EndPlayMap Detection: Level '/Game/StarterContent/Maps/Minimal_Default.Minimal_Default:PersistentLevel' has LevelScriptBlueprint '/Game/StarterContent/Maps/Minimal_Default.Minimal_Default:PersistentLevel.Minimal_Default' with GeneratedClass '/Game/StarterContent/Maps/Minimal_Default.Minimal_Default_C' with ClassGeneratedBy '/Game/StarterContent/Maps/Minimal_Default.Minimal_Default:PersistentLevel.Minimal_Default'
[2019.02.18-03.07.01:314][111]LogSlate: Updating window title bar state: overlay mode, drag disabled, window buttons hidden, title bar hidden
[2019.02.18-03.07.01:361][112]LogPlayLevel: Display: Destroying online subsystem :Context_2
[2019.02.18-03.07.32:006][545]Candidate modules for hot reload:
[2019.02.18-03.07.32:006][545]  HSPGame
[2019.02.18-03.07.32:006][545]Launching UnrealBuildTool... [G:/Games/Epic/Games/UE_4.21/Engine/Binaries/DotNET/UnrealBuildTool.exe  -ModuleWithSuffix=HSPGame,8681 Win64 Development -TargetType=Editor -Project="C:/Users/gosus/Documents/CP-School/SeniorProject/gitRepos/Senior-Project-CPP-Testground/HSPGame/HSPGame.uproject" -canskiplink "C:/Users/gosus/Documents/CP-School/SeniorProject/gitRepos/Senior-Project-CPP-Testground/HSPGame/HSPGame.uproject" ]
[2019.02.18-03.07.32:011][545]Warning: Starting HotReload took  0.0s.
[2019.02.18-03.07.47:987][207]CompilerResultsLog: New page: Compilation - Feb 17, 2019, 11:07:47 AM
[2019.02.18-03.07.47:987][207]CompilerResultsLog: Using 'git status' to determine working set for adaptive non-unity build (C:\Users\gosus\Documents\CP-School\SeniorProject\gitRepos\Senior-Project-CPP-Testground).
[2019.02.18-03.07.47:988][207]CompilerResultsLog: Creating makefile for hot reloading HSPGameEditor (source directory changed)
[2019.02.18-03.07.47:988][207]CompilerResultsLog: Compiling game modules for hot reload
[2019.02.18-03.07.47:988][207]CompilerResultsLog: Using Visual Studio 2017 14.16.27023 toolchain (C:\Program Files (x86)\Microsoft Visual Studio\2017\Community\VC\Tools\MSVC\14.16.27023) and Windows 10.0.17763.0 SDK (C:\Program Files (x86)\Windows Kits\10).
[2019.02.18-03.07.47:988][207]CompilerResultsLog: Parsing headers for HSPGameEditor
[2019.02.18-03.07.47:988][207]CompilerResultsLog:   Running UnrealHeaderTool "C:\Users\gosus\Documents\CP-School\SeniorProject\gitRepos\Senior-Project-CPP-Testground\HSPGame\HSPGame.uproject" "C:\Users\gosus\Documents\CP-School\SeniorProject\gitRepos\Senior-Project-CPP-Testground\HSPGame\Intermediate\Build\Win64\HSPGameEditor\Development\HSPGameEditor.uhtmanifest" -LogCmds="loginit warning, logexit warning, logdatabase error" -Unattended -WarningsAsErrors -installed
[2019.02.18-03.07.47:988][207]CompilerResultsLog: Reflection code generated for HSPGameEditor in 9.6698993 seconds
[2019.02.18-03.07.47:988][207]CompilerResultsLog: Building 5 actions with 8 processes...
[2019.02.18-03.07.47:988][207]CompilerResultsLog:   [1/5] HSPGame.init.gen.cpp
[2019.02.18-03.07.47:988][207]CompilerResultsLog:   [2/5] EnemySlime.cpp
[2019.02.18-03.07.47:988][207]CompilerResultsLog:   [3/5] EnemySlime.gen.cpp
[2019.02.18-03.07.47:988][207]CompilerResultsLog:   [4/5] UE4Editor-HSPGame-8681.lib
[2019.02.18-03.07.47:989][207]CompilerResultsLog:      Creating library C:\Users\gosus\Documents\CP-School\SeniorProject\gitRepos\Senior-Project-CPP-Testground\HSPGame\Intermediate\Build\Win64\UE4Editor\Development\HSPGame\UE4Editor-HSPGame-8681.lib and object C:\Users\gosus\Documents\CP-School\SeniorProject\gitRepos\Senior-Project-CPP-Testground\HSPGame\Intermediate\Build\Win64\UE4Editor\Development\HSPGame\UE4Editor-HSPGame-8681.exp
[2019.02.18-03.07.47:989][207]CompilerResultsLog:   [5/5] UE4Editor-HSPGame-8681.dll
[2019.02.18-03.07.47:989][207]CompilerResultsLog:      Creating library C:\Users\gosus\Documents\CP-School\SeniorProject\gitRepos\Senior-Project-CPP-Testground\HSPGame\Intermediate\Build\Win64\UE4Editor\Development\HSPGame\UE4Editor-HSPGame-8681.suppressed.lib and object C:\Users\gosus\Documents\CP-School\SeniorProject\gitRepos\Senior-Project-CPP-Testground\HSPGame\Intermediate\Build\Win64\UE4Editor\Development\HSPGame\UE4Editor-HSPGame-8681.suppressed.exp
[2019.02.18-03.07.47:989][207]CompilerResultsLog: Total build time: 15.75 seconds (Parallel executor: 2.09 seconds)
[2019.02.18-03.07.47:989][207]LogMainFrame: MainFrame: Module compiling took 15.985 seconds
[2019.02.18-03.07.48:036][207]LogClass: Could not find existing class EnemySlime in package /Script/HSPGame for HotReload, assuming new class
[2019.02.18-03.07.48:037][207]LogClass: Function charHit is new.
[2019.02.18-03.07.48:037][207]LogClass: Function inSight is new.
[2019.02.18-03.07.48:037][207]LogClass: Function Tick is new.
[2019.02.18-03.07.48:050][207]LogHotReload: Re-instancing EnemySlime after hot-reload.
[2019.02.18-03.07.48:265][207]LogContentBrowser: Native class hierarchy updated for 'HSPGame' in 0.0004 seconds. Added 5 classes and 2 folders.
[2019.02.18-03.07.48:268][207]Display: HotReload successful (2 functions remapped  0 scriptstructs remapped)
[2019.02.18-03.07.48:595][207]LogContentBrowser: Native class hierarchy populated in 0.0063 seconds. Added 2657 classes and 624 folders.
[2019.02.18-03.07.48:595][207]Display: HotReload took 16.6s.
[2019.02.18-03.07.51:375][515]LogTemp: Repeating last play command: Selected Viewport
[2019.02.18-03.07.51:394][515]LogBlueprintUserMessages: Early PlayInEditor Detection: Level '/Game/StarterContent/Maps/Minimal_Default.Minimal_Default:PersistentLevel' has LevelScriptBlueprint '/Game/StarterContent/Maps/Minimal_Default.Minimal_Default:PersistentLevel.Minimal_Default' with GeneratedClass '/Game/StarterContent/Maps/Minimal_Default.Minimal_Default_C' with ClassGeneratedBy '/Game/StarterContent/Maps/Minimal_Default.Minimal_Default:PersistentLevel.Minimal_Default'
[2019.02.18-03.07.51:394][515]LogPlayLevel: PlayLevel: No blueprints needed recompiling
[2019.02.18-03.07.51:395][515]PIE: New page: PIE session: Minimal_Default (Feb 17, 2019, 11:07:51 AM)
[2019.02.18-03.07.51:395][515]LogPlayLevel: Creating play world package: /Game/StarterContent/Maps/UEDPIE_0_Minimal_Default
[2019.02.18-03.07.51:437][515]LogPlayLevel: PIE: StaticDuplicateObject took: (0.042090s)
[2019.02.18-03.07.51:438][515]LogAIModule: Creating AISystem for world Minimal_Default
[2019.02.18-03.07.51:438][515]LogPlayLevel: PIE: World Init took: (0.000648s)
[2019.02.18-03.07.51:438][515]LogPlayLevel: PIE: Created PIE world by copying editor world from /Game/StarterContent/Maps/Minimal_Default.Minimal_Default to /Game/StarterContent/Maps/UEDPIE_0_Minimal_Default.Minimal_Default (0.043099s)
[2019.02.18-03.07.51:523][515]LogInit: XAudio2 using 'Speakers (Realtek(R) Audio)' : 2 channels at 48 kHz using 32 bits per sample (channel mask 0x3)
[2019.02.18-03.07.51:538][515]LogInit: FAudioDevice initialized.
[2019.02.18-03.07.51:570][515]LogLoad: Game class is 'BP_HSPGameGameModeBase_C'
[2019.02.18-03.07.51:576][515]LogWorld: Bringing World /Game/StarterContent/Maps/UEDPIE_0_Minimal_Default.Minimal_Default up for play (max tick rate 0) at 2019.02.17-19.07.51
[2019.02.18-03.07.51:576][515]LogWorld: Bringing up level for play took: 0.005976
[2019.02.18-03.07.51:590][515]PIE: Play in editor start time for /Game/StarterContent/Maps/UEDPIE_0_Minimal_Default 0.436
[2019.02.18-03.07.51:590][515]LogBlueprintUserMessages: Late PlayInEditor Detection: Level '/Game/StarterContent/Maps/Minimal_Default.Minimal_Default:PersistentLevel' has LevelScriptBlueprint '/Game/StarterContent/Maps/Minimal_Default.Minimal_Default:PersistentLevel.Minimal_Default' with GeneratedClass '/Game/StarterContent/Maps/Minimal_Default.Minimal_Default_C' with ClassGeneratedBy '/Game/StarterContent/Maps/Minimal_Default.Minimal_Default:PersistentLevel.Minimal_Default'
[2019.02.18-03.07.56:402][ 33]LogSlate: FSceneViewport::OnFocusLost() reason 0
[2019.02.18-03.07.56:504][ 45]LogBlueprintUserMessages: Early EndPlayMap Detection: Level '/Game/StarterContent/Maps/Minimal_Default.Minimal_Default:PersistentLevel' has LevelScriptBlueprint '/Game/StarterContent/Maps/Minimal_Default.Minimal_Default:PersistentLevel.Minimal_Default' with GeneratedClass '/Game/StarterContent/Maps/Minimal_Default.Minimal_Default_C' with ClassGeneratedBy '/Game/StarterContent/Maps/Minimal_Default.Minimal_Default:PersistentLevel.Minimal_Default'
[2019.02.18-03.07.56:505][ 45]LogSlate: Updating window title bar state: overlay mode, drag disabled, window buttons hidden, title bar hidden
[2019.02.18-03.07.56:544][ 45]LogPlayLevel: Display: Shutting down PIE online subsystems
[2019.02.18-03.07.56:545][ 45]LogBlueprintUserMessages: Late EndPlayMap Detection: Level '/Game/StarterContent/Maps/Minimal_Default.Minimal_Default:PersistentLevel' has LevelScriptBlueprint '/Game/StarterContent/Maps/Minimal_Default.Minimal_Default:PersistentLevel.Minimal_Default' with GeneratedClass '/Game/StarterContent/Maps/Minimal_Default.Minimal_Default_C' with ClassGeneratedBy '/Game/StarterContent/Maps/Minimal_Default.Minimal_Default:PersistentLevel.Minimal_Default'
[2019.02.18-03.07.56:571][ 45]LogSlate: Updating window title bar state: overlay mode, drag disabled, window buttons hidden, title bar hidden
[2019.02.18-03.07.56:631][ 46]LogPlayLevel: Display: Destroying online subsystem :Context_3
[2019.02.18-03.09.18:288][548]Candidate modules for hot reload:
[2019.02.18-03.09.18:288][548]  HSPGame
[2019.02.18-03.09.18:288][548]Launching UnrealBuildTool... [G:/Games/Epic/Games/UE_4.21/Engine/Binaries/DotNET/UnrealBuildTool.exe  -ModuleWithSuffix=HSPGame,5502 Win64 Development -TargetType=Editor -Project="C:/Users/gosus/Documents/CP-School/SeniorProject/gitRepos/Senior-Project-CPP-Testground/HSPGame/HSPGame.uproject" -canskiplink "C:/Users/gosus/Documents/CP-School/SeniorProject/gitRepos/Senior-Project-CPP-Testground/HSPGame/HSPGame.uproject" ]
[2019.02.18-03.09.18:300][548]Warning: Starting HotReload took  0.0s.
[2019.02.18-03.09.34:350][241]CompilerResultsLog: New page: Compilation - Feb 17, 2019, 11:09:34 AM
[2019.02.18-03.09.34:350][241]CompilerResultsLog: Using 'git status' to determine working set for adaptive non-unity build (C:\Users\gosus\Documents\CP-School\SeniorProject\gitRepos\Senior-Project-CPP-Testground).
[2019.02.18-03.09.34:350][241]CompilerResultsLog: Creating makefile for hot reloading HSPGameEditor (source directory changed)
[2019.02.18-03.09.34:350][241]CompilerResultsLog: Compiling game modules for hot reload
[2019.02.18-03.09.34:350][241]CompilerResultsLog: Using Visual Studio 2017 14.16.27023 toolchain (C:\Program Files (x86)\Microsoft Visual Studio\2017\Community\VC\Tools\MSVC\14.16.27023) and Windows 10.0.17763.0 SDK (C:\Program Files (x86)\Windows Kits\10).
[2019.02.18-03.09.34:351][241]CompilerResultsLog: Parsing headers for HSPGameEditor
[2019.02.18-03.09.34:351][241]CompilerResultsLog:   Running UnrealHeaderTool "C:\Users\gosus\Documents\CP-School\SeniorProject\gitRepos\Senior-Project-CPP-Testground\HSPGame\HSPGame.uproject" "C:\Users\gosus\Documents\CP-School\SeniorProject\gitRepos\Senior-Project-CPP-Testground\HSPGame\Intermediate\Build\Win64\HSPGameEditor\Development\HSPGameEditor.uhtmanifest" -LogCmds="loginit warning, logexit warning, logdatabase error" -Unattended -WarningsAsErrors -installed
[2019.02.18-03.09.34:351][241]CompilerResultsLog: Reflection code generated for HSPGameEditor in 9.5201766 seconds
[2019.02.18-03.09.34:351][241]CompilerResultsLog: Building 5 actions with 8 processes...
[2019.02.18-03.09.34:351][241]CompilerResultsLog:   [1/5] HSPGame.init.gen.cpp
[2019.02.18-03.09.34:351][241]CompilerResultsLog:   [2/5] EnemySlime.cpp
[2019.02.18-03.09.34:351][241]CompilerResultsLog:   [3/5] EnemySlime.gen.cpp
[2019.02.18-03.09.34:351][241]CompilerResultsLog:   [4/5] UE4Editor-HSPGame-5502.lib
[2019.02.18-03.09.34:351][241]CompilerResultsLog:      Creating library C:\Users\gosus\Documents\CP-School\SeniorProject\gitRepos\Senior-Project-CPP-Testground\HSPGame\Intermediate\Build\Win64\UE4Editor\Development\HSPGame\UE4Editor-HSPGame-5502.lib and object C:\Users\gosus\Documents\CP-School\SeniorProject\gitRepos\Senior-Project-CPP-Testground\HSPGame\Intermediate\Build\Win64\UE4Editor\Development\HSPGame\UE4Editor-HSPGame-5502.exp
[2019.02.18-03.09.34:351][241]CompilerResultsLog:   [5/5] UE4Editor-HSPGame-5502.dll
[2019.02.18-03.09.34:351][241]CompilerResultsLog:      Creating library C:\Users\gosus\Documents\CP-School\SeniorProject\gitRepos\Senior-Project-CPP-Testground\HSPGame\Intermediate\Build\Win64\UE4Editor\Development\HSPGame\UE4Editor-HSPGame-5502.suppressed.lib and object C:\Users\gosus\Documents\CP-School\SeniorProject\gitRepos\Senior-Project-CPP-Testground\HSPGame\Intermediate\Build\Win64\UE4Editor\Development\HSPGame\UE4Editor-HSPGame-5502.suppressed.exp
[2019.02.18-03.09.34:351][241]CompilerResultsLog: Total build time: 15.81 seconds (Parallel executor: 2.07 seconds)
[2019.02.18-03.09.34:352][241]LogMainFrame: MainFrame: Module compiling took 16.066 seconds
[2019.02.18-03.09.34:401][241]LogClass: Could not find existing class EnemySlime in package /Script/HSPGame for HotReload, assuming new class
[2019.02.18-03.09.34:401][241]LogClass: Function charHit is new.
[2019.02.18-03.09.34:401][241]LogClass: Function inSight is new.
[2019.02.18-03.09.34:414][241]LogHotReload: Re-instancing EnemySlime after hot-reload.
[2019.02.18-03.09.34:666][241]LogContentBrowser: Native class hierarchy updated for 'HSPGame' in 0.0003 seconds. Added 5 classes and 2 folders.
[2019.02.18-03.09.34:669][241]Display: HotReload successful (2 functions remapped  0 scriptstructs remapped)
[2019.02.18-03.09.34:927][241]LogContentBrowser: Native class hierarchy populated in 0.0063 seconds. Added 2657 classes and 624 folders.
[2019.02.18-03.09.34:928][241]Display: HotReload took 16.6s.
[2019.02.18-03.09.35:879][341]LogSlate: Took 0.000134 seconds to synchronously load lazily loaded font '../../../Engine/Content/Slate/Fonts/Roboto-Italic.ttf' (157K)
[2019.02.18-03.09.37:729][540]LogSavePackage: Moving 'C:/Users/gosus/Documents/CP-School/SeniorProject/gitRepos/Senior-Project-CPP-Testground/HSPGame/Saved/BP_EnemySlime38E8EBA749C2C8EC9060349933F7C89B.tmp' to 'C:/Users/gosus/Documents/CP-School/SeniorProject/gitRepos/Senior-Project-CPP-Testground/HSPGame/Content/Blueprints/BP_EnemySlime.uasset'
[2019.02.18-03.09.38:181][586]BlueprintLog: New page: Compile BP_EnemySlime
[2019.02.18-03.09.43:487][127]Candidate modules for hot reload:
[2019.02.18-03.09.43:487][127]  HSPGame
[2019.02.18-03.09.43:487][127]Launching UnrealBuildTool... [G:/Games/Epic/Games/UE_4.21/Engine/Binaries/DotNET/UnrealBuildTool.exe  -ModuleWithSuffix=HSPGame,6603 Win64 Development -TargetType=Editor -Project="C:/Users/gosus/Documents/CP-School/SeniorProject/gitRepos/Senior-Project-CPP-Testground/HSPGame/HSPGame.uproject" -canskiplink "C:/Users/gosus/Documents/CP-School/SeniorProject/gitRepos/Senior-Project-CPP-Testground/HSPGame/HSPGame.uproject" ]
[2019.02.18-03.09.43:498][127]Warning: Starting HotReload took  0.0s.
[2019.02.18-03.09.46:950][490]CompilerResultsLog: New page: Compilation - Feb 17, 2019, 11:09:46 AM
[2019.02.18-03.09.46:950][490]CompilerResultsLog: Using 'git status' to determine working set for adaptive non-unity build (C:\Users\gosus\Documents\CP-School\SeniorProject\gitRepos\Senior-Project-CPP-Testground).
[2019.02.18-03.09.46:950][490]CompilerResultsLog: Compiling game modules for hot reload
[2019.02.18-03.09.46:950][490]CompilerResultsLog: Failed to delete file 'C:\Users\gosus\Documents\CP-School\SeniorProject\gitRepos\Senior-Project-CPP-Testground\HSPGame\Binaries\Win64\UE4Editor-HSPGame-5502.pdb'
[2019.02.18-03.09.46:951][490]CompilerResultsLog:     Exception: Access to the path 'C:\Users\gosus\Documents\CP-School\SeniorProject\gitRepos\Senior-Project-CPP-Testground\HSPGame\Binaries\Win64\UE4Editor-HSPGame-5502.pdb' is denied.
[2019.02.18-03.09.46:951][490]CompilerResultsLog: Attempting to retry...
[2019.02.18-03.09.46:951][490]CompilerResultsLog: Failed to delete file 'C:\Users\gosus\Documents\CP-School\SeniorProject\gitRepos\Senior-Project-CPP-Testground\HSPGame\Binaries\Win64\UE4Editor-HSPGame-5502.pdb'
[2019.02.18-03.09.46:951][490]CompilerResultsLog:     Exception: Access to the path 'C:\Users\gosus\Documents\CP-School\SeniorProject\gitRepos\Senior-Project-CPP-Testground\HSPGame\Binaries\Win64\UE4Editor-HSPGame-5502.pdb' is denied.
[2019.02.18-03.09.46:951][490]CompilerResultsLog: Attempting to retry...
[2019.02.18-03.09.46:951][490]CompilerResultsLog: Failed to delete file 'C:\Users\gosus\Documents\CP-School\SeniorProject\gitRepos\Senior-Project-CPP-Testground\HSPGame\Binaries\Win64\UE4Editor-HSPGame-5502.pdb'
[2019.02.18-03.09.46:951][490]CompilerResultsLog:     Exception: Access to the path 'C:\Users\gosus\Documents\CP-School\SeniorProject\gitRepos\Senior-Project-CPP-Testground\HSPGame\Binaries\Win64\UE4Editor-HSPGame-5502.pdb' is denied.
[2019.02.18-03.09.46:951][490]CompilerResultsLog: ERROR: Exhausted all retries!
[2019.02.18-03.09.46:951][490]CompilerResultsLog: Target is up to date
[2019.02.18-03.09.46:951][490]CompilerResultsLog: Total build time: 3.23 seconds (NoActionsToExecute executor: 0.00 seconds)
[2019.02.18-03.09.46:952][490]LogMainFrame: MainFrame: Module compiling took 3.468 seconds
[2019.02.18-03.09.47:194][490]LogContentBrowser: Native class hierarchy populated in 0.0069 seconds. Added 2657 classes and 624 folders.
[2019.02.18-03.09.47:194][490]Display: HotReload took  3.7s.
[2019.02.18-03.09.47:853][565]LogTemp: Repeating last play command: Selected Viewport
[2019.02.18-03.09.47:873][565]LogBlueprintUserMessages: Early PlayInEditor Detection: Level '/Game/StarterContent/Maps/Minimal_Default.Minimal_Default:PersistentLevel' has LevelScriptBlueprint '/Game/StarterContent/Maps/Minimal_Default.Minimal_Default:PersistentLevel.Minimal_Default' with GeneratedClass '/Game/StarterContent/Maps/Minimal_Default.Minimal_Default_C' with ClassGeneratedBy '/Game/StarterContent/Maps/Minimal_Default.Minimal_Default:PersistentLevel.Minimal_Default'
[2019.02.18-03.09.47:873][565]LogPlayLevel: PlayLevel: No blueprints needed recompiling
[2019.02.18-03.09.47:873][565]PIE: New page: PIE session: Minimal_Default (Feb 17, 2019, 11:09:47 AM)
[2019.02.18-03.09.47:873][565]LogPlayLevel: Creating play world package: /Game/StarterContent/Maps/UEDPIE_0_Minimal_Default
[2019.02.18-03.09.47:908][565]LogPlayLevel: PIE: StaticDuplicateObject took: (0.036008s)
[2019.02.18-03.09.47:909][565]LogAIModule: Creating AISystem for world Minimal_Default
[2019.02.18-03.09.47:909][565]LogPlayLevel: PIE: World Init took: (0.000818s)
[2019.02.18-03.09.47:909][565]LogPlayLevel: PIE: Created PIE world by copying editor world from /Game/StarterContent/Maps/Minimal_Default.Minimal_Default to /Game/StarterContent/Maps/UEDPIE_0_Minimal_Default.Minimal_Default (0.037198s)
[2019.02.18-03.09.48:004][565]LogInit: XAudio2 using 'Speakers (Realtek(R) Audio)' : 2 channels at 48 kHz using 32 bits per sample (channel mask 0x3)
[2019.02.18-03.09.48:021][565]LogInit: FAudioDevice initialized.
[2019.02.18-03.09.48:055][565]LogLoad: Game class is 'BP_HSPGameGameModeBase_C'
[2019.02.18-03.09.48:061][565]LogWorld: Bringing World /Game/StarterContent/Maps/UEDPIE_0_Minimal_Default.Minimal_Default up for play (max tick rate 0) at 2019.02.17-19.09.48
[2019.02.18-03.09.48:062][565]LogWorld: Bringing up level for play took: 0.006371
[2019.02.18-03.09.48:076][565]PIE: Play in editor start time for /Game/StarterContent/Maps/UEDPIE_0_Minimal_Default 0.922
[2019.02.18-03.09.48:077][565]LogBlueprintUserMessages: Late PlayInEditor Detection: Level '/Game/StarterContent/Maps/Minimal_Default.Minimal_Default:PersistentLevel' has LevelScriptBlueprint '/Game/StarterContent/Maps/Minimal_Default.Minimal_Default:PersistentLevel.Minimal_Default' with GeneratedClass '/Game/StarterContent/Maps/Minimal_Default.Minimal_Default_C' with ClassGeneratedBy '/Game/StarterContent/Maps/Minimal_Default.Minimal_Default:PersistentLevel.Minimal_Default'
[2019.02.18-03.10.04:693][448]LogSlate: FSceneViewport::OnFocusLost() reason 0
[2019.02.18-03.10.04:763][456]LogBlueprintUserMessages: Early EndPlayMap Detection: Level '/Game/StarterContent/Maps/Minimal_Default.Minimal_Default:PersistentLevel' has LevelScriptBlueprint '/Game/StarterContent/Maps/Minimal_Default.Minimal_Default:PersistentLevel.Minimal_Default' with GeneratedClass '/Game/StarterContent/Maps/Minimal_Default.Minimal_Default_C' with ClassGeneratedBy '/Game/StarterContent/Maps/Minimal_Default.Minimal_Default:PersistentLevel.Minimal_Default'
[2019.02.18-03.10.04:763][456]LogSlate: Updating window title bar state: overlay mode, drag disabled, window buttons hidden, title bar hidden
[2019.02.18-03.10.04:807][456]LogPlayLevel: Display: Shutting down PIE online subsystems
[2019.02.18-03.10.04:808][456]LogBlueprintUserMessages: Late EndPlayMap Detection: Level '/Game/StarterContent/Maps/Minimal_Default.Minimal_Default:PersistentLevel' has LevelScriptBlueprint '/Game/StarterContent/Maps/Minimal_Default.Minimal_Default:PersistentLevel.Minimal_Default' with GeneratedClass '/Game/StarterContent/Maps/Minimal_Default.Minimal_Default_C' with ClassGeneratedBy '/Game/StarterContent/Maps/Minimal_Default.Minimal_Default:PersistentLevel.Minimal_Default'
[2019.02.18-03.10.04:840][456]LogSlate: Updating window title bar state: overlay mode, drag disabled, window buttons hidden, title bar hidden
[2019.02.18-03.10.04:900][457]LogPlayLevel: Display: Destroying online subsystem :Context_4
