Log file open, 02/13/19 16:57:17
LogWindows: Failed to load 'aqProf.dll' (GetLastError=126)
LogWindows: File 'aqProf.dll' does not exist
LogWindows: Failed to load 'VtuneApi.dll' (GetLastError=126)
LogWindows: File 'VtuneApi.dll' does not exist
LogWindows: Failed to load 'VtuneApi32e.dll' (GetLastError=126)
LogWindows: File 'VtuneApi32e.dll' does not exist
LogConsoleResponse: Display: Failed to find resolution value strings in scalability ini. Falling back to default.
LogInit: Display: Running engine for game: HSPGame
LogPakFile: Registered encryption key '00000000000000000000000000000000': 0 pak files mounted, 0 remain pending
LogPlatformFile: Not using cached read wrapper
LogTaskGraph: Started task graph with 5 named threads and 35 total threads with 3 sets of task threads.
LogStats: Stats thread started at 0.658470
LogD3D11RHI: Loaded GFSDK_Aftermath_Lib.x64.dll
LogICUInternationalization: ICU TimeZone Detection - Raw Offset: -8:00, Platform Override: ''
LogPluginManager: Mounting plugin Paper2D
LogPluginManager: Mounting plugin AISupport
LogPluginManager: Mounting plugin LightPropagationVolume
LogPluginManager: Mounting plugin ActorLayerUtilities
LogPluginManager: Mounting plugin CLionSourceCodeAccess
LogPluginManager: Mounting plugin CodeLiteSourceCodeAccess
LogPluginManager: Mounting plugin GitSourceControl
LogPluginManager: Mounting plugin KDevelopSourceCodeAccess
LogPluginManager: Mounting plugin NullSourceCodeAccess
LogPluginManager: Mounting plugin PerforceSourceControl
LogPluginManager: Mounting plugin SubversionSourceControl
LogPluginManager: Mounting plugin UObjectPlugin
LogPluginManager: Mounting plugin VisualStudioCodeSourceCodeAccess
LogPluginManager: Mounting plugin VisualStudioSourceCodeAccess
LogPluginManager: Mounting plugin XCodeSourceCodeAccess
LogPluginManager: Mounting plugin AssetManagerEditor
LogPluginManager: Mounting plugin CryptoKeys
LogPluginManager: Mounting plugin DataValidation
LogPluginManager: Mounting plugin FacialAnimation
LogPluginManager: Mounting plugin GameplayTagsEditor
LogPluginManager: Mounting plugin MacGraphicsSwitching
LogPluginManager: Mounting plugin MeshEditor
LogPluginManager: Mounting plugin MobileLauncherProfileWizard
LogPluginManager: Mounting plugin PluginBrowser
LogPluginManager: Mounting plugin SpeedTreeImporter
LogPluginManager: Mounting plugin DatasmithContent
LogPluginManager: Mounting plugin VariantManagerContent
LogPluginManager: Mounting plugin AlembicImporter
LogPluginManager: Mounting plugin AppleImageUtils
LogPluginManager: Mounting plugin AppleVision
LogPluginManager: Mounting plugin BackChannel
LogPluginManager: Mounting plugin CharacterAI
LogPluginManager: Mounting plugin GeometryCache
LogPluginManager: Mounting plugin HTML5Networking
LogPluginManager: Mounting plugin ProxyLODPlugin
LogPluginManager: Mounting plugin MagicLeap
LogPluginManager: Mounting plugin MagicLeapMedia
LogPluginManager: Mounting plugin AndroidMedia
LogPluginManager: Mounting plugin AvfMedia
LogPluginManager: Mounting plugin ImgMedia
LogPluginManager: Mounting plugin LinearTimecode
LogPluginManager: Mounting plugin MediaCompositing
LogPluginManager: Mounting plugin MediaPlayerEditor
LogPluginManager: Mounting plugin WebMMedia
LogPluginManager: Mounting plugin WmfMedia
LogPluginManager: Mounting plugin TcpMessaging
LogPluginManager: Mounting plugin UdpMessaging
LogPluginManager: Mounting plugin ActorSequence
LogPluginManager: Mounting plugin LevelSequenceEditor
LogPluginManager: Mounting plugin MatineeToLevelSequence
LogPluginManager: Mounting plugin NetcodeUnitTest
LogPluginManager: Mounting plugin NUTUnrealEngine4
LogPluginManager: Mounting plugin OnlineSubsystemGooglePlay
LogPluginManager: Mounting plugin OnlineSubsystemIOS
LogPluginManager: Mounting plugin OnlineSubsystem
LogPluginManager: Mounting plugin OnlineSubsystemNull
LogPluginManager: Mounting plugin OnlineSubsystemUtils
LogPluginManager: Mounting plugin LauncherChunkInstaller
LogPluginManager: Mounting plugin AndroidDeviceProfileSelector
LogPluginManager: Mounting plugin AndroidMoviePlayer
LogPluginManager: Mounting plugin AndroidPermission
LogPluginManager: Mounting plugin AppleMoviePlayer
LogPluginManager: Mounting plugin ArchVisCharacter
LogPluginManager: Mounting plugin AudioCapture
LogPluginManager: Mounting plugin CableComponent
LogPluginManager: Mounting plugin CustomMeshComponent
LogPluginManager: Mounting plugin EditableMesh
LogPluginManager: Mounting plugin ExampleDeviceProfileSelector
LogPluginManager: Mounting plugin Firebase
LogPluginManager: Mounting plugin GoogleCloudMessaging
LogPluginManager: Mounting plugin IOSDeviceProfileSelector
LogPluginManager: Mounting plugin LinuxDeviceProfileSelector
LogPluginManager: Mounting plugin LocationServicesBPLibrary
LogPluginManager: Mounting plugin MobilePatchingUtils
LogPluginManager: Mounting plugin OculusVR
LogPluginManager: Mounting plugin PhysXVehicles
LogPluginManager: Mounting plugin ProceduralMeshComponent
LogPluginManager: Mounting plugin RuntimePhysXCooking
LogPluginManager: Mounting plugin SteamVR
LogPluginManager: Mounting plugin WebMMoviePlayer
LogPluginManager: Mounting plugin WindowsMoviePlayer
LogStreaming: Display: Took  0.224s to configure plugins.
LogInit: Using libcurl 7.55.1-DEV
LogInit:  - built for x86_64-pc-win32
LogInit:  - supports SSL with OpenSSL/1.0.2h
LogInit:  - supports HTTP deflate (compression) using libz 1.2.8
LogInit:  - other features:
LogInit:      CURL_VERSION_SSL
LogInit:      CURL_VERSION_LIBZ
LogInit:      CURL_VERSION_IPV6
LogInit:      CURL_VERSION_ASYNCHDNS
LogInit:      CURL_VERSION_LARGEFILE
LogInit:      CURL_VERSION_IDN
LogInit:  CurlRequestOptions (configurable via config and command line):
LogInit:  - bVerifyPeer = true  - Libcurl will verify peer certificate
LogInit:  - bUseHttpProxy = false  - Libcurl will NOT use HTTP proxy
LogInit:  - bDontReuseConnections = false  - Libcurl will reuse connections
LogInit:  - MaxHostConnections = 16  - Libcurl will limit the number of connections to a host
LogInit:  - LocalHostAddr = Default
LogInit:  - BufferSize = 65536
LogInit: WinSock: version 1.1 (2.2), MaxSocks=32767, MaxUdp=65467
LogInit: Build: ++UE4+Release-4.21-CL-4753647
LogInit: Engine Version: 4.21.2-4753647+++UE4+Release-4.21
LogInit: Compatible Engine Version: 4.21.0-4541578+++UE4+Release-4.21
LogInit: Net CL: 4541578
LogInit: OS: Windows 10 (), CPU: Intel(R) Core(TM) i7-8750H CPU @ 2.20GHz, GPU: Intel(R) UHD Graphics 630
LogInit: Compiled (64-bit): Jan 19 2019 02:07:31
LogInit: Compiled with Visual C++: 19.13.26129.00
LogInit: Build Configuration: Development
LogInit: Branch Name: ++UE4+Release-4.21
LogInit: Command Line:  -skipcompile
LogInit: Base Directory: C:/Program Files/Epic Games/UE_4.21/Engine/Binaries/Win64/
LogInit: Installed Engine Build: 1
LogDevObjectVersion: Number of dev versions registered: 22
LogDevObjectVersion:   Dev-Blueprints (B0D832E4-1F89-4F0D-ACCF-7EB736FD4AA2): 10
LogDevObjectVersion:   Dev-Build (E1C64328-A22C-4D53-A36C-8E866417BD8C): 0
LogDevObjectVersion:   Dev-Core (375EC13C-06E4-48FB-B500-84F0262A717E): 2
LogDevObjectVersion:   Dev-Editor (E4B068ED-F494-42E9-A231-DA0B2E46BB41): 26
LogDevObjectVersion:   Dev-Framework (CFFC743F-43B0-4480-9391-14DF171D2073): 34
LogDevObjectVersion:   Dev-Mobile (B02B49B5-BB20-44E9-A304-32B752E40360): 2
LogDevObjectVersion:   Dev-Networking (A4E4105C-59A1-49B5-A7C5-40C4547EDFEE): 0
LogDevObjectVersion:   Dev-Online (39C831C9-5AE6-47DC-9A44-9C173E1C8E7C): 0
LogDevObjectVersion:   Dev-Physics (78F01B33-EBEA-4F98-B9B4-84EACCB95AA2): 0
LogDevObjectVersion:   Dev-Platform (6631380F-2D4D-43E0-8009-CF276956A95A): 0
LogDevObjectVersion:   Dev-Rendering (12F88B9F-8875-4AFC-A67C-D90C383ABD29): 27
LogDevObjectVersion:   Dev-Sequencer (7B5AE74C-D270-4C10-A958-57980B212A5A): 9
LogDevObjectVersion:   Dev-VR (D7296918-1DD6-4BDD-9DE2-64A83CC13884): 2
LogDevObjectVersion:   Dev-LoadTimes (C2A15278-BFE7-4AFE-6C17-90FF531DF755): 1
LogDevObjectVersion:   Private-Geometry (6EACA3D4-40EC-4CC1-B786-8BED09428FC5): 3
LogDevObjectVersion:   Dev-AnimPhys (29E575DD-E0A3-4627-9D10-D276232CDCEA): 17
LogDevObjectVersion:   Dev-Anim (AF43A65D-7FD3-4947-9873-3E8ED9C1BB05): 2
LogDevObjectVersion:   Dev-ReflectionCapture (6B266CEC-1EC7-4B8F-A30B-E4D90942FC07): 1
LogDevObjectVersion:   Dev-Automation (0DF73D61-A23F-47EA-B727-89E90C41499A): 1
LogDevObjectVersion:   FortniteMain (601D1886-AC64-4F84-AA16-D3DE0DEAC7D6): 17
LogDevObjectVersion:   Dev-Enterprise (9DFFBCD6-494F-0158-E221-12823C92A888): 4
LogDevObjectVersion:   Dev-Niagara (F2AED0AC-9AFE-416F-8664-AA7FFA26D6FC): 1
LogStreaming: Display: Took  0.005s to delete old logs.
LogInit: Presizing for max 8388607 objects, including 0 objects not considered by GC, pre-allocating 0 bytes for permanent pool.
LogInit: Object subsystem initialized
LogConfig: Setting CVar [[con.DebugEarlyDefault:1]]
LogConfig: Setting CVar [[r.setres:1280x720]]
[2019.02.14-00.57.18:276][  0]LogConfig: Setting CVar [[r.VSync:0]]
[2019.02.14-00.57.18:276][  0]LogConfig: Setting CVar [[r.RHICmdBypass:0]]
[2019.02.14-00.57.18:276][  0]LogConfig: Applying CVar settings from Section [/Script/Engine.RendererSettings] File [C:/Users/Connor/Documents/CP-School/Senior Project/GitRepos/Senior-Project-Prototype3/HSPGame/Saved/Config/Windows/Engine.ini]
[2019.02.14-00.57.18:276][  0]LogConfig: Setting CVar [[r.GPUCrashDebugging:0]]
[2019.02.14-00.57.18:276][  0]LogConfig: Applying CVar settings from Section [/Script/Engine.RendererOverrideSettings] File [C:/Users/Connor/Documents/CP-School/Senior Project/GitRepos/Senior-Project-Prototype3/HSPGame/Saved/Config/Windows/Engine.ini]
[2019.02.14-00.57.18:276][  0]LogConfig: Applying CVar settings from Section [/Script/Engine.StreamingSettings] File [C:/Users/Connor/Documents/CP-School/Senior Project/GitRepos/Senior-Project-Prototype3/HSPGame/Saved/Config/Windows/Engine.ini]
[2019.02.14-00.57.18:276][  0]LogConfig: Setting CVar [[s.MinBulkDataSizeForAsyncLoading:131072]]
[2019.02.14-00.57.18:276][  0]LogConfig: Setting CVar [[s.AsyncLoadingThreadEnabled:0]]
[2019.02.14-00.57.18:276][  0]LogConfig: Setting CVar [[s.EventDrivenLoaderEnabled:1]]
[2019.02.14-00.57.18:276][  0]LogConfig: Setting CVar [[s.WarnIfTimeLimitExceeded:0]]
[2019.02.14-00.57.18:276][  0]LogConfig: Setting CVar [[s.TimeLimitExceededMultiplier:1.5]]
[2019.02.14-00.57.18:276][  0]LogConfig: Setting CVar [[s.TimeLimitExceededMinTime:0.005]]
[2019.02.14-00.57.18:276][  0]LogConfig: Setting CVar [[s.UseBackgroundLevelStreaming:1]]
[2019.02.14-00.57.18:276][  0]LogConfig: Setting CVar [[s.PriorityAsyncLoadingExtraTime:15.0]]
[2019.02.14-00.57.18:276][  0]LogConfig: Setting CVar [[s.LevelStreamingActorsUpdateTimeLimit:5.0]]
[2019.02.14-00.57.18:276][  0]LogConfig: Setting CVar [[s.PriorityLevelStreamingActorsUpdateExtraTime:5.0]]
[2019.02.14-00.57.18:276][  0]LogConfig: Setting CVar [[s.LevelStreamingComponentsRegistrationGranularity:10]]
[2019.02.14-00.57.18:276][  0]LogConfig: Setting CVar [[s.UnregisterComponentsTimeLimit:1.0]]
[2019.02.14-00.57.18:276][  0]LogConfig: Setting CVar [[s.LevelStreamingComponentsUnregistrationGranularity:5]]
[2019.02.14-00.57.18:276][  0]LogConfig: Applying CVar settings from Section [/Script/Engine.GarbageCollectionSettings] File [C:/Users/Connor/Documents/CP-School/Senior Project/GitRepos/Senior-Project-Prototype3/HSPGame/Saved/Config/Windows/Engine.ini]
[2019.02.14-00.57.18:277][  0]LogConfig: Setting CVar [[gc.MaxObjectsNotConsideredByGC:1]]
[2019.02.14-00.57.18:277][  0]LogConfig: Setting CVar [[gc.SizeOfPermanentObjectPool:0]]
[2019.02.14-00.57.18:277][  0]LogConfig: Setting CVar [[gc.FlushStreamingOnGC:0]]
[2019.02.14-00.57.18:277][  0]LogConfig: Setting CVar [[gc.NumRetriesBeforeForcingGC:10]]
[2019.02.14-00.57.18:277][  0]LogConfig: Setting CVar [[gc.AllowParallelGC:1]]
[2019.02.14-00.57.18:277][  0]LogConfig: Setting CVar [[gc.TimeBetweenPurgingPendingKillObjects:61.1]]
[2019.02.14-00.57.18:277][  0]LogConfig: Setting CVar [[gc.MaxObjectsInEditor:8388607]]
[2019.02.14-00.57.18:277][  0]LogConfig: Setting CVar [[gc.IncrementalBeginDestroyEnabled:1]]
[2019.02.14-00.57.18:277][  0]LogConfig: Setting CVar [[gc.CreateGCClusters:1]]
[2019.02.14-00.57.18:277][  0]LogConfig: Setting CVar [[gc.MergeGCClusters:0]]
[2019.02.14-00.57.18:277][  0]LogConfig: Setting CVar [[gc.MinGCClusterSize:5]]
[2019.02.14-00.57.18:277][  0]LogConfig: Setting CVar [[gc.ActorClusteringEnabled:0]]
[2019.02.14-00.57.18:277][  0]LogConfig: Setting CVar [[gc.BlueprintClusteringEnabled:0]]
[2019.02.14-00.57.18:277][  0]LogConfig: Setting CVar [[gc.UseDisregardForGCOnDedicatedServers:0]]
[2019.02.14-00.57.18:277][  0]LogConfig: Applying CVar settings from Section [/Script/Engine.NetworkSettings] File [C:/Users/Connor/Documents/CP-School/Senior Project/GitRepos/Senior-Project-Prototype3/HSPGame/Saved/Config/Windows/Engine.ini]
[2019.02.14-00.57.18:277][  0]LogConfig: Applying CVar settings from Section [/Script/UnrealEd.CookerSettings] File [C:/Users/Connor/Documents/CP-School/Senior Project/GitRepos/Senior-Project-Prototype3/HSPGame/Saved/Config/Windows/Engine.ini]
[2019.02.14-00.57.18:282][  0]LogConfig: Applying CVar settings from Section [ViewDistanceQuality@3] File [C:/Users/Connor/Documents/CP-School/Senior Project/GitRepos/Senior-Project-Prototype3/HSPGame/Saved/Config/Windows/Scalability.ini]
[2019.02.14-00.57.18:282][  0]LogConfig: Setting CVar [[r.SkeletalMeshLODBias:0]]
[2019.02.14-00.57.18:282][  0]LogConfig: Setting CVar [[r.ViewDistanceScale:1.0]]
[2019.02.14-00.57.18:282][  0]LogConfig: Applying CVar settings from Section [AntiAliasingQuality@3] File [C:/Users/Connor/Documents/CP-School/Senior Project/GitRepos/Senior-Project-Prototype3/HSPGame/Saved/Config/Windows/Scalability.ini]
[2019.02.14-00.57.18:283][  0]LogConfig: Setting CVar [[r.PostProcessAAQuality:4]]
[2019.02.14-00.57.18:283][  0]LogConfig: Applying CVar settings from Section [ShadowQuality@3] File [C:/Users/Connor/Documents/CP-School/Senior Project/GitRepos/Senior-Project-Prototype3/HSPGame/Saved/Config/Windows/Scalability.ini]
[2019.02.14-00.57.18:283][  0]LogConfig: Setting CVar [[r.LightFunctionQuality:1]]
[2019.02.14-00.57.18:283][  0]LogConfig: Setting CVar [[r.ShadowQuality:5]]
[2019.02.14-00.57.18:283][  0]LogConfig: Setting CVar [[r.Shadow.CSM.MaxCascades:10]]
[2019.02.14-00.57.18:283][  0]LogConfig: Setting CVar [[r.Shadow.MaxResolution:2048]]
[2019.02.14-00.57.18:283][  0]LogConfig: Setting CVar [[r.Shadow.MaxCSMResolution:2048]]
[2019.02.14-00.57.18:283][  0]LogConfig: Setting CVar [[r.Shadow.RadiusThreshold:0.01]]
[2019.02.14-00.57.18:283][  0]LogConfig: Setting CVar [[r.Shadow.DistanceScale:1.0]]
[2019.02.14-00.57.18:283][  0]LogConfig: Setting CVar [[r.Shadow.CSM.TransitionScale:1.0]]
[2019.02.14-00.57.18:283][  0]LogConfig: Setting CVar [[r.Shadow.PreShadowResolutionFactor:1.0]]
[2019.02.14-00.57.18:283][  0]LogConfig: Setting CVar [[r.DistanceFieldShadowing:1]]
[2019.02.14-00.57.18:283][  0]LogConfig: Setting CVar [[r.DistanceFieldAO:1]]
[2019.02.14-00.57.18:283][  0]LogConfig: Setting CVar [[r.AOQuality:2]]
[2019.02.14-00.57.18:283][  0]LogConfig: Setting CVar [[r.VolumetricFog:1]]
[2019.02.14-00.57.18:283][  0]LogConfig: Setting CVar [[r.VolumetricFog.GridPixelSize:8]]
[2019.02.14-00.57.18:283][  0]LogConfig: Setting CVar [[r.VolumetricFog.GridSizeZ:128]]
[2019.02.14-00.57.18:283][  0]LogConfig: Setting CVar [[r.VolumetricFog.HistoryMissSupersampleCount:4]]
[2019.02.14-00.57.18:283][  0]LogConfig: Setting CVar [[r.LightMaxDrawDistanceScale:1]]
[2019.02.14-00.57.18:283][  0]LogConfig: Setting CVar [[r.CapsuleShadows:1]]
[2019.02.14-00.57.18:283][  0]LogConfig: Applying CVar settings from Section [PostProcessQuality@3] File [C:/Users/Connor/Documents/CP-School/Senior Project/GitRepos/Senior-Project-Prototype3/HSPGame/Saved/Config/Windows/Scalability.ini]
[2019.02.14-00.57.18:284][  0]LogConfig: Setting CVar [[r.MotionBlurQuality:4]]
[2019.02.14-00.57.18:284][  0]LogConfig: Setting CVar [[r.AmbientOcclusionMipLevelFactor:0.4]]
[2019.02.14-00.57.18:284][  0]LogConfig: Setting CVar [[r.AmbientOcclusionMaxQuality:100]]
[2019.02.14-00.57.18:284][  0]LogConfig: Setting CVar [[r.AmbientOcclusionLevels:-1]]
[2019.02.14-00.57.18:284][  0]LogConfig: Setting CVar [[r.AmbientOcclusionRadiusScale:1.0]]
[2019.02.14-00.57.18:284][  0]LogConfig: Setting CVar [[r.DepthOfFieldQuality:2]]
[2019.02.14-00.57.18:284][  0]LogConfig: Setting CVar [[r.RenderTargetPoolMin:400]]
[2019.02.14-00.57.18:284][  0]LogConfig: Setting CVar [[r.LensFlareQuality:2]]
[2019.02.14-00.57.18:284][  0]LogConfig: Setting CVar [[r.SceneColorFringeQuality:1]]
[2019.02.14-00.57.18:284][  0]LogConfig: Setting CVar [[r.EyeAdaptationQuality:2]]
[2019.02.14-00.57.18:284][  0]LogConfig: Setting CVar [[r.BloomQuality:5]]
[2019.02.14-00.57.18:284][  0]LogConfig: Setting CVar [[r.FastBlurThreshold:100]]
[2019.02.14-00.57.18:284][  0]LogConfig: Setting CVar [[r.Upscale.Quality:3]]
[2019.02.14-00.57.18:284][  0]LogConfig: Setting CVar [[r.Tonemapper.GrainQuantization:1]]
[2019.02.14-00.57.18:284][  0]LogConfig: Setting CVar [[r.LightShaftQuality:1]]
[2019.02.14-00.57.18:284][  0]LogConfig: Setting CVar [[r.Filter.SizeScale:1]]
[2019.02.14-00.57.18:284][  0]LogConfig: Setting CVar [[r.Tonemapper.Quality:5]]
[2019.02.14-00.57.18:284][  0]LogConfig: Setting CVar [[r.DOF.Gather.AccumulatorQuality:1        ; higher gathering accumulator quality]]
[2019.02.14-00.57.18:284][  0]LogConfig: Setting CVar [[r.DOF.Gather.PostfilterMethod:1          ; Median3x3 postfilering method]]
[2019.02.14-00.57.18:284][  0]LogConfig: Setting CVar [[r.DOF.Gather.EnableBokehSettings:0       ; no bokeh simulation when gathering]]
[2019.02.14-00.57.18:284][  0]LogConfig: Setting CVar [[r.DOF.Gather.RingCount:4                 ; medium number of samples when gathering]]
[2019.02.14-00.57.18:284][  0]LogConfig: Setting CVar [[r.DOF.Scatter.ForegroundCompositing:1    ; additive foreground scattering]]
[2019.02.14-00.57.18:285][  0]LogConfig: Setting CVar [[r.DOF.Scatter.BackgroundCompositing:2    ; additive background scattering]]
[2019.02.14-00.57.18:285][  0]LogConfig: Setting CVar [[r.DOF.Scatter.EnableBokehSettings:1      ; bokeh simulation when scattering]]
[2019.02.14-00.57.18:285][  0]LogConfig: Setting CVar [[r.DOF.Scatter.MaxSpriteRatio:0.1         ; only a maximum of 10% of scattered bokeh]]
[2019.02.14-00.57.18:285][  0]LogConfig: Setting CVar [[r.DOF.Recombine.Quality:1                ; cheap slight out of focus]]
[2019.02.14-00.57.18:285][  0]LogConfig: Setting CVar [[r.DOF.Recombine.EnableBokehSettings:0    ; no bokeh simulation on slight out of focus]]
[2019.02.14-00.57.18:285][  0]LogConfig: Setting CVar [[r.DOF.TemporalAAQuality:1                ; more stable temporal accumulation]]
[2019.02.14-00.57.18:285][  0]LogConfig: Setting CVar [[r.DOF.Kernel.MaxForegroundRadius:0.025]]
[2019.02.14-00.57.18:285][  0]LogConfig: Setting CVar [[r.DOF.Kernel.MaxBackgroundRadius:0.025]]
[2019.02.14-00.57.18:285][  0]LogConfig: Applying CVar settings from Section [TextureQuality@3] File [C:/Users/Connor/Documents/CP-School/Senior Project/GitRepos/Senior-Project-Prototype3/HSPGame/Saved/Config/Windows/Scalability.ini]
[2019.02.14-00.57.18:285][  0]LogConfig: Setting CVar [[r.Streaming.MipBias:0]]
[2019.02.14-00.57.18:285][  0]LogConfig: Setting CVar [[r.Streaming.AmortizeCPUToGPUCopy:0]]
[2019.02.14-00.57.18:285][  0]LogConfig: Setting CVar [[r.Streaming.MaxNumTexturesToStreamPerFrame:0]]
[2019.02.14-00.57.18:285][  0]LogConfig: Setting CVar [[r.Streaming.Boost:1]]
[2019.02.14-00.57.18:285][  0]LogConfig: Setting CVar [[r.MaxAnisotropy:8]]
[2019.02.14-00.57.18:285][  0]LogConfig: Setting CVar [[r.Streaming.LimitPoolSizeToVRAM:0]]
[2019.02.14-00.57.18:285][  0]LogConfig: Setting CVar [[r.Streaming.PoolSize:1000]]
[2019.02.14-00.57.18:285][  0]LogConfig: Setting CVar [[r.Streaming.MaxEffectiveScreenSize:0]]
[2019.02.14-00.57.18:285][  0]LogConfig: Applying CVar settings from Section [EffectsQuality@3] File [C:/Users/Connor/Documents/CP-School/Senior Project/GitRepos/Senior-Project-Prototype3/HSPGame/Saved/Config/Windows/Scalability.ini]
[2019.02.14-00.57.18:285][  0]LogConfig: Setting CVar [[r.TranslucencyLightingVolumeDim:64]]
[2019.02.14-00.57.18:285][  0]LogConfig: Setting CVar [[r.RefractionQuality:2]]
[2019.02.14-00.57.18:285][  0]LogConfig: Setting CVar [[r.SSR.Quality:3]]
[2019.02.14-00.57.18:286][  0]LogConfig: Setting CVar [[r.SceneColorFormat:4]]
[2019.02.14-00.57.18:286][  0]LogConfig: Setting CVar [[r.DetailMode:2]]
[2019.02.14-00.57.18:286][  0]LogConfig: Setting CVar [[r.TranslucencyVolumeBlur:1]]
[2019.02.14-00.57.18:286][  0]LogConfig: Setting CVar [[r.MaterialQualityLevel:1 ; High quality]]
[2019.02.14-00.57.18:286][  0]LogConfig: Setting CVar [[r.SSS.Scale:1]]
[2019.02.14-00.57.18:286][  0]LogConfig: Setting CVar [[r.SSS.SampleSet:2]]
[2019.02.14-00.57.18:286][  0]LogConfig: Setting CVar [[r.SSS.Quality:1]]
[2019.02.14-00.57.18:286][  0]LogConfig: Setting CVar [[r.SSS.HalfRes:1]]
[2019.02.14-00.57.18:286][  0]LogConfig: Setting CVar [[r.EmitterSpawnRateScale:1.0]]
[2019.02.14-00.57.18:286][  0]LogConfig: Setting CVar [[r.ParticleLightQuality:2]]
[2019.02.14-00.57.18:286][  0]LogConfig: Applying CVar settings from Section [FoliageQuality@3] File [C:/Users/Connor/Documents/CP-School/Senior Project/GitRepos/Senior-Project-Prototype3/HSPGame/Saved/Config/Windows/Scalability.ini]
[2019.02.14-00.57.18:286][  0]LogConfig: Setting CVar [[foliage.DensityScale:1.0]]
[2019.02.14-00.57.18:286][  0]LogConfig: Setting CVar [[grass.DensityScale:1.0]]
[2019.02.14-00.57.18:286][  0]LogInit: Selected Device Profile: [Windows]
[2019.02.14-00.57.18:286][  0]LogInit: Applying CVar settings loaded from the selected device profile: [Windows]
[2019.02.14-00.57.18:299][  0]LogHAL: Display: Platform has ~ 16 GB [17015799808 / 17179869184 / 16], which maps to Larger [LargestMinGB=32, LargerMinGB=12, DefaultMinGB=8, SmallerMinGB=6, SmallestMinGB=0)
[2019.02.14-00.57.18:299][  0]LogConfig: Setting CVar [[r.Vulkan.UseRealUBs:1]]
[2019.02.14-00.57.18:300][  0]LogInit: Going up to parent DeviceProfile []
[2019.02.14-00.57.18:300][  0]LogConfig: Applying CVar settings from Section [ViewDistanceQuality@3] File [C:/Users/Connor/Documents/CP-School/Senior Project/GitRepos/Senior-Project-Prototype3/HSPGame/Saved/Config/Windows/Scalability.ini]
[2019.02.14-00.57.18:300][  0]LogConfig: Setting CVar [[r.SkeletalMeshLODBias:0]]
[2019.02.14-00.57.18:300][  0]LogConfig: Setting CVar [[r.ViewDistanceScale:1.0]]
[2019.02.14-00.57.18:300][  0]LogConfig: Applying CVar settings from Section [AntiAliasingQuality@3] File [C:/Users/Connor/Documents/CP-School/Senior Project/GitRepos/Senior-Project-Prototype3/HSPGame/Saved/Config/Windows/Scalability.ini]
[2019.02.14-00.57.18:300][  0]LogConfig: Setting CVar [[r.PostProcessAAQuality:4]]
[2019.02.14-00.57.18:300][  0]LogConfig: Applying CVar settings from Section [ShadowQuality@3] File [C:/Users/Connor/Documents/CP-School/Senior Project/GitRepos/Senior-Project-Prototype3/HSPGame/Saved/Config/Windows/Scalability.ini]
[2019.02.14-00.57.18:300][  0]LogConfig: Setting CVar [[r.LightFunctionQuality:1]]
[2019.02.14-00.57.18:300][  0]LogConfig: Setting CVar [[r.ShadowQuality:5]]
[2019.02.14-00.57.18:300][  0]LogConfig: Setting CVar [[r.Shadow.CSM.MaxCascades:10]]
[2019.02.14-00.57.18:300][  0]LogConfig: Setting CVar [[r.Shadow.MaxResolution:2048]]
[2019.02.14-00.57.18:301][  0]LogConfig: Setting CVar [[r.Shadow.MaxCSMResolution:2048]]
[2019.02.14-00.57.18:301][  0]LogConfig: Setting CVar [[r.Shadow.RadiusThreshold:0.01]]
[2019.02.14-00.57.18:301][  0]LogConfig: Setting CVar [[r.Shadow.DistanceScale:1.0]]
[2019.02.14-00.57.18:301][  0]LogConfig: Setting CVar [[r.Shadow.CSM.TransitionScale:1.0]]
[2019.02.14-00.57.18:301][  0]LogConfig: Setting CVar [[r.Shadow.PreShadowResolutionFactor:1.0]]
[2019.02.14-00.57.18:301][  0]LogConfig: Setting CVar [[r.DistanceFieldShadowing:1]]
[2019.02.14-00.57.18:301][  0]LogConfig: Setting CVar [[r.DistanceFieldAO:1]]
[2019.02.14-00.57.18:301][  0]LogConfig: Setting CVar [[r.AOQuality:2]]
[2019.02.14-00.57.18:301][  0]LogConfig: Setting CVar [[r.VolumetricFog:1]]
[2019.02.14-00.57.18:301][  0]LogConfig: Setting CVar [[r.VolumetricFog.GridPixelSize:8]]
[2019.02.14-00.57.18:301][  0]LogConfig: Setting CVar [[r.VolumetricFog.GridSizeZ:128]]
[2019.02.14-00.57.18:301][  0]LogConfig: Setting CVar [[r.VolumetricFog.HistoryMissSupersampleCount:4]]
[2019.02.14-00.57.18:301][  0]LogConfig: Setting CVar [[r.LightMaxDrawDistanceScale:1]]
[2019.02.14-00.57.18:301][  0]LogConfig: Setting CVar [[r.CapsuleShadows:1]]
[2019.02.14-00.57.18:301][  0]LogConfig: Applying CVar settings from Section [PostProcessQuality@3] File [C:/Users/Connor/Documents/CP-School/Senior Project/GitRepos/Senior-Project-Prototype3/HSPGame/Saved/Config/Windows/Scalability.ini]
[2019.02.14-00.57.18:301][  0]LogConfig: Setting CVar [[r.MotionBlurQuality:4]]
[2019.02.14-00.57.18:302][  0]LogConfig: Setting CVar [[r.AmbientOcclusionMipLevelFactor:0.4]]
[2019.02.14-00.57.18:302][  0]LogConfig: Setting CVar [[r.AmbientOcclusionMaxQuality:100]]
[2019.02.14-00.57.18:302][  0]LogConfig: Setting CVar [[r.AmbientOcclusionLevels:-1]]
[2019.02.14-00.57.18:302][  0]LogConfig: Setting CVar [[r.AmbientOcclusionRadiusScale:1.0]]
[2019.02.14-00.57.18:302][  0]LogConfig: Setting CVar [[r.DepthOfFieldQuality:2]]
[2019.02.14-00.57.18:302][  0]LogConfig: Setting CVar [[r.RenderTargetPoolMin:400]]
[2019.02.14-00.57.18:302][  0]LogConfig: Setting CVar [[r.LensFlareQuality:2]]
[2019.02.14-00.57.18:302][  0]LogConfig: Setting CVar [[r.SceneColorFringeQuality:1]]
[2019.02.14-00.57.18:302][  0]LogConfig: Setting CVar [[r.EyeAdaptationQuality:2]]
[2019.02.14-00.57.18:302][  0]LogConfig: Setting CVar [[r.BloomQuality:5]]
[2019.02.14-00.57.18:302][  0]LogConfig: Setting CVar [[r.FastBlurThreshold:100]]
[2019.02.14-00.57.18:302][  0]LogConfig: Setting CVar [[r.Upscale.Quality:3]]
[2019.02.14-00.57.18:302][  0]LogConfig: Setting CVar [[r.Tonemapper.GrainQuantization:1]]
[2019.02.14-00.57.18:302][  0]LogConfig: Setting CVar [[r.LightShaftQuality:1]]
[2019.02.14-00.57.18:302][  0]LogConfig: Setting CVar [[r.Filter.SizeScale:1]]
[2019.02.14-00.57.18:302][  0]LogConfig: Setting CVar [[r.Tonemapper.Quality:5]]
[2019.02.14-00.57.18:302][  0]LogConfig: Setting CVar [[r.DOF.Gather.AccumulatorQuality:1        ; higher gathering accumulator quality]]
[2019.02.14-00.57.18:302][  0]LogConfig: Setting CVar [[r.DOF.Gather.PostfilterMethod:1          ; Median3x3 postfilering method]]
[2019.02.14-00.57.18:302][  0]LogConfig: Setting CVar [[r.DOF.Gather.EnableBokehSettings:0       ; no bokeh simulation when gathering]]
[2019.02.14-00.57.18:302][  0]LogConfig: Setting CVar [[r.DOF.Gather.RingCount:4                 ; medium number of samples when gathering]]
[2019.02.14-00.57.18:302][  0]LogConfig: Setting CVar [[r.DOF.Scatter.ForegroundCompositing:1    ; additive foreground scattering]]
[2019.02.14-00.57.18:303][  0]LogConfig: Setting CVar [[r.DOF.Scatter.BackgroundCompositing:2    ; additive background scattering]]
[2019.02.14-00.57.18:303][  0]LogConfig: Setting CVar [[r.DOF.Scatter.EnableBokehSettings:1      ; bokeh simulation when scattering]]
[2019.02.14-00.57.18:303][  0]LogConfig: Setting CVar [[r.DOF.Scatter.MaxSpriteRatio:0.1         ; only a maximum of 10% of scattered bokeh]]
[2019.02.14-00.57.18:303][  0]LogConfig: Setting CVar [[r.DOF.Recombine.Quality:1                ; cheap slight out of focus]]
[2019.02.14-00.57.18:303][  0]LogConfig: Setting CVar [[r.DOF.Recombine.EnableBokehSettings:0    ; no bokeh simulation on slight out of focus]]
[2019.02.14-00.57.18:303][  0]LogConfig: Setting CVar [[r.DOF.TemporalAAQuality:1                ; more stable temporal accumulation]]
[2019.02.14-00.57.18:303][  0]LogConfig: Setting CVar [[r.DOF.Kernel.MaxForegroundRadius:0.025]]
[2019.02.14-00.57.18:303][  0]LogConfig: Setting CVar [[r.DOF.Kernel.MaxBackgroundRadius:0.025]]
[2019.02.14-00.57.18:303][  0]LogConfig: Applying CVar settings from Section [TextureQuality@3] File [C:/Users/Connor/Documents/CP-School/Senior Project/GitRepos/Senior-Project-Prototype3/HSPGame/Saved/Config/Windows/Scalability.ini]
[2019.02.14-00.57.18:303][  0]LogConfig: Setting CVar [[r.Streaming.MipBias:0]]
[2019.02.14-00.57.18:303][  0]LogConfig: Setting CVar [[r.Streaming.AmortizeCPUToGPUCopy:0]]
[2019.02.14-00.57.18:303][  0]LogConfig: Setting CVar [[r.Streaming.MaxNumTexturesToStreamPerFrame:0]]
[2019.02.14-00.57.18:303][  0]LogConfig: Setting CVar [[r.Streaming.Boost:1]]
[2019.02.14-00.57.18:303][  0]LogConfig: Setting CVar [[r.MaxAnisotropy:8]]
[2019.02.14-00.57.18:303][  0]LogConfig: Setting CVar [[r.Streaming.LimitPoolSizeToVRAM:0]]
[2019.02.14-00.57.18:303][  0]LogConfig: Setting CVar [[r.Streaming.PoolSize:1000]]
[2019.02.14-00.57.18:303][  0]LogConfig: Setting CVar [[r.Streaming.MaxEffectiveScreenSize:0]]
[2019.02.14-00.57.18:303][  0]LogConfig: Applying CVar settings from Section [EffectsQuality@3] File [C:/Users/Connor/Documents/CP-School/Senior Project/GitRepos/Senior-Project-Prototype3/HSPGame/Saved/Config/Windows/Scalability.ini]
[2019.02.14-00.57.18:303][  0]LogConfig: Setting CVar [[r.TranslucencyLightingVolumeDim:64]]
[2019.02.14-00.57.18:303][  0]LogConfig: Setting CVar [[r.RefractionQuality:2]]
[2019.02.14-00.57.18:303][  0]LogConfig: Setting CVar [[r.SSR.Quality:3]]
[2019.02.14-00.57.18:304][  0]LogConfig: Setting CVar [[r.SceneColorFormat:4]]
[2019.02.14-00.57.18:304][  0]LogConfig: Setting CVar [[r.DetailMode:2]]
[2019.02.14-00.57.18:304][  0]LogConfig: Setting CVar [[r.TranslucencyVolumeBlur:1]]
[2019.02.14-00.57.18:304][  0]LogConfig: Setting CVar [[r.MaterialQualityLevel:1 ; High quality]]
[2019.02.14-00.57.18:304][  0]LogConfig: Setting CVar [[r.SSS.Scale:1]]
[2019.02.14-00.57.18:304][  0]LogConfig: Setting CVar [[r.SSS.SampleSet:2]]
[2019.02.14-00.57.18:304][  0]LogConfig: Setting CVar [[r.SSS.Quality:1]]
[2019.02.14-00.57.18:304][  0]LogConfig: Setting CVar [[r.SSS.HalfRes:1]]
[2019.02.14-00.57.18:304][  0]LogConfig: Setting CVar [[r.EmitterSpawnRateScale:1.0]]
[2019.02.14-00.57.18:304][  0]LogConfig: Setting CVar [[r.ParticleLightQuality:2]]
[2019.02.14-00.57.18:304][  0]LogConfig: Applying CVar settings from Section [FoliageQuality@3] File [C:/Users/Connor/Documents/CP-School/Senior Project/GitRepos/Senior-Project-Prototype3/HSPGame/Saved/Config/Windows/Scalability.ini]
[2019.02.14-00.57.18:304][  0]LogConfig: Setting CVar [[foliage.DensityScale:1.0]]
[2019.02.14-00.57.18:304][  0]LogConfig: Setting CVar [[grass.DensityScale:1.0]]
[2019.02.14-00.57.18:304][  0]LogConfig: Applying CVar settings from Section [Startup] File [../../../Engine/Config/ConsoleVariables.ini]
[2019.02.14-00.57.18:304][  0]LogConfig: Setting CVar [[net.UseAdaptiveNetUpdateFrequency:0]]
[2019.02.14-00.57.18:304][  0]LogConfig: Applying CVar settings from Section [ConsoleVariables] File [C:/Users/Connor/Documents/CP-School/Senior Project/GitRepos/Senior-Project-Prototype3/HSPGame/Saved/Config/Windows/Engine.ini]
[2019.02.14-00.57.18:304][  0]LogInit: Computer: UNIT-01-CON
[2019.02.14-00.57.18:305][  0]LogInit: User: Connor
[2019.02.14-00.57.18:305][  0]LogInit: CPU Page size=4096, Cores=6
[2019.02.14-00.57.18:305][  0]LogInit: High frequency timer resolution =2.156247 MHz
[2019.02.14-00.57.18:305][  0]LogMemory: Memory total: Physical=15.8GB (16GB approx)
[2019.02.14-00.57.18:305][  0]LogMemory: Platform Memory Stats for Windows
[2019.02.14-00.57.18:305][  0]LogMemory: Process Physical Memory: 103.79 MB used, 103.79 MB peak
[2019.02.14-00.57.18:305][  0]LogMemory: Process Virtual Memory: 87.07 MB used, 87.07 MB peak
[2019.02.14-00.57.18:305][  0]LogMemory: Physical Memory: 10416.51 MB used,  5811.02 MB free, 16227.53 MB total
[2019.02.14-00.57.18:305][  0]LogMemory: Virtual Memory: 4665.05 MB used,  134213064.00 MB free, 134217728.00 MB total
[2019.02.14-00.57.18:407][  0]LogInit: Using OS detected language (en-US).
[2019.02.14-00.57.18:407][  0]LogInit: Using OS detected locale (en-US).
[2019.02.14-00.57.18:408][  0]LogTextLocalizationManager: No specific localization for 'en-US' exists, so the 'en' localization will be used.
[2019.02.14-00.57.18:847][  0]LogStreaming: Display: Took  0.441s to InitEngineTextLocalization.
[2019.02.14-00.57.18:931][  0]LogSlate: New Slate User Created.  User Index 0, Is Virtual User: 0
[2019.02.14-00.57.18:932][  0]LogSlate: Slate User Registered.  User Index 0, Is Virtual User: 0
[2019.02.14-00.57.19:203][  0]LogHMD: Failed to initialize OpenVR with code 110
[2019.02.14-00.57.19:203][  0]LogD3D11RHI: D3D11 adapters:
[2019.02.14-00.57.20:307][  0]LogD3D11RHI:    0. 'NVIDIA GeForce GTX 1070 with Max-Q Design' (Feature Level 11_0)
[2019.02.14-00.57.20:307][  0]LogD3D11RHI:       8081/0/8113 MB DedicatedVideo/DedicatedSystem/SharedSystem, Outputs:1, VendorId:0x10de
[2019.02.14-00.57.20:335][  0]LogD3D11RHI:    1. 'Intel(R) UHD Graphics 630' (Feature Level 11_0)
[2019.02.14-00.57.20:335][  0]LogD3D11RHI:       128/0/8113 MB DedicatedVideo/DedicatedSystem/SharedSystem, Outputs:0, VendorId:0x8086
[2019.02.14-00.57.20:340][  0]LogD3D11RHI:    2. 'Microsoft Basic Render Driver' (Feature Level 11_0)
[2019.02.14-00.57.20:340][  0]LogD3D11RHI:       0/0/8113 MB DedicatedVideo/DedicatedSystem/SharedSystem, Outputs:0, VendorId:0x1414
[2019.02.14-00.57.20:340][  0]LogD3D11RHI: Chosen D3D11 Adapter: 0
[2019.02.14-00.57.20:369][  0]LogD3D11RHI: Creating new Direct3DDevice
[2019.02.14-00.57.20:369][  0]LogD3D11RHI:     GPU DeviceId: 0x1ba1 (for the marketing name, search the web for "GPU Device Id")
[2019.02.14-00.57.20:369][  0]LogWindows: EnumDisplayDevices:
[2019.02.14-00.57.20:369][  0]LogWindows:    0. 'Intel(R) UHD Graphics 630' (P:1 D:1)
[2019.02.14-00.57.20:370][  0]LogWindows:    1. 'Intel(R) UHD Graphics 630' (P:0 D:0)
[2019.02.14-00.57.20:370][  0]LogWindows:    2. 'Intel(R) UHD Graphics 630' (P:0 D:0)
[2019.02.14-00.57.20:370][  0]LogWindows:    3. 'NVIDIA GeForce GTX 1070 with Max-Q Design' (P:0 D:0)
[2019.02.14-00.57.20:370][  0]LogWindows:    4. 'NVIDIA GeForce GTX 1070 with Max-Q Design' (P:0 D:0)
[2019.02.14-00.57.20:371][  0]LogWindows:    5. 'NVIDIA GeForce GTX 1070 with Max-Q Design' (P:0 D:0)
[2019.02.14-00.57.20:372][  0]LogWindows:    6. 'NVIDIA GeForce GTX 1070 with Max-Q Design' (P:0 D:0)
[2019.02.14-00.57.20:373][  0]LogWindows: DebugString: PrimaryIsNotTheChoosenAdapter PrimaryIsNotTheChoosenAdapter PrimaryIsNotTheChoosenAdapter FoundDriverCount:4 
[2019.02.14-00.57.20:373][  0]LogD3D11RHI:     Adapter Name: NVIDIA GeForce GTX 1070 with Max-Q Design
[2019.02.14-00.57.20:373][  0]LogD3D11RHI:   Driver Version: 416.34 (internal:25.21.14.1634, unified:416.34)
[2019.02.14-00.57.20:373][  0]LogD3D11RHI:      Driver Date: 10-10-2018
[2019.02.14-00.57.20:374][  0]LogRHI: Texture pool is 5656 MB (70% of 8081 MB)
[2019.02.14-00.57.20:521][  0]LogD3D11RHI: Async texture creation enabled
[2019.02.14-00.57.20:597][  0]LogD3D11RHI: GPU Timing Frequency: 1000.000000 (Debug: 2 2)
[2019.02.14-00.57.21:061][  0]LogTemp: Display: Loaded TP AllDesktopTargetPlatform
[2019.02.14-00.57.21:078][  0]LogTemp: Display: Loaded TP MacClientTargetPlatform
[2019.02.14-00.57.21:097][  0]LogTemp: Display: Loaded TP MacNoEditorTargetPlatform
[2019.02.14-00.57.21:115][  0]LogTemp: Display: Loaded TP MacServerTargetPlatform
[2019.02.14-00.57.21:171][  0]LogTemp: Display: Loaded TP MacTargetPlatform
[2019.02.14-00.57.21:242][  0]LogTemp: Display: Loaded TP WindowsClientTargetPlatform
[2019.02.14-00.57.21:284][  0]LogTemp: Display: Loaded TP WindowsNoEditorTargetPlatform
[2019.02.14-00.57.21:339][  0]LogTemp: Display: Loaded TP WindowsServerTargetPlatform
[2019.02.14-00.57.21:368][  0]LogTemp: Display: Loaded TP WindowsTargetPlatform
[2019.02.14-00.57.21:468][  0]LogTemp: Display: Loaded TP AndroidTargetPlatform
[2019.02.14-00.57.21:469][  0]LogTemp: Display: Loaded TP AndroidTargetPlatform
[2019.02.14-00.57.21:469][  0]LogTemp: Display: Loaded TP AndroidTargetPlatform
[2019.02.14-00.57.21:469][  0]LogTemp: Display: Loaded TP AndroidTargetPlatform
[2019.02.14-00.57.21:469][  0]LogTemp: Display: Loaded TP AndroidTargetPlatform
[2019.02.14-00.57.21:469][  0]LogTemp: Display: Loaded TP AndroidTargetPlatform
[2019.02.14-00.57.21:469][  0]LogTemp: Display: Loaded TP AndroidTargetPlatform
[2019.02.14-00.57.21:469][  0]LogTemp: Display: Loaded TP AndroidTargetPlatform
[2019.02.14-00.57.21:469][  0]LogTemp: Display: Loaded TP AndroidTargetPlatform
[2019.02.14-00.57.21:469][  0]LogTemp: Display: Loaded TP AndroidTargetPlatform
[2019.02.14-00.57.21:469][  0]LogTemp: Display: Loaded TP AndroidTargetPlatform
[2019.02.14-00.57.21:469][  0]LogTemp: Display: Loaded TP AndroidTargetPlatform
[2019.02.14-00.57.21:469][  0]LogTemp: Display: Loaded TP AndroidTargetPlatform
[2019.02.14-00.57.21:469][  0]LogTemp: Display: Loaded TP AndroidTargetPlatform
[2019.02.14-00.57.21:469][  0]LogTemp: Display: Loaded TP AndroidTargetPlatform
[2019.02.14-00.57.21:469][  0]LogTemp: Display: Loaded TP AndroidTargetPlatform
[2019.02.14-00.57.21:469][  0]LogTemp: Display: Loaded TP AndroidTargetPlatform
[2019.02.14-00.57.21:469][  0]LogTemp: Display: Loaded TP AndroidTargetPlatform
[2019.02.14-00.57.21:473][  0]LogTemp: Display: Loaded TP HTML5TargetPlatform
[2019.02.14-00.57.21:551][  0]LogTemp: Display: Loaded TP IOSTargetPlatform
[2019.02.14-00.57.21:551][  0]LogTemp: Display: Loaded TP IOSTargetPlatform
[2019.02.14-00.57.21:634][  0]LogTemp: Display: Loaded TP TVOSTargetPlatform
[2019.02.14-00.57.21:634][  0]LogTemp: Display: Loaded TP TVOSTargetPlatform
[2019.02.14-00.57.21:653][  0]LogTemp: Display: Loaded TP LinuxClientTargetPlatform
[2019.02.14-00.57.21:682][  0]LogTemp: Display: Loaded TP LinuxNoEditorTargetPlatform
[2019.02.14-00.57.21:727][  0]LogTemp: Display: Loaded TP LinuxServerTargetPlatform
[2019.02.14-00.57.21:760][  0]LogTemp: Display: Loaded TP LinuxTargetPlatform
[2019.02.14-00.57.21:875][  0]LogTemp: Display: Loaded TP LuminTargetPlatform
[2019.02.14-00.57.21:875][  0]LogTemp: Display: Loaded TP LuminTargetPlatform
[2019.02.14-00.57.21:876][  0]LogTargetPlatformManager: Display: Building Assets For Windows
[2019.02.14-00.57.22:347][  0]LogShaderCompilers: Guid format shader working directory is -62 characters bigger than the processId version (../../../../../../Users/Connor/Documents/CP-School/Senior Project/GitRepos/Senior-Project-Prototype3/HSPGame/Intermediate/Shaders/WorkingDirectory/10256/).
[2019.02.14-00.57.22:348][  0]LogShaderCompilers: Cleaned the shader compiler working directory 'C:/Users/Connor/AppData/Local/Temp/UnrealShaderWorkingDir/3E595C2C4F8A56D69A437FB23E211B34/'.
[2019.02.14-00.57.22:361][  0]LogXGEController: Cleaning working directory: C:/Users/Connor/AppData/Local/Temp/UnrealXGEWorkingDir/
[2019.02.14-00.57.22:362][  0]LogXGEController: Cannot use XGE Controller as Incredibuild is not installed on this machine.
[2019.02.14-00.57.22:362][  0]LogShaderCompilers: Cannot use XGE Shader Compiler as Incredibuild is not installed on this machine.
[2019.02.14-00.57.22:363][  0]LogShaderCompilers: Display: Using Local Shader Compiler.
[2019.02.14-00.57.22:884][  0]LogDerivedDataCache: Display: Max Cache Size: 512 MB
[2019.02.14-00.57.22:937][  0]LogDerivedDataCache: Loaded boot cache 0.05s 71MB C:/Users/Connor/AppData/Local/UnrealEngine/4.21/DerivedDataCache/Boot.ddc.
[2019.02.14-00.57.22:939][  0]LogDerivedDataCache: Display: Loaded Boot cache: C:/Users/Connor/AppData/Local/UnrealEngine/4.21/DerivedDataCache/Boot.ddc
[2019.02.14-00.57.22:939][  0]LogDerivedDataCache: FDerivedDataBackendGraph:  Pak pak cache file ../../../../../../Users/Connor/Documents/CP-School/Senior Project/GitRepos/Senior-Project-Prototype3/HSPGame/DerivedDataCache/DDC.ddp not found, will not use a pak cache.
[2019.02.14-00.57.22:939][  0]LogDerivedDataCache: Unable to find inner node Pak for hierarchical cache Hierarchy.
[2019.02.14-00.57.22:939][  0]LogDerivedDataCache: FDerivedDataBackendGraph:  CompressedPak pak cache file ../../../../../../Users/Connor/Documents/CP-School/Senior Project/GitRepos/Senior-Project-Prototype3/HSPGame/DerivedDataCache/Compressed.ddp not found, will not use a pak cache.
[2019.02.14-00.57.22:939][  0]LogDerivedDataCache: Unable to find inner node CompressedPak for hierarchical cache Hierarchy.
[2019.02.14-00.57.22:981][  0]LogDerivedDataCache: Display: Pak cache opened for reading ../../../Engine/DerivedDataCache/Compressed.ddp.
[2019.02.14-00.57.22:982][  0]LogDerivedDataCache: FDerivedDataBackendGraph:  EnterprisePak pak cache file ../../../Enterprise/DerivedDataCache/Compressed.ddp not found, will not use a pak cache.
[2019.02.14-00.57.22:982][  0]LogDerivedDataCache: Unable to find inner node EnterprisePak for hierarchical cache Hierarchy.
[2019.02.14-00.57.22:997][  0]LogDerivedDataCache: Using Local data cache path C:/Users/Connor/AppData/Local/UnrealEngine/Common/DerivedDataCache: Writable
[2019.02.14-00.57.22:997][  0]LogDerivedDataCache: Shared data cache path not found in *engine.ini, will not use an Shared cache.
[2019.02.14-00.57.22:997][  0]LogDerivedDataCache: Unable to find inner node Shared for hierarchical cache Hierarchy.
[2019.02.14-00.57.23:060][  0]LogMaterial: Verifying Global Shaders for PCD3D_SM5
[2019.02.14-00.57.23:064][  0]LogSlate: Using FreeType 2.6.0
[2019.02.14-00.57.23:065][  0]LogSlate: SlateFontServices - WITH_FREETYPE: 1, WITH_HARFBUZZ: 1
[2019.02.14-00.57.23:176][  0]LogAssetRegistry: FAssetRegistry took 0.0340 seconds to start up
[2019.02.14-00.57.23:468][  0]LogInit: Selected Device Profile: [Windows]
[2019.02.14-00.57.23:727][  0]LogSimplygon: Simplygon DLL not present - disabling.
[2019.02.14-00.57.23:777][  0]LogMeshReduction: Using SimplygonSwarm for distributed automatic mesh merging
[2019.02.14-00.57.23:778][  0]LogMeshReduction: Using ProxyLODMeshReduction for automatic mesh merging
[2019.02.14-00.57.23:778][  0]LogMeshReduction: Using QuadricMeshReduction for automatic static mesh reduction
[2019.02.14-00.57.23:778][  0]LogMeshReduction: No automatic skeletal mesh reduction module available
[2019.02.14-00.57.23:825][  0]LogNetVersion: HSPGame 1.0.0, NetCL: 4541578, EngineNetVer: 5, GameNetVer: 0 (Checksum: 2893343623)
[2019.02.14-00.57.25:146][  0]LogPackageLocalizationCache: Processed 11 localized package path(s) for 2 prioritized culture(s) in 0.271397 seconds
[2019.02.14-00.57.25:162][  0]LogUObjectArray: 39775 objects as part of root set at end of initial load.
[2019.02.14-00.57.25:163][  0]LogUObjectAllocator: 6914656 out of 0 bytes used by permanent object pool.
[2019.02.14-00.57.25:163][  0]LogUObjectArray: CloseDisregardForGC: 0/0 objects in disregard for GC pool
[2019.02.14-00.57.26:881][  0]LogTcpMessaging: Initializing TcpMessaging bridge
[2019.02.14-00.57.26:909][  0]LogUdpMessaging: Initializing bridge on interface 0.0.0.0:0 to multicast group 230.0.0.1:6666.
[2019.02.14-00.57.27:875][  0]SourceControl: Source control is disabled
[2019.02.14-00.57.27:875][  0]SourceControl: Source control is disabled
[2019.02.14-00.57.27:903][  0]SourceControl: Source control is disabled
[2019.02.14-00.57.27:917][  0]SourceControl: Source control is disabled
[2019.02.14-00.57.28:544][  0]LogAndroidPermission: UAndroidPermissionCallbackProxy::GetInstance
[2019.02.14-00.57.28:774][  0]LogOcInput: OculusInput pre-init called
[2019.02.14-00.57.29:054][  0]LogEngine: Initializing Engine...
[2019.02.14-00.57.29:055][  0]LogHMD: Failed to initialize OpenVR with code 110
[2019.02.14-00.57.29:056][  0]LogStats: UGameplayTagsManager::ConstructGameplayTagTree: ImportINI prefixes -  0.000 s
[2019.02.14-00.57.29:057][  0]LogStats: UGameplayTagsManager::ConstructGameplayTagTree: Construct from data asset -  0.000 s
[2019.02.14-00.57.29:057][  0]LogStats: UGameplayTagsManager::ConstructGameplayTagTree: ImportINI -  0.000 s
[2019.02.14-00.57.29:057][  0]LogStats: UGameplayTagsManager::ConstructGameplayTagTree: GameplayTagTreeChangedEvent.Broadcast -  0.000 s
[2019.02.14-00.57.29:520][  0]LogInit: Initializing FReadOnlyCVARCache
[2019.02.14-00.57.29:544][  0]LogAIModule: Creating AISystem for world Untitled
[2019.02.14-00.57.29:557][  0]LogInit: XAudio2 using 'Speakers (Realtek(R) Audio)' : 2 channels at 48 kHz using 32 bits per sample (channel mask 0x3)
[2019.02.14-00.57.29:616][  0]LogInit: FAudioDevice initialized.
[2019.02.14-00.57.29:617][  0]LogNetVersion: Set ProjectVersion to 1.0.0.0. Version Checksum will be recalculated on next use.
[2019.02.14-00.57.29:729][  0]LogDerivedDataCache: Saved boot cache 0.11s 71MB C:/Users/Connor/AppData/Local/UnrealEngine/4.21/DerivedDataCache/Boot.ddc.
[2019.02.14-00.57.29:737][  0]LogInit: Texture streaming: Enabled
[2019.02.14-00.57.29:848][  0]LogEngineSessionManager: EngineSessionManager initialized
[2019.02.14-00.57.29:848][  0]LogEngineSessionManager: EngineSessionManager sent abnormal shutdown report. Type=Debugger, SessionId={72E2886D-4B23-063B-2E85-EE8563BA8BB1}
[2019.02.14-00.57.29:849][  0]LogEngineSessionManager: EngineSessionManager sent abnormal shutdown report. Type=Debugger, SessionId={8258C36F-4709-7FB5-54E0-CBAB4986B3B7}
[2019.02.14-00.57.29:917][  0]LogInit: Transaction tracking system initialized
[2019.02.14-00.57.30:146][  0]BlueprintLog: New page: Editor Load
[2019.02.14-00.57.30:743][  0]LocalizationService: Localization service is disabled
[2019.02.14-00.57.31:977][  0]LogFileCache: Scanning file cache for directory 'C:/Users/Connor/Documents/CP-School/Senior Project/GitRepos/Senior-Project-Prototype3/HSPGame/Content/' took 0.02s
[2019.02.14-00.57.31:977][  0]LogCook: Display: Max memory allowance for cook 16384mb min free memory 0mb
[2019.02.14-00.57.31:977][  0]LogCook: Display: Mobile HDR setting 1
[2019.02.14-00.57.31:977][  0]LogGameplayTags: Display: UGameplayTagsManager::DoneAddingNativeTags. DelegateIsBound: 0
[2019.02.14-00.57.31:977][  0]LogStats: UGameplayTagsManager::ConstructGameplayTagTree: ImportINI prefixes -  0.000 s
[2019.02.14-00.57.31:977][  0]LogStats: UGameplayTagsManager::ConstructGameplayTagTree: Construct from data asset -  0.000 s
[2019.02.14-00.57.31:978][  0]LogStats: UGameplayTagsManager::ConstructGameplayTagTree: ImportINI -  0.000 s
[2019.02.14-00.57.31:978][  0]LogStats: UGameplayTagsManager::ConstructGameplayTagTree: GameplayTagTreeChangedEvent.Broadcast -  0.000 s
[2019.02.14-00.57.32:811][  0]SourceControl: Source control is disabled
[2019.02.14-00.57.32:813][  0]LightingResults: New page: Lighting Build
[2019.02.14-00.57.32:833][  0]MapCheck: New page: Map Check
[2019.02.14-00.57.32:833][  0]LightingResults: New page: Lighting Build
[2019.02.14-00.57.33:184][  0]LogLinker: Warning: Can't find file '/Game/StarterContent/Maps/Minimal_Default_BuiltData'
[2019.02.14-00.57.33:185][  0]LogLinker: Warning: Can't find file for asset '/Game/StarterContent/Maps/Minimal_Default_BuiltData' while loading ../../../../../../Users/Connor/Documents/CP-School/Senior Project/GitRepos/Senior-Project-Prototype3/HSPGame/Content/StarterContent/Maps/Minimal_Default.umap.
[2019.02.14-00.57.33:185][  0]LoadErrors: Error: /Game/StarterContent/Maps/Minimal_Default : Can't find file for asset. /Game/StarterContent/Maps/Minimal_Default_BuiltData
[2019.02.14-00.57.33:243][  0]LogLinker: Warning: Can't find file '/Game/StarterContent/Maps/Minimal_Default_BuiltData'
[2019.02.14-00.57.33:244][  0]LogLinker: Warning: Can't find file for asset '/Game/StarterContent/Maps/Minimal_Default_BuiltData' while loading ../../../../../../Users/Connor/Documents/CP-School/Senior Project/GitRepos/Senior-Project-Prototype3/HSPGame/Content/StarterContent/Maps/Minimal_Default.umap.
[2019.02.14-00.57.33:244][  0]LoadErrors: Error: /Game/StarterContent/Maps/Minimal_Default : Can't find file for asset. /Game/StarterContent/Maps/Minimal_Default_BuiltData
[2019.02.14-00.57.33:272][  0]LogLinker: Warning: Can't find file '/Game/StarterContent/Maps/Minimal_Default_BuiltData'
[2019.02.14-00.57.33:273][  0]LogLinker: Warning: Can't find file for asset '/Game/StarterContent/Maps/Minimal_Default_BuiltData' while loading NULL.
[2019.02.14-00.57.33:274][  0]LogLinker: Warning: Can't find file '/Game/StarterContent/Maps/Minimal_Default_BuiltData'
[2019.02.14-00.57.33:275][  0]LogLinker: Warning: Can't find file for asset '/Game/StarterContent/Maps/Minimal_Default_BuiltData' while loading NULL.
[2019.02.14-00.57.33:489][  0]LogLinker: Warning: Can't find file '/Game/StarterContent/Maps/Minimal_Default_BuiltData'
[2019.02.14-00.57.33:489][  0]LoadErrors: Failed to load /Game/StarterContent/Maps/Minimal_Default_BuiltData.Minimal_Default_BuiltData Referenced by PersistentLevel
[2019.02.14-00.57.33:489][  0]LogLinker: Warning: Can't find file for asset '/Game/StarterContent/Maps/Minimal_Default_BuiltData' while loading NULL.
[2019.02.14-00.57.33:490][  0]LoadErrors: Failed to load /Game/StarterContent/Maps/Minimal_Default_BuiltData.Minimal_Default_BuiltData Referenced by PersistentLevel
[2019.02.14-00.57.33:803][  0]LogAIModule: Creating AISystem for world Minimal_Default
[2019.02.14-00.57.34:037][  0]LogEditorServer: Finished looking for orphan Actors (0.000 secs)
[2019.02.14-00.57.34:060][  0]Cmd: MAP CHECKDEP NOCLEARLOG
[2019.02.14-00.57.34:060][  0]MapCheck: Map check complete: 0 Error(s), 0 Warning(s), took 0.154ms to complete.
[2019.02.14-00.57.34:060][  0]LogFileHelpers: Loading map 'Minimal_Default' took 1.249
[2019.02.14-00.57.34:240][  0]LogSlate: Updating window title bar state: overlay mode, drag disabled, window buttons hidden, title bar hidden
[2019.02.14-00.57.34:248][  0]LogSlate: Updating window title bar state: overlay mode, drag disabled, window buttons hidden, title bar hidden
[2019.02.14-00.57.34:255][  0]LogSlate: Updating window title bar state: overlay mode, drag disabled, window buttons hidden, title bar hidden
[2019.02.14-00.57.34:263][  0]LogSlate: Updating window title bar state: overlay mode, drag disabled, window buttons hidden, title bar hidden
[2019.02.14-00.57.34:279][  0]LogCollectionManager: Loaded 0 collections in 0.004070 seconds
[2019.02.14-00.57.34:305][  0]LogFileCache: Scanning file cache for directory 'C:/Users/Connor/Documents/CP-School/Senior Project/GitRepos/Senior-Project-Prototype3/HSPGame/Saved/Collections/' took 0.01s
[2019.02.14-00.57.34:305][  0]LogFileCache: Scanning file cache for directory 'C:/Users/Connor/Documents/CP-School/Senior Project/GitRepos/Senior-Project-Prototype3/HSPGame/Content/Developers/Connor/Collections/' took 0.00s
[2019.02.14-00.57.34:306][  0]LogFileCache: Scanning file cache for directory 'C:/Users/Connor/Documents/CP-School/Senior Project/GitRepos/Senior-Project-Prototype3/HSPGame/Content/Collections/' took 0.00s
[2019.02.14-00.57.34:306][  0]LogCollectionManager: Rebuilt the GUID cache for 0 collections in 0.000000 seconds
[2019.02.14-00.57.34:324][  0]LogContentBrowser: Native class hierarchy populated in 0.0174 seconds. Added 2656 classes and 622 folders.
[2019.02.14-00.57.34:343][  0]LogContentBrowser: Native class hierarchy updated for 'WidgetCarousel' in 0.0008 seconds. Added 0 classes and 0 folders.
[2019.02.14-00.57.34:346][  0]LogPakFile: Registered encryption key '00000000000000000000000000000000': 0 pak files mounted, 0 remain pending
[2019.02.14-00.57.34:348][  0]LogPakFile: Registered encryption key '00000000000000000000000000000000': 0 pak files mounted, 0 remain pending
[2019.02.14-00.57.34:349][  0]LogPakFile: Registered encryption key '00000000000000000000000000000000': 0 pak files mounted, 0 remain pending
[2019.02.14-00.57.34:350][  0]LogPakFile: Registered encryption key '00000000000000000000000000000000': 0 pak files mounted, 0 remain pending
[2019.02.14-00.57.34:351][  0]LogPakFile: Registered encryption key '00000000000000000000000000000000': 0 pak files mounted, 0 remain pending
[2019.02.14-00.57.34:352][  0]LogPakFile: Registered encryption key '00000000000000000000000000000000': 0 pak files mounted, 0 remain pending
[2019.02.14-00.57.34:354][  0]LogPakFile: Registered encryption key '00000000000000000000000000000000': 0 pak files mounted, 0 remain pending
[2019.02.14-00.57.34:355][  0]LogPakFile: Registered encryption key '00000000000000000000000000000000': 0 pak files mounted, 0 remain pending
[2019.02.14-00.57.34:356][  0]LogPakFile: Registered encryption key '00000000000000000000000000000000': 0 pak files mounted, 0 remain pending
[2019.02.14-00.57.34:357][  0]LogPakFile: Registered encryption key '00000000000000000000000000000000': 0 pak files mounted, 0 remain pending
[2019.02.14-00.57.34:358][  0]LogPakFile: Registered encryption key '00000000000000000000000000000000': 0 pak files mounted, 0 remain pending
[2019.02.14-00.57.34:359][  0]LogPakFile: Registered encryption key '00000000000000000000000000000000': 0 pak files mounted, 0 remain pending
[2019.02.14-00.57.34:361][  0]LogPakFile: Registered encryption key '00000000000000000000000000000000': 0 pak files mounted, 0 remain pending
[2019.02.14-00.57.34:362][  0]LogPakFile: Registered encryption key '00000000000000000000000000000000': 0 pak files mounted, 0 remain pending
[2019.02.14-00.57.34:363][  0]LogPakFile: Registered encryption key '00000000000000000000000000000000': 0 pak files mounted, 0 remain pending
[2019.02.14-00.57.34:364][  0]LogPakFile: Registered encryption key '00000000000000000000000000000000': 0 pak files mounted, 0 remain pending
[2019.02.14-00.57.34:365][  0]LogPakFile: Registered encryption key '00000000000000000000000000000000': 0 pak files mounted, 0 remain pending
[2019.02.14-00.57.34:367][  0]LogPakFile: Registered encryption key '00000000000000000000000000000000': 0 pak files mounted, 0 remain pending
[2019.02.14-00.57.34:368][  0]LogPakFile: Registered encryption key '00000000000000000000000000000000': 0 pak files mounted, 0 remain pending
[2019.02.14-00.57.34:369][  0]LogPakFile: Registered encryption key '00000000000000000000000000000000': 0 pak files mounted, 0 remain pending
[2019.02.14-00.57.34:370][  0]LogPakFile: Registered encryption key '00000000000000000000000000000000': 0 pak files mounted, 0 remain pending
[2019.02.14-00.57.34:371][  0]LogPakFile: Registered encryption key '00000000000000000000000000000000': 0 pak files mounted, 0 remain pending
[2019.02.14-00.57.34:373][  0]LogPakFile: Registered encryption key '00000000000000000000000000000000': 0 pak files mounted, 0 remain pending
[2019.02.14-00.57.34:374][  0]LogPakFile: Registered encryption key '00000000000000000000000000000000': 0 pak files mounted, 0 remain pending
[2019.02.14-00.57.34:375][  0]LogPakFile: Registered encryption key '00000000000000000000000000000000': 0 pak files mounted, 0 remain pending
[2019.02.14-00.57.34:377][  0]LogPakFile: Registered encryption key '00000000000000000000000000000000': 0 pak files mounted, 0 remain pending
[2019.02.14-00.57.34:454][  0]LogContentBrowser: Native class hierarchy updated for 'AddContentDialog' in 0.0006 seconds. Added 0 classes and 0 folders.
[2019.02.14-00.57.34:468][  0]LogContentBrowser: Native class hierarchy updated for 'SceneOutliner' in 0.0004 seconds. Added 1 classes and 2 folders.
[2019.02.14-00.57.34:480][  0]LogSlate: Took 0.000141 seconds to synchronously load lazily loaded font '../../../Engine/Content/Slate/Fonts/Roboto-Regular.ttf' (155K)
[2019.02.14-00.57.34:482][  0]LogSlate: Took 0.000139 seconds to synchronously load lazily loaded font '../../../Engine/Content/Slate/Fonts/Roboto-Bold.ttf' (160K)
[2019.02.14-00.57.34:487][  0]LogSlate: Took 0.000147 seconds to synchronously load lazily loaded font '../../../Engine/Content/Editor/Slate/Fonts/FontAwesome.ttf' (139K)
[2019.02.14-00.57.34:646][  0]LogRenderer: Reallocating scene render targets to support 964x436 Format 10 NumSamples 1 (Frame:1).
[2019.02.14-00.57.35:055][  0]LogContentBrowser: Native class hierarchy updated for 'HierarchicalLODOutliner' in 0.0009 seconds. Added 0 classes and 0 folders.
[2019.02.14-00.57.35:055][  0]LogLoad: (Engine Initialization) Total time: 19.90 seconds
[2019.02.14-00.57.35:055][  0]LogLoad: (Engine Initialization) Total Blueprint compile time: 0.00 seconds
[2019.02.14-00.57.35:091][  0]LogWindowsTextInputMethodSystem: Display: IME system now deactivated.
[2019.02.14-00.57.35:182][  0]LogContentStreaming: Texture pool size now 1000 MB
[2019.02.14-00.57.35:200][  0]LogSlate: FSceneViewport::OnFocusLost() reason 2
[2019.02.14-00.57.35:289][  0]LogSlate: Took 0.000119 seconds to synchronously load lazily loaded font '../../../Engine/Content/Slate/Fonts/Roboto-Light.ttf' (167K)
[2019.02.14-00.57.35:340][  1]LogAssetRegistry: Asset discovery search completed in 12.1878 seconds
[2019.02.14-00.57.35:341][  1]LogCollectionManager: Rebuilt the object cache for 0 collections in 0.000000 seconds (found 0 objects)
[2019.02.14-00.57.35:342][  1]LogCollectionManager: Fixed up redirectors for 0 collections in 0.000294 seconds (updated 0 objects)
[2019.02.14-00.57.37:532][ 67]LogSlate: Window 'Message Log' being destroyed
[2019.02.14-00.57.37:557][ 67]LogSlate: Window 'Message Log' being destroyed
[2019.02.14-00.58.43:575][994]LogSlate: FSceneViewport::OnFocusLost() reason 0
[2019.02.14-00.58.43:673][999]Candidate modules for hot reload:
[2019.02.14-00.58.43:673][999]  HSPGame
[2019.02.14-00.58.43:673][999]Launching UnrealBuildTool... [C:/Program Files/Epic Games/UE_4.21/Engine/Binaries/DotNET/UnrealBuildTool.exe  -ModuleWithSuffix=HSPGame,1026 Win64 Development -TargetType=Editor -Project="../../../../../../Users/Connor/Documents/CP-School/Senior Project/GitRepos/Senior-Project-Prototype3/HSPGame/HSPGame.uproject" -canskiplink "C:/Users/Connor/Documents/CP-School/Senior Project/GitRepos/Senior-Project-Prototype3/HSPGame/HSPGame.uproject" ]
[2019.02.14-00.58.43:682][999]Warning: Starting HotReload took  0.0s.
[2019.02.14-00.59.28:004][344]CompilerResultsLog: New page: Compilation - Feb 13, 2019, 8:59:28 AM
[2019.02.14-00.59.28:004][344]CompilerResultsLog: Using 'git status' to determine working set for adaptive non-unity build (C:\Users\Connor\Documents\CP-School\Senior Project\GitRepos\Senior-Project-Prototype3).
[2019.02.14-00.59.28:004][344]CompilerResultsLog: Creating makefile for hot reloading HSPGameEditor (source directory changed)
[2019.02.14-00.59.28:005][344]CompilerResultsLog: Compiling game modules for hot reload
[2019.02.14-00.59.28:005][344]CompilerResultsLog: Using Visual Studio 2017 14.16.27023 toolchain (C:\Program Files (x86)\Microsoft Visual Studio\2017\Community\VC\Tools\MSVC\14.16.27023) and Windows 10.0.17763.0 SDK (C:\Program Files (x86)\Windows Kits\10).
[2019.02.14-00.59.28:005][344]CompilerResultsLog: Parsing headers for HSPGameEditor
[2019.02.14-00.59.28:005][344]CompilerResultsLog:   Running UnrealHeaderTool "C:\Users\Connor\Documents\CP-School\Senior Project\GitRepos\Senior-Project-Prototype3\HSPGame\HSPGame.uproject" "C:\Users\Connor\Documents\CP-School\Senior Project\GitRepos\Senior-Project-Prototype3\HSPGame\Intermediate\Build\Win64\HSPGameEditor\Development\HSPGameEditor.uhtmanifest" -LogCmds="loginit warning, logexit warning, logdatabase error" -Unattended -WarningsAsErrors -installed
[2019.02.14-00.59.28:005][344]CompilerResultsLog: Reflection code generated for HSPGameEditor in 31.2021387 seconds
[2019.02.14-00.59.28:006][344]CompilerResultsLog: Building 4 actions with 12 processes...
[2019.02.14-00.59.28:006][344]CompilerResultsLog:   [1/4] HSPGameGameModeBase.cpp
[2019.02.14-00.59.28:006][344]CompilerResultsLog:   [2/4] HSPGameGameModeBase.gen.cpp
[2019.02.14-00.59.28:006][344]CompilerResultsLog:   [3/4] UE4Editor-HSPGame-1026.lib
[2019.02.14-00.59.28:007][344]CompilerResultsLog:      Creating library C:\Users\Connor\Documents\CP-School\Senior Project\GitRepos\Senior-Project-Prototype3\HSPGame\Intermediate\Build\Win64\UE4Editor\Development\HSPGame\UE4Editor-HSPGame-1026.lib and object C:\Users\Connor\Documents\CP-School\Senior Project\GitRepos\Senior-Project-Prototype3\HSPGame\Intermediate\Build\Win64\UE4Editor\Development\HSPGame\UE4Editor-HSPGame-1026.exp
[2019.02.14-00.59.28:007][344]CompilerResultsLog:   [4/4] UE4Editor-HSPGame-1026.dll
[2019.02.14-00.59.28:007][344]CompilerResultsLog:      Creating library C:\Users\Connor\Documents\CP-School\Senior Project\GitRepos\Senior-Project-Prototype3\HSPGame\Intermediate\Build\Win64\UE4Editor\Development\HSPGame\UE4Editor-HSPGame-1026.suppressed.lib and object C:\Users\Connor\Documents\CP-School\Senior Project\GitRepos\Senior-Project-Prototype3\HSPGame\Intermediate\Build\Win64\UE4Editor\Development\HSPGame\UE4Editor-HSPGame-1026.suppressed.exp
[2019.02.14-00.59.28:007][344]CompilerResultsLog: Total build time: 44.00 seconds (Parallel executor: 3.17 seconds)
[2019.02.14-00.59.28:008][344]LogMainFrame: MainFrame: Module compiling took 44.337 seconds
[2019.02.14-00.59.28:109][344]LogContentBrowser: Native class hierarchy updated for 'HSPGame' in 0.0004 seconds. Added 5 classes and 2 folders.
[2019.02.14-00.59.28:112][344]Display: HotReload successful (0 functions remapped  0 scriptstructs remapped)
[2019.02.14-00.59.28:355][344]LogContentBrowser: Native class hierarchy populated in 0.0108 seconds. Added 2657 classes and 624 folders.
[2019.02.14-00.59.28:367][344]Display: HotReload took 44.7s.
[2019.02.14-00.59.48:551][613]Candidate modules for hot reload:
[2019.02.14-00.59.48:551][613]  HSPGame
[2019.02.14-00.59.48:552][613]Launching UnrealBuildTool... [C:/Program Files/Epic Games/UE_4.21/Engine/Binaries/DotNET/UnrealBuildTool.exe  -ModuleWithSuffix=HSPGame,1583 Win64 Development -TargetType=Editor -Project="../../../../../../Users/Connor/Documents/CP-School/Senior Project/GitRepos/Senior-Project-Prototype3/HSPGame/HSPGame.uproject" -canskiplink "C:/Users/Connor/Documents/CP-School/Senior Project/GitRepos/Senior-Project-Prototype3/HSPGame/HSPGame.uproject" ]
[2019.02.14-00.59.48:563][613]Warning: Starting HotReload took  0.0s.
[2019.02.14-01.00.17:713][664]CompilerResultsLog: New page: Compilation - Feb 13, 2019, 9:00:17 AM
[2019.02.14-01.00.17:714][664]CompilerResultsLog: Using 'git status' to determine working set for adaptive non-unity build (C:\Users\Connor\Documents\CP-School\Senior Project\GitRepos\Senior-Project-Prototype3).
[2019.02.14-01.00.17:714][664]CompilerResultsLog: Creating makefile for hot reloading HSPGameEditor (source directory changed)
[2019.02.14-01.00.17:714][664]CompilerResultsLog: Compiling game modules for hot reload
[2019.02.14-01.00.17:714][664]CompilerResultsLog: Using Visual Studio 2017 14.16.27023 toolchain (C:\Program Files (x86)\Microsoft Visual Studio\2017\Community\VC\Tools\MSVC\14.16.27023) and Windows 10.0.17763.0 SDK (C:\Program Files (x86)\Windows Kits\10).
[2019.02.14-01.00.17:715][664]CompilerResultsLog: Parsing headers for HSPGameEditor
[2019.02.14-01.00.17:715][664]CompilerResultsLog:   Running UnrealHeaderTool "C:\Users\Connor\Documents\CP-School\Senior Project\GitRepos\Senior-Project-Prototype3\HSPGame\HSPGame.uproject" "C:\Users\Connor\Documents\CP-School\Senior Project\GitRepos\Senior-Project-Prototype3\HSPGame\Intermediate\Build\Win64\HSPGameEditor\Development\HSPGameEditor.uhtmanifest" -LogCmds="loginit warning, logexit warning, logdatabase error" -Unattended -WarningsAsErrors -installed
[2019.02.14-01.00.17:715][664]CompilerResultsLog: Reflection code generated for HSPGameEditor in 13.623486 seconds
[2019.02.14-01.00.17:715][664]CompilerResultsLog: Building 4 actions with 12 processes...
[2019.02.14-01.00.17:716][664]CompilerResultsLog:   [1/4] HSPGameGameModeBase.cpp
[2019.02.14-01.00.17:716][664]CompilerResultsLog:   [2/4] HSPGameGameModeBase.gen.cpp
[2019.02.14-01.00.17:716][664]CompilerResultsLog:   [3/4] UE4Editor-HSPGame-1583.lib
[2019.02.14-01.00.17:716][664]CompilerResultsLog:      Creating library C:\Users\Connor\Documents\CP-School\Senior Project\GitRepos\Senior-Project-Prototype3\HSPGame\Intermediate\Build\Win64\UE4Editor\Development\HSPGame\UE4Editor-HSPGame-1583.lib and object C:\Users\Connor\Documents\CP-School\Senior Project\GitRepos\Senior-Project-Prototype3\HSPGame\Intermediate\Build\Win64\UE4Editor\Development\HSPGame\UE4Editor-HSPGame-1583.exp
[2019.02.14-01.00.17:717][664]CompilerResultsLog:   [4/4] UE4Editor-HSPGame-1583.dll
[2019.02.14-01.00.17:717][664]CompilerResultsLog:      Creating library C:\Users\Connor\Documents\CP-School\Senior Project\GitRepos\Senior-Project-Prototype3\HSPGame\Intermediate\Build\Win64\UE4Editor\Development\HSPGame\UE4Editor-HSPGame-1583.suppressed.lib and object C:\Users\Connor\Documents\CP-School\Senior Project\GitRepos\Senior-Project-Prototype3\HSPGame\Intermediate\Build\Win64\UE4Editor\Development\HSPGame\UE4Editor-HSPGame-1583.suppressed.exp
[2019.02.14-01.00.17:717][664]CompilerResultsLog: Total build time: 28.38 seconds (Parallel executor: 3.93 seconds)
[2019.02.14-01.00.17:718][664]LogMainFrame: MainFrame: Module compiling took 29.173 seconds
[2019.02.14-01.00.17:816][664]LogContentBrowser: Native class hierarchy updated for 'HSPGame' in 0.0004 seconds. Added 5 classes and 2 folders.
[2019.02.14-01.00.17:819][664]Display: HotReload successful (0 functions remapped  0 scriptstructs remapped)
[2019.02.14-01.00.17:881][664]LogContentBrowser: Native class hierarchy populated in 0.0082 seconds. Added 2657 classes and 624 folders.
[2019.02.14-01.00.17:881][664]Display: HotReload took 29.3s.
[2019.02.14-01.02.02:714][173]Candidate modules for hot reload:
[2019.02.14-01.02.02:714][173]  HSPGame
[2019.02.14-01.02.02:715][173]Launching UnrealBuildTool... [C:/Program Files/Epic Games/UE_4.21/Engine/Binaries/DotNET/UnrealBuildTool.exe  -ModuleWithSuffix=HSPGame,1839 Win64 Development -TargetType=Editor -Project="../../../../../../Users/Connor/Documents/CP-School/Senior Project/GitRepos/Senior-Project-Prototype3/HSPGame/HSPGame.uproject" -canskiplink "C:/Users/Connor/Documents/CP-School/Senior Project/GitRepos/Senior-Project-Prototype3/HSPGame/HSPGame.uproject" ]
[2019.02.14-01.02.02:727][173]Warning: Starting HotReload took  0.0s.
[2019.02.14-01.02.51:521][ 85]CompilerResultsLog: New page: Compilation - Feb 13, 2019, 9:02:51 AM
[2019.02.14-01.02.51:522][ 85]CompilerResultsLog: Using 'git status' to determine working set for adaptive non-unity build (C:\Users\Connor\Documents\CP-School\Senior Project\GitRepos\Senior-Project-Prototype3).
[2019.02.14-01.02.51:523][ 85]CompilerResultsLog: Creating makefile for hot reloading HSPGameEditor (source directory changed)
[2019.02.14-01.02.51:523][ 85]CompilerResultsLog: Compiling game modules for hot reload
[2019.02.14-01.02.51:523][ 85]CompilerResultsLog: Using Visual Studio 2017 14.16.27023 toolchain (C:\Program Files (x86)\Microsoft Visual Studio\2017\Community\VC\Tools\MSVC\14.16.27023) and Windows 10.0.17763.0 SDK (C:\Program Files (x86)\Windows Kits\10).
[2019.02.14-01.02.51:523][ 85]CompilerResultsLog: Parsing headers for HSPGameEditor
[2019.02.14-01.02.51:524][ 85]CompilerResultsLog:   Running UnrealHeaderTool "C:\Users\Connor\Documents\CP-School\Senior Project\GitRepos\Senior-Project-Prototype3\HSPGame\HSPGame.uproject" "C:\Users\Connor\Documents\CP-School\Senior Project\GitRepos\Senior-Project-Prototype3\HSPGame\Intermediate\Build\Win64\HSPGameEditor\Development\HSPGameEditor.uhtmanifest" -LogCmds="loginit warning, logexit warning, logdatabase error" -Unattended -WarningsAsErrors -installed
[2019.02.14-01.02.51:524][ 85]CompilerResultsLog: Reflection code generated for HSPGameEditor in 33.8847386 seconds
[2019.02.14-01.02.51:524][ 85]CompilerResultsLog: Building 4 actions with 12 processes...
[2019.02.14-01.02.51:524][ 85]CompilerResultsLog:   [1/4] HSPGameGameModeBase.cpp
[2019.02.14-01.02.51:525][ 85]CompilerResultsLog:   [2/4] HSPGameGameModeBase.gen.cpp
[2019.02.14-01.02.51:525][ 85]CompilerResultsLog:   [3/4] UE4Editor-HSPGame-1839.lib
[2019.02.14-01.02.51:525][ 85]CompilerResultsLog:      Creating library C:\Users\Connor\Documents\CP-School\Senior Project\GitRepos\Senior-Project-Prototype3\HSPGame\Intermediate\Build\Win64\UE4Editor\Development\HSPGame\UE4Editor-HSPGame-1839.lib and object C:\Users\Connor\Documents\CP-School\Senior Project\GitRepos\Senior-Project-Prototype3\HSPGame\Intermediate\Build\Win64\UE4Editor\Development\HSPGame\UE4Editor-HSPGame-1839.exp
[2019.02.14-01.02.51:526][ 85]CompilerResultsLog:   [4/4] UE4Editor-HSPGame-1839.dll
[2019.02.14-01.02.51:526][ 85]CompilerResultsLog:      Creating library C:\Users\Connor\Documents\CP-School\Senior Project\GitRepos\Senior-Project-Prototype3\HSPGame\Intermediate\Build\Win64\UE4Editor\Development\HSPGame\UE4Editor-HSPGame-1839.suppressed.lib and object C:\Users\Connor\Documents\CP-School\Senior Project\GitRepos\Senior-Project-Prototype3\HSPGame\Intermediate\Build\Win64\UE4Editor\Development\HSPGame\UE4Editor-HSPGame-1839.suppressed.exp
[2019.02.14-01.02.51:526][ 85]CompilerResultsLog: Total build time: 48.42 seconds (Parallel executor: 3.51 seconds)
[2019.02.14-01.02.51:527][ 85]LogMainFrame: MainFrame: Module compiling took 48.820 seconds
[2019.02.14-01.02.51:633][ 85]LogContentBrowser: Native class hierarchy updated for 'HSPGame' in 0.0005 seconds. Added 5 classes and 2 folders.
[2019.02.14-01.02.51:635][ 85]Display: HotReload successful (0 functions remapped  0 scriptstructs remapped)
[2019.02.14-01.02.51:701][ 85]LogContentBrowser: Native class hierarchy populated in 0.0084 seconds. Added 2657 classes and 624 folders.
[2019.02.14-01.02.51:701][ 85]Display: HotReload took 49.0s.
[2019.02.14-01.05.40:942][947]Candidate modules for hot reload:
[2019.02.14-01.05.40:943][947]  HSPGame
[2019.02.14-01.05.40:944][947]Launching UnrealBuildTool... [C:/Program Files/Epic Games/UE_4.21/Engine/Binaries/DotNET/UnrealBuildTool.exe  -ModuleWithSuffix=HSPGame,4618 Win64 Development -TargetType=Editor -Project="../../../../../../Users/Connor/Documents/CP-School/Senior Project/GitRepos/Senior-Project-Prototype3/HSPGame/HSPGame.uproject" -canskiplink "C:/Users/Connor/Documents/CP-School/Senior Project/GitRepos/Senior-Project-Prototype3/HSPGame/HSPGame.uproject" ]
[2019.02.14-01.05.40:954][947]Warning: Starting HotReload took  0.0s.
[2019.02.14-01.05.53:476][339]CompilerResultsLog: New page: Compilation - Feb 13, 2019, 9:05:53 AM
[2019.02.14-01.05.53:476][339]CompilerResultsLog: Using 'git status' to determine working set for adaptive non-unity build (C:\Users\Connor\Documents\CP-School\Senior Project\GitRepos\Senior-Project-Prototype3).
[2019.02.14-01.05.53:476][339]CompilerResultsLog: Creating makefile for hot reloading HSPGameEditor (source directory changed)
[2019.02.14-01.05.53:477][339]CompilerResultsLog: Compiling game modules for hot reload
[2019.02.14-01.05.53:477][339]CompilerResultsLog: Using Visual Studio 2017 14.16.27023 toolchain (C:\Program Files (x86)\Microsoft Visual Studio\2017\Community\VC\Tools\MSVC\14.16.27023) and Windows 10.0.17763.0 SDK (C:\Program Files (x86)\Windows Kits\10).
[2019.02.14-01.05.53:477][339]CompilerResultsLog: Building 4 actions with 12 processes...
[2019.02.14-01.05.53:477][339]CompilerResultsLog:   [1/4] HSPGameGameModeBase.cpp
[2019.02.14-01.05.53:477][339]CompilerResultsLog:   [2/4] ProtagClass.cpp
[2019.02.14-01.05.53:477][339]CompilerResultsLog:   [3/4] UE4Editor-HSPGame-4618.lib
[2019.02.14-01.05.53:477][339]CompilerResultsLog:      Creating library C:\Users\Connor\Documents\CP-School\Senior Project\GitRepos\Senior-Project-Prototype3\HSPGame\Intermediate\Build\Win64\UE4Editor\Development\HSPGame\UE4Editor-HSPGame-4618.lib and object C:\Users\Connor\Documents\CP-School\Senior Project\GitRepos\Senior-Project-Prototype3\HSPGame\Intermediate\Build\Win64\UE4Editor\Development\HSPGame\UE4Editor-HSPGame-4618.exp
[2019.02.14-01.05.53:477][339]CompilerResultsLog:   [4/4] UE4Editor-HSPGame-4618.dll
[2019.02.14-01.05.53:478][339]CompilerResultsLog:      Creating library C:\Users\Connor\Documents\CP-School\Senior Project\GitRepos\Senior-Project-Prototype3\HSPGame\Intermediate\Build\Win64\UE4Editor\Development\HSPGame\UE4Editor-HSPGame-4618.suppressed.lib and object C:\Users\Connor\Documents\CP-School\Senior Project\GitRepos\Senior-Project-Prototype3\HSPGame\Intermediate\Build\Win64\UE4Editor\Development\HSPGame\UE4Editor-HSPGame-4618.suppressed.exp
[2019.02.14-01.05.53:478][339]CompilerResultsLog: Total build time: 11.72 seconds (Parallel executor: 3.74 seconds)
[2019.02.14-01.05.53:478][339]LogMainFrame: MainFrame: Module compiling took 12.540 seconds
[2019.02.14-01.05.53:546][339]LogContentBrowser: Native class hierarchy updated for 'HSPGame' in 0.0004 seconds. Added 5 classes and 2 folders.
[2019.02.14-01.05.53:548][339]Display: HotReload successful (0 functions remapped  0 scriptstructs remapped)
[2019.02.14-01.05.53:631][339]LogContentBrowser: Native class hierarchy populated in 0.0072 seconds. Added 2657 classes and 624 folders.
[2019.02.14-01.05.53:631][339]Display: HotReload took 12.7s.
[2019.02.14-01.06.29:005][944]Candidate modules for hot reload:
[2019.02.14-01.06.29:005][944]  HSPGame
[2019.02.14-01.06.29:006][944]Launching UnrealBuildTool... [C:/Program Files/Epic Games/UE_4.21/Engine/Binaries/DotNET/UnrealBuildTool.exe  -ModuleWithSuffix=HSPGame,7253 Win64 Development -TargetType=Editor -Project="../../../../../../Users/Connor/Documents/CP-School/Senior Project/GitRepos/Senior-Project-Prototype3/HSPGame/HSPGame.uproject" -canskiplink "C:/Users/Connor/Documents/CP-School/Senior Project/GitRepos/Senior-Project-Prototype3/HSPGame/HSPGame.uproject" ]
[2019.02.14-01.06.29:016][944]Warning: Starting HotReload took  0.0s.
[2019.02.14-01.06.44:252][565]CompilerResultsLog: New page: Compilation - Feb 13, 2019, 9:06:44 AM
[2019.02.14-01.06.44:253][565]CompilerResultsLog: Using 'git status' to determine working set for adaptive non-unity build (C:\Users\Connor\Documents\CP-School\Senior Project\GitRepos\Senior-Project-Prototype3).
[2019.02.14-01.06.44:253][565]CompilerResultsLog: Creating makefile for hot reloading HSPGameEditor (source directory changed)
[2019.02.14-01.06.44:253][565]CompilerResultsLog: Compiling game modules for hot reload
[2019.02.14-01.06.44:253][565]CompilerResultsLog: Using Visual Studio 2017 14.16.27023 toolchain (C:\Program Files (x86)\Microsoft Visual Studio\2017\Community\VC\Tools\MSVC\14.16.27023) and Windows 10.0.17763.0 SDK (C:\Program Files (x86)\Windows Kits\10).
[2019.02.14-01.06.44:253][565]CompilerResultsLog: Building 3 actions with 12 processes...
[2019.02.14-01.06.44:253][565]CompilerResultsLog:   [1/3] ProtagClass.cpp
[2019.02.14-01.06.44:253][565]CompilerResultsLog:   [2/3] UE4Editor-HSPGame-7253.lib
[2019.02.14-01.06.44:254][565]CompilerResultsLog:      Creating library C:\Users\Connor\Documents\CP-School\Senior Project\GitRepos\Senior-Project-Prototype3\HSPGame\Intermediate\Build\Win64\UE4Editor\Development\HSPGame\UE4Editor-HSPGame-7253.lib and object C:\Users\Connor\Documents\CP-School\Senior Project\GitRepos\Senior-Project-Prototype3\HSPGame\Intermediate\Build\Win64\UE4Editor\Development\HSPGame\UE4Editor-HSPGame-7253.exp
[2019.02.14-01.06.44:254][565]CompilerResultsLog:   [3/3] UE4Editor-HSPGame-7253.dll
[2019.02.14-01.06.44:254][565]CompilerResultsLog:      Creating library C:\Users\Connor\Documents\CP-School\Senior Project\GitRepos\Senior-Project-Prototype3\HSPGame\Intermediate\Build\Win64\UE4Editor\Development\HSPGame\UE4Editor-HSPGame-7253.suppressed.lib and object C:\Users\Connor\Documents\CP-School\Senior Project\GitRepos\Senior-Project-Prototype3\HSPGame\Intermediate\Build\Win64\UE4Editor\Development\HSPGame\UE4Editor-HSPGame-7253.suppressed.exp
[2019.02.14-01.06.44:254][565]CompilerResultsLog: Total build time: 14.60 seconds (Parallel executor: 3.60 seconds)
[2019.02.14-01.06.44:254][565]LogMainFrame: MainFrame: Module compiling took 15.256 seconds
[2019.02.14-01.06.44:327][565]LogContentBrowser: Native class hierarchy updated for 'HSPGame' in 0.0005 seconds. Added 5 classes and 2 folders.
[2019.02.14-01.06.44:329][565]Display: HotReload successful (0 functions remapped  0 scriptstructs remapped)
[2019.02.14-01.06.44:389][565]LogContentBrowser: Native class hierarchy populated in 0.0085 seconds. Added 2657 classes and 624 folders.
[2019.02.14-01.06.44:389][565]Display: HotReload took 15.4s.
