Log file open, 02/15/19 19:39:17
LogWindows: Failed to load 'aqProf.dll' (GetLastError=126)
LogWindows: File 'aqProf.dll' does not exist
LogWindows: Failed to load 'VtuneApi.dll' (GetLastError=126)
LogWindows: File 'VtuneApi.dll' does not exist
LogWindows: Failed to load 'VtuneApi32e.dll' (GetLastError=126)
LogWindows: File 'VtuneApi32e.dll' does not exist
LogConsoleResponse: Display: Failed to find resolution value strings in scalability ini. Falling back to default.
LogInit: Display: Running engine for game: HSPGame
LogPakFile: Registered encryption key '00000000000000000000000000000000': 0 pak files mounted, 0 remain pending
LogPlatformFile: Not using cached read wrapper
LogTaskGraph: Started task graph with 5 named threads and 23 total threads with 3 sets of task threads.
LogStats: Stats thread started at 0.339221
LogD3D11RHI: Loaded GFSDK_Aftermath_Lib.x64.dll
LogICUInternationalization: ICU TimeZone Detection - Raw Offset: -8:00, Platform Override: ''
LogPluginManager: Mounting plugin Paper2D
LogPluginManager: Mounting plugin AISupport
LogPluginManager: Mounting plugin LightPropagationVolume
LogPluginManager: Mounting plugin ActorLayerUtilities
LogPluginManager: Mounting plugin CLionSourceCodeAccess
LogPluginManager: Mounting plugin CodeLiteSourceCodeAccess
LogPluginManager: Mounting plugin GitSourceControl
LogPluginManager: Mounting plugin KDevelopSourceCodeAccess
LogPluginManager: Mounting plugin NullSourceCodeAccess
LogPluginManager: Mounting plugin PerforceSourceControl
LogPluginManager: Mounting plugin SubversionSourceControl
LogPluginManager: Mounting plugin UObjectPlugin
LogPluginManager: Mounting plugin VisualStudioCodeSourceCodeAccess
LogPluginManager: Mounting plugin VisualStudioSourceCodeAccess
LogPluginManager: Mounting plugin XCodeSourceCodeAccess
LogPluginManager: Mounting plugin AssetManagerEditor
LogPluginManager: Mounting plugin CryptoKeys
LogPluginManager: Mounting plugin DataValidation
LogPluginManager: Mounting plugin FacialAnimation
LogPluginManager: Mounting plugin GameplayTagsEditor
LogPluginManager: Mounting plugin MacGraphicsSwitching
LogPluginManager: Mounting plugin MeshEditor
LogPluginManager: Mounting plugin MobileLauncherProfileWizard
LogPluginManager: Mounting plugin PluginBrowser
LogPluginManager: Mounting plugin SpeedTreeImporter
LogPluginManager: Mounting plugin DatasmithContent
LogPluginManager: Mounting plugin VariantManagerContent
LogPluginManager: Mounting plugin AlembicImporter
LogPluginManager: Mounting plugin AppleImageUtils
LogPluginManager: Mounting plugin AppleVision
LogPluginManager: Mounting plugin BackChannel
LogPluginManager: Mounting plugin CharacterAI
LogPluginManager: Mounting plugin GeometryCache
LogPluginManager: Mounting plugin HTML5Networking
LogPluginManager: Mounting plugin ProxyLODPlugin
LogPluginManager: Mounting plugin MagicLeap
LogPluginManager: Mounting plugin MagicLeapMedia
LogPluginManager: Mounting plugin AndroidMedia
LogPluginManager: Mounting plugin AvfMedia
LogPluginManager: Mounting plugin ImgMedia
LogPluginManager: Mounting plugin LinearTimecode
LogPluginManager: Mounting plugin MediaCompositing
LogPluginManager: Mounting plugin MediaPlayerEditor
LogPluginManager: Mounting plugin WebMMedia
LogPluginManager: Mounting plugin WmfMedia
LogPluginManager: Mounting plugin TcpMessaging
LogPluginManager: Mounting plugin UdpMessaging
LogPluginManager: Mounting plugin ActorSequence
LogPluginManager: Mounting plugin LevelSequenceEditor
LogPluginManager: Mounting plugin MatineeToLevelSequence
LogPluginManager: Mounting plugin NetcodeUnitTest
LogPluginManager: Mounting plugin NUTUnrealEngine4
LogPluginManager: Mounting plugin OnlineSubsystemGooglePlay
LogPluginManager: Mounting plugin OnlineSubsystemIOS
LogPluginManager: Mounting plugin OnlineSubsystem
LogPluginManager: Mounting plugin OnlineSubsystemNull
LogPluginManager: Mounting plugin OnlineSubsystemUtils
LogPluginManager: Mounting plugin LauncherChunkInstaller
LogPluginManager: Mounting plugin AndroidDeviceProfileSelector
LogPluginManager: Mounting plugin AndroidMoviePlayer
LogPluginManager: Mounting plugin AndroidPermission
LogPluginManager: Mounting plugin AppleMoviePlayer
LogPluginManager: Mounting plugin ArchVisCharacter
LogPluginManager: Mounting plugin AudioCapture
LogPluginManager: Mounting plugin CableComponent
LogPluginManager: Mounting plugin CustomMeshComponent
LogPluginManager: Mounting plugin EditableMesh
LogPluginManager: Mounting plugin ExampleDeviceProfileSelector
LogPluginManager: Mounting plugin Firebase
LogPluginManager: Mounting plugin GoogleCloudMessaging
LogPluginManager: Mounting plugin IOSDeviceProfileSelector
LogPluginManager: Mounting plugin LinuxDeviceProfileSelector
LogPluginManager: Mounting plugin LocationServicesBPLibrary
LogPluginManager: Mounting plugin MobilePatchingUtils
LogPluginManager: Mounting plugin OculusVR
LogPluginManager: Mounting plugin PhysXVehicles
LogPluginManager: Mounting plugin ProceduralMeshComponent
LogPluginManager: Mounting plugin RuntimePhysXCooking
LogPluginManager: Mounting plugin SteamVR
LogPluginManager: Mounting plugin WebMMoviePlayer
LogPluginManager: Mounting plugin WindowsMoviePlayer
LogStreaming: Display: Took  0.091s to configure plugins.
LogInit: Using libcurl 7.55.1-DEV
LogInit:  - built for x86_64-pc-win32
LogInit:  - supports SSL with OpenSSL/1.0.2h
LogInit:  - supports HTTP deflate (compression) using libz 1.2.8
LogInit:  - other features:
LogInit:      CURL_VERSION_SSL
LogInit:      CURL_VERSION_LIBZ
LogInit:      CURL_VERSION_IPV6
LogInit:      CURL_VERSION_ASYNCHDNS
LogInit:      CURL_VERSION_LARGEFILE
LogInit:      CURL_VERSION_IDN
LogInit:  CurlRequestOptions (configurable via config and command line):
LogInit:  - bVerifyPeer = true  - Libcurl will verify peer certificate
LogInit:  - bUseHttpProxy = false  - Libcurl will NOT use HTTP proxy
LogInit:  - bDontReuseConnections = false  - Libcurl will reuse connections
LogInit:  - MaxHostConnections = 16  - Libcurl will limit the number of connections to a host
LogInit:  - LocalHostAddr = Default
LogInit:  - BufferSize = 65536
LogInit: WinSock: version 1.1 (2.2), MaxSocks=32767, MaxUdp=65467
LogInit: Build: ++UE4+Release-4.21-CL-4753647
LogInit: Engine Version: 4.21.2-4753647+++UE4+Release-4.21
LogInit: Compatible Engine Version: 4.21.0-4541578+++UE4+Release-4.21
LogInit: Net CL: 4541578
LogInit: OS: Windows 10 (), CPU: Intel(R) Core(TM) i7-6700K CPU @ 4.00GHz, GPU: NVIDIA GeForce RTX 2080
LogInit: Compiled (64-bit): Jan 19 2019 02:07:31
LogInit: Compiled with Visual C++: 19.13.26129.00
LogInit: Build Configuration: Development
LogInit: Branch Name: ++UE4+Release-4.21
LogInit: Command Line:  -skipcompile
LogInit: Base Directory: G:/Games/Epic/Games/UE_4.21/Engine/Binaries/Win64/
LogInit: Installed Engine Build: 1
LogDevObjectVersion: Number of dev versions registered: 22
LogDevObjectVersion:   Dev-Blueprints (B0D832E4-1F89-4F0D-ACCF-7EB736FD4AA2): 10
LogDevObjectVersion:   Dev-Build (E1C64328-A22C-4D53-A36C-8E866417BD8C): 0
LogDevObjectVersion:   Dev-Core (375EC13C-06E4-48FB-B500-84F0262A717E): 2
LogDevObjectVersion:   Dev-Editor (E4B068ED-F494-42E9-A231-DA0B2E46BB41): 26
LogDevObjectVersion:   Dev-Framework (CFFC743F-43B0-4480-9391-14DF171D2073): 34
LogDevObjectVersion:   Dev-Mobile (B02B49B5-BB20-44E9-A304-32B752E40360): 2
LogDevObjectVersion:   Dev-Networking (A4E4105C-59A1-49B5-A7C5-40C4547EDFEE): 0
LogDevObjectVersion:   Dev-Online (39C831C9-5AE6-47DC-9A44-9C173E1C8E7C): 0
LogDevObjectVersion:   Dev-Physics (78F01B33-EBEA-4F98-B9B4-84EACCB95AA2): 0
LogDevObjectVersion:   Dev-Platform (6631380F-2D4D-43E0-8009-CF276956A95A): 0
LogDevObjectVersion:   Dev-Rendering (12F88B9F-8875-4AFC-A67C-D90C383ABD29): 27
LogDevObjectVersion:   Dev-Sequencer (7B5AE74C-D270-4C10-A958-57980B212A5A): 9
LogDevObjectVersion:   Dev-VR (D7296918-1DD6-4BDD-9DE2-64A83CC13884): 2
LogDevObjectVersion:   Dev-LoadTimes (C2A15278-BFE7-4AFE-6C17-90FF531DF755): 1
LogDevObjectVersion:   Private-Geometry (6EACA3D4-40EC-4CC1-B786-8BED09428FC5): 3
LogDevObjectVersion:   Dev-AnimPhys (29E575DD-E0A3-4627-9D10-D276232CDCEA): 17
LogDevObjectVersion:   Dev-Anim (AF43A65D-7FD3-4947-9873-3E8ED9C1BB05): 2
LogDevObjectVersion:   Dev-ReflectionCapture (6B266CEC-1EC7-4B8F-A30B-E4D90942FC07): 1
LogDevObjectVersion:   Dev-Automation (0DF73D61-A23F-47EA-B727-89E90C41499A): 1
LogDevObjectVersion:   FortniteMain (601D1886-AC64-4F84-AA16-D3DE0DEAC7D6): 17
LogDevObjectVersion:   Dev-Enterprise (9DFFBCD6-494F-0158-E221-12823C92A888): 4
LogDevObjectVersion:   Dev-Niagara (F2AED0AC-9AFE-416F-8664-AA7FFA26D6FC): 1
LogStreaming: Display: Took  0.004s to delete old logs.
LogInit: Presizing for max 8388607 objects, including 0 objects not considered by GC, pre-allocating 0 bytes for permanent pool.
LogInit: Object subsystem initialized
LogConfig: Setting CVar [[con.DebugEarlyDefault:1]]
LogConfig: Setting CVar [[r.setres:1280x720]]
[2019.02.16-03.39.18:302][  0]LogConfig: Setting CVar [[r.VSync:0]]
[2019.02.16-03.39.18:302][  0]LogConfig: Setting CVar [[r.RHICmdBypass:0]]
[2019.02.16-03.39.18:302][  0]LogConfig: Applying CVar settings from Section [/Script/Engine.RendererSettings] File [C:/Users/gosus/Documents/CP-School/SeniorProject/gitRepos/Senior-Project-CPP-Testground/HSPGame/Saved/Config/Windows/Engine.ini]
[2019.02.16-03.39.18:302][  0]LogConfig: Setting CVar [[r.GPUCrashDebugging:0]]
[2019.02.16-03.39.18:302][  0]LogConfig: Applying CVar settings from Section [/Script/Engine.RendererOverrideSettings] File [C:/Users/gosus/Documents/CP-School/SeniorProject/gitRepos/Senior-Project-CPP-Testground/HSPGame/Saved/Config/Windows/Engine.ini]
[2019.02.16-03.39.18:302][  0]LogConfig: Applying CVar settings from Section [/Script/Engine.StreamingSettings] File [C:/Users/gosus/Documents/CP-School/SeniorProject/gitRepos/Senior-Project-CPP-Testground/HSPGame/Saved/Config/Windows/Engine.ini]
[2019.02.16-03.39.18:302][  0]LogConfig: Setting CVar [[s.MinBulkDataSizeForAsyncLoading:131072]]
[2019.02.16-03.39.18:302][  0]LogConfig: Setting CVar [[s.AsyncLoadingThreadEnabled:0]]
[2019.02.16-03.39.18:302][  0]LogConfig: Setting CVar [[s.EventDrivenLoaderEnabled:1]]
[2019.02.16-03.39.18:302][  0]LogConfig: Setting CVar [[s.WarnIfTimeLimitExceeded:0]]
[2019.02.16-03.39.18:302][  0]LogConfig: Setting CVar [[s.TimeLimitExceededMultiplier:1.5]]
[2019.02.16-03.39.18:302][  0]LogConfig: Setting CVar [[s.TimeLimitExceededMinTime:0.005]]
[2019.02.16-03.39.18:302][  0]LogConfig: Setting CVar [[s.UseBackgroundLevelStreaming:1]]
[2019.02.16-03.39.18:303][  0]LogConfig: Setting CVar [[s.PriorityAsyncLoadingExtraTime:15.0]]
[2019.02.16-03.39.18:303][  0]LogConfig: Setting CVar [[s.LevelStreamingActorsUpdateTimeLimit:5.0]]
[2019.02.16-03.39.18:303][  0]LogConfig: Setting CVar [[s.PriorityLevelStreamingActorsUpdateExtraTime:5.0]]
[2019.02.16-03.39.18:303][  0]LogConfig: Setting CVar [[s.LevelStreamingComponentsRegistrationGranularity:10]]
[2019.02.16-03.39.18:303][  0]LogConfig: Setting CVar [[s.UnregisterComponentsTimeLimit:1.0]]
[2019.02.16-03.39.18:303][  0]LogConfig: Setting CVar [[s.LevelStreamingComponentsUnregistrationGranularity:5]]
[2019.02.16-03.39.18:303][  0]LogConfig: Applying CVar settings from Section [/Script/Engine.GarbageCollectionSettings] File [C:/Users/gosus/Documents/CP-School/SeniorProject/gitRepos/Senior-Project-CPP-Testground/HSPGame/Saved/Config/Windows/Engine.ini]
[2019.02.16-03.39.18:303][  0]LogConfig: Setting CVar [[gc.MaxObjectsNotConsideredByGC:1]]
[2019.02.16-03.39.18:303][  0]LogConfig: Setting CVar [[gc.SizeOfPermanentObjectPool:0]]
[2019.02.16-03.39.18:303][  0]LogConfig: Setting CVar [[gc.FlushStreamingOnGC:0]]
[2019.02.16-03.39.18:303][  0]LogConfig: Setting CVar [[gc.NumRetriesBeforeForcingGC:10]]
[2019.02.16-03.39.18:303][  0]LogConfig: Setting CVar [[gc.AllowParallelGC:1]]
[2019.02.16-03.39.18:303][  0]LogConfig: Setting CVar [[gc.TimeBetweenPurgingPendingKillObjects:61.1]]
[2019.02.16-03.39.18:303][  0]LogConfig: Setting CVar [[gc.MaxObjectsInEditor:8388607]]
[2019.02.16-03.39.18:303][  0]LogConfig: Setting CVar [[gc.IncrementalBeginDestroyEnabled:1]]
[2019.02.16-03.39.18:303][  0]LogConfig: Setting CVar [[gc.CreateGCClusters:1]]
[2019.02.16-03.39.18:303][  0]LogConfig: Setting CVar [[gc.MergeGCClusters:0]]
[2019.02.16-03.39.18:303][  0]LogConfig: Setting CVar [[gc.MinGCClusterSize:5]]
[2019.02.16-03.39.18:303][  0]LogConfig: Setting CVar [[gc.ActorClusteringEnabled:0]]
[2019.02.16-03.39.18:303][  0]LogConfig: Setting CVar [[gc.BlueprintClusteringEnabled:0]]
[2019.02.16-03.39.18:304][  0]LogConfig: Setting CVar [[gc.UseDisregardForGCOnDedicatedServers:0]]
[2019.02.16-03.39.18:304][  0]LogConfig: Applying CVar settings from Section [/Script/Engine.NetworkSettings] File [C:/Users/gosus/Documents/CP-School/SeniorProject/gitRepos/Senior-Project-CPP-Testground/HSPGame/Saved/Config/Windows/Engine.ini]
[2019.02.16-03.39.18:304][  0]LogConfig: Applying CVar settings from Section [/Script/UnrealEd.CookerSettings] File [C:/Users/gosus/Documents/CP-School/SeniorProject/gitRepos/Senior-Project-CPP-Testground/HSPGame/Saved/Config/Windows/Engine.ini]
[2019.02.16-03.39.18:317][  0]LogConfig: Applying CVar settings from Section [ViewDistanceQuality@3] File [C:/Users/gosus/Documents/CP-School/SeniorProject/gitRepos/Senior-Project-CPP-Testground/HSPGame/Saved/Config/Windows/Scalability.ini]
[2019.02.16-03.39.18:317][  0]LogConfig: Setting CVar [[r.SkeletalMeshLODBias:0]]
[2019.02.16-03.39.18:317][  0]LogConfig: Setting CVar [[r.ViewDistanceScale:1.0]]
[2019.02.16-03.39.18:317][  0]LogConfig: Applying CVar settings from Section [AntiAliasingQuality@3] File [C:/Users/gosus/Documents/CP-School/SeniorProject/gitRepos/Senior-Project-CPP-Testground/HSPGame/Saved/Config/Windows/Scalability.ini]
[2019.02.16-03.39.18:317][  0]LogConfig: Setting CVar [[r.PostProcessAAQuality:4]]
[2019.02.16-03.39.18:317][  0]LogConfig: Applying CVar settings from Section [ShadowQuality@3] File [C:/Users/gosus/Documents/CP-School/SeniorProject/gitRepos/Senior-Project-CPP-Testground/HSPGame/Saved/Config/Windows/Scalability.ini]
[2019.02.16-03.39.18:317][  0]LogConfig: Setting CVar [[r.LightFunctionQuality:1]]
[2019.02.16-03.39.18:317][  0]LogConfig: Setting CVar [[r.ShadowQuality:5]]
[2019.02.16-03.39.18:317][  0]LogConfig: Setting CVar [[r.Shadow.CSM.MaxCascades:10]]
[2019.02.16-03.39.18:317][  0]LogConfig: Setting CVar [[r.Shadow.MaxResolution:2048]]
[2019.02.16-03.39.18:318][  0]LogConfig: Setting CVar [[r.Shadow.MaxCSMResolution:2048]]
[2019.02.16-03.39.18:318][  0]LogConfig: Setting CVar [[r.Shadow.RadiusThreshold:0.01]]
[2019.02.16-03.39.18:318][  0]LogConfig: Setting CVar [[r.Shadow.DistanceScale:1.0]]
[2019.02.16-03.39.18:318][  0]LogConfig: Setting CVar [[r.Shadow.CSM.TransitionScale:1.0]]
[2019.02.16-03.39.18:318][  0]LogConfig: Setting CVar [[r.Shadow.PreShadowResolutionFactor:1.0]]
[2019.02.16-03.39.18:318][  0]LogConfig: Setting CVar [[r.DistanceFieldShadowing:1]]
[2019.02.16-03.39.18:318][  0]LogConfig: Setting CVar [[r.DistanceFieldAO:1]]
[2019.02.16-03.39.18:318][  0]LogConfig: Setting CVar [[r.AOQuality:2]]
[2019.02.16-03.39.18:318][  0]LogConfig: Setting CVar [[r.VolumetricFog:1]]
[2019.02.16-03.39.18:318][  0]LogConfig: Setting CVar [[r.VolumetricFog.GridPixelSize:8]]
[2019.02.16-03.39.18:318][  0]LogConfig: Setting CVar [[r.VolumetricFog.GridSizeZ:128]]
[2019.02.16-03.39.18:318][  0]LogConfig: Setting CVar [[r.VolumetricFog.HistoryMissSupersampleCount:4]]
[2019.02.16-03.39.18:318][  0]LogConfig: Setting CVar [[r.LightMaxDrawDistanceScale:1]]
[2019.02.16-03.39.18:318][  0]LogConfig: Setting CVar [[r.CapsuleShadows:1]]
[2019.02.16-03.39.18:318][  0]LogConfig: Applying CVar settings from Section [PostProcessQuality@3] File [C:/Users/gosus/Documents/CP-School/SeniorProject/gitRepos/Senior-Project-CPP-Testground/HSPGame/Saved/Config/Windows/Scalability.ini]
[2019.02.16-03.39.18:318][  0]LogConfig: Setting CVar [[r.MotionBlurQuality:4]]
[2019.02.16-03.39.18:318][  0]LogConfig: Setting CVar [[r.AmbientOcclusionMipLevelFactor:0.4]]
[2019.02.16-03.39.18:318][  0]LogConfig: Setting CVar [[r.AmbientOcclusionMaxQuality:100]]
[2019.02.16-03.39.18:319][  0]LogConfig: Setting CVar [[r.AmbientOcclusionLevels:-1]]
[2019.02.16-03.39.18:319][  0]LogConfig: Setting CVar [[r.AmbientOcclusionRadiusScale:1.0]]
[2019.02.16-03.39.18:319][  0]LogConfig: Setting CVar [[r.DepthOfFieldQuality:2]]
[2019.02.16-03.39.18:319][  0]LogConfig: Setting CVar [[r.RenderTargetPoolMin:400]]
[2019.02.16-03.39.18:319][  0]LogConfig: Setting CVar [[r.LensFlareQuality:2]]
[2019.02.16-03.39.18:319][  0]LogConfig: Setting CVar [[r.SceneColorFringeQuality:1]]
[2019.02.16-03.39.18:319][  0]LogConfig: Setting CVar [[r.EyeAdaptationQuality:2]]
[2019.02.16-03.39.18:319][  0]LogConfig: Setting CVar [[r.BloomQuality:5]]
[2019.02.16-03.39.18:319][  0]LogConfig: Setting CVar [[r.FastBlurThreshold:100]]
[2019.02.16-03.39.18:319][  0]LogConfig: Setting CVar [[r.Upscale.Quality:3]]
[2019.02.16-03.39.18:319][  0]LogConfig: Setting CVar [[r.Tonemapper.GrainQuantization:1]]
[2019.02.16-03.39.18:319][  0]LogConfig: Setting CVar [[r.LightShaftQuality:1]]
[2019.02.16-03.39.18:319][  0]LogConfig: Setting CVar [[r.Filter.SizeScale:1]]
[2019.02.16-03.39.18:319][  0]LogConfig: Setting CVar [[r.Tonemapper.Quality:5]]
[2019.02.16-03.39.18:319][  0]LogConfig: Setting CVar [[r.DOF.Gather.AccumulatorQuality:1        ; higher gathering accumulator quality]]
[2019.02.16-03.39.18:319][  0]LogConfig: Setting CVar [[r.DOF.Gather.PostfilterMethod:1          ; Median3x3 postfilering method]]
[2019.02.16-03.39.18:319][  0]LogConfig: Setting CVar [[r.DOF.Gather.EnableBokehSettings:0       ; no bokeh simulation when gathering]]
[2019.02.16-03.39.18:319][  0]LogConfig: Setting CVar [[r.DOF.Gather.RingCount:4                 ; medium number of samples when gathering]]
[2019.02.16-03.39.18:319][  0]LogConfig: Setting CVar [[r.DOF.Scatter.ForegroundCompositing:1    ; additive foreground scattering]]
[2019.02.16-03.39.18:320][  0]LogConfig: Setting CVar [[r.DOF.Scatter.BackgroundCompositing:2    ; additive background scattering]]
[2019.02.16-03.39.18:320][  0]LogConfig: Setting CVar [[r.DOF.Scatter.EnableBokehSettings:1      ; bokeh simulation when scattering]]
[2019.02.16-03.39.18:320][  0]LogConfig: Setting CVar [[r.DOF.Scatter.MaxSpriteRatio:0.1         ; only a maximum of 10% of scattered bokeh]]
[2019.02.16-03.39.18:320][  0]LogConfig: Setting CVar [[r.DOF.Recombine.Quality:1                ; cheap slight out of focus]]
[2019.02.16-03.39.18:320][  0]LogConfig: Setting CVar [[r.DOF.Recombine.EnableBokehSettings:0    ; no bokeh simulation on slight out of focus]]
[2019.02.16-03.39.18:320][  0]LogConfig: Setting CVar [[r.DOF.TemporalAAQuality:1                ; more stable temporal accumulation]]
[2019.02.16-03.39.18:320][  0]LogConfig: Setting CVar [[r.DOF.Kernel.MaxForegroundRadius:0.025]]
[2019.02.16-03.39.18:320][  0]LogConfig: Setting CVar [[r.DOF.Kernel.MaxBackgroundRadius:0.025]]
[2019.02.16-03.39.18:320][  0]LogConfig: Applying CVar settings from Section [TextureQuality@3] File [C:/Users/gosus/Documents/CP-School/SeniorProject/gitRepos/Senior-Project-CPP-Testground/HSPGame/Saved/Config/Windows/Scalability.ini]
[2019.02.16-03.39.18:320][  0]LogConfig: Setting CVar [[r.Streaming.MipBias:0]]
[2019.02.16-03.39.18:320][  0]LogConfig: Setting CVar [[r.Streaming.AmortizeCPUToGPUCopy:0]]
[2019.02.16-03.39.18:320][  0]LogConfig: Setting CVar [[r.Streaming.MaxNumTexturesToStreamPerFrame:0]]
[2019.02.16-03.39.18:320][  0]LogConfig: Setting CVar [[r.Streaming.Boost:1]]
[2019.02.16-03.39.18:320][  0]LogConfig: Setting CVar [[r.MaxAnisotropy:8]]
[2019.02.16-03.39.18:320][  0]LogConfig: Setting CVar [[r.Streaming.LimitPoolSizeToVRAM:0]]
[2019.02.16-03.39.18:321][  0]LogConfig: Setting CVar [[r.Streaming.PoolSize:1000]]
[2019.02.16-03.39.18:321][  0]LogConfig: Setting CVar [[r.Streaming.MaxEffectiveScreenSize:0]]
[2019.02.16-03.39.18:321][  0]LogConfig: Applying CVar settings from Section [EffectsQuality@3] File [C:/Users/gosus/Documents/CP-School/SeniorProject/gitRepos/Senior-Project-CPP-Testground/HSPGame/Saved/Config/Windows/Scalability.ini]
[2019.02.16-03.39.18:321][  0]LogConfig: Setting CVar [[r.TranslucencyLightingVolumeDim:64]]
[2019.02.16-03.39.18:321][  0]LogConfig: Setting CVar [[r.RefractionQuality:2]]
[2019.02.16-03.39.18:321][  0]LogConfig: Setting CVar [[r.SSR.Quality:3]]
[2019.02.16-03.39.18:321][  0]LogConfig: Setting CVar [[r.SceneColorFormat:4]]
[2019.02.16-03.39.18:321][  0]LogConfig: Setting CVar [[r.DetailMode:2]]
[2019.02.16-03.39.18:321][  0]LogConfig: Setting CVar [[r.TranslucencyVolumeBlur:1]]
[2019.02.16-03.39.18:321][  0]LogConfig: Setting CVar [[r.MaterialQualityLevel:1 ; High quality]]
[2019.02.16-03.39.18:321][  0]LogConfig: Setting CVar [[r.SSS.Scale:1]]
[2019.02.16-03.39.18:321][  0]LogConfig: Setting CVar [[r.SSS.SampleSet:2]]
[2019.02.16-03.39.18:321][  0]LogConfig: Setting CVar [[r.SSS.Quality:1]]
[2019.02.16-03.39.18:321][  0]LogConfig: Setting CVar [[r.SSS.HalfRes:1]]
[2019.02.16-03.39.18:321][  0]LogConfig: Setting CVar [[r.EmitterSpawnRateScale:1.0]]
[2019.02.16-03.39.18:321][  0]LogConfig: Setting CVar [[r.ParticleLightQuality:2]]
[2019.02.16-03.39.18:321][  0]LogConfig: Applying CVar settings from Section [FoliageQuality@3] File [C:/Users/gosus/Documents/CP-School/SeniorProject/gitRepos/Senior-Project-CPP-Testground/HSPGame/Saved/Config/Windows/Scalability.ini]
[2019.02.16-03.39.18:321][  0]LogConfig: Setting CVar [[foliage.DensityScale:1.0]]
[2019.02.16-03.39.18:322][  0]LogConfig: Setting CVar [[grass.DensityScale:1.0]]
[2019.02.16-03.39.18:322][  0]LogInit: Selected Device Profile: [Windows]
[2019.02.16-03.39.18:322][  0]LogInit: Applying CVar settings loaded from the selected device profile: [Windows]
[2019.02.16-03.39.18:334][  0]LogHAL: Display: Platform has ~ 32 GB [34313105408 / 34359738368 / 32], which maps to Largest [LargestMinGB=32, LargerMinGB=12, DefaultMinGB=8, SmallerMinGB=6, SmallestMinGB=0)
[2019.02.16-03.39.18:334][  0]LogConfig: Setting CVar [[r.Vulkan.UseRealUBs:1]]
[2019.02.16-03.39.18:334][  0]LogInit: Going up to parent DeviceProfile []
[2019.02.16-03.39.18:334][  0]LogConfig: Applying CVar settings from Section [ViewDistanceQuality@3] File [C:/Users/gosus/Documents/CP-School/SeniorProject/gitRepos/Senior-Project-CPP-Testground/HSPGame/Saved/Config/Windows/Scalability.ini]
[2019.02.16-03.39.18:334][  0]LogConfig: Setting CVar [[r.SkeletalMeshLODBias:0]]
[2019.02.16-03.39.18:334][  0]LogConfig: Setting CVar [[r.ViewDistanceScale:1.0]]
[2019.02.16-03.39.18:334][  0]LogConfig: Applying CVar settings from Section [AntiAliasingQuality@3] File [C:/Users/gosus/Documents/CP-School/SeniorProject/gitRepos/Senior-Project-CPP-Testground/HSPGame/Saved/Config/Windows/Scalability.ini]
[2019.02.16-03.39.18:334][  0]LogConfig: Setting CVar [[r.PostProcessAAQuality:4]]
[2019.02.16-03.39.18:334][  0]LogConfig: Applying CVar settings from Section [ShadowQuality@3] File [C:/Users/gosus/Documents/CP-School/SeniorProject/gitRepos/Senior-Project-CPP-Testground/HSPGame/Saved/Config/Windows/Scalability.ini]
[2019.02.16-03.39.18:334][  0]LogConfig: Setting CVar [[r.LightFunctionQuality:1]]
[2019.02.16-03.39.18:334][  0]LogConfig: Setting CVar [[r.ShadowQuality:5]]
[2019.02.16-03.39.18:334][  0]LogConfig: Setting CVar [[r.Shadow.CSM.MaxCascades:10]]
[2019.02.16-03.39.18:334][  0]LogConfig: Setting CVar [[r.Shadow.MaxResolution:2048]]
[2019.02.16-03.39.18:335][  0]LogConfig: Setting CVar [[r.Shadow.MaxCSMResolution:2048]]
[2019.02.16-03.39.18:335][  0]LogConfig: Setting CVar [[r.Shadow.RadiusThreshold:0.01]]
[2019.02.16-03.39.18:335][  0]LogConfig: Setting CVar [[r.Shadow.DistanceScale:1.0]]
[2019.02.16-03.39.18:335][  0]LogConfig: Setting CVar [[r.Shadow.CSM.TransitionScale:1.0]]
[2019.02.16-03.39.18:335][  0]LogConfig: Setting CVar [[r.Shadow.PreShadowResolutionFactor:1.0]]
[2019.02.16-03.39.18:335][  0]LogConfig: Setting CVar [[r.DistanceFieldShadowing:1]]
[2019.02.16-03.39.18:335][  0]LogConfig: Setting CVar [[r.DistanceFieldAO:1]]
[2019.02.16-03.39.18:335][  0]LogConfig: Setting CVar [[r.AOQuality:2]]
[2019.02.16-03.39.18:335][  0]LogConfig: Setting CVar [[r.VolumetricFog:1]]
[2019.02.16-03.39.18:335][  0]LogConfig: Setting CVar [[r.VolumetricFog.GridPixelSize:8]]
[2019.02.16-03.39.18:335][  0]LogConfig: Setting CVar [[r.VolumetricFog.GridSizeZ:128]]
[2019.02.16-03.39.18:335][  0]LogConfig: Setting CVar [[r.VolumetricFog.HistoryMissSupersampleCount:4]]
[2019.02.16-03.39.18:335][  0]LogConfig: Setting CVar [[r.LightMaxDrawDistanceScale:1]]
[2019.02.16-03.39.18:335][  0]LogConfig: Setting CVar [[r.CapsuleShadows:1]]
[2019.02.16-03.39.18:335][  0]LogConfig: Applying CVar settings from Section [PostProcessQuality@3] File [C:/Users/gosus/Documents/CP-School/SeniorProject/gitRepos/Senior-Project-CPP-Testground/HSPGame/Saved/Config/Windows/Scalability.ini]
[2019.02.16-03.39.18:335][  0]LogConfig: Setting CVar [[r.MotionBlurQuality:4]]
[2019.02.16-03.39.18:335][  0]LogConfig: Setting CVar [[r.AmbientOcclusionMipLevelFactor:0.4]]
[2019.02.16-03.39.18:335][  0]LogConfig: Setting CVar [[r.AmbientOcclusionMaxQuality:100]]
[2019.02.16-03.39.18:335][  0]LogConfig: Setting CVar [[r.AmbientOcclusionLevels:-1]]
[2019.02.16-03.39.18:335][  0]LogConfig: Setting CVar [[r.AmbientOcclusionRadiusScale:1.0]]
[2019.02.16-03.39.18:336][  0]LogConfig: Setting CVar [[r.DepthOfFieldQuality:2]]
[2019.02.16-03.39.18:336][  0]LogConfig: Setting CVar [[r.RenderTargetPoolMin:400]]
[2019.02.16-03.39.18:336][  0]LogConfig: Setting CVar [[r.LensFlareQuality:2]]
[2019.02.16-03.39.18:336][  0]LogConfig: Setting CVar [[r.SceneColorFringeQuality:1]]
[2019.02.16-03.39.18:336][  0]LogConfig: Setting CVar [[r.EyeAdaptationQuality:2]]
[2019.02.16-03.39.18:336][  0]LogConfig: Setting CVar [[r.BloomQuality:5]]
[2019.02.16-03.39.18:336][  0]LogConfig: Setting CVar [[r.FastBlurThreshold:100]]
[2019.02.16-03.39.18:336][  0]LogConfig: Setting CVar [[r.Upscale.Quality:3]]
[2019.02.16-03.39.18:336][  0]LogConfig: Setting CVar [[r.Tonemapper.GrainQuantization:1]]
[2019.02.16-03.39.18:336][  0]LogConfig: Setting CVar [[r.LightShaftQuality:1]]
[2019.02.16-03.39.18:336][  0]LogConfig: Setting CVar [[r.Filter.SizeScale:1]]
[2019.02.16-03.39.18:336][  0]LogConfig: Setting CVar [[r.Tonemapper.Quality:5]]
[2019.02.16-03.39.18:336][  0]LogConfig: Setting CVar [[r.DOF.Gather.AccumulatorQuality:1        ; higher gathering accumulator quality]]
[2019.02.16-03.39.18:336][  0]LogConfig: Setting CVar [[r.DOF.Gather.PostfilterMethod:1          ; Median3x3 postfilering method]]
[2019.02.16-03.39.18:336][  0]LogConfig: Setting CVar [[r.DOF.Gather.EnableBokehSettings:0       ; no bokeh simulation when gathering]]
[2019.02.16-03.39.18:336][  0]LogConfig: Setting CVar [[r.DOF.Gather.RingCount:4                 ; medium number of samples when gathering]]
[2019.02.16-03.39.18:336][  0]LogConfig: Setting CVar [[r.DOF.Scatter.ForegroundCompositing:1    ; additive foreground scattering]]
[2019.02.16-03.39.18:336][  0]LogConfig: Setting CVar [[r.DOF.Scatter.BackgroundCompositing:2    ; additive background scattering]]
[2019.02.16-03.39.18:336][  0]LogConfig: Setting CVar [[r.DOF.Scatter.EnableBokehSettings:1      ; bokeh simulation when scattering]]
[2019.02.16-03.39.18:336][  0]LogConfig: Setting CVar [[r.DOF.Scatter.MaxSpriteRatio:0.1         ; only a maximum of 10% of scattered bokeh]]
[2019.02.16-03.39.18:337][  0]LogConfig: Setting CVar [[r.DOF.Recombine.Quality:1                ; cheap slight out of focus]]
[2019.02.16-03.39.18:337][  0]LogConfig: Setting CVar [[r.DOF.Recombine.EnableBokehSettings:0    ; no bokeh simulation on slight out of focus]]
[2019.02.16-03.39.18:337][  0]LogConfig: Setting CVar [[r.DOF.TemporalAAQuality:1                ; more stable temporal accumulation]]
[2019.02.16-03.39.18:337][  0]LogConfig: Setting CVar [[r.DOF.Kernel.MaxForegroundRadius:0.025]]
[2019.02.16-03.39.18:337][  0]LogConfig: Setting CVar [[r.DOF.Kernel.MaxBackgroundRadius:0.025]]
[2019.02.16-03.39.18:337][  0]LogConfig: Applying CVar settings from Section [TextureQuality@3] File [C:/Users/gosus/Documents/CP-School/SeniorProject/gitRepos/Senior-Project-CPP-Testground/HSPGame/Saved/Config/Windows/Scalability.ini]
[2019.02.16-03.39.18:337][  0]LogConfig: Setting CVar [[r.Streaming.MipBias:0]]
[2019.02.16-03.39.18:337][  0]LogConfig: Setting CVar [[r.Streaming.AmortizeCPUToGPUCopy:0]]
[2019.02.16-03.39.18:337][  0]LogConfig: Setting CVar [[r.Streaming.MaxNumTexturesToStreamPerFrame:0]]
[2019.02.16-03.39.18:337][  0]LogConfig: Setting CVar [[r.Streaming.Boost:1]]
[2019.02.16-03.39.18:337][  0]LogConfig: Setting CVar [[r.MaxAnisotropy:8]]
[2019.02.16-03.39.18:337][  0]LogConfig: Setting CVar [[r.Streaming.LimitPoolSizeToVRAM:0]]
[2019.02.16-03.39.18:337][  0]LogConfig: Setting CVar [[r.Streaming.PoolSize:1000]]
[2019.02.16-03.39.18:337][  0]LogConfig: Setting CVar [[r.Streaming.MaxEffectiveScreenSize:0]]
[2019.02.16-03.39.18:337][  0]LogConfig: Applying CVar settings from Section [EffectsQuality@3] File [C:/Users/gosus/Documents/CP-School/SeniorProject/gitRepos/Senior-Project-CPP-Testground/HSPGame/Saved/Config/Windows/Scalability.ini]
[2019.02.16-03.39.18:337][  0]LogConfig: Setting CVar [[r.TranslucencyLightingVolumeDim:64]]
[2019.02.16-03.39.18:337][  0]LogConfig: Setting CVar [[r.RefractionQuality:2]]
[2019.02.16-03.39.18:337][  0]LogConfig: Setting CVar [[r.SSR.Quality:3]]
[2019.02.16-03.39.18:337][  0]LogConfig: Setting CVar [[r.SceneColorFormat:4]]
[2019.02.16-03.39.18:337][  0]LogConfig: Setting CVar [[r.DetailMode:2]]
[2019.02.16-03.39.18:338][  0]LogConfig: Setting CVar [[r.TranslucencyVolumeBlur:1]]
[2019.02.16-03.39.18:338][  0]LogConfig: Setting CVar [[r.MaterialQualityLevel:1 ; High quality]]
[2019.02.16-03.39.18:338][  0]LogConfig: Setting CVar [[r.SSS.Scale:1]]
[2019.02.16-03.39.18:338][  0]LogConfig: Setting CVar [[r.SSS.SampleSet:2]]
[2019.02.16-03.39.18:338][  0]LogConfig: Setting CVar [[r.SSS.Quality:1]]
[2019.02.16-03.39.18:338][  0]LogConfig: Setting CVar [[r.SSS.HalfRes:1]]
[2019.02.16-03.39.18:338][  0]LogConfig: Setting CVar [[r.EmitterSpawnRateScale:1.0]]
[2019.02.16-03.39.18:338][  0]LogConfig: Setting CVar [[r.ParticleLightQuality:2]]
[2019.02.16-03.39.18:338][  0]LogConfig: Applying CVar settings from Section [FoliageQuality@3] File [C:/Users/gosus/Documents/CP-School/SeniorProject/gitRepos/Senior-Project-CPP-Testground/HSPGame/Saved/Config/Windows/Scalability.ini]
[2019.02.16-03.39.18:338][  0]LogConfig: Setting CVar [[foliage.DensityScale:1.0]]
[2019.02.16-03.39.18:338][  0]LogConfig: Setting CVar [[grass.DensityScale:1.0]]
[2019.02.16-03.39.18:338][  0]LogConfig: Applying CVar settings from Section [Startup] File [../../../Engine/Config/ConsoleVariables.ini]
[2019.02.16-03.39.18:338][  0]LogConfig: Setting CVar [[net.UseAdaptiveNetUpdateFrequency:0]]
[2019.02.16-03.39.18:338][  0]LogConfig: Applying CVar settings from Section [ConsoleVariables] File [C:/Users/gosus/Documents/CP-School/SeniorProject/gitRepos/Senior-Project-CPP-Testground/HSPGame/Saved/Config/Windows/Engine.ini]
[2019.02.16-03.39.18:339][  0]LogInit: Computer: UNIT-01
[2019.02.16-03.39.18:339][  0]LogInit: User: gosus
[2019.02.16-03.39.18:339][  0]LogInit: CPU Page size=4096, Cores=4
[2019.02.16-03.39.18:339][  0]LogInit: High frequency timer resolution =10.000000 MHz
[2019.02.16-03.39.18:339][  0]LogMemory: Memory total: Physical=32.0GB (32GB approx)
[2019.02.16-03.39.18:339][  0]LogMemory: Platform Memory Stats for Windows
[2019.02.16-03.39.18:339][  0]LogMemory: Process Physical Memory: 103.32 MB used, 103.33 MB peak
[2019.02.16-03.39.18:339][  0]LogMemory: Process Virtual Memory: 90.23 MB used, 90.23 MB peak
[2019.02.16-03.39.18:339][  0]LogMemory: Physical Memory: 11387.23 MB used,  21336.29 MB free, 32723.53 MB total
[2019.02.16-03.39.18:339][  0]LogMemory: Virtual Memory: 4648.41 MB used,  134213080.00 MB free, 134217728.00 MB total
[2019.02.16-03.39.18:426][  0]LogInit: Using OS detected language (en-US).
[2019.02.16-03.39.18:426][  0]LogInit: Using OS detected locale (en-US).
[2019.02.16-03.39.18:427][  0]LogTextLocalizationManager: No specific localization for 'en-US' exists, so the 'en' localization will be used.
[2019.02.16-03.39.18:721][  0]LogStreaming: Display: Took  0.294s to InitEngineTextLocalization.
[2019.02.16-03.39.18:721][  0]LogInit: Setting process to per monitor DPI aware
[2019.02.16-03.39.18:773][  0]LogSlate: New Slate User Created.  User Index 0, Is Virtual User: 0
[2019.02.16-03.39.18:773][  0]LogSlate: Slate User Registered.  User Index 0, Is Virtual User: 0
[2019.02.16-03.39.18:944][  0]LogHMD: Failed to initialize OpenVR with code 110
[2019.02.16-03.39.18:944][  0]LogD3D11RHI: D3D11 adapters:
[2019.02.16-03.39.19:087][  0]LogD3D11RHI:    0. 'NVIDIA GeForce RTX 2080' (Feature Level 11_0)
[2019.02.16-03.39.19:087][  0]LogD3D11RHI:       8010/0/16361 MB DedicatedVideo/DedicatedSystem/SharedSystem, Outputs:2, VendorId:0x10de
[2019.02.16-03.39.19:092][  0]LogD3D11RHI:    1. 'Microsoft Basic Render Driver' (Feature Level 11_0)
[2019.02.16-03.39.19:092][  0]LogD3D11RHI:       0/0/16361 MB DedicatedVideo/DedicatedSystem/SharedSystem, Outputs:0, VendorId:0x1414
[2019.02.16-03.39.19:092][  0]LogD3D11RHI: Chosen D3D11 Adapter: 0
[2019.02.16-03.39.19:100][  0]LogD3D11RHI: Creating new Direct3DDevice
[2019.02.16-03.39.19:100][  0]LogD3D11RHI:     GPU DeviceId: 0x1e87 (for the marketing name, search the web for "GPU Device Id")
[2019.02.16-03.39.19:100][  0]LogWindows: EnumDisplayDevices:
[2019.02.16-03.39.19:100][  0]LogWindows:    0. 'NVIDIA GeForce RTX 2080' (P:1 D:1)
[2019.02.16-03.39.19:100][  0]LogWindows:    1. 'NVIDIA GeForce RTX 2080' (P:0 D:1)
[2019.02.16-03.39.19:101][  0]LogWindows:    2. 'NVIDIA GeForce RTX 2080' (P:0 D:0)
[2019.02.16-03.39.19:101][  0]LogWindows:    3. 'NVIDIA GeForce RTX 2080' (P:0 D:0)
[2019.02.16-03.39.19:101][  0]LogWindows: DebugString: FoundDriverCount:4 
[2019.02.16-03.39.19:101][  0]LogD3D11RHI:     Adapter Name: NVIDIA GeForce RTX 2080
[2019.02.16-03.39.19:101][  0]LogD3D11RHI:   Driver Version: 417.71 (internal:25.21.14.1771, unified:417.71)
[2019.02.16-03.39.19:101][  0]LogD3D11RHI:      Driver Date: 1-11-2019
[2019.02.16-03.39.19:101][  0]LogRHI: Texture pool is 5607 MB (70% of 8010 MB)
[2019.02.16-03.39.19:150][  0]LogD3D11RHI: Async texture creation enabled
[2019.02.16-03.39.19:176][  0]LogD3D11RHI: GPU Timing Frequency: 1000.000000 (Debug: 2 2)
[2019.02.16-03.39.19:511][  0]LogTemp: Display: Loaded TP AllDesktopTargetPlatform
[2019.02.16-03.39.19:527][  0]LogTemp: Display: Loaded TP MacClientTargetPlatform
[2019.02.16-03.39.19:542][  0]LogTemp: Display: Loaded TP MacNoEditorTargetPlatform
[2019.02.16-03.39.19:558][  0]LogTemp: Display: Loaded TP MacServerTargetPlatform
[2019.02.16-03.39.19:572][  0]LogTemp: Display: Loaded TP MacTargetPlatform
[2019.02.16-03.39.19:587][  0]LogTemp: Display: Loaded TP WindowsClientTargetPlatform
[2019.02.16-03.39.19:601][  0]LogTemp: Display: Loaded TP WindowsNoEditorTargetPlatform
[2019.02.16-03.39.19:614][  0]LogTemp: Display: Loaded TP WindowsServerTargetPlatform
[2019.02.16-03.39.19:622][  0]LogTemp: Display: Loaded TP WindowsTargetPlatform
[2019.02.16-03.39.19:684][  0]LogTemp: Display: Loaded TP AndroidTargetPlatform
[2019.02.16-03.39.19:685][  0]LogTemp: Display: Loaded TP AndroidTargetPlatform
[2019.02.16-03.39.19:685][  0]LogTemp: Display: Loaded TP AndroidTargetPlatform
[2019.02.16-03.39.19:685][  0]LogTemp: Display: Loaded TP AndroidTargetPlatform
[2019.02.16-03.39.19:685][  0]LogTemp: Display: Loaded TP AndroidTargetPlatform
[2019.02.16-03.39.19:685][  0]LogTemp: Display: Loaded TP AndroidTargetPlatform
[2019.02.16-03.39.19:685][  0]LogTemp: Display: Loaded TP AndroidTargetPlatform
[2019.02.16-03.39.19:685][  0]LogTemp: Display: Loaded TP AndroidTargetPlatform
[2019.02.16-03.39.19:685][  0]LogTemp: Display: Loaded TP AndroidTargetPlatform
[2019.02.16-03.39.19:685][  0]LogTemp: Display: Loaded TP AndroidTargetPlatform
[2019.02.16-03.39.19:685][  0]LogTemp: Display: Loaded TP AndroidTargetPlatform
[2019.02.16-03.39.19:685][  0]LogTemp: Display: Loaded TP AndroidTargetPlatform
[2019.02.16-03.39.19:685][  0]LogTemp: Display: Loaded TP AndroidTargetPlatform
[2019.02.16-03.39.19:685][  0]LogTemp: Display: Loaded TP AndroidTargetPlatform
[2019.02.16-03.39.19:685][  0]LogTemp: Display: Loaded TP AndroidTargetPlatform
[2019.02.16-03.39.19:685][  0]LogTemp: Display: Loaded TP AndroidTargetPlatform
[2019.02.16-03.39.19:686][  0]LogTemp: Display: Loaded TP AndroidTargetPlatform
[2019.02.16-03.39.19:686][  0]LogTemp: Display: Loaded TP AndroidTargetPlatform
[2019.02.16-03.39.19:689][  0]LogTemp: Display: Loaded TP HTML5TargetPlatform
[2019.02.16-03.39.19:757][  0]LogTemp: Display: Loaded TP IOSTargetPlatform
[2019.02.16-03.39.19:757][  0]LogTemp: Display: Loaded TP IOSTargetPlatform
[2019.02.16-03.39.19:778][  0]LogTemp: Display: Loaded TP TVOSTargetPlatform
[2019.02.16-03.39.19:778][  0]LogTemp: Display: Loaded TP TVOSTargetPlatform
[2019.02.16-03.39.19:793][  0]LogTemp: Display: Loaded TP LinuxClientTargetPlatform
[2019.02.16-03.39.19:806][  0]LogTemp: Display: Loaded TP LinuxNoEditorTargetPlatform
[2019.02.16-03.39.19:820][  0]LogTemp: Display: Loaded TP LinuxServerTargetPlatform
[2019.02.16-03.39.19:833][  0]LogTemp: Display: Loaded TP LinuxTargetPlatform
[2019.02.16-03.39.19:877][  0]LogTemp: Display: Loaded TP LuminTargetPlatform
[2019.02.16-03.39.19:877][  0]LogTemp: Display: Loaded TP LuminTargetPlatform
[2019.02.16-03.39.19:877][  0]LogTargetPlatformManager: Display: Building Assets For Windows
[2019.02.16-03.39.20:020][  0]LogShaderCompilers: Guid format shader working directory is -50 characters bigger than the processId version (C:/Users/gosus/Documents/CP-School/SeniorProject/gitRepos/Senior-Project-CPP-Testground/HSPGame/Intermediate/Shaders/WorkingDirectory/12148/).
[2019.02.16-03.39.20:020][  0]LogShaderCompilers: Cleaned the shader compiler working directory 'C:/Users/gosus/AppData/Local/Temp/UnrealShaderWorkingDir/9145CC3146449EF52B0315A6F45FB3FB/'.
[2019.02.16-03.39.20:021][  0]LogXGEController: Cannot use XGE Controller as Incredibuild is not installed on this machine.
[2019.02.16-03.39.20:021][  0]LogShaderCompilers: Cannot use XGE Shader Compiler as Incredibuild is not installed on this machine.
[2019.02.16-03.39.20:021][  0]LogShaderCompilers: Display: Using Local Shader Compiler.
[2019.02.16-03.39.20:449][  0]LogDerivedDataCache: Display: Max Cache Size: 512 MB
[2019.02.16-03.39.20:493][  0]LogDerivedDataCache: Loaded boot cache 0.04s 71MB C:/Users/gosus/AppData/Local/UnrealEngine/4.21/DerivedDataCache/Boot.ddc.
[2019.02.16-03.39.20:493][  0]LogDerivedDataCache: Display: Loaded Boot cache: C:/Users/gosus/AppData/Local/UnrealEngine/4.21/DerivedDataCache/Boot.ddc
[2019.02.16-03.39.20:494][  0]LogDerivedDataCache: FDerivedDataBackendGraph:  Pak pak cache file C:/Users/gosus/Documents/CP-School/SeniorProject/gitRepos/Senior-Project-CPP-Testground/HSPGame/DerivedDataCache/DDC.ddp not found, will not use a pak cache.
[2019.02.16-03.39.20:494][  0]LogDerivedDataCache: Unable to find inner node Pak for hierarchical cache Hierarchy.
[2019.02.16-03.39.20:494][  0]LogDerivedDataCache: FDerivedDataBackendGraph:  CompressedPak pak cache file C:/Users/gosus/Documents/CP-School/SeniorProject/gitRepos/Senior-Project-CPP-Testground/HSPGame/DerivedDataCache/Compressed.ddp not found, will not use a pak cache.
[2019.02.16-03.39.20:494][  0]LogDerivedDataCache: Unable to find inner node CompressedPak for hierarchical cache Hierarchy.
[2019.02.16-03.39.20:504][  0]LogDerivedDataCache: Display: Pak cache opened for reading ../../../Engine/DerivedDataCache/Compressed.ddp.
[2019.02.16-03.39.20:504][  0]LogDerivedDataCache: FDerivedDataBackendGraph:  EnterprisePak pak cache file ../../../Enterprise/DerivedDataCache/Compressed.ddp not found, will not use a pak cache.
[2019.02.16-03.39.20:504][  0]LogDerivedDataCache: Unable to find inner node EnterprisePak for hierarchical cache Hierarchy.
[2019.02.16-03.39.20:517][  0]LogDerivedDataCache: Using Local data cache path C:/Users/gosus/AppData/Local/UnrealEngine/Common/DerivedDataCache: Writable
[2019.02.16-03.39.20:517][  0]LogDerivedDataCache: Shared data cache path not found in *engine.ini, will not use an Shared cache.
[2019.02.16-03.39.20:517][  0]LogDerivedDataCache: Unable to find inner node Shared for hierarchical cache Hierarchy.
[2019.02.16-03.39.20:539][  0]LogMaterial: Verifying Global Shaders for PCD3D_SM5
[2019.02.16-03.39.20:540][  0]LogSlate: Using FreeType 2.6.0
[2019.02.16-03.39.20:540][  0]LogSlate: SlateFontServices - WITH_FREETYPE: 1, WITH_HARFBUZZ: 1
[2019.02.16-03.39.20:618][  0]LogAssetRegistry: FAssetRegistry took 0.0329 seconds to start up
[2019.02.16-03.39.20:891][  0]LogInit: Selected Device Profile: [Windows]
[2019.02.16-03.39.21:036][  0]LogSimplygon: Simplygon DLL not present - disabling.
[2019.02.16-03.39.21:052][  0]LogMeshReduction: Using SimplygonSwarm for distributed automatic mesh merging
[2019.02.16-03.39.21:052][  0]LogMeshReduction: Using ProxyLODMeshReduction for automatic mesh merging
[2019.02.16-03.39.21:052][  0]LogMeshReduction: Using QuadricMeshReduction for automatic static mesh reduction
[2019.02.16-03.39.21:052][  0]LogMeshReduction: No automatic skeletal mesh reduction module available
[2019.02.16-03.39.21:064][  0]LogNetVersion: HSPGame 1.0.0, NetCL: 4541578, EngineNetVer: 5, GameNetVer: 0 (Checksum: 2893343623)
[2019.02.16-03.39.21:520][  0]LogPackageLocalizationCache: Processed 11 localized package path(s) for 2 prioritized culture(s) in 0.088218 seconds
[2019.02.16-03.39.21:525][  0]LogUObjectArray: 39775 objects as part of root set at end of initial load.
[2019.02.16-03.39.21:525][  0]LogUObjectAllocator: 6914664 out of 0 bytes used by permanent object pool.
[2019.02.16-03.39.21:525][  0]LogUObjectArray: CloseDisregardForGC: 0/0 objects in disregard for GC pool
[2019.02.16-03.39.22:466][  0]LogTcpMessaging: Initializing TcpMessaging bridge
[2019.02.16-03.39.22:484][  0]LogUdpMessaging: Initializing bridge on interface 0.0.0.0:0 to multicast group 230.0.0.1:6666.
[2019.02.16-03.39.23:173][  0]SourceControl: Source control is disabled
[2019.02.16-03.39.23:173][  0]SourceControl: Source control is disabled
[2019.02.16-03.39.23:184][  0]SourceControl: Source control is disabled
[2019.02.16-03.39.23:189][  0]SourceControl: Source control is disabled
[2019.02.16-03.39.23:528][  0]LogAndroidPermission: UAndroidPermissionCallbackProxy::GetInstance
[2019.02.16-03.39.23:741][  0]LogOcInput: OculusInput pre-init called
[2019.02.16-03.39.23:888][  0]LogEngine: Initializing Engine...
[2019.02.16-03.39.23:889][  0]LogHMD: Failed to initialize OpenVR with code 110
[2019.02.16-03.39.23:890][  0]LogStats: UGameplayTagsManager::ConstructGameplayTagTree: ImportINI prefixes -  0.000 s
[2019.02.16-03.39.23:890][  0]LogStats: UGameplayTagsManager::ConstructGameplayTagTree: Construct from data asset -  0.000 s
[2019.02.16-03.39.23:890][  0]LogStats: UGameplayTagsManager::ConstructGameplayTagTree: ImportINI -  0.000 s
[2019.02.16-03.39.23:890][  0]LogStats: UGameplayTagsManager::ConstructGameplayTagTree: GameplayTagTreeChangedEvent.Broadcast -  0.000 s
[2019.02.16-03.39.24:096][  0]LogInit: Initializing FReadOnlyCVARCache
[2019.02.16-03.39.24:112][  0]LogAIModule: Creating AISystem for world Untitled
[2019.02.16-03.39.24:221][  0]LogInit: XAudio2 using 'Speakers (Realtek(R) Audio)' : 2 channels at 48 kHz using 32 bits per sample (channel mask 0x3)
[2019.02.16-03.39.24:259][  0]LogInit: FAudioDevice initialized.
[2019.02.16-03.39.24:259][  0]LogNetVersion: Set ProjectVersion to 1.0.0.0. Version Checksum will be recalculated on next use.
[2019.02.16-03.39.24:302][  0]LogDerivedDataCache: Saved boot cache 0.04s 71MB C:/Users/gosus/AppData/Local/UnrealEngine/4.21/DerivedDataCache/Boot.ddc.
[2019.02.16-03.39.24:305][  0]LogInit: Texture streaming: Enabled
[2019.02.16-03.39.24:330][  0]LogEngineSessionManager: EngineSessionManager initialized
[2019.02.16-03.39.24:330][  0]LogEngineSessionManager: EngineSessionManager sent abnormal shutdown report. Type=Debugger, SessionId={95DB204A-419B-6CFC-E569-7BA799F1BCC1}
[2019.02.16-03.39.24:339][  0]LogInit: Transaction tracking system initialized
[2019.02.16-03.39.24:375][  0]BlueprintLog: New page: Editor Load
[2019.02.16-03.39.24:517][  0]LocalizationService: Localization service is disabled
[2019.02.16-03.39.25:011][  0]LogFileCache: Scanning file cache for directory 'C:/Users/gosus/Documents/CP-School/SeniorProject/gitRepos/Senior-Project-CPP-Testground/HSPGame/Content/' took 0.02s
[2019.02.16-03.39.25:011][  0]LogCook: Display: Max memory allowance for cook 16384mb min free memory 0mb
[2019.02.16-03.39.25:011][  0]LogCook: Display: Mobile HDR setting 1
[2019.02.16-03.39.25:011][  0]LogGameplayTags: Display: UGameplayTagsManager::DoneAddingNativeTags. DelegateIsBound: 0
[2019.02.16-03.39.25:012][  0]LogStats: UGameplayTagsManager::ConstructGameplayTagTree: ImportINI prefixes -  0.000 s
[2019.02.16-03.39.25:012][  0]LogStats: UGameplayTagsManager::ConstructGameplayTagTree: Construct from data asset -  0.000 s
[2019.02.16-03.39.25:012][  0]LogStats: UGameplayTagsManager::ConstructGameplayTagTree: ImportINI -  0.000 s
[2019.02.16-03.39.25:012][  0]LogStats: UGameplayTagsManager::ConstructGameplayTagTree: GameplayTagTreeChangedEvent.Broadcast -  0.000 s
[2019.02.16-03.39.25:237][  0]SourceControl: Source control is disabled
[2019.02.16-03.39.25:237][  0]LightingResults: New page: Lighting Build
[2019.02.16-03.39.25:240][  0]MapCheck: New page: Map Check
[2019.02.16-03.39.25:240][  0]LightingResults: New page: Lighting Build
[2019.02.16-03.39.25:371][  0]LogLinker: Warning: Can't find file '/Game/StarterContent/Maps/Minimal_Default_BuiltData'
[2019.02.16-03.39.25:371][  0]LogLinker: Warning: Can't find file for asset '/Game/StarterContent/Maps/Minimal_Default_BuiltData' while loading C:/Users/gosus/Documents/CP-School/SeniorProject/gitRepos/Senior-Project-CPP-Testground/HSPGame/Content/StarterContent/Maps/Minimal_Default.umap.
[2019.02.16-03.39.25:371][  0]LoadErrors: Error: /Game/StarterContent/Maps/Minimal_Default : Can't find file for asset. /Game/StarterContent/Maps/Minimal_Default_BuiltData
[2019.02.16-03.39.25:401][  0]LogLinker: Warning: Can't find file '/Game/StarterContent/Maps/Minimal_Default_BuiltData'
[2019.02.16-03.39.25:401][  0]LogLinker: Warning: Can't find file for asset '/Game/StarterContent/Maps/Minimal_Default_BuiltData' while loading C:/Users/gosus/Documents/CP-School/SeniorProject/gitRepos/Senior-Project-CPP-Testground/HSPGame/Content/StarterContent/Maps/Minimal_Default.umap.
[2019.02.16-03.39.25:402][  0]LoadErrors: Error: /Game/StarterContent/Maps/Minimal_Default : Can't find file for asset. /Game/StarterContent/Maps/Minimal_Default_BuiltData
[2019.02.16-03.39.25:413][  0]LogLinker: Warning: Can't find file '/Game/StarterContent/Maps/Minimal_Default_BuiltData'
[2019.02.16-03.39.25:413][  0]LogLinker: Warning: Can't find file for asset '/Game/StarterContent/Maps/Minimal_Default_BuiltData' while loading NULL.
[2019.02.16-03.39.25:413][  0]LogLinker: Warning: Can't find file '/Game/StarterContent/Maps/Minimal_Default_BuiltData'
[2019.02.16-03.39.25:414][  0]LogLinker: Warning: Can't find file for asset '/Game/StarterContent/Maps/Minimal_Default_BuiltData' while loading NULL.
[2019.02.16-03.39.25:503][  0]LogLinker: Warning: Can't find file '/Game/StarterContent/Maps/Minimal_Default_BuiltData'
[2019.02.16-03.39.25:503][  0]LoadErrors: Failed to load /Game/StarterContent/Maps/Minimal_Default_BuiltData.Minimal_Default_BuiltData Referenced by PersistentLevel
[2019.02.16-03.39.25:503][  0]LogLinker: Warning: Can't find file for asset '/Game/StarterContent/Maps/Minimal_Default_BuiltData' while loading NULL.
[2019.02.16-03.39.25:503][  0]LoadErrors: Failed to load /Game/StarterContent/Maps/Minimal_Default_BuiltData.Minimal_Default_BuiltData Referenced by PersistentLevel
[2019.02.16-03.39.25:684][  0]LogAIModule: Creating AISystem for world Minimal_Default
[2019.02.16-03.39.25:756][  0]LogEditorServer: Finished looking for orphan Actors (0.000 secs)
[2019.02.16-03.39.25:774][  0]Cmd: MAP CHECKDEP NOCLEARLOG
[2019.02.16-03.39.25:775][  0]MapCheck: Map check complete: 0 Error(s), 0 Warning(s), took 0.138ms to complete.
[2019.02.16-03.39.25:775][  0]LogFileHelpers: Loading map 'Minimal_Default' took 0.538
[2019.02.16-03.39.25:878][  0]LogSlate: Updating window title bar state: overlay mode, drag disabled, window buttons hidden, title bar hidden
[2019.02.16-03.39.25:884][  0]LogSlate: Updating window title bar state: overlay mode, drag disabled, window buttons hidden, title bar hidden
[2019.02.16-03.39.25:889][  0]LogSlate: Updating window title bar state: overlay mode, drag disabled, window buttons hidden, title bar hidden
[2019.02.16-03.39.25:894][  0]LogSlate: Updating window title bar state: overlay mode, drag disabled, window buttons hidden, title bar hidden
[2019.02.16-03.39.25:903][  0]LogCollectionManager: Loaded 0 collections in 0.001365 seconds
[2019.02.16-03.39.25:919][  0]LogFileCache: Scanning file cache for directory 'C:/Users/gosus/Documents/CP-School/SeniorProject/gitRepos/Senior-Project-CPP-Testground/HSPGame/Saved/Collections/' took 0.01s
[2019.02.16-03.39.25:919][  0]LogFileCache: Scanning file cache for directory 'C:/Users/gosus/Documents/CP-School/SeniorProject/gitRepos/Senior-Project-CPP-Testground/HSPGame/Content/Developers/gosus/Collections/' took 0.00s
[2019.02.16-03.39.25:919][  0]LogFileCache: Scanning file cache for directory 'C:/Users/gosus/Documents/CP-School/SeniorProject/gitRepos/Senior-Project-CPP-Testground/HSPGame/Content/Collections/' took 0.00s
[2019.02.16-03.39.25:919][  0]LogCollectionManager: Rebuilt the GUID cache for 0 collections in 0.000000 seconds
[2019.02.16-03.39.25:926][  0]LogContentBrowser: Native class hierarchy populated in 0.0067 seconds. Added 2656 classes and 622 folders.
[2019.02.16-03.39.25:930][  0]LogContentBrowser: Native class hierarchy updated for 'WidgetCarousel' in 0.0003 seconds. Added 0 classes and 0 folders.
[2019.02.16-03.39.25:931][  0]LogPakFile: Registered encryption key '00000000000000000000000000000000': 0 pak files mounted, 0 remain pending
[2019.02.16-03.39.25:931][  0]LogPakFile: Registered encryption key '00000000000000000000000000000000': 0 pak files mounted, 0 remain pending
[2019.02.16-03.39.25:931][  0]LogPakFile: Registered encryption key '00000000000000000000000000000000': 0 pak files mounted, 0 remain pending
[2019.02.16-03.39.25:931][  0]LogPakFile: Registered encryption key '00000000000000000000000000000000': 0 pak files mounted, 0 remain pending
[2019.02.16-03.39.25:932][  0]LogPakFile: Registered encryption key '00000000000000000000000000000000': 0 pak files mounted, 0 remain pending
[2019.02.16-03.39.25:932][  0]LogPakFile: Registered encryption key '00000000000000000000000000000000': 0 pak files mounted, 0 remain pending
[2019.02.16-03.39.25:932][  0]LogPakFile: Registered encryption key '00000000000000000000000000000000': 0 pak files mounted, 0 remain pending
[2019.02.16-03.39.25:934][  0]LogPakFile: Registered encryption key '00000000000000000000000000000000': 0 pak files mounted, 0 remain pending
[2019.02.16-03.39.25:934][  0]LogPakFile: Registered encryption key '00000000000000000000000000000000': 0 pak files mounted, 0 remain pending
[2019.02.16-03.39.25:934][  0]LogPakFile: Registered encryption key '00000000000000000000000000000000': 0 pak files mounted, 0 remain pending
[2019.02.16-03.39.25:934][  0]LogPakFile: Registered encryption key '00000000000000000000000000000000': 0 pak files mounted, 0 remain pending
[2019.02.16-03.39.25:934][  0]LogPakFile: Registered encryption key '00000000000000000000000000000000': 0 pak files mounted, 0 remain pending
[2019.02.16-03.39.25:935][  0]LogPakFile: Registered encryption key '00000000000000000000000000000000': 0 pak files mounted, 0 remain pending
[2019.02.16-03.39.25:935][  0]LogPakFile: Registered encryption key '00000000000000000000000000000000': 0 pak files mounted, 0 remain pending
[2019.02.16-03.39.25:936][  0]LogPakFile: Registered encryption key '00000000000000000000000000000000': 0 pak files mounted, 0 remain pending
[2019.02.16-03.39.25:936][  0]LogPakFile: Registered encryption key '00000000000000000000000000000000': 0 pak files mounted, 0 remain pending
[2019.02.16-03.39.25:936][  0]LogPakFile: Registered encryption key '00000000000000000000000000000000': 0 pak files mounted, 0 remain pending
[2019.02.16-03.39.25:937][  0]LogPakFile: Registered encryption key '00000000000000000000000000000000': 0 pak files mounted, 0 remain pending
[2019.02.16-03.39.25:937][  0]LogPakFile: Registered encryption key '00000000000000000000000000000000': 0 pak files mounted, 0 remain pending
[2019.02.16-03.39.25:938][  0]LogPakFile: Registered encryption key '00000000000000000000000000000000': 0 pak files mounted, 0 remain pending
[2019.02.16-03.39.25:938][  0]LogPakFile: Registered encryption key '00000000000000000000000000000000': 0 pak files mounted, 0 remain pending
[2019.02.16-03.39.25:939][  0]LogPakFile: Registered encryption key '00000000000000000000000000000000': 0 pak files mounted, 0 remain pending
[2019.02.16-03.39.25:939][  0]LogPakFile: Registered encryption key '00000000000000000000000000000000': 0 pak files mounted, 0 remain pending
[2019.02.16-03.39.25:939][  0]LogPakFile: Registered encryption key '00000000000000000000000000000000': 0 pak files mounted, 0 remain pending
[2019.02.16-03.39.25:940][  0]LogPakFile: Registered encryption key '00000000000000000000000000000000': 0 pak files mounted, 0 remain pending
[2019.02.16-03.39.25:940][  0]LogPakFile: Registered encryption key '00000000000000000000000000000000': 0 pak files mounted, 0 remain pending
[2019.02.16-03.39.25:961][  0]LogContentBrowser: Native class hierarchy updated for 'AddContentDialog' in 0.0003 seconds. Added 0 classes and 0 folders.
[2019.02.16-03.39.25:969][  0]LogContentBrowser: Native class hierarchy updated for 'SceneOutliner' in 0.0003 seconds. Added 1 classes and 2 folders.
[2019.02.16-03.39.25:981][  0]LogSlate: Took 0.000096 seconds to synchronously load lazily loaded font '../../../Engine/Content/Slate/Fonts/Roboto-Regular.ttf' (155K)
[2019.02.16-03.39.25:983][  0]LogSlate: Took 0.000104 seconds to synchronously load lazily loaded font '../../../Engine/Content/Slate/Fonts/Roboto-Bold.ttf' (160K)
[2019.02.16-03.39.25:988][  0]LogSlate: Took 0.000111 seconds to synchronously load lazily loaded font '../../../Engine/Content/Editor/Slate/Fonts/FontAwesome.ttf' (139K)
[2019.02.16-03.39.26:051][  0]LogRenderer: Reallocating scene render targets to support 1644x884 Format 10 NumSamples 1 (Frame:1).
[2019.02.16-03.39.26:180][  0]LogContentBrowser: Native class hierarchy updated for 'HierarchicalLODOutliner' in 0.0003 seconds. Added 0 classes and 0 folders.
[2019.02.16-03.39.26:181][  0]LogLoad: (Engine Initialization) Total time: 9.49 seconds
[2019.02.16-03.39.26:181][  0]LogLoad: (Engine Initialization) Total Blueprint compile time: 0.00 seconds
[2019.02.16-03.39.26:247][  0]LogContentStreaming: Texture pool size now 1000 MB
[2019.02.16-03.39.26:250][  0]LogSlate: FSceneViewport::OnFocusLost() reason 2
[2019.02.16-03.39.26:319][  1]LogAssetRegistry: Asset discovery search completed in 5.7242 seconds
[2019.02.16-03.39.26:321][  1]LogCollectionManager: Rebuilt the object cache for 0 collections in 0.000000 seconds (found 0 objects)
[2019.02.16-03.39.26:321][  1]LogCollectionManager: Fixed up redirectors for 0 collections in 0.000159 seconds (updated 0 objects)
[2019.02.16-03.39.36:849][258]LogSlate: Window 'Message Log' being destroyed
[2019.02.16-03.39.36:852][258]LogSlate: Window 'Message Log' being destroyed
[2019.02.16-03.39.37:669][355]LogSlate: FSceneViewport::OnFocusLost() reason 0
[2019.02.16-03.39.37:728][362]LogTemp: Repeating last play command: Selected Viewport
[2019.02.16-03.39.37:742][362]LogBlueprintUserMessages: Early PlayInEditor Detection: Level '/Game/StarterContent/Maps/Minimal_Default.Minimal_Default:PersistentLevel' has LevelScriptBlueprint '/Game/StarterContent/Maps/Minimal_Default.Minimal_Default:PersistentLevel.Minimal_Default' with GeneratedClass '/Game/StarterContent/Maps/Minimal_Default.Minimal_Default_C' with ClassGeneratedBy '/Game/StarterContent/Maps/Minimal_Default.Minimal_Default:PersistentLevel.Minimal_Default'
[2019.02.16-03.39.37:742][362]LogPlayLevel: PlayLevel: No blueprints needed recompiling
[2019.02.16-03.39.37:742][362]PIE: New page: PIE session: Minimal_Default (Feb 15, 2019, 11:39:37 AM)
[2019.02.16-03.39.37:756][362]LogPlayLevel: Creating play world package: /Game/StarterContent/Maps/UEDPIE_0_Minimal_Default
[2019.02.16-03.39.37:835][362]LogPlayLevel: PIE: StaticDuplicateObject took: (0.078685s)
[2019.02.16-03.39.37:836][362]LogAIModule: Creating AISystem for world Minimal_Default
[2019.02.16-03.39.37:836][362]LogPlayLevel: PIE: World Init took: (0.000690s)
[2019.02.16-03.39.37:836][362]LogPlayLevel: PIE: Created PIE world by copying editor world from /Game/StarterContent/Maps/Minimal_Default.Minimal_Default to /Game/StarterContent/Maps/UEDPIE_0_Minimal_Default.Minimal_Default (0.079979s)
[2019.02.16-03.39.37:898][362]LogInit: XAudio2 using 'Speakers (Realtek(R) Audio)' : 2 channels at 48 kHz using 32 bits per sample (channel mask 0x3)
[2019.02.16-03.39.37:914][362]LogInit: FAudioDevice initialized.
[2019.02.16-03.39.37:968][362]LogLoad: Game class is 'BP_HSPGameGameModeBase_C'
[2019.02.16-03.39.37:974][362]LogWorld: Bringing World /Game/StarterContent/Maps/UEDPIE_0_Minimal_Default.Minimal_Default up for play (max tick rate 0) at 2019.02.15-19.39.37
[2019.02.16-03.39.37:975][362]LogWorld: Bringing up level for play took: 0.006613
[2019.02.16-03.39.37:991][362]LogContentBrowser: Native class hierarchy updated for 'MovieSceneCapture' in 0.0003 seconds. Added 20 classes and 0 folders.
[2019.02.16-03.39.37:992][362]PIE: Play in editor start time for /Game/StarterContent/Maps/UEDPIE_0_Minimal_Default 0.848
[2019.02.16-03.39.37:993][362]LogBlueprintUserMessages: Late PlayInEditor Detection: Level '/Game/StarterContent/Maps/Minimal_Default.Minimal_Default:PersistentLevel' has LevelScriptBlueprint '/Game/StarterContent/Maps/Minimal_Default.Minimal_Default:PersistentLevel.Minimal_Default' with GeneratedClass '/Game/StarterContent/Maps/Minimal_Default.Minimal_Default_C' with ClassGeneratedBy '/Game/StarterContent/Maps/Minimal_Default.Minimal_Default:PersistentLevel.Minimal_Default'
[2019.02.16-03.39.39:822][579]LogSlate: FSceneViewport::OnFocusLost() reason 0
[2019.02.16-03.39.39:864][584]LogBlueprintUserMessages: Early EndPlayMap Detection: Level '/Game/StarterContent/Maps/Minimal_Default.Minimal_Default:PersistentLevel' has LevelScriptBlueprint '/Game/StarterContent/Maps/Minimal_Default.Minimal_Default:PersistentLevel.Minimal_Default' with GeneratedClass '/Game/StarterContent/Maps/Minimal_Default.Minimal_Default_C' with ClassGeneratedBy '/Game/StarterContent/Maps/Minimal_Default.Minimal_Default:PersistentLevel.Minimal_Default'
[2019.02.16-03.39.39:865][584]LogSlate: Updating window title bar state: overlay mode, drag disabled, window buttons hidden, title bar hidden
[2019.02.16-03.39.39:901][584]LogPlayLevel: Display: Shutting down PIE online subsystems
[2019.02.16-03.39.39:902][584]LogBlueprintUserMessages: Late EndPlayMap Detection: Level '/Game/StarterContent/Maps/Minimal_Default.Minimal_Default:PersistentLevel' has LevelScriptBlueprint '/Game/StarterContent/Maps/Minimal_Default.Minimal_Default:PersistentLevel.Minimal_Default' with GeneratedClass '/Game/StarterContent/Maps/Minimal_Default.Minimal_Default_C' with ClassGeneratedBy '/Game/StarterContent/Maps/Minimal_Default.Minimal_Default:PersistentLevel.Minimal_Default'
[2019.02.16-03.39.39:923][584]LogSlate: Updating window title bar state: overlay mode, drag disabled, window buttons hidden, title bar hidden
[2019.02.16-03.39.39:971][589]LogPlayLevel: Display: Destroying online subsystem :Context_1
[2019.02.16-03.40.37:006][930]Candidate modules for hot reload:
[2019.02.16-03.40.37:006][930]  HSPGame
[2019.02.16-03.40.37:006][930]Launching UnrealBuildTool... [G:/Games/Epic/Games/UE_4.21/Engine/Binaries/DotNET/UnrealBuildTool.exe  -ModuleWithSuffix=HSPGame,9842 Win64 Development -TargetType=Editor -Project="C:/Users/gosus/Documents/CP-School/SeniorProject/gitRepos/Senior-Project-CPP-Testground/HSPGame/HSPGame.uproject" -canskiplink "C:/Users/gosus/Documents/CP-School/SeniorProject/gitRepos/Senior-Project-CPP-Testground/HSPGame/HSPGame.uproject" ]
[2019.02.16-03.40.37:009][930]Warning: Starting HotReload took  0.0s.
[2019.02.16-03.40.42:560][596]CompilerResultsLog: New page: Compilation - Feb 15, 2019, 11:40:42 AM
[2019.02.16-03.40.42:560][596]CompilerResultsLog: Using 'git status' to determine working set for adaptive non-unity build (C:\Users\gosus\Documents\CP-School\SeniorProject\gitRepos\Senior-Project-CPP-Testground).
[2019.02.16-03.40.42:560][596]CompilerResultsLog: Creating makefile for hot reloading HSPGameEditor (source directory changed)
[2019.02.16-03.40.42:561][596]CompilerResultsLog: Compiling game modules for hot reload
[2019.02.16-03.40.42:561][596]CompilerResultsLog: Using Visual Studio 2017 14.16.27023 toolchain (C:\Program Files (x86)\Microsoft Visual Studio\2017\Community\VC\Tools\MSVC\14.16.27023) and Windows 10.0.17763.0 SDK (C:\Program Files (x86)\Windows Kits\10).
[2019.02.16-03.40.42:561][596]CompilerResultsLog: Building 3 actions with 8 processes...
[2019.02.16-03.40.42:561][596]CompilerResultsLog:   [1/3] ProtagClass.cpp
[2019.02.16-03.40.42:561][596]CompilerResultsLog:   c:\users\gosus\documents\cp-school\seniorproject\gitrepos\senior-project-cpp-testground\hspgame\source\hspgame\ProtagClass.h(21): warning C4005: 'D': macro redefinition
[2019.02.16-03.40.42:561][596]CompilerResultsLog:   c:\users\gosus\documents\cp-school\seniorproject\gitrepos\senior-project-cpp-testground\hspgame\source\hspgame\Base2DCharacter.h(13): note: see previous definition of 'D'
[2019.02.16-03.40.42:561][596]CompilerResultsLog:    C:\Users\gosus\Documents\CP-School\SeniorProject\gitRepos\Senior-Project-CPP-Testground\HSPGame\Source\HSPGame\ProtagClass.cpp(96) : error C2440: 'initializing': cannot convert from 'FVector_NetQuantize' to 'float'
[2019.02.16-03.40.42:561][596]CompilerResultsLog:   C:\Users\gosus\Documents\CP-School\SeniorProject\gitRepos\Senior-Project-CPP-Testground\HSPGame\Source\HSPGame\ProtagClass.cpp(96): note: No user-defined-conversion operator available that can perform this conversion, or the operator cannot be called
[2019.02.16-03.40.42:561][596]CompilerResultsLog: ERROR: UBT ERROR: Failed to produce item: C:\Users\gosus\Documents\CP-School\SeniorProject\gitRepos\Senior-Project-CPP-Testground\HSPGame\Binaries\Win64\UE4Editor-HSPGame-9842.dll
[2019.02.16-03.40.42:561][596]CompilerResultsLog:        (see ../Programs/UnrealBuildTool/Log.txt for full exception trace)
[2019.02.16-03.40.42:561][596]CompilerResultsLog: Total build time: 5.30 seconds (Parallel executor: 0.00 seconds)
[2019.02.16-03.40.42:561][596]LogMainFrame: MainFrame: Module compiling took 5.558 seconds
[2019.02.16-03.40.42:562][596]Warning: HotReload failed, recompile failed
[2019.02.16-03.42.59:068][ 40]LogSlate: Window 'Message Log' being destroyed
[2019.02.16-03.42.59:071][ 40]LogSlate: Window 'Message Log' being destroyed
[2019.02.16-03.43.00:107][163]Candidate modules for hot reload:
[2019.02.16-03.43.00:107][163]  HSPGame
[2019.02.16-03.43.00:107][163]Launching UnrealBuildTool... [G:/Games/Epic/Games/UE_4.21/Engine/Binaries/DotNET/UnrealBuildTool.exe  -ModuleWithSuffix=HSPGame,2542 Win64 Development -TargetType=Editor -Project="C:/Users/gosus/Documents/CP-School/SeniorProject/gitRepos/Senior-Project-CPP-Testground/HSPGame/HSPGame.uproject" -canskiplink "C:/Users/gosus/Documents/CP-School/SeniorProject/gitRepos/Senior-Project-CPP-Testground/HSPGame/HSPGame.uproject" ]
[2019.02.16-03.43.00:110][163]Warning: Starting HotReload took  0.0s.
[2019.02.16-03.43.05:551][816]CompilerResultsLog: New page: Compilation - Feb 15, 2019, 11:43:05 AM
[2019.02.16-03.43.05:551][816]CompilerResultsLog: Using 'git status' to determine working set for adaptive non-unity build (C:\Users\gosus\Documents\CP-School\SeniorProject\gitRepos\Senior-Project-CPP-Testground).
[2019.02.16-03.43.05:551][816]CompilerResultsLog: Creating makefile for hot reloading HSPGameEditor (source directory changed)
[2019.02.16-03.43.05:551][816]CompilerResultsLog: Compiling game modules for hot reload
[2019.02.16-03.43.05:551][816]CompilerResultsLog: Using Visual Studio 2017 14.16.27023 toolchain (C:\Program Files (x86)\Microsoft Visual Studio\2017\Community\VC\Tools\MSVC\14.16.27023) and Windows 10.0.17763.0 SDK (C:\Program Files (x86)\Windows Kits\10).
[2019.02.16-03.43.05:551][816]CompilerResultsLog: Building 3 actions with 8 processes...
[2019.02.16-03.43.05:551][816]CompilerResultsLog:   [1/3] ProtagClass.cpp
[2019.02.16-03.43.05:551][816]CompilerResultsLog:   c:\users\gosus\documents\cp-school\seniorproject\gitrepos\senior-project-cpp-testground\hspgame\source\hspgame\ProtagClass.h(21): warning C4005: 'D': macro redefinition
[2019.02.16-03.43.05:552][816]CompilerResultsLog:   c:\users\gosus\documents\cp-school\seniorproject\gitrepos\senior-project-cpp-testground\hspgame\source\hspgame\Base2DCharacter.h(13): note: see previous definition of 'D'
[2019.02.16-03.43.05:552][816]CompilerResultsLog:    C:\Users\gosus\Documents\CP-School\SeniorProject\gitRepos\Senior-Project-CPP-Testground\HSPGame\Source\HSPGame\ProtagClass.cpp(97) : error C2065: 'HitResLocation': undeclared identifier
[2019.02.16-03.43.05:552][816]CompilerResultsLog:    C:\Users\gosus\Documents\CP-School\SeniorProject\gitRepos\Senior-Project-CPP-Testground\HSPGame\Source\HSPGame\ProtagClass.cpp(97) : error C2661: 'UEngine::AddOnScreenDebugMessage': no overloaded function takes 3 arguments
[2019.02.16-03.43.05:552][816]CompilerResultsLog: ERROR: UBT ERROR: Failed to produce item: C:\Users\gosus\Documents\CP-School\SeniorProject\gitRepos\Senior-Project-CPP-Testground\HSPGame\Binaries\Win64\UE4Editor-HSPGame-2542.dll
[2019.02.16-03.43.05:552][816]CompilerResultsLog:        (see ../Programs/UnrealBuildTool/Log.txt for full exception trace)
[2019.02.16-03.43.05:552][816]CompilerResultsLog: Total build time: 5.22 seconds (Parallel executor: 0.00 seconds)
[2019.02.16-03.43.05:552][816]LogMainFrame: MainFrame: Module compiling took 5.449 seconds
[2019.02.16-03.43.05:552][816]Warning: HotReload failed, recompile failed
[2019.02.16-03.43.20:382][792]Candidate modules for hot reload:
[2019.02.16-03.43.20:382][792]  HSPGame
[2019.02.16-03.43.20:382][792]Launching UnrealBuildTool... [G:/Games/Epic/Games/UE_4.21/Engine/Binaries/DotNET/UnrealBuildTool.exe  -ModuleWithSuffix=HSPGame,8824 Win64 Development -TargetType=Editor -Project="C:/Users/gosus/Documents/CP-School/SeniorProject/gitRepos/Senior-Project-CPP-Testground/HSPGame/HSPGame.uproject" -canskiplink "C:/Users/gosus/Documents/CP-School/SeniorProject/gitRepos/Senior-Project-CPP-Testground/HSPGame/HSPGame.uproject" ]
[2019.02.16-03.43.20:393][792]Warning: Starting HotReload took  0.0s.
[2019.02.16-03.43.25:686][228]CompilerResultsLog: New page: Compilation - Feb 15, 2019, 11:43:25 AM
[2019.02.16-03.43.25:686][228]CompilerResultsLog: Using 'git status' to determine working set for adaptive non-unity build (C:\Users\gosus\Documents\CP-School\SeniorProject\gitRepos\Senior-Project-CPP-Testground).
[2019.02.16-03.43.25:686][228]CompilerResultsLog: Creating makefile for hot reloading HSPGameEditor (source directory changed)
[2019.02.16-03.43.25:686][228]CompilerResultsLog: Compiling game modules for hot reload
[2019.02.16-03.43.25:686][228]CompilerResultsLog: Using Visual Studio 2017 14.16.27023 toolchain (C:\Program Files (x86)\Microsoft Visual Studio\2017\Community\VC\Tools\MSVC\14.16.27023) and Windows 10.0.17763.0 SDK (C:\Program Files (x86)\Windows Kits\10).
[2019.02.16-03.43.25:686][228]CompilerResultsLog: Building 3 actions with 8 processes...
[2019.02.16-03.43.25:686][228]CompilerResultsLog:   [1/3] ProtagClass.cpp
[2019.02.16-03.43.25:686][228]CompilerResultsLog:   c:\users\gosus\documents\cp-school\seniorproject\gitrepos\senior-project-cpp-testground\hspgame\source\hspgame\ProtagClass.h(21): warning C4005: 'D': macro redefinition
[2019.02.16-03.43.25:687][228]CompilerResultsLog:   c:\users\gosus\documents\cp-school\seniorproject\gitrepos\senior-project-cpp-testground\hspgame\source\hspgame\Base2DCharacter.h(13): note: see previous definition of 'D'
[2019.02.16-03.43.25:687][228]CompilerResultsLog:    C:\Users\gosus\Documents\CP-School\SeniorProject\gitRepos\Senior-Project-CPP-Testground\HSPGame\Source\HSPGame\ProtagClass.cpp(97) : error C2039: 'x': is not a member of 'FVector'
[2019.02.16-03.43.25:687][228]CompilerResultsLog:   G:\Games\Epic\Games\UE_4.21\Engine\Intermediate\Build\Win64\UE4Editor\Inc\Engine\PawnMovementComponent.generated.h(11): note: see declaration of 'FVector'
[2019.02.16-03.43.25:687][228]CompilerResultsLog:    C:\Users\gosus\Documents\CP-School\SeniorProject\gitRepos\Senior-Project-CPP-Testground\HSPGame\Source\HSPGame\ProtagClass.cpp(97) : error C2661: 'UEngine::AddOnScreenDebugMessage': no overloaded function takes 3 arguments
[2019.02.16-03.43.25:687][228]CompilerResultsLog: ERROR: UBT ERROR: Failed to produce item: C:\Users\gosus\Documents\CP-School\SeniorProject\gitRepos\Senior-Project-CPP-Testground\HSPGame\Binaries\Win64\UE4Editor-HSPGame-8824.dll
[2019.02.16-03.43.25:687][228]CompilerResultsLog:        (see ../Programs/UnrealBuildTool/Log.txt for full exception trace)
[2019.02.16-03.43.25:687][228]CompilerResultsLog: Total build time: 5.03 seconds (Parallel executor: 0.00 seconds)
[2019.02.16-03.43.25:687][228]LogMainFrame: MainFrame: Module compiling took 5.307 seconds
[2019.02.16-03.43.25:687][228]Warning: HotReload failed, recompile failed
[2019.02.16-03.43.29:335][372]LogSlate: Window 'Message Log' being destroyed
[2019.02.16-03.43.29:338][372]LogSlate: Window 'Message Log' being destroyed
[2019.02.16-03.43.47:290][770]Candidate modules for hot reload:
[2019.02.16-03.43.47:290][770]  HSPGame
[2019.02.16-03.43.47:290][770]Launching UnrealBuildTool... [G:/Games/Epic/Games/UE_4.21/Engine/Binaries/DotNET/UnrealBuildTool.exe  -ModuleWithSuffix=HSPGame,6539 Win64 Development -TargetType=Editor -Project="C:/Users/gosus/Documents/CP-School/SeniorProject/gitRepos/Senior-Project-CPP-Testground/HSPGame/HSPGame.uproject" -canskiplink "C:/Users/gosus/Documents/CP-School/SeniorProject/gitRepos/Senior-Project-CPP-Testground/HSPGame/HSPGame.uproject" ]
[2019.02.16-03.43.47:304][770]Warning: Starting HotReload took  0.0s.
[2019.02.16-03.43.54:689][654]CompilerResultsLog: New page: Compilation - Feb 15, 2019, 11:43:54 AM
[2019.02.16-03.43.54:690][654]CompilerResultsLog: Using 'git status' to determine working set for adaptive non-unity build (C:\Users\gosus\Documents\CP-School\SeniorProject\gitRepos\Senior-Project-CPP-Testground).
[2019.02.16-03.43.54:690][654]CompilerResultsLog: Creating makefile for hot reloading HSPGameEditor (source directory changed)
[2019.02.16-03.43.54:690][654]CompilerResultsLog: Compiling game modules for hot reload
[2019.02.16-03.43.54:690][654]CompilerResultsLog: Using Visual Studio 2017 14.16.27023 toolchain (C:\Program Files (x86)\Microsoft Visual Studio\2017\Community\VC\Tools\MSVC\14.16.27023) and Windows 10.0.17763.0 SDK (C:\Program Files (x86)\Windows Kits\10).
[2019.02.16-03.43.54:690][654]CompilerResultsLog: Building 3 actions with 8 processes...
[2019.02.16-03.43.54:690][654]CompilerResultsLog:   [1/3] ProtagClass.cpp
[2019.02.16-03.43.54:690][654]CompilerResultsLog:   c:\users\gosus\documents\cp-school\seniorproject\gitrepos\senior-project-cpp-testground\hspgame\source\hspgame\ProtagClass.h(21): warning C4005: 'D': macro redefinition
[2019.02.16-03.43.54:690][654]CompilerResultsLog:   c:\users\gosus\documents\cp-school\seniorproject\gitrepos\senior-project-cpp-testground\hspgame\source\hspgame\Base2DCharacter.h(13): note: see previous definition of 'D'
[2019.02.16-03.43.54:690][654]CompilerResultsLog:   [2/3] UE4Editor-HSPGame-6539.lib
[2019.02.16-03.43.54:690][654]CompilerResultsLog:      Creating library C:\Users\gosus\Documents\CP-School\SeniorProject\gitRepos\Senior-Project-CPP-Testground\HSPGame\Intermediate\Build\Win64\UE4Editor\Development\HSPGame\UE4Editor-HSPGame-6539.lib and object C:\Users\gosus\Documents\CP-School\SeniorProject\gitRepos\Senior-Project-CPP-Testground\HSPGame\Intermediate\Build\Win64\UE4Editor\Development\HSPGame\UE4Editor-HSPGame-6539.exp
[2019.02.16-03.43.54:690][654]CompilerResultsLog:   [3/3] UE4Editor-HSPGame-6539.dll
[2019.02.16-03.43.54:690][654]CompilerResultsLog:      Creating library C:\Users\gosus\Documents\CP-School\SeniorProject\gitRepos\Senior-Project-CPP-Testground\HSPGame\Intermediate\Build\Win64\UE4Editor\Development\HSPGame\UE4Editor-HSPGame-6539.suppressed.lib and object C:\Users\gosus\Documents\CP-School\SeniorProject\gitRepos\Senior-Project-CPP-Testground\HSPGame\Intermediate\Build\Win64\UE4Editor\Development\HSPGame\UE4Editor-HSPGame-6539.suppressed.exp
[2019.02.16-03.43.54:691][654]CompilerResultsLog: Total build time: 7.15 seconds (Parallel executor: 2.21 seconds)
[2019.02.16-03.43.54:691][654]LogMainFrame: MainFrame: Module compiling took 7.403 seconds
[2019.02.16-03.43.54:739][654]LogContentBrowser: Native class hierarchy updated for 'HSPGame' in 0.0003 seconds. Added 5 classes and 2 folders.
[2019.02.16-03.43.54:741][654]Display: HotReload successful (4 functions remapped  0 scriptstructs remapped)
[2019.02.16-03.43.54:862][654]LogContentBrowser: Native class hierarchy populated in 0.0064 seconds. Added 2657 classes and 624 folders.
[2019.02.16-03.43.54:869][654]Display: HotReload took  7.6s.
[2019.02.16-03.43.56:784][883]LogTemp: Repeating last play command: Selected Viewport
[2019.02.16-03.43.56:798][883]LogBlueprintUserMessages: Early PlayInEditor Detection: Level '/Game/StarterContent/Maps/Minimal_Default.Minimal_Default:PersistentLevel' has LevelScriptBlueprint '/Game/StarterContent/Maps/Minimal_Default.Minimal_Default:PersistentLevel.Minimal_Default' with GeneratedClass '/Game/StarterContent/Maps/Minimal_Default.Minimal_Default_C' with ClassGeneratedBy '/Game/StarterContent/Maps/Minimal_Default.Minimal_Default:PersistentLevel.Minimal_Default'
[2019.02.16-03.43.56:798][883]LogPlayLevel: PlayLevel: No blueprints needed recompiling
[2019.02.16-03.43.56:799][883]PIE: New page: PIE session: Minimal_Default (Feb 15, 2019, 11:43:56 AM)
[2019.02.16-03.43.56:799][883]LogPlayLevel: Creating play world package: /Game/StarterContent/Maps/UEDPIE_0_Minimal_Default
[2019.02.16-03.43.56:835][883]LogPlayLevel: PIE: StaticDuplicateObject took: (0.035850s)
[2019.02.16-03.43.56:835][883]LogAIModule: Creating AISystem for world Minimal_Default
[2019.02.16-03.43.56:836][883]LogPlayLevel: PIE: World Init took: (0.000775s)
[2019.02.16-03.43.56:836][883]LogPlayLevel: PIE: Created PIE world by copying editor world from /Game/StarterContent/Maps/Minimal_Default.Minimal_Default to /Game/StarterContent/Maps/UEDPIE_0_Minimal_Default.Minimal_Default (0.037008s)
[2019.02.16-03.43.56:902][883]LogInit: XAudio2 using 'Speakers (Realtek(R) Audio)' : 2 channels at 48 kHz using 32 bits per sample (channel mask 0x3)
[2019.02.16-03.43.56:920][883]LogInit: FAudioDevice initialized.
[2019.02.16-03.43.56:955][883]LogLoad: Game class is 'BP_HSPGameGameModeBase_C'
[2019.02.16-03.43.56:961][883]LogWorld: Bringing World /Game/StarterContent/Maps/UEDPIE_0_Minimal_Default.Minimal_Default up for play (max tick rate 0) at 2019.02.15-19.43.56
[2019.02.16-03.43.56:962][883]LogWorld: Bringing up level for play took: 0.006334
[2019.02.16-03.43.56:975][883]PIE: Play in editor start time for /Game/StarterContent/Maps/UEDPIE_0_Minimal_Default -0.17
[2019.02.16-03.43.56:976][883]LogBlueprintUserMessages: Late PlayInEditor Detection: Level '/Game/StarterContent/Maps/Minimal_Default.Minimal_Default:PersistentLevel' has LevelScriptBlueprint '/Game/StarterContent/Maps/Minimal_Default.Minimal_Default:PersistentLevel.Minimal_Default' with GeneratedClass '/Game/StarterContent/Maps/Minimal_Default.Minimal_Default_C' with ClassGeneratedBy '/Game/StarterContent/Maps/Minimal_Default.Minimal_Default:PersistentLevel.Minimal_Default'
[2019.02.16-03.43.57:586][954]LogSlate: Window 'Message Log' being destroyed
[2019.02.16-03.43.57:591][954]LogSlate: Window 'Message Log' being destroyed
[2019.02.16-03.44.06:640][ 40]LogSlate: FSceneViewport::OnFocusLost() reason 0
[2019.02.16-03.44.06:682][ 45]LogBlueprintUserMessages: Early EndPlayMap Detection: Level '/Game/StarterContent/Maps/Minimal_Default.Minimal_Default:PersistentLevel' has LevelScriptBlueprint '/Game/StarterContent/Maps/Minimal_Default.Minimal_Default:PersistentLevel.Minimal_Default' with GeneratedClass '/Game/StarterContent/Maps/Minimal_Default.Minimal_Default_C' with ClassGeneratedBy '/Game/StarterContent/Maps/Minimal_Default.Minimal_Default:PersistentLevel.Minimal_Default'
[2019.02.16-03.44.06:683][ 45]LogSlate: Updating window title bar state: overlay mode, drag disabled, window buttons hidden, title bar hidden
[2019.02.16-03.44.06:718][ 45]LogPlayLevel: Display: Shutting down PIE online subsystems
[2019.02.16-03.44.06:719][ 45]LogBlueprintUserMessages: Late EndPlayMap Detection: Level '/Game/StarterContent/Maps/Minimal_Default.Minimal_Default:PersistentLevel' has LevelScriptBlueprint '/Game/StarterContent/Maps/Minimal_Default.Minimal_Default:PersistentLevel.Minimal_Default' with GeneratedClass '/Game/StarterContent/Maps/Minimal_Default.Minimal_Default_C' with ClassGeneratedBy '/Game/StarterContent/Maps/Minimal_Default.Minimal_Default:PersistentLevel.Minimal_Default'
[2019.02.16-03.44.06:742][ 45]LogSlate: Updating window title bar state: overlay mode, drag disabled, window buttons hidden, title bar hidden
[2019.02.16-03.44.06:788][ 50]LogPlayLevel: Display: Destroying online subsystem :Context_2
[2019.02.16-03.44.23:565][198]Candidate modules for hot reload:
[2019.02.16-03.44.23:565][198]  HSPGame
[2019.02.16-03.44.23:565][198]Launching UnrealBuildTool... [G:/Games/Epic/Games/UE_4.21/Engine/Binaries/DotNET/UnrealBuildTool.exe  -ModuleWithSuffix=HSPGame,1631 Win64 Development -TargetType=Editor -Project="C:/Users/gosus/Documents/CP-School/SeniorProject/gitRepos/Senior-Project-CPP-Testground/HSPGame/HSPGame.uproject" -canskiplink "C:/Users/gosus/Documents/CP-School/SeniorProject/gitRepos/Senior-Project-CPP-Testground/HSPGame/HSPGame.uproject" ]
[2019.02.16-03.44.23:577][198]Warning: Starting HotReload took  0.0s.
[2019.02.16-03.44.30:308][  4]CompilerResultsLog: New page: Compilation - Feb 15, 2019, 11:44:30 AM
[2019.02.16-03.44.30:308][  4]CompilerResultsLog: Using 'git status' to determine working set for adaptive non-unity build (C:\Users\gosus\Documents\CP-School\SeniorProject\gitRepos\Senior-Project-CPP-Testground).
[2019.02.16-03.44.30:308][  4]CompilerResultsLog: Creating makefile for hot reloading HSPGameEditor (source directory changed)
[2019.02.16-03.44.30:308][  4]CompilerResultsLog: Compiling game modules for hot reload
[2019.02.16-03.44.30:308][  4]CompilerResultsLog: Using Visual Studio 2017 14.16.27023 toolchain (C:\Program Files (x86)\Microsoft Visual Studio\2017\Community\VC\Tools\MSVC\14.16.27023) and Windows 10.0.17763.0 SDK (C:\Program Files (x86)\Windows Kits\10).
[2019.02.16-03.44.30:308][  4]CompilerResultsLog: Building 3 actions with 8 processes...
[2019.02.16-03.44.30:308][  4]CompilerResultsLog:   [1/3] ProtagClass.cpp
[2019.02.16-03.44.30:308][  4]CompilerResultsLog:   c:\users\gosus\documents\cp-school\seniorproject\gitrepos\senior-project-cpp-testground\hspgame\source\hspgame\ProtagClass.h(21): warning C4005: 'D': macro redefinition
[2019.02.16-03.44.30:308][  4]CompilerResultsLog:   c:\users\gosus\documents\cp-school\seniorproject\gitrepos\senior-project-cpp-testground\hspgame\source\hspgame\Base2DCharacter.h(13): note: see previous definition of 'D'
[2019.02.16-03.44.30:308][  4]CompilerResultsLog:   [2/3] UE4Editor-HSPGame-1631.lib
[2019.02.16-03.44.30:309][  4]CompilerResultsLog:      Creating library C:\Users\gosus\Documents\CP-School\SeniorProject\gitRepos\Senior-Project-CPP-Testground\HSPGame\Intermediate\Build\Win64\UE4Editor\Development\HSPGame\UE4Editor-HSPGame-1631.lib and object C:\Users\gosus\Documents\CP-School\SeniorProject\gitRepos\Senior-Project-CPP-Testground\HSPGame\Intermediate\Build\Win64\UE4Editor\Development\HSPGame\UE4Editor-HSPGame-1631.exp
[2019.02.16-03.44.30:309][  4]CompilerResultsLog:   [3/3] UE4Editor-HSPGame-1631.dll
[2019.02.16-03.44.30:309][  4]CompilerResultsLog:      Creating library C:\Users\gosus\Documents\CP-School\SeniorProject\gitRepos\Senior-Project-CPP-Testground\HSPGame\Intermediate\Build\Win64\UE4Editor\Development\HSPGame\UE4Editor-HSPGame-1631.suppressed.lib and object C:\Users\gosus\Documents\CP-School\SeniorProject\gitRepos\Senior-Project-CPP-Testground\HSPGame\Intermediate\Build\Win64\UE4Editor\Development\HSPGame\UE4Editor-HSPGame-1631.suppressed.exp
[2019.02.16-03.44.30:309][  4]CompilerResultsLog: Total build time: 6.49 seconds (Parallel executor: 2.10 seconds)
[2019.02.16-03.44.30:309][  4]LogMainFrame: MainFrame: Module compiling took 6.746 seconds
[2019.02.16-03.44.30:356][  4]LogContentBrowser: Native class hierarchy updated for 'HSPGame' in 0.0003 seconds. Added 5 classes and 2 folders.
[2019.02.16-03.44.30:359][  4]Display: HotReload successful (4 functions remapped  0 scriptstructs remapped)
[2019.02.16-03.44.30:413][  4]LogContentBrowser: Native class hierarchy populated in 0.0078 seconds. Added 2657 classes and 624 folders.
[2019.02.16-03.44.30:413][  4]Display: HotReload took  6.9s.
[2019.02.16-03.44.30:837][ 54]LogTemp: Repeating last play command: Selected Viewport
[2019.02.16-03.44.30:851][ 54]LogBlueprintUserMessages: Early PlayInEditor Detection: Level '/Game/StarterContent/Maps/Minimal_Default.Minimal_Default:PersistentLevel' has LevelScriptBlueprint '/Game/StarterContent/Maps/Minimal_Default.Minimal_Default:PersistentLevel.Minimal_Default' with GeneratedClass '/Game/StarterContent/Maps/Minimal_Default.Minimal_Default_C' with ClassGeneratedBy '/Game/StarterContent/Maps/Minimal_Default.Minimal_Default:PersistentLevel.Minimal_Default'
[2019.02.16-03.44.30:851][ 54]LogPlayLevel: PlayLevel: No blueprints needed recompiling
[2019.02.16-03.44.30:852][ 54]PIE: New page: PIE session: Minimal_Default (Feb 15, 2019, 11:44:30 AM)
[2019.02.16-03.44.30:852][ 54]LogPlayLevel: Creating play world package: /Game/StarterContent/Maps/UEDPIE_0_Minimal_Default
[2019.02.16-03.44.30:885][ 54]LogPlayLevel: PIE: StaticDuplicateObject took: (0.033397s)
[2019.02.16-03.44.30:886][ 54]LogAIModule: Creating AISystem for world Minimal_Default
[2019.02.16-03.44.30:886][ 54]LogPlayLevel: PIE: World Init took: (0.000716s)
[2019.02.16-03.44.30:886][ 54]LogPlayLevel: PIE: Created PIE world by copying editor world from /Game/StarterContent/Maps/Minimal_Default.Minimal_Default to /Game/StarterContent/Maps/UEDPIE_0_Minimal_Default.Minimal_Default (0.034421s)
[2019.02.16-03.44.30:946][ 54]LogInit: XAudio2 using 'Speakers (Realtek(R) Audio)' : 2 channels at 48 kHz using 32 bits per sample (channel mask 0x3)
[2019.02.16-03.44.30:961][ 54]LogInit: FAudioDevice initialized.
[2019.02.16-03.44.30:994][ 54]LogLoad: Game class is 'BP_HSPGameGameModeBase_C'
[2019.02.16-03.44.31:000][ 54]LogWorld: Bringing World /Game/StarterContent/Maps/UEDPIE_0_Minimal_Default.Minimal_Default up for play (max tick rate 0) at 2019.02.15-19.44.31
[2019.02.16-03.44.31:001][ 54]LogWorld: Bringing up level for play took: 0.006380
[2019.02.16-03.44.31:016][ 54]PIE: Play in editor start time for /Game/StarterContent/Maps/UEDPIE_0_Minimal_Default -0.129
[2019.02.16-03.44.31:016][ 54]LogBlueprintUserMessages: Late PlayInEditor Detection: Level '/Game/StarterContent/Maps/Minimal_Default.Minimal_Default:PersistentLevel' has LevelScriptBlueprint '/Game/StarterContent/Maps/Minimal_Default.Minimal_Default:PersistentLevel.Minimal_Default' with GeneratedClass '/Game/StarterContent/Maps/Minimal_Default.Minimal_Default_C' with ClassGeneratedBy '/Game/StarterContent/Maps/Minimal_Default.Minimal_Default:PersistentLevel.Minimal_Default'
[2019.02.16-03.44.36:366][693]LogSlate: FSceneViewport::OnFocusLost() reason 0
[2019.02.16-03.44.36:426][700]LogBlueprintUserMessages: Early EndPlayMap Detection: Level '/Game/StarterContent/Maps/Minimal_Default.Minimal_Default:PersistentLevel' has LevelScriptBlueprint '/Game/StarterContent/Maps/Minimal_Default.Minimal_Default:PersistentLevel.Minimal_Default' with GeneratedClass '/Game/StarterContent/Maps/Minimal_Default.Minimal_Default_C' with ClassGeneratedBy '/Game/StarterContent/Maps/Minimal_Default.Minimal_Default:PersistentLevel.Minimal_Default'
[2019.02.16-03.44.36:427][700]LogSlate: Updating window title bar state: overlay mode, drag disabled, window buttons hidden, title bar hidden
[2019.02.16-03.44.36:464][700]LogPlayLevel: Display: Shutting down PIE online subsystems
[2019.02.16-03.44.36:464][700]LogBlueprintUserMessages: Late EndPlayMap Detection: Level '/Game/StarterContent/Maps/Minimal_Default.Minimal_Default:PersistentLevel' has LevelScriptBlueprint '/Game/StarterContent/Maps/Minimal_Default.Minimal_Default:PersistentLevel.Minimal_Default' with GeneratedClass '/Game/StarterContent/Maps/Minimal_Default.Minimal_Default_C' with ClassGeneratedBy '/Game/StarterContent/Maps/Minimal_Default.Minimal_Default:PersistentLevel.Minimal_Default'
[2019.02.16-03.44.36:484][700]LogSlate: Updating window title bar state: overlay mode, drag disabled, window buttons hidden, title bar hidden
[2019.02.16-03.44.36:524][703]LogPlayLevel: Display: Destroying online subsystem :Context_3
