Log file open, 02/11/19 22:13:32
LogWindows: Failed to load 'aqProf.dll' (GetLastError=126)
LogWindows: File 'aqProf.dll' does not exist
LogWindows: Failed to load 'VtuneApi.dll' (GetLastError=126)
LogWindows: File 'VtuneApi.dll' does not exist
LogWindows: Failed to load 'VtuneApi32e.dll' (GetLastError=126)
LogWindows: File 'VtuneApi32e.dll' does not exist
LogConsoleResponse: Display: Failed to find resolution value strings in scalability ini. Falling back to default.
LogInit: Display: Running engine for game: HSPGame
LogPakFile: Registered encryption key '00000000000000000000000000000000': 0 pak files mounted, 0 remain pending
LogPlatformFile: Not using cached read wrapper
LogTaskGraph: Started task graph with 5 named threads and 23 total threads with 3 sets of task threads.
LogStats: Stats thread started at 0.391260
LogD3D11RHI: Loaded GFSDK_Aftermath_Lib.x64.dll
LogICUInternationalization: ICU TimeZone Detection - Raw Offset: -8:00, Platform Override: ''
LogPluginManager: Mounting plugin Paper2D
LogPluginManager: Mounting plugin AISupport
LogPluginManager: Mounting plugin LightPropagationVolume
LogPluginManager: Mounting plugin ActorLayerUtilities
LogPluginManager: Mounting plugin CLionSourceCodeAccess
LogPluginManager: Mounting plugin CodeLiteSourceCodeAccess
LogPluginManager: Mounting plugin GitSourceControl
LogPluginManager: Mounting plugin KDevelopSourceCodeAccess
LogPluginManager: Mounting plugin NullSourceCodeAccess
LogPluginManager: Mounting plugin PerforceSourceControl
LogPluginManager: Mounting plugin SubversionSourceControl
LogPluginManager: Mounting plugin UObjectPlugin
LogPluginManager: Mounting plugin VisualStudioCodeSourceCodeAccess
LogPluginManager: Mounting plugin VisualStudioSourceCodeAccess
LogPluginManager: Mounting plugin XCodeSourceCodeAccess
LogPluginManager: Mounting plugin AssetManagerEditor
LogPluginManager: Mounting plugin CryptoKeys
LogPluginManager: Mounting plugin DataValidation
LogPluginManager: Mounting plugin FacialAnimation
LogPluginManager: Mounting plugin GameplayTagsEditor
LogPluginManager: Mounting plugin MacGraphicsSwitching
LogPluginManager: Mounting plugin MeshEditor
LogPluginManager: Mounting plugin MobileLauncherProfileWizard
LogPluginManager: Mounting plugin PluginBrowser
LogPluginManager: Mounting plugin SpeedTreeImporter
LogPluginManager: Mounting plugin DatasmithContent
LogPluginManager: Mounting plugin VariantManagerContent
LogPluginManager: Mounting plugin AlembicImporter
LogPluginManager: Mounting plugin AppleImageUtils
LogPluginManager: Mounting plugin AppleVision
LogPluginManager: Mounting plugin BackChannel
LogPluginManager: Mounting plugin CharacterAI
LogPluginManager: Mounting plugin GeometryCache
LogPluginManager: Mounting plugin HTML5Networking
LogPluginManager: Mounting plugin ProxyLODPlugin
LogPluginManager: Mounting plugin MagicLeap
LogPluginManager: Mounting plugin MagicLeapMedia
LogPluginManager: Mounting plugin AndroidMedia
LogPluginManager: Mounting plugin AvfMedia
LogPluginManager: Mounting plugin ImgMedia
LogPluginManager: Mounting plugin LinearTimecode
LogPluginManager: Mounting plugin MediaCompositing
LogPluginManager: Mounting plugin MediaPlayerEditor
LogPluginManager: Mounting plugin WebMMedia
LogPluginManager: Mounting plugin WmfMedia
LogPluginManager: Mounting plugin TcpMessaging
LogPluginManager: Mounting plugin UdpMessaging
LogPluginManager: Mounting plugin ActorSequence
LogPluginManager: Mounting plugin LevelSequenceEditor
LogPluginManager: Mounting plugin MatineeToLevelSequence
LogPluginManager: Mounting plugin NetcodeUnitTest
LogPluginManager: Mounting plugin NUTUnrealEngine4
LogPluginManager: Mounting plugin OnlineSubsystemGooglePlay
LogPluginManager: Mounting plugin OnlineSubsystemIOS
LogPluginManager: Mounting plugin OnlineSubsystem
LogPluginManager: Mounting plugin OnlineSubsystemNull
LogPluginManager: Mounting plugin OnlineSubsystemUtils
LogPluginManager: Mounting plugin LauncherChunkInstaller
LogPluginManager: Mounting plugin AndroidDeviceProfileSelector
LogPluginManager: Mounting plugin AndroidMoviePlayer
LogPluginManager: Mounting plugin AndroidPermission
LogPluginManager: Mounting plugin AppleMoviePlayer
LogPluginManager: Mounting plugin ArchVisCharacter
LogPluginManager: Mounting plugin AudioCapture
LogPluginManager: Mounting plugin CableComponent
LogPluginManager: Mounting plugin CustomMeshComponent
LogPluginManager: Mounting plugin EditableMesh
LogPluginManager: Mounting plugin ExampleDeviceProfileSelector
LogPluginManager: Mounting plugin Firebase
LogPluginManager: Mounting plugin GoogleCloudMessaging
LogPluginManager: Mounting plugin IOSDeviceProfileSelector
LogPluginManager: Mounting plugin LinuxDeviceProfileSelector
LogPluginManager: Mounting plugin LocationServicesBPLibrary
LogPluginManager: Mounting plugin MobilePatchingUtils
LogPluginManager: Mounting plugin OculusVR
LogPluginManager: Mounting plugin PhysXVehicles
LogPluginManager: Mounting plugin ProceduralMeshComponent
LogPluginManager: Mounting plugin RuntimePhysXCooking
LogPluginManager: Mounting plugin SteamVR
LogPluginManager: Mounting plugin WebMMoviePlayer
LogPluginManager: Mounting plugin WindowsMoviePlayer
LogStreaming: Display: Took  0.083s to configure plugins.
LogInit: Using libcurl 7.55.1-DEV
LogInit:  - built for x86_64-pc-win32
LogInit:  - supports SSL with OpenSSL/1.0.2h
LogInit:  - supports HTTP deflate (compression) using libz 1.2.8
LogInit:  - other features:
LogInit:      CURL_VERSION_SSL
LogInit:      CURL_VERSION_LIBZ
LogInit:      CURL_VERSION_IPV6
LogInit:      CURL_VERSION_ASYNCHDNS
LogInit:      CURL_VERSION_LARGEFILE
LogInit:      CURL_VERSION_IDN
LogInit:  CurlRequestOptions (configurable via config and command line):
LogInit:  - bVerifyPeer = true  - Libcurl will verify peer certificate
LogInit:  - bUseHttpProxy = false  - Libcurl will NOT use HTTP proxy
LogInit:  - bDontReuseConnections = false  - Libcurl will reuse connections
LogInit:  - MaxHostConnections = 16  - Libcurl will limit the number of connections to a host
LogInit:  - LocalHostAddr = Default
LogInit:  - BufferSize = 65536
LogInit: WinSock: version 1.1 (2.2), MaxSocks=32767, MaxUdp=65467
LogInit: Build: ++UE4+Release-4.21-CL-4753647
LogInit: Engine Version: 4.21.2-4753647+++UE4+Release-4.21
LogInit: Compatible Engine Version: 4.21.0-4541578+++UE4+Release-4.21
LogInit: Net CL: 4541578
LogInit: OS: Windows 10 (), CPU: Intel(R) Core(TM) i7-6700K CPU @ 4.00GHz, GPU: NVIDIA GeForce RTX 2080
LogInit: Compiled (64-bit): Jan 19 2019 02:07:31
LogInit: Compiled with Visual C++: 19.13.26129.00
LogInit: Build Configuration: Development
LogInit: Branch Name: ++UE4+Release-4.21
LogInit: Command Line:  -skipcompile
LogInit: Base Directory: G:/Games/Epic/Games/UE_4.21/Engine/Binaries/Win64/
LogInit: Installed Engine Build: 1
LogDevObjectVersion: Number of dev versions registered: 22
LogDevObjectVersion:   Dev-Blueprints (B0D832E4-1F89-4F0D-ACCF-7EB736FD4AA2): 10
LogDevObjectVersion:   Dev-Build (E1C64328-A22C-4D53-A36C-8E866417BD8C): 0
LogDevObjectVersion:   Dev-Core (375EC13C-06E4-48FB-B500-84F0262A717E): 2
LogDevObjectVersion:   Dev-Editor (E4B068ED-F494-42E9-A231-DA0B2E46BB41): 26
LogDevObjectVersion:   Dev-Framework (CFFC743F-43B0-4480-9391-14DF171D2073): 34
LogDevObjectVersion:   Dev-Mobile (B02B49B5-BB20-44E9-A304-32B752E40360): 2
LogDevObjectVersion:   Dev-Networking (A4E4105C-59A1-49B5-A7C5-40C4547EDFEE): 0
LogDevObjectVersion:   Dev-Online (39C831C9-5AE6-47DC-9A44-9C173E1C8E7C): 0
LogDevObjectVersion:   Dev-Physics (78F01B33-EBEA-4F98-B9B4-84EACCB95AA2): 0
LogDevObjectVersion:   Dev-Platform (6631380F-2D4D-43E0-8009-CF276956A95A): 0
LogDevObjectVersion:   Dev-Rendering (12F88B9F-8875-4AFC-A67C-D90C383ABD29): 27
LogDevObjectVersion:   Dev-Sequencer (7B5AE74C-D270-4C10-A958-57980B212A5A): 9
LogDevObjectVersion:   Dev-VR (D7296918-1DD6-4BDD-9DE2-64A83CC13884): 2
LogDevObjectVersion:   Dev-LoadTimes (C2A15278-BFE7-4AFE-6C17-90FF531DF755): 1
LogDevObjectVersion:   Private-Geometry (6EACA3D4-40EC-4CC1-B786-8BED09428FC5): 3
LogDevObjectVersion:   Dev-AnimPhys (29E575DD-E0A3-4627-9D10-D276232CDCEA): 17
LogDevObjectVersion:   Dev-Anim (AF43A65D-7FD3-4947-9873-3E8ED9C1BB05): 2
LogDevObjectVersion:   Dev-ReflectionCapture (6B266CEC-1EC7-4B8F-A30B-E4D90942FC07): 1
LogDevObjectVersion:   Dev-Automation (0DF73D61-A23F-47EA-B727-89E90C41499A): 1
LogDevObjectVersion:   FortniteMain (601D1886-AC64-4F84-AA16-D3DE0DEAC7D6): 17
LogDevObjectVersion:   Dev-Enterprise (9DFFBCD6-494F-0158-E221-12823C92A888): 4
LogDevObjectVersion:   Dev-Niagara (F2AED0AC-9AFE-416F-8664-AA7FFA26D6FC): 1
LogStreaming: Display: Took  0.002s to delete old logs.
LogInit: Presizing for max 8388607 objects, including 0 objects not considered by GC, pre-allocating 0 bytes for permanent pool.
LogInit: Object subsystem initialized
LogConfig: Setting CVar [[con.DebugEarlyDefault:1]]
LogConfig: Setting CVar [[r.setres:1280x720]]
[2019.02.12-06.13.32:437][  0]LogConfig: Setting CVar [[r.VSync:0]]
[2019.02.12-06.13.32:437][  0]LogConfig: Setting CVar [[r.RHICmdBypass:0]]
[2019.02.12-06.13.32:437][  0]LogConfig: Applying CVar settings from Section [/Script/Engine.RendererSettings] File [C:/Users/gosus/Documents/CP-School/SeniorProject/gitRepos/Senior-Project-Game/HSPGame/Saved/Config/Windows/Engine.ini]
[2019.02.12-06.13.32:437][  0]LogConfig: Setting CVar [[r.GPUCrashDebugging:0]]
[2019.02.12-06.13.32:437][  0]LogConfig: Applying CVar settings from Section [/Script/Engine.RendererOverrideSettings] File [C:/Users/gosus/Documents/CP-School/SeniorProject/gitRepos/Senior-Project-Game/HSPGame/Saved/Config/Windows/Engine.ini]
[2019.02.12-06.13.32:437][  0]LogConfig: Applying CVar settings from Section [/Script/Engine.StreamingSettings] File [C:/Users/gosus/Documents/CP-School/SeniorProject/gitRepos/Senior-Project-Game/HSPGame/Saved/Config/Windows/Engine.ini]
[2019.02.12-06.13.32:437][  0]LogConfig: Setting CVar [[s.MinBulkDataSizeForAsyncLoading:131072]]
[2019.02.12-06.13.32:437][  0]LogConfig: Setting CVar [[s.AsyncLoadingThreadEnabled:0]]
[2019.02.12-06.13.32:437][  0]LogConfig: Setting CVar [[s.EventDrivenLoaderEnabled:1]]
[2019.02.12-06.13.32:437][  0]LogConfig: Setting CVar [[s.WarnIfTimeLimitExceeded:0]]
[2019.02.12-06.13.32:437][  0]LogConfig: Setting CVar [[s.TimeLimitExceededMultiplier:1.5]]
[2019.02.12-06.13.32:438][  0]LogConfig: Setting CVar [[s.TimeLimitExceededMinTime:0.005]]
[2019.02.12-06.13.32:438][  0]LogConfig: Setting CVar [[s.UseBackgroundLevelStreaming:1]]
[2019.02.12-06.13.32:438][  0]LogConfig: Setting CVar [[s.PriorityAsyncLoadingExtraTime:15.0]]
[2019.02.12-06.13.32:438][  0]LogConfig: Setting CVar [[s.LevelStreamingActorsUpdateTimeLimit:5.0]]
[2019.02.12-06.13.32:438][  0]LogConfig: Setting CVar [[s.PriorityLevelStreamingActorsUpdateExtraTime:5.0]]
[2019.02.12-06.13.32:438][  0]LogConfig: Setting CVar [[s.LevelStreamingComponentsRegistrationGranularity:10]]
[2019.02.12-06.13.32:438][  0]LogConfig: Setting CVar [[s.UnregisterComponentsTimeLimit:1.0]]
[2019.02.12-06.13.32:438][  0]LogConfig: Setting CVar [[s.LevelStreamingComponentsUnregistrationGranularity:5]]
[2019.02.12-06.13.32:438][  0]LogConfig: Applying CVar settings from Section [/Script/Engine.GarbageCollectionSettings] File [C:/Users/gosus/Documents/CP-School/SeniorProject/gitRepos/Senior-Project-Game/HSPGame/Saved/Config/Windows/Engine.ini]
[2019.02.12-06.13.32:438][  0]LogConfig: Setting CVar [[gc.MaxObjectsNotConsideredByGC:1]]
[2019.02.12-06.13.32:438][  0]LogConfig: Setting CVar [[gc.SizeOfPermanentObjectPool:0]]
[2019.02.12-06.13.32:438][  0]LogConfig: Setting CVar [[gc.FlushStreamingOnGC:0]]
[2019.02.12-06.13.32:438][  0]LogConfig: Setting CVar [[gc.NumRetriesBeforeForcingGC:10]]
[2019.02.12-06.13.32:438][  0]LogConfig: Setting CVar [[gc.AllowParallelGC:1]]
[2019.02.12-06.13.32:438][  0]LogConfig: Setting CVar [[gc.TimeBetweenPurgingPendingKillObjects:61.1]]
[2019.02.12-06.13.32:438][  0]LogConfig: Setting CVar [[gc.MaxObjectsInEditor:8388607]]
[2019.02.12-06.13.32:438][  0]LogConfig: Setting CVar [[gc.IncrementalBeginDestroyEnabled:1]]
[2019.02.12-06.13.32:438][  0]LogConfig: Setting CVar [[gc.CreateGCClusters:1]]
[2019.02.12-06.13.32:438][  0]LogConfig: Setting CVar [[gc.MergeGCClusters:0]]
[2019.02.12-06.13.32:438][  0]LogConfig: Setting CVar [[gc.MinGCClusterSize:5]]
[2019.02.12-06.13.32:438][  0]LogConfig: Setting CVar [[gc.ActorClusteringEnabled:0]]
[2019.02.12-06.13.32:438][  0]LogConfig: Setting CVar [[gc.BlueprintClusteringEnabled:0]]
[2019.02.12-06.13.32:439][  0]LogConfig: Setting CVar [[gc.UseDisregardForGCOnDedicatedServers:0]]
[2019.02.12-06.13.32:439][  0]LogConfig: Applying CVar settings from Section [/Script/Engine.NetworkSettings] File [C:/Users/gosus/Documents/CP-School/SeniorProject/gitRepos/Senior-Project-Game/HSPGame/Saved/Config/Windows/Engine.ini]
[2019.02.12-06.13.32:439][  0]LogConfig: Applying CVar settings from Section [/Script/UnrealEd.CookerSettings] File [C:/Users/gosus/Documents/CP-School/SeniorProject/gitRepos/Senior-Project-Game/HSPGame/Saved/Config/Windows/Engine.ini]
[2019.02.12-06.13.32:450][  0]LogConfig: Applying CVar settings from Section [ViewDistanceQuality@3] File [C:/Users/gosus/Documents/CP-School/SeniorProject/gitRepos/Senior-Project-Game/HSPGame/Saved/Config/Windows/Scalability.ini]
[2019.02.12-06.13.32:451][  0]LogConfig: Setting CVar [[r.SkeletalMeshLODBias:0]]
[2019.02.12-06.13.32:451][  0]LogConfig: Setting CVar [[r.ViewDistanceScale:1.0]]
[2019.02.12-06.13.32:451][  0]LogConfig: Applying CVar settings from Section [AntiAliasingQuality@3] File [C:/Users/gosus/Documents/CP-School/SeniorProject/gitRepos/Senior-Project-Game/HSPGame/Saved/Config/Windows/Scalability.ini]
[2019.02.12-06.13.32:451][  0]LogConfig: Setting CVar [[r.PostProcessAAQuality:4]]
[2019.02.12-06.13.32:451][  0]LogConfig: Applying CVar settings from Section [ShadowQuality@3] File [C:/Users/gosus/Documents/CP-School/SeniorProject/gitRepos/Senior-Project-Game/HSPGame/Saved/Config/Windows/Scalability.ini]
[2019.02.12-06.13.32:451][  0]LogConfig: Setting CVar [[r.LightFunctionQuality:1]]
[2019.02.12-06.13.32:451][  0]LogConfig: Setting CVar [[r.ShadowQuality:5]]
[2019.02.12-06.13.32:451][  0]LogConfig: Setting CVar [[r.Shadow.CSM.MaxCascades:10]]
[2019.02.12-06.13.32:451][  0]LogConfig: Setting CVar [[r.Shadow.MaxResolution:2048]]
[2019.02.12-06.13.32:451][  0]LogConfig: Setting CVar [[r.Shadow.MaxCSMResolution:2048]]
[2019.02.12-06.13.32:451][  0]LogConfig: Setting CVar [[r.Shadow.RadiusThreshold:0.01]]
[2019.02.12-06.13.32:451][  0]LogConfig: Setting CVar [[r.Shadow.DistanceScale:1.0]]
[2019.02.12-06.13.32:451][  0]LogConfig: Setting CVar [[r.Shadow.CSM.TransitionScale:1.0]]
[2019.02.12-06.13.32:451][  0]LogConfig: Setting CVar [[r.Shadow.PreShadowResolutionFactor:1.0]]
[2019.02.12-06.13.32:451][  0]LogConfig: Setting CVar [[r.DistanceFieldShadowing:1]]
[2019.02.12-06.13.32:451][  0]LogConfig: Setting CVar [[r.DistanceFieldAO:1]]
[2019.02.12-06.13.32:451][  0]LogConfig: Setting CVar [[r.AOQuality:2]]
[2019.02.12-06.13.32:452][  0]LogConfig: Setting CVar [[r.VolumetricFog:1]]
[2019.02.12-06.13.32:452][  0]LogConfig: Setting CVar [[r.VolumetricFog.GridPixelSize:8]]
[2019.02.12-06.13.32:452][  0]LogConfig: Setting CVar [[r.VolumetricFog.GridSizeZ:128]]
[2019.02.12-06.13.32:452][  0]LogConfig: Setting CVar [[r.VolumetricFog.HistoryMissSupersampleCount:4]]
[2019.02.12-06.13.32:452][  0]LogConfig: Setting CVar [[r.LightMaxDrawDistanceScale:1]]
[2019.02.12-06.13.32:452][  0]LogConfig: Setting CVar [[r.CapsuleShadows:1]]
[2019.02.12-06.13.32:452][  0]LogConfig: Applying CVar settings from Section [PostProcessQuality@3] File [C:/Users/gosus/Documents/CP-School/SeniorProject/gitRepos/Senior-Project-Game/HSPGame/Saved/Config/Windows/Scalability.ini]
[2019.02.12-06.13.32:452][  0]LogConfig: Setting CVar [[r.MotionBlurQuality:4]]
[2019.02.12-06.13.32:452][  0]LogConfig: Setting CVar [[r.AmbientOcclusionMipLevelFactor:0.4]]
[2019.02.12-06.13.32:452][  0]LogConfig: Setting CVar [[r.AmbientOcclusionMaxQuality:100]]
[2019.02.12-06.13.32:452][  0]LogConfig: Setting CVar [[r.AmbientOcclusionLevels:-1]]
[2019.02.12-06.13.32:452][  0]LogConfig: Setting CVar [[r.AmbientOcclusionRadiusScale:1.0]]
[2019.02.12-06.13.32:452][  0]LogConfig: Setting CVar [[r.DepthOfFieldQuality:2]]
[2019.02.12-06.13.32:452][  0]LogConfig: Setting CVar [[r.RenderTargetPoolMin:400]]
[2019.02.12-06.13.32:452][  0]LogConfig: Setting CVar [[r.LensFlareQuality:2]]
[2019.02.12-06.13.32:452][  0]LogConfig: Setting CVar [[r.SceneColorFringeQuality:1]]
[2019.02.12-06.13.32:452][  0]LogConfig: Setting CVar [[r.EyeAdaptationQuality:2]]
[2019.02.12-06.13.32:452][  0]LogConfig: Setting CVar [[r.BloomQuality:5]]
[2019.02.12-06.13.32:452][  0]LogConfig: Setting CVar [[r.FastBlurThreshold:100]]
[2019.02.12-06.13.32:453][  0]LogConfig: Setting CVar [[r.Upscale.Quality:3]]
[2019.02.12-06.13.32:453][  0]LogConfig: Setting CVar [[r.Tonemapper.GrainQuantization:1]]
[2019.02.12-06.13.32:453][  0]LogConfig: Setting CVar [[r.LightShaftQuality:1]]
[2019.02.12-06.13.32:453][  0]LogConfig: Setting CVar [[r.Filter.SizeScale:1]]
[2019.02.12-06.13.32:453][  0]LogConfig: Setting CVar [[r.Tonemapper.Quality:5]]
[2019.02.12-06.13.32:453][  0]LogConfig: Setting CVar [[r.DOF.Gather.AccumulatorQuality:1        ; higher gathering accumulator quality]]
[2019.02.12-06.13.32:453][  0]LogConfig: Setting CVar [[r.DOF.Gather.PostfilterMethod:1          ; Median3x3 postfilering method]]
[2019.02.12-06.13.32:453][  0]LogConfig: Setting CVar [[r.DOF.Gather.EnableBokehSettings:0       ; no bokeh simulation when gathering]]
[2019.02.12-06.13.32:453][  0]LogConfig: Setting CVar [[r.DOF.Gather.RingCount:4                 ; medium number of samples when gathering]]
[2019.02.12-06.13.32:453][  0]LogConfig: Setting CVar [[r.DOF.Scatter.ForegroundCompositing:1    ; additive foreground scattering]]
[2019.02.12-06.13.32:453][  0]LogConfig: Setting CVar [[r.DOF.Scatter.BackgroundCompositing:2    ; additive background scattering]]
[2019.02.12-06.13.32:453][  0]LogConfig: Setting CVar [[r.DOF.Scatter.EnableBokehSettings:1      ; bokeh simulation when scattering]]
[2019.02.12-06.13.32:453][  0]LogConfig: Setting CVar [[r.DOF.Scatter.MaxSpriteRatio:0.1         ; only a maximum of 10% of scattered bokeh]]
[2019.02.12-06.13.32:453][  0]LogConfig: Setting CVar [[r.DOF.Recombine.Quality:1                ; cheap slight out of focus]]
[2019.02.12-06.13.32:453][  0]LogConfig: Setting CVar [[r.DOF.Recombine.EnableBokehSettings:0    ; no bokeh simulation on slight out of focus]]
[2019.02.12-06.13.32:453][  0]LogConfig: Setting CVar [[r.DOF.TemporalAAQuality:1                ; more stable temporal accumulation]]
[2019.02.12-06.13.32:453][  0]LogConfig: Setting CVar [[r.DOF.Kernel.MaxForegroundRadius:0.025]]
[2019.02.12-06.13.32:453][  0]LogConfig: Setting CVar [[r.DOF.Kernel.MaxBackgroundRadius:0.025]]
[2019.02.12-06.13.32:453][  0]LogConfig: Applying CVar settings from Section [TextureQuality@3] File [C:/Users/gosus/Documents/CP-School/SeniorProject/gitRepos/Senior-Project-Game/HSPGame/Saved/Config/Windows/Scalability.ini]
[2019.02.12-06.13.32:453][  0]LogConfig: Setting CVar [[r.Streaming.MipBias:0]]
[2019.02.12-06.13.32:454][  0]LogConfig: Setting CVar [[r.Streaming.AmortizeCPUToGPUCopy:0]]
[2019.02.12-06.13.32:454][  0]LogConfig: Setting CVar [[r.Streaming.MaxNumTexturesToStreamPerFrame:0]]
[2019.02.12-06.13.32:454][  0]LogConfig: Setting CVar [[r.Streaming.Boost:1]]
[2019.02.12-06.13.32:454][  0]LogConfig: Setting CVar [[r.MaxAnisotropy:8]]
[2019.02.12-06.13.32:454][  0]LogConfig: Setting CVar [[r.Streaming.LimitPoolSizeToVRAM:0]]
[2019.02.12-06.13.32:454][  0]LogConfig: Setting CVar [[r.Streaming.PoolSize:1000]]
[2019.02.12-06.13.32:454][  0]LogConfig: Setting CVar [[r.Streaming.MaxEffectiveScreenSize:0]]
[2019.02.12-06.13.32:454][  0]LogConfig: Applying CVar settings from Section [EffectsQuality@3] File [C:/Users/gosus/Documents/CP-School/SeniorProject/gitRepos/Senior-Project-Game/HSPGame/Saved/Config/Windows/Scalability.ini]
[2019.02.12-06.13.32:454][  0]LogConfig: Setting CVar [[r.TranslucencyLightingVolumeDim:64]]
[2019.02.12-06.13.32:454][  0]LogConfig: Setting CVar [[r.RefractionQuality:2]]
[2019.02.12-06.13.32:454][  0]LogConfig: Setting CVar [[r.SSR.Quality:3]]
[2019.02.12-06.13.32:454][  0]LogConfig: Setting CVar [[r.SceneColorFormat:4]]
[2019.02.12-06.13.32:454][  0]LogConfig: Setting CVar [[r.DetailMode:2]]
[2019.02.12-06.13.32:454][  0]LogConfig: Setting CVar [[r.TranslucencyVolumeBlur:1]]
[2019.02.12-06.13.32:454][  0]LogConfig: Setting CVar [[r.MaterialQualityLevel:1 ; High quality]]
[2019.02.12-06.13.32:454][  0]LogConfig: Setting CVar [[r.SSS.Scale:1]]
[2019.02.12-06.13.32:454][  0]LogConfig: Setting CVar [[r.SSS.SampleSet:2]]
[2019.02.12-06.13.32:454][  0]LogConfig: Setting CVar [[r.SSS.Quality:1]]
[2019.02.12-06.13.32:454][  0]LogConfig: Setting CVar [[r.SSS.HalfRes:1]]
[2019.02.12-06.13.32:454][  0]LogConfig: Setting CVar [[r.EmitterSpawnRateScale:1.0]]
[2019.02.12-06.13.32:454][  0]LogConfig: Setting CVar [[r.ParticleLightQuality:2]]
[2019.02.12-06.13.32:454][  0]LogConfig: Applying CVar settings from Section [FoliageQuality@3] File [C:/Users/gosus/Documents/CP-School/SeniorProject/gitRepos/Senior-Project-Game/HSPGame/Saved/Config/Windows/Scalability.ini]
[2019.02.12-06.13.32:454][  0]LogConfig: Setting CVar [[foliage.DensityScale:1.0]]
[2019.02.12-06.13.32:455][  0]LogConfig: Setting CVar [[grass.DensityScale:1.0]]
[2019.02.12-06.13.32:455][  0]LogInit: Selected Device Profile: [Windows]
[2019.02.12-06.13.32:455][  0]LogInit: Applying CVar settings loaded from the selected device profile: [Windows]
[2019.02.12-06.13.32:464][  0]LogHAL: Display: Platform has ~ 32 GB [34313105408 / 34359738368 / 32], which maps to Largest [LargestMinGB=32, LargerMinGB=12, DefaultMinGB=8, SmallerMinGB=6, SmallestMinGB=0)
[2019.02.12-06.13.32:464][  0]LogConfig: Setting CVar [[r.Vulkan.UseRealUBs:1]]
[2019.02.12-06.13.32:464][  0]LogInit: Going up to parent DeviceProfile []
[2019.02.12-06.13.32:464][  0]LogConfig: Applying CVar settings from Section [ViewDistanceQuality@3] File [C:/Users/gosus/Documents/CP-School/SeniorProject/gitRepos/Senior-Project-Game/HSPGame/Saved/Config/Windows/Scalability.ini]
[2019.02.12-06.13.32:464][  0]LogConfig: Setting CVar [[r.SkeletalMeshLODBias:0]]
[2019.02.12-06.13.32:464][  0]LogConfig: Setting CVar [[r.ViewDistanceScale:1.0]]
[2019.02.12-06.13.32:464][  0]LogConfig: Applying CVar settings from Section [AntiAliasingQuality@3] File [C:/Users/gosus/Documents/CP-School/SeniorProject/gitRepos/Senior-Project-Game/HSPGame/Saved/Config/Windows/Scalability.ini]
[2019.02.12-06.13.32:464][  0]LogConfig: Setting CVar [[r.PostProcessAAQuality:4]]
[2019.02.12-06.13.32:464][  0]LogConfig: Applying CVar settings from Section [ShadowQuality@3] File [C:/Users/gosus/Documents/CP-School/SeniorProject/gitRepos/Senior-Project-Game/HSPGame/Saved/Config/Windows/Scalability.ini]
[2019.02.12-06.13.32:464][  0]LogConfig: Setting CVar [[r.LightFunctionQuality:1]]
[2019.02.12-06.13.32:464][  0]LogConfig: Setting CVar [[r.ShadowQuality:5]]
[2019.02.12-06.13.32:464][  0]LogConfig: Setting CVar [[r.Shadow.CSM.MaxCascades:10]]
[2019.02.12-06.13.32:464][  0]LogConfig: Setting CVar [[r.Shadow.MaxResolution:2048]]
[2019.02.12-06.13.32:464][  0]LogConfig: Setting CVar [[r.Shadow.MaxCSMResolution:2048]]
[2019.02.12-06.13.32:464][  0]LogConfig: Setting CVar [[r.Shadow.RadiusThreshold:0.01]]
[2019.02.12-06.13.32:465][  0]LogConfig: Setting CVar [[r.Shadow.DistanceScale:1.0]]
[2019.02.12-06.13.32:465][  0]LogConfig: Setting CVar [[r.Shadow.CSM.TransitionScale:1.0]]
[2019.02.12-06.13.32:465][  0]LogConfig: Setting CVar [[r.Shadow.PreShadowResolutionFactor:1.0]]
[2019.02.12-06.13.32:465][  0]LogConfig: Setting CVar [[r.DistanceFieldShadowing:1]]
[2019.02.12-06.13.32:465][  0]LogConfig: Setting CVar [[r.DistanceFieldAO:1]]
[2019.02.12-06.13.32:465][  0]LogConfig: Setting CVar [[r.AOQuality:2]]
[2019.02.12-06.13.32:465][  0]LogConfig: Setting CVar [[r.VolumetricFog:1]]
[2019.02.12-06.13.32:465][  0]LogConfig: Setting CVar [[r.VolumetricFog.GridPixelSize:8]]
[2019.02.12-06.13.32:465][  0]LogConfig: Setting CVar [[r.VolumetricFog.GridSizeZ:128]]
[2019.02.12-06.13.32:465][  0]LogConfig: Setting CVar [[r.VolumetricFog.HistoryMissSupersampleCount:4]]
[2019.02.12-06.13.32:465][  0]LogConfig: Setting CVar [[r.LightMaxDrawDistanceScale:1]]
[2019.02.12-06.13.32:465][  0]LogConfig: Setting CVar [[r.CapsuleShadows:1]]
[2019.02.12-06.13.32:465][  0]LogConfig: Applying CVar settings from Section [PostProcessQuality@3] File [C:/Users/gosus/Documents/CP-School/SeniorProject/gitRepos/Senior-Project-Game/HSPGame/Saved/Config/Windows/Scalability.ini]
[2019.02.12-06.13.32:465][  0]LogConfig: Setting CVar [[r.MotionBlurQuality:4]]
[2019.02.12-06.13.32:465][  0]LogConfig: Setting CVar [[r.AmbientOcclusionMipLevelFactor:0.4]]
[2019.02.12-06.13.32:465][  0]LogConfig: Setting CVar [[r.AmbientOcclusionMaxQuality:100]]
[2019.02.12-06.13.32:465][  0]LogConfig: Setting CVar [[r.AmbientOcclusionLevels:-1]]
[2019.02.12-06.13.32:465][  0]LogConfig: Setting CVar [[r.AmbientOcclusionRadiusScale:1.0]]
[2019.02.12-06.13.32:465][  0]LogConfig: Setting CVar [[r.DepthOfFieldQuality:2]]
[2019.02.12-06.13.32:465][  0]LogConfig: Setting CVar [[r.RenderTargetPoolMin:400]]
[2019.02.12-06.13.32:465][  0]LogConfig: Setting CVar [[r.LensFlareQuality:2]]
[2019.02.12-06.13.32:465][  0]LogConfig: Setting CVar [[r.SceneColorFringeQuality:1]]
[2019.02.12-06.13.32:465][  0]LogConfig: Setting CVar [[r.EyeAdaptationQuality:2]]
[2019.02.12-06.13.32:466][  0]LogConfig: Setting CVar [[r.BloomQuality:5]]
[2019.02.12-06.13.32:466][  0]LogConfig: Setting CVar [[r.FastBlurThreshold:100]]
[2019.02.12-06.13.32:466][  0]LogConfig: Setting CVar [[r.Upscale.Quality:3]]
[2019.02.12-06.13.32:466][  0]LogConfig: Setting CVar [[r.Tonemapper.GrainQuantization:1]]
[2019.02.12-06.13.32:466][  0]LogConfig: Setting CVar [[r.LightShaftQuality:1]]
[2019.02.12-06.13.32:466][  0]LogConfig: Setting CVar [[r.Filter.SizeScale:1]]
[2019.02.12-06.13.32:466][  0]LogConfig: Setting CVar [[r.Tonemapper.Quality:5]]
[2019.02.12-06.13.32:466][  0]LogConfig: Setting CVar [[r.DOF.Gather.AccumulatorQuality:1        ; higher gathering accumulator quality]]
[2019.02.12-06.13.32:466][  0]LogConfig: Setting CVar [[r.DOF.Gather.PostfilterMethod:1          ; Median3x3 postfilering method]]
[2019.02.12-06.13.32:466][  0]LogConfig: Setting CVar [[r.DOF.Gather.EnableBokehSettings:0       ; no bokeh simulation when gathering]]
[2019.02.12-06.13.32:466][  0]LogConfig: Setting CVar [[r.DOF.Gather.RingCount:4                 ; medium number of samples when gathering]]
[2019.02.12-06.13.32:466][  0]LogConfig: Setting CVar [[r.DOF.Scatter.ForegroundCompositing:1    ; additive foreground scattering]]
[2019.02.12-06.13.32:466][  0]LogConfig: Setting CVar [[r.DOF.Scatter.BackgroundCompositing:2    ; additive background scattering]]
[2019.02.12-06.13.32:466][  0]LogConfig: Setting CVar [[r.DOF.Scatter.EnableBokehSettings:1      ; bokeh simulation when scattering]]
[2019.02.12-06.13.32:466][  0]LogConfig: Setting CVar [[r.DOF.Scatter.MaxSpriteRatio:0.1         ; only a maximum of 10% of scattered bokeh]]
[2019.02.12-06.13.32:466][  0]LogConfig: Setting CVar [[r.DOF.Recombine.Quality:1                ; cheap slight out of focus]]
[2019.02.12-06.13.32:466][  0]LogConfig: Setting CVar [[r.DOF.Recombine.EnableBokehSettings:0    ; no bokeh simulation on slight out of focus]]
[2019.02.12-06.13.32:466][  0]LogConfig: Setting CVar [[r.DOF.TemporalAAQuality:1                ; more stable temporal accumulation]]
[2019.02.12-06.13.32:466][  0]LogConfig: Setting CVar [[r.DOF.Kernel.MaxForegroundRadius:0.025]]
[2019.02.12-06.13.32:467][  0]LogConfig: Setting CVar [[r.DOF.Kernel.MaxBackgroundRadius:0.025]]
[2019.02.12-06.13.32:467][  0]LogConfig: Applying CVar settings from Section [TextureQuality@3] File [C:/Users/gosus/Documents/CP-School/SeniorProject/gitRepos/Senior-Project-Game/HSPGame/Saved/Config/Windows/Scalability.ini]
[2019.02.12-06.13.32:467][  0]LogConfig: Setting CVar [[r.Streaming.MipBias:0]]
[2019.02.12-06.13.32:467][  0]LogConfig: Setting CVar [[r.Streaming.AmortizeCPUToGPUCopy:0]]
[2019.02.12-06.13.32:467][  0]LogConfig: Setting CVar [[r.Streaming.MaxNumTexturesToStreamPerFrame:0]]
[2019.02.12-06.13.32:467][  0]LogConfig: Setting CVar [[r.Streaming.Boost:1]]
[2019.02.12-06.13.32:467][  0]LogConfig: Setting CVar [[r.MaxAnisotropy:8]]
[2019.02.12-06.13.32:467][  0]LogConfig: Setting CVar [[r.Streaming.LimitPoolSizeToVRAM:0]]
[2019.02.12-06.13.32:467][  0]LogConfig: Setting CVar [[r.Streaming.PoolSize:1000]]
[2019.02.12-06.13.32:467][  0]LogConfig: Setting CVar [[r.Streaming.MaxEffectiveScreenSize:0]]
[2019.02.12-06.13.32:467][  0]LogConfig: Applying CVar settings from Section [EffectsQuality@3] File [C:/Users/gosus/Documents/CP-School/SeniorProject/gitRepos/Senior-Project-Game/HSPGame/Saved/Config/Windows/Scalability.ini]
[2019.02.12-06.13.32:467][  0]LogConfig: Setting CVar [[r.TranslucencyLightingVolumeDim:64]]
[2019.02.12-06.13.32:467][  0]LogConfig: Setting CVar [[r.RefractionQuality:2]]
[2019.02.12-06.13.32:467][  0]LogConfig: Setting CVar [[r.SSR.Quality:3]]
[2019.02.12-06.13.32:467][  0]LogConfig: Setting CVar [[r.SceneColorFormat:4]]
[2019.02.12-06.13.32:467][  0]LogConfig: Setting CVar [[r.DetailMode:2]]
[2019.02.12-06.13.32:467][  0]LogConfig: Setting CVar [[r.TranslucencyVolumeBlur:1]]
[2019.02.12-06.13.32:467][  0]LogConfig: Setting CVar [[r.MaterialQualityLevel:1 ; High quality]]
[2019.02.12-06.13.32:467][  0]LogConfig: Setting CVar [[r.SSS.Scale:1]]
[2019.02.12-06.13.32:467][  0]LogConfig: Setting CVar [[r.SSS.SampleSet:2]]
[2019.02.12-06.13.32:467][  0]LogConfig: Setting CVar [[r.SSS.Quality:1]]
[2019.02.12-06.13.32:467][  0]LogConfig: Setting CVar [[r.SSS.HalfRes:1]]
[2019.02.12-06.13.32:468][  0]LogConfig: Setting CVar [[r.EmitterSpawnRateScale:1.0]]
[2019.02.12-06.13.32:468][  0]LogConfig: Setting CVar [[r.ParticleLightQuality:2]]
[2019.02.12-06.13.32:468][  0]LogConfig: Applying CVar settings from Section [FoliageQuality@3] File [C:/Users/gosus/Documents/CP-School/SeniorProject/gitRepos/Senior-Project-Game/HSPGame/Saved/Config/Windows/Scalability.ini]
[2019.02.12-06.13.32:468][  0]LogConfig: Setting CVar [[foliage.DensityScale:1.0]]
[2019.02.12-06.13.32:468][  0]LogConfig: Setting CVar [[grass.DensityScale:1.0]]
[2019.02.12-06.13.32:468][  0]LogConfig: Applying CVar settings from Section [Startup] File [../../../Engine/Config/ConsoleVariables.ini]
[2019.02.12-06.13.32:468][  0]LogConfig: Setting CVar [[net.UseAdaptiveNetUpdateFrequency:0]]
[2019.02.12-06.13.32:468][  0]LogConfig: Applying CVar settings from Section [ConsoleVariables] File [C:/Users/gosus/Documents/CP-School/SeniorProject/gitRepos/Senior-Project-Game/HSPGame/Saved/Config/Windows/Engine.ini]
[2019.02.12-06.13.32:468][  0]LogInit: Computer: UNIT-01
[2019.02.12-06.13.32:468][  0]LogInit: User: gosus
[2019.02.12-06.13.32:468][  0]LogInit: CPU Page size=4096, Cores=4
[2019.02.12-06.13.32:468][  0]LogInit: High frequency timer resolution =10.000000 MHz
[2019.02.12-06.13.32:469][  0]LogMemory: Memory total: Physical=32.0GB (32GB approx)
[2019.02.12-06.13.32:469][  0]LogMemory: Platform Memory Stats for Windows
[2019.02.12-06.13.32:469][  0]LogMemory: Process Physical Memory: 102.51 MB used, 102.51 MB peak
[2019.02.12-06.13.32:469][  0]LogMemory: Process Virtual Memory: 92.07 MB used, 92.07 MB peak
[2019.02.12-06.13.32:469][  0]LogMemory: Physical Memory: 12103.73 MB used,  20619.80 MB free, 32723.53 MB total
[2019.02.12-06.13.32:469][  0]LogMemory: Virtual Memory: 4649.98 MB used,  134213080.00 MB free, 134217728.00 MB total
[2019.02.12-06.13.32:553][  0]LogInit: Using OS detected language (en-US).
[2019.02.12-06.13.32:553][  0]LogInit: Using OS detected locale (en-US).
[2019.02.12-06.13.32:554][  0]LogTextLocalizationManager: No specific localization for 'en-US' exists, so the 'en' localization will be used.
[2019.02.12-06.13.32:855][  0]LogStreaming: Display: Took  0.302s to InitEngineTextLocalization.
[2019.02.12-06.13.32:856][  0]LogInit: Setting process to per monitor DPI aware
[2019.02.12-06.13.32:927][  0]LogSlate: New Slate User Created.  User Index 0, Is Virtual User: 0
[2019.02.12-06.13.32:927][  0]LogSlate: Slate User Registered.  User Index 0, Is Virtual User: 0
[2019.02.12-06.13.33:123][  0]LogHMD: Failed to initialize OpenVR with code 110
[2019.02.12-06.13.33:123][  0]LogD3D11RHI: D3D11 adapters:
[2019.02.12-06.13.33:257][  0]LogD3D11RHI:    0. 'NVIDIA GeForce RTX 2080' (Feature Level 11_0)
[2019.02.12-06.13.33:257][  0]LogD3D11RHI:       8010/0/16361 MB DedicatedVideo/DedicatedSystem/SharedSystem, Outputs:2, VendorId:0x10de
[2019.02.12-06.13.33:268][  0]LogD3D11RHI:    1. 'Microsoft Basic Render Driver' (Feature Level 11_0)
[2019.02.12-06.13.33:268][  0]LogD3D11RHI:       0/0/16361 MB DedicatedVideo/DedicatedSystem/SharedSystem, Outputs:0, VendorId:0x1414
[2019.02.12-06.13.33:268][  0]LogD3D11RHI: Chosen D3D11 Adapter: 0
[2019.02.12-06.13.33:276][  0]LogD3D11RHI: Creating new Direct3DDevice
[2019.02.12-06.13.33:276][  0]LogD3D11RHI:     GPU DeviceId: 0x1e87 (for the marketing name, search the web for "GPU Device Id")
[2019.02.12-06.13.33:276][  0]LogWindows: EnumDisplayDevices:
[2019.02.12-06.13.33:276][  0]LogWindows:    0. 'NVIDIA GeForce RTX 2080' (P:1 D:1)
[2019.02.12-06.13.33:276][  0]LogWindows:    1. 'NVIDIA GeForce RTX 2080' (P:0 D:1)
[2019.02.12-06.13.33:277][  0]LogWindows:    2. 'NVIDIA GeForce RTX 2080' (P:0 D:0)
[2019.02.12-06.13.33:277][  0]LogWindows:    3. 'NVIDIA GeForce RTX 2080' (P:0 D:0)
[2019.02.12-06.13.33:277][  0]LogWindows: DebugString: FoundDriverCount:4 
[2019.02.12-06.13.33:277][  0]LogD3D11RHI:     Adapter Name: NVIDIA GeForce RTX 2080
[2019.02.12-06.13.33:277][  0]LogD3D11RHI:   Driver Version: 417.71 (internal:25.21.14.1771, unified:417.71)
[2019.02.12-06.13.33:277][  0]LogD3D11RHI:      Driver Date: 1-11-2019
[2019.02.12-06.13.33:278][  0]LogRHI: Texture pool is 5607 MB (70% of 8010 MB)
[2019.02.12-06.13.33:326][  0]LogD3D11RHI: Async texture creation enabled
[2019.02.12-06.13.33:344][  0]LogD3D11RHI: GPU Timing Frequency: 1000.000000 (Debug: 2 2)
[2019.02.12-06.13.33:704][  0]LogTemp: Display: Loaded TP AllDesktopTargetPlatform
[2019.02.12-06.13.33:720][  0]LogTemp: Display: Loaded TP MacClientTargetPlatform
[2019.02.12-06.13.33:735][  0]LogTemp: Display: Loaded TP MacNoEditorTargetPlatform
[2019.02.12-06.13.33:752][  0]LogTemp: Display: Loaded TP MacServerTargetPlatform
[2019.02.12-06.13.33:769][  0]LogTemp: Display: Loaded TP MacTargetPlatform
[2019.02.12-06.13.33:787][  0]LogTemp: Display: Loaded TP WindowsClientTargetPlatform
[2019.02.12-06.13.33:806][  0]LogTemp: Display: Loaded TP WindowsNoEditorTargetPlatform
[2019.02.12-06.13.33:827][  0]LogTemp: Display: Loaded TP WindowsServerTargetPlatform
[2019.02.12-06.13.33:840][  0]LogTemp: Display: Loaded TP WindowsTargetPlatform
[2019.02.12-06.13.33:916][  0]LogTemp: Display: Loaded TP AndroidTargetPlatform
[2019.02.12-06.13.33:916][  0]LogTemp: Display: Loaded TP AndroidTargetPlatform
[2019.02.12-06.13.33:916][  0]LogTemp: Display: Loaded TP AndroidTargetPlatform
[2019.02.12-06.13.33:916][  0]LogTemp: Display: Loaded TP AndroidTargetPlatform
[2019.02.12-06.13.33:916][  0]LogTemp: Display: Loaded TP AndroidTargetPlatform
[2019.02.12-06.13.33:916][  0]LogTemp: Display: Loaded TP AndroidTargetPlatform
[2019.02.12-06.13.33:916][  0]LogTemp: Display: Loaded TP AndroidTargetPlatform
[2019.02.12-06.13.33:916][  0]LogTemp: Display: Loaded TP AndroidTargetPlatform
[2019.02.12-06.13.33:916][  0]LogTemp: Display: Loaded TP AndroidTargetPlatform
[2019.02.12-06.13.33:917][  0]LogTemp: Display: Loaded TP AndroidTargetPlatform
[2019.02.12-06.13.33:917][  0]LogTemp: Display: Loaded TP AndroidTargetPlatform
[2019.02.12-06.13.33:917][  0]LogTemp: Display: Loaded TP AndroidTargetPlatform
[2019.02.12-06.13.33:917][  0]LogTemp: Display: Loaded TP AndroidTargetPlatform
[2019.02.12-06.13.33:917][  0]LogTemp: Display: Loaded TP AndroidTargetPlatform
[2019.02.12-06.13.33:917][  0]LogTemp: Display: Loaded TP AndroidTargetPlatform
[2019.02.12-06.13.33:917][  0]LogTemp: Display: Loaded TP AndroidTargetPlatform
[2019.02.12-06.13.33:917][  0]LogTemp: Display: Loaded TP AndroidTargetPlatform
[2019.02.12-06.13.33:917][  0]LogTemp: Display: Loaded TP AndroidTargetPlatform
[2019.02.12-06.13.33:921][  0]LogTemp: Display: Loaded TP HTML5TargetPlatform
[2019.02.12-06.13.33:985][  0]LogTemp: Display: Loaded TP IOSTargetPlatform
[2019.02.12-06.13.33:985][  0]LogTemp: Display: Loaded TP IOSTargetPlatform
[2019.02.12-06.13.34:007][  0]LogTemp: Display: Loaded TP TVOSTargetPlatform
[2019.02.12-06.13.34:007][  0]LogTemp: Display: Loaded TP TVOSTargetPlatform
[2019.02.12-06.13.34:021][  0]LogTemp: Display: Loaded TP LinuxClientTargetPlatform
[2019.02.12-06.13.34:038][  0]LogTemp: Display: Loaded TP LinuxNoEditorTargetPlatform
[2019.02.12-06.13.34:051][  0]LogTemp: Display: Loaded TP LinuxServerTargetPlatform
[2019.02.12-06.13.34:064][  0]LogTemp: Display: Loaded TP LinuxTargetPlatform
[2019.02.12-06.13.34:100][  0]LogTemp: Display: Loaded TP LuminTargetPlatform
[2019.02.12-06.13.34:100][  0]LogTemp: Display: Loaded TP LuminTargetPlatform
[2019.02.12-06.13.34:100][  0]LogTargetPlatformManager: Display: Building Assets For Windows
[2019.02.12-06.13.34:250][  0]LogShaderCompilers: Guid format shader working directory is -40 characters bigger than the processId version (C:/Users/gosus/Documents/CP-School/SeniorProject/gitRepos/Senior-Project-Game/HSPGame/Intermediate/Shaders/WorkingDirectory/15604/).
[2019.02.12-06.13.34:250][  0]LogShaderCompilers: Cleaned the shader compiler working directory 'C:/Users/gosus/AppData/Local/Temp/UnrealShaderWorkingDir/10EDBCDE46FD43B9CAE282B9F1675805/'.
[2019.02.12-06.13.34:252][  0]LogXGEController: Cannot use XGE Controller as Incredibuild is not installed on this machine.
[2019.02.12-06.13.34:252][  0]LogShaderCompilers: Cannot use XGE Shader Compiler as Incredibuild is not installed on this machine.
[2019.02.12-06.13.34:252][  0]LogShaderCompilers: Display: Using Local Shader Compiler.
[2019.02.12-06.13.34:723][  0]LogDerivedDataCache: Display: Max Cache Size: 512 MB
[2019.02.12-06.13.34:767][  0]LogDerivedDataCache: Loaded boot cache 0.04s 71MB C:/Users/gosus/AppData/Local/UnrealEngine/4.21/DerivedDataCache/Boot.ddc.
[2019.02.12-06.13.34:767][  0]LogDerivedDataCache: Display: Loaded Boot cache: C:/Users/gosus/AppData/Local/UnrealEngine/4.21/DerivedDataCache/Boot.ddc
[2019.02.12-06.13.34:767][  0]LogDerivedDataCache: FDerivedDataBackendGraph:  Pak pak cache file C:/Users/gosus/Documents/CP-School/SeniorProject/gitRepos/Senior-Project-Game/HSPGame/DerivedDataCache/DDC.ddp not found, will not use a pak cache.
[2019.02.12-06.13.34:767][  0]LogDerivedDataCache: Unable to find inner node Pak for hierarchical cache Hierarchy.
[2019.02.12-06.13.34:768][  0]LogDerivedDataCache: FDerivedDataBackendGraph:  CompressedPak pak cache file C:/Users/gosus/Documents/CP-School/SeniorProject/gitRepos/Senior-Project-Game/HSPGame/DerivedDataCache/Compressed.ddp not found, will not use a pak cache.
[2019.02.12-06.13.34:768][  0]LogDerivedDataCache: Unable to find inner node CompressedPak for hierarchical cache Hierarchy.
[2019.02.12-06.13.34:779][  0]LogDerivedDataCache: Display: Pak cache opened for reading ../../../Engine/DerivedDataCache/Compressed.ddp.
[2019.02.12-06.13.34:779][  0]LogDerivedDataCache: FDerivedDataBackendGraph:  EnterprisePak pak cache file ../../../Enterprise/DerivedDataCache/Compressed.ddp not found, will not use a pak cache.
[2019.02.12-06.13.34:780][  0]LogDerivedDataCache: Unable to find inner node EnterprisePak for hierarchical cache Hierarchy.
[2019.02.12-06.13.34:792][  0]LogDerivedDataCache: Using Local data cache path C:/Users/gosus/AppData/Local/UnrealEngine/Common/DerivedDataCache: Writable
[2019.02.12-06.13.34:792][  0]LogDerivedDataCache: Shared data cache path not found in *engine.ini, will not use an Shared cache.
[2019.02.12-06.13.34:792][  0]LogDerivedDataCache: Unable to find inner node Shared for hierarchical cache Hierarchy.
[2019.02.12-06.13.34:815][  0]LogMaterial: Verifying Global Shaders for PCD3D_SM5
[2019.02.12-06.13.34:817][  0]LogSlate: Using FreeType 2.6.0
[2019.02.12-06.13.34:817][  0]LogSlate: SlateFontServices - WITH_FREETYPE: 1, WITH_HARFBUZZ: 1
[2019.02.12-06.13.34:888][  0]LogAssetRegistry: FAssetRegistry took 0.0336 seconds to start up
[2019.02.12-06.13.35:127][  0]LogInit: Selected Device Profile: [Windows]
[2019.02.12-06.13.35:270][  0]LogSimplygon: Simplygon DLL not present - disabling.
[2019.02.12-06.13.35:288][  0]LogMeshReduction: Using SimplygonSwarm for distributed automatic mesh merging
[2019.02.12-06.13.35:288][  0]LogMeshReduction: Using ProxyLODMeshReduction for automatic mesh merging
[2019.02.12-06.13.35:288][  0]LogMeshReduction: Using QuadricMeshReduction for automatic static mesh reduction
[2019.02.12-06.13.35:288][  0]LogMeshReduction: No automatic skeletal mesh reduction module available
[2019.02.12-06.13.35:297][  0]LogNetVersion: HSPGame 1.0.0, NetCL: 4541578, EngineNetVer: 5, GameNetVer: 0 (Checksum: 2893343623)
[2019.02.12-06.13.35:687][  0]LogPackageLocalizationCache: Processed 11 localized package path(s) for 2 prioritized culture(s) in 0.077204 seconds
[2019.02.12-06.13.35:692][  0]LogUObjectArray: 39775 objects as part of root set at end of initial load.
[2019.02.12-06.13.35:692][  0]LogUObjectAllocator: 6914656 out of 0 bytes used by permanent object pool.
[2019.02.12-06.13.35:692][  0]LogUObjectArray: CloseDisregardForGC: 0/0 objects in disregard for GC pool
[2019.02.12-06.13.36:523][  0]LogTcpMessaging: Initializing TcpMessaging bridge
[2019.02.12-06.13.36:540][  0]LogUdpMessaging: Initializing bridge on interface 0.0.0.0:0 to multicast group 230.0.0.1:6666.
[2019.02.12-06.13.37:148][  0]SourceControl: Source control is disabled
[2019.02.12-06.13.37:148][  0]SourceControl: Source control is disabled
[2019.02.12-06.13.37:158][  0]SourceControl: Source control is disabled
[2019.02.12-06.13.37:163][  0]SourceControl: Source control is disabled
[2019.02.12-06.13.37:510][  0]LogAndroidPermission: UAndroidPermissionCallbackProxy::GetInstance
[2019.02.12-06.13.37:712][  0]LogOcInput: OculusInput pre-init called
[2019.02.12-06.13.37:865][  0]LogEngine: Initializing Engine...
[2019.02.12-06.13.37:866][  0]LogHMD: Failed to initialize OpenVR with code 110
[2019.02.12-06.13.37:867][  0]LogStats: UGameplayTagsManager::ConstructGameplayTagTree: ImportINI prefixes -  0.000 s
[2019.02.12-06.13.37:867][  0]LogStats: UGameplayTagsManager::ConstructGameplayTagTree: Construct from data asset -  0.000 s
[2019.02.12-06.13.37:867][  0]LogStats: UGameplayTagsManager::ConstructGameplayTagTree: ImportINI -  0.000 s
[2019.02.12-06.13.37:867][  0]LogStats: UGameplayTagsManager::ConstructGameplayTagTree: GameplayTagTreeChangedEvent.Broadcast -  0.000 s
[2019.02.12-06.13.38:062][  0]LogInit: Initializing FReadOnlyCVARCache
[2019.02.12-06.13.38:076][  0]LogAIModule: Creating AISystem for world Untitled
[2019.02.12-06.13.38:132][  0]LogInit: XAudio2 using 'Speakers (Realtek(R) Audio)' : 2 channels at 48 kHz using 32 bits per sample (channel mask 0x3)
[2019.02.12-06.13.38:161][  0]LogInit: FAudioDevice initialized.
[2019.02.12-06.13.38:161][  0]LogNetVersion: Set ProjectVersion to 1.0.0.0. Version Checksum will be recalculated on next use.
[2019.02.12-06.13.38:201][  0]LogDerivedDataCache: Saved boot cache 0.04s 71MB C:/Users/gosus/AppData/Local/UnrealEngine/4.21/DerivedDataCache/Boot.ddc.
[2019.02.12-06.13.38:204][  0]LogInit: Texture streaming: Enabled
[2019.02.12-06.13.38:232][  0]LogEngineSessionManager: EngineSessionManager initialized
[2019.02.12-06.13.38:243][  0]LogInit: Transaction tracking system initialized
[2019.02.12-06.13.38:281][  0]BlueprintLog: New page: Editor Load
[2019.02.12-06.13.38:427][  0]LocalizationService: Localization service is disabled
[2019.02.12-06.13.38:913][  0]LogFileCache: Scanning file cache for directory 'C:/Users/gosus/Documents/CP-School/SeniorProject/gitRepos/Senior-Project-Game/HSPGame/Content/' took 0.02s
[2019.02.12-06.13.38:913][  0]LogCook: Display: Max memory allowance for cook 16384mb min free memory 0mb
[2019.02.12-06.13.38:913][  0]LogCook: Display: Mobile HDR setting 1
[2019.02.12-06.13.38:913][  0]LogGameplayTags: Display: UGameplayTagsManager::DoneAddingNativeTags. DelegateIsBound: 0
[2019.02.12-06.13.38:914][  0]LogStats: UGameplayTagsManager::ConstructGameplayTagTree: ImportINI prefixes -  0.000 s
[2019.02.12-06.13.38:914][  0]LogStats: UGameplayTagsManager::ConstructGameplayTagTree: Construct from data asset -  0.000 s
[2019.02.12-06.13.38:914][  0]LogStats: UGameplayTagsManager::ConstructGameplayTagTree: ImportINI -  0.000 s
[2019.02.12-06.13.38:914][  0]LogStats: UGameplayTagsManager::ConstructGameplayTagTree: GameplayTagTreeChangedEvent.Broadcast -  0.000 s
[2019.02.12-06.13.39:136][  0]SourceControl: Source control is disabled
[2019.02.12-06.13.39:136][  0]Cmd: MAP LOAD FILE="C:/Users/gosus/Documents/CP-School/SeniorProject/gitRepos/Senior-Project-Game/HSPGame/Content/StarterContent/Maps/Minimal_Default.umap" TEMPLATE=0 SHOWPROGRESS=1 FEATURELEVEL=3
[2019.02.12-06.13.39:137][  0]LightingResults: New page: Lighting Build
[2019.02.12-06.13.39:139][  0]MapCheck: New page: Map Check
[2019.02.12-06.13.39:139][  0]LightingResults: New page: Lighting Build
[2019.02.12-06.13.39:467][  0]LogAIModule: Creating AISystem for world Minimal_Default
[2019.02.12-06.13.39:546][  0]LogEditorServer: Finished looking for orphan Actors (0.000 secs)
[2019.02.12-06.13.39:565][  0]Cmd: MAP CHECKDEP NOCLEARLOG
[2019.02.12-06.13.39:565][  0]MapCheck: Map check complete: 0 Error(s), 0 Warning(s), took 0.126ms to complete.
[2019.02.12-06.13.39:565][  0]LogFileHelpers: Loading map 'Minimal_Default' took 0.429
[2019.02.12-06.13.39:670][  0]LogSlate: Updating window title bar state: overlay mode, drag disabled, window buttons hidden, title bar hidden
[2019.02.12-06.13.39:675][  0]LogSlate: Updating window title bar state: overlay mode, drag disabled, window buttons hidden, title bar hidden
[2019.02.12-06.13.39:681][  0]LogSlate: Updating window title bar state: overlay mode, drag disabled, window buttons hidden, title bar hidden
[2019.02.12-06.13.39:685][  0]LogSlate: Updating window title bar state: overlay mode, drag disabled, window buttons hidden, title bar hidden
[2019.02.12-06.13.39:693][  0]LogCollectionManager: Loaded 0 collections in 0.001101 seconds
[2019.02.12-06.13.39:710][  0]LogFileCache: Scanning file cache for directory 'C:/Users/gosus/Documents/CP-School/SeniorProject/gitRepos/Senior-Project-Game/HSPGame/Saved/Collections/' took 0.01s
[2019.02.12-06.13.39:710][  0]LogFileCache: Scanning file cache for directory 'C:/Users/gosus/Documents/CP-School/SeniorProject/gitRepos/Senior-Project-Game/HSPGame/Content/Developers/gosus/Collections/' took 0.00s
[2019.02.12-06.13.39:710][  0]LogFileCache: Scanning file cache for directory 'C:/Users/gosus/Documents/CP-School/SeniorProject/gitRepos/Senior-Project-Game/HSPGame/Content/Collections/' took 0.00s
[2019.02.12-06.13.39:710][  0]LogCollectionManager: Rebuilt the GUID cache for 0 collections in 0.000001 seconds
[2019.02.12-06.13.39:717][  0]LogContentBrowser: Native class hierarchy populated in 0.0072 seconds. Added 2654 classes and 622 folders.
[2019.02.12-06.13.39:722][  0]LogContentBrowser: Native class hierarchy updated for 'WidgetCarousel' in 0.0003 seconds. Added 0 classes and 0 folders.
[2019.02.12-06.13.39:723][  0]LogPakFile: Registered encryption key '00000000000000000000000000000000': 0 pak files mounted, 0 remain pending
[2019.02.12-06.13.39:724][  0]LogPakFile: Registered encryption key '00000000000000000000000000000000': 0 pak files mounted, 0 remain pending
[2019.02.12-06.13.39:724][  0]LogPakFile: Registered encryption key '00000000000000000000000000000000': 0 pak files mounted, 0 remain pending
[2019.02.12-06.13.39:725][  0]LogPakFile: Registered encryption key '00000000000000000000000000000000': 0 pak files mounted, 0 remain pending
[2019.02.12-06.13.39:725][  0]LogPakFile: Registered encryption key '00000000000000000000000000000000': 0 pak files mounted, 0 remain pending
[2019.02.12-06.13.39:725][  0]LogPakFile: Registered encryption key '00000000000000000000000000000000': 0 pak files mounted, 0 remain pending
[2019.02.12-06.13.39:726][  0]LogPakFile: Registered encryption key '00000000000000000000000000000000': 0 pak files mounted, 0 remain pending
[2019.02.12-06.13.39:726][  0]LogPakFile: Registered encryption key '00000000000000000000000000000000': 0 pak files mounted, 0 remain pending
[2019.02.12-06.13.39:727][  0]LogPakFile: Registered encryption key '00000000000000000000000000000000': 0 pak files mounted, 0 remain pending
[2019.02.12-06.13.39:727][  0]LogPakFile: Registered encryption key '00000000000000000000000000000000': 0 pak files mounted, 0 remain pending
[2019.02.12-06.13.39:728][  0]LogPakFile: Registered encryption key '00000000000000000000000000000000': 0 pak files mounted, 0 remain pending
[2019.02.12-06.13.39:728][  0]LogPakFile: Registered encryption key '00000000000000000000000000000000': 0 pak files mounted, 0 remain pending
[2019.02.12-06.13.39:729][  0]LogPakFile: Registered encryption key '00000000000000000000000000000000': 0 pak files mounted, 0 remain pending
[2019.02.12-06.13.39:729][  0]LogPakFile: Registered encryption key '00000000000000000000000000000000': 0 pak files mounted, 0 remain pending
[2019.02.12-06.13.39:730][  0]LogPakFile: Registered encryption key '00000000000000000000000000000000': 0 pak files mounted, 0 remain pending
[2019.02.12-06.13.39:730][  0]LogPakFile: Registered encryption key '00000000000000000000000000000000': 0 pak files mounted, 0 remain pending
[2019.02.12-06.13.39:731][  0]LogPakFile: Registered encryption key '00000000000000000000000000000000': 0 pak files mounted, 0 remain pending
[2019.02.12-06.13.39:731][  0]LogPakFile: Registered encryption key '00000000000000000000000000000000': 0 pak files mounted, 0 remain pending
[2019.02.12-06.13.39:732][  0]LogPakFile: Registered encryption key '00000000000000000000000000000000': 0 pak files mounted, 0 remain pending
[2019.02.12-06.13.39:732][  0]LogPakFile: Registered encryption key '00000000000000000000000000000000': 0 pak files mounted, 0 remain pending
[2019.02.12-06.13.39:733][  0]LogPakFile: Registered encryption key '00000000000000000000000000000000': 0 pak files mounted, 0 remain pending
[2019.02.12-06.13.39:733][  0]LogPakFile: Registered encryption key '00000000000000000000000000000000': 0 pak files mounted, 0 remain pending
[2019.02.12-06.13.39:734][  0]LogPakFile: Registered encryption key '00000000000000000000000000000000': 0 pak files mounted, 0 remain pending
[2019.02.12-06.13.39:734][  0]LogPakFile: Registered encryption key '00000000000000000000000000000000': 0 pak files mounted, 0 remain pending
[2019.02.12-06.13.39:735][  0]LogPakFile: Registered encryption key '00000000000000000000000000000000': 0 pak files mounted, 0 remain pending
[2019.02.12-06.13.39:735][  0]LogPakFile: Registered encryption key '00000000000000000000000000000000': 0 pak files mounted, 0 remain pending
[2019.02.12-06.13.39:755][  0]LogContentBrowser: Native class hierarchy updated for 'AddContentDialog' in 0.0003 seconds. Added 0 classes and 0 folders.
[2019.02.12-06.13.39:764][  0]LogContentBrowser: Native class hierarchy updated for 'SceneOutliner' in 0.0004 seconds. Added 1 classes and 2 folders.
[2019.02.12-06.13.39:825][  0]LogSlate: Took 0.000115 seconds to synchronously load lazily loaded font '../../../Engine/Content/Slate/Fonts/Roboto-Regular.ttf' (155K)
[2019.02.12-06.13.39:827][  0]LogSlate: Took 0.000134 seconds to synchronously load lazily loaded font '../../../Engine/Content/Slate/Fonts/Roboto-Bold.ttf' (160K)
[2019.02.12-06.13.39:833][  0]LogSlate: Took 0.000110 seconds to synchronously load lazily loaded font '../../../Engine/Content/Editor/Slate/Fonts/FontAwesome.ttf' (139K)
[2019.02.12-06.13.39:894][  0]LogRenderer: Reallocating scene render targets to support 1644x916 Format 10 NumSamples 1 (Frame:1).
[2019.02.12-06.13.40:024][  0]LogContentBrowser: Native class hierarchy updated for 'HierarchicalLODOutliner' in 0.0003 seconds. Added 0 classes and 0 folders.
[2019.02.12-06.13.40:024][  0]LogLoad: (Engine Initialization) Total time: 9.13 seconds
[2019.02.12-06.13.40:024][  0]LogLoad: (Engine Initialization) Total Blueprint compile time: 0.00 seconds
[2019.02.12-06.13.40:085][  0]LogContentStreaming: Texture pool size now 1000 MB
[2019.02.12-06.13.40:125][  1]LogAssetRegistry: Asset discovery search completed in 5.2605 seconds
[2019.02.12-06.13.40:126][  1]LogCollectionManager: Rebuilt the object cache for 0 collections in 0.000000 seconds (found 0 objects)
[2019.02.12-06.13.40:126][  1]LogCollectionManager: Fixed up redirectors for 0 collections in 0.000094 seconds (updated 0 objects)
[2019.02.12-06.14.32:046][431]LogSlate: FSceneViewport::OnFocusLost() reason 0
[2019.02.12-06.14.32:104][438]LogTemp: Repeating last play command: Selected Viewport
[2019.02.12-06.14.32:116][438]LogBlueprintUserMessages: Early PlayInEditor Detection: Level '/Game/StarterContent/Maps/Minimal_Default.Minimal_Default:PersistentLevel' has LevelScriptBlueprint '/Game/StarterContent/Maps/Minimal_Default.Minimal_Default:PersistentLevel.Minimal_Default' with GeneratedClass '/Game/StarterContent/Maps/Minimal_Default.Minimal_Default_C' with ClassGeneratedBy '/Game/StarterContent/Maps/Minimal_Default.Minimal_Default:PersistentLevel.Minimal_Default'
[2019.02.12-06.14.32:116][438]LogPlayLevel: PlayLevel: No blueprints needed recompiling
[2019.02.12-06.14.32:117][438]PIE: New page: PIE session: Minimal_Default (Feb 11, 2019, 2:14:32 PM)
[2019.02.12-06.14.32:130][438]LogPlayLevel: Creating play world package: /Game/StarterContent/Maps/UEDPIE_0_Minimal_Default
[2019.02.12-06.14.32:207][438]LogPlayLevel: PIE: StaticDuplicateObject took: (0.076518s)
[2019.02.12-06.14.32:208][438]LogAIModule: Creating AISystem for world Minimal_Default
[2019.02.12-06.14.32:208][438]LogPlayLevel: PIE: World Init took: (0.000628s)
[2019.02.12-06.14.32:208][438]LogPlayLevel: PIE: Created PIE world by copying editor world from /Game/StarterContent/Maps/Minimal_Default.Minimal_Default to /Game/StarterContent/Maps/UEDPIE_0_Minimal_Default.Minimal_Default (0.077617s)
[2019.02.12-06.14.32:266][438]LogInit: XAudio2 using 'Speakers (Realtek(R) Audio)' : 2 channels at 48 kHz using 32 bits per sample (channel mask 0x3)
[2019.02.12-06.14.32:282][438]LogInit: FAudioDevice initialized.
[2019.02.12-06.14.32:338][438]LogLoad: Game class is 'BP_HSPGameGameModeBase_C'
[2019.02.12-06.14.32:351][438]LogWorld: Bringing World /Game/StarterContent/Maps/UEDPIE_0_Minimal_Default.Minimal_Default up for play (max tick rate 0) at 2019.02.11-22.14.32
[2019.02.12-06.14.32:352][438]LogWorld: Bringing up level for play took: 0.011931
[2019.02.12-06.14.32:371][438]LogContentBrowser: Native class hierarchy updated for 'MovieSceneCapture' in 0.0006 seconds. Added 20 classes and 0 folders.
[2019.02.12-06.14.32:373][438]PIE: Play in editor start time for /Game/StarterContent/Maps/UEDPIE_0_Minimal_Default -0.397
[2019.02.12-06.14.32:373][438]LogBlueprintUserMessages: Late PlayInEditor Detection: Level '/Game/StarterContent/Maps/Minimal_Default.Minimal_Default:PersistentLevel' has LevelScriptBlueprint '/Game/StarterContent/Maps/Minimal_Default.Minimal_Default:PersistentLevel.Minimal_Default' with GeneratedClass '/Game/StarterContent/Maps/Minimal_Default.Minimal_Default_C' with ClassGeneratedBy '/Game/StarterContent/Maps/Minimal_Default.Minimal_Default:PersistentLevel.Minimal_Default'
[2019.02.12-06.14.35:578][814]LogBlueprintUserMessages: Early EndPlayMap Detection: Level '/Game/StarterContent/Maps/Minimal_Default.Minimal_Default:PersistentLevel' has LevelScriptBlueprint '/Game/StarterContent/Maps/Minimal_Default.Minimal_Default:PersistentLevel.Minimal_Default' with GeneratedClass '/Game/StarterContent/Maps/Minimal_Default.Minimal_Default_C' with ClassGeneratedBy '/Game/StarterContent/Maps/Minimal_Default.Minimal_Default:PersistentLevel.Minimal_Default'
[2019.02.12-06.14.35:578][814]LogSlate: Updating window title bar state: overlay mode, drag disabled, window buttons hidden, title bar hidden
[2019.02.12-06.14.35:616][814]LogPlayLevel: Display: Shutting down PIE online subsystems
[2019.02.12-06.14.35:617][814]LogBlueprintUserMessages: Late EndPlayMap Detection: Level '/Game/StarterContent/Maps/Minimal_Default.Minimal_Default:PersistentLevel' has LevelScriptBlueprint '/Game/StarterContent/Maps/Minimal_Default.Minimal_Default:PersistentLevel.Minimal_Default' with GeneratedClass '/Game/StarterContent/Maps/Minimal_Default.Minimal_Default_C' with ClassGeneratedBy '/Game/StarterContent/Maps/Minimal_Default.Minimal_Default:PersistentLevel.Minimal_Default'
[2019.02.12-06.14.35:637][814]LogSlate: Updating window title bar state: overlay mode, drag disabled, window buttons hidden, title bar hidden
[2019.02.12-06.14.35:692][816]LogPlayLevel: Display: Destroying online subsystem :Context_1
[2019.02.12-06.14.36:767][945]LogSlate: FSceneViewport::OnFocusLost() reason 0
[2019.02.12-06.14.37:215][998]LogSlate: Took 0.000126 seconds to synchronously load lazily loaded font '../../../Engine/Content/Slate/Fonts/Roboto-Light.ttf' (167K)
[2019.02.12-06.14.37:221][998]LogAssetEditorManager: Opening Asset editor for Blueprint /Game/Blueprints/BP_ProtagClass.BP_ProtagClass
[2019.02.12-06.14.37:545][998]LogContentBrowser: Native class hierarchy updated for 'BlueprintGraph' in 0.0005 seconds. Added 117 classes and 0 folders.
[2019.02.12-06.14.41:041][238]LogSlate: Window 'BP_ProtagClass' being destroyed
[2019.02.12-06.14.41:171][238]LogAssetEditorManager: Opening Asset editor for Blueprint /Game/Blueprints/BP_ProtagClass.BP_ProtagClass
[2019.02.12-06.14.41:436][238]LogSlate: Took 0.000213 seconds to synchronously load lazily loaded font '../../../Engine/Content/Slate/Fonts/Roboto-BoldCondensed.ttf' (158K)
[2019.02.12-06.14.42:644][353]LogRenderer: Reallocating scene render targets to support 1908x1024 Format 10 NumSamples 1 (Frame:1).
[2019.02.12-06.14.50:753][133]BlueprintLog: New page: Compile BP_ProtagClass
[2019.02.12-06.14.51:491][193]LogSlate: Window 'BP_ProtagClass*' being destroyed
[2019.02.12-06.14.51:503][193]LogSlate: Window 'BP_ProtagClass*' being destroyed
[2019.02.12-06.14.52:699][326]Candidate modules for hot reload:
[2019.02.12-06.14.52:699][326]  HSPGame
[2019.02.12-06.14.52:700][326]Launching UnrealBuildTool... [G:/Games/Epic/Games/UE_4.21/Engine/Binaries/DotNET/UnrealBuildTool.exe  -ModuleWithSuffix=HSPGame,6242 Win64 Development -TargetType=Editor -Project="C:/Users/gosus/Documents/CP-School/SeniorProject/gitRepos/Senior-Project-Game/HSPGame/HSPGame.uproject" -canskiplink "C:/Users/gosus/Documents/CP-School/SeniorProject/gitRepos/Senior-Project-Game/HSPGame/HSPGame.uproject" ]
[2019.02.12-06.14.52:710][326]Warning: Starting HotReload took  0.0s.
[2019.02.12-06.14.56:826][578]CompilerResultsLog: New page: Compilation - Feb 11, 2019, 2:14:56 PM
[2019.02.12-06.14.56:826][578]CompilerResultsLog: Creating makefile for hot reloading HSPGameEditor (modules to compile have changed)
[2019.02.12-06.14.56:826][578]CompilerResultsLog: Compiling game modules for hot reload
[2019.02.12-06.14.56:826][578]CompilerResultsLog: Using Visual Studio 2017 14.16.27023 toolchain (C:\Program Files (x86)\Microsoft Visual Studio\2017\Community\VC\Tools\MSVC\14.16.27023) and Windows 10.0.17763.0 SDK (C:\Program Files (x86)\Windows Kits\10).
[2019.02.12-06.14.56:826][578]CompilerResultsLog: Target is up to date
[2019.02.12-06.14.56:827][578]CompilerResultsLog: Total build time: 3.79 seconds (NoActionsToExecute executor: 0.00 seconds)
[2019.02.12-06.14.56:827][578]LogMainFrame: MainFrame: Module compiling took 4.131 seconds
[2019.02.12-06.14.57:082][578]LogContentBrowser: Native class hierarchy populated in 0.0065 seconds. Added 2655 classes and 624 folders.
[2019.02.12-06.14.57:089][578]Display: HotReload took  4.4s.
[2019.02.12-06.16.07:542][908]Candidate modules for hot reload:
[2019.02.12-06.16.07:542][908]  HSPGame
[2019.02.12-06.16.07:542][908]Launching UnrealBuildTool... [G:/Games/Epic/Games/UE_4.21/Engine/Binaries/DotNET/UnrealBuildTool.exe  -ModuleWithSuffix=HSPGame,3136 Win64 Development -TargetType=Editor -Project="C:/Users/gosus/Documents/CP-School/SeniorProject/gitRepos/Senior-Project-Game/HSPGame/HSPGame.uproject" -canskiplink "C:/Users/gosus/Documents/CP-School/SeniorProject/gitRepos/Senior-Project-Game/HSPGame/HSPGame.uproject" ]
[2019.02.12-06.16.07:552][908]Warning: Starting HotReload took  0.0s.
[2019.02.12-06.16.09:064][ 84]CompilerResultsLog: New page: Compilation - Feb 11, 2019, 2:16:09 PM
[2019.02.12-06.16.09:064][ 84]CompilerResultsLog: Compiling game modules for hot reload
[2019.02.12-06.16.09:064][ 84]CompilerResultsLog: Target is up to date
[2019.02.12-06.16.09:064][ 84]CompilerResultsLog: Total build time: 1.27 seconds (NoActionsToExecute executor: 0.00 seconds)
[2019.02.12-06.16.09:064][ 84]LogMainFrame: MainFrame: Module compiling took 1.525 seconds
[2019.02.12-06.16.09:334][ 84]LogContentBrowser: Native class hierarchy populated in 0.0140 seconds. Added 2655 classes and 624 folders.
[2019.02.12-06.16.09:334][ 84]Display: HotReload took  1.8s.
[2019.02.12-06.16.14:861][441]LogSlate: FSceneViewport::OnFocusLost() reason 0
[2019.02.12-06.16.14:961][452]Candidate modules for hot reload:
[2019.02.12-06.16.14:961][452]  HSPGame
[2019.02.12-06.16.14:961][452]Launching UnrealBuildTool... [G:/Games/Epic/Games/UE_4.21/Engine/Binaries/DotNET/UnrealBuildTool.exe  -ModuleWithSuffix=HSPGame,1867 Win64 Development -TargetType=Editor -Project="C:/Users/gosus/Documents/CP-School/SeniorProject/gitRepos/Senior-Project-Game/HSPGame/HSPGame.uproject" -canskiplink "C:/Users/gosus/Documents/CP-School/SeniorProject/gitRepos/Senior-Project-Game/HSPGame/HSPGame.uproject" ]
[2019.02.12-06.16.14:965][452]Warning: Starting HotReload took  0.0s.
[2019.02.12-06.16.16:440][596]CompilerResultsLog: New page: Compilation - Feb 11, 2019, 2:16:16 PM
[2019.02.12-06.16.16:440][596]CompilerResultsLog: Compiling game modules for hot reload
[2019.02.12-06.16.16:440][596]CompilerResultsLog: Target is up to date
[2019.02.12-06.16.16:440][596]CompilerResultsLog: Total build time: 1.24 seconds (NoActionsToExecute executor: 0.00 seconds)
[2019.02.12-06.16.16:440][596]LogMainFrame: MainFrame: Module compiling took 1.483 seconds
[2019.02.12-06.16.16:694][596]LogContentBrowser: Native class hierarchy populated in 0.0067 seconds. Added 2655 classes and 624 folders.
[2019.02.12-06.16.16:694][596]Display: HotReload took  1.7s.
[2019.02.12-06.16.17:706][716]LogTemp: Repeating last play command: Selected Viewport
[2019.02.12-06.16.17:720][716]LogBlueprintUserMessages: Early PlayInEditor Detection: Level '/Game/StarterContent/Maps/Minimal_Default.Minimal_Default:PersistentLevel' has LevelScriptBlueprint '/Game/StarterContent/Maps/Minimal_Default.Minimal_Default:PersistentLevel.Minimal_Default' with GeneratedClass '/Game/StarterContent/Maps/Minimal_Default.Minimal_Default_C' with ClassGeneratedBy '/Game/StarterContent/Maps/Minimal_Default.Minimal_Default:PersistentLevel.Minimal_Default'
[2019.02.12-06.16.17:720][716]LogPlayLevel: PlayLevel: No blueprints needed recompiling
[2019.02.12-06.16.17:720][716]PIE: New page: PIE session: Minimal_Default (Feb 11, 2019, 2:16:17 PM)
[2019.02.12-06.16.17:721][716]LogPlayLevel: Creating play world package: /Game/StarterContent/Maps/UEDPIE_0_Minimal_Default
[2019.02.12-06.16.17:754][716]LogPlayLevel: PIE: StaticDuplicateObject took: (0.033145s)
[2019.02.12-06.16.17:754][716]LogAIModule: Creating AISystem for world Minimal_Default
[2019.02.12-06.16.17:755][716]LogPlayLevel: PIE: World Init took: (0.000638s)
[2019.02.12-06.16.17:755][716]LogPlayLevel: PIE: Created PIE world by copying editor world from /Game/StarterContent/Maps/Minimal_Default.Minimal_Default to /Game/StarterContent/Maps/UEDPIE_0_Minimal_Default.Minimal_Default (0.034101s)
[2019.02.12-06.16.17:844][716]LogInit: XAudio2 using 'Speakers (Realtek(R) Audio)' : 2 channels at 48 kHz using 32 bits per sample (channel mask 0x3)
[2019.02.12-06.16.17:860][716]LogInit: FAudioDevice initialized.
[2019.02.12-06.16.17:895][716]LogLoad: Game class is 'BP_HSPGameGameModeBase_C'
[2019.02.12-06.16.17:901][716]LogWorld: Bringing World /Game/StarterContent/Maps/UEDPIE_0_Minimal_Default.Minimal_Default up for play (max tick rate 0) at 2019.02.11-22.16.17
[2019.02.12-06.16.17:901][716]LogWorld: Bringing up level for play took: 0.005637
[2019.02.12-06.16.17:916][716]PIE: Play in editor start time for /Game/StarterContent/Maps/UEDPIE_0_Minimal_Default 1.147
[2019.02.12-06.16.17:916][716]LogBlueprintUserMessages: Late PlayInEditor Detection: Level '/Game/StarterContent/Maps/Minimal_Default.Minimal_Default:PersistentLevel' has LevelScriptBlueprint '/Game/StarterContent/Maps/Minimal_Default.Minimal_Default:PersistentLevel.Minimal_Default' with GeneratedClass '/Game/StarterContent/Maps/Minimal_Default.Minimal_Default_C' with ClassGeneratedBy '/Game/StarterContent/Maps/Minimal_Default.Minimal_Default:PersistentLevel.Minimal_Default'
[2019.02.12-06.16.22:943][297]LogBlueprintUserMessages: Early EndPlayMap Detection: Level '/Game/StarterContent/Maps/Minimal_Default.Minimal_Default:PersistentLevel' has LevelScriptBlueprint '/Game/StarterContent/Maps/Minimal_Default.Minimal_Default:PersistentLevel.Minimal_Default' with GeneratedClass '/Game/StarterContent/Maps/Minimal_Default.Minimal_Default_C' with ClassGeneratedBy '/Game/StarterContent/Maps/Minimal_Default.Minimal_Default:PersistentLevel.Minimal_Default'
[2019.02.12-06.16.22:943][297]LogSlate: Updating window title bar state: overlay mode, drag disabled, window buttons hidden, title bar hidden
[2019.02.12-06.16.22:983][297]LogPlayLevel: Display: Shutting down PIE online subsystems
[2019.02.12-06.16.22:984][297]LogBlueprintUserMessages: Late EndPlayMap Detection: Level '/Game/StarterContent/Maps/Minimal_Default.Minimal_Default:PersistentLevel' has LevelScriptBlueprint '/Game/StarterContent/Maps/Minimal_Default.Minimal_Default:PersistentLevel.Minimal_Default' with GeneratedClass '/Game/StarterContent/Maps/Minimal_Default.Minimal_Default_C' with ClassGeneratedBy '/Game/StarterContent/Maps/Minimal_Default.Minimal_Default:PersistentLevel.Minimal_Default'
[2019.02.12-06.16.23:007][297]LogSlate: Updating window title bar state: overlay mode, drag disabled, window buttons hidden, title bar hidden
[2019.02.12-06.16.23:070][299]LogPlayLevel: Display: Destroying online subsystem :Context_5
