Log file open, 02/13/19 13:52:53
LogWindows: Failed to load 'aqProf.dll' (GetLastError=126)
LogWindows: File 'aqProf.dll' does not exist
LogWindows: Failed to load 'VtuneApi.dll' (GetLastError=126)
LogWindows: File 'VtuneApi.dll' does not exist
LogWindows: Failed to load 'VtuneApi32e.dll' (GetLastError=126)
LogWindows: File 'VtuneApi32e.dll' does not exist
LogConsoleResponse: Display: Failed to find resolution value strings in scalability ini. Falling back to default.
LogInit: Display: Running engine for game: HSPGame
LogPakFile: Registered encryption key '00000000000000000000000000000000': 0 pak files mounted, 0 remain pending
LogPlatformFile: Not using cached read wrapper
LogTaskGraph: Started task graph with 5 named threads and 23 total threads with 3 sets of task threads.
LogStats: Stats thread started at 0.362882
LogD3D11RHI: Loaded GFSDK_Aftermath_Lib.x64.dll
LogICUInternationalization: ICU TimeZone Detection - Raw Offset: -8:00, Platform Override: ''
LogPluginManager: Mounting plugin Paper2D
LogPluginManager: Mounting plugin AISupport
LogPluginManager: Mounting plugin LightPropagationVolume
LogPluginManager: Mounting plugin ActorLayerUtilities
LogPluginManager: Mounting plugin CLionSourceCodeAccess
LogPluginManager: Mounting plugin CodeLiteSourceCodeAccess
LogPluginManager: Mounting plugin GitSourceControl
LogPluginManager: Mounting plugin KDevelopSourceCodeAccess
LogPluginManager: Mounting plugin NullSourceCodeAccess
LogPluginManager: Mounting plugin PerforceSourceControl
LogPluginManager: Mounting plugin SubversionSourceControl
LogPluginManager: Mounting plugin UObjectPlugin
LogPluginManager: Mounting plugin VisualStudioCodeSourceCodeAccess
LogPluginManager: Mounting plugin VisualStudioSourceCodeAccess
LogPluginManager: Mounting plugin XCodeSourceCodeAccess
LogPluginManager: Mounting plugin AssetManagerEditor
LogPluginManager: Mounting plugin CryptoKeys
LogPluginManager: Mounting plugin DataValidation
LogPluginManager: Mounting plugin FacialAnimation
LogPluginManager: Mounting plugin GameplayTagsEditor
LogPluginManager: Mounting plugin MacGraphicsSwitching
LogPluginManager: Mounting plugin MeshEditor
LogPluginManager: Mounting plugin MobileLauncherProfileWizard
LogPluginManager: Mounting plugin PluginBrowser
LogPluginManager: Mounting plugin SpeedTreeImporter
LogPluginManager: Mounting plugin DatasmithContent
LogPluginManager: Mounting plugin VariantManagerContent
LogPluginManager: Mounting plugin AlembicImporter
LogPluginManager: Mounting plugin AppleImageUtils
LogPluginManager: Mounting plugin AppleVision
LogPluginManager: Mounting plugin BackChannel
LogPluginManager: Mounting plugin CharacterAI
LogPluginManager: Mounting plugin GeometryCache
LogPluginManager: Mounting plugin HTML5Networking
LogPluginManager: Mounting plugin ProxyLODPlugin
LogPluginManager: Mounting plugin MagicLeap
LogPluginManager: Mounting plugin MagicLeapMedia
LogPluginManager: Mounting plugin AndroidMedia
LogPluginManager: Mounting plugin AvfMedia
LogPluginManager: Mounting plugin ImgMedia
LogPluginManager: Mounting plugin LinearTimecode
LogPluginManager: Mounting plugin MediaCompositing
LogPluginManager: Mounting plugin MediaPlayerEditor
LogPluginManager: Mounting plugin WebMMedia
LogPluginManager: Mounting plugin WmfMedia
LogPluginManager: Mounting plugin TcpMessaging
LogPluginManager: Mounting plugin UdpMessaging
LogPluginManager: Mounting plugin ActorSequence
LogPluginManager: Mounting plugin LevelSequenceEditor
LogPluginManager: Mounting plugin MatineeToLevelSequence
LogPluginManager: Mounting plugin NetcodeUnitTest
LogPluginManager: Mounting plugin NUTUnrealEngine4
LogPluginManager: Mounting plugin OnlineSubsystemGooglePlay
LogPluginManager: Mounting plugin OnlineSubsystemIOS
LogPluginManager: Mounting plugin OnlineSubsystem
LogPluginManager: Mounting plugin OnlineSubsystemNull
LogPluginManager: Mounting plugin OnlineSubsystemUtils
LogPluginManager: Mounting plugin LauncherChunkInstaller
LogPluginManager: Mounting plugin AndroidDeviceProfileSelector
LogPluginManager: Mounting plugin AndroidMoviePlayer
LogPluginManager: Mounting plugin AndroidPermission
LogPluginManager: Mounting plugin AppleMoviePlayer
LogPluginManager: Mounting plugin ArchVisCharacter
LogPluginManager: Mounting plugin AudioCapture
LogPluginManager: Mounting plugin CableComponent
LogPluginManager: Mounting plugin CustomMeshComponent
LogPluginManager: Mounting plugin EditableMesh
LogPluginManager: Mounting plugin ExampleDeviceProfileSelector
LogPluginManager: Mounting plugin Firebase
LogPluginManager: Mounting plugin GoogleCloudMessaging
LogPluginManager: Mounting plugin IOSDeviceProfileSelector
LogPluginManager: Mounting plugin LinuxDeviceProfileSelector
LogPluginManager: Mounting plugin LocationServicesBPLibrary
LogPluginManager: Mounting plugin MobilePatchingUtils
LogPluginManager: Mounting plugin OculusVR
LogPluginManager: Mounting plugin PhysXVehicles
LogPluginManager: Mounting plugin ProceduralMeshComponent
LogPluginManager: Mounting plugin RuntimePhysXCooking
LogPluginManager: Mounting plugin SteamVR
LogPluginManager: Mounting plugin WebMMoviePlayer
LogPluginManager: Mounting plugin WindowsMoviePlayer
LogStreaming: Display: Took  0.081s to configure plugins.
LogInit: Using libcurl 7.55.1-DEV
LogInit:  - built for x86_64-pc-win32
LogInit:  - supports SSL with OpenSSL/1.0.2h
LogInit:  - supports HTTP deflate (compression) using libz 1.2.8
LogInit:  - other features:
LogInit:      CURL_VERSION_SSL
LogInit:      CURL_VERSION_LIBZ
LogInit:      CURL_VERSION_IPV6
LogInit:      CURL_VERSION_ASYNCHDNS
LogInit:      CURL_VERSION_LARGEFILE
LogInit:      CURL_VERSION_IDN
LogInit:  CurlRequestOptions (configurable via config and command line):
LogInit:  - bVerifyPeer = true  - Libcurl will verify peer certificate
LogInit:  - bUseHttpProxy = false  - Libcurl will NOT use HTTP proxy
LogInit:  - bDontReuseConnections = false  - Libcurl will reuse connections
LogInit:  - MaxHostConnections = 16  - Libcurl will limit the number of connections to a host
LogInit:  - LocalHostAddr = Default
LogInit:  - BufferSize = 65536
LogInit: WinSock: version 1.1 (2.2), MaxSocks=32767, MaxUdp=65467
LogInit: Build: ++UE4+Release-4.21-CL-4753647
LogInit: Engine Version: 4.21.2-4753647+++UE4+Release-4.21
LogInit: Compatible Engine Version: 4.21.0-4541578+++UE4+Release-4.21
LogInit: Net CL: 4541578
LogInit: OS: Windows 10 (), CPU: Intel(R) Core(TM) i7-6700K CPU @ 4.00GHz, GPU: NVIDIA GeForce RTX 2080
LogInit: Compiled (64-bit): Jan 19 2019 02:07:31
LogInit: Compiled with Visual C++: 19.13.26129.00
LogInit: Build Configuration: Development
LogInit: Branch Name: ++UE4+Release-4.21
LogInit: Command Line:  -skipcompile
LogInit: Base Directory: G:/Games/Epic/Games/UE_4.21/Engine/Binaries/Win64/
LogInit: Installed Engine Build: 1
LogDevObjectVersion: Number of dev versions registered: 22
LogDevObjectVersion:   Dev-Blueprints (B0D832E4-1F89-4F0D-ACCF-7EB736FD4AA2): 10
LogDevObjectVersion:   Dev-Build (E1C64328-A22C-4D53-A36C-8E866417BD8C): 0
LogDevObjectVersion:   Dev-Core (375EC13C-06E4-48FB-B500-84F0262A717E): 2
LogDevObjectVersion:   Dev-Editor (E4B068ED-F494-42E9-A231-DA0B2E46BB41): 26
LogDevObjectVersion:   Dev-Framework (CFFC743F-43B0-4480-9391-14DF171D2073): 34
LogDevObjectVersion:   Dev-Mobile (B02B49B5-BB20-44E9-A304-32B752E40360): 2
LogDevObjectVersion:   Dev-Networking (A4E4105C-59A1-49B5-A7C5-40C4547EDFEE): 0
LogDevObjectVersion:   Dev-Online (39C831C9-5AE6-47DC-9A44-9C173E1C8E7C): 0
LogDevObjectVersion:   Dev-Physics (78F01B33-EBEA-4F98-B9B4-84EACCB95AA2): 0
LogDevObjectVersion:   Dev-Platform (6631380F-2D4D-43E0-8009-CF276956A95A): 0
LogDevObjectVersion:   Dev-Rendering (12F88B9F-8875-4AFC-A67C-D90C383ABD29): 27
LogDevObjectVersion:   Dev-Sequencer (7B5AE74C-D270-4C10-A958-57980B212A5A): 9
LogDevObjectVersion:   Dev-VR (D7296918-1DD6-4BDD-9DE2-64A83CC13884): 2
LogDevObjectVersion:   Dev-LoadTimes (C2A15278-BFE7-4AFE-6C17-90FF531DF755): 1
LogDevObjectVersion:   Private-Geometry (6EACA3D4-40EC-4CC1-B786-8BED09428FC5): 3
LogDevObjectVersion:   Dev-AnimPhys (29E575DD-E0A3-4627-9D10-D276232CDCEA): 17
LogDevObjectVersion:   Dev-Anim (AF43A65D-7FD3-4947-9873-3E8ED9C1BB05): 2
LogDevObjectVersion:   Dev-ReflectionCapture (6B266CEC-1EC7-4B8F-A30B-E4D90942FC07): 1
LogDevObjectVersion:   Dev-Automation (0DF73D61-A23F-47EA-B727-89E90C41499A): 1
LogDevObjectVersion:   FortniteMain (601D1886-AC64-4F84-AA16-D3DE0DEAC7D6): 17
LogDevObjectVersion:   Dev-Enterprise (9DFFBCD6-494F-0158-E221-12823C92A888): 4
LogDevObjectVersion:   Dev-Niagara (F2AED0AC-9AFE-416F-8664-AA7FFA26D6FC): 1
LogStreaming: Display: Took  0.003s to delete old logs.
LogInit: Presizing for max 8388607 objects, including 0 objects not considered by GC, pre-allocating 0 bytes for permanent pool.
LogInit: Object subsystem initialized
LogConfig: Setting CVar [[con.DebugEarlyDefault:1]]
LogConfig: Setting CVar [[r.setres:1280x720]]
[2019.02.13-21.52.53:926][  0]LogConfig: Setting CVar [[r.VSync:0]]
[2019.02.13-21.52.53:926][  0]LogConfig: Setting CVar [[r.RHICmdBypass:0]]
[2019.02.13-21.52.53:926][  0]LogConfig: Applying CVar settings from Section [/Script/Engine.RendererSettings] File [C:/Users/gosus/Documents/CP-School/SeniorProject/gitRepos/Senior-Project-Prototype3/HSPGame/Saved/Config/Windows/Engine.ini]
[2019.02.13-21.52.53:926][  0]LogConfig: Setting CVar [[r.GPUCrashDebugging:0]]
[2019.02.13-21.52.53:926][  0]LogConfig: Applying CVar settings from Section [/Script/Engine.RendererOverrideSettings] File [C:/Users/gosus/Documents/CP-School/SeniorProject/gitRepos/Senior-Project-Prototype3/HSPGame/Saved/Config/Windows/Engine.ini]
[2019.02.13-21.52.53:926][  0]LogConfig: Applying CVar settings from Section [/Script/Engine.StreamingSettings] File [C:/Users/gosus/Documents/CP-School/SeniorProject/gitRepos/Senior-Project-Prototype3/HSPGame/Saved/Config/Windows/Engine.ini]
[2019.02.13-21.52.53:926][  0]LogConfig: Setting CVar [[s.MinBulkDataSizeForAsyncLoading:131072]]
[2019.02.13-21.52.53:926][  0]LogConfig: Setting CVar [[s.AsyncLoadingThreadEnabled:0]]
[2019.02.13-21.52.53:926][  0]LogConfig: Setting CVar [[s.EventDrivenLoaderEnabled:1]]
[2019.02.13-21.52.53:926][  0]LogConfig: Setting CVar [[s.WarnIfTimeLimitExceeded:0]]
[2019.02.13-21.52.53:926][  0]LogConfig: Setting CVar [[s.TimeLimitExceededMultiplier:1.5]]
[2019.02.13-21.52.53:926][  0]LogConfig: Setting CVar [[s.TimeLimitExceededMinTime:0.005]]
[2019.02.13-21.52.53:926][  0]LogConfig: Setting CVar [[s.UseBackgroundLevelStreaming:1]]
[2019.02.13-21.52.53:926][  0]LogConfig: Setting CVar [[s.PriorityAsyncLoadingExtraTime:15.0]]
[2019.02.13-21.52.53:926][  0]LogConfig: Setting CVar [[s.LevelStreamingActorsUpdateTimeLimit:5.0]]
[2019.02.13-21.52.53:926][  0]LogConfig: Setting CVar [[s.PriorityLevelStreamingActorsUpdateExtraTime:5.0]]
[2019.02.13-21.52.53:926][  0]LogConfig: Setting CVar [[s.LevelStreamingComponentsRegistrationGranularity:10]]
[2019.02.13-21.52.53:927][  0]LogConfig: Setting CVar [[s.UnregisterComponentsTimeLimit:1.0]]
[2019.02.13-21.52.53:927][  0]LogConfig: Setting CVar [[s.LevelStreamingComponentsUnregistrationGranularity:5]]
[2019.02.13-21.52.53:927][  0]LogConfig: Applying CVar settings from Section [/Script/Engine.GarbageCollectionSettings] File [C:/Users/gosus/Documents/CP-School/SeniorProject/gitRepos/Senior-Project-Prototype3/HSPGame/Saved/Config/Windows/Engine.ini]
[2019.02.13-21.52.53:927][  0]LogConfig: Setting CVar [[gc.MaxObjectsNotConsideredByGC:1]]
[2019.02.13-21.52.53:927][  0]LogConfig: Setting CVar [[gc.SizeOfPermanentObjectPool:0]]
[2019.02.13-21.52.53:927][  0]LogConfig: Setting CVar [[gc.FlushStreamingOnGC:0]]
[2019.02.13-21.52.53:927][  0]LogConfig: Setting CVar [[gc.NumRetriesBeforeForcingGC:10]]
[2019.02.13-21.52.53:927][  0]LogConfig: Setting CVar [[gc.AllowParallelGC:1]]
[2019.02.13-21.52.53:927][  0]LogConfig: Setting CVar [[gc.TimeBetweenPurgingPendingKillObjects:61.1]]
[2019.02.13-21.52.53:927][  0]LogConfig: Setting CVar [[gc.MaxObjectsInEditor:8388607]]
[2019.02.13-21.52.53:927][  0]LogConfig: Setting CVar [[gc.IncrementalBeginDestroyEnabled:1]]
[2019.02.13-21.52.53:927][  0]LogConfig: Setting CVar [[gc.CreateGCClusters:1]]
[2019.02.13-21.52.53:927][  0]LogConfig: Setting CVar [[gc.MergeGCClusters:0]]
[2019.02.13-21.52.53:927][  0]LogConfig: Setting CVar [[gc.MinGCClusterSize:5]]
[2019.02.13-21.52.53:927][  0]LogConfig: Setting CVar [[gc.ActorClusteringEnabled:0]]
[2019.02.13-21.52.53:927][  0]LogConfig: Setting CVar [[gc.BlueprintClusteringEnabled:0]]
[2019.02.13-21.52.53:927][  0]LogConfig: Setting CVar [[gc.UseDisregardForGCOnDedicatedServers:0]]
[2019.02.13-21.52.53:927][  0]LogConfig: Applying CVar settings from Section [/Script/Engine.NetworkSettings] File [C:/Users/gosus/Documents/CP-School/SeniorProject/gitRepos/Senior-Project-Prototype3/HSPGame/Saved/Config/Windows/Engine.ini]
[2019.02.13-21.52.53:927][  0]LogConfig: Applying CVar settings from Section [/Script/UnrealEd.CookerSettings] File [C:/Users/gosus/Documents/CP-School/SeniorProject/gitRepos/Senior-Project-Prototype3/HSPGame/Saved/Config/Windows/Engine.ini]
[2019.02.13-21.52.53:944][  0]LogConfig: Applying CVar settings from Section [ViewDistanceQuality@3] File [C:/Users/gosus/Documents/CP-School/SeniorProject/gitRepos/Senior-Project-Prototype3/HSPGame/Saved/Config/Windows/Scalability.ini]
[2019.02.13-21.52.53:944][  0]LogConfig: Setting CVar [[r.SkeletalMeshLODBias:0]]
[2019.02.13-21.52.53:944][  0]LogConfig: Setting CVar [[r.ViewDistanceScale:1.0]]
[2019.02.13-21.52.53:944][  0]LogConfig: Applying CVar settings from Section [AntiAliasingQuality@3] File [C:/Users/gosus/Documents/CP-School/SeniorProject/gitRepos/Senior-Project-Prototype3/HSPGame/Saved/Config/Windows/Scalability.ini]
[2019.02.13-21.52.53:944][  0]LogConfig: Setting CVar [[r.PostProcessAAQuality:4]]
[2019.02.13-21.52.53:944][  0]LogConfig: Applying CVar settings from Section [ShadowQuality@3] File [C:/Users/gosus/Documents/CP-School/SeniorProject/gitRepos/Senior-Project-Prototype3/HSPGame/Saved/Config/Windows/Scalability.ini]
[2019.02.13-21.52.53:944][  0]LogConfig: Setting CVar [[r.LightFunctionQuality:1]]
[2019.02.13-21.52.53:944][  0]LogConfig: Setting CVar [[r.ShadowQuality:5]]
[2019.02.13-21.52.53:944][  0]LogConfig: Setting CVar [[r.Shadow.CSM.MaxCascades:10]]
[2019.02.13-21.52.53:944][  0]LogConfig: Setting CVar [[r.Shadow.MaxResolution:2048]]
[2019.02.13-21.52.53:944][  0]LogConfig: Setting CVar [[r.Shadow.MaxCSMResolution:2048]]
[2019.02.13-21.52.53:944][  0]LogConfig: Setting CVar [[r.Shadow.RadiusThreshold:0.01]]
[2019.02.13-21.52.53:944][  0]LogConfig: Setting CVar [[r.Shadow.DistanceScale:1.0]]
[2019.02.13-21.52.53:944][  0]LogConfig: Setting CVar [[r.Shadow.CSM.TransitionScale:1.0]]
[2019.02.13-21.52.53:944][  0]LogConfig: Setting CVar [[r.Shadow.PreShadowResolutionFactor:1.0]]
[2019.02.13-21.52.53:944][  0]LogConfig: Setting CVar [[r.DistanceFieldShadowing:1]]
[2019.02.13-21.52.53:944][  0]LogConfig: Setting CVar [[r.DistanceFieldAO:1]]
[2019.02.13-21.52.53:944][  0]LogConfig: Setting CVar [[r.AOQuality:2]]
[2019.02.13-21.52.53:945][  0]LogConfig: Setting CVar [[r.VolumetricFog:1]]
[2019.02.13-21.52.53:945][  0]LogConfig: Setting CVar [[r.VolumetricFog.GridPixelSize:8]]
[2019.02.13-21.52.53:945][  0]LogConfig: Setting CVar [[r.VolumetricFog.GridSizeZ:128]]
[2019.02.13-21.52.53:945][  0]LogConfig: Setting CVar [[r.VolumetricFog.HistoryMissSupersampleCount:4]]
[2019.02.13-21.52.53:945][  0]LogConfig: Setting CVar [[r.LightMaxDrawDistanceScale:1]]
[2019.02.13-21.52.53:945][  0]LogConfig: Setting CVar [[r.CapsuleShadows:1]]
[2019.02.13-21.52.53:945][  0]LogConfig: Applying CVar settings from Section [PostProcessQuality@3] File [C:/Users/gosus/Documents/CP-School/SeniorProject/gitRepos/Senior-Project-Prototype3/HSPGame/Saved/Config/Windows/Scalability.ini]
[2019.02.13-21.52.53:945][  0]LogConfig: Setting CVar [[r.MotionBlurQuality:4]]
[2019.02.13-21.52.53:945][  0]LogConfig: Setting CVar [[r.AmbientOcclusionMipLevelFactor:0.4]]
[2019.02.13-21.52.53:945][  0]LogConfig: Setting CVar [[r.AmbientOcclusionMaxQuality:100]]
[2019.02.13-21.52.53:945][  0]LogConfig: Setting CVar [[r.AmbientOcclusionLevels:-1]]
[2019.02.13-21.52.53:945][  0]LogConfig: Setting CVar [[r.AmbientOcclusionRadiusScale:1.0]]
[2019.02.13-21.52.53:945][  0]LogConfig: Setting CVar [[r.DepthOfFieldQuality:2]]
[2019.02.13-21.52.53:945][  0]LogConfig: Setting CVar [[r.RenderTargetPoolMin:400]]
[2019.02.13-21.52.53:945][  0]LogConfig: Setting CVar [[r.LensFlareQuality:2]]
[2019.02.13-21.52.53:945][  0]LogConfig: Setting CVar [[r.SceneColorFringeQuality:1]]
[2019.02.13-21.52.53:945][  0]LogConfig: Setting CVar [[r.EyeAdaptationQuality:2]]
[2019.02.13-21.52.53:946][  0]LogConfig: Setting CVar [[r.BloomQuality:5]]
[2019.02.13-21.52.53:946][  0]LogConfig: Setting CVar [[r.FastBlurThreshold:100]]
[2019.02.13-21.52.53:946][  0]LogConfig: Setting CVar [[r.Upscale.Quality:3]]
[2019.02.13-21.52.53:946][  0]LogConfig: Setting CVar [[r.Tonemapper.GrainQuantization:1]]
[2019.02.13-21.52.53:946][  0]LogConfig: Setting CVar [[r.LightShaftQuality:1]]
[2019.02.13-21.52.53:946][  0]LogConfig: Setting CVar [[r.Filter.SizeScale:1]]
[2019.02.13-21.52.53:946][  0]LogConfig: Setting CVar [[r.Tonemapper.Quality:5]]
[2019.02.13-21.52.53:946][  0]LogConfig: Setting CVar [[r.DOF.Gather.AccumulatorQuality:1        ; higher gathering accumulator quality]]
[2019.02.13-21.52.53:946][  0]LogConfig: Setting CVar [[r.DOF.Gather.PostfilterMethod:1          ; Median3x3 postfilering method]]
[2019.02.13-21.52.53:946][  0]LogConfig: Setting CVar [[r.DOF.Gather.EnableBokehSettings:0       ; no bokeh simulation when gathering]]
[2019.02.13-21.52.53:946][  0]LogConfig: Setting CVar [[r.DOF.Gather.RingCount:4                 ; medium number of samples when gathering]]
[2019.02.13-21.52.53:946][  0]LogConfig: Setting CVar [[r.DOF.Scatter.ForegroundCompositing:1    ; additive foreground scattering]]
[2019.02.13-21.52.53:946][  0]LogConfig: Setting CVar [[r.DOF.Scatter.BackgroundCompositing:2    ; additive background scattering]]
[2019.02.13-21.52.53:947][  0]LogConfig: Setting CVar [[r.DOF.Scatter.EnableBokehSettings:1      ; bokeh simulation when scattering]]
[2019.02.13-21.52.53:947][  0]LogConfig: Setting CVar [[r.DOF.Scatter.MaxSpriteRatio:0.1         ; only a maximum of 10% of scattered bokeh]]
[2019.02.13-21.52.53:947][  0]LogConfig: Setting CVar [[r.DOF.Recombine.Quality:1                ; cheap slight out of focus]]
[2019.02.13-21.52.53:947][  0]LogConfig: Setting CVar [[r.DOF.Recombine.EnableBokehSettings:0    ; no bokeh simulation on slight out of focus]]
[2019.02.13-21.52.53:947][  0]LogConfig: Setting CVar [[r.DOF.TemporalAAQuality:1                ; more stable temporal accumulation]]
[2019.02.13-21.52.53:947][  0]LogConfig: Setting CVar [[r.DOF.Kernel.MaxForegroundRadius:0.025]]
[2019.02.13-21.52.53:947][  0]LogConfig: Setting CVar [[r.DOF.Kernel.MaxBackgroundRadius:0.025]]
[2019.02.13-21.52.53:947][  0]LogConfig: Applying CVar settings from Section [TextureQuality@3] File [C:/Users/gosus/Documents/CP-School/SeniorProject/gitRepos/Senior-Project-Prototype3/HSPGame/Saved/Config/Windows/Scalability.ini]
[2019.02.13-21.52.53:947][  0]LogConfig: Setting CVar [[r.Streaming.MipBias:0]]
[2019.02.13-21.52.53:947][  0]LogConfig: Setting CVar [[r.Streaming.AmortizeCPUToGPUCopy:0]]
[2019.02.13-21.52.53:947][  0]LogConfig: Setting CVar [[r.Streaming.MaxNumTexturesToStreamPerFrame:0]]
[2019.02.13-21.52.53:947][  0]LogConfig: Setting CVar [[r.Streaming.Boost:1]]
[2019.02.13-21.52.53:947][  0]LogConfig: Setting CVar [[r.MaxAnisotropy:8]]
[2019.02.13-21.52.53:947][  0]LogConfig: Setting CVar [[r.Streaming.LimitPoolSizeToVRAM:0]]
[2019.02.13-21.52.53:947][  0]LogConfig: Setting CVar [[r.Streaming.PoolSize:1000]]
[2019.02.13-21.52.53:947][  0]LogConfig: Setting CVar [[r.Streaming.MaxEffectiveScreenSize:0]]
[2019.02.13-21.52.53:947][  0]LogConfig: Applying CVar settings from Section [EffectsQuality@3] File [C:/Users/gosus/Documents/CP-School/SeniorProject/gitRepos/Senior-Project-Prototype3/HSPGame/Saved/Config/Windows/Scalability.ini]
[2019.02.13-21.52.53:947][  0]LogConfig: Setting CVar [[r.TranslucencyLightingVolumeDim:64]]
[2019.02.13-21.52.53:947][  0]LogConfig: Setting CVar [[r.RefractionQuality:2]]
[2019.02.13-21.52.53:947][  0]LogConfig: Setting CVar [[r.SSR.Quality:3]]
[2019.02.13-21.52.53:947][  0]LogConfig: Setting CVar [[r.SceneColorFormat:4]]
[2019.02.13-21.52.53:947][  0]LogConfig: Setting CVar [[r.DetailMode:2]]
[2019.02.13-21.52.53:948][  0]LogConfig: Setting CVar [[r.TranslucencyVolumeBlur:1]]
[2019.02.13-21.52.53:948][  0]LogConfig: Setting CVar [[r.MaterialQualityLevel:1 ; High quality]]
[2019.02.13-21.52.53:948][  0]LogConfig: Setting CVar [[r.SSS.Scale:1]]
[2019.02.13-21.52.53:948][  0]LogConfig: Setting CVar [[r.SSS.SampleSet:2]]
[2019.02.13-21.52.53:948][  0]LogConfig: Setting CVar [[r.SSS.Quality:1]]
[2019.02.13-21.52.53:948][  0]LogConfig: Setting CVar [[r.SSS.HalfRes:1]]
[2019.02.13-21.52.53:948][  0]LogConfig: Setting CVar [[r.EmitterSpawnRateScale:1.0]]
[2019.02.13-21.52.53:948][  0]LogConfig: Setting CVar [[r.ParticleLightQuality:2]]
[2019.02.13-21.52.53:948][  0]LogConfig: Applying CVar settings from Section [FoliageQuality@3] File [C:/Users/gosus/Documents/CP-School/SeniorProject/gitRepos/Senior-Project-Prototype3/HSPGame/Saved/Config/Windows/Scalability.ini]
[2019.02.13-21.52.53:948][  0]LogConfig: Setting CVar [[foliage.DensityScale:1.0]]
[2019.02.13-21.52.53:948][  0]LogConfig: Setting CVar [[grass.DensityScale:1.0]]
[2019.02.13-21.52.53:948][  0]LogInit: Selected Device Profile: [Windows]
[2019.02.13-21.52.53:948][  0]LogInit: Applying CVar settings loaded from the selected device profile: [Windows]
[2019.02.13-21.52.53:963][  0]LogHAL: Display: Platform has ~ 32 GB [34313105408 / 34359738368 / 32], which maps to Largest [LargestMinGB=32, LargerMinGB=12, DefaultMinGB=8, SmallerMinGB=6, SmallestMinGB=0)
[2019.02.13-21.52.53:963][  0]LogConfig: Setting CVar [[r.Vulkan.UseRealUBs:1]]
[2019.02.13-21.52.53:963][  0]LogInit: Going up to parent DeviceProfile []
[2019.02.13-21.52.53:963][  0]LogConfig: Applying CVar settings from Section [ViewDistanceQuality@3] File [C:/Users/gosus/Documents/CP-School/SeniorProject/gitRepos/Senior-Project-Prototype3/HSPGame/Saved/Config/Windows/Scalability.ini]
[2019.02.13-21.52.53:963][  0]LogConfig: Setting CVar [[r.SkeletalMeshLODBias:0]]
[2019.02.13-21.52.53:963][  0]LogConfig: Setting CVar [[r.ViewDistanceScale:1.0]]
[2019.02.13-21.52.53:963][  0]LogConfig: Applying CVar settings from Section [AntiAliasingQuality@3] File [C:/Users/gosus/Documents/CP-School/SeniorProject/gitRepos/Senior-Project-Prototype3/HSPGame/Saved/Config/Windows/Scalability.ini]
[2019.02.13-21.52.53:963][  0]LogConfig: Setting CVar [[r.PostProcessAAQuality:4]]
[2019.02.13-21.52.53:963][  0]LogConfig: Applying CVar settings from Section [ShadowQuality@3] File [C:/Users/gosus/Documents/CP-School/SeniorProject/gitRepos/Senior-Project-Prototype3/HSPGame/Saved/Config/Windows/Scalability.ini]
[2019.02.13-21.52.53:963][  0]LogConfig: Setting CVar [[r.LightFunctionQuality:1]]
[2019.02.13-21.52.53:963][  0]LogConfig: Setting CVar [[r.ShadowQuality:5]]
[2019.02.13-21.52.53:963][  0]LogConfig: Setting CVar [[r.Shadow.CSM.MaxCascades:10]]
[2019.02.13-21.52.53:963][  0]LogConfig: Setting CVar [[r.Shadow.MaxResolution:2048]]
[2019.02.13-21.52.53:963][  0]LogConfig: Setting CVar [[r.Shadow.MaxCSMResolution:2048]]
[2019.02.13-21.52.53:964][  0]LogConfig: Setting CVar [[r.Shadow.RadiusThreshold:0.01]]
[2019.02.13-21.52.53:964][  0]LogConfig: Setting CVar [[r.Shadow.DistanceScale:1.0]]
[2019.02.13-21.52.53:964][  0]LogConfig: Setting CVar [[r.Shadow.CSM.TransitionScale:1.0]]
[2019.02.13-21.52.53:964][  0]LogConfig: Setting CVar [[r.Shadow.PreShadowResolutionFactor:1.0]]
[2019.02.13-21.52.53:964][  0]LogConfig: Setting CVar [[r.DistanceFieldShadowing:1]]
[2019.02.13-21.52.53:964][  0]LogConfig: Setting CVar [[r.DistanceFieldAO:1]]
[2019.02.13-21.52.53:964][  0]LogConfig: Setting CVar [[r.AOQuality:2]]
[2019.02.13-21.52.53:964][  0]LogConfig: Setting CVar [[r.VolumetricFog:1]]
[2019.02.13-21.52.53:964][  0]LogConfig: Setting CVar [[r.VolumetricFog.GridPixelSize:8]]
[2019.02.13-21.52.53:964][  0]LogConfig: Setting CVar [[r.VolumetricFog.GridSizeZ:128]]
[2019.02.13-21.52.53:964][  0]LogConfig: Setting CVar [[r.VolumetricFog.HistoryMissSupersampleCount:4]]
[2019.02.13-21.52.53:964][  0]LogConfig: Setting CVar [[r.LightMaxDrawDistanceScale:1]]
[2019.02.13-21.52.53:964][  0]LogConfig: Setting CVar [[r.CapsuleShadows:1]]
[2019.02.13-21.52.53:964][  0]LogConfig: Applying CVar settings from Section [PostProcessQuality@3] File [C:/Users/gosus/Documents/CP-School/SeniorProject/gitRepos/Senior-Project-Prototype3/HSPGame/Saved/Config/Windows/Scalability.ini]
[2019.02.13-21.52.53:964][  0]LogConfig: Setting CVar [[r.MotionBlurQuality:4]]
[2019.02.13-21.52.53:964][  0]LogConfig: Setting CVar [[r.AmbientOcclusionMipLevelFactor:0.4]]
[2019.02.13-21.52.53:964][  0]LogConfig: Setting CVar [[r.AmbientOcclusionMaxQuality:100]]
[2019.02.13-21.52.53:964][  0]LogConfig: Setting CVar [[r.AmbientOcclusionLevels:-1]]
[2019.02.13-21.52.53:964][  0]LogConfig: Setting CVar [[r.AmbientOcclusionRadiusScale:1.0]]
[2019.02.13-21.52.53:964][  0]LogConfig: Setting CVar [[r.DepthOfFieldQuality:2]]
[2019.02.13-21.52.53:965][  0]LogConfig: Setting CVar [[r.RenderTargetPoolMin:400]]
[2019.02.13-21.52.53:965][  0]LogConfig: Setting CVar [[r.LensFlareQuality:2]]
[2019.02.13-21.52.53:965][  0]LogConfig: Setting CVar [[r.SceneColorFringeQuality:1]]
[2019.02.13-21.52.53:965][  0]LogConfig: Setting CVar [[r.EyeAdaptationQuality:2]]
[2019.02.13-21.52.53:965][  0]LogConfig: Setting CVar [[r.BloomQuality:5]]
[2019.02.13-21.52.53:965][  0]LogConfig: Setting CVar [[r.FastBlurThreshold:100]]
[2019.02.13-21.52.53:965][  0]LogConfig: Setting CVar [[r.Upscale.Quality:3]]
[2019.02.13-21.52.53:965][  0]LogConfig: Setting CVar [[r.Tonemapper.GrainQuantization:1]]
[2019.02.13-21.52.53:965][  0]LogConfig: Setting CVar [[r.LightShaftQuality:1]]
[2019.02.13-21.52.53:965][  0]LogConfig: Setting CVar [[r.Filter.SizeScale:1]]
[2019.02.13-21.52.53:965][  0]LogConfig: Setting CVar [[r.Tonemapper.Quality:5]]
[2019.02.13-21.52.53:965][  0]LogConfig: Setting CVar [[r.DOF.Gather.AccumulatorQuality:1        ; higher gathering accumulator quality]]
[2019.02.13-21.52.53:965][  0]LogConfig: Setting CVar [[r.DOF.Gather.PostfilterMethod:1          ; Median3x3 postfilering method]]
[2019.02.13-21.52.53:965][  0]LogConfig: Setting CVar [[r.DOF.Gather.EnableBokehSettings:0       ; no bokeh simulation when gathering]]
[2019.02.13-21.52.53:965][  0]LogConfig: Setting CVar [[r.DOF.Gather.RingCount:4                 ; medium number of samples when gathering]]
[2019.02.13-21.52.53:965][  0]LogConfig: Setting CVar [[r.DOF.Scatter.ForegroundCompositing:1    ; additive foreground scattering]]
[2019.02.13-21.52.53:965][  0]LogConfig: Setting CVar [[r.DOF.Scatter.BackgroundCompositing:2    ; additive background scattering]]
[2019.02.13-21.52.53:965][  0]LogConfig: Setting CVar [[r.DOF.Scatter.EnableBokehSettings:1      ; bokeh simulation when scattering]]
[2019.02.13-21.52.53:965][  0]LogConfig: Setting CVar [[r.DOF.Scatter.MaxSpriteRatio:0.1         ; only a maximum of 10% of scattered bokeh]]
[2019.02.13-21.52.53:965][  0]LogConfig: Setting CVar [[r.DOF.Recombine.Quality:1                ; cheap slight out of focus]]
[2019.02.13-21.52.53:965][  0]LogConfig: Setting CVar [[r.DOF.Recombine.EnableBokehSettings:0    ; no bokeh simulation on slight out of focus]]
[2019.02.13-21.52.53:966][  0]LogConfig: Setting CVar [[r.DOF.TemporalAAQuality:1                ; more stable temporal accumulation]]
[2019.02.13-21.52.53:966][  0]LogConfig: Setting CVar [[r.DOF.Kernel.MaxForegroundRadius:0.025]]
[2019.02.13-21.52.53:966][  0]LogConfig: Setting CVar [[r.DOF.Kernel.MaxBackgroundRadius:0.025]]
[2019.02.13-21.52.53:966][  0]LogConfig: Applying CVar settings from Section [TextureQuality@3] File [C:/Users/gosus/Documents/CP-School/SeniorProject/gitRepos/Senior-Project-Prototype3/HSPGame/Saved/Config/Windows/Scalability.ini]
[2019.02.13-21.52.53:966][  0]LogConfig: Setting CVar [[r.Streaming.MipBias:0]]
[2019.02.13-21.52.53:966][  0]LogConfig: Setting CVar [[r.Streaming.AmortizeCPUToGPUCopy:0]]
[2019.02.13-21.52.53:966][  0]LogConfig: Setting CVar [[r.Streaming.MaxNumTexturesToStreamPerFrame:0]]
[2019.02.13-21.52.53:966][  0]LogConfig: Setting CVar [[r.Streaming.Boost:1]]
[2019.02.13-21.52.53:966][  0]LogConfig: Setting CVar [[r.MaxAnisotropy:8]]
[2019.02.13-21.52.53:966][  0]LogConfig: Setting CVar [[r.Streaming.LimitPoolSizeToVRAM:0]]
[2019.02.13-21.52.53:966][  0]LogConfig: Setting CVar [[r.Streaming.PoolSize:1000]]
[2019.02.13-21.52.53:966][  0]LogConfig: Setting CVar [[r.Streaming.MaxEffectiveScreenSize:0]]
[2019.02.13-21.52.53:966][  0]LogConfig: Applying CVar settings from Section [EffectsQuality@3] File [C:/Users/gosus/Documents/CP-School/SeniorProject/gitRepos/Senior-Project-Prototype3/HSPGame/Saved/Config/Windows/Scalability.ini]
[2019.02.13-21.52.53:966][  0]LogConfig: Setting CVar [[r.TranslucencyLightingVolumeDim:64]]
[2019.02.13-21.52.53:966][  0]LogConfig: Setting CVar [[r.RefractionQuality:2]]
[2019.02.13-21.52.53:966][  0]LogConfig: Setting CVar [[r.SSR.Quality:3]]
[2019.02.13-21.52.53:966][  0]LogConfig: Setting CVar [[r.SceneColorFormat:4]]
[2019.02.13-21.52.53:966][  0]LogConfig: Setting CVar [[r.DetailMode:2]]
[2019.02.13-21.52.53:966][  0]LogConfig: Setting CVar [[r.TranslucencyVolumeBlur:1]]
[2019.02.13-21.52.53:966][  0]LogConfig: Setting CVar [[r.MaterialQualityLevel:1 ; High quality]]
[2019.02.13-21.52.53:967][  0]LogConfig: Setting CVar [[r.SSS.Scale:1]]
[2019.02.13-21.52.53:967][  0]LogConfig: Setting CVar [[r.SSS.SampleSet:2]]
[2019.02.13-21.52.53:967][  0]LogConfig: Setting CVar [[r.SSS.Quality:1]]
[2019.02.13-21.52.53:967][  0]LogConfig: Setting CVar [[r.SSS.HalfRes:1]]
[2019.02.13-21.52.53:967][  0]LogConfig: Setting CVar [[r.EmitterSpawnRateScale:1.0]]
[2019.02.13-21.52.53:967][  0]LogConfig: Setting CVar [[r.ParticleLightQuality:2]]
[2019.02.13-21.52.53:967][  0]LogConfig: Applying CVar settings from Section [FoliageQuality@3] File [C:/Users/gosus/Documents/CP-School/SeniorProject/gitRepos/Senior-Project-Prototype3/HSPGame/Saved/Config/Windows/Scalability.ini]
[2019.02.13-21.52.53:967][  0]LogConfig: Setting CVar [[foliage.DensityScale:1.0]]
[2019.02.13-21.52.53:967][  0]LogConfig: Setting CVar [[grass.DensityScale:1.0]]
[2019.02.13-21.52.53:967][  0]LogConfig: Applying CVar settings from Section [Startup] File [../../../Engine/Config/ConsoleVariables.ini]
[2019.02.13-21.52.53:967][  0]LogConfig: Setting CVar [[net.UseAdaptiveNetUpdateFrequency:0]]
[2019.02.13-21.52.53:967][  0]LogConfig: Applying CVar settings from Section [ConsoleVariables] File [C:/Users/gosus/Documents/CP-School/SeniorProject/gitRepos/Senior-Project-Prototype3/HSPGame/Saved/Config/Windows/Engine.ini]
[2019.02.13-21.52.53:968][  0]LogInit: Computer: UNIT-01
[2019.02.13-21.52.53:968][  0]LogInit: User: gosus
[2019.02.13-21.52.53:968][  0]LogInit: CPU Page size=4096, Cores=4
[2019.02.13-21.52.53:968][  0]LogInit: High frequency timer resolution =10.000000 MHz
[2019.02.13-21.52.53:968][  0]LogMemory: Memory total: Physical=32.0GB (32GB approx)
[2019.02.13-21.52.53:968][  0]LogMemory: Platform Memory Stats for Windows
[2019.02.13-21.52.53:968][  0]LogMemory: Process Physical Memory: 102.87 MB used, 102.88 MB peak
[2019.02.13-21.52.53:968][  0]LogMemory: Process Virtual Memory: 92.05 MB used, 92.05 MB peak
[2019.02.13-21.52.53:968][  0]LogMemory: Physical Memory: 10436.41 MB used,  22287.12 MB free, 32723.53 MB total
[2019.02.13-21.52.53:968][  0]LogMemory: Virtual Memory: 4649.98 MB used,  134213080.00 MB free, 134217728.00 MB total
[2019.02.13-21.52.54:068][  0]LogInit: Using OS detected language (en-US).
[2019.02.13-21.52.54:068][  0]LogInit: Using OS detected locale (en-US).
[2019.02.13-21.52.54:069][  0]LogTextLocalizationManager: No specific localization for 'en-US' exists, so the 'en' localization will be used.
[2019.02.13-21.52.54:398][  0]LogStreaming: Display: Took  0.329s to InitEngineTextLocalization.
[2019.02.13-21.52.54:398][  0]LogInit: Setting process to per monitor DPI aware
[2019.02.13-21.52.54:456][  0]LogSlate: New Slate User Created.  User Index 0, Is Virtual User: 0
[2019.02.13-21.52.54:456][  0]LogSlate: Slate User Registered.  User Index 0, Is Virtual User: 0
[2019.02.13-21.52.54:633][  0]LogHMD: Failed to initialize OpenVR with code 110
[2019.02.13-21.52.54:633][  0]LogD3D11RHI: D3D11 adapters:
[2019.02.13-21.52.54:791][  0]LogD3D11RHI:    0. 'NVIDIA GeForce RTX 2080' (Feature Level 11_0)
[2019.02.13-21.52.54:791][  0]LogD3D11RHI:       8010/0/16361 MB DedicatedVideo/DedicatedSystem/SharedSystem, Outputs:2, VendorId:0x10de
[2019.02.13-21.52.54:796][  0]LogD3D11RHI:    1. 'Microsoft Basic Render Driver' (Feature Level 11_0)
[2019.02.13-21.52.54:797][  0]LogD3D11RHI:       0/0/16361 MB DedicatedVideo/DedicatedSystem/SharedSystem, Outputs:0, VendorId:0x1414
[2019.02.13-21.52.54:797][  0]LogD3D11RHI: Chosen D3D11 Adapter: 0
[2019.02.13-21.52.54:805][  0]LogD3D11RHI: Creating new Direct3DDevice
[2019.02.13-21.52.54:805][  0]LogD3D11RHI:     GPU DeviceId: 0x1e87 (for the marketing name, search the web for "GPU Device Id")
[2019.02.13-21.52.54:805][  0]LogWindows: EnumDisplayDevices:
[2019.02.13-21.52.54:805][  0]LogWindows:    0. 'NVIDIA GeForce RTX 2080' (P:1 D:1)
[2019.02.13-21.52.54:806][  0]LogWindows:    1. 'NVIDIA GeForce RTX 2080' (P:0 D:1)
[2019.02.13-21.52.54:806][  0]LogWindows:    2. 'NVIDIA GeForce RTX 2080' (P:0 D:0)
[2019.02.13-21.52.54:806][  0]LogWindows:    3. 'NVIDIA GeForce RTX 2080' (P:0 D:0)
[2019.02.13-21.52.54:806][  0]LogWindows: DebugString: FoundDriverCount:4 
[2019.02.13-21.52.54:806][  0]LogD3D11RHI:     Adapter Name: NVIDIA GeForce RTX 2080
[2019.02.13-21.52.54:807][  0]LogD3D11RHI:   Driver Version: 417.71 (internal:25.21.14.1771, unified:417.71)
[2019.02.13-21.52.54:807][  0]LogD3D11RHI:      Driver Date: 1-11-2019
[2019.02.13-21.52.54:807][  0]LogRHI: Texture pool is 5607 MB (70% of 8010 MB)
[2019.02.13-21.52.54:851][  0]LogD3D11RHI: Async texture creation enabled
[2019.02.13-21.52.54:876][  0]LogD3D11RHI: GPU Timing Frequency: 1000.000000 (Debug: 2 2)
[2019.02.13-21.52.55:214][  0]LogTemp: Display: Loaded TP AllDesktopTargetPlatform
[2019.02.13-21.52.55:229][  0]LogTemp: Display: Loaded TP MacClientTargetPlatform
[2019.02.13-21.52.55:243][  0]LogTemp: Display: Loaded TP MacNoEditorTargetPlatform
[2019.02.13-21.52.55:256][  0]LogTemp: Display: Loaded TP MacServerTargetPlatform
[2019.02.13-21.52.55:269][  0]LogTemp: Display: Loaded TP MacTargetPlatform
[2019.02.13-21.52.55:283][  0]LogTemp: Display: Loaded TP WindowsClientTargetPlatform
[2019.02.13-21.52.55:297][  0]LogTemp: Display: Loaded TP WindowsNoEditorTargetPlatform
[2019.02.13-21.52.55:312][  0]LogTemp: Display: Loaded TP WindowsServerTargetPlatform
[2019.02.13-21.52.55:321][  0]LogTemp: Display: Loaded TP WindowsTargetPlatform
[2019.02.13-21.52.55:378][  0]LogTemp: Display: Loaded TP AndroidTargetPlatform
[2019.02.13-21.52.55:378][  0]LogTemp: Display: Loaded TP AndroidTargetPlatform
[2019.02.13-21.52.55:378][  0]LogTemp: Display: Loaded TP AndroidTargetPlatform
[2019.02.13-21.52.55:378][  0]LogTemp: Display: Loaded TP AndroidTargetPlatform
[2019.02.13-21.52.55:379][  0]LogTemp: Display: Loaded TP AndroidTargetPlatform
[2019.02.13-21.52.55:379][  0]LogTemp: Display: Loaded TP AndroidTargetPlatform
[2019.02.13-21.52.55:379][  0]LogTemp: Display: Loaded TP AndroidTargetPlatform
[2019.02.13-21.52.55:379][  0]LogTemp: Display: Loaded TP AndroidTargetPlatform
[2019.02.13-21.52.55:379][  0]LogTemp: Display: Loaded TP AndroidTargetPlatform
[2019.02.13-21.52.55:379][  0]LogTemp: Display: Loaded TP AndroidTargetPlatform
[2019.02.13-21.52.55:379][  0]LogTemp: Display: Loaded TP AndroidTargetPlatform
[2019.02.13-21.52.55:379][  0]LogTemp: Display: Loaded TP AndroidTargetPlatform
[2019.02.13-21.52.55:379][  0]LogTemp: Display: Loaded TP AndroidTargetPlatform
[2019.02.13-21.52.55:379][  0]LogTemp: Display: Loaded TP AndroidTargetPlatform
[2019.02.13-21.52.55:379][  0]LogTemp: Display: Loaded TP AndroidTargetPlatform
[2019.02.13-21.52.55:379][  0]LogTemp: Display: Loaded TP AndroidTargetPlatform
[2019.02.13-21.52.55:379][  0]LogTemp: Display: Loaded TP AndroidTargetPlatform
[2019.02.13-21.52.55:379][  0]LogTemp: Display: Loaded TP AndroidTargetPlatform
[2019.02.13-21.52.55:383][  0]LogTemp: Display: Loaded TP HTML5TargetPlatform
[2019.02.13-21.52.55:447][  0]LogTemp: Display: Loaded TP IOSTargetPlatform
[2019.02.13-21.52.55:447][  0]LogTemp: Display: Loaded TP IOSTargetPlatform
[2019.02.13-21.52.55:466][  0]LogTemp: Display: Loaded TP TVOSTargetPlatform
[2019.02.13-21.52.55:466][  0]LogTemp: Display: Loaded TP TVOSTargetPlatform
[2019.02.13-21.52.55:478][  0]LogTemp: Display: Loaded TP LinuxClientTargetPlatform
[2019.02.13-21.52.55:489][  0]LogTemp: Display: Loaded TP LinuxNoEditorTargetPlatform
[2019.02.13-21.52.55:501][  0]LogTemp: Display: Loaded TP LinuxServerTargetPlatform
[2019.02.13-21.52.55:514][  0]LogTemp: Display: Loaded TP LinuxTargetPlatform
[2019.02.13-21.52.55:550][  0]LogTemp: Display: Loaded TP LuminTargetPlatform
[2019.02.13-21.52.55:550][  0]LogTemp: Display: Loaded TP LuminTargetPlatform
[2019.02.13-21.52.55:550][  0]LogTargetPlatformManager: Display: Building Assets For Windows
[2019.02.13-21.52.55:673][  0]LogShaderCompilers: Guid format shader working directory is -45 characters bigger than the processId version (C:/Users/gosus/Documents/CP-School/SeniorProject/gitRepos/Senior-Project-Prototype3/HSPGame/Intermediate/Shaders/WorkingDirectory/8300/).
[2019.02.13-21.52.55:673][  0]LogShaderCompilers: Cleaned the shader compiler working directory 'C:/Users/gosus/AppData/Local/Temp/UnrealShaderWorkingDir/BB0C4E3043137C0F49702CA122896217/'.
[2019.02.13-21.52.55:675][  0]LogXGEController: Cleaning working directory: C:/Users/gosus/AppData/Local/Temp/UnrealXGEWorkingDir/
[2019.02.13-21.52.55:675][  0]LogXGEController: Cannot use XGE Controller as Incredibuild is not installed on this machine.
[2019.02.13-21.52.55:675][  0]LogShaderCompilers: Cannot use XGE Shader Compiler as Incredibuild is not installed on this machine.
[2019.02.13-21.52.55:675][  0]LogShaderCompilers: Display: Using Local Shader Compiler.
[2019.02.13-21.52.56:138][  0]LogDerivedDataCache: Display: Max Cache Size: 512 MB
[2019.02.13-21.52.56:181][  0]LogDerivedDataCache: Loaded boot cache 0.04s 71MB C:/Users/gosus/AppData/Local/UnrealEngine/4.21/DerivedDataCache/Boot.ddc.
[2019.02.13-21.52.56:181][  0]LogDerivedDataCache: Display: Loaded Boot cache: C:/Users/gosus/AppData/Local/UnrealEngine/4.21/DerivedDataCache/Boot.ddc
[2019.02.13-21.52.56:181][  0]LogDerivedDataCache: FDerivedDataBackendGraph:  Pak pak cache file C:/Users/gosus/Documents/CP-School/SeniorProject/gitRepos/Senior-Project-Prototype3/HSPGame/DerivedDataCache/DDC.ddp not found, will not use a pak cache.
[2019.02.13-21.52.56:181][  0]LogDerivedDataCache: Unable to find inner node Pak for hierarchical cache Hierarchy.
[2019.02.13-21.52.56:181][  0]LogDerivedDataCache: FDerivedDataBackendGraph:  CompressedPak pak cache file C:/Users/gosus/Documents/CP-School/SeniorProject/gitRepos/Senior-Project-Prototype3/HSPGame/DerivedDataCache/Compressed.ddp not found, will not use a pak cache.
[2019.02.13-21.52.56:181][  0]LogDerivedDataCache: Unable to find inner node CompressedPak for hierarchical cache Hierarchy.
[2019.02.13-21.52.56:191][  0]LogDerivedDataCache: Display: Pak cache opened for reading ../../../Engine/DerivedDataCache/Compressed.ddp.
[2019.02.13-21.52.56:191][  0]LogDerivedDataCache: FDerivedDataBackendGraph:  EnterprisePak pak cache file ../../../Enterprise/DerivedDataCache/Compressed.ddp not found, will not use a pak cache.
[2019.02.13-21.52.56:191][  0]LogDerivedDataCache: Unable to find inner node EnterprisePak for hierarchical cache Hierarchy.
[2019.02.13-21.52.56:204][  0]LogDerivedDataCache: Using Local data cache path C:/Users/gosus/AppData/Local/UnrealEngine/Common/DerivedDataCache: Writable
[2019.02.13-21.52.56:204][  0]LogDerivedDataCache: Shared data cache path not found in *engine.ini, will not use an Shared cache.
[2019.02.13-21.52.56:204][  0]LogDerivedDataCache: Unable to find inner node Shared for hierarchical cache Hierarchy.
[2019.02.13-21.52.56:224][  0]LogMaterial: Verifying Global Shaders for PCD3D_SM5
[2019.02.13-21.52.56:225][  0]LogSlate: Using FreeType 2.6.0
[2019.02.13-21.52.56:226][  0]LogSlate: SlateFontServices - WITH_FREETYPE: 1, WITH_HARFBUZZ: 1
[2019.02.13-21.52.56:300][  0]LogAssetRegistry: FAssetRegistry took 0.0383 seconds to start up
[2019.02.13-21.52.56:565][  0]LogInit: Selected Device Profile: [Windows]
[2019.02.13-21.52.56:704][  0]LogSimplygon: Simplygon DLL not present - disabling.
[2019.02.13-21.52.56:718][  0]LogMeshReduction: Using SimplygonSwarm for distributed automatic mesh merging
[2019.02.13-21.52.56:718][  0]LogMeshReduction: Using ProxyLODMeshReduction for automatic mesh merging
[2019.02.13-21.52.56:718][  0]LogMeshReduction: Using QuadricMeshReduction for automatic static mesh reduction
[2019.02.13-21.52.56:718][  0]LogMeshReduction: No automatic skeletal mesh reduction module available
[2019.02.13-21.52.56:728][  0]LogNetVersion: HSPGame 1.0.0, NetCL: 4541578, EngineNetVer: 5, GameNetVer: 0 (Checksum: 2893343623)
[2019.02.13-21.52.57:110][  0]LogPackageLocalizationCache: Processed 11 localized package path(s) for 2 prioritized culture(s) in 0.079078 seconds
[2019.02.13-21.52.57:115][  0]LogUObjectArray: 39775 objects as part of root set at end of initial load.
[2019.02.13-21.52.57:115][  0]LogUObjectAllocator: 6914656 out of 0 bytes used by permanent object pool.
[2019.02.13-21.52.57:115][  0]LogUObjectArray: CloseDisregardForGC: 0/0 objects in disregard for GC pool
[2019.02.13-21.52.57:967][  0]LogTcpMessaging: Initializing TcpMessaging bridge
[2019.02.13-21.52.57:985][  0]LogUdpMessaging: Initializing bridge on interface 0.0.0.0:0 to multicast group 230.0.0.1:6666.
[2019.02.13-21.52.58:599][  0]SourceControl: Source control is disabled
[2019.02.13-21.52.58:600][  0]SourceControl: Source control is disabled
[2019.02.13-21.52.58:610][  0]SourceControl: Source control is disabled
[2019.02.13-21.52.58:615][  0]SourceControl: Source control is disabled
[2019.02.13-21.52.58:939][  0]LogAndroidPermission: UAndroidPermissionCallbackProxy::GetInstance
[2019.02.13-21.52.59:131][  0]LogOcInput: OculusInput pre-init called
[2019.02.13-21.52.59:280][  0]LogEngine: Initializing Engine...
[2019.02.13-21.52.59:281][  0]LogHMD: Failed to initialize OpenVR with code 110
[2019.02.13-21.52.59:282][  0]LogStats: UGameplayTagsManager::ConstructGameplayTagTree: ImportINI prefixes -  0.000 s
[2019.02.13-21.52.59:282][  0]LogStats: UGameplayTagsManager::ConstructGameplayTagTree: Construct from data asset -  0.000 s
[2019.02.13-21.52.59:282][  0]LogStats: UGameplayTagsManager::ConstructGameplayTagTree: ImportINI -  0.000 s
[2019.02.13-21.52.59:282][  0]LogStats: UGameplayTagsManager::ConstructGameplayTagTree: GameplayTagTreeChangedEvent.Broadcast -  0.000 s
[2019.02.13-21.52.59:457][  0]LogInit: Initializing FReadOnlyCVARCache
[2019.02.13-21.52.59:473][  0]LogAIModule: Creating AISystem for world Untitled
[2019.02.13-21.52.59:530][  0]LogInit: XAudio2 using 'Speakers (Realtek(R) Audio)' : 2 channels at 48 kHz using 32 bits per sample (channel mask 0x3)
[2019.02.13-21.52.59:565][  0]LogInit: FAudioDevice initialized.
[2019.02.13-21.52.59:566][  0]LogNetVersion: Set ProjectVersion to 1.0.0.0. Version Checksum will be recalculated on next use.
[2019.02.13-21.52.59:606][  0]LogDerivedDataCache: Saved boot cache 0.04s 71MB C:/Users/gosus/AppData/Local/UnrealEngine/4.21/DerivedDataCache/Boot.ddc.
[2019.02.13-21.52.59:609][  0]LogInit: Texture streaming: Enabled
[2019.02.13-21.52.59:641][  0]LogEngineSessionManager: EngineSessionManager initialized
[2019.02.13-21.52.59:641][  0]LogEngineSessionManager: EngineSessionManager sent abnormal shutdown report. Type=Debugger, SessionId={EFF58356-4DE5-85B6-75A2-01BC96B1F4D2}
[2019.02.13-21.52.59:652][  0]LogInit: Transaction tracking system initialized
[2019.02.13-21.52.59:690][  0]BlueprintLog: New page: Editor Load
[2019.02.13-21.52.59:840][  0]LocalizationService: Localization service is disabled
[2019.02.13-21.53.00:305][  0]LogFileCache: Scanning file cache for directory 'C:/Users/gosus/Documents/CP-School/SeniorProject/gitRepos/Senior-Project-Prototype3/HSPGame/Content/' took 0.02s
[2019.02.13-21.53.00:305][  0]LogCook: Display: Max memory allowance for cook 16384mb min free memory 0mb
[2019.02.13-21.53.00:305][  0]LogCook: Display: Mobile HDR setting 1
[2019.02.13-21.53.00:305][  0]LogGameplayTags: Display: UGameplayTagsManager::DoneAddingNativeTags. DelegateIsBound: 0
[2019.02.13-21.53.00:305][  0]LogStats: UGameplayTagsManager::ConstructGameplayTagTree: ImportINI prefixes -  0.000 s
[2019.02.13-21.53.00:305][  0]LogStats: UGameplayTagsManager::ConstructGameplayTagTree: Construct from data asset -  0.000 s
[2019.02.13-21.53.00:306][  0]LogStats: UGameplayTagsManager::ConstructGameplayTagTree: ImportINI -  0.000 s
[2019.02.13-21.53.00:306][  0]LogStats: UGameplayTagsManager::ConstructGameplayTagTree: GameplayTagTreeChangedEvent.Broadcast -  0.000 s
[2019.02.13-21.53.00:535][  0]SourceControl: Source control is disabled
[2019.02.13-21.53.00:535][  0]Cmd: MAP LOAD FILE="C:/Users/gosus/Documents/CP-School/SeniorProject/gitRepos/Senior-Project-Prototype3/HSPGame/Content/StarterContent/Maps/Minimal_Default.umap" TEMPLATE=0 SHOWPROGRESS=1 FEATURELEVEL=3
[2019.02.13-21.53.00:536][  0]LightingResults: New page: Lighting Build
[2019.02.13-21.53.00:538][  0]MapCheck: New page: Map Check
[2019.02.13-21.53.00:538][  0]LightingResults: New page: Lighting Build
[2019.02.13-21.53.00:614][  0]LogLinker: Warning: Can't find file '/Game/StarterContent/Maps/Minimal_Default_BuiltData'
[2019.02.13-21.53.00:614][  0]LogLinker: Warning: Can't find file for asset '/Game/StarterContent/Maps/Minimal_Default_BuiltData' while loading C:/Users/gosus/Documents/CP-School/SeniorProject/gitRepos/Senior-Project-Prototype3/HSPGame/Content/StarterContent/Maps/Minimal_Default.umap.
[2019.02.13-21.53.00:614][  0]LoadErrors: Error: /Game/StarterContent/Maps/Minimal_Default : Can't find file for asset. /Game/StarterContent/Maps/Minimal_Default_BuiltData
[2019.02.13-21.53.00:636][  0]LogLinker: Warning: Can't find file '/Game/StarterContent/Maps/Minimal_Default_BuiltData'
[2019.02.13-21.53.00:637][  0]LogLinker: Warning: Can't find file for asset '/Game/StarterContent/Maps/Minimal_Default_BuiltData' while loading C:/Users/gosus/Documents/CP-School/SeniorProject/gitRepos/Senior-Project-Prototype3/HSPGame/Content/StarterContent/Maps/Minimal_Default.umap.
[2019.02.13-21.53.00:637][  0]LoadErrors: Error: /Game/StarterContent/Maps/Minimal_Default : Can't find file for asset. /Game/StarterContent/Maps/Minimal_Default_BuiltData
[2019.02.13-21.53.00:647][  0]LogLinker: Warning: Can't find file '/Game/StarterContent/Maps/Minimal_Default_BuiltData'
[2019.02.13-21.53.00:647][  0]LogLinker: Warning: Can't find file for asset '/Game/StarterContent/Maps/Minimal_Default_BuiltData' while loading NULL.
[2019.02.13-21.53.00:648][  0]LogLinker: Warning: Can't find file '/Game/StarterContent/Maps/Minimal_Default_BuiltData'
[2019.02.13-21.53.00:648][  0]LogLinker: Warning: Can't find file for asset '/Game/StarterContent/Maps/Minimal_Default_BuiltData' while loading NULL.
[2019.02.13-21.53.00:719][  0]LogLinker: Warning: Can't find file '/Game/StarterContent/Maps/Minimal_Default_BuiltData'
[2019.02.13-21.53.00:720][  0]LoadErrors: Failed to load /Game/StarterContent/Maps/Minimal_Default_BuiltData.Minimal_Default_BuiltData Referenced by PersistentLevel
[2019.02.13-21.53.00:720][  0]LogLinker: Warning: Can't find file for asset '/Game/StarterContent/Maps/Minimal_Default_BuiltData' while loading NULL.
[2019.02.13-21.53.00:720][  0]LoadErrors: Failed to load /Game/StarterContent/Maps/Minimal_Default_BuiltData.Minimal_Default_BuiltData Referenced by PersistentLevel
[2019.02.13-21.53.00:858][  0]LogAIModule: Creating AISystem for world Minimal_Default
[2019.02.13-21.53.00:933][  0]LogEditorServer: Finished looking for orphan Actors (0.000 secs)
[2019.02.13-21.53.00:951][  0]Cmd: MAP CHECKDEP NOCLEARLOG
[2019.02.13-21.53.00:951][  0]MapCheck: Map check complete: 0 Error(s), 0 Warning(s), took 0.101ms to complete.
[2019.02.13-21.53.00:952][  0]LogFileHelpers: Loading map 'Minimal_Default' took 0.416
[2019.02.13-21.53.01:055][  0]LogSlate: Updating window title bar state: overlay mode, drag disabled, window buttons hidden, title bar hidden
[2019.02.13-21.53.01:061][  0]LogSlate: Updating window title bar state: overlay mode, drag disabled, window buttons hidden, title bar hidden
[2019.02.13-21.53.01:067][  0]LogSlate: Updating window title bar state: overlay mode, drag disabled, window buttons hidden, title bar hidden
[2019.02.13-21.53.01:073][  0]LogSlate: Updating window title bar state: overlay mode, drag disabled, window buttons hidden, title bar hidden
[2019.02.13-21.53.01:080][  0]LogCollectionManager: Loaded 0 collections in 0.001332 seconds
[2019.02.13-21.53.01:096][  0]LogFileCache: Scanning file cache for directory 'C:/Users/gosus/Documents/CP-School/SeniorProject/gitRepos/Senior-Project-Prototype3/HSPGame/Saved/Collections/' took 0.01s
[2019.02.13-21.53.01:097][  0]LogFileCache: Scanning file cache for directory 'C:/Users/gosus/Documents/CP-School/SeniorProject/gitRepos/Senior-Project-Prototype3/HSPGame/Content/Developers/gosus/Collections/' took 0.00s
[2019.02.13-21.53.01:097][  0]LogFileCache: Scanning file cache for directory 'C:/Users/gosus/Documents/CP-School/SeniorProject/gitRepos/Senior-Project-Prototype3/HSPGame/Content/Collections/' took 0.00s
[2019.02.13-21.53.01:097][  0]LogCollectionManager: Rebuilt the GUID cache for 0 collections in 0.000000 seconds
[2019.02.13-21.53.01:103][  0]LogContentBrowser: Native class hierarchy populated in 0.0065 seconds. Added 2654 classes and 622 folders.
[2019.02.13-21.53.01:107][  0]LogContentBrowser: Native class hierarchy updated for 'WidgetCarousel' in 0.0003 seconds. Added 0 classes and 0 folders.
[2019.02.13-21.53.01:108][  0]LogPakFile: Registered encryption key '00000000000000000000000000000000': 0 pak files mounted, 0 remain pending
[2019.02.13-21.53.01:109][  0]LogPakFile: Registered encryption key '00000000000000000000000000000000': 0 pak files mounted, 0 remain pending
[2019.02.13-21.53.01:109][  0]LogPakFile: Registered encryption key '00000000000000000000000000000000': 0 pak files mounted, 0 remain pending
[2019.02.13-21.53.01:110][  0]LogPakFile: Registered encryption key '00000000000000000000000000000000': 0 pak files mounted, 0 remain pending
[2019.02.13-21.53.01:110][  0]LogPakFile: Registered encryption key '00000000000000000000000000000000': 0 pak files mounted, 0 remain pending
[2019.02.13-21.53.01:110][  0]LogPakFile: Registered encryption key '00000000000000000000000000000000': 0 pak files mounted, 0 remain pending
[2019.02.13-21.53.01:111][  0]LogPakFile: Registered encryption key '00000000000000000000000000000000': 0 pak files mounted, 0 remain pending
[2019.02.13-21.53.01:111][  0]LogPakFile: Registered encryption key '00000000000000000000000000000000': 0 pak files mounted, 0 remain pending
[2019.02.13-21.53.01:111][  0]LogPakFile: Registered encryption key '00000000000000000000000000000000': 0 pak files mounted, 0 remain pending
[2019.02.13-21.53.01:112][  0]LogPakFile: Registered encryption key '00000000000000000000000000000000': 0 pak files mounted, 0 remain pending
[2019.02.13-21.53.01:112][  0]LogPakFile: Registered encryption key '00000000000000000000000000000000': 0 pak files mounted, 0 remain pending
[2019.02.13-21.53.01:112][  0]LogPakFile: Registered encryption key '00000000000000000000000000000000': 0 pak files mounted, 0 remain pending
[2019.02.13-21.53.01:113][  0]LogPakFile: Registered encryption key '00000000000000000000000000000000': 0 pak files mounted, 0 remain pending
[2019.02.13-21.53.01:113][  0]LogPakFile: Registered encryption key '00000000000000000000000000000000': 0 pak files mounted, 0 remain pending
[2019.02.13-21.53.01:113][  0]LogPakFile: Registered encryption key '00000000000000000000000000000000': 0 pak files mounted, 0 remain pending
[2019.02.13-21.53.01:114][  0]LogPakFile: Registered encryption key '00000000000000000000000000000000': 0 pak files mounted, 0 remain pending
[2019.02.13-21.53.01:114][  0]LogPakFile: Registered encryption key '00000000000000000000000000000000': 0 pak files mounted, 0 remain pending
[2019.02.13-21.53.01:114][  0]LogPakFile: Registered encryption key '00000000000000000000000000000000': 0 pak files mounted, 0 remain pending
[2019.02.13-21.53.01:115][  0]LogPakFile: Registered encryption key '00000000000000000000000000000000': 0 pak files mounted, 0 remain pending
[2019.02.13-21.53.01:115][  0]LogPakFile: Registered encryption key '00000000000000000000000000000000': 0 pak files mounted, 0 remain pending
[2019.02.13-21.53.01:115][  0]LogPakFile: Registered encryption key '00000000000000000000000000000000': 0 pak files mounted, 0 remain pending
[2019.02.13-21.53.01:116][  0]LogPakFile: Registered encryption key '00000000000000000000000000000000': 0 pak files mounted, 0 remain pending
[2019.02.13-21.53.01:116][  0]LogPakFile: Registered encryption key '00000000000000000000000000000000': 0 pak files mounted, 0 remain pending
[2019.02.13-21.53.01:117][  0]LogPakFile: Registered encryption key '00000000000000000000000000000000': 0 pak files mounted, 0 remain pending
[2019.02.13-21.53.01:117][  0]LogPakFile: Registered encryption key '00000000000000000000000000000000': 0 pak files mounted, 0 remain pending
[2019.02.13-21.53.01:117][  0]LogPakFile: Registered encryption key '00000000000000000000000000000000': 0 pak files mounted, 0 remain pending
[2019.02.13-21.53.01:137][  0]LogContentBrowser: Native class hierarchy updated for 'AddContentDialog' in 0.0003 seconds. Added 0 classes and 0 folders.
[2019.02.13-21.53.01:146][  0]LogContentBrowser: Native class hierarchy updated for 'SceneOutliner' in 0.0003 seconds. Added 1 classes and 2 folders.
[2019.02.13-21.53.01:201][  0]LogSlate: Took 0.000130 seconds to synchronously load lazily loaded font '../../../Engine/Content/Slate/Fonts/Roboto-Regular.ttf' (155K)
[2019.02.13-21.53.01:203][  0]LogSlate: Took 0.000127 seconds to synchronously load lazily loaded font '../../../Engine/Content/Slate/Fonts/Roboto-Bold.ttf' (160K)
[2019.02.13-21.53.01:207][  0]LogSlate: Took 0.000116 seconds to synchronously load lazily loaded font '../../../Engine/Content/Editor/Slate/Fonts/FontAwesome.ttf' (139K)
[2019.02.13-21.53.01:268][  0]LogRenderer: Reallocating scene render targets to support 1644x884 Format 10 NumSamples 1 (Frame:1).
[2019.02.13-21.53.01:365][  0]LogContentBrowser: Native class hierarchy updated for 'HierarchicalLODOutliner' in 0.0003 seconds. Added 0 classes and 0 folders.
[2019.02.13-21.53.01:365][  0]LogLoad: (Engine Initialization) Total time: 8.98 seconds
[2019.02.13-21.53.01:365][  0]LogLoad: (Engine Initialization) Total Blueprint compile time: 0.00 seconds
[2019.02.13-21.53.01:432][  0]LogContentStreaming: Texture pool size now 1000 MB
[2019.02.13-21.53.01:435][  0]LogSlate: FSceneViewport::OnFocusLost() reason 2
[2019.02.13-21.53.01:481][  1]LogAssetRegistry: Asset discovery search completed in 5.2052 seconds
[2019.02.13-21.53.01:483][  1]LogCollectionManager: Rebuilt the object cache for 0 collections in 0.000000 seconds (found 0 objects)
[2019.02.13-21.53.01:483][  1]LogCollectionManager: Fixed up redirectors for 0 collections in 0.000137 seconds (updated 0 objects)
[2019.02.13-21.53.03:678][254]LogSlate: Window 'Message Log' being destroyed
[2019.02.13-21.53.03:681][254]LogSlate: Window 'Message Log' being destroyed
[2019.02.13-21.53.11:659][195]LogEditorViewport: Clicking on Actor (LMB): BP_ProtagClass_C (BP_ProtagClass)
[2019.02.13-21.53.28:152][448]LogSlate: FSceneViewport::OnFocusLost() reason 0
[2019.02.13-21.53.28:410][448]Candidate modules for hot reload:
[2019.02.13-21.53.28:410][448]  HSPGame
[2019.02.13-21.53.28:410][448]Launching UnrealBuildTool... [G:/Games/Epic/Games/UE_4.21/Engine/Binaries/DotNET/UnrealBuildTool.exe  -ModuleWithSuffix=HSPGame,8830 Win64 Development -TargetType=Editor -Project="C:/Users/gosus/Documents/CP-School/SeniorProject/gitRepos/Senior-Project-Prototype3/HSPGame/HSPGame.uproject" -canskiplink "C:/Users/gosus/Documents/CP-School/SeniorProject/gitRepos/Senior-Project-Prototype3/HSPGame/HSPGame.uproject" ]
[2019.02.13-21.53.28:413][448]Warning: Starting HotReload took  0.0s.
[2019.02.13-21.53.29:099][519]LogSlate: Took 0.009391 seconds to synchronously load lazily loaded font '../../../Engine/Content/Slate/Fonts/Roboto-Italic.ttf' (157K)
[2019.02.13-21.53.34:186][ 91]CompilerResultsLog: New page: Compilation - Feb 13, 2019, 5:53:34 AM
[2019.02.13-21.53.34:187][ 91]CompilerResultsLog: Using 'git status' to determine working set for adaptive non-unity build (C:\Users\gosus\Documents\CP-School\SeniorProject\gitRepos\Senior-Project-Prototype3).
[2019.02.13-21.53.34:187][ 91]CompilerResultsLog: Creating makefile for hot reloading HSPGameEditor (source directory changed)
[2019.02.13-21.53.34:187][ 91]CompilerResultsLog: Compiling game modules for hot reload
[2019.02.13-21.53.34:187][ 91]CompilerResultsLog: Using Visual Studio 2017 14.16.27023 toolchain (C:\Program Files (x86)\Microsoft Visual Studio\2017\Community\VC\Tools\MSVC\14.16.27023) and Windows 10.0.17763.0 SDK (C:\Program Files (x86)\Windows Kits\10).
[2019.02.13-21.53.34:187][ 91]CompilerResultsLog: Building 3 actions with 8 processes...
[2019.02.13-21.53.34:187][ 91]CompilerResultsLog:   [1/3] ProtagClass.cpp
[2019.02.13-21.53.34:187][ 91]CompilerResultsLog:    C:\Users\gosus\Documents\CP-School\SeniorProject\gitRepos\Senior-Project-Prototype3\HSPGame\Source\HSPGame\ProtagClass.cpp(29) : error C2059: syntax error: '='
[2019.02.13-21.53.34:187][ 91]CompilerResultsLog: ERROR: UBT ERROR: Failed to produce item: C:\Users\gosus\Documents\CP-School\SeniorProject\gitRepos\Senior-Project-Prototype3\HSPGame\Binaries\Win64\UE4Editor-HSPGame-8830.dll
[2019.02.13-21.53.34:187][ 91]CompilerResultsLog:        (see ../Programs/UnrealBuildTool/Log.txt for full exception trace)
[2019.02.13-21.53.34:187][ 91]CompilerResultsLog: Total build time: 5.54 seconds (Parallel executor: 0.00 seconds)
[2019.02.13-21.53.34:187][ 91]LogMainFrame: MainFrame: Module compiling took 5.780 seconds
[2019.02.13-21.53.34:187][ 91]Warning: HotReload failed, recompile failed
[2019.02.13-21.53.41:259][927]LogSlate: Window 'Message Log' being destroyed
[2019.02.13-21.53.41:262][927]LogSlate: Window 'Message Log' being destroyed
[2019.02.13-21.53.47:595][171]Candidate modules for hot reload:
[2019.02.13-21.53.47:595][171]  HSPGame
[2019.02.13-21.53.47:596][171]Launching UnrealBuildTool... [G:/Games/Epic/Games/UE_4.21/Engine/Binaries/DotNET/UnrealBuildTool.exe  -ModuleWithSuffix=HSPGame,2853 Win64 Development -TargetType=Editor -Project="C:/Users/gosus/Documents/CP-School/SeniorProject/gitRepos/Senior-Project-Prototype3/HSPGame/HSPGame.uproject" -canskiplink "C:/Users/gosus/Documents/CP-School/SeniorProject/gitRepos/Senior-Project-Prototype3/HSPGame/HSPGame.uproject" ]
[2019.02.13-21.53.47:598][171]Warning: Starting HotReload took  0.0s.
[2019.02.13-21.53.53:926][896]CompilerResultsLog: New page: Compilation - Feb 13, 2019, 5:53:53 AM
[2019.02.13-21.53.53:926][896]CompilerResultsLog: Using 'git status' to determine working set for adaptive non-unity build (C:\Users\gosus\Documents\CP-School\SeniorProject\gitRepos\Senior-Project-Prototype3).
[2019.02.13-21.53.53:926][896]CompilerResultsLog: Creating makefile for hot reloading HSPGameEditor (source directory changed)
[2019.02.13-21.53.53:926][896]CompilerResultsLog: Compiling game modules for hot reload
[2019.02.13-21.53.53:926][896]CompilerResultsLog: Using Visual Studio 2017 14.16.27023 toolchain (C:\Program Files (x86)\Microsoft Visual Studio\2017\Community\VC\Tools\MSVC\14.16.27023) and Windows 10.0.17763.0 SDK (C:\Program Files (x86)\Windows Kits\10).
[2019.02.13-21.53.53:926][896]CompilerResultsLog: Building 3 actions with 8 processes...
[2019.02.13-21.53.53:926][896]CompilerResultsLog:   [1/3] ProtagClass.cpp
[2019.02.13-21.53.53:926][896]CompilerResultsLog:   [2/3] UE4Editor-HSPGame-2853.lib
[2019.02.13-21.53.53:926][896]CompilerResultsLog:      Creating library C:\Users\gosus\Documents\CP-School\SeniorProject\gitRepos\Senior-Project-Prototype3\HSPGame\Intermediate\Build\Win64\UE4Editor\Development\HSPGame\UE4Editor-HSPGame-2853.lib and object C:\Users\gosus\Documents\CP-School\SeniorProject\gitRepos\Senior-Project-Prototype3\HSPGame\Intermediate\Build\Win64\UE4Editor\Development\HSPGame\UE4Editor-HSPGame-2853.exp
[2019.02.13-21.53.53:926][896]CompilerResultsLog:   [3/3] UE4Editor-HSPGame-2853.dll
[2019.02.13-21.53.53:926][896]CompilerResultsLog:      Creating library C:\Users\gosus\Documents\CP-School\SeniorProject\gitRepos\Senior-Project-Prototype3\HSPGame\Intermediate\Build\Win64\UE4Editor\Development\HSPGame\UE4Editor-HSPGame-2853.suppressed.lib and object C:\Users\gosus\Documents\CP-School\SeniorProject\gitRepos\Senior-Project-Prototype3\HSPGame\Intermediate\Build\Win64\UE4Editor\Development\HSPGame\UE4Editor-HSPGame-2853.suppressed.exp
[2019.02.13-21.53.53:927][896]CompilerResultsLog: Total build time: 6.11 seconds (Parallel executor: 1.70 seconds)
[2019.02.13-21.53.53:927][896]LogMainFrame: MainFrame: Module compiling took 6.333 seconds
[2019.02.13-21.53.53:970][896]LogContentBrowser: Native class hierarchy updated for 'HSPGame' in 0.0003 seconds. Added 3 classes and 2 folders.
[2019.02.13-21.53.53:972][896]Display: HotReload successful (0 functions remapped  0 scriptstructs remapped)
[2019.02.13-21.53.54:088][896]LogContentBrowser: Native class hierarchy populated in 0.0081 seconds. Added 2655 classes and 624 folders.
[2019.02.13-21.53.54:095][896]Display: HotReload took  6.5s.
[2019.02.13-21.54.19:143][113]Candidate modules for hot reload:
[2019.02.13-21.54.19:144][113]  HSPGame
[2019.02.13-21.54.19:144][113]Launching UnrealBuildTool... [G:/Games/Epic/Games/UE_4.21/Engine/Binaries/DotNET/UnrealBuildTool.exe  -ModuleWithSuffix=HSPGame,9260 Win64 Development -TargetType=Editor -Project="C:/Users/gosus/Documents/CP-School/SeniorProject/gitRepos/Senior-Project-Prototype3/HSPGame/HSPGame.uproject" -canskiplink "C:/Users/gosus/Documents/CP-School/SeniorProject/gitRepos/Senior-Project-Prototype3/HSPGame/HSPGame.uproject" ]
[2019.02.13-21.54.19:146][113]Warning: Starting HotReload took  0.0s.
[2019.02.13-21.54.24:507][718]CompilerResultsLog: New page: Compilation - Feb 13, 2019, 5:54:24 AM
[2019.02.13-21.54.24:508][718]CompilerResultsLog: Using 'git status' to determine working set for adaptive non-unity build (C:\Users\gosus\Documents\CP-School\SeniorProject\gitRepos\Senior-Project-Prototype3).
[2019.02.13-21.54.24:508][718]CompilerResultsLog: Creating makefile for hot reloading HSPGameEditor (source directory changed)
[2019.02.13-21.54.24:508][718]CompilerResultsLog: Compiling game modules for hot reload
[2019.02.13-21.54.24:508][718]CompilerResultsLog: Using Visual Studio 2017 14.16.27023 toolchain (C:\Program Files (x86)\Microsoft Visual Studio\2017\Community\VC\Tools\MSVC\14.16.27023) and Windows 10.0.17763.0 SDK (C:\Program Files (x86)\Windows Kits\10).
[2019.02.13-21.54.24:508][718]CompilerResultsLog: Building 3 actions with 8 processes...
[2019.02.13-21.54.24:508][718]CompilerResultsLog:   [1/3] ProtagClass.cpp
[2019.02.13-21.54.24:508][718]CompilerResultsLog:    C:\Users\gosus\Documents\CP-School\SeniorProject\gitRepos\Senior-Project-Prototype3\HSPGame\Source\HSPGame\ProtagClass.cpp(93) : error C2059: syntax error: '='
[2019.02.13-21.54.24:508][718]CompilerResultsLog:    C:\Users\gosus\Documents\CP-School\SeniorProject\gitRepos\Senior-Project-Prototype3\HSPGame\Source\HSPGame\ProtagClass.cpp(100) : error C2059: syntax error: '='
[2019.02.13-21.54.24:508][718]CompilerResultsLog:    C:\Users\gosus\Documents\CP-School\SeniorProject\gitRepos\Senior-Project-Prototype3\HSPGame\Source\HSPGame\ProtagClass.cpp(107) : error C2059: syntax error: '='
[2019.02.13-21.54.24:508][718]CompilerResultsLog: ERROR: UBT ERROR: Failed to produce item: C:\Users\gosus\Documents\CP-School\SeniorProject\gitRepos\Senior-Project-Prototype3\HSPGame\Binaries\Win64\UE4Editor-HSPGame-9260.dll
[2019.02.13-21.54.24:509][718]CompilerResultsLog:        (see ../Programs/UnrealBuildTool/Log.txt for full exception trace)
[2019.02.13-21.54.24:509][718]CompilerResultsLog: Total build time: 5.14 seconds (Parallel executor: 0.00 seconds)
[2019.02.13-21.54.24:509][718]LogMainFrame: MainFrame: Module compiling took 5.367 seconds
[2019.02.13-21.54.24:509][718]Warning: HotReload failed, recompile failed
[2019.02.13-21.54.37:834][129]Candidate modules for hot reload:
[2019.02.13-21.54.37:834][129]  HSPGame
[2019.02.13-21.54.37:835][129]Launching UnrealBuildTool... [G:/Games/Epic/Games/UE_4.21/Engine/Binaries/DotNET/UnrealBuildTool.exe  -ModuleWithSuffix=HSPGame,3673 Win64 Development -TargetType=Editor -Project="C:/Users/gosus/Documents/CP-School/SeniorProject/gitRepos/Senior-Project-Prototype3/HSPGame/HSPGame.uproject" -canskiplink "C:/Users/gosus/Documents/CP-School/SeniorProject/gitRepos/Senior-Project-Prototype3/HSPGame/HSPGame.uproject" ]
[2019.02.13-21.54.37:837][129]Warning: Starting HotReload took  0.0s.
[2019.02.13-21.54.40:205][371]LogSlate: Window 'Message Log' being destroyed
[2019.02.13-21.54.40:208][371]LogSlate: Window 'Message Log' being destroyed
[2019.02.13-21.54.44:172][819]CompilerResultsLog: New page: Compilation - Feb 13, 2019, 5:54:44 AM
[2019.02.13-21.54.44:172][819]CompilerResultsLog: Using 'git status' to determine working set for adaptive non-unity build (C:\Users\gosus\Documents\CP-School\SeniorProject\gitRepos\Senior-Project-Prototype3).
[2019.02.13-21.54.44:172][819]CompilerResultsLog: Creating makefile for hot reloading HSPGameEditor (source directory changed)
[2019.02.13-21.54.44:172][819]CompilerResultsLog: Compiling game modules for hot reload
[2019.02.13-21.54.44:172][819]CompilerResultsLog: Using Visual Studio 2017 14.16.27023 toolchain (C:\Program Files (x86)\Microsoft Visual Studio\2017\Community\VC\Tools\MSVC\14.16.27023) and Windows 10.0.17763.0 SDK (C:\Program Files (x86)\Windows Kits\10).
[2019.02.13-21.54.44:172][819]CompilerResultsLog: Building 3 actions with 8 processes...
[2019.02.13-21.54.44:172][819]CompilerResultsLog:   [1/3] ProtagClass.cpp
[2019.02.13-21.54.44:172][819]CompilerResultsLog:   [2/3] UE4Editor-HSPGame-3673.lib
[2019.02.13-21.54.44:172][819]CompilerResultsLog:      Creating library C:\Users\gosus\Documents\CP-School\SeniorProject\gitRepos\Senior-Project-Prototype3\HSPGame\Intermediate\Build\Win64\UE4Editor\Development\HSPGame\UE4Editor-HSPGame-3673.lib and object C:\Users\gosus\Documents\CP-School\SeniorProject\gitRepos\Senior-Project-Prototype3\HSPGame\Intermediate\Build\Win64\UE4Editor\Development\HSPGame\UE4Editor-HSPGame-3673.exp
[2019.02.13-21.54.44:173][819]CompilerResultsLog:   [3/3] UE4Editor-HSPGame-3673.dll
[2019.02.13-21.54.44:173][819]CompilerResultsLog:      Creating library C:\Users\gosus\Documents\CP-School\SeniorProject\gitRepos\Senior-Project-Prototype3\HSPGame\Intermediate\Build\Win64\UE4Editor\Development\HSPGame\UE4Editor-HSPGame-3673.suppressed.lib and object C:\Users\gosus\Documents\CP-School\SeniorProject\gitRepos\Senior-Project-Prototype3\HSPGame\Intermediate\Build\Win64\UE4Editor\Development\HSPGame\UE4Editor-HSPGame-3673.suppressed.exp
[2019.02.13-21.54.44:173][819]CompilerResultsLog: Total build time: 6.13 seconds (Parallel executor: 1.69 seconds)
[2019.02.13-21.54.44:173][819]LogMainFrame: MainFrame: Module compiling took 6.340 seconds
[2019.02.13-21.54.44:213][819]LogContentBrowser: Native class hierarchy updated for 'HSPGame' in 0.0003 seconds. Added 3 classes and 2 folders.
[2019.02.13-21.54.44:215][819]Display: HotReload successful (0 functions remapped  0 scriptstructs remapped)
[2019.02.13-21.54.44:260][819]LogContentBrowser: Native class hierarchy populated in 0.0061 seconds. Added 2655 classes and 624 folders.
[2019.02.13-21.54.44:261][819]Display: HotReload took  6.4s.
[2019.02.13-21.55.10:331][161]Candidate modules for hot reload:
[2019.02.13-21.55.10:331][161]  HSPGame
[2019.02.13-21.55.10:331][161]Launching UnrealBuildTool... [G:/Games/Epic/Games/UE_4.21/Engine/Binaries/DotNET/UnrealBuildTool.exe  -ModuleWithSuffix=HSPGame,9819 Win64 Development -TargetType=Editor -Project="C:/Users/gosus/Documents/CP-School/SeniorProject/gitRepos/Senior-Project-Prototype3/HSPGame/HSPGame.uproject" -canskiplink "C:/Users/gosus/Documents/CP-School/SeniorProject/gitRepos/Senior-Project-Prototype3/HSPGame/HSPGame.uproject" ]
[2019.02.13-21.55.10:334][161]Warning: Starting HotReload took  0.0s.
[2019.02.13-21.55.22:927][504]CompilerResultsLog: New page: Compilation - Feb 13, 2019, 5:55:22 AM
[2019.02.13-21.55.22:927][504]CompilerResultsLog: Using 'git status' to determine working set for adaptive non-unity build (C:\Users\gosus\Documents\CP-School\SeniorProject\gitRepos\Senior-Project-Prototype3).
[2019.02.13-21.55.22:927][504]CompilerResultsLog: Creating makefile for hot reloading HSPGameEditor (source directory changed)
[2019.02.13-21.55.22:927][504]CompilerResultsLog: Compiling game modules for hot reload
[2019.02.13-21.55.22:927][504]CompilerResultsLog: Using Visual Studio 2017 14.16.27023 toolchain (C:\Program Files (x86)\Microsoft Visual Studio\2017\Community\VC\Tools\MSVC\14.16.27023) and Windows 10.0.17763.0 SDK (C:\Program Files (x86)\Windows Kits\10).
[2019.02.13-21.55.22:928][504]CompilerResultsLog: Parsing headers for HSPGameEditor
[2019.02.13-21.55.22:928][504]CompilerResultsLog:   Running UnrealHeaderTool "C:\Users\gosus\Documents\CP-School\SeniorProject\gitRepos\Senior-Project-Prototype3\HSPGame\HSPGame.uproject" "C:\Users\gosus\Documents\CP-School\SeniorProject\gitRepos\Senior-Project-Prototype3\HSPGame\Intermediate\Build\Win64\HSPGameEditor\Development\HSPGameEditor.uhtmanifest" -LogCmds="loginit warning, logexit warning, logdatabase error" -Unattended -WarningsAsErrors -installed
[2019.02.13-21.55.22:928][504]CompilerResultsLog: Reflection code generated for HSPGameEditor in 7.1366235 seconds
[2019.02.13-21.55.22:928][504]CompilerResultsLog: Building 4 actions with 8 processes...
[2019.02.13-21.55.22:928][504]CompilerResultsLog:   [1/4] ProtagClass.cpp
[2019.02.13-21.55.22:928][504]CompilerResultsLog:    C:\Users\gosus\Documents\CP-School\SeniorProject\gitRepos\Senior-Project-Prototype3\HSPGame\Source\HSPGame\ProtagClass.cpp(81) : error C2059: syntax error: '{'
[2019.02.13-21.55.22:928][504]CompilerResultsLog:    C:\Users\gosus\Documents\CP-School\SeniorProject\gitRepos\Senior-Project-Prototype3\HSPGame\Source\HSPGame\ProtagClass.cpp(81) : error C2143: syntax error: missing ';' before '{'
[2019.02.13-21.55.22:928][504]CompilerResultsLog:   [2/4] ProtagClass.gen.cpp
[2019.02.13-21.55.22:928][504]CompilerResultsLog: ERROR: UBT ERROR: Failed to produce item: C:\Users\gosus\Documents\CP-School\SeniorProject\gitRepos\Senior-Project-Prototype3\HSPGame\Binaries\Win64\UE4Editor-HSPGame-9819.dll
[2019.02.13-21.55.22:928][504]CompilerResultsLog:        (see ../Programs/UnrealBuildTool/Log.txt for full exception trace)
[2019.02.13-21.55.22:928][504]CompilerResultsLog: Total build time: 12.31 seconds (Parallel executor: 0.00 seconds)
[2019.02.13-21.55.22:928][504]LogMainFrame: MainFrame: Module compiling took 12.599 seconds
[2019.02.13-21.55.22:929][504]Warning: HotReload failed, recompile failed
[2019.02.13-21.55.26:581][668]LogVSAccessor: Warning: Couldn't goto line number '81' in 'C:\Users\gosus\Documents\CP-School\SeniorProject\gitRepos\Senior-Project-Prototype3\HSPGame\Source\HSPGame\ProtagClass.cpp'
[2019.02.13-21.55.49:209][809]LogSlate: Window 'Message Log' being destroyed
[2019.02.13-21.55.49:213][809]LogSlate: Window 'Message Log' being destroyed
[2019.02.13-21.55.50:108][883]Candidate modules for hot reload:
[2019.02.13-21.55.50:108][883]  HSPGame
[2019.02.13-21.55.50:108][883]Launching UnrealBuildTool... [G:/Games/Epic/Games/UE_4.21/Engine/Binaries/DotNET/UnrealBuildTool.exe  -ModuleWithSuffix=HSPGame,2137 Win64 Development -TargetType=Editor -Project="C:/Users/gosus/Documents/CP-School/SeniorProject/gitRepos/Senior-Project-Prototype3/HSPGame/HSPGame.uproject" -canskiplink "C:/Users/gosus/Documents/CP-School/SeniorProject/gitRepos/Senior-Project-Prototype3/HSPGame/HSPGame.uproject" ]
[2019.02.13-21.55.50:111][883]Warning: Starting HotReload took  0.0s.
[2019.02.13-21.55.55:373][472]CompilerResultsLog: New page: Compilation - Feb 13, 2019, 5:55:55 AM
[2019.02.13-21.55.55:373][472]CompilerResultsLog: Using 'git status' to determine working set for adaptive non-unity build (C:\Users\gosus\Documents\CP-School\SeniorProject\gitRepos\Senior-Project-Prototype3).
[2019.02.13-21.55.55:373][472]CompilerResultsLog: Creating makefile for hot reloading HSPGameEditor (source directory changed)
[2019.02.13-21.55.55:373][472]CompilerResultsLog: Compiling game modules for hot reload
[2019.02.13-21.55.55:373][472]CompilerResultsLog: Using Visual Studio 2017 14.16.27023 toolchain (C:\Program Files (x86)\Microsoft Visual Studio\2017\Community\VC\Tools\MSVC\14.16.27023) and Windows 10.0.17763.0 SDK (C:\Program Files (x86)\Windows Kits\10).
[2019.02.13-21.55.55:373][472]CompilerResultsLog: Building 3 actions with 8 processes...
[2019.02.13-21.55.55:373][472]CompilerResultsLog:   [1/3] ProtagClass.cpp
[2019.02.13-21.55.55:374][472]CompilerResultsLog:    C:\Users\gosus\Documents\CP-School\SeniorProject\gitRepos\Senior-Project-Prototype3\HSPGame\Source\HSPGame\ProtagClass.cpp(80) : error C2429: language feature 'init-statements in if/switch' requires compiler flag '/std:c++17'
[2019.02.13-21.55.55:374][472]CompilerResultsLog:    C:\Users\gosus\Documents\CP-School\SeniorProject\gitRepos\Senior-Project-Prototype3\HSPGame\Source\HSPGame\ProtagClass.cpp(80) : error C2059: syntax error: '=='
[2019.02.13-21.55.55:374][472]CompilerResultsLog:    C:\Users\gosus\Documents\CP-School\SeniorProject\gitRepos\Senior-Project-Prototype3\HSPGame\Source\HSPGame\ProtagClass.cpp(81) : error C2143: syntax error: missing ';' before '{'
[2019.02.13-21.55.55:374][472]CompilerResultsLog: ERROR: UBT ERROR: Failed to produce item: C:\Users\gosus\Documents\CP-School\SeniorProject\gitRepos\Senior-Project-Prototype3\HSPGame\Binaries\Win64\UE4Editor-HSPGame-2137.dll
[2019.02.13-21.55.55:374][472]CompilerResultsLog:        (see ../Programs/UnrealBuildTool/Log.txt for full exception trace)
[2019.02.13-21.55.55:374][472]CompilerResultsLog: Total build time: 5.03 seconds (Parallel executor: 0.00 seconds)
[2019.02.13-21.55.55:374][472]LogMainFrame: MainFrame: Module compiling took 5.267 seconds
[2019.02.13-21.55.55:374][472]Warning: HotReload failed, recompile failed
[2019.02.13-21.56.18:083][742]Candidate modules for hot reload:
[2019.02.13-21.56.18:083][742]  HSPGame
[2019.02.13-21.56.18:083][742]Launching UnrealBuildTool... [G:/Games/Epic/Games/UE_4.21/Engine/Binaries/DotNET/UnrealBuildTool.exe  -ModuleWithSuffix=HSPGame,8723 Win64 Development -TargetType=Editor -Project="C:/Users/gosus/Documents/CP-School/SeniorProject/gitRepos/Senior-Project-Prototype3/HSPGame/HSPGame.uproject" -canskiplink "C:/Users/gosus/Documents/CP-School/SeniorProject/gitRepos/Senior-Project-Prototype3/HSPGame/HSPGame.uproject" ]
[2019.02.13-21.56.18:085][742]Warning: Starting HotReload took  0.0s.
[2019.02.13-21.56.23:717][907]CompilerResultsLog: New page: Compilation - Feb 13, 2019, 5:56:23 AM
[2019.02.13-21.56.23:717][907]CompilerResultsLog: Using 'git status' to determine working set for adaptive non-unity build (C:\Users\gosus\Documents\CP-School\SeniorProject\gitRepos\Senior-Project-Prototype3).
[2019.02.13-21.56.23:717][907]CompilerResultsLog: Creating makefile for hot reloading HSPGameEditor (source directory changed)
[2019.02.13-21.56.23:717][907]CompilerResultsLog: Compiling game modules for hot reload
[2019.02.13-21.56.23:717][907]CompilerResultsLog: Using Visual Studio 2017 14.16.27023 toolchain (C:\Program Files (x86)\Microsoft Visual Studio\2017\Community\VC\Tools\MSVC\14.16.27023) and Windows 10.0.17763.0 SDK (C:\Program Files (x86)\Windows Kits\10).
[2019.02.13-21.56.23:717][907]CompilerResultsLog: Building 3 actions with 8 processes...
[2019.02.13-21.56.23:718][907]CompilerResultsLog:   [1/3] ProtagClass.cpp
[2019.02.13-21.56.23:718][907]CompilerResultsLog:   [2/3] UE4Editor-HSPGame-8723.lib
[2019.02.13-21.56.23:718][907]CompilerResultsLog:      Creating library C:\Users\gosus\Documents\CP-School\SeniorProject\gitRepos\Senior-Project-Prototype3\HSPGame\Intermediate\Build\Win64\UE4Editor\Development\HSPGame\UE4Editor-HSPGame-8723.lib and object C:\Users\gosus\Documents\CP-School\SeniorProject\gitRepos\Senior-Project-Prototype3\HSPGame\Intermediate\Build\Win64\UE4Editor\Development\HSPGame\UE4Editor-HSPGame-8723.exp
[2019.02.13-21.56.23:718][907]CompilerResultsLog:   [3/3] UE4Editor-HSPGame-8723.dll
[2019.02.13-21.56.23:718][907]CompilerResultsLog:      Creating library C:\Users\gosus\Documents\CP-School\SeniorProject\gitRepos\Senior-Project-Prototype3\HSPGame\Intermediate\Build\Win64\UE4Editor\Development\HSPGame\UE4Editor-HSPGame-8723.suppressed.lib and object C:\Users\gosus\Documents\CP-School\SeniorProject\gitRepos\Senior-Project-Prototype3\HSPGame\Intermediate\Build\Win64\UE4Editor\Development\HSPGame\UE4Editor-HSPGame-8723.suppressed.exp
[2019.02.13-21.56.23:718][907]CompilerResultsLog: Total build time: 5.33 seconds (Parallel executor: 1.42 seconds)
[2019.02.13-21.56.23:718][907]LogMainFrame: MainFrame: Module compiling took 5.638 seconds
[2019.02.13-21.56.23:768][907]LogContentBrowser: Native class hierarchy updated for 'HSPGame' in 0.0003 seconds. Added 3 classes and 2 folders.
[2019.02.13-21.56.23:770][907]Display: HotReload successful (0 functions remapped  0 scriptstructs remapped)
[2019.02.13-21.56.23:819][907]LogContentBrowser: Native class hierarchy populated in 0.0065 seconds. Added 2655 classes and 624 folders.
[2019.02.13-21.56.23:820][907]Display: HotReload took  5.7s.
[2019.02.13-21.56.28:057][ 39]LogSlate: Window 'Message Log' being destroyed
[2019.02.13-21.56.28:060][ 39]LogSlate: Window 'Message Log' being destroyed
[2019.02.13-21.56.29:014][152]LogTemp: Repeating last play command: Selected Viewport
[2019.02.13-21.56.29:027][152]LogBlueprintUserMessages: Early PlayInEditor Detection: Level '/Game/StarterContent/Maps/Minimal_Default.Minimal_Default:PersistentLevel' has LevelScriptBlueprint '/Game/StarterContent/Maps/Minimal_Default.Minimal_Default:PersistentLevel.Minimal_Default' with GeneratedClass '/Game/StarterContent/Maps/Minimal_Default.Minimal_Default_C' with ClassGeneratedBy '/Game/StarterContent/Maps/Minimal_Default.Minimal_Default:PersistentLevel.Minimal_Default'
[2019.02.13-21.56.29:027][152]LogPlayLevel: PlayLevel: No blueprints needed recompiling
[2019.02.13-21.56.29:027][152]PIE: New page: PIE session: Minimal_Default (Feb 13, 2019, 5:56:29 AM)
[2019.02.13-21.56.29:041][152]LogPlayLevel: Creating play world package: /Game/StarterContent/Maps/UEDPIE_0_Minimal_Default
[2019.02.13-21.56.29:118][152]LogPlayLevel: PIE: StaticDuplicateObject took: (0.076603s)
[2019.02.13-21.56.29:119][152]LogAIModule: Creating AISystem for world Minimal_Default
[2019.02.13-21.56.29:119][152]LogPlayLevel: PIE: World Init took: (0.000787s)
[2019.02.13-21.56.29:119][152]LogPlayLevel: PIE: Created PIE world by copying editor world from /Game/StarterContent/Maps/Minimal_Default.Minimal_Default to /Game/StarterContent/Maps/UEDPIE_0_Minimal_Default.Minimal_Default (0.077848s)
[2019.02.13-21.56.29:207][152]LogInit: XAudio2 using 'Speakers (Realtek(R) Audio)' : 2 channels at 48 kHz using 32 bits per sample (channel mask 0x3)
[2019.02.13-21.56.29:223][152]LogInit: FAudioDevice initialized.
[2019.02.13-21.56.29:276][152]LogLoad: Game class is 'BP_HSPGameGameModeBase_C'
[2019.02.13-21.56.29:282][152]LogWorld: Bringing World /Game/StarterContent/Maps/UEDPIE_0_Minimal_Default.Minimal_Default up for play (max tick rate 0) at 2019.02.13-13.56.29
[2019.02.13-21.56.29:283][152]LogWorld: Bringing up level for play took: 0.005909
[2019.02.13-21.56.29:312][152]LogContentBrowser: Native class hierarchy updated for 'MovieSceneCapture' in 0.0003 seconds. Added 20 classes and 0 folders.
[2019.02.13-21.56.29:313][152]PIE: Play in editor start time for /Game/StarterContent/Maps/UEDPIE_0_Minimal_Default 0.158
[2019.02.13-21.56.29:313][152]LogBlueprintUserMessages: Late PlayInEditor Detection: Level '/Game/StarterContent/Maps/Minimal_Default.Minimal_Default:PersistentLevel' has LevelScriptBlueprint '/Game/StarterContent/Maps/Minimal_Default.Minimal_Default:PersistentLevel.Minimal_Default' with GeneratedClass '/Game/StarterContent/Maps/Minimal_Default.Minimal_Default_C' with ClassGeneratedBy '/Game/StarterContent/Maps/Minimal_Default.Minimal_Default:PersistentLevel.Minimal_Default'
[2019.02.13-21.56.40:953][545]LogBlueprintUserMessages: Early EndPlayMap Detection: Level '/Game/StarterContent/Maps/Minimal_Default.Minimal_Default:PersistentLevel' has LevelScriptBlueprint '/Game/StarterContent/Maps/Minimal_Default.Minimal_Default:PersistentLevel.Minimal_Default' with GeneratedClass '/Game/StarterContent/Maps/Minimal_Default.Minimal_Default_C' with ClassGeneratedBy '/Game/StarterContent/Maps/Minimal_Default.Minimal_Default:PersistentLevel.Minimal_Default'
[2019.02.13-21.56.40:953][545]LogSlate: Updating window title bar state: overlay mode, drag disabled, window buttons hidden, title bar hidden
[2019.02.13-21.56.40:992][545]LogPlayLevel: Display: Shutting down PIE online subsystems
[2019.02.13-21.56.40:992][545]LogBlueprintUserMessages: Late EndPlayMap Detection: Level '/Game/StarterContent/Maps/Minimal_Default.Minimal_Default:PersistentLevel' has LevelScriptBlueprint '/Game/StarterContent/Maps/Minimal_Default.Minimal_Default:PersistentLevel.Minimal_Default' with GeneratedClass '/Game/StarterContent/Maps/Minimal_Default.Minimal_Default_C' with ClassGeneratedBy '/Game/StarterContent/Maps/Minimal_Default.Minimal_Default:PersistentLevel.Minimal_Default'
[2019.02.13-21.56.41:012][545]LogSlate: Updating window title bar state: overlay mode, drag disabled, window buttons hidden, title bar hidden
[2019.02.13-21.56.41:059][547]LogPlayLevel: Display: Destroying online subsystem :Context_2
[2019.02.13-21.57.25:655][796]LogSlate: FSceneViewport::OnFocusLost() reason 0
[2019.02.13-22.03.04:523][ 68]LogSlate: Took 0.000193 seconds to synchronously load lazily loaded font '../../../Engine/Content/Slate/Fonts/Roboto-Light.ttf' (167K)
[2019.02.13-22.07.01:907][219]LogSlate: FSceneViewport::OnFocusLost() reason 2
[2019.02.13-22.07.27:261][795]LogEditorViewport: Clicking on Actor (LMB): BP_ProtagClass_C (BP_ProtagClass)
[2019.02.13-22.07.32:199][308]LogSlate: FSceneViewport::OnFocusLost() reason 0
[2019.02.13-22.07.32:331][322]LogAssetEditorManager: Opening Asset editor for Blueprint /Game/Blueprints/BP_ProtagClass.BP_ProtagClass
[2019.02.13-22.07.32:800][322]LogContentBrowser: Native class hierarchy updated for 'BlueprintGraph' in 0.0005 seconds. Added 117 classes and 0 folders.
[2019.02.13-22.09.01:658][662]LogSlate: Window 'BP_ProtagClass' being destroyed
[2019.02.13-22.09.01:722][662]LogAssetEditorManager: Opening Asset editor for Blueprint /Game/Blueprints/BP_ProtagClass.BP_ProtagClass
[2019.02.13-22.09.01:982][662]LogSlate: Took 0.000238 seconds to synchronously load lazily loaded font '../../../Engine/Content/Slate/Fonts/Roboto-BoldCondensed.ttf' (158K)
[2019.02.13-22.18.55:846][147]Candidate modules for hot reload:
[2019.02.13-22.18.55:846][147]  HSPGame
[2019.02.13-22.18.55:846][147]Launching UnrealBuildTool... [G:/Games/Epic/Games/UE_4.21/Engine/Binaries/DotNET/UnrealBuildTool.exe  -ModuleWithSuffix=HSPGame,8169 Win64 Development -TargetType=Editor -Project="C:/Users/gosus/Documents/CP-School/SeniorProject/gitRepos/Senior-Project-Prototype3/HSPGame/HSPGame.uproject" -canskiplink "C:/Users/gosus/Documents/CP-School/SeniorProject/gitRepos/Senior-Project-Prototype3/HSPGame/HSPGame.uproject" ]
[2019.02.13-22.18.55:849][147]Warning: Starting HotReload took  0.0s.
[2019.02.13-22.19.13:580][427]CompilerResultsLog: New page: Compilation - Feb 13, 2019, 6:19:13 AM
[2019.02.13-22.19.13:580][427]CompilerResultsLog: Using 'git status' to determine working set for adaptive non-unity build (C:\Users\gosus\Documents\CP-School\SeniorProject\gitRepos\Senior-Project-Prototype3).
[2019.02.13-22.19.13:580][427]CompilerResultsLog: Creating makefile for hot reloading HSPGameEditor (source directory changed)
[2019.02.13-22.19.13:580][427]CompilerResultsLog: Compiling game modules for hot reload
[2019.02.13-22.19.13:580][427]CompilerResultsLog: Using Visual Studio 2017 14.16.27023 toolchain (C:\Program Files (x86)\Microsoft Visual Studio\2017\Community\VC\Tools\MSVC\14.16.27023) and Windows 10.0.17763.0 SDK (C:\Program Files (x86)\Windows Kits\10).
[2019.02.13-22.19.13:580][427]CompilerResultsLog: Parsing headers for HSPGameEditor
[2019.02.13-22.19.13:580][427]CompilerResultsLog:   Running UnrealHeaderTool "C:\Users\gosus\Documents\CP-School\SeniorProject\gitRepos\Senior-Project-Prototype3\HSPGame\HSPGame.uproject" "C:\Users\gosus\Documents\CP-School\SeniorProject\gitRepos\Senior-Project-Prototype3\HSPGame\Intermediate\Build\Win64\HSPGameEditor\Development\HSPGameEditor.uhtmanifest" -LogCmds="loginit warning, logexit warning, logdatabase error" -Unattended -WarningsAsErrors -installed
[2019.02.13-22.19.13:580][427]CompilerResultsLog: Reflection code generated for HSPGameEditor in 9.9360009 seconds
[2019.02.13-22.19.13:580][427]CompilerResultsLog: Building 6 actions with 8 processes...
[2019.02.13-22.19.13:581][427]CompilerResultsLog:   [1/6] Base2DCharacter.cpp
[2019.02.13-22.19.13:581][427]CompilerResultsLog:   [2/6] ProtagClass.cpp
[2019.02.13-22.19.13:581][427]CompilerResultsLog:   [3/6] Base2DCharacter.gen.cpp
[2019.02.13-22.19.13:581][427]CompilerResultsLog:   [4/6] ProtagClass.gen.cpp
[2019.02.13-22.19.13:581][427]CompilerResultsLog:   [5/6] UE4Editor-HSPGame-8169.lib
[2019.02.13-22.19.13:581][427]CompilerResultsLog:      Creating library C:\Users\gosus\Documents\CP-School\SeniorProject\gitRepos\Senior-Project-Prototype3\HSPGame\Intermediate\Build\Win64\UE4Editor\Development\HSPGame\UE4Editor-HSPGame-8169.lib and object C:\Users\gosus\Documents\CP-School\SeniorProject\gitRepos\Senior-Project-Prototype3\HSPGame\Intermediate\Build\Win64\UE4Editor\Development\HSPGame\UE4Editor-HSPGame-8169.exp
[2019.02.13-22.19.13:581][427]CompilerResultsLog:   [6/6] UE4Editor-HSPGame-8169.dll
[2019.02.13-22.19.13:581][427]CompilerResultsLog:      Creating library C:\Users\gosus\Documents\CP-School\SeniorProject\gitRepos\Senior-Project-Prototype3\HSPGame\Intermediate\Build\Win64\UE4Editor\Development\HSPGame\UE4Editor-HSPGame-8169.suppressed.lib and object C:\Users\gosus\Documents\CP-School\SeniorProject\gitRepos\Senior-Project-Prototype3\HSPGame\Intermediate\Build\Win64\UE4Editor\Development\HSPGame\UE4Editor-HSPGame-8169.suppressed.exp
[2019.02.13-22.19.13:581][427]CompilerResultsLog: Total build time: 17.45 seconds (Parallel executor: 2.39 seconds)
[2019.02.13-22.19.13:581][427]LogMainFrame: MainFrame: Module compiling took 17.747 seconds
[2019.02.13-22.19.13:639][427]LogContentBrowser: Native class hierarchy updated for 'HSPGame' in 0.0003 seconds. Added 3 classes and 2 folders.
[2019.02.13-22.19.13:642][427]Display: HotReload successful (0 functions remapped  0 scriptstructs remapped)
[2019.02.13-22.19.13:909][427]LogContentBrowser: Native class hierarchy populated in 0.0074 seconds. Added 2655 classes and 624 folders.
[2019.02.13-22.19.13:909][427]Display: HotReload took 18.1s.
