Log file open, 02/13/19 21:13:19
LogWindows: Failed to load 'aqProf.dll' (GetLastError=126)
LogWindows: File 'aqProf.dll' does not exist
LogWindows: Failed to load 'VtuneApi.dll' (GetLastError=126)
LogWindows: File 'VtuneApi.dll' does not exist
LogWindows: Failed to load 'VtuneApi32e.dll' (GetLastError=126)
LogWindows: File 'VtuneApi32e.dll' does not exist
LogConsoleResponse: Display: Failed to find resolution value strings in scalability ini. Falling back to default.
LogInit: Display: Running engine for game: HSPGame
LogPakFile: Registered encryption key '00000000000000000000000000000000': 0 pak files mounted, 0 remain pending
LogPlatformFile: Not using cached read wrapper
LogTaskGraph: Started task graph with 5 named threads and 35 total threads with 3 sets of task threads.
LogStats: Stats thread started at 0.509796
LogD3D11RHI: Loaded GFSDK_Aftermath_Lib.x64.dll
LogICUInternationalization: ICU TimeZone Detection - Raw Offset: -8:00, Platform Override: ''
LogPluginManager: Mounting plugin Paper2D
LogPluginManager: Mounting plugin AISupport
LogPluginManager: Mounting plugin LightPropagationVolume
LogPluginManager: Mounting plugin ActorLayerUtilities
LogPluginManager: Mounting plugin CLionSourceCodeAccess
LogPluginManager: Mounting plugin CodeLiteSourceCodeAccess
LogPluginManager: Mounting plugin GitSourceControl
LogPluginManager: Mounting plugin KDevelopSourceCodeAccess
LogPluginManager: Mounting plugin NullSourceCodeAccess
LogPluginManager: Mounting plugin PerforceSourceControl
LogPluginManager: Mounting plugin SubversionSourceControl
LogPluginManager: Mounting plugin UObjectPlugin
LogPluginManager: Mounting plugin VisualStudioCodeSourceCodeAccess
LogPluginManager: Mounting plugin VisualStudioSourceCodeAccess
LogPluginManager: Mounting plugin XCodeSourceCodeAccess
LogPluginManager: Mounting plugin AssetManagerEditor
LogPluginManager: Mounting plugin CryptoKeys
LogPluginManager: Mounting plugin DataValidation
LogPluginManager: Mounting plugin FacialAnimation
LogPluginManager: Mounting plugin GameplayTagsEditor
LogPluginManager: Mounting plugin MacGraphicsSwitching
LogPluginManager: Mounting plugin MeshEditor
LogPluginManager: Mounting plugin MobileLauncherProfileWizard
LogPluginManager: Mounting plugin PluginBrowser
LogPluginManager: Mounting plugin SpeedTreeImporter
LogPluginManager: Mounting plugin DatasmithContent
LogPluginManager: Mounting plugin VariantManagerContent
LogPluginManager: Mounting plugin AlembicImporter
LogPluginManager: Mounting plugin AppleImageUtils
LogPluginManager: Mounting plugin AppleVision
LogPluginManager: Mounting plugin BackChannel
LogPluginManager: Mounting plugin CharacterAI
LogPluginManager: Mounting plugin GeometryCache
LogPluginManager: Mounting plugin HTML5Networking
LogPluginManager: Mounting plugin ProxyLODPlugin
LogPluginManager: Mounting plugin MagicLeap
LogPluginManager: Mounting plugin MagicLeapMedia
LogPluginManager: Mounting plugin AndroidMedia
LogPluginManager: Mounting plugin AvfMedia
LogPluginManager: Mounting plugin ImgMedia
LogPluginManager: Mounting plugin LinearTimecode
LogPluginManager: Mounting plugin MediaCompositing
LogPluginManager: Mounting plugin MediaPlayerEditor
LogPluginManager: Mounting plugin WebMMedia
LogPluginManager: Mounting plugin WmfMedia
LogPluginManager: Mounting plugin TcpMessaging
LogPluginManager: Mounting plugin UdpMessaging
LogPluginManager: Mounting plugin ActorSequence
LogPluginManager: Mounting plugin LevelSequenceEditor
LogPluginManager: Mounting plugin MatineeToLevelSequence
LogPluginManager: Mounting plugin NetcodeUnitTest
LogPluginManager: Mounting plugin NUTUnrealEngine4
LogPluginManager: Mounting plugin OnlineSubsystemGooglePlay
LogPluginManager: Mounting plugin OnlineSubsystemIOS
LogPluginManager: Mounting plugin OnlineSubsystem
LogPluginManager: Mounting plugin OnlineSubsystemNull
LogPluginManager: Mounting plugin OnlineSubsystemUtils
LogPluginManager: Mounting plugin LauncherChunkInstaller
LogPluginManager: Mounting plugin AndroidDeviceProfileSelector
LogPluginManager: Mounting plugin AndroidMoviePlayer
LogPluginManager: Mounting plugin AndroidPermission
LogPluginManager: Mounting plugin AppleMoviePlayer
LogPluginManager: Mounting plugin ArchVisCharacter
LogPluginManager: Mounting plugin AudioCapture
LogPluginManager: Mounting plugin CableComponent
LogPluginManager: Mounting plugin CustomMeshComponent
LogPluginManager: Mounting plugin EditableMesh
LogPluginManager: Mounting plugin ExampleDeviceProfileSelector
LogPluginManager: Mounting plugin Firebase
LogPluginManager: Mounting plugin GoogleCloudMessaging
LogPluginManager: Mounting plugin IOSDeviceProfileSelector
LogPluginManager: Mounting plugin LinuxDeviceProfileSelector
LogPluginManager: Mounting plugin LocationServicesBPLibrary
LogPluginManager: Mounting plugin MobilePatchingUtils
LogPluginManager: Mounting plugin OculusVR
LogPluginManager: Mounting plugin PhysXVehicles
LogPluginManager: Mounting plugin ProceduralMeshComponent
LogPluginManager: Mounting plugin RuntimePhysXCooking
LogPluginManager: Mounting plugin SteamVR
LogPluginManager: Mounting plugin WebMMoviePlayer
LogPluginManager: Mounting plugin WindowsMoviePlayer
LogStreaming: Display: Took  0.085s to configure plugins.
LogInit: Using libcurl 7.55.1-DEV
LogInit:  - built for x86_64-pc-win32
LogInit:  - supports SSL with OpenSSL/1.0.2h
LogInit:  - supports HTTP deflate (compression) using libz 1.2.8
LogInit:  - other features:
LogInit:      CURL_VERSION_SSL
LogInit:      CURL_VERSION_LIBZ
LogInit:      CURL_VERSION_IPV6
LogInit:      CURL_VERSION_ASYNCHDNS
LogInit:      CURL_VERSION_LARGEFILE
LogInit:      CURL_VERSION_IDN
LogInit:  CurlRequestOptions (configurable via config and command line):
LogInit:  - bVerifyPeer = true  - Libcurl will verify peer certificate
LogInit:  - bUseHttpProxy = false  - Libcurl will NOT use HTTP proxy
LogInit:  - bDontReuseConnections = false  - Libcurl will reuse connections
LogInit:  - MaxHostConnections = 16  - Libcurl will limit the number of connections to a host
LogInit:  - LocalHostAddr = Default
LogInit:  - BufferSize = 65536
LogInit: WinSock: version 1.1 (2.2), MaxSocks=32767, MaxUdp=65467
LogInit: Build: ++UE4+Release-4.21-CL-4753647
LogInit: Engine Version: 4.21.2-4753647+++UE4+Release-4.21
LogInit: Compatible Engine Version: 4.21.0-4541578+++UE4+Release-4.21
LogInit: Net CL: 4541578
LogInit: OS: Windows 10 (), CPU: Intel(R) Core(TM) i7-8750H CPU @ 2.20GHz, GPU: Intel(R) UHD Graphics 630
LogInit: Compiled (64-bit): Jan 19 2019 02:07:31
LogInit: Compiled with Visual C++: 19.13.26129.00
LogInit: Build Configuration: Development
LogInit: Branch Name: ++UE4+Release-4.21
LogInit: Command Line:  -skipcompile
LogInit: Base Directory: C:/Program Files/Epic Games/UE_4.21/Engine/Binaries/Win64/
LogInit: Installed Engine Build: 1
LogDevObjectVersion: Number of dev versions registered: 22
LogDevObjectVersion:   Dev-Blueprints (B0D832E4-1F89-4F0D-ACCF-7EB736FD4AA2): 10
LogDevObjectVersion:   Dev-Build (E1C64328-A22C-4D53-A36C-8E866417BD8C): 0
LogDevObjectVersion:   Dev-Core (375EC13C-06E4-48FB-B500-84F0262A717E): 2
LogDevObjectVersion:   Dev-Editor (E4B068ED-F494-42E9-A231-DA0B2E46BB41): 26
LogDevObjectVersion:   Dev-Framework (CFFC743F-43B0-4480-9391-14DF171D2073): 34
LogDevObjectVersion:   Dev-Mobile (B02B49B5-BB20-44E9-A304-32B752E40360): 2
LogDevObjectVersion:   Dev-Networking (A4E4105C-59A1-49B5-A7C5-40C4547EDFEE): 0
LogDevObjectVersion:   Dev-Online (39C831C9-5AE6-47DC-9A44-9C173E1C8E7C): 0
LogDevObjectVersion:   Dev-Physics (78F01B33-EBEA-4F98-B9B4-84EACCB95AA2): 0
LogDevObjectVersion:   Dev-Platform (6631380F-2D4D-43E0-8009-CF276956A95A): 0
LogDevObjectVersion:   Dev-Rendering (12F88B9F-8875-4AFC-A67C-D90C383ABD29): 27
LogDevObjectVersion:   Dev-Sequencer (7B5AE74C-D270-4C10-A958-57980B212A5A): 9
LogDevObjectVersion:   Dev-VR (D7296918-1DD6-4BDD-9DE2-64A83CC13884): 2
LogDevObjectVersion:   Dev-LoadTimes (C2A15278-BFE7-4AFE-6C17-90FF531DF755): 1
LogDevObjectVersion:   Private-Geometry (6EACA3D4-40EC-4CC1-B786-8BED09428FC5): 3
LogDevObjectVersion:   Dev-AnimPhys (29E575DD-E0A3-4627-9D10-D276232CDCEA): 17
LogDevObjectVersion:   Dev-Anim (AF43A65D-7FD3-4947-9873-3E8ED9C1BB05): 2
LogDevObjectVersion:   Dev-ReflectionCapture (6B266CEC-1EC7-4B8F-A30B-E4D90942FC07): 1
LogDevObjectVersion:   Dev-Automation (0DF73D61-A23F-47EA-B727-89E90C41499A): 1
LogDevObjectVersion:   FortniteMain (601D1886-AC64-4F84-AA16-D3DE0DEAC7D6): 17
LogDevObjectVersion:   Dev-Enterprise (9DFFBCD6-494F-0158-E221-12823C92A888): 4
LogDevObjectVersion:   Dev-Niagara (F2AED0AC-9AFE-416F-8664-AA7FFA26D6FC): 1
LogStreaming: Display: Took  0.003s to delete old logs.
LogInit: Presizing for max 8388607 objects, including 0 objects not considered by GC, pre-allocating 0 bytes for permanent pool.
LogInit: Object subsystem initialized
LogConfig: Setting CVar [[con.DebugEarlyDefault:1]]
LogConfig: Setting CVar [[r.setres:1280x720]]
[2019.02.14-05.13.19:518][  0]LogConfig: Setting CVar [[r.VSync:0]]
[2019.02.14-05.13.19:518][  0]LogConfig: Setting CVar [[r.RHICmdBypass:0]]
[2019.02.14-05.13.19:518][  0]LogConfig: Applying CVar settings from Section [/Script/Engine.RendererSettings] File [C:/Users/Connor/Documents/CP-School/Senior Project/GitRepos/Senior-Project-CPP-Testground/HSPGame/Saved/Config/Windows/Engine.ini]
[2019.02.14-05.13.19:518][  0]LogConfig: Setting CVar [[r.GPUCrashDebugging:0]]
[2019.02.14-05.13.19:518][  0]LogConfig: Applying CVar settings from Section [/Script/Engine.RendererOverrideSettings] File [C:/Users/Connor/Documents/CP-School/Senior Project/GitRepos/Senior-Project-CPP-Testground/HSPGame/Saved/Config/Windows/Engine.ini]
[2019.02.14-05.13.19:518][  0]LogConfig: Applying CVar settings from Section [/Script/Engine.StreamingSettings] File [C:/Users/Connor/Documents/CP-School/Senior Project/GitRepos/Senior-Project-CPP-Testground/HSPGame/Saved/Config/Windows/Engine.ini]
[2019.02.14-05.13.19:518][  0]LogConfig: Setting CVar [[s.MinBulkDataSizeForAsyncLoading:131072]]
[2019.02.14-05.13.19:518][  0]LogConfig: Setting CVar [[s.AsyncLoadingThreadEnabled:0]]
[2019.02.14-05.13.19:518][  0]LogConfig: Setting CVar [[s.EventDrivenLoaderEnabled:1]]
[2019.02.14-05.13.19:518][  0]LogConfig: Setting CVar [[s.WarnIfTimeLimitExceeded:0]]
[2019.02.14-05.13.19:518][  0]LogConfig: Setting CVar [[s.TimeLimitExceededMultiplier:1.5]]
[2019.02.14-05.13.19:518][  0]LogConfig: Setting CVar [[s.TimeLimitExceededMinTime:0.005]]
[2019.02.14-05.13.19:519][  0]LogConfig: Setting CVar [[s.UseBackgroundLevelStreaming:1]]
[2019.02.14-05.13.19:519][  0]LogConfig: Setting CVar [[s.PriorityAsyncLoadingExtraTime:15.0]]
[2019.02.14-05.13.19:519][  0]LogConfig: Setting CVar [[s.LevelStreamingActorsUpdateTimeLimit:5.0]]
[2019.02.14-05.13.19:519][  0]LogConfig: Setting CVar [[s.PriorityLevelStreamingActorsUpdateExtraTime:5.0]]
[2019.02.14-05.13.19:519][  0]LogConfig: Setting CVar [[s.LevelStreamingComponentsRegistrationGranularity:10]]
[2019.02.14-05.13.19:519][  0]LogConfig: Setting CVar [[s.UnregisterComponentsTimeLimit:1.0]]
[2019.02.14-05.13.19:519][  0]LogConfig: Setting CVar [[s.LevelStreamingComponentsUnregistrationGranularity:5]]
[2019.02.14-05.13.19:519][  0]LogConfig: Applying CVar settings from Section [/Script/Engine.GarbageCollectionSettings] File [C:/Users/Connor/Documents/CP-School/Senior Project/GitRepos/Senior-Project-CPP-Testground/HSPGame/Saved/Config/Windows/Engine.ini]
[2019.02.14-05.13.19:519][  0]LogConfig: Setting CVar [[gc.MaxObjectsNotConsideredByGC:1]]
[2019.02.14-05.13.19:519][  0]LogConfig: Setting CVar [[gc.SizeOfPermanentObjectPool:0]]
[2019.02.14-05.13.19:519][  0]LogConfig: Setting CVar [[gc.FlushStreamingOnGC:0]]
[2019.02.14-05.13.19:519][  0]LogConfig: Setting CVar [[gc.NumRetriesBeforeForcingGC:10]]
[2019.02.14-05.13.19:519][  0]LogConfig: Setting CVar [[gc.AllowParallelGC:1]]
[2019.02.14-05.13.19:519][  0]LogConfig: Setting CVar [[gc.TimeBetweenPurgingPendingKillObjects:61.1]]
[2019.02.14-05.13.19:519][  0]LogConfig: Setting CVar [[gc.MaxObjectsInEditor:8388607]]
[2019.02.14-05.13.19:519][  0]LogConfig: Setting CVar [[gc.IncrementalBeginDestroyEnabled:1]]
[2019.02.14-05.13.19:520][  0]LogConfig: Setting CVar [[gc.CreateGCClusters:1]]
[2019.02.14-05.13.19:520][  0]LogConfig: Setting CVar [[gc.MergeGCClusters:0]]
[2019.02.14-05.13.19:520][  0]LogConfig: Setting CVar [[gc.MinGCClusterSize:5]]
[2019.02.14-05.13.19:520][  0]LogConfig: Setting CVar [[gc.ActorClusteringEnabled:0]]
[2019.02.14-05.13.19:520][  0]LogConfig: Setting CVar [[gc.BlueprintClusteringEnabled:0]]
[2019.02.14-05.13.19:520][  0]LogConfig: Setting CVar [[gc.UseDisregardForGCOnDedicatedServers:0]]
[2019.02.14-05.13.19:520][  0]LogConfig: Applying CVar settings from Section [/Script/Engine.NetworkSettings] File [C:/Users/Connor/Documents/CP-School/Senior Project/GitRepos/Senior-Project-CPP-Testground/HSPGame/Saved/Config/Windows/Engine.ini]
[2019.02.14-05.13.19:520][  0]LogConfig: Applying CVar settings from Section [/Script/UnrealEd.CookerSettings] File [C:/Users/Connor/Documents/CP-School/Senior Project/GitRepos/Senior-Project-CPP-Testground/HSPGame/Saved/Config/Windows/Engine.ini]
[2019.02.14-05.13.19:528][  0]LogConfig: Applying CVar settings from Section [ViewDistanceQuality@3] File [C:/Users/Connor/Documents/CP-School/Senior Project/GitRepos/Senior-Project-CPP-Testground/HSPGame/Saved/Config/Windows/Scalability.ini]
[2019.02.14-05.13.19:528][  0]LogConfig: Setting CVar [[r.SkeletalMeshLODBias:0]]
[2019.02.14-05.13.19:528][  0]LogConfig: Setting CVar [[r.ViewDistanceScale:1.0]]
[2019.02.14-05.13.19:528][  0]LogConfig: Applying CVar settings from Section [AntiAliasingQuality@3] File [C:/Users/Connor/Documents/CP-School/Senior Project/GitRepos/Senior-Project-CPP-Testground/HSPGame/Saved/Config/Windows/Scalability.ini]
[2019.02.14-05.13.19:528][  0]LogConfig: Setting CVar [[r.PostProcessAAQuality:4]]
[2019.02.14-05.13.19:528][  0]LogConfig: Applying CVar settings from Section [ShadowQuality@3] File [C:/Users/Connor/Documents/CP-School/Senior Project/GitRepos/Senior-Project-CPP-Testground/HSPGame/Saved/Config/Windows/Scalability.ini]
[2019.02.14-05.13.19:528][  0]LogConfig: Setting CVar [[r.LightFunctionQuality:1]]
[2019.02.14-05.13.19:529][  0]LogConfig: Setting CVar [[r.ShadowQuality:5]]
[2019.02.14-05.13.19:529][  0]LogConfig: Setting CVar [[r.Shadow.CSM.MaxCascades:10]]
[2019.02.14-05.13.19:529][  0]LogConfig: Setting CVar [[r.Shadow.MaxResolution:2048]]
[2019.02.14-05.13.19:529][  0]LogConfig: Setting CVar [[r.Shadow.MaxCSMResolution:2048]]
[2019.02.14-05.13.19:529][  0]LogConfig: Setting CVar [[r.Shadow.RadiusThreshold:0.01]]
[2019.02.14-05.13.19:529][  0]LogConfig: Setting CVar [[r.Shadow.DistanceScale:1.0]]
[2019.02.14-05.13.19:529][  0]LogConfig: Setting CVar [[r.Shadow.CSM.TransitionScale:1.0]]
[2019.02.14-05.13.19:529][  0]LogConfig: Setting CVar [[r.Shadow.PreShadowResolutionFactor:1.0]]
[2019.02.14-05.13.19:529][  0]LogConfig: Setting CVar [[r.DistanceFieldShadowing:1]]
[2019.02.14-05.13.19:529][  0]LogConfig: Setting CVar [[r.DistanceFieldAO:1]]
[2019.02.14-05.13.19:529][  0]LogConfig: Setting CVar [[r.AOQuality:2]]
[2019.02.14-05.13.19:529][  0]LogConfig: Setting CVar [[r.VolumetricFog:1]]
[2019.02.14-05.13.19:529][  0]LogConfig: Setting CVar [[r.VolumetricFog.GridPixelSize:8]]
[2019.02.14-05.13.19:529][  0]LogConfig: Setting CVar [[r.VolumetricFog.GridSizeZ:128]]
[2019.02.14-05.13.19:529][  0]LogConfig: Setting CVar [[r.VolumetricFog.HistoryMissSupersampleCount:4]]
[2019.02.14-05.13.19:529][  0]LogConfig: Setting CVar [[r.LightMaxDrawDistanceScale:1]]
[2019.02.14-05.13.19:529][  0]LogConfig: Setting CVar [[r.CapsuleShadows:1]]
[2019.02.14-05.13.19:529][  0]LogConfig: Applying CVar settings from Section [PostProcessQuality@3] File [C:/Users/Connor/Documents/CP-School/Senior Project/GitRepos/Senior-Project-CPP-Testground/HSPGame/Saved/Config/Windows/Scalability.ini]
[2019.02.14-05.13.19:529][  0]LogConfig: Setting CVar [[r.MotionBlurQuality:4]]
[2019.02.14-05.13.19:529][  0]LogConfig: Setting CVar [[r.AmbientOcclusionMipLevelFactor:0.4]]
[2019.02.14-05.13.19:529][  0]LogConfig: Setting CVar [[r.AmbientOcclusionMaxQuality:100]]
[2019.02.14-05.13.19:530][  0]LogConfig: Setting CVar [[r.AmbientOcclusionLevels:-1]]
[2019.02.14-05.13.19:530][  0]LogConfig: Setting CVar [[r.AmbientOcclusionRadiusScale:1.0]]
[2019.02.14-05.13.19:530][  0]LogConfig: Setting CVar [[r.DepthOfFieldQuality:2]]
[2019.02.14-05.13.19:530][  0]LogConfig: Setting CVar [[r.RenderTargetPoolMin:400]]
[2019.02.14-05.13.19:530][  0]LogConfig: Setting CVar [[r.LensFlareQuality:2]]
[2019.02.14-05.13.19:530][  0]LogConfig: Setting CVar [[r.SceneColorFringeQuality:1]]
[2019.02.14-05.13.19:530][  0]LogConfig: Setting CVar [[r.EyeAdaptationQuality:2]]
[2019.02.14-05.13.19:530][  0]LogConfig: Setting CVar [[r.BloomQuality:5]]
[2019.02.14-05.13.19:530][  0]LogConfig: Setting CVar [[r.FastBlurThreshold:100]]
[2019.02.14-05.13.19:530][  0]LogConfig: Setting CVar [[r.Upscale.Quality:3]]
[2019.02.14-05.13.19:530][  0]LogConfig: Setting CVar [[r.Tonemapper.GrainQuantization:1]]
[2019.02.14-05.13.19:530][  0]LogConfig: Setting CVar [[r.LightShaftQuality:1]]
[2019.02.14-05.13.19:530][  0]LogConfig: Setting CVar [[r.Filter.SizeScale:1]]
[2019.02.14-05.13.19:530][  0]LogConfig: Setting CVar [[r.Tonemapper.Quality:5]]
[2019.02.14-05.13.19:530][  0]LogConfig: Setting CVar [[r.DOF.Gather.AccumulatorQuality:1        ; higher gathering accumulator quality]]
[2019.02.14-05.13.19:530][  0]LogConfig: Setting CVar [[r.DOF.Gather.PostfilterMethod:1          ; Median3x3 postfilering method]]
[2019.02.14-05.13.19:530][  0]LogConfig: Setting CVar [[r.DOF.Gather.EnableBokehSettings:0       ; no bokeh simulation when gathering]]
[2019.02.14-05.13.19:530][  0]LogConfig: Setting CVar [[r.DOF.Gather.RingCount:4                 ; medium number of samples when gathering]]
[2019.02.14-05.13.19:530][  0]LogConfig: Setting CVar [[r.DOF.Scatter.ForegroundCompositing:1    ; additive foreground scattering]]
[2019.02.14-05.13.19:530][  0]LogConfig: Setting CVar [[r.DOF.Scatter.BackgroundCompositing:2    ; additive background scattering]]
[2019.02.14-05.13.19:530][  0]LogConfig: Setting CVar [[r.DOF.Scatter.EnableBokehSettings:1      ; bokeh simulation when scattering]]
[2019.02.14-05.13.19:531][  0]LogConfig: Setting CVar [[r.DOF.Scatter.MaxSpriteRatio:0.1         ; only a maximum of 10% of scattered bokeh]]
[2019.02.14-05.13.19:531][  0]LogConfig: Setting CVar [[r.DOF.Recombine.Quality:1                ; cheap slight out of focus]]
[2019.02.14-05.13.19:531][  0]LogConfig: Setting CVar [[r.DOF.Recombine.EnableBokehSettings:0    ; no bokeh simulation on slight out of focus]]
[2019.02.14-05.13.19:531][  0]LogConfig: Setting CVar [[r.DOF.TemporalAAQuality:1                ; more stable temporal accumulation]]
[2019.02.14-05.13.19:531][  0]LogConfig: Setting CVar [[r.DOF.Kernel.MaxForegroundRadius:0.025]]
[2019.02.14-05.13.19:531][  0]LogConfig: Setting CVar [[r.DOF.Kernel.MaxBackgroundRadius:0.025]]
[2019.02.14-05.13.19:531][  0]LogConfig: Applying CVar settings from Section [TextureQuality@3] File [C:/Users/Connor/Documents/CP-School/Senior Project/GitRepos/Senior-Project-CPP-Testground/HSPGame/Saved/Config/Windows/Scalability.ini]
[2019.02.14-05.13.19:531][  0]LogConfig: Setting CVar [[r.Streaming.MipBias:0]]
[2019.02.14-05.13.19:531][  0]LogConfig: Setting CVar [[r.Streaming.AmortizeCPUToGPUCopy:0]]
[2019.02.14-05.13.19:531][  0]LogConfig: Setting CVar [[r.Streaming.MaxNumTexturesToStreamPerFrame:0]]
[2019.02.14-05.13.19:532][  0]LogConfig: Setting CVar [[r.Streaming.Boost:1]]
[2019.02.14-05.13.19:532][  0]LogConfig: Setting CVar [[r.MaxAnisotropy:8]]
[2019.02.14-05.13.19:532][  0]LogConfig: Setting CVar [[r.Streaming.LimitPoolSizeToVRAM:0]]
[2019.02.14-05.13.19:532][  0]LogConfig: Setting CVar [[r.Streaming.PoolSize:1000]]
[2019.02.14-05.13.19:532][  0]LogConfig: Setting CVar [[r.Streaming.MaxEffectiveScreenSize:0]]
[2019.02.14-05.13.19:532][  0]LogConfig: Applying CVar settings from Section [EffectsQuality@3] File [C:/Users/Connor/Documents/CP-School/Senior Project/GitRepos/Senior-Project-CPP-Testground/HSPGame/Saved/Config/Windows/Scalability.ini]
[2019.02.14-05.13.19:532][  0]LogConfig: Setting CVar [[r.TranslucencyLightingVolumeDim:64]]
[2019.02.14-05.13.19:532][  0]LogConfig: Setting CVar [[r.RefractionQuality:2]]
[2019.02.14-05.13.19:532][  0]LogConfig: Setting CVar [[r.SSR.Quality:3]]
[2019.02.14-05.13.19:532][  0]LogConfig: Setting CVar [[r.SceneColorFormat:4]]
[2019.02.14-05.13.19:532][  0]LogConfig: Setting CVar [[r.DetailMode:2]]
[2019.02.14-05.13.19:532][  0]LogConfig: Setting CVar [[r.TranslucencyVolumeBlur:1]]
[2019.02.14-05.13.19:532][  0]LogConfig: Setting CVar [[r.MaterialQualityLevel:1 ; High quality]]
[2019.02.14-05.13.19:532][  0]LogConfig: Setting CVar [[r.SSS.Scale:1]]
[2019.02.14-05.13.19:532][  0]LogConfig: Setting CVar [[r.SSS.SampleSet:2]]
[2019.02.14-05.13.19:532][  0]LogConfig: Setting CVar [[r.SSS.Quality:1]]
[2019.02.14-05.13.19:532][  0]LogConfig: Setting CVar [[r.SSS.HalfRes:1]]
[2019.02.14-05.13.19:532][  0]LogConfig: Setting CVar [[r.EmitterSpawnRateScale:1.0]]
[2019.02.14-05.13.19:532][  0]LogConfig: Setting CVar [[r.ParticleLightQuality:2]]
[2019.02.14-05.13.19:532][  0]LogConfig: Applying CVar settings from Section [FoliageQuality@3] File [C:/Users/Connor/Documents/CP-School/Senior Project/GitRepos/Senior-Project-CPP-Testground/HSPGame/Saved/Config/Windows/Scalability.ini]
[2019.02.14-05.13.19:532][  0]LogConfig: Setting CVar [[foliage.DensityScale:1.0]]
[2019.02.14-05.13.19:533][  0]LogConfig: Setting CVar [[grass.DensityScale:1.0]]
[2019.02.14-05.13.19:533][  0]LogInit: Selected Device Profile: [Windows]
[2019.02.14-05.13.19:533][  0]LogInit: Applying CVar settings loaded from the selected device profile: [Windows]
[2019.02.14-05.13.19:544][  0]LogHAL: Display: Platform has ~ 16 GB [17015799808 / 17179869184 / 16], which maps to Larger [LargestMinGB=32, LargerMinGB=12, DefaultMinGB=8, SmallerMinGB=6, SmallestMinGB=0)
[2019.02.14-05.13.19:544][  0]LogConfig: Setting CVar [[r.Vulkan.UseRealUBs:1]]
[2019.02.14-05.13.19:544][  0]LogInit: Going up to parent DeviceProfile []
[2019.02.14-05.13.19:544][  0]LogConfig: Applying CVar settings from Section [ViewDistanceQuality@3] File [C:/Users/Connor/Documents/CP-School/Senior Project/GitRepos/Senior-Project-CPP-Testground/HSPGame/Saved/Config/Windows/Scalability.ini]
[2019.02.14-05.13.19:544][  0]LogConfig: Setting CVar [[r.SkeletalMeshLODBias:0]]
[2019.02.14-05.13.19:545][  0]LogConfig: Setting CVar [[r.ViewDistanceScale:1.0]]
[2019.02.14-05.13.19:545][  0]LogConfig: Applying CVar settings from Section [AntiAliasingQuality@3] File [C:/Users/Connor/Documents/CP-School/Senior Project/GitRepos/Senior-Project-CPP-Testground/HSPGame/Saved/Config/Windows/Scalability.ini]
[2019.02.14-05.13.19:545][  0]LogConfig: Setting CVar [[r.PostProcessAAQuality:4]]
[2019.02.14-05.13.19:545][  0]LogConfig: Applying CVar settings from Section [ShadowQuality@3] File [C:/Users/Connor/Documents/CP-School/Senior Project/GitRepos/Senior-Project-CPP-Testground/HSPGame/Saved/Config/Windows/Scalability.ini]
[2019.02.14-05.13.19:545][  0]LogConfig: Setting CVar [[r.LightFunctionQuality:1]]
[2019.02.14-05.13.19:545][  0]LogConfig: Setting CVar [[r.ShadowQuality:5]]
[2019.02.14-05.13.19:545][  0]LogConfig: Setting CVar [[r.Shadow.CSM.MaxCascades:10]]
[2019.02.14-05.13.19:545][  0]LogConfig: Setting CVar [[r.Shadow.MaxResolution:2048]]
[2019.02.14-05.13.19:545][  0]LogConfig: Setting CVar [[r.Shadow.MaxCSMResolution:2048]]
[2019.02.14-05.13.19:545][  0]LogConfig: Setting CVar [[r.Shadow.RadiusThreshold:0.01]]
[2019.02.14-05.13.19:545][  0]LogConfig: Setting CVar [[r.Shadow.DistanceScale:1.0]]
[2019.02.14-05.13.19:545][  0]LogConfig: Setting CVar [[r.Shadow.CSM.TransitionScale:1.0]]
[2019.02.14-05.13.19:545][  0]LogConfig: Setting CVar [[r.Shadow.PreShadowResolutionFactor:1.0]]
[2019.02.14-05.13.19:545][  0]LogConfig: Setting CVar [[r.DistanceFieldShadowing:1]]
[2019.02.14-05.13.19:545][  0]LogConfig: Setting CVar [[r.DistanceFieldAO:1]]
[2019.02.14-05.13.19:545][  0]LogConfig: Setting CVar [[r.AOQuality:2]]
[2019.02.14-05.13.19:546][  0]LogConfig: Setting CVar [[r.VolumetricFog:1]]
[2019.02.14-05.13.19:546][  0]LogConfig: Setting CVar [[r.VolumetricFog.GridPixelSize:8]]
[2019.02.14-05.13.19:546][  0]LogConfig: Setting CVar [[r.VolumetricFog.GridSizeZ:128]]
[2019.02.14-05.13.19:546][  0]LogConfig: Setting CVar [[r.VolumetricFog.HistoryMissSupersampleCount:4]]
[2019.02.14-05.13.19:546][  0]LogConfig: Setting CVar [[r.LightMaxDrawDistanceScale:1]]
[2019.02.14-05.13.19:546][  0]LogConfig: Setting CVar [[r.CapsuleShadows:1]]
[2019.02.14-05.13.19:546][  0]LogConfig: Applying CVar settings from Section [PostProcessQuality@3] File [C:/Users/Connor/Documents/CP-School/Senior Project/GitRepos/Senior-Project-CPP-Testground/HSPGame/Saved/Config/Windows/Scalability.ini]
[2019.02.14-05.13.19:546][  0]LogConfig: Setting CVar [[r.MotionBlurQuality:4]]
[2019.02.14-05.13.19:546][  0]LogConfig: Setting CVar [[r.AmbientOcclusionMipLevelFactor:0.4]]
[2019.02.14-05.13.19:546][  0]LogConfig: Setting CVar [[r.AmbientOcclusionMaxQuality:100]]
[2019.02.14-05.13.19:546][  0]LogConfig: Setting CVar [[r.AmbientOcclusionLevels:-1]]
[2019.02.14-05.13.19:546][  0]LogConfig: Setting CVar [[r.AmbientOcclusionRadiusScale:1.0]]
[2019.02.14-05.13.19:546][  0]LogConfig: Setting CVar [[r.DepthOfFieldQuality:2]]
[2019.02.14-05.13.19:546][  0]LogConfig: Setting CVar [[r.RenderTargetPoolMin:400]]
[2019.02.14-05.13.19:546][  0]LogConfig: Setting CVar [[r.LensFlareQuality:2]]
[2019.02.14-05.13.19:547][  0]LogConfig: Setting CVar [[r.SceneColorFringeQuality:1]]
[2019.02.14-05.13.19:547][  0]LogConfig: Setting CVar [[r.EyeAdaptationQuality:2]]
[2019.02.14-05.13.19:547][  0]LogConfig: Setting CVar [[r.BloomQuality:5]]
[2019.02.14-05.13.19:547][  0]LogConfig: Setting CVar [[r.FastBlurThreshold:100]]
[2019.02.14-05.13.19:547][  0]LogConfig: Setting CVar [[r.Upscale.Quality:3]]
[2019.02.14-05.13.19:547][  0]LogConfig: Setting CVar [[r.Tonemapper.GrainQuantization:1]]
[2019.02.14-05.13.19:547][  0]LogConfig: Setting CVar [[r.LightShaftQuality:1]]
[2019.02.14-05.13.19:547][  0]LogConfig: Setting CVar [[r.Filter.SizeScale:1]]
[2019.02.14-05.13.19:547][  0]LogConfig: Setting CVar [[r.Tonemapper.Quality:5]]
[2019.02.14-05.13.19:547][  0]LogConfig: Setting CVar [[r.DOF.Gather.AccumulatorQuality:1        ; higher gathering accumulator quality]]
[2019.02.14-05.13.19:547][  0]LogConfig: Setting CVar [[r.DOF.Gather.PostfilterMethod:1          ; Median3x3 postfilering method]]
[2019.02.14-05.13.19:547][  0]LogConfig: Setting CVar [[r.DOF.Gather.EnableBokehSettings:0       ; no bokeh simulation when gathering]]
[2019.02.14-05.13.19:547][  0]LogConfig: Setting CVar [[r.DOF.Gather.RingCount:4                 ; medium number of samples when gathering]]
[2019.02.14-05.13.19:547][  0]LogConfig: Setting CVar [[r.DOF.Scatter.ForegroundCompositing:1    ; additive foreground scattering]]
[2019.02.14-05.13.19:547][  0]LogConfig: Setting CVar [[r.DOF.Scatter.BackgroundCompositing:2    ; additive background scattering]]
[2019.02.14-05.13.19:547][  0]LogConfig: Setting CVar [[r.DOF.Scatter.EnableBokehSettings:1      ; bokeh simulation when scattering]]
[2019.02.14-05.13.19:547][  0]LogConfig: Setting CVar [[r.DOF.Scatter.MaxSpriteRatio:0.1         ; only a maximum of 10% of scattered bokeh]]
[2019.02.14-05.13.19:547][  0]LogConfig: Setting CVar [[r.DOF.Recombine.Quality:1                ; cheap slight out of focus]]
[2019.02.14-05.13.19:547][  0]LogConfig: Setting CVar [[r.DOF.Recombine.EnableBokehSettings:0    ; no bokeh simulation on slight out of focus]]
[2019.02.14-05.13.19:547][  0]LogConfig: Setting CVar [[r.DOF.TemporalAAQuality:1                ; more stable temporal accumulation]]
[2019.02.14-05.13.19:547][  0]LogConfig: Setting CVar [[r.DOF.Kernel.MaxForegroundRadius:0.025]]
[2019.02.14-05.13.19:548][  0]LogConfig: Setting CVar [[r.DOF.Kernel.MaxBackgroundRadius:0.025]]
[2019.02.14-05.13.19:548][  0]LogConfig: Applying CVar settings from Section [TextureQuality@3] File [C:/Users/Connor/Documents/CP-School/Senior Project/GitRepos/Senior-Project-CPP-Testground/HSPGame/Saved/Config/Windows/Scalability.ini]
[2019.02.14-05.13.19:548][  0]LogConfig: Setting CVar [[r.Streaming.MipBias:0]]
[2019.02.14-05.13.19:548][  0]LogConfig: Setting CVar [[r.Streaming.AmortizeCPUToGPUCopy:0]]
[2019.02.14-05.13.19:548][  0]LogConfig: Setting CVar [[r.Streaming.MaxNumTexturesToStreamPerFrame:0]]
[2019.02.14-05.13.19:548][  0]LogConfig: Setting CVar [[r.Streaming.Boost:1]]
[2019.02.14-05.13.19:548][  0]LogConfig: Setting CVar [[r.MaxAnisotropy:8]]
[2019.02.14-05.13.19:548][  0]LogConfig: Setting CVar [[r.Streaming.LimitPoolSizeToVRAM:0]]
[2019.02.14-05.13.19:548][  0]LogConfig: Setting CVar [[r.Streaming.PoolSize:1000]]
[2019.02.14-05.13.19:548][  0]LogConfig: Setting CVar [[r.Streaming.MaxEffectiveScreenSize:0]]
[2019.02.14-05.13.19:548][  0]LogConfig: Applying CVar settings from Section [EffectsQuality@3] File [C:/Users/Connor/Documents/CP-School/Senior Project/GitRepos/Senior-Project-CPP-Testground/HSPGame/Saved/Config/Windows/Scalability.ini]
[2019.02.14-05.13.19:548][  0]LogConfig: Setting CVar [[r.TranslucencyLightingVolumeDim:64]]
[2019.02.14-05.13.19:548][  0]LogConfig: Setting CVar [[r.RefractionQuality:2]]
[2019.02.14-05.13.19:548][  0]LogConfig: Setting CVar [[r.SSR.Quality:3]]
[2019.02.14-05.13.19:548][  0]LogConfig: Setting CVar [[r.SceneColorFormat:4]]
[2019.02.14-05.13.19:548][  0]LogConfig: Setting CVar [[r.DetailMode:2]]
[2019.02.14-05.13.19:548][  0]LogConfig: Setting CVar [[r.TranslucencyVolumeBlur:1]]
[2019.02.14-05.13.19:548][  0]LogConfig: Setting CVar [[r.MaterialQualityLevel:1 ; High quality]]
[2019.02.14-05.13.19:548][  0]LogConfig: Setting CVar [[r.SSS.Scale:1]]
[2019.02.14-05.13.19:548][  0]LogConfig: Setting CVar [[r.SSS.SampleSet:2]]
[2019.02.14-05.13.19:549][  0]LogConfig: Setting CVar [[r.SSS.Quality:1]]
[2019.02.14-05.13.19:549][  0]LogConfig: Setting CVar [[r.SSS.HalfRes:1]]
[2019.02.14-05.13.19:549][  0]LogConfig: Setting CVar [[r.EmitterSpawnRateScale:1.0]]
[2019.02.14-05.13.19:549][  0]LogConfig: Setting CVar [[r.ParticleLightQuality:2]]
[2019.02.14-05.13.19:549][  0]LogConfig: Applying CVar settings from Section [FoliageQuality@3] File [C:/Users/Connor/Documents/CP-School/Senior Project/GitRepos/Senior-Project-CPP-Testground/HSPGame/Saved/Config/Windows/Scalability.ini]
[2019.02.14-05.13.19:549][  0]LogConfig: Setting CVar [[foliage.DensityScale:1.0]]
[2019.02.14-05.13.19:549][  0]LogConfig: Setting CVar [[grass.DensityScale:1.0]]
[2019.02.14-05.13.19:549][  0]LogConfig: Applying CVar settings from Section [Startup] File [../../../Engine/Config/ConsoleVariables.ini]
[2019.02.14-05.13.19:549][  0]LogConfig: Setting CVar [[net.UseAdaptiveNetUpdateFrequency:0]]
[2019.02.14-05.13.19:549][  0]LogConfig: Applying CVar settings from Section [ConsoleVariables] File [C:/Users/Connor/Documents/CP-School/Senior Project/GitRepos/Senior-Project-CPP-Testground/HSPGame/Saved/Config/Windows/Engine.ini]
[2019.02.14-05.13.19:549][  0]LogInit: Computer: UNIT-01-CON
[2019.02.14-05.13.19:549][  0]LogInit: User: Connor
[2019.02.14-05.13.19:549][  0]LogInit: CPU Page size=4096, Cores=6
[2019.02.14-05.13.19:549][  0]LogInit: High frequency timer resolution =2.156247 MHz
[2019.02.14-05.13.19:550][  0]LogMemory: Memory total: Physical=15.8GB (16GB approx)
[2019.02.14-05.13.19:550][  0]LogMemory: Platform Memory Stats for Windows
[2019.02.14-05.13.19:550][  0]LogMemory: Process Physical Memory: 104.93 MB used, 104.93 MB peak
[2019.02.14-05.13.19:550][  0]LogMemory: Process Virtual Memory: 93.33 MB used, 93.33 MB peak
[2019.02.14-05.13.19:550][  0]LogMemory: Physical Memory: 9952.93 MB used,  6274.61 MB free, 16227.53 MB total
[2019.02.14-05.13.19:550][  0]LogMemory: Virtual Memory: 4671.48 MB used,  134213056.00 MB free, 134217728.00 MB total
[2019.02.14-05.13.19:648][  0]LogInit: Using OS detected language (en-US).
[2019.02.14-05.13.19:648][  0]LogInit: Using OS detected locale (en-US).
[2019.02.14-05.13.19:649][  0]LogTextLocalizationManager: No specific localization for 'en-US' exists, so the 'en' localization will be used.
[2019.02.14-05.13.19:974][  0]LogStreaming: Display: Took  0.325s to InitEngineTextLocalization.
[2019.02.14-05.13.20:029][  0]LogSlate: New Slate User Created.  User Index 0, Is Virtual User: 0
[2019.02.14-05.13.20:030][  0]LogSlate: Slate User Registered.  User Index 0, Is Virtual User: 0
[2019.02.14-05.13.20:255][  0]LogHMD: Failed to initialize OpenVR with code 110
[2019.02.14-05.13.20:255][  0]LogD3D11RHI: D3D11 adapters:
[2019.02.14-05.13.20:344][  0]LogD3D11RHI:    0. 'NVIDIA GeForce GTX 1070 with Max-Q Design' (Feature Level 11_0)
[2019.02.14-05.13.20:344][  0]LogD3D11RHI:       8081/0/8113 MB DedicatedVideo/DedicatedSystem/SharedSystem, Outputs:2, VendorId:0x10de
[2019.02.14-05.13.20:367][  0]LogD3D11RHI:    1. 'Intel(R) UHD Graphics 630' (Feature Level 11_0)
[2019.02.14-05.13.20:367][  0]LogD3D11RHI:       128/0/8113 MB DedicatedVideo/DedicatedSystem/SharedSystem, Outputs:0, VendorId:0x8086
[2019.02.14-05.13.20:371][  0]LogD3D11RHI:    2. 'Microsoft Basic Render Driver' (Feature Level 11_0)
[2019.02.14-05.13.20:372][  0]LogD3D11RHI:       0/0/8113 MB DedicatedVideo/DedicatedSystem/SharedSystem, Outputs:0, VendorId:0x1414
[2019.02.14-05.13.20:372][  0]LogD3D11RHI: Chosen D3D11 Adapter: 0
[2019.02.14-05.13.20:399][  0]LogD3D11RHI: Creating new Direct3DDevice
[2019.02.14-05.13.20:399][  0]LogD3D11RHI:     GPU DeviceId: 0x1ba1 (for the marketing name, search the web for "GPU Device Id")
[2019.02.14-05.13.20:399][  0]LogWindows: EnumDisplayDevices:
[2019.02.14-05.13.20:399][  0]LogWindows:    0. 'Intel(R) UHD Graphics 630' (P:1 D:1)
[2019.02.14-05.13.20:400][  0]LogWindows:    1. 'Intel(R) UHD Graphics 630' (P:0 D:0)
[2019.02.14-05.13.20:400][  0]LogWindows:    2. 'Intel(R) UHD Graphics 630' (P:0 D:0)
[2019.02.14-05.13.20:400][  0]LogWindows:    3. 'NVIDIA GeForce GTX 1070 with Max-Q Design' (P:0 D:1)
[2019.02.14-05.13.20:400][  0]LogWindows:    4. 'NVIDIA GeForce GTX 1070 with Max-Q Design' (P:0 D:0)
[2019.02.14-05.13.20:400][  0]LogWindows:    5. 'NVIDIA GeForce GTX 1070 with Max-Q Design' (P:0 D:0)
[2019.02.14-05.13.20:400][  0]LogWindows:    6. 'NVIDIA GeForce GTX 1070 with Max-Q Design' (P:0 D:0)
[2019.02.14-05.13.20:400][  0]LogWindows: DebugString: PrimaryIsNotTheChoosenAdapter PrimaryIsNotTheChoosenAdapter PrimaryIsNotTheChoosenAdapter FoundDriverCount:4 
[2019.02.14-05.13.20:400][  0]LogD3D11RHI:     Adapter Name: NVIDIA GeForce GTX 1070 with Max-Q Design
[2019.02.14-05.13.20:400][  0]LogD3D11RHI:   Driver Version: 416.34 (internal:25.21.14.1634, unified:416.34)
[2019.02.14-05.13.20:400][  0]LogD3D11RHI:      Driver Date: 10-10-2018
[2019.02.14-05.13.20:400][  0]LogRHI: Texture pool is 5656 MB (70% of 8081 MB)
[2019.02.14-05.13.20:444][  0]LogD3D11RHI: Async texture creation enabled
[2019.02.14-05.13.20:475][  0]LogD3D11RHI: GPU Timing Frequency: 1000.000000 (Debug: 2 2)
[2019.02.14-05.13.20:816][  0]LogTemp: Display: Loaded TP AllDesktopTargetPlatform
[2019.02.14-05.13.20:833][  0]LogTemp: Display: Loaded TP MacClientTargetPlatform
[2019.02.14-05.13.20:851][  0]LogTemp: Display: Loaded TP MacNoEditorTargetPlatform
[2019.02.14-05.13.20:868][  0]LogTemp: Display: Loaded TP MacServerTargetPlatform
[2019.02.14-05.13.20:886][  0]LogTemp: Display: Loaded TP MacTargetPlatform
[2019.02.14-05.13.20:904][  0]LogTemp: Display: Loaded TP WindowsClientTargetPlatform
[2019.02.14-05.13.20:921][  0]LogTemp: Display: Loaded TP WindowsNoEditorTargetPlatform
[2019.02.14-05.13.20:937][  0]LogTemp: Display: Loaded TP WindowsServerTargetPlatform
[2019.02.14-05.13.20:950][  0]LogTemp: Display: Loaded TP WindowsTargetPlatform
[2019.02.14-05.13.21:029][  0]LogTemp: Display: Loaded TP AndroidTargetPlatform
[2019.02.14-05.13.21:029][  0]LogTemp: Display: Loaded TP AndroidTargetPlatform
[2019.02.14-05.13.21:029][  0]LogTemp: Display: Loaded TP AndroidTargetPlatform
[2019.02.14-05.13.21:029][  0]LogTemp: Display: Loaded TP AndroidTargetPlatform
[2019.02.14-05.13.21:029][  0]LogTemp: Display: Loaded TP AndroidTargetPlatform
[2019.02.14-05.13.21:030][  0]LogTemp: Display: Loaded TP AndroidTargetPlatform
[2019.02.14-05.13.21:030][  0]LogTemp: Display: Loaded TP AndroidTargetPlatform
[2019.02.14-05.13.21:030][  0]LogTemp: Display: Loaded TP AndroidTargetPlatform
[2019.02.14-05.13.21:030][  0]LogTemp: Display: Loaded TP AndroidTargetPlatform
[2019.02.14-05.13.21:030][  0]LogTemp: Display: Loaded TP AndroidTargetPlatform
[2019.02.14-05.13.21:030][  0]LogTemp: Display: Loaded TP AndroidTargetPlatform
[2019.02.14-05.13.21:030][  0]LogTemp: Display: Loaded TP AndroidTargetPlatform
[2019.02.14-05.13.21:030][  0]LogTemp: Display: Loaded TP AndroidTargetPlatform
[2019.02.14-05.13.21:030][  0]LogTemp: Display: Loaded TP AndroidTargetPlatform
[2019.02.14-05.13.21:030][  0]LogTemp: Display: Loaded TP AndroidTargetPlatform
[2019.02.14-05.13.21:030][  0]LogTemp: Display: Loaded TP AndroidTargetPlatform
[2019.02.14-05.13.21:030][  0]LogTemp: Display: Loaded TP AndroidTargetPlatform
[2019.02.14-05.13.21:030][  0]LogTemp: Display: Loaded TP AndroidTargetPlatform
[2019.02.14-05.13.21:035][  0]LogTemp: Display: Loaded TP HTML5TargetPlatform
[2019.02.14-05.13.21:111][  0]LogTemp: Display: Loaded TP IOSTargetPlatform
[2019.02.14-05.13.21:111][  0]LogTemp: Display: Loaded TP IOSTargetPlatform
[2019.02.14-05.13.21:135][  0]LogTemp: Display: Loaded TP TVOSTargetPlatform
[2019.02.14-05.13.21:135][  0]LogTemp: Display: Loaded TP TVOSTargetPlatform
[2019.02.14-05.13.21:150][  0]LogTemp: Display: Loaded TP LinuxClientTargetPlatform
[2019.02.14-05.13.21:164][  0]LogTemp: Display: Loaded TP LinuxNoEditorTargetPlatform
[2019.02.14-05.13.21:178][  0]LogTemp: Display: Loaded TP LinuxServerTargetPlatform
[2019.02.14-05.13.21:193][  0]LogTemp: Display: Loaded TP LinuxTargetPlatform
[2019.02.14-05.13.21:233][  0]LogTemp: Display: Loaded TP LuminTargetPlatform
[2019.02.14-05.13.21:233][  0]LogTemp: Display: Loaded TP LuminTargetPlatform
[2019.02.14-05.13.21:234][  0]LogTargetPlatformManager: Display: Building Assets For Windows
[2019.02.14-05.13.21:400][  0]LogShaderCompilers: Guid format shader working directory is -65 characters bigger than the processId version (../../../../../../Users/Connor/Documents/CP-School/Senior Project/GitRepos/Senior-Project-CPP-Testground/HSPGame/Intermediate/Shaders/WorkingDirectory/1636/).
[2019.02.14-05.13.21:401][  0]LogShaderCompilers: Cleaned the shader compiler working directory 'C:/Users/Connor/AppData/Local/Temp/UnrealShaderWorkingDir/D7B226484C57B599E90F0F98AEEA7D88/'.
[2019.02.14-05.13.21:405][  0]LogXGEController: Cleaning working directory: C:/Users/Connor/AppData/Local/Temp/UnrealXGEWorkingDir/
[2019.02.14-05.13.21:405][  0]LogXGEController: Cannot use XGE Controller as Incredibuild is not installed on this machine.
[2019.02.14-05.13.21:406][  0]LogShaderCompilers: Cannot use XGE Shader Compiler as Incredibuild is not installed on this machine.
[2019.02.14-05.13.21:406][  0]LogShaderCompilers: Display: Using Local Shader Compiler.
[2019.02.14-05.13.21:849][  0]LogDerivedDataCache: Display: Max Cache Size: 512 MB
[2019.02.14-05.13.21:897][  0]LogDerivedDataCache: Loaded boot cache 0.05s 71MB C:/Users/Connor/AppData/Local/UnrealEngine/4.21/DerivedDataCache/Boot.ddc.
[2019.02.14-05.13.21:897][  0]LogDerivedDataCache: Display: Loaded Boot cache: C:/Users/Connor/AppData/Local/UnrealEngine/4.21/DerivedDataCache/Boot.ddc
[2019.02.14-05.13.21:898][  0]LogDerivedDataCache: FDerivedDataBackendGraph:  Pak pak cache file ../../../../../../Users/Connor/Documents/CP-School/Senior Project/GitRepos/Senior-Project-CPP-Testground/HSPGame/DerivedDataCache/DDC.ddp not found, will not use a pak cache.
[2019.02.14-05.13.21:898][  0]LogDerivedDataCache: Unable to find inner node Pak for hierarchical cache Hierarchy.
[2019.02.14-05.13.21:898][  0]LogDerivedDataCache: FDerivedDataBackendGraph:  CompressedPak pak cache file ../../../../../../Users/Connor/Documents/CP-School/Senior Project/GitRepos/Senior-Project-CPP-Testground/HSPGame/DerivedDataCache/Compressed.ddp not found, will not use a pak cache.
[2019.02.14-05.13.21:898][  0]LogDerivedDataCache: Unable to find inner node CompressedPak for hierarchical cache Hierarchy.
[2019.02.14-05.13.21:909][  0]LogDerivedDataCache: Display: Pak cache opened for reading ../../../Engine/DerivedDataCache/Compressed.ddp.
[2019.02.14-05.13.21:909][  0]LogDerivedDataCache: FDerivedDataBackendGraph:  EnterprisePak pak cache file ../../../Enterprise/DerivedDataCache/Compressed.ddp not found, will not use a pak cache.
[2019.02.14-05.13.21:910][  0]LogDerivedDataCache: Unable to find inner node EnterprisePak for hierarchical cache Hierarchy.
[2019.02.14-05.13.21:923][  0]LogDerivedDataCache: Using Local data cache path C:/Users/Connor/AppData/Local/UnrealEngine/Common/DerivedDataCache: Writable
[2019.02.14-05.13.21:923][  0]LogDerivedDataCache: Shared data cache path not found in *engine.ini, will not use an Shared cache.
[2019.02.14-05.13.21:923][  0]LogDerivedDataCache: Unable to find inner node Shared for hierarchical cache Hierarchy.
[2019.02.14-05.13.21:943][  0]LogMaterial: Verifying Global Shaders for PCD3D_SM5
[2019.02.14-05.13.21:945][  0]LogSlate: Using FreeType 2.6.0
[2019.02.14-05.13.21:945][  0]LogSlate: SlateFontServices - WITH_FREETYPE: 1, WITH_HARFBUZZ: 1
[2019.02.14-05.13.22:025][  0]LogAssetRegistry: FAssetRegistry took 0.0335 seconds to start up
[2019.02.14-05.13.22:293][  0]LogInit: Selected Device Profile: [Windows]
[2019.02.14-05.13.22:480][  0]LogSimplygon: Simplygon DLL not present - disabling.
[2019.02.14-05.13.22:497][  0]LogMeshReduction: Using SimplygonSwarm for distributed automatic mesh merging
[2019.02.14-05.13.22:497][  0]LogMeshReduction: Using ProxyLODMeshReduction for automatic mesh merging
[2019.02.14-05.13.22:497][  0]LogMeshReduction: Using QuadricMeshReduction for automatic static mesh reduction
[2019.02.14-05.13.22:497][  0]LogMeshReduction: No automatic skeletal mesh reduction module available
[2019.02.14-05.13.22:509][  0]LogNetVersion: HSPGame 1.0.0, NetCL: 4541578, EngineNetVer: 5, GameNetVer: 0 (Checksum: 2893343623)
[2019.02.14-05.13.22:987][  0]LogPackageLocalizationCache: Processed 11 localized package path(s) for 2 prioritized culture(s) in 0.090603 seconds
[2019.02.14-05.13.22:992][  0]LogUObjectArray: 39775 objects as part of root set at end of initial load.
[2019.02.14-05.13.22:992][  0]LogUObjectAllocator: 6914656 out of 0 bytes used by permanent object pool.
[2019.02.14-05.13.22:993][  0]LogUObjectArray: CloseDisregardForGC: 0/0 objects in disregard for GC pool
[2019.02.14-05.13.24:032][  0]LogTcpMessaging: Initializing TcpMessaging bridge
[2019.02.14-05.13.24:051][  0]LogUdpMessaging: Initializing bridge on interface 0.0.0.0:0 to multicast group 230.0.0.1:6666.
[2019.02.14-05.13.24:728][  0]SourceControl: Source control is disabled
[2019.02.14-05.13.24:728][  0]SourceControl: Source control is disabled
[2019.02.14-05.13.24:742][  0]SourceControl: Source control is disabled
[2019.02.14-05.13.24:748][  0]SourceControl: Source control is disabled
[2019.02.14-05.13.25:094][  0]LogAndroidPermission: UAndroidPermissionCallbackProxy::GetInstance
[2019.02.14-05.13.25:265][  0]LogOcInput: OculusInput pre-init called
[2019.02.14-05.13.25:427][  0]LogEngine: Initializing Engine...
[2019.02.14-05.13.25:428][  0]LogHMD: Failed to initialize OpenVR with code 110
[2019.02.14-05.13.25:429][  0]LogStats: UGameplayTagsManager::ConstructGameplayTagTree: ImportINI prefixes -  0.000 s
[2019.02.14-05.13.25:429][  0]LogStats: UGameplayTagsManager::ConstructGameplayTagTree: Construct from data asset -  0.000 s
[2019.02.14-05.13.25:429][  0]LogStats: UGameplayTagsManager::ConstructGameplayTagTree: ImportINI -  0.000 s
[2019.02.14-05.13.25:429][  0]LogStats: UGameplayTagsManager::ConstructGameplayTagTree: GameplayTagTreeChangedEvent.Broadcast -  0.000 s
[2019.02.14-05.13.25:624][  0]LogInit: Initializing FReadOnlyCVARCache
[2019.02.14-05.13.25:645][  0]LogAIModule: Creating AISystem for world Untitled
[2019.02.14-05.13.25:674][  0]LogInit: XAudio2 using 'Speakers (Realtek(R) Audio)' : 2 channels at 48 kHz using 32 bits per sample (channel mask 0x3)
[2019.02.14-05.13.25:705][  0]LogInit: FAudioDevice initialized.
[2019.02.14-05.13.25:705][  0]LogNetVersion: Set ProjectVersion to 1.0.0.0. Version Checksum will be recalculated on next use.
[2019.02.14-05.13.25:786][  0]LogDerivedDataCache: Saved boot cache 0.08s 71MB C:/Users/Connor/AppData/Local/UnrealEngine/4.21/DerivedDataCache/Boot.ddc.
[2019.02.14-05.13.25:790][  0]LogInit: Texture streaming: Enabled
[2019.02.14-05.13.25:830][  0]LogEngineSessionManager: EngineSessionManager initialized
[2019.02.14-05.13.25:831][  0]LogEngineSessionManager: EngineSessionManager sent abnormal shutdown report. Type=Debugger, SessionId={0B7C8DD7-4328-C3B8-AD73-28B8BAD42AB5}
[2019.02.14-05.13.25:847][  0]LogInit: Transaction tracking system initialized
[2019.02.14-05.13.25:914][  0]BlueprintLog: New page: Editor Load
[2019.02.14-05.13.26:144][  0]LocalizationService: Localization service is disabled
[2019.02.14-05.13.26:652][  0]LogFileCache: Scanning file cache for directory 'C:/Users/Connor/Documents/CP-School/Senior Project/GitRepos/Senior-Project-CPP-Testground/HSPGame/Content/' took 0.02s
[2019.02.14-05.13.26:652][  0]LogCook: Display: Max memory allowance for cook 16384mb min free memory 0mb
[2019.02.14-05.13.26:653][  0]LogCook: Display: Mobile HDR setting 1
[2019.02.14-05.13.26:653][  0]LogGameplayTags: Display: UGameplayTagsManager::DoneAddingNativeTags. DelegateIsBound: 0
[2019.02.14-05.13.26:653][  0]LogStats: UGameplayTagsManager::ConstructGameplayTagTree: ImportINI prefixes -  0.000 s
[2019.02.14-05.13.26:653][  0]LogStats: UGameplayTagsManager::ConstructGameplayTagTree: Construct from data asset -  0.000 s
[2019.02.14-05.13.26:653][  0]LogStats: UGameplayTagsManager::ConstructGameplayTagTree: ImportINI -  0.000 s
[2019.02.14-05.13.26:653][  0]LogStats: UGameplayTagsManager::ConstructGameplayTagTree: GameplayTagTreeChangedEvent.Broadcast -  0.000 s
[2019.02.14-05.13.26:946][  0]SourceControl: Source control is disabled
[2019.02.14-05.13.26:946][  0]LightingResults: New page: Lighting Build
[2019.02.14-05.13.26:950][  0]MapCheck: New page: Map Check
[2019.02.14-05.13.26:950][  0]LightingResults: New page: Lighting Build
[2019.02.14-05.13.27:362][  0]LogAIModule: Creating AISystem for world Minimal_Default
[2019.02.14-05.13.27:442][  0]LogEditorServer: Finished looking for orphan Actors (0.000 secs)
[2019.02.14-05.13.27:468][  0]Cmd: MAP CHECKDEP NOCLEARLOG
[2019.02.14-05.13.27:468][  0]MapCheck: Map check complete: 0 Error(s), 0 Warning(s), took 0.127ms to complete.
[2019.02.14-05.13.27:468][  0]LogFileHelpers: Loading map 'Minimal_Default' took 0.522
[2019.02.14-05.13.27:559][  0]LogSlate: Updating window title bar state: overlay mode, drag disabled, window buttons hidden, title bar hidden
[2019.02.14-05.13.27:565][  0]LogSlate: Updating window title bar state: overlay mode, drag disabled, window buttons hidden, title bar hidden
[2019.02.14-05.13.27:570][  0]LogSlate: Updating window title bar state: overlay mode, drag disabled, window buttons hidden, title bar hidden
[2019.02.14-05.13.27:575][  0]LogSlate: Updating window title bar state: overlay mode, drag disabled, window buttons hidden, title bar hidden
[2019.02.14-05.13.27:589][  0]LogCollectionManager: Loaded 0 collections in 0.002697 seconds
[2019.02.14-05.13.27:607][  0]LogFileCache: Scanning file cache for directory 'C:/Users/Connor/Documents/CP-School/Senior Project/GitRepos/Senior-Project-CPP-Testground/HSPGame/Saved/Collections/' took 0.01s
[2019.02.14-05.13.27:607][  0]LogFileCache: Scanning file cache for directory 'C:/Users/Connor/Documents/CP-School/Senior Project/GitRepos/Senior-Project-CPP-Testground/HSPGame/Content/Developers/Connor/Collections/' took 0.00s
[2019.02.14-05.13.27:607][  0]LogFileCache: Scanning file cache for directory 'C:/Users/Connor/Documents/CP-School/Senior Project/GitRepos/Senior-Project-CPP-Testground/HSPGame/Content/Collections/' took 0.00s
[2019.02.14-05.13.27:607][  0]LogCollectionManager: Rebuilt the GUID cache for 0 collections in 0.000000 seconds
[2019.02.14-05.13.27:615][  0]LogContentBrowser: Native class hierarchy populated in 0.0075 seconds. Added 2656 classes and 622 folders.
[2019.02.14-05.13.27:622][  0]LogContentBrowser: Native class hierarchy updated for 'WidgetCarousel' in 0.0003 seconds. Added 0 classes and 0 folders.
[2019.02.14-05.13.27:624][  0]LogPakFile: Registered encryption key '00000000000000000000000000000000': 0 pak files mounted, 0 remain pending
[2019.02.14-05.13.27:624][  0]LogPakFile: Registered encryption key '00000000000000000000000000000000': 0 pak files mounted, 0 remain pending
[2019.02.14-05.13.27:625][  0]LogPakFile: Registered encryption key '00000000000000000000000000000000': 0 pak files mounted, 0 remain pending
[2019.02.14-05.13.27:625][  0]LogPakFile: Registered encryption key '00000000000000000000000000000000': 0 pak files mounted, 0 remain pending
[2019.02.14-05.13.27:626][  0]LogPakFile: Registered encryption key '00000000000000000000000000000000': 0 pak files mounted, 0 remain pending
[2019.02.14-05.13.27:626][  0]LogPakFile: Registered encryption key '00000000000000000000000000000000': 0 pak files mounted, 0 remain pending
[2019.02.14-05.13.27:627][  0]LogPakFile: Registered encryption key '00000000000000000000000000000000': 0 pak files mounted, 0 remain pending
[2019.02.14-05.13.27:627][  0]LogPakFile: Registered encryption key '00000000000000000000000000000000': 0 pak files mounted, 0 remain pending
[2019.02.14-05.13.27:628][  0]LogPakFile: Registered encryption key '00000000000000000000000000000000': 0 pak files mounted, 0 remain pending
[2019.02.14-05.13.27:628][  0]LogPakFile: Registered encryption key '00000000000000000000000000000000': 0 pak files mounted, 0 remain pending
[2019.02.14-05.13.27:628][  0]LogPakFile: Registered encryption key '00000000000000000000000000000000': 0 pak files mounted, 0 remain pending
[2019.02.14-05.13.27:629][  0]LogPakFile: Registered encryption key '00000000000000000000000000000000': 0 pak files mounted, 0 remain pending
[2019.02.14-05.13.27:629][  0]LogPakFile: Registered encryption key '00000000000000000000000000000000': 0 pak files mounted, 0 remain pending
[2019.02.14-05.13.27:630][  0]LogPakFile: Registered encryption key '00000000000000000000000000000000': 0 pak files mounted, 0 remain pending
[2019.02.14-05.13.27:630][  0]LogPakFile: Registered encryption key '00000000000000000000000000000000': 0 pak files mounted, 0 remain pending
[2019.02.14-05.13.27:631][  0]LogPakFile: Registered encryption key '00000000000000000000000000000000': 0 pak files mounted, 0 remain pending
[2019.02.14-05.13.27:631][  0]LogPakFile: Registered encryption key '00000000000000000000000000000000': 0 pak files mounted, 0 remain pending
[2019.02.14-05.13.27:632][  0]LogPakFile: Registered encryption key '00000000000000000000000000000000': 0 pak files mounted, 0 remain pending
[2019.02.14-05.13.27:632][  0]LogPakFile: Registered encryption key '00000000000000000000000000000000': 0 pak files mounted, 0 remain pending
[2019.02.14-05.13.27:632][  0]LogPakFile: Registered encryption key '00000000000000000000000000000000': 0 pak files mounted, 0 remain pending
[2019.02.14-05.13.27:633][  0]LogPakFile: Registered encryption key '00000000000000000000000000000000': 0 pak files mounted, 0 remain pending
[2019.02.14-05.13.27:633][  0]LogPakFile: Registered encryption key '00000000000000000000000000000000': 0 pak files mounted, 0 remain pending
[2019.02.14-05.13.27:634][  0]LogPakFile: Registered encryption key '00000000000000000000000000000000': 0 pak files mounted, 0 remain pending
[2019.02.14-05.13.27:634][  0]LogPakFile: Registered encryption key '00000000000000000000000000000000': 0 pak files mounted, 0 remain pending
[2019.02.14-05.13.27:635][  0]LogPakFile: Registered encryption key '00000000000000000000000000000000': 0 pak files mounted, 0 remain pending
[2019.02.14-05.13.27:635][  0]LogPakFile: Registered encryption key '00000000000000000000000000000000': 0 pak files mounted, 0 remain pending
[2019.02.14-05.13.27:667][  0]LogContentBrowser: Native class hierarchy updated for 'AddContentDialog' in 0.0004 seconds. Added 0 classes and 0 folders.
[2019.02.14-05.13.27:679][  0]LogContentBrowser: Native class hierarchy updated for 'SceneOutliner' in 0.0004 seconds. Added 1 classes and 2 folders.
[2019.02.14-05.13.27:692][  0]LogSlate: Took 0.000141 seconds to synchronously load lazily loaded font '../../../Engine/Content/Slate/Fonts/Roboto-Regular.ttf' (155K)
[2019.02.14-05.13.27:693][  0]LogSlate: Took 0.000147 seconds to synchronously load lazily loaded font '../../../Engine/Content/Slate/Fonts/Roboto-Bold.ttf' (160K)
[2019.02.14-05.13.27:700][  0]LogSlate: Took 0.000157 seconds to synchronously load lazily loaded font '../../../Engine/Content/Editor/Slate/Fonts/FontAwesome.ttf' (139K)
[2019.02.14-05.13.27:775][  0]LogRenderer: Reallocating scene render targets to support 964x436 Format 10 NumSamples 1 (Frame:1).
[2019.02.14-05.13.27:947][  0]LogContentBrowser: Native class hierarchy updated for 'HierarchicalLODOutliner' in 0.0004 seconds. Added 0 classes and 0 folders.
[2019.02.14-05.13.27:948][  0]LogLoad: (Engine Initialization) Total time: 10.72 seconds
[2019.02.14-05.13.27:948][  0]LogLoad: (Engine Initialization) Total Blueprint compile time: 0.00 seconds
[2019.02.14-05.13.27:966][  0]LogWindowsTextInputMethodSystem: Display: IME system now deactivated.
[2019.02.14-05.13.28:021][  0]LogContentStreaming: Texture pool size now 1000 MB
[2019.02.14-05.13.28:041][  0]LogSlate: Took 0.000115 seconds to synchronously load lazily loaded font '../../../Engine/Content/Slate/Fonts/Roboto-Light.ttf' (167K)
[2019.02.14-05.13.28:058][  1]LogAssetRegistry: Asset discovery search completed in 6.0570 seconds
[2019.02.14-05.13.28:059][  1]LogCollectionManager: Rebuilt the object cache for 0 collections in 0.000000 seconds (found 0 objects)
[2019.02.14-05.13.28:059][  1]LogCollectionManager: Fixed up redirectors for 0 collections in 0.000134 seconds (updated 0 objects)
[2019.02.14-05.13.30:259][131]LogSlate: FSceneViewport::OnFocusLost() reason 0
[2019.02.14-05.13.30:376][138]LogTemp: Repeating last play command: Selected Viewport
[2019.02.14-05.13.30:390][138]LogBlueprintUserMessages: Early PlayInEditor Detection: Level '/Game/StarterContent/Maps/Minimal_Default.Minimal_Default:PersistentLevel' has LevelScriptBlueprint '/Game/StarterContent/Maps/Minimal_Default.Minimal_Default:PersistentLevel.Minimal_Default' with GeneratedClass '/Game/StarterContent/Maps/Minimal_Default.Minimal_Default_C' with ClassGeneratedBy '/Game/StarterContent/Maps/Minimal_Default.Minimal_Default:PersistentLevel.Minimal_Default'
[2019.02.14-05.13.30:390][138]LogPlayLevel: PlayLevel: No blueprints needed recompiling
[2019.02.14-05.13.30:391][138]PIE: New page: PIE session: Minimal_Default (Feb 13, 2019, 1:13:30 PM)
[2019.02.14-05.13.30:406][138]LogPlayLevel: Creating play world package: /Game/StarterContent/Maps/UEDPIE_0_Minimal_Default
[2019.02.14-05.13.30:492][138]LogPlayLevel: PIE: StaticDuplicateObject took: (0.087133s)
[2019.02.14-05.13.30:493][138]LogAIModule: Creating AISystem for world Minimal_Default
[2019.02.14-05.13.30:494][138]LogPlayLevel: PIE: World Init took: (0.000961s)
[2019.02.14-05.13.30:494][138]LogPlayLevel: PIE: Created PIE world by copying editor world from /Game/StarterContent/Maps/Minimal_Default.Minimal_Default to /Game/StarterContent/Maps/UEDPIE_0_Minimal_Default.Minimal_Default (0.088891s)
[2019.02.14-05.13.30:530][138]LogInit: XAudio2 using 'Speakers (Realtek(R) Audio)' : 2 channels at 48 kHz using 32 bits per sample (channel mask 0x3)
[2019.02.14-05.13.30:536][138]LogInit: FAudioDevice initialized.
[2019.02.14-05.13.30:592][138]LogLoad: Game class is 'BP_HSPGameGameModeBase_C'
[2019.02.14-05.13.30:599][138]LogWorld: Bringing World /Game/StarterContent/Maps/UEDPIE_0_Minimal_Default.Minimal_Default up for play (max tick rate 60) at 2019.02.13-21.13.30
[2019.02.14-05.13.30:600][138]LogWorld: Bringing up level for play took: 0.006479
[2019.02.14-05.13.30:620][138]LogContentBrowser: Native class hierarchy updated for 'MovieSceneCapture' in 0.0004 seconds. Added 20 classes and 0 folders.
[2019.02.14-05.13.30:621][138]PIE: Play in editor start time for /Game/StarterContent/Maps/UEDPIE_0_Minimal_Default -0.335
[2019.02.14-05.13.30:621][138]LogBlueprintUserMessages: Late PlayInEditor Detection: Level '/Game/StarterContent/Maps/Minimal_Default.Minimal_Default:PersistentLevel' has LevelScriptBlueprint '/Game/StarterContent/Maps/Minimal_Default.Minimal_Default:PersistentLevel.Minimal_Default' with GeneratedClass '/Game/StarterContent/Maps/Minimal_Default.Minimal_Default_C' with ClassGeneratedBy '/Game/StarterContent/Maps/Minimal_Default.Minimal_Default:PersistentLevel.Minimal_Default'
[2019.02.14-05.13.42:001][820]LogBlueprintUserMessages: Early EndPlayMap Detection: Level '/Game/StarterContent/Maps/Minimal_Default.Minimal_Default:PersistentLevel' has LevelScriptBlueprint '/Game/StarterContent/Maps/Minimal_Default.Minimal_Default:PersistentLevel.Minimal_Default' with GeneratedClass '/Game/StarterContent/Maps/Minimal_Default.Minimal_Default_C' with ClassGeneratedBy '/Game/StarterContent/Maps/Minimal_Default.Minimal_Default:PersistentLevel.Minimal_Default'
[2019.02.14-05.13.42:001][820]LogSlate: Updating window title bar state: overlay mode, drag disabled, window buttons hidden, title bar hidden
[2019.02.14-05.13.42:044][820]LogPlayLevel: Display: Shutting down PIE online subsystems
[2019.02.14-05.13.42:044][820]LogBlueprintUserMessages: Late EndPlayMap Detection: Level '/Game/StarterContent/Maps/Minimal_Default.Minimal_Default:PersistentLevel' has LevelScriptBlueprint '/Game/StarterContent/Maps/Minimal_Default.Minimal_Default:PersistentLevel.Minimal_Default' with GeneratedClass '/Game/StarterContent/Maps/Minimal_Default.Minimal_Default_C' with ClassGeneratedBy '/Game/StarterContent/Maps/Minimal_Default.Minimal_Default:PersistentLevel.Minimal_Default'
[2019.02.14-05.13.42:068][820]LogSlate: Updating window title bar state: overlay mode, drag disabled, window buttons hidden, title bar hidden
[2019.02.14-05.13.42:105][822]LogPlayLevel: Display: Destroying online subsystem :Context_1
[2019.02.14-05.16.00:632][421]LogInit: XAudio2 using 'Speakers (Realtek(R) Audio)' : 2 channels at 48 kHz using 32 bits per sample (channel mask 0x3)
[2019.02.14-05.16.13:694][460]LogInit: XAudio2 using 'Speakers (Realtek(R) Audio)' : 2 channels at 48 kHz using 32 bits per sample (channel mask 0x3)
[2019.02.14-05.16.14:018][461]LogInit: XAudio2 using 'Speakers (Realtek(R) Audio)' : 2 channels at 48 kHz using 32 bits per sample (channel mask 0x3)
[2019.02.14-05.16.18:923][548]LogSlate: FSceneViewport::OnFocusLost() reason 0
[2019.02.14-05.16.18:990][551]Candidate modules for hot reload:
[2019.02.14-05.16.18:990][551]  HSPGame
[2019.02.14-05.16.18:991][551]Launching UnrealBuildTool... [C:/Program Files/Epic Games/UE_4.21/Engine/Binaries/DotNET/UnrealBuildTool.exe  -ModuleWithSuffix=HSPGame,3848 Win64 Development -TargetType=Editor -Project="../../../../../../Users/Connor/Documents/CP-School/Senior Project/GitRepos/Senior-Project-CPP-Testground/HSPGame/HSPGame.uproject" -canskiplink "C:/Users/Connor/Documents/CP-School/Senior Project/GitRepos/Senior-Project-CPP-Testground/HSPGame/HSPGame.uproject" ]
[2019.02.14-05.16.18:993][551]Warning: Starting HotReload took  0.0s.
[2019.02.14-05.16.36:441][599]CompilerResultsLog: New page: Compilation - Feb 13, 2019, 1:16:36 PM
[2019.02.14-05.16.36:441][599]CompilerResultsLog: Using 'git status' to determine working set for adaptive non-unity build (C:\Users\Connor\Documents\CP-School\Senior Project\GitRepos\Senior-Project-CPP-Testground).
[2019.02.14-05.16.36:441][599]CompilerResultsLog: Creating makefile for hot reloading HSPGameEditor (source directory changed)
[2019.02.14-05.16.36:442][599]CompilerResultsLog: Compiling game modules for hot reload
[2019.02.14-05.16.36:442][599]CompilerResultsLog: Using Visual Studio 2017 14.16.27023 toolchain (C:\Program Files (x86)\Microsoft Visual Studio\2017\Community\VC\Tools\MSVC\14.16.27023) and Windows 10.0.17763.0 SDK (C:\Program Files (x86)\Windows Kits\10).
[2019.02.14-05.16.36:442][599]CompilerResultsLog: Parsing headers for HSPGameEditor
[2019.02.14-05.16.36:442][599]CompilerResultsLog:   Running UnrealHeaderTool "C:\Users\Connor\Documents\CP-School\Senior Project\GitRepos\Senior-Project-CPP-Testground\HSPGame\HSPGame.uproject" "C:\Users\Connor\Documents\CP-School\Senior Project\GitRepos\Senior-Project-CPP-Testground\HSPGame\Intermediate\Build\Win64\HSPGameEditor\Development\HSPGameEditor.uhtmanifest" -LogCmds="loginit warning, logexit warning, logdatabase error" -Unattended -WarningsAsErrors -installed
[2019.02.14-05.16.36:442][599]CompilerResultsLog: Reflection code generated for HSPGameEditor in 9.0915581 seconds
[2019.02.14-05.16.36:442][599]CompilerResultsLog: Building 5 actions with 12 processes...
[2019.02.14-05.16.36:442][599]CompilerResultsLog:   [1/5] HSPGame.init.gen.cpp
[2019.02.14-05.16.36:442][599]CompilerResultsLog:   [2/5] ProtagClass.gen.cpp
[2019.02.14-05.16.36:442][599]CompilerResultsLog:   [3/5] ProtagClass.cpp
[2019.02.14-05.16.36:442][599]CompilerResultsLog:   [4/5] UE4Editor-HSPGame-3848.lib
[2019.02.14-05.16.36:443][599]CompilerResultsLog:      Creating library C:\Users\Connor\Documents\CP-School\Senior Project\GitRepos\Senior-Project-CPP-Testground\HSPGame\Intermediate\Build\Win64\UE4Editor\Development\HSPGame\UE4Editor-HSPGame-3848.lib and object C:\Users\Connor\Documents\CP-School\Senior Project\GitRepos\Senior-Project-CPP-Testground\HSPGame\Intermediate\Build\Win64\UE4Editor\Development\HSPGame\UE4Editor-HSPGame-3848.exp
[2019.02.14-05.16.36:443][599]CompilerResultsLog:   [5/5] UE4Editor-HSPGame-3848.dll
[2019.02.14-05.16.36:443][599]CompilerResultsLog:      Creating library C:\Users\Connor\Documents\CP-School\Senior Project\GitRepos\Senior-Project-CPP-Testground\HSPGame\Intermediate\Build\Win64\UE4Editor\Development\HSPGame\UE4Editor-HSPGame-3848.suppressed.lib and object C:\Users\Connor\Documents\CP-School\Senior Project\GitRepos\Senior-Project-CPP-Testground\HSPGame\Intermediate\Build\Win64\UE4Editor\Development\HSPGame\UE4Editor-HSPGame-3848.suppressed.exp
[2019.02.14-05.16.36:443][599]CompilerResultsLog: Total build time: 17.19 seconds (Parallel executor: 2.16 seconds)
[2019.02.14-05.16.36:443][599]LogMainFrame: MainFrame: Module compiling took 17.456 seconds
[2019.02.14-05.16.36:491][599]LogClass: Could not find existing class ProtagClass in package /Script/HSPGame for HotReload, assuming new class
[2019.02.14-05.16.36:491][599]LogClass: Function inSight is new.
[2019.02.14-05.16.36:491][599]LogClass: Function protagHit is new.
[2019.02.14-05.16.36:500][599]LogHotReload: Re-instancing ProtagClass after hot-reload.
[2019.02.14-05.16.36:625][599]LogContentBrowser: Native class hierarchy updated for 'HSPGame' in 0.0004 seconds. Added 5 classes and 2 folders.
[2019.02.14-05.16.36:627][599]Display: HotReload successful (0 functions remapped  0 scriptstructs remapped)
[2019.02.14-05.16.36:807][599]LogContentBrowser: Native class hierarchy populated in 0.0071 seconds. Added 2657 classes and 624 folders.
[2019.02.14-05.16.36:815][599]Display: HotReload took 17.8s.
[2019.02.14-05.16.38:149][679]LogTemp: Repeating last play command: Selected Viewport
[2019.02.14-05.16.38:165][679]LogBlueprintUserMessages: Early PlayInEditor Detection: Level '/Game/StarterContent/Maps/Minimal_Default.Minimal_Default:PersistentLevel' has LevelScriptBlueprint '/Game/StarterContent/Maps/Minimal_Default.Minimal_Default:PersistentLevel.Minimal_Default' with GeneratedClass '/Game/StarterContent/Maps/Minimal_Default.Minimal_Default_C' with ClassGeneratedBy '/Game/StarterContent/Maps/Minimal_Default.Minimal_Default:PersistentLevel.Minimal_Default'
[2019.02.14-05.16.38:165][679]LogPlayLevel: PlayLevel: No blueprints needed recompiling
[2019.02.14-05.16.38:165][679]PIE: New page: PIE session: Minimal_Default (Feb 13, 2019, 1:16:38 PM)
[2019.02.14-05.16.38:166][679]LogPlayLevel: Creating play world package: /Game/StarterContent/Maps/UEDPIE_0_Minimal_Default
[2019.02.14-05.16.38:207][679]LogPlayLevel: PIE: StaticDuplicateObject took: (0.041636s)
[2019.02.14-05.16.38:208][679]LogAIModule: Creating AISystem for world Minimal_Default
[2019.02.14-05.16.38:208][679]LogPlayLevel: PIE: World Init took: (0.000813s)
[2019.02.14-05.16.38:209][679]LogPlayLevel: PIE: Created PIE world by copying editor world from /Game/StarterContent/Maps/Minimal_Default.Minimal_Default to /Game/StarterContent/Maps/UEDPIE_0_Minimal_Default.Minimal_Default (0.043325s)
[2019.02.14-05.16.38:246][679]LogInit: XAudio2 using 'Speakers (Realtek(R) Audio)' : 2 channels at 48 kHz using 32 bits per sample (channel mask 0x3)
[2019.02.14-05.16.38:252][679]LogInit: FAudioDevice initialized.
[2019.02.14-05.16.38:288][679]LogLoad: Game class is 'BP_HSPGameGameModeBase_C'
[2019.02.14-05.16.38:294][679]LogWorld: Bringing World /Game/StarterContent/Maps/UEDPIE_0_Minimal_Default.Minimal_Default up for play (max tick rate 60) at 2019.02.13-21.16.38
[2019.02.14-05.16.38:295][679]LogWorld: Bringing up level for play took: 0.006187
[2019.02.14-05.16.38:310][679]PIE: Play in editor start time for /Game/StarterContent/Maps/UEDPIE_0_Minimal_Default -0.647
[2019.02.14-05.16.38:310][679]LogBlueprintUserMessages: Late PlayInEditor Detection: Level '/Game/StarterContent/Maps/Minimal_Default.Minimal_Default:PersistentLevel' has LevelScriptBlueprint '/Game/StarterContent/Maps/Minimal_Default.Minimal_Default:PersistentLevel.Minimal_Default' with GeneratedClass '/Game/StarterContent/Maps/Minimal_Default.Minimal_Default_C' with ClassGeneratedBy '/Game/StarterContent/Maps/Minimal_Default.Minimal_Default:PersistentLevel.Minimal_Default'
[2019.02.14-05.16.55:394][703]LogBlueprintUserMessages: Early EndPlayMap Detection: Level '/Game/StarterContent/Maps/Minimal_Default.Minimal_Default:PersistentLevel' has LevelScriptBlueprint '/Game/StarterContent/Maps/Minimal_Default.Minimal_Default:PersistentLevel.Minimal_Default' with GeneratedClass '/Game/StarterContent/Maps/Minimal_Default.Minimal_Default_C' with ClassGeneratedBy '/Game/StarterContent/Maps/Minimal_Default.Minimal_Default:PersistentLevel.Minimal_Default'
[2019.02.14-05.16.55:395][703]LogSlate: Updating window title bar state: overlay mode, drag disabled, window buttons hidden, title bar hidden
[2019.02.14-05.16.55:432][703]LogPlayLevel: Display: Shutting down PIE online subsystems
[2019.02.14-05.16.55:432][703]LogBlueprintUserMessages: Late EndPlayMap Detection: Level '/Game/StarterContent/Maps/Minimal_Default.Minimal_Default:PersistentLevel' has LevelScriptBlueprint '/Game/StarterContent/Maps/Minimal_Default.Minimal_Default:PersistentLevel.Minimal_Default' with GeneratedClass '/Game/StarterContent/Maps/Minimal_Default.Minimal_Default_C' with ClassGeneratedBy '/Game/StarterContent/Maps/Minimal_Default.Minimal_Default:PersistentLevel.Minimal_Default'
[2019.02.14-05.16.55:456][703]LogSlate: Updating window title bar state: overlay mode, drag disabled, window buttons hidden, title bar hidden
[2019.02.14-05.16.55:495][705]LogPlayLevel: Display: Destroying online subsystem :Context_2
[2019.02.14-05.16.58:405][879]LogSlate: FSceneViewport::OnFocusLost() reason 2
[2019.02.14-05.17.01:007][ 34]LogSlate: Took 0.000154 seconds to synchronously load lazily loaded font '../../../Engine/Content/Slate/Fonts/Roboto-Light.ttf' (167K)
[2019.02.14-05.17.01:009][ 34]LogSlate: FSceneViewport::OnFocusLost() reason 2
[2019.02.14-05.17.01:024][ 34]Running C:/Program Files/Epic Games/UE_4.21/Engine/Binaries/DotNET/UnrealBuildTool.exe  -projectfiles -project="C:/Users/Connor/Documents/CP-School/Senior Project/GitRepos/Senior-Project-CPP-Testground/HSPGame/HSPGame.uproject" -game -rocket -progress
[2019.02.14-05.17.01:228][ 34]Discovering modules, targets and source code for project...
[2019.02.14-05.17.02:738][ 34]Binding IntelliSense data...
[2019.02.14-05.17.03:848][ 34]Binding IntelliSense data... 100%
[2019.02.14-05.17.03:848][ 34]Writing project files...
[2019.02.14-05.17.05:765][ 34]Writing project files... 100%
