Log file open, 02/11/19 22:46:59
LogWindows: Failed to load 'aqProf.dll' (GetLastError=126)
LogWindows: File 'aqProf.dll' does not exist
LogWindows: Failed to load 'VtuneApi.dll' (GetLastError=126)
LogWindows: File 'VtuneApi.dll' does not exist
LogWindows: Failed to load 'VtuneApi32e.dll' (GetLastError=126)
LogWindows: File 'VtuneApi32e.dll' does not exist
LogConsoleResponse: Display: Failed to find resolution value strings in scalability ini. Falling back to default.
LogInit: Display: Running engine for game: HSPGame
LogPakFile: Registered encryption key '00000000000000000000000000000000': 0 pak files mounted, 0 remain pending
LogPlatformFile: Not using cached read wrapper
LogTaskGraph: Started task graph with 5 named threads and 23 total threads with 3 sets of task threads.
LogStats: Stats thread started at 0.387089
LogD3D11RHI: Loaded GFSDK_Aftermath_Lib.x64.dll
LogICUInternationalization: ICU TimeZone Detection - Raw Offset: -8:00, Platform Override: ''
LogPluginManager: Mounting plugin Paper2D
LogPluginManager: Mounting plugin AISupport
LogPluginManager: Mounting plugin LightPropagationVolume
LogPluginManager: Mounting plugin ActorLayerUtilities
LogPluginManager: Mounting plugin CLionSourceCodeAccess
LogPluginManager: Mounting plugin CodeLiteSourceCodeAccess
LogPluginManager: Mounting plugin GitSourceControl
LogPluginManager: Mounting plugin KDevelopSourceCodeAccess
LogPluginManager: Mounting plugin NullSourceCodeAccess
LogPluginManager: Mounting plugin PerforceSourceControl
LogPluginManager: Mounting plugin SubversionSourceControl
LogPluginManager: Mounting plugin UObjectPlugin
LogPluginManager: Mounting plugin VisualStudioCodeSourceCodeAccess
LogPluginManager: Mounting plugin VisualStudioSourceCodeAccess
LogPluginManager: Mounting plugin XCodeSourceCodeAccess
LogPluginManager: Mounting plugin AssetManagerEditor
LogPluginManager: Mounting plugin CryptoKeys
LogPluginManager: Mounting plugin DataValidation
LogPluginManager: Mounting plugin FacialAnimation
LogPluginManager: Mounting plugin GameplayTagsEditor
LogPluginManager: Mounting plugin MacGraphicsSwitching
LogPluginManager: Mounting plugin MeshEditor
LogPluginManager: Mounting plugin MobileLauncherProfileWizard
LogPluginManager: Mounting plugin PluginBrowser
LogPluginManager: Mounting plugin SpeedTreeImporter
LogPluginManager: Mounting plugin DatasmithContent
LogPluginManager: Mounting plugin VariantManagerContent
LogPluginManager: Mounting plugin AlembicImporter
LogPluginManager: Mounting plugin AppleImageUtils
LogPluginManager: Mounting plugin AppleVision
LogPluginManager: Mounting plugin BackChannel
LogPluginManager: Mounting plugin CharacterAI
LogPluginManager: Mounting plugin GeometryCache
LogPluginManager: Mounting plugin HTML5Networking
LogPluginManager: Mounting plugin ProxyLODPlugin
LogPluginManager: Mounting plugin MagicLeap
LogPluginManager: Mounting plugin MagicLeapMedia
LogPluginManager: Mounting plugin AndroidMedia
LogPluginManager: Mounting plugin AvfMedia
LogPluginManager: Mounting plugin ImgMedia
LogPluginManager: Mounting plugin LinearTimecode
LogPluginManager: Mounting plugin MediaCompositing
LogPluginManager: Mounting plugin MediaPlayerEditor
LogPluginManager: Mounting plugin WebMMedia
LogPluginManager: Mounting plugin WmfMedia
LogPluginManager: Mounting plugin TcpMessaging
LogPluginManager: Mounting plugin UdpMessaging
LogPluginManager: Mounting plugin ActorSequence
LogPluginManager: Mounting plugin LevelSequenceEditor
LogPluginManager: Mounting plugin MatineeToLevelSequence
LogPluginManager: Mounting plugin NetcodeUnitTest
LogPluginManager: Mounting plugin NUTUnrealEngine4
LogPluginManager: Mounting plugin OnlineSubsystemGooglePlay
LogPluginManager: Mounting plugin OnlineSubsystemIOS
LogPluginManager: Mounting plugin OnlineSubsystem
LogPluginManager: Mounting plugin OnlineSubsystemNull
LogPluginManager: Mounting plugin OnlineSubsystemUtils
LogPluginManager: Mounting plugin LauncherChunkInstaller
LogPluginManager: Mounting plugin AndroidDeviceProfileSelector
LogPluginManager: Mounting plugin AndroidMoviePlayer
LogPluginManager: Mounting plugin AndroidPermission
LogPluginManager: Mounting plugin AppleMoviePlayer
LogPluginManager: Mounting plugin ArchVisCharacter
LogPluginManager: Mounting plugin AudioCapture
LogPluginManager: Mounting plugin CableComponent
LogPluginManager: Mounting plugin CustomMeshComponent
LogPluginManager: Mounting plugin EditableMesh
LogPluginManager: Mounting plugin ExampleDeviceProfileSelector
LogPluginManager: Mounting plugin Firebase
LogPluginManager: Mounting plugin GoogleCloudMessaging
LogPluginManager: Mounting plugin IOSDeviceProfileSelector
LogPluginManager: Mounting plugin LinuxDeviceProfileSelector
LogPluginManager: Mounting plugin LocationServicesBPLibrary
LogPluginManager: Mounting plugin MobilePatchingUtils
LogPluginManager: Mounting plugin OculusVR
LogPluginManager: Mounting plugin PhysXVehicles
LogPluginManager: Mounting plugin ProceduralMeshComponent
LogPluginManager: Mounting plugin RuntimePhysXCooking
LogPluginManager: Mounting plugin SteamVR
LogPluginManager: Mounting plugin WebMMoviePlayer
LogPluginManager: Mounting plugin WindowsMoviePlayer
LogStreaming: Display: Took  0.079s to configure plugins.
LogInit: Using libcurl 7.55.1-DEV
LogInit:  - built for x86_64-pc-win32
LogInit:  - supports SSL with OpenSSL/1.0.2h
LogInit:  - supports HTTP deflate (compression) using libz 1.2.8
LogInit:  - other features:
LogInit:      CURL_VERSION_SSL
LogInit:      CURL_VERSION_LIBZ
LogInit:      CURL_VERSION_IPV6
LogInit:      CURL_VERSION_ASYNCHDNS
LogInit:      CURL_VERSION_LARGEFILE
LogInit:      CURL_VERSION_IDN
LogInit:  CurlRequestOptions (configurable via config and command line):
LogInit:  - bVerifyPeer = true  - Libcurl will verify peer certificate
LogInit:  - bUseHttpProxy = false  - Libcurl will NOT use HTTP proxy
LogInit:  - bDontReuseConnections = false  - Libcurl will reuse connections
LogInit:  - MaxHostConnections = 16  - Libcurl will limit the number of connections to a host
LogInit:  - LocalHostAddr = Default
LogInit:  - BufferSize = 65536
LogInit: WinSock: version 1.1 (2.2), MaxSocks=32767, MaxUdp=65467
LogInit: Build: ++UE4+Release-4.21-CL-4753647
LogInit: Engine Version: 4.21.2-4753647+++UE4+Release-4.21
LogInit: Compatible Engine Version: 4.21.0-4541578+++UE4+Release-4.21
LogInit: Net CL: 4541578
LogInit: OS: Windows 10 (), CPU: Intel(R) Core(TM) i7-6700K CPU @ 4.00GHz, GPU: NVIDIA GeForce RTX 2080
LogInit: Compiled (64-bit): Jan 19 2019 02:07:31
LogInit: Compiled with Visual C++: 19.13.26129.00
LogInit: Build Configuration: Development
LogInit: Branch Name: ++UE4+Release-4.21
LogInit: Command Line:  -skipcompile
LogInit: Base Directory: G:/Games/Epic/Games/UE_4.21/Engine/Binaries/Win64/
LogInit: Installed Engine Build: 1
LogDevObjectVersion: Number of dev versions registered: 22
LogDevObjectVersion:   Dev-Blueprints (B0D832E4-1F89-4F0D-ACCF-7EB736FD4AA2): 10
LogDevObjectVersion:   Dev-Build (E1C64328-A22C-4D53-A36C-8E866417BD8C): 0
LogDevObjectVersion:   Dev-Core (375EC13C-06E4-48FB-B500-84F0262A717E): 2
LogDevObjectVersion:   Dev-Editor (E4B068ED-F494-42E9-A231-DA0B2E46BB41): 26
LogDevObjectVersion:   Dev-Framework (CFFC743F-43B0-4480-9391-14DF171D2073): 34
LogDevObjectVersion:   Dev-Mobile (B02B49B5-BB20-44E9-A304-32B752E40360): 2
LogDevObjectVersion:   Dev-Networking (A4E4105C-59A1-49B5-A7C5-40C4547EDFEE): 0
LogDevObjectVersion:   Dev-Online (39C831C9-5AE6-47DC-9A44-9C173E1C8E7C): 0
LogDevObjectVersion:   Dev-Physics (78F01B33-EBEA-4F98-B9B4-84EACCB95AA2): 0
LogDevObjectVersion:   Dev-Platform (6631380F-2D4D-43E0-8009-CF276956A95A): 0
LogDevObjectVersion:   Dev-Rendering (12F88B9F-8875-4AFC-A67C-D90C383ABD29): 27
LogDevObjectVersion:   Dev-Sequencer (7B5AE74C-D270-4C10-A958-57980B212A5A): 9
LogDevObjectVersion:   Dev-VR (D7296918-1DD6-4BDD-9DE2-64A83CC13884): 2
LogDevObjectVersion:   Dev-LoadTimes (C2A15278-BFE7-4AFE-6C17-90FF531DF755): 1
LogDevObjectVersion:   Private-Geometry (6EACA3D4-40EC-4CC1-B786-8BED09428FC5): 3
LogDevObjectVersion:   Dev-AnimPhys (29E575DD-E0A3-4627-9D10-D276232CDCEA): 17
LogDevObjectVersion:   Dev-Anim (AF43A65D-7FD3-4947-9873-3E8ED9C1BB05): 2
LogDevObjectVersion:   Dev-ReflectionCapture (6B266CEC-1EC7-4B8F-A30B-E4D90942FC07): 1
LogDevObjectVersion:   Dev-Automation (0DF73D61-A23F-47EA-B727-89E90C41499A): 1
LogDevObjectVersion:   FortniteMain (601D1886-AC64-4F84-AA16-D3DE0DEAC7D6): 17
LogDevObjectVersion:   Dev-Enterprise (9DFFBCD6-494F-0158-E221-12823C92A888): 4
LogDevObjectVersion:   Dev-Niagara (F2AED0AC-9AFE-416F-8664-AA7FFA26D6FC): 1
LogStreaming: Display: Took  0.002s to delete old logs.
LogInit: Presizing for max 8388607 objects, including 0 objects not considered by GC, pre-allocating 0 bytes for permanent pool.
LogInit: Object subsystem initialized
LogConfig: Setting CVar [[con.DebugEarlyDefault:1]]
LogConfig: Setting CVar [[r.setres:1280x720]]
[2019.02.12-06.47.00:120][  0]LogConfig: Setting CVar [[r.VSync:0]]
[2019.02.12-06.47.00:120][  0]LogConfig: Setting CVar [[r.RHICmdBypass:0]]
[2019.02.12-06.47.00:120][  0]LogConfig: Applying CVar settings from Section [/Script/Engine.RendererSettings] File [C:/Users/gosus/Documents/CP-School/SeniorProject/gitRepos/Senior-Project-Game/HSPGame/Saved/Config/Windows/Engine.ini]
[2019.02.12-06.47.00:120][  0]LogConfig: Setting CVar [[r.GPUCrashDebugging:0]]
[2019.02.12-06.47.00:120][  0]LogConfig: Applying CVar settings from Section [/Script/Engine.RendererOverrideSettings] File [C:/Users/gosus/Documents/CP-School/SeniorProject/gitRepos/Senior-Project-Game/HSPGame/Saved/Config/Windows/Engine.ini]
[2019.02.12-06.47.00:120][  0]LogConfig: Applying CVar settings from Section [/Script/Engine.StreamingSettings] File [C:/Users/gosus/Documents/CP-School/SeniorProject/gitRepos/Senior-Project-Game/HSPGame/Saved/Config/Windows/Engine.ini]
[2019.02.12-06.47.00:120][  0]LogConfig: Setting CVar [[s.MinBulkDataSizeForAsyncLoading:131072]]
[2019.02.12-06.47.00:120][  0]LogConfig: Setting CVar [[s.AsyncLoadingThreadEnabled:0]]
[2019.02.12-06.47.00:120][  0]LogConfig: Setting CVar [[s.EventDrivenLoaderEnabled:1]]
[2019.02.12-06.47.00:120][  0]LogConfig: Setting CVar [[s.WarnIfTimeLimitExceeded:0]]
[2019.02.12-06.47.00:120][  0]LogConfig: Setting CVar [[s.TimeLimitExceededMultiplier:1.5]]
[2019.02.12-06.47.00:120][  0]LogConfig: Setting CVar [[s.TimeLimitExceededMinTime:0.005]]
[2019.02.12-06.47.00:120][  0]LogConfig: Setting CVar [[s.UseBackgroundLevelStreaming:1]]
[2019.02.12-06.47.00:120][  0]LogConfig: Setting CVar [[s.PriorityAsyncLoadingExtraTime:15.0]]
[2019.02.12-06.47.00:120][  0]LogConfig: Setting CVar [[s.LevelStreamingActorsUpdateTimeLimit:5.0]]
[2019.02.12-06.47.00:120][  0]LogConfig: Setting CVar [[s.PriorityLevelStreamingActorsUpdateExtraTime:5.0]]
[2019.02.12-06.47.00:120][  0]LogConfig: Setting CVar [[s.LevelStreamingComponentsRegistrationGranularity:10]]
[2019.02.12-06.47.00:121][  0]LogConfig: Setting CVar [[s.UnregisterComponentsTimeLimit:1.0]]
[2019.02.12-06.47.00:121][  0]LogConfig: Setting CVar [[s.LevelStreamingComponentsUnregistrationGranularity:5]]
[2019.02.12-06.47.00:121][  0]LogConfig: Applying CVar settings from Section [/Script/Engine.GarbageCollectionSettings] File [C:/Users/gosus/Documents/CP-School/SeniorProject/gitRepos/Senior-Project-Game/HSPGame/Saved/Config/Windows/Engine.ini]
[2019.02.12-06.47.00:121][  0]LogConfig: Setting CVar [[gc.MaxObjectsNotConsideredByGC:1]]
[2019.02.12-06.47.00:121][  0]LogConfig: Setting CVar [[gc.SizeOfPermanentObjectPool:0]]
[2019.02.12-06.47.00:121][  0]LogConfig: Setting CVar [[gc.FlushStreamingOnGC:0]]
[2019.02.12-06.47.00:121][  0]LogConfig: Setting CVar [[gc.NumRetriesBeforeForcingGC:10]]
[2019.02.12-06.47.00:121][  0]LogConfig: Setting CVar [[gc.AllowParallelGC:1]]
[2019.02.12-06.47.00:121][  0]LogConfig: Setting CVar [[gc.TimeBetweenPurgingPendingKillObjects:61.1]]
[2019.02.12-06.47.00:121][  0]LogConfig: Setting CVar [[gc.MaxObjectsInEditor:8388607]]
[2019.02.12-06.47.00:121][  0]LogConfig: Setting CVar [[gc.IncrementalBeginDestroyEnabled:1]]
[2019.02.12-06.47.00:121][  0]LogConfig: Setting CVar [[gc.CreateGCClusters:1]]
[2019.02.12-06.47.00:121][  0]LogConfig: Setting CVar [[gc.MergeGCClusters:0]]
[2019.02.12-06.47.00:121][  0]LogConfig: Setting CVar [[gc.MinGCClusterSize:5]]
[2019.02.12-06.47.00:121][  0]LogConfig: Setting CVar [[gc.ActorClusteringEnabled:0]]
[2019.02.12-06.47.00:121][  0]LogConfig: Setting CVar [[gc.BlueprintClusteringEnabled:0]]
[2019.02.12-06.47.00:121][  0]LogConfig: Setting CVar [[gc.UseDisregardForGCOnDedicatedServers:0]]
[2019.02.12-06.47.00:121][  0]LogConfig: Applying CVar settings from Section [/Script/Engine.NetworkSettings] File [C:/Users/gosus/Documents/CP-School/SeniorProject/gitRepos/Senior-Project-Game/HSPGame/Saved/Config/Windows/Engine.ini]
[2019.02.12-06.47.00:121][  0]LogConfig: Applying CVar settings from Section [/Script/UnrealEd.CookerSettings] File [C:/Users/gosus/Documents/CP-School/SeniorProject/gitRepos/Senior-Project-Game/HSPGame/Saved/Config/Windows/Engine.ini]
[2019.02.12-06.47.00:134][  0]LogConfig: Applying CVar settings from Section [ViewDistanceQuality@3] File [C:/Users/gosus/Documents/CP-School/SeniorProject/gitRepos/Senior-Project-Game/HSPGame/Saved/Config/Windows/Scalability.ini]
[2019.02.12-06.47.00:134][  0]LogConfig: Setting CVar [[r.SkeletalMeshLODBias:0]]
[2019.02.12-06.47.00:134][  0]LogConfig: Setting CVar [[r.ViewDistanceScale:1.0]]
[2019.02.12-06.47.00:134][  0]LogConfig: Applying CVar settings from Section [AntiAliasingQuality@3] File [C:/Users/gosus/Documents/CP-School/SeniorProject/gitRepos/Senior-Project-Game/HSPGame/Saved/Config/Windows/Scalability.ini]
[2019.02.12-06.47.00:134][  0]LogConfig: Setting CVar [[r.PostProcessAAQuality:4]]
[2019.02.12-06.47.00:134][  0]LogConfig: Applying CVar settings from Section [ShadowQuality@3] File [C:/Users/gosus/Documents/CP-School/SeniorProject/gitRepos/Senior-Project-Game/HSPGame/Saved/Config/Windows/Scalability.ini]
[2019.02.12-06.47.00:134][  0]LogConfig: Setting CVar [[r.LightFunctionQuality:1]]
[2019.02.12-06.47.00:134][  0]LogConfig: Setting CVar [[r.ShadowQuality:5]]
[2019.02.12-06.47.00:134][  0]LogConfig: Setting CVar [[r.Shadow.CSM.MaxCascades:10]]
[2019.02.12-06.47.00:135][  0]LogConfig: Setting CVar [[r.Shadow.MaxResolution:2048]]
[2019.02.12-06.47.00:135][  0]LogConfig: Setting CVar [[r.Shadow.MaxCSMResolution:2048]]
[2019.02.12-06.47.00:135][  0]LogConfig: Setting CVar [[r.Shadow.RadiusThreshold:0.01]]
[2019.02.12-06.47.00:135][  0]LogConfig: Setting CVar [[r.Shadow.DistanceScale:1.0]]
[2019.02.12-06.47.00:135][  0]LogConfig: Setting CVar [[r.Shadow.CSM.TransitionScale:1.0]]
[2019.02.12-06.47.00:135][  0]LogConfig: Setting CVar [[r.Shadow.PreShadowResolutionFactor:1.0]]
[2019.02.12-06.47.00:135][  0]LogConfig: Setting CVar [[r.DistanceFieldShadowing:1]]
[2019.02.12-06.47.00:135][  0]LogConfig: Setting CVar [[r.DistanceFieldAO:1]]
[2019.02.12-06.47.00:135][  0]LogConfig: Setting CVar [[r.AOQuality:2]]
[2019.02.12-06.47.00:135][  0]LogConfig: Setting CVar [[r.VolumetricFog:1]]
[2019.02.12-06.47.00:135][  0]LogConfig: Setting CVar [[r.VolumetricFog.GridPixelSize:8]]
[2019.02.12-06.47.00:135][  0]LogConfig: Setting CVar [[r.VolumetricFog.GridSizeZ:128]]
[2019.02.12-06.47.00:135][  0]LogConfig: Setting CVar [[r.VolumetricFog.HistoryMissSupersampleCount:4]]
[2019.02.12-06.47.00:135][  0]LogConfig: Setting CVar [[r.LightMaxDrawDistanceScale:1]]
[2019.02.12-06.47.00:135][  0]LogConfig: Setting CVar [[r.CapsuleShadows:1]]
[2019.02.12-06.47.00:135][  0]LogConfig: Applying CVar settings from Section [PostProcessQuality@3] File [C:/Users/gosus/Documents/CP-School/SeniorProject/gitRepos/Senior-Project-Game/HSPGame/Saved/Config/Windows/Scalability.ini]
[2019.02.12-06.47.00:135][  0]LogConfig: Setting CVar [[r.MotionBlurQuality:4]]
[2019.02.12-06.47.00:135][  0]LogConfig: Setting CVar [[r.AmbientOcclusionMipLevelFactor:0.4]]
[2019.02.12-06.47.00:135][  0]LogConfig: Setting CVar [[r.AmbientOcclusionMaxQuality:100]]
[2019.02.12-06.47.00:135][  0]LogConfig: Setting CVar [[r.AmbientOcclusionLevels:-1]]
[2019.02.12-06.47.00:135][  0]LogConfig: Setting CVar [[r.AmbientOcclusionRadiusScale:1.0]]
[2019.02.12-06.47.00:136][  0]LogConfig: Setting CVar [[r.DepthOfFieldQuality:2]]
[2019.02.12-06.47.00:136][  0]LogConfig: Setting CVar [[r.RenderTargetPoolMin:400]]
[2019.02.12-06.47.00:136][  0]LogConfig: Setting CVar [[r.LensFlareQuality:2]]
[2019.02.12-06.47.00:136][  0]LogConfig: Setting CVar [[r.SceneColorFringeQuality:1]]
[2019.02.12-06.47.00:136][  0]LogConfig: Setting CVar [[r.EyeAdaptationQuality:2]]
[2019.02.12-06.47.00:136][  0]LogConfig: Setting CVar [[r.BloomQuality:5]]
[2019.02.12-06.47.00:136][  0]LogConfig: Setting CVar [[r.FastBlurThreshold:100]]
[2019.02.12-06.47.00:136][  0]LogConfig: Setting CVar [[r.Upscale.Quality:3]]
[2019.02.12-06.47.00:136][  0]LogConfig: Setting CVar [[r.Tonemapper.GrainQuantization:1]]
[2019.02.12-06.47.00:136][  0]LogConfig: Setting CVar [[r.LightShaftQuality:1]]
[2019.02.12-06.47.00:136][  0]LogConfig: Setting CVar [[r.Filter.SizeScale:1]]
[2019.02.12-06.47.00:136][  0]LogConfig: Setting CVar [[r.Tonemapper.Quality:5]]
[2019.02.12-06.47.00:136][  0]LogConfig: Setting CVar [[r.DOF.Gather.AccumulatorQuality:1        ; higher gathering accumulator quality]]
[2019.02.12-06.47.00:136][  0]LogConfig: Setting CVar [[r.DOF.Gather.PostfilterMethod:1          ; Median3x3 postfilering method]]
[2019.02.12-06.47.00:136][  0]LogConfig: Setting CVar [[r.DOF.Gather.EnableBokehSettings:0       ; no bokeh simulation when gathering]]
[2019.02.12-06.47.00:136][  0]LogConfig: Setting CVar [[r.DOF.Gather.RingCount:4                 ; medium number of samples when gathering]]
[2019.02.12-06.47.00:136][  0]LogConfig: Setting CVar [[r.DOF.Scatter.ForegroundCompositing:1    ; additive foreground scattering]]
[2019.02.12-06.47.00:136][  0]LogConfig: Setting CVar [[r.DOF.Scatter.BackgroundCompositing:2    ; additive background scattering]]
[2019.02.12-06.47.00:136][  0]LogConfig: Setting CVar [[r.DOF.Scatter.EnableBokehSettings:1      ; bokeh simulation when scattering]]
[2019.02.12-06.47.00:136][  0]LogConfig: Setting CVar [[r.DOF.Scatter.MaxSpriteRatio:0.1         ; only a maximum of 10% of scattered bokeh]]
[2019.02.12-06.47.00:136][  0]LogConfig: Setting CVar [[r.DOF.Recombine.Quality:1                ; cheap slight out of focus]]
[2019.02.12-06.47.00:137][  0]LogConfig: Setting CVar [[r.DOF.Recombine.EnableBokehSettings:0    ; no bokeh simulation on slight out of focus]]
[2019.02.12-06.47.00:137][  0]LogConfig: Setting CVar [[r.DOF.TemporalAAQuality:1                ; more stable temporal accumulation]]
[2019.02.12-06.47.00:137][  0]LogConfig: Setting CVar [[r.DOF.Kernel.MaxForegroundRadius:0.025]]
[2019.02.12-06.47.00:137][  0]LogConfig: Setting CVar [[r.DOF.Kernel.MaxBackgroundRadius:0.025]]
[2019.02.12-06.47.00:137][  0]LogConfig: Applying CVar settings from Section [TextureQuality@3] File [C:/Users/gosus/Documents/CP-School/SeniorProject/gitRepos/Senior-Project-Game/HSPGame/Saved/Config/Windows/Scalability.ini]
[2019.02.12-06.47.00:137][  0]LogConfig: Setting CVar [[r.Streaming.MipBias:0]]
[2019.02.12-06.47.00:137][  0]LogConfig: Setting CVar [[r.Streaming.AmortizeCPUToGPUCopy:0]]
[2019.02.12-06.47.00:137][  0]LogConfig: Setting CVar [[r.Streaming.MaxNumTexturesToStreamPerFrame:0]]
[2019.02.12-06.47.00:137][  0]LogConfig: Setting CVar [[r.Streaming.Boost:1]]
[2019.02.12-06.47.00:137][  0]LogConfig: Setting CVar [[r.MaxAnisotropy:8]]
[2019.02.12-06.47.00:137][  0]LogConfig: Setting CVar [[r.Streaming.LimitPoolSizeToVRAM:0]]
[2019.02.12-06.47.00:137][  0]LogConfig: Setting CVar [[r.Streaming.PoolSize:1000]]
[2019.02.12-06.47.00:137][  0]LogConfig: Setting CVar [[r.Streaming.MaxEffectiveScreenSize:0]]
[2019.02.12-06.47.00:137][  0]LogConfig: Applying CVar settings from Section [EffectsQuality@3] File [C:/Users/gosus/Documents/CP-School/SeniorProject/gitRepos/Senior-Project-Game/HSPGame/Saved/Config/Windows/Scalability.ini]
[2019.02.12-06.47.00:137][  0]LogConfig: Setting CVar [[r.TranslucencyLightingVolumeDim:64]]
[2019.02.12-06.47.00:137][  0]LogConfig: Setting CVar [[r.RefractionQuality:2]]
[2019.02.12-06.47.00:137][  0]LogConfig: Setting CVar [[r.SSR.Quality:3]]
[2019.02.12-06.47.00:137][  0]LogConfig: Setting CVar [[r.SceneColorFormat:4]]
[2019.02.12-06.47.00:137][  0]LogConfig: Setting CVar [[r.DetailMode:2]]
[2019.02.12-06.47.00:138][  0]LogConfig: Setting CVar [[r.TranslucencyVolumeBlur:1]]
[2019.02.12-06.47.00:138][  0]LogConfig: Setting CVar [[r.MaterialQualityLevel:1 ; High quality]]
[2019.02.12-06.47.00:138][  0]LogConfig: Setting CVar [[r.SSS.Scale:1]]
[2019.02.12-06.47.00:138][  0]LogConfig: Setting CVar [[r.SSS.SampleSet:2]]
[2019.02.12-06.47.00:138][  0]LogConfig: Setting CVar [[r.SSS.Quality:1]]
[2019.02.12-06.47.00:138][  0]LogConfig: Setting CVar [[r.SSS.HalfRes:1]]
[2019.02.12-06.47.00:138][  0]LogConfig: Setting CVar [[r.EmitterSpawnRateScale:1.0]]
[2019.02.12-06.47.00:138][  0]LogConfig: Setting CVar [[r.ParticleLightQuality:2]]
[2019.02.12-06.47.00:138][  0]LogConfig: Applying CVar settings from Section [FoliageQuality@3] File [C:/Users/gosus/Documents/CP-School/SeniorProject/gitRepos/Senior-Project-Game/HSPGame/Saved/Config/Windows/Scalability.ini]
[2019.02.12-06.47.00:138][  0]LogConfig: Setting CVar [[foliage.DensityScale:1.0]]
[2019.02.12-06.47.00:138][  0]LogConfig: Setting CVar [[grass.DensityScale:1.0]]
[2019.02.12-06.47.00:138][  0]LogInit: Selected Device Profile: [Windows]
[2019.02.12-06.47.00:138][  0]LogInit: Applying CVar settings loaded from the selected device profile: [Windows]
[2019.02.12-06.47.00:150][  0]LogHAL: Display: Platform has ~ 32 GB [34313105408 / 34359738368 / 32], which maps to Largest [LargestMinGB=32, LargerMinGB=12, DefaultMinGB=8, SmallerMinGB=6, SmallestMinGB=0)
[2019.02.12-06.47.00:150][  0]LogConfig: Setting CVar [[r.Vulkan.UseRealUBs:1]]
[2019.02.12-06.47.00:150][  0]LogInit: Going up to parent DeviceProfile []
[2019.02.12-06.47.00:150][  0]LogConfig: Applying CVar settings from Section [ViewDistanceQuality@3] File [C:/Users/gosus/Documents/CP-School/SeniorProject/gitRepos/Senior-Project-Game/HSPGame/Saved/Config/Windows/Scalability.ini]
[2019.02.12-06.47.00:150][  0]LogConfig: Setting CVar [[r.SkeletalMeshLODBias:0]]
[2019.02.12-06.47.00:150][  0]LogConfig: Setting CVar [[r.ViewDistanceScale:1.0]]
[2019.02.12-06.47.00:150][  0]LogConfig: Applying CVar settings from Section [AntiAliasingQuality@3] File [C:/Users/gosus/Documents/CP-School/SeniorProject/gitRepos/Senior-Project-Game/HSPGame/Saved/Config/Windows/Scalability.ini]
[2019.02.12-06.47.00:151][  0]LogConfig: Setting CVar [[r.PostProcessAAQuality:4]]
[2019.02.12-06.47.00:151][  0]LogConfig: Applying CVar settings from Section [ShadowQuality@3] File [C:/Users/gosus/Documents/CP-School/SeniorProject/gitRepos/Senior-Project-Game/HSPGame/Saved/Config/Windows/Scalability.ini]
[2019.02.12-06.47.00:151][  0]LogConfig: Setting CVar [[r.LightFunctionQuality:1]]
[2019.02.12-06.47.00:151][  0]LogConfig: Setting CVar [[r.ShadowQuality:5]]
[2019.02.12-06.47.00:151][  0]LogConfig: Setting CVar [[r.Shadow.CSM.MaxCascades:10]]
[2019.02.12-06.47.00:151][  0]LogConfig: Setting CVar [[r.Shadow.MaxResolution:2048]]
[2019.02.12-06.47.00:151][  0]LogConfig: Setting CVar [[r.Shadow.MaxCSMResolution:2048]]
[2019.02.12-06.47.00:151][  0]LogConfig: Setting CVar [[r.Shadow.RadiusThreshold:0.01]]
[2019.02.12-06.47.00:151][  0]LogConfig: Setting CVar [[r.Shadow.DistanceScale:1.0]]
[2019.02.12-06.47.00:151][  0]LogConfig: Setting CVar [[r.Shadow.CSM.TransitionScale:1.0]]
[2019.02.12-06.47.00:151][  0]LogConfig: Setting CVar [[r.Shadow.PreShadowResolutionFactor:1.0]]
[2019.02.12-06.47.00:151][  0]LogConfig: Setting CVar [[r.DistanceFieldShadowing:1]]
[2019.02.12-06.47.00:151][  0]LogConfig: Setting CVar [[r.DistanceFieldAO:1]]
[2019.02.12-06.47.00:151][  0]LogConfig: Setting CVar [[r.AOQuality:2]]
[2019.02.12-06.47.00:151][  0]LogConfig: Setting CVar [[r.VolumetricFog:1]]
[2019.02.12-06.47.00:151][  0]LogConfig: Setting CVar [[r.VolumetricFog.GridPixelSize:8]]
[2019.02.12-06.47.00:151][  0]LogConfig: Setting CVar [[r.VolumetricFog.GridSizeZ:128]]
[2019.02.12-06.47.00:151][  0]LogConfig: Setting CVar [[r.VolumetricFog.HistoryMissSupersampleCount:4]]
[2019.02.12-06.47.00:151][  0]LogConfig: Setting CVar [[r.LightMaxDrawDistanceScale:1]]
[2019.02.12-06.47.00:151][  0]LogConfig: Setting CVar [[r.CapsuleShadows:1]]
[2019.02.12-06.47.00:151][  0]LogConfig: Applying CVar settings from Section [PostProcessQuality@3] File [C:/Users/gosus/Documents/CP-School/SeniorProject/gitRepos/Senior-Project-Game/HSPGame/Saved/Config/Windows/Scalability.ini]
[2019.02.12-06.47.00:152][  0]LogConfig: Setting CVar [[r.MotionBlurQuality:4]]
[2019.02.12-06.47.00:152][  0]LogConfig: Setting CVar [[r.AmbientOcclusionMipLevelFactor:0.4]]
[2019.02.12-06.47.00:152][  0]LogConfig: Setting CVar [[r.AmbientOcclusionMaxQuality:100]]
[2019.02.12-06.47.00:152][  0]LogConfig: Setting CVar [[r.AmbientOcclusionLevels:-1]]
[2019.02.12-06.47.00:152][  0]LogConfig: Setting CVar [[r.AmbientOcclusionRadiusScale:1.0]]
[2019.02.12-06.47.00:152][  0]LogConfig: Setting CVar [[r.DepthOfFieldQuality:2]]
[2019.02.12-06.47.00:152][  0]LogConfig: Setting CVar [[r.RenderTargetPoolMin:400]]
[2019.02.12-06.47.00:152][  0]LogConfig: Setting CVar [[r.LensFlareQuality:2]]
[2019.02.12-06.47.00:152][  0]LogConfig: Setting CVar [[r.SceneColorFringeQuality:1]]
[2019.02.12-06.47.00:152][  0]LogConfig: Setting CVar [[r.EyeAdaptationQuality:2]]
[2019.02.12-06.47.00:152][  0]LogConfig: Setting CVar [[r.BloomQuality:5]]
[2019.02.12-06.47.00:152][  0]LogConfig: Setting CVar [[r.FastBlurThreshold:100]]
[2019.02.12-06.47.00:152][  0]LogConfig: Setting CVar [[r.Upscale.Quality:3]]
[2019.02.12-06.47.00:152][  0]LogConfig: Setting CVar [[r.Tonemapper.GrainQuantization:1]]
[2019.02.12-06.47.00:152][  0]LogConfig: Setting CVar [[r.LightShaftQuality:1]]
[2019.02.12-06.47.00:152][  0]LogConfig: Setting CVar [[r.Filter.SizeScale:1]]
[2019.02.12-06.47.00:152][  0]LogConfig: Setting CVar [[r.Tonemapper.Quality:5]]
[2019.02.12-06.47.00:152][  0]LogConfig: Setting CVar [[r.DOF.Gather.AccumulatorQuality:1        ; higher gathering accumulator quality]]
[2019.02.12-06.47.00:152][  0]LogConfig: Setting CVar [[r.DOF.Gather.PostfilterMethod:1          ; Median3x3 postfilering method]]
[2019.02.12-06.47.00:152][  0]LogConfig: Setting CVar [[r.DOF.Gather.EnableBokehSettings:0       ; no bokeh simulation when gathering]]
[2019.02.12-06.47.00:152][  0]LogConfig: Setting CVar [[r.DOF.Gather.RingCount:4                 ; medium number of samples when gathering]]
[2019.02.12-06.47.00:153][  0]LogConfig: Setting CVar [[r.DOF.Scatter.ForegroundCompositing:1    ; additive foreground scattering]]
[2019.02.12-06.47.00:153][  0]LogConfig: Setting CVar [[r.DOF.Scatter.BackgroundCompositing:2    ; additive background scattering]]
[2019.02.12-06.47.00:153][  0]LogConfig: Setting CVar [[r.DOF.Scatter.EnableBokehSettings:1      ; bokeh simulation when scattering]]
[2019.02.12-06.47.00:153][  0]LogConfig: Setting CVar [[r.DOF.Scatter.MaxSpriteRatio:0.1         ; only a maximum of 10% of scattered bokeh]]
[2019.02.12-06.47.00:153][  0]LogConfig: Setting CVar [[r.DOF.Recombine.Quality:1                ; cheap slight out of focus]]
[2019.02.12-06.47.00:153][  0]LogConfig: Setting CVar [[r.DOF.Recombine.EnableBokehSettings:0    ; no bokeh simulation on slight out of focus]]
[2019.02.12-06.47.00:153][  0]LogConfig: Setting CVar [[r.DOF.TemporalAAQuality:1                ; more stable temporal accumulation]]
[2019.02.12-06.47.00:153][  0]LogConfig: Setting CVar [[r.DOF.Kernel.MaxForegroundRadius:0.025]]
[2019.02.12-06.47.00:153][  0]LogConfig: Setting CVar [[r.DOF.Kernel.MaxBackgroundRadius:0.025]]
[2019.02.12-06.47.00:153][  0]LogConfig: Applying CVar settings from Section [TextureQuality@3] File [C:/Users/gosus/Documents/CP-School/SeniorProject/gitRepos/Senior-Project-Game/HSPGame/Saved/Config/Windows/Scalability.ini]
[2019.02.12-06.47.00:153][  0]LogConfig: Setting CVar [[r.Streaming.MipBias:0]]
[2019.02.12-06.47.00:153][  0]LogConfig: Setting CVar [[r.Streaming.AmortizeCPUToGPUCopy:0]]
[2019.02.12-06.47.00:153][  0]LogConfig: Setting CVar [[r.Streaming.MaxNumTexturesToStreamPerFrame:0]]
[2019.02.12-06.47.00:153][  0]LogConfig: Setting CVar [[r.Streaming.Boost:1]]
[2019.02.12-06.47.00:153][  0]LogConfig: Setting CVar [[r.MaxAnisotropy:8]]
[2019.02.12-06.47.00:153][  0]LogConfig: Setting CVar [[r.Streaming.LimitPoolSizeToVRAM:0]]
[2019.02.12-06.47.00:153][  0]LogConfig: Setting CVar [[r.Streaming.PoolSize:1000]]
[2019.02.12-06.47.00:153][  0]LogConfig: Setting CVar [[r.Streaming.MaxEffectiveScreenSize:0]]
[2019.02.12-06.47.00:153][  0]LogConfig: Applying CVar settings from Section [EffectsQuality@3] File [C:/Users/gosus/Documents/CP-School/SeniorProject/gitRepos/Senior-Project-Game/HSPGame/Saved/Config/Windows/Scalability.ini]
[2019.02.12-06.47.00:153][  0]LogConfig: Setting CVar [[r.TranslucencyLightingVolumeDim:64]]
[2019.02.12-06.47.00:153][  0]LogConfig: Setting CVar [[r.RefractionQuality:2]]
[2019.02.12-06.47.00:154][  0]LogConfig: Setting CVar [[r.SSR.Quality:3]]
[2019.02.12-06.47.00:154][  0]LogConfig: Setting CVar [[r.SceneColorFormat:4]]
[2019.02.12-06.47.00:154][  0]LogConfig: Setting CVar [[r.DetailMode:2]]
[2019.02.12-06.47.00:154][  0]LogConfig: Setting CVar [[r.TranslucencyVolumeBlur:1]]
[2019.02.12-06.47.00:154][  0]LogConfig: Setting CVar [[r.MaterialQualityLevel:1 ; High quality]]
[2019.02.12-06.47.00:154][  0]LogConfig: Setting CVar [[r.SSS.Scale:1]]
[2019.02.12-06.47.00:154][  0]LogConfig: Setting CVar [[r.SSS.SampleSet:2]]
[2019.02.12-06.47.00:154][  0]LogConfig: Setting CVar [[r.SSS.Quality:1]]
[2019.02.12-06.47.00:154][  0]LogConfig: Setting CVar [[r.SSS.HalfRes:1]]
[2019.02.12-06.47.00:154][  0]LogConfig: Setting CVar [[r.EmitterSpawnRateScale:1.0]]
[2019.02.12-06.47.00:154][  0]LogConfig: Setting CVar [[r.ParticleLightQuality:2]]
[2019.02.12-06.47.00:154][  0]LogConfig: Applying CVar settings from Section [FoliageQuality@3] File [C:/Users/gosus/Documents/CP-School/SeniorProject/gitRepos/Senior-Project-Game/HSPGame/Saved/Config/Windows/Scalability.ini]
[2019.02.12-06.47.00:154][  0]LogConfig: Setting CVar [[foliage.DensityScale:1.0]]
[2019.02.12-06.47.00:154][  0]LogConfig: Setting CVar [[grass.DensityScale:1.0]]
[2019.02.12-06.47.00:154][  0]LogConfig: Applying CVar settings from Section [Startup] File [../../../Engine/Config/ConsoleVariables.ini]
[2019.02.12-06.47.00:154][  0]LogConfig: Setting CVar [[net.UseAdaptiveNetUpdateFrequency:0]]
[2019.02.12-06.47.00:155][  0]LogConfig: Applying CVar settings from Section [ConsoleVariables] File [C:/Users/gosus/Documents/CP-School/SeniorProject/gitRepos/Senior-Project-Game/HSPGame/Saved/Config/Windows/Engine.ini]
[2019.02.12-06.47.00:155][  0]LogInit: Computer: UNIT-01
[2019.02.12-06.47.00:155][  0]LogInit: User: gosus
[2019.02.12-06.47.00:155][  0]LogInit: CPU Page size=4096, Cores=4
[2019.02.12-06.47.00:155][  0]LogInit: High frequency timer resolution =10.000000 MHz
[2019.02.12-06.47.00:155][  0]LogMemory: Memory total: Physical=32.0GB (32GB approx)
[2019.02.12-06.47.00:155][  0]LogMemory: Platform Memory Stats for Windows
[2019.02.12-06.47.00:155][  0]LogMemory: Process Physical Memory: 102.48 MB used, 102.49 MB peak
[2019.02.12-06.47.00:155][  0]LogMemory: Process Virtual Memory: 92.06 MB used, 92.06 MB peak
[2019.02.12-06.47.00:155][  0]LogMemory: Physical Memory: 13697.93 MB used,  19025.59 MB free, 32723.53 MB total
[2019.02.12-06.47.00:155][  0]LogMemory: Virtual Memory: 4649.98 MB used,  134213080.00 MB free, 134217728.00 MB total
[2019.02.12-06.47.00:247][  0]LogInit: Using OS detected language (en-US).
[2019.02.12-06.47.00:247][  0]LogInit: Using OS detected locale (en-US).
[2019.02.12-06.47.00:247][  0]LogTextLocalizationManager: No specific localization for 'en-US' exists, so the 'en' localization will be used.
[2019.02.12-06.47.00:577][  0]LogStreaming: Display: Took  0.331s to InitEngineTextLocalization.
[2019.02.12-06.47.00:578][  0]LogInit: Setting process to per monitor DPI aware
[2019.02.12-06.47.00:644][  0]LogSlate: New Slate User Created.  User Index 0, Is Virtual User: 0
[2019.02.12-06.47.00:644][  0]LogSlate: Slate User Registered.  User Index 0, Is Virtual User: 0
[2019.02.12-06.47.00:804][  0]LogHMD: Failed to initialize OpenVR with code 110
[2019.02.12-06.47.00:804][  0]LogD3D11RHI: D3D11 adapters:
[2019.02.12-06.47.00:935][  0]LogD3D11RHI:    0. 'NVIDIA GeForce RTX 2080' (Feature Level 11_0)
[2019.02.12-06.47.00:935][  0]LogD3D11RHI:       8010/0/16361 MB DedicatedVideo/DedicatedSystem/SharedSystem, Outputs:2, VendorId:0x10de
[2019.02.12-06.47.00:940][  0]LogD3D11RHI:    1. 'Microsoft Basic Render Driver' (Feature Level 11_0)
[2019.02.12-06.47.00:940][  0]LogD3D11RHI:       0/0/16361 MB DedicatedVideo/DedicatedSystem/SharedSystem, Outputs:0, VendorId:0x1414
[2019.02.12-06.47.00:940][  0]LogD3D11RHI: Chosen D3D11 Adapter: 0
[2019.02.12-06.47.00:947][  0]LogD3D11RHI: Creating new Direct3DDevice
[2019.02.12-06.47.00:947][  0]LogD3D11RHI:     GPU DeviceId: 0x1e87 (for the marketing name, search the web for "GPU Device Id")
[2019.02.12-06.47.00:947][  0]LogWindows: EnumDisplayDevices:
[2019.02.12-06.47.00:947][  0]LogWindows:    0. 'NVIDIA GeForce RTX 2080' (P:1 D:1)
[2019.02.12-06.47.00:947][  0]LogWindows:    1. 'NVIDIA GeForce RTX 2080' (P:0 D:1)
[2019.02.12-06.47.00:948][  0]LogWindows:    2. 'NVIDIA GeForce RTX 2080' (P:0 D:0)
[2019.02.12-06.47.00:948][  0]LogWindows:    3. 'NVIDIA GeForce RTX 2080' (P:0 D:0)
[2019.02.12-06.47.00:948][  0]LogWindows: DebugString: FoundDriverCount:4 
[2019.02.12-06.47.00:948][  0]LogD3D11RHI:     Adapter Name: NVIDIA GeForce RTX 2080
[2019.02.12-06.47.00:948][  0]LogD3D11RHI:   Driver Version: 417.71 (internal:25.21.14.1771, unified:417.71)
[2019.02.12-06.47.00:948][  0]LogD3D11RHI:      Driver Date: 1-11-2019
[2019.02.12-06.47.00:948][  0]LogRHI: Texture pool is 5607 MB (70% of 8010 MB)
[2019.02.12-06.47.00:998][  0]LogD3D11RHI: Async texture creation enabled
[2019.02.12-06.47.01:013][  0]LogD3D11RHI: GPU Timing Frequency: 1000.000000 (Debug: 2 2)
[2019.02.12-06.47.01:345][  0]LogTemp: Display: Loaded TP AllDesktopTargetPlatform
[2019.02.12-06.47.01:358][  0]LogTemp: Display: Loaded TP MacClientTargetPlatform
[2019.02.12-06.47.01:372][  0]LogTemp: Display: Loaded TP MacNoEditorTargetPlatform
[2019.02.12-06.47.01:385][  0]LogTemp: Display: Loaded TP MacServerTargetPlatform
[2019.02.12-06.47.01:399][  0]LogTemp: Display: Loaded TP MacTargetPlatform
[2019.02.12-06.47.01:414][  0]LogTemp: Display: Loaded TP WindowsClientTargetPlatform
[2019.02.12-06.47.01:428][  0]LogTemp: Display: Loaded TP WindowsNoEditorTargetPlatform
[2019.02.12-06.47.01:442][  0]LogTemp: Display: Loaded TP WindowsServerTargetPlatform
[2019.02.12-06.47.01:451][  0]LogTemp: Display: Loaded TP WindowsTargetPlatform
[2019.02.12-06.47.01:515][  0]LogTemp: Display: Loaded TP AndroidTargetPlatform
[2019.02.12-06.47.01:515][  0]LogTemp: Display: Loaded TP AndroidTargetPlatform
[2019.02.12-06.47.01:515][  0]LogTemp: Display: Loaded TP AndroidTargetPlatform
[2019.02.12-06.47.01:515][  0]LogTemp: Display: Loaded TP AndroidTargetPlatform
[2019.02.12-06.47.01:515][  0]LogTemp: Display: Loaded TP AndroidTargetPlatform
[2019.02.12-06.47.01:515][  0]LogTemp: Display: Loaded TP AndroidTargetPlatform
[2019.02.12-06.47.01:515][  0]LogTemp: Display: Loaded TP AndroidTargetPlatform
[2019.02.12-06.47.01:516][  0]LogTemp: Display: Loaded TP AndroidTargetPlatform
[2019.02.12-06.47.01:516][  0]LogTemp: Display: Loaded TP AndroidTargetPlatform
[2019.02.12-06.47.01:516][  0]LogTemp: Display: Loaded TP AndroidTargetPlatform
[2019.02.12-06.47.01:516][  0]LogTemp: Display: Loaded TP AndroidTargetPlatform
[2019.02.12-06.47.01:516][  0]LogTemp: Display: Loaded TP AndroidTargetPlatform
[2019.02.12-06.47.01:516][  0]LogTemp: Display: Loaded TP AndroidTargetPlatform
[2019.02.12-06.47.01:516][  0]LogTemp: Display: Loaded TP AndroidTargetPlatform
[2019.02.12-06.47.01:516][  0]LogTemp: Display: Loaded TP AndroidTargetPlatform
[2019.02.12-06.47.01:516][  0]LogTemp: Display: Loaded TP AndroidTargetPlatform
[2019.02.12-06.47.01:516][  0]LogTemp: Display: Loaded TP AndroidTargetPlatform
[2019.02.12-06.47.01:516][  0]LogTemp: Display: Loaded TP AndroidTargetPlatform
[2019.02.12-06.47.01:520][  0]LogTemp: Display: Loaded TP HTML5TargetPlatform
[2019.02.12-06.47.01:590][  0]LogTemp: Display: Loaded TP IOSTargetPlatform
[2019.02.12-06.47.01:590][  0]LogTemp: Display: Loaded TP IOSTargetPlatform
[2019.02.12-06.47.01:613][  0]LogTemp: Display: Loaded TP TVOSTargetPlatform
[2019.02.12-06.47.01:613][  0]LogTemp: Display: Loaded TP TVOSTargetPlatform
[2019.02.12-06.47.01:625][  0]LogTemp: Display: Loaded TP LinuxClientTargetPlatform
[2019.02.12-06.47.01:637][  0]LogTemp: Display: Loaded TP LinuxNoEditorTargetPlatform
[2019.02.12-06.47.01:651][  0]LogTemp: Display: Loaded TP LinuxServerTargetPlatform
[2019.02.12-06.47.01:665][  0]LogTemp: Display: Loaded TP LinuxTargetPlatform
[2019.02.12-06.47.01:703][  0]LogTemp: Display: Loaded TP LuminTargetPlatform
[2019.02.12-06.47.01:703][  0]LogTemp: Display: Loaded TP LuminTargetPlatform
[2019.02.12-06.47.01:703][  0]LogTargetPlatformManager: Display: Building Assets For Windows
[2019.02.12-06.47.01:828][  0]LogShaderCompilers: Guid format shader working directory is -40 characters bigger than the processId version (C:/Users/gosus/Documents/CP-School/SeniorProject/gitRepos/Senior-Project-Game/HSPGame/Intermediate/Shaders/WorkingDirectory/13640/).
[2019.02.12-06.47.01:828][  0]LogShaderCompilers: Cleaned the shader compiler working directory 'C:/Users/gosus/AppData/Local/Temp/UnrealShaderWorkingDir/559CD4CD4DF0C8E51A21CA8E90C51288/'.
[2019.02.12-06.47.01:829][  0]LogXGEController: Cannot use XGE Controller as Incredibuild is not installed on this machine.
[2019.02.12-06.47.01:829][  0]LogShaderCompilers: Cannot use XGE Shader Compiler as Incredibuild is not installed on this machine.
[2019.02.12-06.47.01:829][  0]LogShaderCompilers: Display: Using Local Shader Compiler.
[2019.02.12-06.47.02:254][  0]LogDerivedDataCache: Display: Max Cache Size: 512 MB
[2019.02.12-06.47.02:298][  0]LogDerivedDataCache: Loaded boot cache 0.04s 71MB C:/Users/gosus/AppData/Local/UnrealEngine/4.21/DerivedDataCache/Boot.ddc.
[2019.02.12-06.47.02:298][  0]LogDerivedDataCache: Display: Loaded Boot cache: C:/Users/gosus/AppData/Local/UnrealEngine/4.21/DerivedDataCache/Boot.ddc
[2019.02.12-06.47.02:298][  0]LogDerivedDataCache: FDerivedDataBackendGraph:  Pak pak cache file C:/Users/gosus/Documents/CP-School/SeniorProject/gitRepos/Senior-Project-Game/HSPGame/DerivedDataCache/DDC.ddp not found, will not use a pak cache.
[2019.02.12-06.47.02:298][  0]LogDerivedDataCache: Unable to find inner node Pak for hierarchical cache Hierarchy.
[2019.02.12-06.47.02:298][  0]LogDerivedDataCache: FDerivedDataBackendGraph:  CompressedPak pak cache file C:/Users/gosus/Documents/CP-School/SeniorProject/gitRepos/Senior-Project-Game/HSPGame/DerivedDataCache/Compressed.ddp not found, will not use a pak cache.
[2019.02.12-06.47.02:298][  0]LogDerivedDataCache: Unable to find inner node CompressedPak for hierarchical cache Hierarchy.
[2019.02.12-06.47.02:309][  0]LogDerivedDataCache: Display: Pak cache opened for reading ../../../Engine/DerivedDataCache/Compressed.ddp.
[2019.02.12-06.47.02:309][  0]LogDerivedDataCache: FDerivedDataBackendGraph:  EnterprisePak pak cache file ../../../Enterprise/DerivedDataCache/Compressed.ddp not found, will not use a pak cache.
[2019.02.12-06.47.02:309][  0]LogDerivedDataCache: Unable to find inner node EnterprisePak for hierarchical cache Hierarchy.
[2019.02.12-06.47.02:321][  0]LogDerivedDataCache: Using Local data cache path C:/Users/gosus/AppData/Local/UnrealEngine/Common/DerivedDataCache: Writable
[2019.02.12-06.47.02:321][  0]LogDerivedDataCache: Shared data cache path not found in *engine.ini, will not use an Shared cache.
[2019.02.12-06.47.02:321][  0]LogDerivedDataCache: Unable to find inner node Shared for hierarchical cache Hierarchy.
[2019.02.12-06.47.02:339][  0]LogMaterial: Verifying Global Shaders for PCD3D_SM5
[2019.02.12-06.47.02:340][  0]LogSlate: Using FreeType 2.6.0
[2019.02.12-06.47.02:340][  0]LogSlate: SlateFontServices - WITH_FREETYPE: 1, WITH_HARFBUZZ: 1
[2019.02.12-06.47.02:409][  0]LogAssetRegistry: FAssetRegistry took 0.0322 seconds to start up
[2019.02.12-06.47.02:643][  0]LogInit: Selected Device Profile: [Windows]
[2019.02.12-06.47.02:791][  0]LogSimplygon: Simplygon DLL not present - disabling.
[2019.02.12-06.47.02:806][  0]LogMeshReduction: Using SimplygonSwarm for distributed automatic mesh merging
[2019.02.12-06.47.02:806][  0]LogMeshReduction: Using ProxyLODMeshReduction for automatic mesh merging
[2019.02.12-06.47.02:806][  0]LogMeshReduction: Using QuadricMeshReduction for automatic static mesh reduction
[2019.02.12-06.47.02:806][  0]LogMeshReduction: No automatic skeletal mesh reduction module available
[2019.02.12-06.47.02:816][  0]LogNetVersion: HSPGame 1.0.0, NetCL: 4541578, EngineNetVer: 5, GameNetVer: 0 (Checksum: 2893343623)
[2019.02.12-06.47.03:209][  0]LogPackageLocalizationCache: Processed 11 localized package path(s) for 2 prioritized culture(s) in 0.083912 seconds
[2019.02.12-06.47.03:214][  0]LogUObjectArray: 39775 objects as part of root set at end of initial load.
[2019.02.12-06.47.03:214][  0]LogUObjectAllocator: 6914656 out of 0 bytes used by permanent object pool.
[2019.02.12-06.47.03:214][  0]LogUObjectArray: CloseDisregardForGC: 0/0 objects in disregard for GC pool
[2019.02.12-06.47.04:066][  0]LogTcpMessaging: Initializing TcpMessaging bridge
[2019.02.12-06.47.04:083][  0]LogUdpMessaging: Initializing bridge on interface 0.0.0.0:0 to multicast group 230.0.0.1:6666.
[2019.02.12-06.47.04:696][  0]SourceControl: Source control is disabled
[2019.02.12-06.47.04:696][  0]SourceControl: Source control is disabled
[2019.02.12-06.47.04:705][  0]SourceControl: Source control is disabled
[2019.02.12-06.47.04:710][  0]SourceControl: Source control is disabled
[2019.02.12-06.47.05:028][  0]LogAndroidPermission: UAndroidPermissionCallbackProxy::GetInstance
[2019.02.12-06.47.05:225][  0]LogOcInput: OculusInput pre-init called
[2019.02.12-06.47.05:373][  0]LogEngine: Initializing Engine...
[2019.02.12-06.47.05:374][  0]LogHMD: Failed to initialize OpenVR with code 110
[2019.02.12-06.47.05:375][  0]LogStats: UGameplayTagsManager::ConstructGameplayTagTree: ImportINI prefixes -  0.000 s
[2019.02.12-06.47.05:375][  0]LogStats: UGameplayTagsManager::ConstructGameplayTagTree: Construct from data asset -  0.000 s
[2019.02.12-06.47.05:375][  0]LogStats: UGameplayTagsManager::ConstructGameplayTagTree: ImportINI -  0.000 s
[2019.02.12-06.47.05:375][  0]LogStats: UGameplayTagsManager::ConstructGameplayTagTree: GameplayTagTreeChangedEvent.Broadcast -  0.000 s
[2019.02.12-06.47.05:554][  0]LogInit: Initializing FReadOnlyCVARCache
[2019.02.12-06.47.05:570][  0]LogAIModule: Creating AISystem for world Untitled
[2019.02.12-06.47.05:620][  0]LogInit: XAudio2 using 'Speakers (Realtek(R) Audio)' : 2 channels at 48 kHz using 32 bits per sample (channel mask 0x3)
[2019.02.12-06.47.05:653][  0]LogInit: FAudioDevice initialized.
[2019.02.12-06.47.05:654][  0]LogNetVersion: Set ProjectVersion to 1.0.0.0. Version Checksum will be recalculated on next use.
[2019.02.12-06.47.05:693][  0]LogDerivedDataCache: Saved boot cache 0.04s 71MB C:/Users/gosus/AppData/Local/UnrealEngine/4.21/DerivedDataCache/Boot.ddc.
[2019.02.12-06.47.05:695][  0]LogInit: Texture streaming: Enabled
[2019.02.12-06.47.05:724][  0]LogEngineSessionManager: EngineSessionManager initialized
[2019.02.12-06.47.05:733][  0]LogInit: Transaction tracking system initialized
[2019.02.12-06.47.05:772][  0]BlueprintLog: New page: Editor Load
[2019.02.12-06.47.05:912][  0]LocalizationService: Localization service is disabled
[2019.02.12-06.47.06:383][  0]LogFileCache: Scanning file cache for directory 'C:/Users/gosus/Documents/CP-School/SeniorProject/gitRepos/Senior-Project-Game/HSPGame/Content/' took 0.02s
[2019.02.12-06.47.06:383][  0]LogCook: Display: Max memory allowance for cook 16384mb min free memory 0mb
[2019.02.12-06.47.06:384][  0]LogCook: Display: Mobile HDR setting 1
[2019.02.12-06.47.06:384][  0]LogGameplayTags: Display: UGameplayTagsManager::DoneAddingNativeTags. DelegateIsBound: 0
[2019.02.12-06.47.06:384][  0]LogStats: UGameplayTagsManager::ConstructGameplayTagTree: ImportINI prefixes -  0.000 s
[2019.02.12-06.47.06:384][  0]LogStats: UGameplayTagsManager::ConstructGameplayTagTree: Construct from data asset -  0.000 s
[2019.02.12-06.47.06:384][  0]LogStats: UGameplayTagsManager::ConstructGameplayTagTree: ImportINI -  0.000 s
[2019.02.12-06.47.06:384][  0]LogStats: UGameplayTagsManager::ConstructGameplayTagTree: GameplayTagTreeChangedEvent.Broadcast -  0.000 s
[2019.02.12-06.47.06:608][  0]SourceControl: Source control is disabled
[2019.02.12-06.47.06:608][  0]Cmd: MAP LOAD FILE="C:/Users/gosus/Documents/CP-School/SeniorProject/gitRepos/Senior-Project-Game/HSPGame/Content/StarterContent/Maps/Minimal_Default.umap" TEMPLATE=0 SHOWPROGRESS=1 FEATURELEVEL=3
[2019.02.12-06.47.06:608][  0]LightingResults: New page: Lighting Build
[2019.02.12-06.47.06:610][  0]MapCheck: New page: Map Check
[2019.02.12-06.47.06:610][  0]LightingResults: New page: Lighting Build
[2019.02.12-06.47.06:923][  0]LogAIModule: Creating AISystem for world Minimal_Default
[2019.02.12-06.47.06:994][  0]LogEditorServer: Finished looking for orphan Actors (0.000 secs)
[2019.02.12-06.47.07:011][  0]Cmd: MAP CHECKDEP NOCLEARLOG
[2019.02.12-06.47.07:012][  0]MapCheck: Map check complete: 0 Error(s), 0 Warning(s), took 0.13ms to complete.
[2019.02.12-06.47.07:012][  0]LogFileHelpers: Loading map 'Minimal_Default' took 0.404
[2019.02.12-06.47.07:109][  0]LogSlate: Updating window title bar state: overlay mode, drag disabled, window buttons hidden, title bar hidden
[2019.02.12-06.47.07:115][  0]LogSlate: Updating window title bar state: overlay mode, drag disabled, window buttons hidden, title bar hidden
[2019.02.12-06.47.07:120][  0]LogSlate: Updating window title bar state: overlay mode, drag disabled, window buttons hidden, title bar hidden
[2019.02.12-06.47.07:124][  0]LogSlate: Updating window title bar state: overlay mode, drag disabled, window buttons hidden, title bar hidden
[2019.02.12-06.47.07:133][  0]LogCollectionManager: Loaded 0 collections in 0.001450 seconds
[2019.02.12-06.47.07:149][  0]LogFileCache: Scanning file cache for directory 'C:/Users/gosus/Documents/CP-School/SeniorProject/gitRepos/Senior-Project-Game/HSPGame/Saved/Collections/' took 0.01s
[2019.02.12-06.47.07:149][  0]LogFileCache: Scanning file cache for directory 'C:/Users/gosus/Documents/CP-School/SeniorProject/gitRepos/Senior-Project-Game/HSPGame/Content/Developers/gosus/Collections/' took 0.00s
[2019.02.12-06.47.07:149][  0]LogFileCache: Scanning file cache for directory 'C:/Users/gosus/Documents/CP-School/SeniorProject/gitRepos/Senior-Project-Game/HSPGame/Content/Collections/' took 0.00s
[2019.02.12-06.47.07:149][  0]LogCollectionManager: Rebuilt the GUID cache for 0 collections in 0.000000 seconds
[2019.02.12-06.47.07:159][  0]LogContentBrowser: Native class hierarchy populated in 0.0095 seconds. Added 2654 classes and 622 folders.
[2019.02.12-06.47.07:162][  0]LogContentBrowser: Native class hierarchy updated for 'WidgetCarousel' in 0.0002 seconds. Added 0 classes and 0 folders.
[2019.02.12-06.47.07:163][  0]LogPakFile: Registered encryption key '00000000000000000000000000000000': 0 pak files mounted, 0 remain pending
[2019.02.12-06.47.07:164][  0]LogPakFile: Registered encryption key '00000000000000000000000000000000': 0 pak files mounted, 0 remain pending
[2019.02.12-06.47.07:164][  0]LogPakFile: Registered encryption key '00000000000000000000000000000000': 0 pak files mounted, 0 remain pending
[2019.02.12-06.47.07:165][  0]LogPakFile: Registered encryption key '00000000000000000000000000000000': 0 pak files mounted, 0 remain pending
[2019.02.12-06.47.07:165][  0]LogPakFile: Registered encryption key '00000000000000000000000000000000': 0 pak files mounted, 0 remain pending
[2019.02.12-06.47.07:166][  0]LogPakFile: Registered encryption key '00000000000000000000000000000000': 0 pak files mounted, 0 remain pending
[2019.02.12-06.47.07:166][  0]LogPakFile: Registered encryption key '00000000000000000000000000000000': 0 pak files mounted, 0 remain pending
[2019.02.12-06.47.07:167][  0]LogPakFile: Registered encryption key '00000000000000000000000000000000': 0 pak files mounted, 0 remain pending
[2019.02.12-06.47.07:167][  0]LogPakFile: Registered encryption key '00000000000000000000000000000000': 0 pak files mounted, 0 remain pending
[2019.02.12-06.47.07:168][  0]LogPakFile: Registered encryption key '00000000000000000000000000000000': 0 pak files mounted, 0 remain pending
[2019.02.12-06.47.07:168][  0]LogPakFile: Registered encryption key '00000000000000000000000000000000': 0 pak files mounted, 0 remain pending
[2019.02.12-06.47.07:169][  0]LogPakFile: Registered encryption key '00000000000000000000000000000000': 0 pak files mounted, 0 remain pending
[2019.02.12-06.47.07:169][  0]LogPakFile: Registered encryption key '00000000000000000000000000000000': 0 pak files mounted, 0 remain pending
[2019.02.12-06.47.07:170][  0]LogPakFile: Registered encryption key '00000000000000000000000000000000': 0 pak files mounted, 0 remain pending
[2019.02.12-06.47.07:170][  0]LogPakFile: Registered encryption key '00000000000000000000000000000000': 0 pak files mounted, 0 remain pending
[2019.02.12-06.47.07:171][  0]LogPakFile: Registered encryption key '00000000000000000000000000000000': 0 pak files mounted, 0 remain pending
[2019.02.12-06.47.07:171][  0]LogPakFile: Registered encryption key '00000000000000000000000000000000': 0 pak files mounted, 0 remain pending
[2019.02.12-06.47.07:171][  0]LogPakFile: Registered encryption key '00000000000000000000000000000000': 0 pak files mounted, 0 remain pending
[2019.02.12-06.47.07:172][  0]LogPakFile: Registered encryption key '00000000000000000000000000000000': 0 pak files mounted, 0 remain pending
[2019.02.12-06.47.07:172][  0]LogPakFile: Registered encryption key '00000000000000000000000000000000': 0 pak files mounted, 0 remain pending
[2019.02.12-06.47.07:173][  0]LogPakFile: Registered encryption key '00000000000000000000000000000000': 0 pak files mounted, 0 remain pending
[2019.02.12-06.47.07:173][  0]LogPakFile: Registered encryption key '00000000000000000000000000000000': 0 pak files mounted, 0 remain pending
[2019.02.12-06.47.07:174][  0]LogPakFile: Registered encryption key '00000000000000000000000000000000': 0 pak files mounted, 0 remain pending
[2019.02.12-06.47.07:174][  0]LogPakFile: Registered encryption key '00000000000000000000000000000000': 0 pak files mounted, 0 remain pending
[2019.02.12-06.47.07:175][  0]LogPakFile: Registered encryption key '00000000000000000000000000000000': 0 pak files mounted, 0 remain pending
[2019.02.12-06.47.07:175][  0]LogPakFile: Registered encryption key '00000000000000000000000000000000': 0 pak files mounted, 0 remain pending
[2019.02.12-06.47.07:195][  0]LogContentBrowser: Native class hierarchy updated for 'AddContentDialog' in 0.0003 seconds. Added 0 classes and 0 folders.
[2019.02.12-06.47.07:204][  0]LogContentBrowser: Native class hierarchy updated for 'SceneOutliner' in 0.0003 seconds. Added 1 classes and 2 folders.
[2019.02.12-06.47.07:255][  0]LogSlate: Took 0.000115 seconds to synchronously load lazily loaded font '../../../Engine/Content/Slate/Fonts/Roboto-Regular.ttf' (155K)
[2019.02.12-06.47.07:257][  0]LogSlate: Took 0.000170 seconds to synchronously load lazily loaded font '../../../Engine/Content/Slate/Fonts/Roboto-Bold.ttf' (160K)
[2019.02.12-06.47.07:261][  0]LogSlate: Took 0.000116 seconds to synchronously load lazily loaded font '../../../Engine/Content/Editor/Slate/Fonts/FontAwesome.ttf' (139K)
[2019.02.12-06.47.07:320][  0]LogRenderer: Reallocating scene render targets to support 1644x916 Format 10 NumSamples 1 (Frame:1).
[2019.02.12-06.47.07:503][  0]LogContentBrowser: Native class hierarchy updated for 'HierarchicalLODOutliner' in 0.0003 seconds. Added 0 classes and 0 folders.
[2019.02.12-06.47.07:503][  0]LogLoad: (Engine Initialization) Total time: 8.91 seconds
[2019.02.12-06.47.07:503][  0]LogLoad: (Engine Initialization) Total Blueprint compile time: 0.00 seconds
[2019.02.12-06.47.07:562][  0]LogContentStreaming: Texture pool size now 1000 MB
[2019.02.12-06.47.07:601][  1]LogAssetRegistry: Asset discovery search completed in 5.2164 seconds
[2019.02.12-06.47.07:603][  1]LogCollectionManager: Rebuilt the object cache for 0 collections in 0.000000 seconds (found 0 objects)
[2019.02.12-06.47.07:604][  1]LogCollectionManager: Fixed up redirectors for 0 collections in 0.000172 seconds (updated 0 objects)
[2019.02.12-06.47.10:765][356]LogSlate: FSceneViewport::OnFocusLost() reason 0
[2019.02.12-06.47.10:901][372]LogSlate: Took 0.000116 seconds to synchronously load lazily loaded font '../../../Engine/Content/Slate/Fonts/Roboto-Light.ttf' (167K)
[2019.02.12-06.47.10:908][372]LogAssetEditorManager: Opening Asset editor for Blueprint /Game/Blueprints/BP_ProtagClass.BP_ProtagClass
[2019.02.12-06.47.11:244][372]LogContentBrowser: Native class hierarchy updated for 'BlueprintGraph' in 0.0005 seconds. Added 117 classes and 0 folders.
[2019.02.12-06.47.14:542][632]LogSlate: Window 'BP_ProtagClass' being destroyed
[2019.02.12-06.47.14:597][632]LogAssetEditorManager: Opening Asset editor for Blueprint /Game/Blueprints/BP_ProtagClass.BP_ProtagClass
[2019.02.12-06.47.14:832][632]LogSlate: Took 0.000124 seconds to synchronously load lazily loaded font '../../../Engine/Content/Slate/Fonts/Roboto-BoldCondensed.ttf' (158K)
[2019.02.12-06.47.16:023][745]LogRenderer: Reallocating scene render targets to support 1908x1024 Format 10 NumSamples 1 (Frame:1).
[2019.02.12-06.47.17:788][922]LogSlate: Took 0.000204 seconds to synchronously load lazily loaded font '../../../Engine/Content/Slate/Fonts/Roboto-Italic.ttf' (157K)
[2019.02.12-06.47.18:327][969]LogSlate: FSceneViewport::OnFocusLost() reason 0
[2019.02.12-06.47.21:369][231]LogSlate: FSceneViewport::OnFocusLost() reason 0
[2019.02.12-06.47.24:058][496]LogSlate: FSceneViewport::OnFocusLost() reason 0
[2019.02.12-06.47.30:116][ 93]LogEditorTransaction: Undo Modify Component(s)
[2019.02.12-06.47.31:313][207]LogSlate: FSceneViewport::OnFocusLost() reason 0
[2019.02.12-06.47.48:651][979]LogSlate: FSceneViewport::OnFocusLost() reason 0
[2019.02.12-06.47.48:702][985]BlueprintLog: New page: Compile BP_ProtagClass
[2019.02.12-06.47.50:475][ 87]LogEditorViewport: Clicking on Actor (LMB): Landscape (Landscape2)
[2019.02.12-06.47.53:729][359]LogSlate: FSceneViewport::OnFocusLost() reason 0
[2019.02.12-06.47.53:798][367]LogTemp: Repeating last play command: Selected Viewport
[2019.02.12-06.47.53:812][367]LogBlueprintUserMessages: Early PlayInEditor Detection: Level '/Game/StarterContent/Maps/Minimal_Default.Minimal_Default:PersistentLevel' has LevelScriptBlueprint '/Game/StarterContent/Maps/Minimal_Default.Minimal_Default:PersistentLevel.Minimal_Default' with GeneratedClass '/Game/StarterContent/Maps/Minimal_Default.Minimal_Default_C' with ClassGeneratedBy '/Game/StarterContent/Maps/Minimal_Default.Minimal_Default:PersistentLevel.Minimal_Default'
[2019.02.12-06.47.53:813][367]LogPlayLevel: PlayLevel: No blueprints needed recompiling
[2019.02.12-06.47.53:813][367]PIE: New page: PIE session: Minimal_Default (Feb 11, 2019, 2:47:53 PM)
[2019.02.12-06.47.53:826][367]LogPlayLevel: Creating play world package: /Game/StarterContent/Maps/UEDPIE_0_Minimal_Default
[2019.02.12-06.47.53:899][367]LogPlayLevel: PIE: StaticDuplicateObject took: (0.072598s)
[2019.02.12-06.47.53:900][367]LogAIModule: Creating AISystem for world Minimal_Default
[2019.02.12-06.47.53:900][367]LogPlayLevel: PIE: World Init took: (0.000696s)
[2019.02.12-06.47.53:900][367]LogPlayLevel: PIE: Created PIE world by copying editor world from /Game/StarterContent/Maps/Minimal_Default.Minimal_Default to /Game/StarterContent/Maps/UEDPIE_0_Minimal_Default.Minimal_Default (0.073861s)
[2019.02.12-06.47.53:964][367]LogInit: XAudio2 using 'Speakers (Realtek(R) Audio)' : 2 channels at 48 kHz using 32 bits per sample (channel mask 0x3)
[2019.02.12-06.47.53:980][367]LogInit: FAudioDevice initialized.
[2019.02.12-06.47.54:043][367]LogLoad: Game class is 'BP_HSPGameGameModeBase_C'
[2019.02.12-06.47.54:057][367]LogWorld: Bringing World /Game/StarterContent/Maps/UEDPIE_0_Minimal_Default.Minimal_Default up for play (max tick rate 0) at 2019.02.11-22.47.54
[2019.02.12-06.47.54:058][367]LogWorld: Bringing up level for play took: 0.012941
[2019.02.12-06.47.54:075][367]LogContentBrowser: Native class hierarchy updated for 'MovieSceneCapture' in 0.0003 seconds. Added 20 classes and 0 folders.
[2019.02.12-06.47.54:076][367]PIE: Play in editor start time for /Game/StarterContent/Maps/UEDPIE_0_Minimal_Default -0.693
[2019.02.12-06.47.54:076][367]LogBlueprintUserMessages: Late PlayInEditor Detection: Level '/Game/StarterContent/Maps/Minimal_Default.Minimal_Default:PersistentLevel' has LevelScriptBlueprint '/Game/StarterContent/Maps/Minimal_Default.Minimal_Default:PersistentLevel.Minimal_Default' with GeneratedClass '/Game/StarterContent/Maps/Minimal_Default.Minimal_Default_C' with ClassGeneratedBy '/Game/StarterContent/Maps/Minimal_Default.Minimal_Default:PersistentLevel.Minimal_Default'
[2019.02.12-06.47.59:486][  6]LogBlueprintUserMessages: Early EndPlayMap Detection: Level '/Game/StarterContent/Maps/Minimal_Default.Minimal_Default:PersistentLevel' has LevelScriptBlueprint '/Game/StarterContent/Maps/Minimal_Default.Minimal_Default:PersistentLevel.Minimal_Default' with GeneratedClass '/Game/StarterContent/Maps/Minimal_Default.Minimal_Default_C' with ClassGeneratedBy '/Game/StarterContent/Maps/Minimal_Default.Minimal_Default:PersistentLevel.Minimal_Default'
[2019.02.12-06.47.59:486][  6]LogSlate: Updating window title bar state: overlay mode, drag disabled, window buttons hidden, title bar hidden
[2019.02.12-06.47.59:526][  6]LogPlayLevel: Display: Shutting down PIE online subsystems
[2019.02.12-06.47.59:527][  6]LogBlueprintUserMessages: Late EndPlayMap Detection: Level '/Game/StarterContent/Maps/Minimal_Default.Minimal_Default:PersistentLevel' has LevelScriptBlueprint '/Game/StarterContent/Maps/Minimal_Default.Minimal_Default:PersistentLevel.Minimal_Default' with GeneratedClass '/Game/StarterContent/Maps/Minimal_Default.Minimal_Default_C' with ClassGeneratedBy '/Game/StarterContent/Maps/Minimal_Default.Minimal_Default:PersistentLevel.Minimal_Default'
[2019.02.12-06.47.59:554][  6]LogSlate: Updating window title bar state: overlay mode, drag disabled, window buttons hidden, title bar hidden
[2019.02.12-06.47.59:590][  7]LogPlayLevel: Display: Destroying online subsystem :Context_4
[2019.02.12-06.48.03:288][393]LogSlate: FSceneViewport::OnFocusLost() reason 0
[2019.02.12-06.48.11:446][210]LogTemp: Repeating last play command: Selected Viewport
[2019.02.12-06.48.11:457][210]LogBlueprintUserMessages: Early PlayInEditor Detection: Level '/Game/StarterContent/Maps/Minimal_Default.Minimal_Default:PersistentLevel' has LevelScriptBlueprint '/Game/StarterContent/Maps/Minimal_Default.Minimal_Default:PersistentLevel.Minimal_Default' with GeneratedClass '/Game/StarterContent/Maps/Minimal_Default.Minimal_Default_C' with ClassGeneratedBy '/Game/StarterContent/Maps/Minimal_Default.Minimal_Default:PersistentLevel.Minimal_Default'
[2019.02.12-06.48.11:458][210]LogPlayLevel: PlayLevel: No blueprints needed recompiling
[2019.02.12-06.48.11:458][210]PIE: New page: PIE session: Minimal_Default (Feb 11, 2019, 2:48:11 PM)
[2019.02.12-06.48.11:458][210]LogPlayLevel: Creating play world package: /Game/StarterContent/Maps/UEDPIE_0_Minimal_Default
[2019.02.12-06.48.11:492][210]LogPlayLevel: PIE: StaticDuplicateObject took: (0.035281s)
[2019.02.12-06.48.11:493][210]LogAIModule: Creating AISystem for world Minimal_Default
[2019.02.12-06.48.11:493][210]LogPlayLevel: PIE: World Init took: (0.000669s)
[2019.02.12-06.48.11:493][210]LogPlayLevel: PIE: Created PIE world by copying editor world from /Game/StarterContent/Maps/Minimal_Default.Minimal_Default to /Game/StarterContent/Maps/UEDPIE_0_Minimal_Default.Minimal_Default (0.036299s)
[2019.02.12-06.48.11:556][210]LogInit: XAudio2 using 'Speakers (Realtek(R) Audio)' : 2 channels at 48 kHz using 32 bits per sample (channel mask 0x3)
[2019.02.12-06.48.11:571][210]LogInit: FAudioDevice initialized.
[2019.02.12-06.48.11:604][210]LogLoad: Game class is 'BP_HSPGameGameModeBase_C'
[2019.02.12-06.48.11:610][210]LogWorld: Bringing World /Game/StarterContent/Maps/UEDPIE_0_Minimal_Default.Minimal_Default up for play (max tick rate 0) at 2019.02.11-22.48.11
[2019.02.12-06.48.11:610][210]LogWorld: Bringing up level for play took: 0.005557
[2019.02.12-06.48.11:624][210]PIE: Play in editor start time for /Game/StarterContent/Maps/UEDPIE_0_Minimal_Default 0.855
[2019.02.12-06.48.11:624][210]LogBlueprintUserMessages: Late PlayInEditor Detection: Level '/Game/StarterContent/Maps/Minimal_Default.Minimal_Default:PersistentLevel' has LevelScriptBlueprint '/Game/StarterContent/Maps/Minimal_Default.Minimal_Default:PersistentLevel.Minimal_Default' with GeneratedClass '/Game/StarterContent/Maps/Minimal_Default.Minimal_Default_C' with ClassGeneratedBy '/Game/StarterContent/Maps/Minimal_Default.Minimal_Default:PersistentLevel.Minimal_Default'
[2019.02.12-06.48.23:627][621]LogBlueprintUserMessages: Early EndPlayMap Detection: Level '/Game/StarterContent/Maps/Minimal_Default.Minimal_Default:PersistentLevel' has LevelScriptBlueprint '/Game/StarterContent/Maps/Minimal_Default.Minimal_Default:PersistentLevel.Minimal_Default' with GeneratedClass '/Game/StarterContent/Maps/Minimal_Default.Minimal_Default_C' with ClassGeneratedBy '/Game/StarterContent/Maps/Minimal_Default.Minimal_Default:PersistentLevel.Minimal_Default'
[2019.02.12-06.48.23:627][621]LogSlate: Updating window title bar state: overlay mode, drag disabled, window buttons hidden, title bar hidden
[2019.02.12-06.48.23:668][621]LogPlayLevel: Display: Shutting down PIE online subsystems
[2019.02.12-06.48.23:669][621]LogBlueprintUserMessages: Late EndPlayMap Detection: Level '/Game/StarterContent/Maps/Minimal_Default.Minimal_Default:PersistentLevel' has LevelScriptBlueprint '/Game/StarterContent/Maps/Minimal_Default.Minimal_Default:PersistentLevel.Minimal_Default' with GeneratedClass '/Game/StarterContent/Maps/Minimal_Default.Minimal_Default_C' with ClassGeneratedBy '/Game/StarterContent/Maps/Minimal_Default.Minimal_Default:PersistentLevel.Minimal_Default'
[2019.02.12-06.48.23:709][621]LogSlate: Updating window title bar state: overlay mode, drag disabled, window buttons hidden, title bar hidden
[2019.02.12-06.48.23:762][622]LogPlayLevel: Display: Destroying online subsystem :Context_5
[2019.02.12-06.48.24:712][726]LogSlate: FSceneViewport::OnFocusLost() reason 0
[2019.02.12-06.48.38:146][915]Candidate modules for hot reload:
[2019.02.12-06.48.38:146][915]  HSPGame
[2019.02.12-06.48.38:146][915]Launching UnrealBuildTool... [G:/Games/Epic/Games/UE_4.21/Engine/Binaries/DotNET/UnrealBuildTool.exe  -ModuleWithSuffix=HSPGame,6564 Win64 Development -TargetType=Editor -Project="C:/Users/gosus/Documents/CP-School/SeniorProject/gitRepos/Senior-Project-Game/HSPGame/HSPGame.uproject" -canskiplink "C:/Users/gosus/Documents/CP-School/SeniorProject/gitRepos/Senior-Project-Game/HSPGame/HSPGame.uproject" ]
[2019.02.12-06.48.38:157][915]Warning: Starting HotReload took  0.0s.
[2019.02.12-06.48.43:384][409]LogSlate: FSceneViewport::OnFocusLost() reason 2
[2019.02.12-06.48.44:752][522]CompilerResultsLog: New page: Compilation - Feb 11, 2019, 2:48:44 PM
[2019.02.12-06.48.44:752][522]CompilerResultsLog: Creating makefile for hot reloading HSPGameEditor (source directory changed)
[2019.02.12-06.48.44:752][522]CompilerResultsLog: Compiling game modules for hot reload
[2019.02.12-06.48.44:752][522]CompilerResultsLog: Using Visual Studio 2017 14.16.27023 toolchain (C:\Program Files (x86)\Microsoft Visual Studio\2017\Community\VC\Tools\MSVC\14.16.27023) and Windows 10.0.17763.0 SDK (C:\Program Files (x86)\Windows Kits\10).
[2019.02.12-06.48.44:752][522]CompilerResultsLog: Building 3 actions with 8 processes...
[2019.02.12-06.48.44:752][522]CompilerResultsLog:   [1/3] ProtagClass.cpp
[2019.02.12-06.48.44:752][522]CompilerResultsLog:   [2/3] UE4Editor-HSPGame-6564.lib
[2019.02.12-06.48.44:752][522]CompilerResultsLog:      Creating library C:\Users\gosus\Documents\CP-School\SeniorProject\gitRepos\Senior-Project-Game\HSPGame\Intermediate\Build\Win64\UE4Editor\Development\HSPGame\UE4Editor-HSPGame-6564.lib and object C:\Users\gosus\Documents\CP-School\SeniorProject\gitRepos\Senior-Project-Game\HSPGame\Intermediate\Build\Win64\UE4Editor\Development\HSPGame\UE4Editor-HSPGame-6564.exp
[2019.02.12-06.48.44:753][522]CompilerResultsLog:   [3/3] UE4Editor-HSPGame-6564.dll
[2019.02.12-06.48.44:753][522]CompilerResultsLog:      Creating library C:\Users\gosus\Documents\CP-School\SeniorProject\gitRepos\Senior-Project-Game\HSPGame\Intermediate\Build\Win64\UE4Editor\Development\HSPGame\UE4Editor-HSPGame-6564.suppressed.lib and object C:\Users\gosus\Documents\CP-School\SeniorProject\gitRepos\Senior-Project-Game\HSPGame\Intermediate\Build\Win64\UE4Editor\Development\HSPGame\UE4Editor-HSPGame-6564.suppressed.exp
[2019.02.12-06.48.44:753][522]CompilerResultsLog: Total build time: 6.35 seconds (Parallel executor: 1.92 seconds)
[2019.02.12-06.48.44:753][522]LogMainFrame: MainFrame: Module compiling took 6.610 seconds
[2019.02.12-06.48.44:808][522]LogContentBrowser: Native class hierarchy updated for 'HSPGame' in 0.0004 seconds. Added 3 classes and 2 folders.
[2019.02.12-06.48.44:811][522]Display: HotReload successful (0 functions remapped  0 scriptstructs remapped)
[2019.02.12-06.48.45:196][522]LogContentBrowser: Native class hierarchy populated in 0.0153 seconds. Added 2655 classes and 624 folders.
[2019.02.12-06.48.45:212][522]Display: HotReload took  7.1s.
[2019.02.12-06.48.54:717][477]LogSlate: FSceneViewport::OnFocusLost() reason 0
[2019.02.12-06.48.54:767][482]BlueprintLog: New page: Compile BP_ProtagClass
[2019.02.12-06.48.55:429][529]LogSavePackage: Moving 'C:/Users/gosus/Documents/CP-School/SeniorProject/gitRepos/Senior-Project-Game/HSPGame/Saved/BP_ProtagClass3EB757D4427D6B505B9A8B9A68DC01E8.tmp' to 'C:/Users/gosus/Documents/CP-School/SeniorProject/gitRepos/Senior-Project-Game/HSPGame/Content/Blueprints/BP_ProtagClass.uasset'
[2019.02.12-06.48.57:277][723]LogSlate: FSceneViewport::OnFocusLost() reason 0
[2019.02.12-06.48.57:339][729]Candidate modules for hot reload:
[2019.02.12-06.48.57:339][729]  HSPGame
[2019.02.12-06.48.57:339][729]Launching UnrealBuildTool... [G:/Games/Epic/Games/UE_4.21/Engine/Binaries/DotNET/UnrealBuildTool.exe  -ModuleWithSuffix=HSPGame,3597 Win64 Development -TargetType=Editor -Project="C:/Users/gosus/Documents/CP-School/SeniorProject/gitRepos/Senior-Project-Game/HSPGame/HSPGame.uproject" -canskiplink "C:/Users/gosus/Documents/CP-School/SeniorProject/gitRepos/Senior-Project-Game/HSPGame/HSPGame.uproject" ]
[2019.02.12-06.48.57:351][729]Warning: Starting HotReload took  0.0s.
[2019.02.12-06.49.01:279][111]CompilerResultsLog: New page: Compilation - Feb 11, 2019, 2:49:01 PM
[2019.02.12-06.49.01:280][111]CompilerResultsLog: Compiling game modules for hot reload
[2019.02.12-06.49.01:280][111]CompilerResultsLog: Failed to delete file 'C:\Users\gosus\Documents\CP-School\SeniorProject\gitRepos\Senior-Project-Game\HSPGame\Binaries\Win64\UE4Editor-HSPGame-6564.pdb'
[2019.02.12-06.49.01:280][111]CompilerResultsLog:     Exception: Access to the path 'C:\Users\gosus\Documents\CP-School\SeniorProject\gitRepos\Senior-Project-Game\HSPGame\Binaries\Win64\UE4Editor-HSPGame-6564.pdb' is denied.
[2019.02.12-06.49.01:280][111]CompilerResultsLog: Attempting to retry...
[2019.02.12-06.49.01:280][111]CompilerResultsLog: Failed to delete file 'C:\Users\gosus\Documents\CP-School\SeniorProject\gitRepos\Senior-Project-Game\HSPGame\Binaries\Win64\UE4Editor-HSPGame-6564.pdb'
[2019.02.12-06.49.01:280][111]CompilerResultsLog:     Exception: Access to the path 'C:\Users\gosus\Documents\CP-School\SeniorProject\gitRepos\Senior-Project-Game\HSPGame\Binaries\Win64\UE4Editor-HSPGame-6564.pdb' is denied.
[2019.02.12-06.49.01:280][111]CompilerResultsLog: Attempting to retry...
[2019.02.12-06.49.01:280][111]CompilerResultsLog: Failed to delete file 'C:\Users\gosus\Documents\CP-School\SeniorProject\gitRepos\Senior-Project-Game\HSPGame\Binaries\Win64\UE4Editor-HSPGame-6564.pdb'
[2019.02.12-06.49.01:280][111]CompilerResultsLog:     Exception: Access to the path 'C:\Users\gosus\Documents\CP-School\SeniorProject\gitRepos\Senior-Project-Game\HSPGame\Binaries\Win64\UE4Editor-HSPGame-6564.pdb' is denied.
[2019.02.12-06.49.01:280][111]CompilerResultsLog: ERROR: Exhausted all retries!
[2019.02.12-06.49.01:280][111]CompilerResultsLog: Target is up to date
[2019.02.12-06.49.01:281][111]CompilerResultsLog: Total build time: 3.68 seconds (NoActionsToExecute executor: 0.00 seconds)
[2019.02.12-06.49.01:281][111]LogMainFrame: MainFrame: Module compiling took 3.946 seconds
[2019.02.12-06.49.01:496][111]LogContentBrowser: Native class hierarchy populated in 0.0064 seconds. Added 2655 classes and 624 folders.
[2019.02.12-06.49.01:496][111]Display: HotReload took  4.2s.
[2019.02.12-06.49.03:195][260]LogSlate: FSceneViewport::OnFocusLost() reason 0
[2019.02.12-06.49.03:227][263]LogTemp: Repeating last play command: Selected Viewport
[2019.02.12-06.49.03:244][263]LogBlueprintUserMessages: Early PlayInEditor Detection: Level '/Game/StarterContent/Maps/Minimal_Default.Minimal_Default:PersistentLevel' has LevelScriptBlueprint '/Game/StarterContent/Maps/Minimal_Default.Minimal_Default:PersistentLevel.Minimal_Default' with GeneratedClass '/Game/StarterContent/Maps/Minimal_Default.Minimal_Default_C' with ClassGeneratedBy '/Game/StarterContent/Maps/Minimal_Default.Minimal_Default:PersistentLevel.Minimal_Default'
[2019.02.12-06.49.03:244][263]LogPlayLevel: PlayLevel: No blueprints needed recompiling
[2019.02.12-06.49.03:244][263]PIE: New page: PIE session: Minimal_Default (Feb 11, 2019, 2:49:03 PM)
[2019.02.12-06.49.03:244][263]LogPlayLevel: Creating play world package: /Game/StarterContent/Maps/UEDPIE_0_Minimal_Default
[2019.02.12-06.49.03:278][263]LogPlayLevel: PIE: StaticDuplicateObject took: (0.033183s)
[2019.02.12-06.49.03:278][263]LogAIModule: Creating AISystem for world Minimal_Default
[2019.02.12-06.49.03:279][263]LogPlayLevel: PIE: World Init took: (0.000666s)
[2019.02.12-06.49.03:279][263]LogPlayLevel: PIE: Created PIE world by copying editor world from /Game/StarterContent/Maps/Minimal_Default.Minimal_Default to /Game/StarterContent/Maps/UEDPIE_0_Minimal_Default.Minimal_Default (0.034167s)
[2019.02.12-06.49.03:372][263]LogInit: XAudio2 using 'Speakers (Realtek(R) Audio)' : 2 channels at 48 kHz using 32 bits per sample (channel mask 0x3)
[2019.02.12-06.49.03:387][263]LogInit: FAudioDevice initialized.
[2019.02.12-06.49.03:419][263]LogLoad: Game class is 'BP_HSPGameGameModeBase_C'
[2019.02.12-06.49.03:424][263]LogWorld: Bringing World /Game/StarterContent/Maps/UEDPIE_0_Minimal_Default.Minimal_Default up for play (max tick rate 0) at 2019.02.11-22.49.03
[2019.02.12-06.49.03:425][263]LogWorld: Bringing up level for play took: 0.005390
[2019.02.12-06.49.03:438][263]PIE: Play in editor start time for /Game/StarterContent/Maps/UEDPIE_0_Minimal_Default 0.669
[2019.02.12-06.49.03:438][263]LogBlueprintUserMessages: Late PlayInEditor Detection: Level '/Game/StarterContent/Maps/Minimal_Default.Minimal_Default:PersistentLevel' has LevelScriptBlueprint '/Game/StarterContent/Maps/Minimal_Default.Minimal_Default:PersistentLevel.Minimal_Default' with GeneratedClass '/Game/StarterContent/Maps/Minimal_Default.Minimal_Default_C' with ClassGeneratedBy '/Game/StarterContent/Maps/Minimal_Default.Minimal_Default:PersistentLevel.Minimal_Default'
[2019.02.12-06.49.16:002][758]LogBlueprintUserMessages: Early EndPlayMap Detection: Level '/Game/StarterContent/Maps/Minimal_Default.Minimal_Default:PersistentLevel' has LevelScriptBlueprint '/Game/StarterContent/Maps/Minimal_Default.Minimal_Default:PersistentLevel.Minimal_Default' with GeneratedClass '/Game/StarterContent/Maps/Minimal_Default.Minimal_Default_C' with ClassGeneratedBy '/Game/StarterContent/Maps/Minimal_Default.Minimal_Default:PersistentLevel.Minimal_Default'
[2019.02.12-06.49.16:002][758]LogSlate: Updating window title bar state: overlay mode, drag disabled, window buttons hidden, title bar hidden
[2019.02.12-06.49.16:041][758]LogPlayLevel: Display: Shutting down PIE online subsystems
[2019.02.12-06.49.16:042][758]LogBlueprintUserMessages: Late EndPlayMap Detection: Level '/Game/StarterContent/Maps/Minimal_Default.Minimal_Default:PersistentLevel' has LevelScriptBlueprint '/Game/StarterContent/Maps/Minimal_Default.Minimal_Default:PersistentLevel.Minimal_Default' with GeneratedClass '/Game/StarterContent/Maps/Minimal_Default.Minimal_Default_C' with ClassGeneratedBy '/Game/StarterContent/Maps/Minimal_Default.Minimal_Default:PersistentLevel.Minimal_Default'
[2019.02.12-06.49.16:074][758]LogSlate: Updating window title bar state: overlay mode, drag disabled, window buttons hidden, title bar hidden
[2019.02.12-06.49.16:121][759]LogSlate: FSceneViewport::OnFocusLost() reason 2
[2019.02.12-06.49.16:124][759]LogPlayLevel: Display: Destroying online subsystem :Context_6
[2019.02.12-06.49.16:150][759]LogSlate: Took 0.000120 seconds to synchronously load lazily loaded font '../../../Engine/Content/Slate/Fonts/DroidSansMono.ttf' (77K)
[2019.02.12-06.49.20:592][ 21]LogSlate: FSceneViewport::OnFocusLost() reason 2
[2019.02.12-06.49.25:224][477]LogEditorTransaction: Undo Modify Component(s)
[2019.02.12-06.49.57:128][778]LogSlate: FSceneViewport::OnFocusLost() reason 0
[2019.02.12-06.49.57:220][787]Candidate modules for hot reload:
[2019.02.12-06.49.57:220][787]  HSPGame
[2019.02.12-06.49.57:220][787]Launching UnrealBuildTool... [G:/Games/Epic/Games/UE_4.21/Engine/Binaries/DotNET/UnrealBuildTool.exe  -ModuleWithSuffix=HSPGame,9605 Win64 Development -TargetType=Editor -Project="C:/Users/gosus/Documents/CP-School/SeniorProject/gitRepos/Senior-Project-Game/HSPGame/HSPGame.uproject" -canskiplink "C:/Users/gosus/Documents/CP-School/SeniorProject/gitRepos/Senior-Project-Game/HSPGame/HSPGame.uproject" ]
[2019.02.12-06.49.57:230][787]Warning: Starting HotReload took  0.0s.
[2019.02.12-06.50.02:458][264]CompilerResultsLog: New page: Compilation - Feb 11, 2019, 2:50:02 PM
[2019.02.12-06.50.02:459][264]CompilerResultsLog: Creating makefile for hot reloading HSPGameEditor (source directory changed)
[2019.02.12-06.50.02:459][264]CompilerResultsLog: Compiling game modules for hot reload
[2019.02.12-06.50.02:459][264]CompilerResultsLog: Using Visual Studio 2017 14.16.27023 toolchain (C:\Program Files (x86)\Microsoft Visual Studio\2017\Community\VC\Tools\MSVC\14.16.27023) and Windows 10.0.17763.0 SDK (C:\Program Files (x86)\Windows Kits\10).
[2019.02.12-06.50.02:459][264]CompilerResultsLog: Building 3 actions with 8 processes...
[2019.02.12-06.50.02:459][264]CompilerResultsLog:   [1/3] ProtagClass.cpp
[2019.02.12-06.50.02:459][264]CompilerResultsLog:    C:\Users\gosus\Documents\CP-School\SeniorProject\gitRepos\Senior-Project-Game\HSPGame\Source\HSPGame\ProtagClass.cpp(65) : error C3688: invalid literal suffix 'f'; literal operator or literal operator template 'operator ""f' not found
[2019.02.12-06.50.02:459][264]CompilerResultsLog: ERROR: UBT ERROR: Failed to produce item: C:\Users\gosus\Documents\CP-School\SeniorProject\gitRepos\Senior-Project-Game\HSPGame\Binaries\Win64\UE4Editor-HSPGame-9605.dll
[2019.02.12-06.50.02:459][264]CompilerResultsLog:        (see ../Programs/UnrealBuildTool/Log.txt for full exception trace)
[2019.02.12-06.50.02:459][264]CompilerResultsLog: Total build time: 4.99 seconds (Parallel executor: 0.00 seconds)
[2019.02.12-06.50.02:459][264]LogMainFrame: MainFrame: Module compiling took 5.246 seconds
[2019.02.12-06.50.02:459][264]Warning: HotReload failed, recompile failed
[2019.02.12-06.50.09:885][ 25]LogSlate: FSceneViewport::OnFocusLost() reason 0
[2019.02.12-06.50.13:315][333]LogSlate: Window 'Message Log' being destroyed
[2019.02.12-06.50.13:331][333]LogSlate: Window 'Message Log' being destroyed
[2019.02.12-06.50.14:445][399]LogSlate: FSceneViewport::OnFocusLost() reason 2
[2019.02.12-06.50.28:742][500]LogSlate: FSceneViewport::OnFocusLost() reason 0
[2019.02.12-06.50.29:746][549]LogEditorViewport: Clicking on Actor (LMB): BP_Sky_Sphere_C (BP_Sky_Sphere)
[2019.02.12-06.50.30:100][576]LogSlate: FSceneViewport::OnFocusLost() reason 0
[2019.02.12-06.50.30:171][581]Candidate modules for hot reload:
[2019.02.12-06.50.30:171][581]  HSPGame
[2019.02.12-06.50.30:172][581]Launching UnrealBuildTool... [G:/Games/Epic/Games/UE_4.21/Engine/Binaries/DotNET/UnrealBuildTool.exe  -ModuleWithSuffix=HSPGame,3706 Win64 Development -TargetType=Editor -Project="C:/Users/gosus/Documents/CP-School/SeniorProject/gitRepos/Senior-Project-Game/HSPGame/HSPGame.uproject" -canskiplink "C:/Users/gosus/Documents/CP-School/SeniorProject/gitRepos/Senior-Project-Game/HSPGame/HSPGame.uproject" ]
[2019.02.12-06.50.30:182][581]Warning: Starting HotReload took  0.0s.
[2019.02.12-06.50.31:002][644]LogEditorViewport: Clicking on Actor (LMB): BP_Sky_Sphere_C (BP_Sky_Sphere)
[2019.02.12-06.50.36:529][ 86]CompilerResultsLog: New page: Compilation - Feb 11, 2019, 2:50:36 PM
[2019.02.12-06.50.36:529][ 86]CompilerResultsLog: Creating makefile for hot reloading HSPGameEditor (source directory changed)
[2019.02.12-06.50.36:529][ 86]CompilerResultsLog: Compiling game modules for hot reload
[2019.02.12-06.50.36:529][ 86]CompilerResultsLog: Using Visual Studio 2017 14.16.27023 toolchain (C:\Program Files (x86)\Microsoft Visual Studio\2017\Community\VC\Tools\MSVC\14.16.27023) and Windows 10.0.17763.0 SDK (C:\Program Files (x86)\Windows Kits\10).
[2019.02.12-06.50.36:530][ 86]CompilerResultsLog: Building 3 actions with 8 processes...
[2019.02.12-06.50.36:530][ 86]CompilerResultsLog:   [1/3] ProtagClass.cpp
[2019.02.12-06.50.36:530][ 86]CompilerResultsLog:   [2/3] UE4Editor-HSPGame-3706.lib
[2019.02.12-06.50.36:530][ 86]CompilerResultsLog:      Creating library C:\Users\gosus\Documents\CP-School\SeniorProject\gitRepos\Senior-Project-Game\HSPGame\Intermediate\Build\Win64\UE4Editor\Development\HSPGame\UE4Editor-HSPGame-3706.lib and object C:\Users\gosus\Documents\CP-School\SeniorProject\gitRepos\Senior-Project-Game\HSPGame\Intermediate\Build\Win64\UE4Editor\Development\HSPGame\UE4Editor-HSPGame-3706.exp
[2019.02.12-06.50.36:530][ 86]CompilerResultsLog:   [3/3] UE4Editor-HSPGame-3706.dll
[2019.02.12-06.50.36:530][ 86]CompilerResultsLog:      Creating library C:\Users\gosus\Documents\CP-School\SeniorProject\gitRepos\Senior-Project-Game\HSPGame\Intermediate\Build\Win64\UE4Editor\Development\HSPGame\UE4Editor-HSPGame-3706.suppressed.lib and object C:\Users\gosus\Documents\CP-School\SeniorProject\gitRepos\Senior-Project-Game\HSPGame\Intermediate\Build\Win64\UE4Editor\Development\HSPGame\UE4Editor-HSPGame-3706.suppressed.exp
[2019.02.12-06.50.36:530][ 86]CompilerResultsLog: Total build time: 6.11 seconds (Parallel executor: 1.88 seconds)
[2019.02.12-06.50.36:530][ 86]LogMainFrame: MainFrame: Module compiling took 6.367 seconds
[2019.02.12-06.50.36:583][ 86]LogContentBrowser: Native class hierarchy updated for 'HSPGame' in 0.0003 seconds. Added 3 classes and 2 folders.
[2019.02.12-06.50.36:587][ 86]Display: HotReload successful (0 functions remapped  0 scriptstructs remapped)
[2019.02.12-06.50.36:836][ 86]LogContentBrowser: Native class hierarchy populated in 0.0064 seconds. Added 2655 classes and 624 folders.
[2019.02.12-06.50.36:836][ 86]Display: HotReload took  6.7s.
[2019.02.12-06.50.38:407][232]LogSlate: FSceneViewport::OnFocusLost() reason 0
[2019.02.12-06.50.38:439][235]LogTemp: Repeating last play command: Selected Viewport
[2019.02.12-06.50.38:453][235]LogBlueprintUserMessages: Early PlayInEditor Detection: Level '/Game/StarterContent/Maps/Minimal_Default.Minimal_Default:PersistentLevel' has LevelScriptBlueprint '/Game/StarterContent/Maps/Minimal_Default.Minimal_Default:PersistentLevel.Minimal_Default' with GeneratedClass '/Game/StarterContent/Maps/Minimal_Default.Minimal_Default_C' with ClassGeneratedBy '/Game/StarterContent/Maps/Minimal_Default.Minimal_Default:PersistentLevel.Minimal_Default'
[2019.02.12-06.50.38:453][235]LogPlayLevel: PlayLevel: No blueprints needed recompiling
[2019.02.12-06.50.38:453][235]PIE: New page: PIE session: Minimal_Default (Feb 11, 2019, 2:50:38 PM)
[2019.02.12-06.50.38:453][235]LogPlayLevel: Creating play world package: /Game/StarterContent/Maps/UEDPIE_0_Minimal_Default
[2019.02.12-06.50.38:486][235]LogPlayLevel: PIE: StaticDuplicateObject took: (0.032808s)
[2019.02.12-06.50.38:487][235]LogAIModule: Creating AISystem for world Minimal_Default
[2019.02.12-06.50.38:487][235]LogPlayLevel: PIE: World Init took: (0.000663s)
[2019.02.12-06.50.38:487][235]LogPlayLevel: PIE: Created PIE world by copying editor world from /Game/StarterContent/Maps/Minimal_Default.Minimal_Default to /Game/StarterContent/Maps/UEDPIE_0_Minimal_Default.Minimal_Default (0.033821s)
[2019.02.12-06.50.38:579][235]LogInit: XAudio2 using 'Speakers (Realtek(R) Audio)' : 2 channels at 48 kHz using 32 bits per sample (channel mask 0x3)
[2019.02.12-06.50.38:595][235]LogInit: FAudioDevice initialized.
[2019.02.12-06.50.38:632][235]LogLoad: Game class is 'BP_HSPGameGameModeBase_C'
[2019.02.12-06.50.38:637][235]LogWorld: Bringing World /Game/StarterContent/Maps/UEDPIE_0_Minimal_Default.Minimal_Default up for play (max tick rate 0) at 2019.02.11-22.50.38
[2019.02.12-06.50.38:638][235]LogWorld: Bringing up level for play took: 0.005435
[2019.02.12-06.50.38:652][235]PIE: Play in editor start time for /Game/StarterContent/Maps/UEDPIE_0_Minimal_Default -0.117
[2019.02.12-06.50.38:653][235]LogBlueprintUserMessages: Late PlayInEditor Detection: Level '/Game/StarterContent/Maps/Minimal_Default.Minimal_Default:PersistentLevel' has LevelScriptBlueprint '/Game/StarterContent/Maps/Minimal_Default.Minimal_Default:PersistentLevel.Minimal_Default' with GeneratedClass '/Game/StarterContent/Maps/Minimal_Default.Minimal_Default_C' with ClassGeneratedBy '/Game/StarterContent/Maps/Minimal_Default.Minimal_Default:PersistentLevel.Minimal_Default'
[2019.02.12-06.50.41:487][566]LogBlueprintUserMessages: Early EndPlayMap Detection: Level '/Game/StarterContent/Maps/Minimal_Default.Minimal_Default:PersistentLevel' has LevelScriptBlueprint '/Game/StarterContent/Maps/Minimal_Default.Minimal_Default:PersistentLevel.Minimal_Default' with GeneratedClass '/Game/StarterContent/Maps/Minimal_Default.Minimal_Default_C' with ClassGeneratedBy '/Game/StarterContent/Maps/Minimal_Default.Minimal_Default:PersistentLevel.Minimal_Default'
[2019.02.12-06.50.41:487][566]LogSlate: Updating window title bar state: overlay mode, drag disabled, window buttons hidden, title bar hidden
[2019.02.12-06.50.41:531][566]LogPlayLevel: Display: Shutting down PIE online subsystems
[2019.02.12-06.50.41:531][566]LogBlueprintUserMessages: Late EndPlayMap Detection: Level '/Game/StarterContent/Maps/Minimal_Default.Minimal_Default:PersistentLevel' has LevelScriptBlueprint '/Game/StarterContent/Maps/Minimal_Default.Minimal_Default:PersistentLevel.Minimal_Default' with GeneratedClass '/Game/StarterContent/Maps/Minimal_Default.Minimal_Default_C' with ClassGeneratedBy '/Game/StarterContent/Maps/Minimal_Default.Minimal_Default:PersistentLevel.Minimal_Default'
[2019.02.12-06.50.41:571][566]LogSlate: Updating window title bar state: overlay mode, drag disabled, window buttons hidden, title bar hidden
[2019.02.12-06.50.41:622][567]LogPlayLevel: Display: Destroying online subsystem :Context_7
[2019.02.12-06.50.42:460][658]LogSlate: FSceneViewport::OnFocusLost() reason 0
[2019.02.12-06.50.42:508][663]LogTemp: Repeating last play command: Selected Viewport
[2019.02.12-06.50.42:522][663]LogBlueprintUserMessages: Early PlayInEditor Detection: Level '/Game/StarterContent/Maps/Minimal_Default.Minimal_Default:PersistentLevel' has LevelScriptBlueprint '/Game/StarterContent/Maps/Minimal_Default.Minimal_Default:PersistentLevel.Minimal_Default' with GeneratedClass '/Game/StarterContent/Maps/Minimal_Default.Minimal_Default_C' with ClassGeneratedBy '/Game/StarterContent/Maps/Minimal_Default.Minimal_Default:PersistentLevel.Minimal_Default'
[2019.02.12-06.50.42:522][663]LogPlayLevel: PlayLevel: No blueprints needed recompiling
[2019.02.12-06.50.42:522][663]PIE: New page: PIE session: Minimal_Default (Feb 11, 2019, 2:50:42 PM)
[2019.02.12-06.50.42:523][663]LogPlayLevel: Creating play world package: /Game/StarterContent/Maps/UEDPIE_0_Minimal_Default
[2019.02.12-06.50.42:555][663]LogPlayLevel: PIE: StaticDuplicateObject took: (0.032510s)
[2019.02.12-06.50.42:556][663]LogAIModule: Creating AISystem for world Minimal_Default
[2019.02.12-06.50.42:556][663]LogPlayLevel: PIE: World Init took: (0.000604s)
[2019.02.12-06.50.42:556][663]LogPlayLevel: PIE: Created PIE world by copying editor world from /Game/StarterContent/Maps/Minimal_Default.Minimal_Default to /Game/StarterContent/Maps/UEDPIE_0_Minimal_Default.Minimal_Default (0.033417s)
[2019.02.12-06.50.42:622][663]LogInit: XAudio2 using 'Speakers (Realtek(R) Audio)' : 2 channels at 48 kHz using 32 bits per sample (channel mask 0x3)
[2019.02.12-06.50.42:637][663]LogInit: FAudioDevice initialized.
[2019.02.12-06.50.42:674][663]LogLoad: Game class is 'BP_HSPGameGameModeBase_C'
[2019.02.12-06.50.42:679][663]LogWorld: Bringing World /Game/StarterContent/Maps/UEDPIE_0_Minimal_Default.Minimal_Default up for play (max tick rate 0) at 2019.02.11-22.50.42
[2019.02.12-06.50.42:680][663]LogWorld: Bringing up level for play took: 0.005362
[2019.02.12-06.50.42:693][663]PIE: Play in editor start time for /Game/StarterContent/Maps/UEDPIE_0_Minimal_Default -0.077
[2019.02.12-06.50.42:693][663]LogBlueprintUserMessages: Late PlayInEditor Detection: Level '/Game/StarterContent/Maps/Minimal_Default.Minimal_Default:PersistentLevel' has LevelScriptBlueprint '/Game/StarterContent/Maps/Minimal_Default.Minimal_Default:PersistentLevel.Minimal_Default' with GeneratedClass '/Game/StarterContent/Maps/Minimal_Default.Minimal_Default_C' with ClassGeneratedBy '/Game/StarterContent/Maps/Minimal_Default.Minimal_Default:PersistentLevel.Minimal_Default'
[2019.02.12-06.50.46:086][ 61]LogBlueprintUserMessages: Early EndPlayMap Detection: Level '/Game/StarterContent/Maps/Minimal_Default.Minimal_Default:PersistentLevel' has LevelScriptBlueprint '/Game/StarterContent/Maps/Minimal_Default.Minimal_Default:PersistentLevel.Minimal_Default' with GeneratedClass '/Game/StarterContent/Maps/Minimal_Default.Minimal_Default_C' with ClassGeneratedBy '/Game/StarterContent/Maps/Minimal_Default.Minimal_Default:PersistentLevel.Minimal_Default'
[2019.02.12-06.50.46:086][ 61]LogSlate: Updating window title bar state: overlay mode, drag disabled, window buttons hidden, title bar hidden
[2019.02.12-06.50.46:129][ 61]LogPlayLevel: Display: Shutting down PIE online subsystems
[2019.02.12-06.50.46:130][ 61]LogBlueprintUserMessages: Late EndPlayMap Detection: Level '/Game/StarterContent/Maps/Minimal_Default.Minimal_Default:PersistentLevel' has LevelScriptBlueprint '/Game/StarterContent/Maps/Minimal_Default.Minimal_Default:PersistentLevel.Minimal_Default' with GeneratedClass '/Game/StarterContent/Maps/Minimal_Default.Minimal_Default_C' with ClassGeneratedBy '/Game/StarterContent/Maps/Minimal_Default.Minimal_Default:PersistentLevel.Minimal_Default'
[2019.02.12-06.50.46:157][ 61]LogSlate: Updating window title bar state: overlay mode, drag disabled, window buttons hidden, title bar hidden
[2019.02.12-06.50.46:191][ 62]LogPlayLevel: Display: Destroying online subsystem :Context_8
