Log file open, 02/13/19 14:41:19
LogWindows: Failed to load 'aqProf.dll' (GetLastError=126)
LogWindows: File 'aqProf.dll' does not exist
LogWindows: Failed to load 'VtuneApi.dll' (GetLastError=126)
LogWindows: File 'VtuneApi.dll' does not exist
LogWindows: Failed to load 'VtuneApi32e.dll' (GetLastError=126)
LogWindows: File 'VtuneApi32e.dll' does not exist
LogConsoleResponse: Display: Failed to find resolution value strings in scalability ini. Falling back to default.
LogInit: Display: Running engine for game: HSPGame
LogPakFile: Registered encryption key '00000000000000000000000000000000': 0 pak files mounted, 0 remain pending
LogPlatformFile: Not using cached read wrapper
LogTaskGraph: Started task graph with 5 named threads and 23 total threads with 3 sets of task threads.
LogStats: Stats thread started at 0.352955
LogD3D11RHI: Loaded GFSDK_Aftermath_Lib.x64.dll
LogICUInternationalization: ICU TimeZone Detection - Raw Offset: -8:00, Platform Override: ''
LogPluginManager: Mounting plugin Paper2D
LogPluginManager: Mounting plugin AISupport
LogPluginManager: Mounting plugin LightPropagationVolume
LogPluginManager: Mounting plugin ActorLayerUtilities
LogPluginManager: Mounting plugin CLionSourceCodeAccess
LogPluginManager: Mounting plugin CodeLiteSourceCodeAccess
LogPluginManager: Mounting plugin GitSourceControl
LogPluginManager: Mounting plugin KDevelopSourceCodeAccess
LogPluginManager: Mounting plugin NullSourceCodeAccess
LogPluginManager: Mounting plugin PerforceSourceControl
LogPluginManager: Mounting plugin SubversionSourceControl
LogPluginManager: Mounting plugin UObjectPlugin
LogPluginManager: Mounting plugin VisualStudioCodeSourceCodeAccess
LogPluginManager: Mounting plugin VisualStudioSourceCodeAccess
LogPluginManager: Mounting plugin XCodeSourceCodeAccess
LogPluginManager: Mounting plugin AssetManagerEditor
LogPluginManager: Mounting plugin CryptoKeys
LogPluginManager: Mounting plugin DataValidation
LogPluginManager: Mounting plugin FacialAnimation
LogPluginManager: Mounting plugin GameplayTagsEditor
LogPluginManager: Mounting plugin MacGraphicsSwitching
LogPluginManager: Mounting plugin MeshEditor
LogPluginManager: Mounting plugin MobileLauncherProfileWizard
LogPluginManager: Mounting plugin PluginBrowser
LogPluginManager: Mounting plugin SpeedTreeImporter
LogPluginManager: Mounting plugin DatasmithContent
LogPluginManager: Mounting plugin VariantManagerContent
LogPluginManager: Mounting plugin AlembicImporter
LogPluginManager: Mounting plugin AppleImageUtils
LogPluginManager: Mounting plugin AppleVision
LogPluginManager: Mounting plugin BackChannel
LogPluginManager: Mounting plugin CharacterAI
LogPluginManager: Mounting plugin GeometryCache
LogPluginManager: Mounting plugin HTML5Networking
LogPluginManager: Mounting plugin ProxyLODPlugin
LogPluginManager: Mounting plugin MagicLeap
LogPluginManager: Mounting plugin MagicLeapMedia
LogPluginManager: Mounting plugin AndroidMedia
LogPluginManager: Mounting plugin AvfMedia
LogPluginManager: Mounting plugin ImgMedia
LogPluginManager: Mounting plugin LinearTimecode
LogPluginManager: Mounting plugin MediaCompositing
LogPluginManager: Mounting plugin MediaPlayerEditor
LogPluginManager: Mounting plugin WebMMedia
LogPluginManager: Mounting plugin WmfMedia
LogPluginManager: Mounting plugin TcpMessaging
LogPluginManager: Mounting plugin UdpMessaging
LogPluginManager: Mounting plugin ActorSequence
LogPluginManager: Mounting plugin LevelSequenceEditor
LogPluginManager: Mounting plugin MatineeToLevelSequence
LogPluginManager: Mounting plugin NetcodeUnitTest
LogPluginManager: Mounting plugin NUTUnrealEngine4
LogPluginManager: Mounting plugin OnlineSubsystemGooglePlay
LogPluginManager: Mounting plugin OnlineSubsystemIOS
LogPluginManager: Mounting plugin OnlineSubsystem
LogPluginManager: Mounting plugin OnlineSubsystemNull
LogPluginManager: Mounting plugin OnlineSubsystemUtils
LogPluginManager: Mounting plugin LauncherChunkInstaller
LogPluginManager: Mounting plugin AndroidDeviceProfileSelector
LogPluginManager: Mounting plugin AndroidMoviePlayer
LogPluginManager: Mounting plugin AndroidPermission
LogPluginManager: Mounting plugin AppleMoviePlayer
LogPluginManager: Mounting plugin ArchVisCharacter
LogPluginManager: Mounting plugin AudioCapture
LogPluginManager: Mounting plugin CableComponent
LogPluginManager: Mounting plugin CustomMeshComponent
LogPluginManager: Mounting plugin EditableMesh
LogPluginManager: Mounting plugin ExampleDeviceProfileSelector
LogPluginManager: Mounting plugin Firebase
LogPluginManager: Mounting plugin GoogleCloudMessaging
LogPluginManager: Mounting plugin IOSDeviceProfileSelector
LogPluginManager: Mounting plugin LinuxDeviceProfileSelector
LogPluginManager: Mounting plugin LocationServicesBPLibrary
LogPluginManager: Mounting plugin MobilePatchingUtils
LogPluginManager: Mounting plugin OculusVR
LogPluginManager: Mounting plugin PhysXVehicles
LogPluginManager: Mounting plugin ProceduralMeshComponent
LogPluginManager: Mounting plugin RuntimePhysXCooking
LogPluginManager: Mounting plugin SteamVR
LogPluginManager: Mounting plugin WebMMoviePlayer
LogPluginManager: Mounting plugin WindowsMoviePlayer
LogStreaming: Display: Took  0.092s to configure plugins.
LogInit: Using libcurl 7.55.1-DEV
LogInit:  - built for x86_64-pc-win32
LogInit:  - supports SSL with OpenSSL/1.0.2h
LogInit:  - supports HTTP deflate (compression) using libz 1.2.8
LogInit:  - other features:
LogInit:      CURL_VERSION_SSL
LogInit:      CURL_VERSION_LIBZ
LogInit:      CURL_VERSION_IPV6
LogInit:      CURL_VERSION_ASYNCHDNS
LogInit:      CURL_VERSION_LARGEFILE
LogInit:      CURL_VERSION_IDN
LogInit:  CurlRequestOptions (configurable via config and command line):
LogInit:  - bVerifyPeer = true  - Libcurl will verify peer certificate
LogInit:  - bUseHttpProxy = false  - Libcurl will NOT use HTTP proxy
LogInit:  - bDontReuseConnections = false  - Libcurl will reuse connections
LogInit:  - MaxHostConnections = 16  - Libcurl will limit the number of connections to a host
LogInit:  - LocalHostAddr = Default
LogInit:  - BufferSize = 65536
LogInit: WinSock: version 1.1 (2.2), MaxSocks=32767, MaxUdp=65467
LogInit: Build: ++UE4+Release-4.21-CL-4753647
LogInit: Engine Version: 4.21.2-4753647+++UE4+Release-4.21
LogInit: Compatible Engine Version: 4.21.0-4541578+++UE4+Release-4.21
LogInit: Net CL: 4541578
LogInit: OS: Windows 10 (), CPU: Intel(R) Core(TM) i7-6700K CPU @ 4.00GHz, GPU: NVIDIA GeForce RTX 2080
LogInit: Compiled (64-bit): Jan 19 2019 02:07:31
LogInit: Compiled with Visual C++: 19.13.26129.00
LogInit: Build Configuration: Development
LogInit: Branch Name: ++UE4+Release-4.21
LogInit: Command Line:  -skipcompile
LogInit: Base Directory: G:/Games/Epic/Games/UE_4.21/Engine/Binaries/Win64/
LogInit: Installed Engine Build: 1
LogDevObjectVersion: Number of dev versions registered: 22
LogDevObjectVersion:   Dev-Blueprints (B0D832E4-1F89-4F0D-ACCF-7EB736FD4AA2): 10
LogDevObjectVersion:   Dev-Build (E1C64328-A22C-4D53-A36C-8E866417BD8C): 0
LogDevObjectVersion:   Dev-Core (375EC13C-06E4-48FB-B500-84F0262A717E): 2
LogDevObjectVersion:   Dev-Editor (E4B068ED-F494-42E9-A231-DA0B2E46BB41): 26
LogDevObjectVersion:   Dev-Framework (CFFC743F-43B0-4480-9391-14DF171D2073): 34
LogDevObjectVersion:   Dev-Mobile (B02B49B5-BB20-44E9-A304-32B752E40360): 2
LogDevObjectVersion:   Dev-Networking (A4E4105C-59A1-49B5-A7C5-40C4547EDFEE): 0
LogDevObjectVersion:   Dev-Online (39C831C9-5AE6-47DC-9A44-9C173E1C8E7C): 0
LogDevObjectVersion:   Dev-Physics (78F01B33-EBEA-4F98-B9B4-84EACCB95AA2): 0
LogDevObjectVersion:   Dev-Platform (6631380F-2D4D-43E0-8009-CF276956A95A): 0
LogDevObjectVersion:   Dev-Rendering (12F88B9F-8875-4AFC-A67C-D90C383ABD29): 27
LogDevObjectVersion:   Dev-Sequencer (7B5AE74C-D270-4C10-A958-57980B212A5A): 9
LogDevObjectVersion:   Dev-VR (D7296918-1DD6-4BDD-9DE2-64A83CC13884): 2
LogDevObjectVersion:   Dev-LoadTimes (C2A15278-BFE7-4AFE-6C17-90FF531DF755): 1
LogDevObjectVersion:   Private-Geometry (6EACA3D4-40EC-4CC1-B786-8BED09428FC5): 3
LogDevObjectVersion:   Dev-AnimPhys (29E575DD-E0A3-4627-9D10-D276232CDCEA): 17
LogDevObjectVersion:   Dev-Anim (AF43A65D-7FD3-4947-9873-3E8ED9C1BB05): 2
LogDevObjectVersion:   Dev-ReflectionCapture (6B266CEC-1EC7-4B8F-A30B-E4D90942FC07): 1
LogDevObjectVersion:   Dev-Automation (0DF73D61-A23F-47EA-B727-89E90C41499A): 1
LogDevObjectVersion:   FortniteMain (601D1886-AC64-4F84-AA16-D3DE0DEAC7D6): 17
LogDevObjectVersion:   Dev-Enterprise (9DFFBCD6-494F-0158-E221-12823C92A888): 4
LogDevObjectVersion:   Dev-Niagara (F2AED0AC-9AFE-416F-8664-AA7FFA26D6FC): 1
LogStreaming: Display: Took  0.003s to delete old logs.
LogInit: Presizing for max 8388607 objects, including 0 objects not considered by GC, pre-allocating 0 bytes for permanent pool.
LogInit: Object subsystem initialized
LogConfig: Setting CVar [[con.DebugEarlyDefault:1]]
LogConfig: Setting CVar [[r.setres:1280x720]]
[2019.02.13-22.41.19:911][  0]LogConfig: Setting CVar [[r.VSync:0]]
[2019.02.13-22.41.19:911][  0]LogConfig: Setting CVar [[r.RHICmdBypass:0]]
[2019.02.13-22.41.19:912][  0]LogConfig: Applying CVar settings from Section [/Script/Engine.RendererSettings] File [C:/Users/gosus/Documents/CP-School/SeniorProject/gitRepos/Senior-Project-Prototype3/HSPGame/Saved/Config/Windows/Engine.ini]
[2019.02.13-22.41.19:912][  0]LogConfig: Setting CVar [[r.GPUCrashDebugging:0]]
[2019.02.13-22.41.19:912][  0]LogConfig: Applying CVar settings from Section [/Script/Engine.RendererOverrideSettings] File [C:/Users/gosus/Documents/CP-School/SeniorProject/gitRepos/Senior-Project-Prototype3/HSPGame/Saved/Config/Windows/Engine.ini]
[2019.02.13-22.41.19:912][  0]LogConfig: Applying CVar settings from Section [/Script/Engine.StreamingSettings] File [C:/Users/gosus/Documents/CP-School/SeniorProject/gitRepos/Senior-Project-Prototype3/HSPGame/Saved/Config/Windows/Engine.ini]
[2019.02.13-22.41.19:912][  0]LogConfig: Setting CVar [[s.MinBulkDataSizeForAsyncLoading:131072]]
[2019.02.13-22.41.19:912][  0]LogConfig: Setting CVar [[s.AsyncLoadingThreadEnabled:0]]
[2019.02.13-22.41.19:912][  0]LogConfig: Setting CVar [[s.EventDrivenLoaderEnabled:1]]
[2019.02.13-22.41.19:912][  0]LogConfig: Setting CVar [[s.WarnIfTimeLimitExceeded:0]]
[2019.02.13-22.41.19:912][  0]LogConfig: Setting CVar [[s.TimeLimitExceededMultiplier:1.5]]
[2019.02.13-22.41.19:912][  0]LogConfig: Setting CVar [[s.TimeLimitExceededMinTime:0.005]]
[2019.02.13-22.41.19:912][  0]LogConfig: Setting CVar [[s.UseBackgroundLevelStreaming:1]]
[2019.02.13-22.41.19:912][  0]LogConfig: Setting CVar [[s.PriorityAsyncLoadingExtraTime:15.0]]
[2019.02.13-22.41.19:912][  0]LogConfig: Setting CVar [[s.LevelStreamingActorsUpdateTimeLimit:5.0]]
[2019.02.13-22.41.19:912][  0]LogConfig: Setting CVar [[s.PriorityLevelStreamingActorsUpdateExtraTime:5.0]]
[2019.02.13-22.41.19:912][  0]LogConfig: Setting CVar [[s.LevelStreamingComponentsRegistrationGranularity:10]]
[2019.02.13-22.41.19:912][  0]LogConfig: Setting CVar [[s.UnregisterComponentsTimeLimit:1.0]]
[2019.02.13-22.41.19:912][  0]LogConfig: Setting CVar [[s.LevelStreamingComponentsUnregistrationGranularity:5]]
[2019.02.13-22.41.19:912][  0]LogConfig: Applying CVar settings from Section [/Script/Engine.GarbageCollectionSettings] File [C:/Users/gosus/Documents/CP-School/SeniorProject/gitRepos/Senior-Project-Prototype3/HSPGame/Saved/Config/Windows/Engine.ini]
[2019.02.13-22.41.19:912][  0]LogConfig: Setting CVar [[gc.MaxObjectsNotConsideredByGC:1]]
[2019.02.13-22.41.19:913][  0]LogConfig: Setting CVar [[gc.SizeOfPermanentObjectPool:0]]
[2019.02.13-22.41.19:913][  0]LogConfig: Setting CVar [[gc.FlushStreamingOnGC:0]]
[2019.02.13-22.41.19:913][  0]LogConfig: Setting CVar [[gc.NumRetriesBeforeForcingGC:10]]
[2019.02.13-22.41.19:913][  0]LogConfig: Setting CVar [[gc.AllowParallelGC:1]]
[2019.02.13-22.41.19:913][  0]LogConfig: Setting CVar [[gc.TimeBetweenPurgingPendingKillObjects:61.1]]
[2019.02.13-22.41.19:913][  0]LogConfig: Setting CVar [[gc.MaxObjectsInEditor:8388607]]
[2019.02.13-22.41.19:913][  0]LogConfig: Setting CVar [[gc.IncrementalBeginDestroyEnabled:1]]
[2019.02.13-22.41.19:913][  0]LogConfig: Setting CVar [[gc.CreateGCClusters:1]]
[2019.02.13-22.41.19:913][  0]LogConfig: Setting CVar [[gc.MergeGCClusters:0]]
[2019.02.13-22.41.19:913][  0]LogConfig: Setting CVar [[gc.MinGCClusterSize:5]]
[2019.02.13-22.41.19:913][  0]LogConfig: Setting CVar [[gc.ActorClusteringEnabled:0]]
[2019.02.13-22.41.19:913][  0]LogConfig: Setting CVar [[gc.BlueprintClusteringEnabled:0]]
[2019.02.13-22.41.19:913][  0]LogConfig: Setting CVar [[gc.UseDisregardForGCOnDedicatedServers:0]]
[2019.02.13-22.41.19:913][  0]LogConfig: Applying CVar settings from Section [/Script/Engine.NetworkSettings] File [C:/Users/gosus/Documents/CP-School/SeniorProject/gitRepos/Senior-Project-Prototype3/HSPGame/Saved/Config/Windows/Engine.ini]
[2019.02.13-22.41.19:913][  0]LogConfig: Applying CVar settings from Section [/Script/UnrealEd.CookerSettings] File [C:/Users/gosus/Documents/CP-School/SeniorProject/gitRepos/Senior-Project-Prototype3/HSPGame/Saved/Config/Windows/Engine.ini]
[2019.02.13-22.41.19:928][  0]LogConfig: Applying CVar settings from Section [ViewDistanceQuality@3] File [C:/Users/gosus/Documents/CP-School/SeniorProject/gitRepos/Senior-Project-Prototype3/HSPGame/Saved/Config/Windows/Scalability.ini]
[2019.02.13-22.41.19:928][  0]LogConfig: Setting CVar [[r.SkeletalMeshLODBias:0]]
[2019.02.13-22.41.19:928][  0]LogConfig: Setting CVar [[r.ViewDistanceScale:1.0]]
[2019.02.13-22.41.19:928][  0]LogConfig: Applying CVar settings from Section [AntiAliasingQuality@3] File [C:/Users/gosus/Documents/CP-School/SeniorProject/gitRepos/Senior-Project-Prototype3/HSPGame/Saved/Config/Windows/Scalability.ini]
[2019.02.13-22.41.19:928][  0]LogConfig: Setting CVar [[r.PostProcessAAQuality:4]]
[2019.02.13-22.41.19:928][  0]LogConfig: Applying CVar settings from Section [ShadowQuality@3] File [C:/Users/gosus/Documents/CP-School/SeniorProject/gitRepos/Senior-Project-Prototype3/HSPGame/Saved/Config/Windows/Scalability.ini]
[2019.02.13-22.41.19:928][  0]LogConfig: Setting CVar [[r.LightFunctionQuality:1]]
[2019.02.13-22.41.19:928][  0]LogConfig: Setting CVar [[r.ShadowQuality:5]]
[2019.02.13-22.41.19:928][  0]LogConfig: Setting CVar [[r.Shadow.CSM.MaxCascades:10]]
[2019.02.13-22.41.19:928][  0]LogConfig: Setting CVar [[r.Shadow.MaxResolution:2048]]
[2019.02.13-22.41.19:928][  0]LogConfig: Setting CVar [[r.Shadow.MaxCSMResolution:2048]]
[2019.02.13-22.41.19:928][  0]LogConfig: Setting CVar [[r.Shadow.RadiusThreshold:0.01]]
[2019.02.13-22.41.19:928][  0]LogConfig: Setting CVar [[r.Shadow.DistanceScale:1.0]]
[2019.02.13-22.41.19:928][  0]LogConfig: Setting CVar [[r.Shadow.CSM.TransitionScale:1.0]]
[2019.02.13-22.41.19:928][  0]LogConfig: Setting CVar [[r.Shadow.PreShadowResolutionFactor:1.0]]
[2019.02.13-22.41.19:928][  0]LogConfig: Setting CVar [[r.DistanceFieldShadowing:1]]
[2019.02.13-22.41.19:928][  0]LogConfig: Setting CVar [[r.DistanceFieldAO:1]]
[2019.02.13-22.41.19:928][  0]LogConfig: Setting CVar [[r.AOQuality:2]]
[2019.02.13-22.41.19:928][  0]LogConfig: Setting CVar [[r.VolumetricFog:1]]
[2019.02.13-22.41.19:929][  0]LogConfig: Setting CVar [[r.VolumetricFog.GridPixelSize:8]]
[2019.02.13-22.41.19:929][  0]LogConfig: Setting CVar [[r.VolumetricFog.GridSizeZ:128]]
[2019.02.13-22.41.19:929][  0]LogConfig: Setting CVar [[r.VolumetricFog.HistoryMissSupersampleCount:4]]
[2019.02.13-22.41.19:929][  0]LogConfig: Setting CVar [[r.LightMaxDrawDistanceScale:1]]
[2019.02.13-22.41.19:929][  0]LogConfig: Setting CVar [[r.CapsuleShadows:1]]
[2019.02.13-22.41.19:929][  0]LogConfig: Applying CVar settings from Section [PostProcessQuality@3] File [C:/Users/gosus/Documents/CP-School/SeniorProject/gitRepos/Senior-Project-Prototype3/HSPGame/Saved/Config/Windows/Scalability.ini]
[2019.02.13-22.41.19:929][  0]LogConfig: Setting CVar [[r.MotionBlurQuality:4]]
[2019.02.13-22.41.19:929][  0]LogConfig: Setting CVar [[r.AmbientOcclusionMipLevelFactor:0.4]]
[2019.02.13-22.41.19:929][  0]LogConfig: Setting CVar [[r.AmbientOcclusionMaxQuality:100]]
[2019.02.13-22.41.19:929][  0]LogConfig: Setting CVar [[r.AmbientOcclusionLevels:-1]]
[2019.02.13-22.41.19:929][  0]LogConfig: Setting CVar [[r.AmbientOcclusionRadiusScale:1.0]]
[2019.02.13-22.41.19:929][  0]LogConfig: Setting CVar [[r.DepthOfFieldQuality:2]]
[2019.02.13-22.41.19:929][  0]LogConfig: Setting CVar [[r.RenderTargetPoolMin:400]]
[2019.02.13-22.41.19:929][  0]LogConfig: Setting CVar [[r.LensFlareQuality:2]]
[2019.02.13-22.41.19:929][  0]LogConfig: Setting CVar [[r.SceneColorFringeQuality:1]]
[2019.02.13-22.41.19:929][  0]LogConfig: Setting CVar [[r.EyeAdaptationQuality:2]]
[2019.02.13-22.41.19:929][  0]LogConfig: Setting CVar [[r.BloomQuality:5]]
[2019.02.13-22.41.19:929][  0]LogConfig: Setting CVar [[r.FastBlurThreshold:100]]
[2019.02.13-22.41.19:930][  0]LogConfig: Setting CVar [[r.Upscale.Quality:3]]
[2019.02.13-22.41.19:930][  0]LogConfig: Setting CVar [[r.Tonemapper.GrainQuantization:1]]
[2019.02.13-22.41.19:930][  0]LogConfig: Setting CVar [[r.LightShaftQuality:1]]
[2019.02.13-22.41.19:930][  0]LogConfig: Setting CVar [[r.Filter.SizeScale:1]]
[2019.02.13-22.41.19:930][  0]LogConfig: Setting CVar [[r.Tonemapper.Quality:5]]
[2019.02.13-22.41.19:930][  0]LogConfig: Setting CVar [[r.DOF.Gather.AccumulatorQuality:1        ; higher gathering accumulator quality]]
[2019.02.13-22.41.19:930][  0]LogConfig: Setting CVar [[r.DOF.Gather.PostfilterMethod:1          ; Median3x3 postfilering method]]
[2019.02.13-22.41.19:930][  0]LogConfig: Setting CVar [[r.DOF.Gather.EnableBokehSettings:0       ; no bokeh simulation when gathering]]
[2019.02.13-22.41.19:930][  0]LogConfig: Setting CVar [[r.DOF.Gather.RingCount:4                 ; medium number of samples when gathering]]
[2019.02.13-22.41.19:930][  0]LogConfig: Setting CVar [[r.DOF.Scatter.ForegroundCompositing:1    ; additive foreground scattering]]
[2019.02.13-22.41.19:930][  0]LogConfig: Setting CVar [[r.DOF.Scatter.BackgroundCompositing:2    ; additive background scattering]]
[2019.02.13-22.41.19:930][  0]LogConfig: Setting CVar [[r.DOF.Scatter.EnableBokehSettings:1      ; bokeh simulation when scattering]]
[2019.02.13-22.41.19:930][  0]LogConfig: Setting CVar [[r.DOF.Scatter.MaxSpriteRatio:0.1         ; only a maximum of 10% of scattered bokeh]]
[2019.02.13-22.41.19:930][  0]LogConfig: Setting CVar [[r.DOF.Recombine.Quality:1                ; cheap slight out of focus]]
[2019.02.13-22.41.19:930][  0]LogConfig: Setting CVar [[r.DOF.Recombine.EnableBokehSettings:0    ; no bokeh simulation on slight out of focus]]
[2019.02.13-22.41.19:930][  0]LogConfig: Setting CVar [[r.DOF.TemporalAAQuality:1                ; more stable temporal accumulation]]
[2019.02.13-22.41.19:931][  0]LogConfig: Setting CVar [[r.DOF.Kernel.MaxForegroundRadius:0.025]]
[2019.02.13-22.41.19:931][  0]LogConfig: Setting CVar [[r.DOF.Kernel.MaxBackgroundRadius:0.025]]
[2019.02.13-22.41.19:931][  0]LogConfig: Applying CVar settings from Section [TextureQuality@3] File [C:/Users/gosus/Documents/CP-School/SeniorProject/gitRepos/Senior-Project-Prototype3/HSPGame/Saved/Config/Windows/Scalability.ini]
[2019.02.13-22.41.19:931][  0]LogConfig: Setting CVar [[r.Streaming.MipBias:0]]
[2019.02.13-22.41.19:931][  0]LogConfig: Setting CVar [[r.Streaming.AmortizeCPUToGPUCopy:0]]
[2019.02.13-22.41.19:931][  0]LogConfig: Setting CVar [[r.Streaming.MaxNumTexturesToStreamPerFrame:0]]
[2019.02.13-22.41.19:931][  0]LogConfig: Setting CVar [[r.Streaming.Boost:1]]
[2019.02.13-22.41.19:931][  0]LogConfig: Setting CVar [[r.MaxAnisotropy:8]]
[2019.02.13-22.41.19:931][  0]LogConfig: Setting CVar [[r.Streaming.LimitPoolSizeToVRAM:0]]
[2019.02.13-22.41.19:931][  0]LogConfig: Setting CVar [[r.Streaming.PoolSize:1000]]
[2019.02.13-22.41.19:931][  0]LogConfig: Setting CVar [[r.Streaming.MaxEffectiveScreenSize:0]]
[2019.02.13-22.41.19:931][  0]LogConfig: Applying CVar settings from Section [EffectsQuality@3] File [C:/Users/gosus/Documents/CP-School/SeniorProject/gitRepos/Senior-Project-Prototype3/HSPGame/Saved/Config/Windows/Scalability.ini]
[2019.02.13-22.41.19:931][  0]LogConfig: Setting CVar [[r.TranslucencyLightingVolumeDim:64]]
[2019.02.13-22.41.19:931][  0]LogConfig: Setting CVar [[r.RefractionQuality:2]]
[2019.02.13-22.41.19:931][  0]LogConfig: Setting CVar [[r.SSR.Quality:3]]
[2019.02.13-22.41.19:931][  0]LogConfig: Setting CVar [[r.SceneColorFormat:4]]
[2019.02.13-22.41.19:931][  0]LogConfig: Setting CVar [[r.DetailMode:2]]
[2019.02.13-22.41.19:932][  0]LogConfig: Setting CVar [[r.TranslucencyVolumeBlur:1]]
[2019.02.13-22.41.19:932][  0]LogConfig: Setting CVar [[r.MaterialQualityLevel:1 ; High quality]]
[2019.02.13-22.41.19:932][  0]LogConfig: Setting CVar [[r.SSS.Scale:1]]
[2019.02.13-22.41.19:932][  0]LogConfig: Setting CVar [[r.SSS.SampleSet:2]]
[2019.02.13-22.41.19:932][  0]LogConfig: Setting CVar [[r.SSS.Quality:1]]
[2019.02.13-22.41.19:932][  0]LogConfig: Setting CVar [[r.SSS.HalfRes:1]]
[2019.02.13-22.41.19:932][  0]LogConfig: Setting CVar [[r.EmitterSpawnRateScale:1.0]]
[2019.02.13-22.41.19:932][  0]LogConfig: Setting CVar [[r.ParticleLightQuality:2]]
[2019.02.13-22.41.19:932][  0]LogConfig: Applying CVar settings from Section [FoliageQuality@3] File [C:/Users/gosus/Documents/CP-School/SeniorProject/gitRepos/Senior-Project-Prototype3/HSPGame/Saved/Config/Windows/Scalability.ini]
[2019.02.13-22.41.19:932][  0]LogConfig: Setting CVar [[foliage.DensityScale:1.0]]
[2019.02.13-22.41.19:932][  0]LogConfig: Setting CVar [[grass.DensityScale:1.0]]
[2019.02.13-22.41.19:932][  0]LogInit: Selected Device Profile: [Windows]
[2019.02.13-22.41.19:932][  0]LogInit: Applying CVar settings loaded from the selected device profile: [Windows]
[2019.02.13-22.41.19:945][  0]LogHAL: Display: Platform has ~ 32 GB [34313105408 / 34359738368 / 32], which maps to Largest [LargestMinGB=32, LargerMinGB=12, DefaultMinGB=8, SmallerMinGB=6, SmallestMinGB=0)
[2019.02.13-22.41.19:945][  0]LogConfig: Setting CVar [[r.Vulkan.UseRealUBs:1]]
[2019.02.13-22.41.19:945][  0]LogInit: Going up to parent DeviceProfile []
[2019.02.13-22.41.19:945][  0]LogConfig: Applying CVar settings from Section [ViewDistanceQuality@3] File [C:/Users/gosus/Documents/CP-School/SeniorProject/gitRepos/Senior-Project-Prototype3/HSPGame/Saved/Config/Windows/Scalability.ini]
[2019.02.13-22.41.19:945][  0]LogConfig: Setting CVar [[r.SkeletalMeshLODBias:0]]
[2019.02.13-22.41.19:945][  0]LogConfig: Setting CVar [[r.ViewDistanceScale:1.0]]
[2019.02.13-22.41.19:945][  0]LogConfig: Applying CVar settings from Section [AntiAliasingQuality@3] File [C:/Users/gosus/Documents/CP-School/SeniorProject/gitRepos/Senior-Project-Prototype3/HSPGame/Saved/Config/Windows/Scalability.ini]
[2019.02.13-22.41.19:945][  0]LogConfig: Setting CVar [[r.PostProcessAAQuality:4]]
[2019.02.13-22.41.19:945][  0]LogConfig: Applying CVar settings from Section [ShadowQuality@3] File [C:/Users/gosus/Documents/CP-School/SeniorProject/gitRepos/Senior-Project-Prototype3/HSPGame/Saved/Config/Windows/Scalability.ini]
[2019.02.13-22.41.19:945][  0]LogConfig: Setting CVar [[r.LightFunctionQuality:1]]
[2019.02.13-22.41.19:946][  0]LogConfig: Setting CVar [[r.ShadowQuality:5]]
[2019.02.13-22.41.19:946][  0]LogConfig: Setting CVar [[r.Shadow.CSM.MaxCascades:10]]
[2019.02.13-22.41.19:946][  0]LogConfig: Setting CVar [[r.Shadow.MaxResolution:2048]]
[2019.02.13-22.41.19:946][  0]LogConfig: Setting CVar [[r.Shadow.MaxCSMResolution:2048]]
[2019.02.13-22.41.19:946][  0]LogConfig: Setting CVar [[r.Shadow.RadiusThreshold:0.01]]
[2019.02.13-22.41.19:946][  0]LogConfig: Setting CVar [[r.Shadow.DistanceScale:1.0]]
[2019.02.13-22.41.19:946][  0]LogConfig: Setting CVar [[r.Shadow.CSM.TransitionScale:1.0]]
[2019.02.13-22.41.19:946][  0]LogConfig: Setting CVar [[r.Shadow.PreShadowResolutionFactor:1.0]]
[2019.02.13-22.41.19:946][  0]LogConfig: Setting CVar [[r.DistanceFieldShadowing:1]]
[2019.02.13-22.41.19:946][  0]LogConfig: Setting CVar [[r.DistanceFieldAO:1]]
[2019.02.13-22.41.19:946][  0]LogConfig: Setting CVar [[r.AOQuality:2]]
[2019.02.13-22.41.19:946][  0]LogConfig: Setting CVar [[r.VolumetricFog:1]]
[2019.02.13-22.41.19:946][  0]LogConfig: Setting CVar [[r.VolumetricFog.GridPixelSize:8]]
[2019.02.13-22.41.19:946][  0]LogConfig: Setting CVar [[r.VolumetricFog.GridSizeZ:128]]
[2019.02.13-22.41.19:946][  0]LogConfig: Setting CVar [[r.VolumetricFog.HistoryMissSupersampleCount:4]]
[2019.02.13-22.41.19:946][  0]LogConfig: Setting CVar [[r.LightMaxDrawDistanceScale:1]]
[2019.02.13-22.41.19:946][  0]LogConfig: Setting CVar [[r.CapsuleShadows:1]]
[2019.02.13-22.41.19:946][  0]LogConfig: Applying CVar settings from Section [PostProcessQuality@3] File [C:/Users/gosus/Documents/CP-School/SeniorProject/gitRepos/Senior-Project-Prototype3/HSPGame/Saved/Config/Windows/Scalability.ini]
[2019.02.13-22.41.19:946][  0]LogConfig: Setting CVar [[r.MotionBlurQuality:4]]
[2019.02.13-22.41.19:946][  0]LogConfig: Setting CVar [[r.AmbientOcclusionMipLevelFactor:0.4]]
[2019.02.13-22.41.19:947][  0]LogConfig: Setting CVar [[r.AmbientOcclusionMaxQuality:100]]
[2019.02.13-22.41.19:947][  0]LogConfig: Setting CVar [[r.AmbientOcclusionLevels:-1]]
[2019.02.13-22.41.19:947][  0]LogConfig: Setting CVar [[r.AmbientOcclusionRadiusScale:1.0]]
[2019.02.13-22.41.19:947][  0]LogConfig: Setting CVar [[r.DepthOfFieldQuality:2]]
[2019.02.13-22.41.19:947][  0]LogConfig: Setting CVar [[r.RenderTargetPoolMin:400]]
[2019.02.13-22.41.19:947][  0]LogConfig: Setting CVar [[r.LensFlareQuality:2]]
[2019.02.13-22.41.19:947][  0]LogConfig: Setting CVar [[r.SceneColorFringeQuality:1]]
[2019.02.13-22.41.19:947][  0]LogConfig: Setting CVar [[r.EyeAdaptationQuality:2]]
[2019.02.13-22.41.19:947][  0]LogConfig: Setting CVar [[r.BloomQuality:5]]
[2019.02.13-22.41.19:947][  0]LogConfig: Setting CVar [[r.FastBlurThreshold:100]]
[2019.02.13-22.41.19:947][  0]LogConfig: Setting CVar [[r.Upscale.Quality:3]]
[2019.02.13-22.41.19:947][  0]LogConfig: Setting CVar [[r.Tonemapper.GrainQuantization:1]]
[2019.02.13-22.41.19:947][  0]LogConfig: Setting CVar [[r.LightShaftQuality:1]]
[2019.02.13-22.41.19:947][  0]LogConfig: Setting CVar [[r.Filter.SizeScale:1]]
[2019.02.13-22.41.19:947][  0]LogConfig: Setting CVar [[r.Tonemapper.Quality:5]]
[2019.02.13-22.41.19:947][  0]LogConfig: Setting CVar [[r.DOF.Gather.AccumulatorQuality:1        ; higher gathering accumulator quality]]
[2019.02.13-22.41.19:947][  0]LogConfig: Setting CVar [[r.DOF.Gather.PostfilterMethod:1          ; Median3x3 postfilering method]]
[2019.02.13-22.41.19:947][  0]LogConfig: Setting CVar [[r.DOF.Gather.EnableBokehSettings:0       ; no bokeh simulation when gathering]]
[2019.02.13-22.41.19:947][  0]LogConfig: Setting CVar [[r.DOF.Gather.RingCount:4                 ; medium number of samples when gathering]]
[2019.02.13-22.41.19:947][  0]LogConfig: Setting CVar [[r.DOF.Scatter.ForegroundCompositing:1    ; additive foreground scattering]]
[2019.02.13-22.41.19:948][  0]LogConfig: Setting CVar [[r.DOF.Scatter.BackgroundCompositing:2    ; additive background scattering]]
[2019.02.13-22.41.19:948][  0]LogConfig: Setting CVar [[r.DOF.Scatter.EnableBokehSettings:1      ; bokeh simulation when scattering]]
[2019.02.13-22.41.19:948][  0]LogConfig: Setting CVar [[r.DOF.Scatter.MaxSpriteRatio:0.1         ; only a maximum of 10% of scattered bokeh]]
[2019.02.13-22.41.19:948][  0]LogConfig: Setting CVar [[r.DOF.Recombine.Quality:1                ; cheap slight out of focus]]
[2019.02.13-22.41.19:948][  0]LogConfig: Setting CVar [[r.DOF.Recombine.EnableBokehSettings:0    ; no bokeh simulation on slight out of focus]]
[2019.02.13-22.41.19:948][  0]LogConfig: Setting CVar [[r.DOF.TemporalAAQuality:1                ; more stable temporal accumulation]]
[2019.02.13-22.41.19:948][  0]LogConfig: Setting CVar [[r.DOF.Kernel.MaxForegroundRadius:0.025]]
[2019.02.13-22.41.19:948][  0]LogConfig: Setting CVar [[r.DOF.Kernel.MaxBackgroundRadius:0.025]]
[2019.02.13-22.41.19:948][  0]LogConfig: Applying CVar settings from Section [TextureQuality@3] File [C:/Users/gosus/Documents/CP-School/SeniorProject/gitRepos/Senior-Project-Prototype3/HSPGame/Saved/Config/Windows/Scalability.ini]
[2019.02.13-22.41.19:948][  0]LogConfig: Setting CVar [[r.Streaming.MipBias:0]]
[2019.02.13-22.41.19:948][  0]LogConfig: Setting CVar [[r.Streaming.AmortizeCPUToGPUCopy:0]]
[2019.02.13-22.41.19:948][  0]LogConfig: Setting CVar [[r.Streaming.MaxNumTexturesToStreamPerFrame:0]]
[2019.02.13-22.41.19:948][  0]LogConfig: Setting CVar [[r.Streaming.Boost:1]]
[2019.02.13-22.41.19:948][  0]LogConfig: Setting CVar [[r.MaxAnisotropy:8]]
[2019.02.13-22.41.19:948][  0]LogConfig: Setting CVar [[r.Streaming.LimitPoolSizeToVRAM:0]]
[2019.02.13-22.41.19:948][  0]LogConfig: Setting CVar [[r.Streaming.PoolSize:1000]]
[2019.02.13-22.41.19:948][  0]LogConfig: Setting CVar [[r.Streaming.MaxEffectiveScreenSize:0]]
[2019.02.13-22.41.19:948][  0]LogConfig: Applying CVar settings from Section [EffectsQuality@3] File [C:/Users/gosus/Documents/CP-School/SeniorProject/gitRepos/Senior-Project-Prototype3/HSPGame/Saved/Config/Windows/Scalability.ini]
[2019.02.13-22.41.19:948][  0]LogConfig: Setting CVar [[r.TranslucencyLightingVolumeDim:64]]
[2019.02.13-22.41.19:948][  0]LogConfig: Setting CVar [[r.RefractionQuality:2]]
[2019.02.13-22.41.19:949][  0]LogConfig: Setting CVar [[r.SSR.Quality:3]]
[2019.02.13-22.41.19:949][  0]LogConfig: Setting CVar [[r.SceneColorFormat:4]]
[2019.02.13-22.41.19:949][  0]LogConfig: Setting CVar [[r.DetailMode:2]]
[2019.02.13-22.41.19:949][  0]LogConfig: Setting CVar [[r.TranslucencyVolumeBlur:1]]
[2019.02.13-22.41.19:949][  0]LogConfig: Setting CVar [[r.MaterialQualityLevel:1 ; High quality]]
[2019.02.13-22.41.19:949][  0]LogConfig: Setting CVar [[r.SSS.Scale:1]]
[2019.02.13-22.41.19:949][  0]LogConfig: Setting CVar [[r.SSS.SampleSet:2]]
[2019.02.13-22.41.19:949][  0]LogConfig: Setting CVar [[r.SSS.Quality:1]]
[2019.02.13-22.41.19:949][  0]LogConfig: Setting CVar [[r.SSS.HalfRes:1]]
[2019.02.13-22.41.19:949][  0]LogConfig: Setting CVar [[r.EmitterSpawnRateScale:1.0]]
[2019.02.13-22.41.19:949][  0]LogConfig: Setting CVar [[r.ParticleLightQuality:2]]
[2019.02.13-22.41.19:949][  0]LogConfig: Applying CVar settings from Section [FoliageQuality@3] File [C:/Users/gosus/Documents/CP-School/SeniorProject/gitRepos/Senior-Project-Prototype3/HSPGame/Saved/Config/Windows/Scalability.ini]
[2019.02.13-22.41.19:949][  0]LogConfig: Setting CVar [[foliage.DensityScale:1.0]]
[2019.02.13-22.41.19:949][  0]LogConfig: Setting CVar [[grass.DensityScale:1.0]]
[2019.02.13-22.41.19:949][  0]LogConfig: Applying CVar settings from Section [Startup] File [../../../Engine/Config/ConsoleVariables.ini]
[2019.02.13-22.41.19:950][  0]LogConfig: Setting CVar [[net.UseAdaptiveNetUpdateFrequency:0]]
[2019.02.13-22.41.19:950][  0]LogConfig: Applying CVar settings from Section [ConsoleVariables] File [C:/Users/gosus/Documents/CP-School/SeniorProject/gitRepos/Senior-Project-Prototype3/HSPGame/Saved/Config/Windows/Engine.ini]
[2019.02.13-22.41.19:950][  0]LogInit: Computer: UNIT-01
[2019.02.13-22.41.19:950][  0]LogInit: User: gosus
[2019.02.13-22.41.19:950][  0]LogInit: CPU Page size=4096, Cores=4
[2019.02.13-22.41.19:950][  0]LogInit: High frequency timer resolution =10.000000 MHz
[2019.02.13-22.41.19:950][  0]LogMemory: Memory total: Physical=32.0GB (32GB approx)
[2019.02.13-22.41.19:950][  0]LogMemory: Platform Memory Stats for Windows
[2019.02.13-22.41.19:951][  0]LogMemory: Process Physical Memory: 102.83 MB used, 102.84 MB peak
[2019.02.13-22.41.19:951][  0]LogMemory: Process Virtual Memory: 92.02 MB used, 92.02 MB peak
[2019.02.13-22.41.19:951][  0]LogMemory: Physical Memory: 11715.26 MB used,  21008.27 MB free, 32723.53 MB total
[2019.02.13-22.41.19:951][  0]LogMemory: Virtual Memory: 4649.98 MB used,  134213080.00 MB free, 134217728.00 MB total
[2019.02.13-22.41.20:050][  0]LogInit: Using OS detected language (en-US).
[2019.02.13-22.41.20:050][  0]LogInit: Using OS detected locale (en-US).
[2019.02.13-22.41.20:051][  0]LogTextLocalizationManager: No specific localization for 'en-US' exists, so the 'en' localization will be used.
[2019.02.13-22.41.20:368][  0]LogStreaming: Display: Took  0.317s to InitEngineTextLocalization.
[2019.02.13-22.41.20:368][  0]LogInit: Setting process to per monitor DPI aware
[2019.02.13-22.41.20:411][  0]LogSlate: New Slate User Created.  User Index 0, Is Virtual User: 0
[2019.02.13-22.41.20:411][  0]LogSlate: Slate User Registered.  User Index 0, Is Virtual User: 0
[2019.02.13-22.41.20:568][  0]LogHMD: Failed to initialize OpenVR with code 110
[2019.02.13-22.41.20:568][  0]LogD3D11RHI: D3D11 adapters:
[2019.02.13-22.41.20:666][  0]LogD3D11RHI:    0. 'NVIDIA GeForce RTX 2080' (Feature Level 11_0)
[2019.02.13-22.41.20:666][  0]LogD3D11RHI:       8010/0/16361 MB DedicatedVideo/DedicatedSystem/SharedSystem, Outputs:2, VendorId:0x10de
[2019.02.13-22.41.20:671][  0]LogD3D11RHI:    1. 'Microsoft Basic Render Driver' (Feature Level 11_0)
[2019.02.13-22.41.20:671][  0]LogD3D11RHI:       0/0/16361 MB DedicatedVideo/DedicatedSystem/SharedSystem, Outputs:0, VendorId:0x1414
[2019.02.13-22.41.20:671][  0]LogD3D11RHI: Chosen D3D11 Adapter: 0
[2019.02.13-22.41.20:679][  0]LogD3D11RHI: Creating new Direct3DDevice
[2019.02.13-22.41.20:679][  0]LogD3D11RHI:     GPU DeviceId: 0x1e87 (for the marketing name, search the web for "GPU Device Id")
[2019.02.13-22.41.20:679][  0]LogWindows: EnumDisplayDevices:
[2019.02.13-22.41.20:679][  0]LogWindows:    0. 'NVIDIA GeForce RTX 2080' (P:1 D:1)
[2019.02.13-22.41.20:679][  0]LogWindows:    1. 'NVIDIA GeForce RTX 2080' (P:0 D:1)
[2019.02.13-22.41.20:680][  0]LogWindows:    2. 'NVIDIA GeForce RTX 2080' (P:0 D:0)
[2019.02.13-22.41.20:680][  0]LogWindows:    3. 'NVIDIA GeForce RTX 2080' (P:0 D:0)
[2019.02.13-22.41.20:680][  0]LogWindows: DebugString: FoundDriverCount:4 
[2019.02.13-22.41.20:680][  0]LogD3D11RHI:     Adapter Name: NVIDIA GeForce RTX 2080
[2019.02.13-22.41.20:680][  0]LogD3D11RHI:   Driver Version: 417.71 (internal:25.21.14.1771, unified:417.71)
[2019.02.13-22.41.20:680][  0]LogD3D11RHI:      Driver Date: 1-11-2019
[2019.02.13-22.41.20:681][  0]LogRHI: Texture pool is 5607 MB (70% of 8010 MB)
[2019.02.13-22.41.20:728][  0]LogD3D11RHI: Async texture creation enabled
[2019.02.13-22.41.20:752][  0]LogD3D11RHI: GPU Timing Frequency: 1000.000000 (Debug: 2 2)
[2019.02.13-22.41.21:124][  0]LogTemp: Display: Loaded TP AllDesktopTargetPlatform
[2019.02.13-22.41.21:137][  0]LogTemp: Display: Loaded TP MacClientTargetPlatform
[2019.02.13-22.41.21:150][  0]LogTemp: Display: Loaded TP MacNoEditorTargetPlatform
[2019.02.13-22.41.21:166][  0]LogTemp: Display: Loaded TP MacServerTargetPlatform
[2019.02.13-22.41.21:179][  0]LogTemp: Display: Loaded TP MacTargetPlatform
[2019.02.13-22.41.21:193][  0]LogTemp: Display: Loaded TP WindowsClientTargetPlatform
[2019.02.13-22.41.21:207][  0]LogTemp: Display: Loaded TP WindowsNoEditorTargetPlatform
[2019.02.13-22.41.21:224][  0]LogTemp: Display: Loaded TP WindowsServerTargetPlatform
[2019.02.13-22.41.21:234][  0]LogTemp: Display: Loaded TP WindowsTargetPlatform
[2019.02.13-22.41.21:301][  0]LogTemp: Display: Loaded TP AndroidTargetPlatform
[2019.02.13-22.41.21:301][  0]LogTemp: Display: Loaded TP AndroidTargetPlatform
[2019.02.13-22.41.21:301][  0]LogTemp: Display: Loaded TP AndroidTargetPlatform
[2019.02.13-22.41.21:301][  0]LogTemp: Display: Loaded TP AndroidTargetPlatform
[2019.02.13-22.41.21:301][  0]LogTemp: Display: Loaded TP AndroidTargetPlatform
[2019.02.13-22.41.21:301][  0]LogTemp: Display: Loaded TP AndroidTargetPlatform
[2019.02.13-22.41.21:301][  0]LogTemp: Display: Loaded TP AndroidTargetPlatform
[2019.02.13-22.41.21:302][  0]LogTemp: Display: Loaded TP AndroidTargetPlatform
[2019.02.13-22.41.21:302][  0]LogTemp: Display: Loaded TP AndroidTargetPlatform
[2019.02.13-22.41.21:302][  0]LogTemp: Display: Loaded TP AndroidTargetPlatform
[2019.02.13-22.41.21:302][  0]LogTemp: Display: Loaded TP AndroidTargetPlatform
[2019.02.13-22.41.21:302][  0]LogTemp: Display: Loaded TP AndroidTargetPlatform
[2019.02.13-22.41.21:302][  0]LogTemp: Display: Loaded TP AndroidTargetPlatform
[2019.02.13-22.41.21:302][  0]LogTemp: Display: Loaded TP AndroidTargetPlatform
[2019.02.13-22.41.21:302][  0]LogTemp: Display: Loaded TP AndroidTargetPlatform
[2019.02.13-22.41.21:302][  0]LogTemp: Display: Loaded TP AndroidTargetPlatform
[2019.02.13-22.41.21:302][  0]LogTemp: Display: Loaded TP AndroidTargetPlatform
[2019.02.13-22.41.21:302][  0]LogTemp: Display: Loaded TP AndroidTargetPlatform
[2019.02.13-22.41.21:307][  0]LogTemp: Display: Loaded TP HTML5TargetPlatform
[2019.02.13-22.41.21:374][  0]LogTemp: Display: Loaded TP IOSTargetPlatform
[2019.02.13-22.41.21:374][  0]LogTemp: Display: Loaded TP IOSTargetPlatform
[2019.02.13-22.41.21:395][  0]LogTemp: Display: Loaded TP TVOSTargetPlatform
[2019.02.13-22.41.21:395][  0]LogTemp: Display: Loaded TP TVOSTargetPlatform
[2019.02.13-22.41.21:406][  0]LogTemp: Display: Loaded TP LinuxClientTargetPlatform
[2019.02.13-22.41.21:423][  0]LogTemp: Display: Loaded TP LinuxNoEditorTargetPlatform
[2019.02.13-22.41.21:438][  0]LogTemp: Display: Loaded TP LinuxServerTargetPlatform
[2019.02.13-22.41.21:452][  0]LogTemp: Display: Loaded TP LinuxTargetPlatform
[2019.02.13-22.41.21:495][  0]LogTemp: Display: Loaded TP LuminTargetPlatform
[2019.02.13-22.41.21:495][  0]LogTemp: Display: Loaded TP LuminTargetPlatform
[2019.02.13-22.41.21:495][  0]LogTargetPlatformManager: Display: Building Assets For Windows
[2019.02.13-22.41.21:617][  0]LogShaderCompilers: Guid format shader working directory is -46 characters bigger than the processId version (C:/Users/gosus/Documents/CP-School/SeniorProject/gitRepos/Senior-Project-Prototype3/HSPGame/Intermediate/Shaders/WorkingDirectory/16780/).
[2019.02.13-22.41.21:617][  0]LogShaderCompilers: Cleaned the shader compiler working directory 'C:/Users/gosus/AppData/Local/Temp/UnrealShaderWorkingDir/46C0BB9D49BFC54BFA5CF592ABEF6E10/'.
[2019.02.13-22.41.21:618][  0]LogXGEController: Cleaning working directory: C:/Users/gosus/AppData/Local/Temp/UnrealXGEWorkingDir/
[2019.02.13-22.41.21:619][  0]LogXGEController: Cannot use XGE Controller as Incredibuild is not installed on this machine.
[2019.02.13-22.41.21:619][  0]LogShaderCompilers: Cannot use XGE Shader Compiler as Incredibuild is not installed on this machine.
[2019.02.13-22.41.21:619][  0]LogShaderCompilers: Display: Using Local Shader Compiler.
[2019.02.13-22.41.22:054][  0]LogDerivedDataCache: Display: Max Cache Size: 512 MB
[2019.02.13-22.41.22:098][  0]LogDerivedDataCache: Loaded boot cache 0.04s 71MB C:/Users/gosus/AppData/Local/UnrealEngine/4.21/DerivedDataCache/Boot.ddc.
[2019.02.13-22.41.22:098][  0]LogDerivedDataCache: Display: Loaded Boot cache: C:/Users/gosus/AppData/Local/UnrealEngine/4.21/DerivedDataCache/Boot.ddc
[2019.02.13-22.41.22:098][  0]LogDerivedDataCache: FDerivedDataBackendGraph:  Pak pak cache file C:/Users/gosus/Documents/CP-School/SeniorProject/gitRepos/Senior-Project-Prototype3/HSPGame/DerivedDataCache/DDC.ddp not found, will not use a pak cache.
[2019.02.13-22.41.22:098][  0]LogDerivedDataCache: Unable to find inner node Pak for hierarchical cache Hierarchy.
[2019.02.13-22.41.22:098][  0]LogDerivedDataCache: FDerivedDataBackendGraph:  CompressedPak pak cache file C:/Users/gosus/Documents/CP-School/SeniorProject/gitRepos/Senior-Project-Prototype3/HSPGame/DerivedDataCache/Compressed.ddp not found, will not use a pak cache.
[2019.02.13-22.41.22:098][  0]LogDerivedDataCache: Unable to find inner node CompressedPak for hierarchical cache Hierarchy.
[2019.02.13-22.41.22:110][  0]LogDerivedDataCache: Display: Pak cache opened for reading ../../../Engine/DerivedDataCache/Compressed.ddp.
[2019.02.13-22.41.22:110][  0]LogDerivedDataCache: FDerivedDataBackendGraph:  EnterprisePak pak cache file ../../../Enterprise/DerivedDataCache/Compressed.ddp not found, will not use a pak cache.
[2019.02.13-22.41.22:110][  0]LogDerivedDataCache: Unable to find inner node EnterprisePak for hierarchical cache Hierarchy.
[2019.02.13-22.41.22:123][  0]LogDerivedDataCache: Using Local data cache path C:/Users/gosus/AppData/Local/UnrealEngine/Common/DerivedDataCache: Writable
[2019.02.13-22.41.22:123][  0]LogDerivedDataCache: Shared data cache path not found in *engine.ini, will not use an Shared cache.
[2019.02.13-22.41.22:123][  0]LogDerivedDataCache: Unable to find inner node Shared for hierarchical cache Hierarchy.
[2019.02.13-22.41.22:148][  0]LogMaterial: Verifying Global Shaders for PCD3D_SM5
[2019.02.13-22.41.22:149][  0]LogSlate: Using FreeType 2.6.0
[2019.02.13-22.41.22:150][  0]LogSlate: SlateFontServices - WITH_FREETYPE: 1, WITH_HARFBUZZ: 1
[2019.02.13-22.41.22:223][  0]LogAssetRegistry: FAssetRegistry took 0.0330 seconds to start up
[2019.02.13-22.41.22:507][  0]LogInit: Selected Device Profile: [Windows]
[2019.02.13-22.41.22:648][  0]LogSimplygon: Simplygon DLL not present - disabling.
[2019.02.13-22.41.22:662][  0]LogMeshReduction: Using SimplygonSwarm for distributed automatic mesh merging
[2019.02.13-22.41.22:662][  0]LogMeshReduction: Using ProxyLODMeshReduction for automatic mesh merging
[2019.02.13-22.41.22:662][  0]LogMeshReduction: Using QuadricMeshReduction for automatic static mesh reduction
[2019.02.13-22.41.22:662][  0]LogMeshReduction: No automatic skeletal mesh reduction module available
[2019.02.13-22.41.22:674][  0]LogNetVersion: HSPGame 1.0.0, NetCL: 4541578, EngineNetVer: 5, GameNetVer: 0 (Checksum: 2893343623)
[2019.02.13-22.41.23:096][  0]LogPackageLocalizationCache: Processed 11 localized package path(s) for 2 prioritized culture(s) in 0.090250 seconds
[2019.02.13-22.41.23:101][  0]LogUObjectArray: 39775 objects as part of root set at end of initial load.
[2019.02.13-22.41.23:101][  0]LogUObjectAllocator: 6914656 out of 0 bytes used by permanent object pool.
[2019.02.13-22.41.23:101][  0]LogUObjectArray: CloseDisregardForGC: 0/0 objects in disregard for GC pool
[2019.02.13-22.41.23:960][  0]LogTcpMessaging: Initializing TcpMessaging bridge
[2019.02.13-22.41.23:978][  0]LogUdpMessaging: Initializing bridge on interface 0.0.0.0:0 to multicast group 230.0.0.1:6666.
[2019.02.13-22.41.24:611][  0]SourceControl: Source control is disabled
[2019.02.13-22.41.24:612][  0]SourceControl: Source control is disabled
[2019.02.13-22.41.24:621][  0]SourceControl: Source control is disabled
[2019.02.13-22.41.24:627][  0]SourceControl: Source control is disabled
[2019.02.13-22.41.24:950][  0]LogAndroidPermission: UAndroidPermissionCallbackProxy::GetInstance
[2019.02.13-22.41.25:155][  0]LogOcInput: OculusInput pre-init called
[2019.02.13-22.41.25:303][  0]LogEngine: Initializing Engine...
[2019.02.13-22.41.25:304][  0]LogHMD: Failed to initialize OpenVR with code 110
[2019.02.13-22.41.25:305][  0]LogStats: UGameplayTagsManager::ConstructGameplayTagTree: ImportINI prefixes -  0.000 s
[2019.02.13-22.41.25:305][  0]LogStats: UGameplayTagsManager::ConstructGameplayTagTree: Construct from data asset -  0.000 s
[2019.02.13-22.41.25:306][  0]LogStats: UGameplayTagsManager::ConstructGameplayTagTree: ImportINI -  0.000 s
[2019.02.13-22.41.25:306][  0]LogStats: UGameplayTagsManager::ConstructGameplayTagTree: GameplayTagTreeChangedEvent.Broadcast -  0.000 s
[2019.02.13-22.41.25:495][  0]LogInit: Initializing FReadOnlyCVARCache
[2019.02.13-22.41.25:509][  0]LogAIModule: Creating AISystem for world Untitled
[2019.02.13-22.41.25:564][  0]LogInit: XAudio2 using 'Speakers (Realtek(R) Audio)' : 2 channels at 48 kHz using 32 bits per sample (channel mask 0x3)
[2019.02.13-22.41.25:602][  0]LogInit: FAudioDevice initialized.
[2019.02.13-22.41.25:602][  0]LogNetVersion: Set ProjectVersion to 1.0.0.0. Version Checksum will be recalculated on next use.
[2019.02.13-22.41.25:641][  0]LogDerivedDataCache: Saved boot cache 0.04s 71MB C:/Users/gosus/AppData/Local/UnrealEngine/4.21/DerivedDataCache/Boot.ddc.
[2019.02.13-22.41.25:644][  0]LogInit: Texture streaming: Enabled
[2019.02.13-22.41.25:672][  0]LogEngineSessionManager: EngineSessionManager initialized
[2019.02.13-22.41.25:682][  0]LogInit: Transaction tracking system initialized
[2019.02.13-22.41.25:720][  0]BlueprintLog: New page: Editor Load
[2019.02.13-22.41.25:872][  0]LocalizationService: Localization service is disabled
[2019.02.13-22.41.26:385][  0]LogFileCache: Scanning file cache for directory 'C:/Users/gosus/Documents/CP-School/SeniorProject/gitRepos/Senior-Project-Prototype3/HSPGame/Content/' took 0.02s
[2019.02.13-22.41.26:385][  0]LogCook: Display: Max memory allowance for cook 16384mb min free memory 0mb
[2019.02.13-22.41.26:385][  0]LogCook: Display: Mobile HDR setting 1
[2019.02.13-22.41.26:385][  0]LogGameplayTags: Display: UGameplayTagsManager::DoneAddingNativeTags. DelegateIsBound: 0
[2019.02.13-22.41.26:385][  0]LogStats: UGameplayTagsManager::ConstructGameplayTagTree: ImportINI prefixes -  0.000 s
[2019.02.13-22.41.26:385][  0]LogStats: UGameplayTagsManager::ConstructGameplayTagTree: Construct from data asset -  0.000 s
[2019.02.13-22.41.26:386][  0]LogStats: UGameplayTagsManager::ConstructGameplayTagTree: ImportINI -  0.000 s
[2019.02.13-22.41.26:386][  0]LogStats: UGameplayTagsManager::ConstructGameplayTagTree: GameplayTagTreeChangedEvent.Broadcast -  0.000 s
[2019.02.13-22.41.26:605][  0]SourceControl: Source control is disabled
[2019.02.13-22.41.26:605][  0]Cmd: MAP LOAD FILE="C:/Users/gosus/Documents/CP-School/SeniorProject/gitRepos/Senior-Project-Prototype3/HSPGame/Content/StarterContent/Maps/Minimal_Default.umap" TEMPLATE=0 SHOWPROGRESS=1 FEATURELEVEL=3
[2019.02.13-22.41.26:606][  0]LightingResults: New page: Lighting Build
[2019.02.13-22.41.26:608][  0]MapCheck: New page: Map Check
[2019.02.13-22.41.26:608][  0]LightingResults: New page: Lighting Build
[2019.02.13-22.41.26:688][  0]LogLinker: Warning: Can't find file '/Game/StarterContent/Maps/Minimal_Default_BuiltData'
[2019.02.13-22.41.26:689][  0]LogLinker: Warning: Can't find file for asset '/Game/StarterContent/Maps/Minimal_Default_BuiltData' while loading C:/Users/gosus/Documents/CP-School/SeniorProject/gitRepos/Senior-Project-Prototype3/HSPGame/Content/StarterContent/Maps/Minimal_Default.umap.
[2019.02.13-22.41.26:689][  0]LoadErrors: Error: /Game/StarterContent/Maps/Minimal_Default : Can't find file for asset. /Game/StarterContent/Maps/Minimal_Default_BuiltData
[2019.02.13-22.41.26:710][  0]LogLinker: Warning: Can't find file '/Game/StarterContent/Maps/Minimal_Default_BuiltData'
[2019.02.13-22.41.26:710][  0]LogLinker: Warning: Can't find file for asset '/Game/StarterContent/Maps/Minimal_Default_BuiltData' while loading C:/Users/gosus/Documents/CP-School/SeniorProject/gitRepos/Senior-Project-Prototype3/HSPGame/Content/StarterContent/Maps/Minimal_Default.umap.
[2019.02.13-22.41.26:710][  0]LoadErrors: Error: /Game/StarterContent/Maps/Minimal_Default : Can't find file for asset. /Game/StarterContent/Maps/Minimal_Default_BuiltData
[2019.02.13-22.41.26:721][  0]LogLinker: Warning: Can't find file '/Game/StarterContent/Maps/Minimal_Default_BuiltData'
[2019.02.13-22.41.26:721][  0]LogLinker: Warning: Can't find file for asset '/Game/StarterContent/Maps/Minimal_Default_BuiltData' while loading NULL.
[2019.02.13-22.41.26:721][  0]LogLinker: Warning: Can't find file '/Game/StarterContent/Maps/Minimal_Default_BuiltData'
[2019.02.13-22.41.26:721][  0]LogLinker: Warning: Can't find file for asset '/Game/StarterContent/Maps/Minimal_Default_BuiltData' while loading NULL.
[2019.02.13-22.41.26:784][  0]LogLinker: Warning: Can't find file '/Game/StarterContent/Maps/Minimal_Default_BuiltData'
[2019.02.13-22.41.26:784][  0]LoadErrors: Failed to load /Game/StarterContent/Maps/Minimal_Default_BuiltData.Minimal_Default_BuiltData Referenced by PersistentLevel
[2019.02.13-22.41.26:785][  0]LogLinker: Warning: Can't find file for asset '/Game/StarterContent/Maps/Minimal_Default_BuiltData' while loading NULL.
[2019.02.13-22.41.26:785][  0]LoadErrors: Failed to load /Game/StarterContent/Maps/Minimal_Default_BuiltData.Minimal_Default_BuiltData Referenced by PersistentLevel
[2019.02.13-22.41.26:943][  0]LogAIModule: Creating AISystem for world Minimal_Default
[2019.02.13-22.41.27:028][  0]LogEditorServer: Finished looking for orphan Actors (0.000 secs)
[2019.02.13-22.41.27:046][  0]Cmd: MAP CHECKDEP NOCLEARLOG
[2019.02.13-22.41.27:047][  0]MapCheck: Map check complete: 0 Error(s), 0 Warning(s), took 0.116ms to complete.
[2019.02.13-22.41.27:047][  0]LogFileHelpers: Loading map 'Minimal_Default' took 0.441
[2019.02.13-22.41.27:154][  0]LogSlate: Updating window title bar state: overlay mode, drag disabled, window buttons hidden, title bar hidden
[2019.02.13-22.41.27:160][  0]LogSlate: Updating window title bar state: overlay mode, drag disabled, window buttons hidden, title bar hidden
[2019.02.13-22.41.27:167][  0]LogSlate: Updating window title bar state: overlay mode, drag disabled, window buttons hidden, title bar hidden
[2019.02.13-22.41.27:174][  0]LogSlate: Updating window title bar state: overlay mode, drag disabled, window buttons hidden, title bar hidden
[2019.02.13-22.41.27:183][  0]LogCollectionManager: Loaded 0 collections in 0.001203 seconds
[2019.02.13-22.41.27:200][  0]LogFileCache: Scanning file cache for directory 'C:/Users/gosus/Documents/CP-School/SeniorProject/gitRepos/Senior-Project-Prototype3/HSPGame/Saved/Collections/' took 0.01s
[2019.02.13-22.41.27:200][  0]LogFileCache: Scanning file cache for directory 'C:/Users/gosus/Documents/CP-School/SeniorProject/gitRepos/Senior-Project-Prototype3/HSPGame/Content/Developers/gosus/Collections/' took 0.00s
[2019.02.13-22.41.27:200][  0]LogFileCache: Scanning file cache for directory 'C:/Users/gosus/Documents/CP-School/SeniorProject/gitRepos/Senior-Project-Prototype3/HSPGame/Content/Collections/' took 0.00s
[2019.02.13-22.41.27:201][  0]LogCollectionManager: Rebuilt the GUID cache for 0 collections in 0.000000 seconds
[2019.02.13-22.41.27:208][  0]LogContentBrowser: Native class hierarchy populated in 0.0077 seconds. Added 2654 classes and 622 folders.
[2019.02.13-22.41.27:214][  0]LogContentBrowser: Native class hierarchy updated for 'WidgetCarousel' in 0.0003 seconds. Added 0 classes and 0 folders.
[2019.02.13-22.41.27:215][  0]LogPakFile: Registered encryption key '00000000000000000000000000000000': 0 pak files mounted, 0 remain pending
[2019.02.13-22.41.27:216][  0]LogPakFile: Registered encryption key '00000000000000000000000000000000': 0 pak files mounted, 0 remain pending
[2019.02.13-22.41.27:216][  0]LogPakFile: Registered encryption key '00000000000000000000000000000000': 0 pak files mounted, 0 remain pending
[2019.02.13-22.41.27:216][  0]LogPakFile: Registered encryption key '00000000000000000000000000000000': 0 pak files mounted, 0 remain pending
[2019.02.13-22.41.27:217][  0]LogPakFile: Registered encryption key '00000000000000000000000000000000': 0 pak files mounted, 0 remain pending
[2019.02.13-22.41.27:217][  0]LogPakFile: Registered encryption key '00000000000000000000000000000000': 0 pak files mounted, 0 remain pending
[2019.02.13-22.41.27:217][  0]LogPakFile: Registered encryption key '00000000000000000000000000000000': 0 pak files mounted, 0 remain pending
[2019.02.13-22.41.27:218][  0]LogPakFile: Registered encryption key '00000000000000000000000000000000': 0 pak files mounted, 0 remain pending
[2019.02.13-22.41.27:218][  0]LogPakFile: Registered encryption key '00000000000000000000000000000000': 0 pak files mounted, 0 remain pending
[2019.02.13-22.41.27:219][  0]LogPakFile: Registered encryption key '00000000000000000000000000000000': 0 pak files mounted, 0 remain pending
[2019.02.13-22.41.27:219][  0]LogPakFile: Registered encryption key '00000000000000000000000000000000': 0 pak files mounted, 0 remain pending
[2019.02.13-22.41.27:220][  0]LogPakFile: Registered encryption key '00000000000000000000000000000000': 0 pak files mounted, 0 remain pending
[2019.02.13-22.41.27:220][  0]LogPakFile: Registered encryption key '00000000000000000000000000000000': 0 pak files mounted, 0 remain pending
[2019.02.13-22.41.27:220][  0]LogPakFile: Registered encryption key '00000000000000000000000000000000': 0 pak files mounted, 0 remain pending
[2019.02.13-22.41.27:221][  0]LogPakFile: Registered encryption key '00000000000000000000000000000000': 0 pak files mounted, 0 remain pending
[2019.02.13-22.41.27:221][  0]LogPakFile: Registered encryption key '00000000000000000000000000000000': 0 pak files mounted, 0 remain pending
[2019.02.13-22.41.27:222][  0]LogPakFile: Registered encryption key '00000000000000000000000000000000': 0 pak files mounted, 0 remain pending
[2019.02.13-22.41.27:222][  0]LogPakFile: Registered encryption key '00000000000000000000000000000000': 0 pak files mounted, 0 remain pending
[2019.02.13-22.41.27:222][  0]LogPakFile: Registered encryption key '00000000000000000000000000000000': 0 pak files mounted, 0 remain pending
[2019.02.13-22.41.27:223][  0]LogPakFile: Registered encryption key '00000000000000000000000000000000': 0 pak files mounted, 0 remain pending
[2019.02.13-22.41.27:223][  0]LogPakFile: Registered encryption key '00000000000000000000000000000000': 0 pak files mounted, 0 remain pending
[2019.02.13-22.41.27:224][  0]LogPakFile: Registered encryption key '00000000000000000000000000000000': 0 pak files mounted, 0 remain pending
[2019.02.13-22.41.27:224][  0]LogPakFile: Registered encryption key '00000000000000000000000000000000': 0 pak files mounted, 0 remain pending
[2019.02.13-22.41.27:224][  0]LogPakFile: Registered encryption key '00000000000000000000000000000000': 0 pak files mounted, 0 remain pending
[2019.02.13-22.41.27:225][  0]LogPakFile: Registered encryption key '00000000000000000000000000000000': 0 pak files mounted, 0 remain pending
[2019.02.13-22.41.27:225][  0]LogPakFile: Registered encryption key '00000000000000000000000000000000': 0 pak files mounted, 0 remain pending
[2019.02.13-22.41.27:247][  0]LogContentBrowser: Native class hierarchy updated for 'AddContentDialog' in 0.0003 seconds. Added 0 classes and 0 folders.
[2019.02.13-22.41.27:256][  0]LogContentBrowser: Native class hierarchy updated for 'SceneOutliner' in 0.0003 seconds. Added 1 classes and 2 folders.
[2019.02.13-22.41.27:314][  0]LogSlate: Took 0.000115 seconds to synchronously load lazily loaded font '../../../Engine/Content/Slate/Fonts/Roboto-Regular.ttf' (155K)
[2019.02.13-22.41.27:316][  0]LogSlate: Took 0.000114 seconds to synchronously load lazily loaded font '../../../Engine/Content/Slate/Fonts/Roboto-Bold.ttf' (160K)
[2019.02.13-22.41.27:320][  0]LogSlate: Took 0.000126 seconds to synchronously load lazily loaded font '../../../Engine/Content/Editor/Slate/Fonts/FontAwesome.ttf' (139K)
[2019.02.13-22.41.27:389][  0]LogRenderer: Reallocating scene render targets to support 1644x884 Format 10 NumSamples 1 (Frame:1).
[2019.02.13-22.41.27:569][  0]LogContentBrowser: Native class hierarchy updated for 'HierarchicalLODOutliner' in 0.0003 seconds. Added 0 classes and 0 folders.
[2019.02.13-22.41.27:569][  0]LogLoad: (Engine Initialization) Total time: 9.40 seconds
[2019.02.13-22.41.27:569][  0]LogLoad: (Engine Initialization) Total Blueprint compile time: 0.00 seconds
[2019.02.13-22.41.27:631][  0]LogContentStreaming: Texture pool size now 1000 MB
[2019.02.13-22.41.27:633][  0]LogSlate: FSceneViewport::OnFocusLost() reason 2
[2019.02.13-22.41.27:690][  1]LogAssetRegistry: Asset discovery search completed in 5.4920 seconds
[2019.02.13-22.41.27:692][  1]LogCollectionManager: Rebuilt the object cache for 0 collections in 0.000000 seconds (found 0 objects)
[2019.02.13-22.41.27:692][  1]LogCollectionManager: Fixed up redirectors for 0 collections in 0.000152 seconds (updated 0 objects)
[2019.02.13-22.41.30:211][187]LogSlate: Window 'Message Log' being destroyed
[2019.02.13-22.41.30:214][187]LogSlate: Window 'Message Log' being destroyed
[2019.02.13-22.41.58:270][478]LogSlate: FSceneViewport::OnFocusLost() reason 0
[2019.02.13-22.41.58:427][478]Candidate modules for hot reload:
[2019.02.13-22.41.58:427][478]  HSPGame
[2019.02.13-22.41.58:428][478]Launching UnrealBuildTool... [G:/Games/Epic/Games/UE_4.21/Engine/Binaries/DotNET/UnrealBuildTool.exe  -ModuleWithSuffix=HSPGame,3781 Win64 Development -TargetType=Editor -Project="C:/Users/gosus/Documents/CP-School/SeniorProject/gitRepos/Senior-Project-Prototype3/HSPGame/HSPGame.uproject" -canskiplink "C:/Users/gosus/Documents/CP-School/SeniorProject/gitRepos/Senior-Project-Prototype3/HSPGame/HSPGame.uproject" ]
[2019.02.13-22.41.58:431][478]Warning: Starting HotReload took  0.0s.
[2019.02.13-22.42.14:705][422]CompilerResultsLog: New page: Compilation - Feb 13, 2019, 6:42:14 AM
[2019.02.13-22.42.14:705][422]CompilerResultsLog: Using 'git status' to determine working set for adaptive non-unity build (C:\Users\gosus\Documents\CP-School\SeniorProject\gitRepos\Senior-Project-Prototype3).
[2019.02.13-22.42.14:705][422]CompilerResultsLog: Creating makefile for hot reloading HSPGameEditor (source directory changed)
[2019.02.13-22.42.14:705][422]CompilerResultsLog: Compiling game modules for hot reload
[2019.02.13-22.42.14:705][422]CompilerResultsLog: Using Visual Studio 2017 14.16.27023 toolchain (C:\Program Files (x86)\Microsoft Visual Studio\2017\Community\VC\Tools\MSVC\14.16.27023) and Windows 10.0.17763.0 SDK (C:\Program Files (x86)\Windows Kits\10).
[2019.02.13-22.42.14:705][422]CompilerResultsLog: Parsing headers for HSPGameEditor
[2019.02.13-22.42.14:706][422]CompilerResultsLog:   Running UnrealHeaderTool "C:\Users\gosus\Documents\CP-School\SeniorProject\gitRepos\Senior-Project-Prototype3\HSPGame\HSPGame.uproject" "C:\Users\gosus\Documents\CP-School\SeniorProject\gitRepos\Senior-Project-Prototype3\HSPGame\Intermediate\Build\Win64\HSPGameEditor\Development\HSPGameEditor.uhtmanifest" -LogCmds="loginit warning, logexit warning, logdatabase error" -Unattended -WarningsAsErrors -installed
[2019.02.13-22.42.14:706][422]CompilerResultsLog: Reflection code generated for HSPGameEditor in 9.2073152 seconds
[2019.02.13-22.42.14:706][422]CompilerResultsLog: Building 6 actions with 8 processes...
[2019.02.13-22.42.14:706][422]CompilerResultsLog:   [1/6] Base2DCharacter.cpp
[2019.02.13-22.42.14:706][422]CompilerResultsLog:   [2/6] ProtagClass.cpp
[2019.02.13-22.42.14:706][422]CompilerResultsLog:   [3/6] Base2DCharacter.gen.cpp
[2019.02.13-22.42.14:706][422]CompilerResultsLog:   [4/6] ProtagClass.gen.cpp
[2019.02.13-22.42.14:706][422]CompilerResultsLog:   [5/6] UE4Editor-HSPGame-3781.lib
[2019.02.13-22.42.14:706][422]CompilerResultsLog:      Creating library C:\Users\gosus\Documents\CP-School\SeniorProject\gitRepos\Senior-Project-Prototype3\HSPGame\Intermediate\Build\Win64\UE4Editor\Development\HSPGame\UE4Editor-HSPGame-3781.lib and object C:\Users\gosus\Documents\CP-School\SeniorProject\gitRepos\Senior-Project-Prototype3\HSPGame\Intermediate\Build\Win64\UE4Editor\Development\HSPGame\UE4Editor-HSPGame-3781.exp
[2019.02.13-22.42.14:706][422]CompilerResultsLog:   [6/6] UE4Editor-HSPGame-3781.dll
[2019.02.13-22.42.14:706][422]CompilerResultsLog:      Creating library C:\Users\gosus\Documents\CP-School\SeniorProject\gitRepos\Senior-Project-Prototype3\HSPGame\Intermediate\Build\Win64\UE4Editor\Development\HSPGame\UE4Editor-HSPGame-3781.suppressed.lib and object C:\Users\gosus\Documents\CP-School\SeniorProject\gitRepos\Senior-Project-Prototype3\HSPGame\Intermediate\Build\Win64\UE4Editor\Development\HSPGame\UE4Editor-HSPGame-3781.suppressed.exp
[2019.02.13-22.42.14:706][422]CompilerResultsLog: Total build time: 16.01 seconds (Parallel executor: 1.99 seconds)
[2019.02.13-22.42.14:706][422]LogMainFrame: MainFrame: Module compiling took 16.281 seconds
[2019.02.13-22.42.14:748][422]LogContentBrowser: Native class hierarchy updated for 'HSPGame' in 0.0003 seconds. Added 3 classes and 2 folders.
[2019.02.13-22.42.14:750][422]Display: HotReload successful (0 functions remapped  0 scriptstructs remapped)
[2019.02.13-22.42.14:869][422]LogContentBrowser: Native class hierarchy populated in 0.0064 seconds. Added 2655 classes and 624 folders.
[2019.02.13-22.42.14:876][422]Display: HotReload took 16.5s.
[2019.02.13-22.46.20:270][483]Candidate modules for hot reload:
[2019.02.13-22.46.20:270][483]  HSPGame
[2019.02.13-22.46.20:270][483]Launching UnrealBuildTool... [G:/Games/Epic/Games/UE_4.21/Engine/Binaries/DotNET/UnrealBuildTool.exe  -ModuleWithSuffix=HSPGame,7418 Win64 Development -TargetType=Editor -Project="C:/Users/gosus/Documents/CP-School/SeniorProject/gitRepos/Senior-Project-Prototype3/HSPGame/HSPGame.uproject" -canskiplink "C:/Users/gosus/Documents/CP-School/SeniorProject/gitRepos/Senior-Project-Prototype3/HSPGame/HSPGame.uproject" ]
[2019.02.13-22.46.20:281][483]Warning: Starting HotReload took  0.0s.
[2019.02.13-22.46.36:248][397]CompilerResultsLog: New page: Compilation - Feb 13, 2019, 6:46:36 AM
[2019.02.13-22.46.36:248][397]CompilerResultsLog: Using 'git status' to determine working set for adaptive non-unity build (C:\Users\gosus\Documents\CP-School\SeniorProject\gitRepos\Senior-Project-Prototype3).
[2019.02.13-22.46.36:248][397]CompilerResultsLog: Creating makefile for hot reloading HSPGameEditor (source directory changed)
[2019.02.13-22.46.36:248][397]CompilerResultsLog: Compiling game modules for hot reload
[2019.02.13-22.46.36:248][397]CompilerResultsLog: Using Visual Studio 2017 14.16.27023 toolchain (C:\Program Files (x86)\Microsoft Visual Studio\2017\Community\VC\Tools\MSVC\14.16.27023) and Windows 10.0.17763.0 SDK (C:\Program Files (x86)\Windows Kits\10).
[2019.02.13-22.46.36:249][397]CompilerResultsLog: Parsing headers for HSPGameEditor
[2019.02.13-22.46.36:249][397]CompilerResultsLog:   Running UnrealHeaderTool "C:\Users\gosus\Documents\CP-School\SeniorProject\gitRepos\Senior-Project-Prototype3\HSPGame\HSPGame.uproject" "C:\Users\gosus\Documents\CP-School\SeniorProject\gitRepos\Senior-Project-Prototype3\HSPGame\Intermediate\Build\Win64\HSPGameEditor\Development\HSPGameEditor.uhtmanifest" -LogCmds="loginit warning, logexit warning, logdatabase error" -Unattended -WarningsAsErrors -installed
[2019.02.13-22.46.36:249][397]CompilerResultsLog: Reflection code generated for HSPGameEditor in 9.2809645 seconds
[2019.02.13-22.46.36:249][397]CompilerResultsLog: Building 6 actions with 8 processes...
[2019.02.13-22.46.36:249][397]CompilerResultsLog:   [1/6] Base2DCharacter.cpp
[2019.02.13-22.46.36:249][397]CompilerResultsLog:   [2/6] ProtagClass.gen.cpp
[2019.02.13-22.46.36:249][397]CompilerResultsLog:   [3/6] ProtagClass.cpp
[2019.02.13-22.46.36:249][397]CompilerResultsLog:   [4/6] Base2DCharacter.gen.cpp
[2019.02.13-22.46.36:249][397]CompilerResultsLog:   [5/6] UE4Editor-HSPGame-7418.lib
[2019.02.13-22.46.36:249][397]CompilerResultsLog:      Creating library C:\Users\gosus\Documents\CP-School\SeniorProject\gitRepos\Senior-Project-Prototype3\HSPGame\Intermediate\Build\Win64\UE4Editor\Development\HSPGame\UE4Editor-HSPGame-7418.lib and object C:\Users\gosus\Documents\CP-School\SeniorProject\gitRepos\Senior-Project-Prototype3\HSPGame\Intermediate\Build\Win64\UE4Editor\Development\HSPGame\UE4Editor-HSPGame-7418.exp
[2019.02.13-22.46.36:249][397]CompilerResultsLog:   [6/6] UE4Editor-HSPGame-7418.dll
[2019.02.13-22.46.36:249][397]CompilerResultsLog:      Creating library C:\Users\gosus\Documents\CP-School\SeniorProject\gitRepos\Senior-Project-Prototype3\HSPGame\Intermediate\Build\Win64\UE4Editor\Development\HSPGame\UE4Editor-HSPGame-7418.suppressed.lib and object C:\Users\gosus\Documents\CP-School\SeniorProject\gitRepos\Senior-Project-Prototype3\HSPGame\Intermediate\Build\Win64\UE4Editor\Development\HSPGame\UE4Editor-HSPGame-7418.suppressed.exp
[2019.02.13-22.46.36:249][397]CompilerResultsLog: Total build time: 15.75 seconds (Parallel executor: 1.99 seconds)
[2019.02.13-22.46.36:249][397]LogMainFrame: MainFrame: Module compiling took 15.982 seconds
[2019.02.13-22.46.36:290][397]LogContentBrowser: Native class hierarchy updated for 'HSPGame' in 0.0003 seconds. Added 3 classes and 2 folders.
[2019.02.13-22.46.36:292][397]Display: HotReload successful (0 functions remapped  0 scriptstructs remapped)
[2019.02.13-22.46.36:338][397]LogContentBrowser: Native class hierarchy populated in 0.0063 seconds. Added 2655 classes and 624 folders.
[2019.02.13-22.46.36:338][397]Display: HotReload took 16.1s.
[2019.02.13-22.46.56:462][809]LogSlate: Took 0.000113 seconds to synchronously load lazily loaded font '../../../Engine/Content/Slate/Fonts/Roboto-Light.ttf' (167K)
[2019.02.13-22.46.56:503][809]LogSlate: Took 0.000127 seconds to synchronously load lazily loaded font '../../../Engine/Content/Slate/Fonts/Roboto-BoldCondensed.ttf' (158K)
[2019.02.13-22.47.08:641][251]Running G:/Games/Epic/Games/UE_4.21/Engine/Binaries/DotNET/UnrealBuildTool.exe Win64 Development -TargetType=Editor -Project="C:/Users/gosus/Documents/CP-School/SeniorProject/gitRepos/Senior-Project-Prototype3/HSPGame/HSPGame.uproject" -invalidatemakefilesonly
[2019.02.13-22.47.09:149][251]Invalidating makefiles only in this run.
[2019.02.13-22.47.09:263][251]Candidate modules for hot reload:
[2019.02.13-22.47.09:264][251]  HSPGame
[2019.02.13-22.47.09:264][251]Launching UnrealBuildTool... [G:/Games/Epic/Games/UE_4.21/Engine/Binaries/DotNET/UnrealBuildTool.exe  -ModuleWithSuffix=HSPGame,6780 Win64 Development -TargetType=Editor -Project="C:/Users/gosus/Documents/CP-School/SeniorProject/gitRepos/Senior-Project-Prototype3/HSPGame/HSPGame.uproject" -canskiplink "C:/Users/gosus/Documents/CP-School/SeniorProject/gitRepos/Senior-Project-Prototype3/HSPGame/HSPGame.uproject" ]
[2019.02.13-22.47.22:993][251]CompilerResultsLog: New page: Compilation - Feb 13, 2019, 6:47:22 AM
[2019.02.13-22.47.22:993][251]CompilerResultsLog: Using 'git status' to determine working set for adaptive non-unity build (C:\Users\gosus\Documents\CP-School\SeniorProject\gitRepos\Senior-Project-Prototype3).
[2019.02.13-22.47.22:993][251]CompilerResultsLog: Creating makefile for hot reloading HSPGameEditor (no existing makefile)
[2019.02.13-22.47.22:993][251]CompilerResultsLog: Compiling game modules for hot reload
[2019.02.13-22.47.22:993][251]CompilerResultsLog: Using Visual Studio 2017 14.16.27023 toolchain (C:\Program Files (x86)\Microsoft Visual Studio\2017\Community\VC\Tools\MSVC\14.16.27023) and Windows 10.0.17763.0 SDK (C:\Program Files (x86)\Windows Kits\10).
[2019.02.13-22.47.22:993][251]CompilerResultsLog: Parsing headers for HSPGameEditor
[2019.02.13-22.47.22:994][251]CompilerResultsLog:   Running UnrealHeaderTool "C:\Users\gosus\Documents\CP-School\SeniorProject\gitRepos\Senior-Project-Prototype3\HSPGame\HSPGame.uproject" "C:\Users\gosus\Documents\CP-School\SeniorProject\gitRepos\Senior-Project-Prototype3\HSPGame\Intermediate\Build\Win64\HSPGameEditor\Development\HSPGameEditor.uhtmanifest" -LogCmds="loginit warning, logexit warning, logdatabase error" -Unattended -WarningsAsErrors -installed
[2019.02.13-22.47.22:994][251]CompilerResultsLog: Reflection code generated for HSPGameEditor in 7.8760726 seconds
[2019.02.13-22.47.22:994][251]CompilerResultsLog: Building 5 actions with 8 processes...
[2019.02.13-22.47.22:994][251]CompilerResultsLog:   [1/5] HSPGame.init.gen.cpp
[2019.02.13-22.47.22:994][251]CompilerResultsLog:   [2/5] EnemyClass.cpp
[2019.02.13-22.47.22:994][251]CompilerResultsLog:   [3/5] EnemyClass.gen.cpp
[2019.02.13-22.47.22:994][251]CompilerResultsLog:   [4/5] UE4Editor-HSPGame-6780.lib
[2019.02.13-22.47.22:994][251]CompilerResultsLog:      Creating library C:\Users\gosus\Documents\CP-School\SeniorProject\gitRepos\Senior-Project-Prototype3\HSPGame\Intermediate\Build\Win64\UE4Editor\Development\HSPGame\UE4Editor-HSPGame-6780.lib and object C:\Users\gosus\Documents\CP-School\SeniorProject\gitRepos\Senior-Project-Prototype3\HSPGame\Intermediate\Build\Win64\UE4Editor\Development\HSPGame\UE4Editor-HSPGame-6780.exp
[2019.02.13-22.47.22:994][251]CompilerResultsLog:   [5/5] UE4Editor-HSPGame-6780.dll
[2019.02.13-22.47.22:994][251]CompilerResultsLog:      Creating library C:\Users\gosus\Documents\CP-School\SeniorProject\gitRepos\Senior-Project-Prototype3\HSPGame\Intermediate\Build\Win64\UE4Editor\Development\HSPGame\UE4Editor-HSPGame-6780.suppressed.lib and object C:\Users\gosus\Documents\CP-School\SeniorProject\gitRepos\Senior-Project-Prototype3\HSPGame\Intermediate\Build\Win64\UE4Editor\Development\HSPGame\UE4Editor-HSPGame-6780.suppressed.exp
[2019.02.13-22.47.22:994][251]CompilerResultsLog: Total build time: 13.53 seconds (Parallel executor: 1.58 seconds)
[2019.02.13-22.47.22:994][251]LogMainFrame: MainFrame: Module compiling took 13.734 seconds
[2019.02.13-22.47.23:033][251]LogClass: Could not find existing class EnemyClass in package /Script/HSPGame for HotReload, assuming new class
[2019.02.13-22.47.23:044][251]LogContentBrowser: Native class hierarchy updated for 'HSPGame' in 0.0003 seconds. Added 4 classes and 2 folders.
[2019.02.13-22.47.23:046][251]Display: HotReload successful (0 functions remapped  0 scriptstructs remapped)
[2019.02.13-22.47.23:095][251]LogContentBrowser: Native class hierarchy populated in 0.0072 seconds. Added 2656 classes and 624 folders.
[2019.02.13-22.47.23:095][251]Display: HotReload took 13.8s.
[2019.02.13-22.47.23:096][251]Warning: HotReload operation took 13.8s.
[2019.02.13-22.47.23:276][251]LogVSAccessor: Warning: Couldn't goto line number '1' in 'C:/Users/gosus/Documents/CP-School/SeniorProject/gitRepos/Senior-Project-Prototype3/HSPGame/Source/HSPGame/EnemyClass.h'
[2019.02.13-22.47.23:394][251]LogVSAccessor: Warning: Couldn't goto line number '1' in 'C:/Users/gosus/Documents/CP-School/SeniorProject/gitRepos/Senior-Project-Prototype3/HSPGame/Source/HSPGame/EnemyClass.cpp'
[2019.02.13-22.47.23:402][251]LogSlate: Window 'Add C++ Class' being destroyed
[2019.02.13-22.47.23:437][252]LogHotReload: New module detected: UE4Editor-HSPGame-6780.dll
[2019.02.13-22.47.23:459][253]LogHotReload: Starting Hot-Reload from IDE
[2019.02.13-22.47.23:511][253]LogContentBrowser: Native class hierarchy updated for 'HSPGame' in 0.0003 seconds. Added 4 classes and 2 folders.
[2019.02.13-22.47.23:513][253]Display: HotReload successful (0 functions remapped  0 scriptstructs remapped)
[2019.02.13-22.47.23:541][253]LogContentBrowser: Native class hierarchy populated in 0.0067 seconds. Added 2656 classes and 624 folders.
[2019.02.13-22.47.23:544][253]Display: HotReload took  0.1s.
[2019.02.13-22.50.48:437][900]Candidate modules for hot reload:
[2019.02.13-22.50.48:437][900]  HSPGame
[2019.02.13-22.50.48:437][900]Launching UnrealBuildTool... [G:/Games/Epic/Games/UE_4.21/Engine/Binaries/DotNET/UnrealBuildTool.exe  -ModuleWithSuffix=HSPGame,7521 Win64 Development -TargetType=Editor -Project="C:/Users/gosus/Documents/CP-School/SeniorProject/gitRepos/Senior-Project-Prototype3/HSPGame/HSPGame.uproject" -canskiplink "C:/Users/gosus/Documents/CP-School/SeniorProject/gitRepos/Senior-Project-Prototype3/HSPGame/HSPGame.uproject" ]
[2019.02.13-22.50.48:447][900]Warning: Starting HotReload took  0.0s.
[2019.02.13-22.51.03:872][433]CompilerResultsLog: New page: Compilation - Feb 13, 2019, 6:51:03 AM
[2019.02.13-22.51.03:872][433]CompilerResultsLog: Using 'git status' to determine working set for adaptive non-unity build (C:\Users\gosus\Documents\CP-School\SeniorProject\gitRepos\Senior-Project-Prototype3).
[2019.02.13-22.51.03:872][433]CompilerResultsLog: Creating makefile for hot reloading HSPGameEditor (source directory changed)
[2019.02.13-22.51.03:872][433]CompilerResultsLog: Compiling game modules for hot reload
[2019.02.13-22.51.03:872][433]CompilerResultsLog: Using Visual Studio 2017 14.16.27023 toolchain (C:\Program Files (x86)\Microsoft Visual Studio\2017\Community\VC\Tools\MSVC\14.16.27023) and Windows 10.0.17763.0 SDK (C:\Program Files (x86)\Windows Kits\10).
[2019.02.13-22.51.03:872][433]CompilerResultsLog: Parsing headers for HSPGameEditor
[2019.02.13-22.51.03:872][433]CompilerResultsLog:   Running UnrealHeaderTool "C:\Users\gosus\Documents\CP-School\SeniorProject\gitRepos\Senior-Project-Prototype3\HSPGame\HSPGame.uproject" "C:\Users\gosus\Documents\CP-School\SeniorProject\gitRepos\Senior-Project-Prototype3\HSPGame\Intermediate\Build\Win64\HSPGameEditor\Development\HSPGameEditor.uhtmanifest" -LogCmds="loginit warning, logexit warning, logdatabase error" -Unattended -WarningsAsErrors -installed
[2019.02.13-22.51.03:873][433]CompilerResultsLog: Reflection code generated for HSPGameEditor in 9.2337254 seconds
[2019.02.13-22.51.03:873][433]CompilerResultsLog: Building 4 actions with 8 processes...
[2019.02.13-22.51.03:873][433]CompilerResultsLog:   [1/4] EnemyClass.cpp
[2019.02.13-22.51.03:873][433]CompilerResultsLog:   [2/4] EnemyClass.gen.cpp
[2019.02.13-22.51.03:873][433]CompilerResultsLog:   [3/4] UE4Editor-HSPGame-7521.lib
[2019.02.13-22.51.03:873][433]CompilerResultsLog:      Creating library C:\Users\gosus\Documents\CP-School\SeniorProject\gitRepos\Senior-Project-Prototype3\HSPGame\Intermediate\Build\Win64\UE4Editor\Development\HSPGame\UE4Editor-HSPGame-7521.lib and object C:\Users\gosus\Documents\CP-School\SeniorProject\gitRepos\Senior-Project-Prototype3\HSPGame\Intermediate\Build\Win64\UE4Editor\Development\HSPGame\UE4Editor-HSPGame-7521.exp
[2019.02.13-22.51.03:873][433]CompilerResultsLog:   [4/4] UE4Editor-HSPGame-7521.dll
[2019.02.13-22.51.03:873][433]CompilerResultsLog:      Creating library C:\Users\gosus\Documents\CP-School\SeniorProject\gitRepos\Senior-Project-Prototype3\HSPGame\Intermediate\Build\Win64\UE4Editor\Development\HSPGame\UE4Editor-HSPGame-7521.suppressed.lib and object C:\Users\gosus\Documents\CP-School\SeniorProject\gitRepos\Senior-Project-Prototype3\HSPGame\Intermediate\Build\Win64\UE4Editor\Development\HSPGame\UE4Editor-HSPGame-7521.suppressed.exp
[2019.02.13-22.51.03:873][433]CompilerResultsLog: Error:   EnemyClass.cpp.obj : error LNK2001: unresolved external symbol "public: virtual void __cdecl AEnemyClass::Tick(float)" (?Tick@AEnemyClass@@UEAAXM@Z)
[2019.02.13-22.51.03:873][433]CompilerResultsLog: Error:   EnemyClass.gen.cpp.obj : error LNK2001: unresolved external symbol "public: virtual void __cdecl AEnemyClass::Tick(float)" (?Tick@AEnemyClass@@UEAAXM@Z)
[2019.02.13-22.51.03:873][433]CompilerResultsLog: Error:   C:\Users\gosus\Documents\CP-School\SeniorProject\gitRepos\Senior-Project-Prototype3\HSPGame\Binaries\Win64\UE4Editor-HSPGame-7521.dll : fatal error LNK1120: 1 unresolved externals
[2019.02.13-22.51.03:873][433]CompilerResultsLog: ERROR: UBT ERROR: Failed to produce item: C:\Users\gosus\Documents\CP-School\SeniorProject\gitRepos\Senior-Project-Prototype3\HSPGame\Binaries\Win64\UE4Editor-HSPGame-7521.dll
[2019.02.13-22.51.03:873][433]CompilerResultsLog:        (see ../Programs/UnrealBuildTool/Log.txt for full exception trace)
[2019.02.13-22.51.03:873][433]CompilerResultsLog: Total build time: 15.02 seconds (Parallel executor: 0.00 seconds)
[2019.02.13-22.51.03:873][433]LogMainFrame: MainFrame: Module compiling took 15.439 seconds
[2019.02.13-22.51.03:874][433]Warning: HotReload failed, recompile failed
[2019.02.13-22.54.06:684][260]Candidate modules for hot reload:
[2019.02.13-22.54.06:684][260]  HSPGame
[2019.02.13-22.54.06:684][260]Launching UnrealBuildTool... [G:/Games/Epic/Games/UE_4.21/Engine/Binaries/DotNET/UnrealBuildTool.exe  -ModuleWithSuffix=HSPGame,1796 Win64 Development -TargetType=Editor -Project="C:/Users/gosus/Documents/CP-School/SeniorProject/gitRepos/Senior-Project-Prototype3/HSPGame/HSPGame.uproject" -canskiplink "C:/Users/gosus/Documents/CP-School/SeniorProject/gitRepos/Senior-Project-Prototype3/HSPGame/HSPGame.uproject" ]
[2019.02.13-22.54.06:687][260]Warning: Starting HotReload took  0.0s.
[2019.02.13-22.54.09:244][370]CompilerResultsLog: New page: Compilation - Feb 13, 2019, 6:54:09 AM
[2019.02.13-22.54.09:244][370]CompilerResultsLog: Using 'git status' to determine working set for adaptive non-unity build (C:\Users\gosus\Documents\CP-School\SeniorProject\gitRepos\Senior-Project-Prototype3).
[2019.02.13-22.54.09:244][370]CompilerResultsLog: Compiling game modules for hot reload
[2019.02.13-22.54.09:244][370]CompilerResultsLog: Building 1 action with 8 processes...
[2019.02.13-22.54.09:244][370]CompilerResultsLog:   [1/1] UE4Editor-HSPGame-1796.dll
[2019.02.13-22.54.09:245][370]CompilerResultsLog:      Creating library C:\Users\gosus\Documents\CP-School\SeniorProject\gitRepos\Senior-Project-Prototype3\HSPGame\Intermediate\Build\Win64\UE4Editor\Development\HSPGame\UE4Editor-HSPGame-1796.suppressed.lib and object C:\Users\gosus\Documents\CP-School\SeniorProject\gitRepos\Senior-Project-Prototype3\HSPGame\Intermediate\Build\Win64\UE4Editor\Development\HSPGame\UE4Editor-HSPGame-1796.suppressed.exp
[2019.02.13-22.54.09:245][370]CompilerResultsLog: Error:   EnemyClass.cpp.obj : error LNK2001: unresolved external symbol "public: virtual void __cdecl AEnemyClass::Tick(float)" (?Tick@AEnemyClass@@UEAAXM@Z)
[2019.02.13-22.54.09:245][370]CompilerResultsLog: Error:   EnemyClass.gen.cpp.obj : error LNK2001: unresolved external symbol "public: virtual void __cdecl AEnemyClass::Tick(float)" (?Tick@AEnemyClass@@UEAAXM@Z)
[2019.02.13-22.54.09:245][370]CompilerResultsLog: Error:   C:\Users\gosus\Documents\CP-School\SeniorProject\gitRepos\Senior-Project-Prototype3\HSPGame\Binaries\Win64\UE4Editor-HSPGame-1796.dll : fatal error LNK1120: 1 unresolved externals
[2019.02.13-22.54.09:245][370]CompilerResultsLog: ERROR: UBT ERROR: Failed to produce item: C:\Users\gosus\Documents\CP-School\SeniorProject\gitRepos\Senior-Project-Prototype3\HSPGame\Binaries\Win64\UE4Editor-HSPGame-1796.dll
[2019.02.13-22.54.09:245][370]CompilerResultsLog:        (see ../Programs/UnrealBuildTool/Log.txt for full exception trace)
[2019.02.13-22.54.09:245][370]CompilerResultsLog: Total build time: 2.17 seconds (Parallel executor: 0.00 seconds)
[2019.02.13-22.54.09:245][370]LogMainFrame: MainFrame: Module compiling took 2.564 seconds
[2019.02.13-22.54.09:245][370]Warning: HotReload failed, recompile failed
[2019.02.13-22.55.35:661][963]Candidate modules for hot reload:
[2019.02.13-22.55.35:661][963]  HSPGame
[2019.02.13-22.55.35:662][963]Launching UnrealBuildTool... [G:/Games/Epic/Games/UE_4.21/Engine/Binaries/DotNET/UnrealBuildTool.exe  -ModuleWithSuffix=HSPGame,7112 Win64 Development -TargetType=Editor -Project="C:/Users/gosus/Documents/CP-School/SeniorProject/gitRepos/Senior-Project-Prototype3/HSPGame/HSPGame.uproject" -canskiplink "C:/Users/gosus/Documents/CP-School/SeniorProject/gitRepos/Senior-Project-Prototype3/HSPGame/HSPGame.uproject" ]
[2019.02.13-22.55.35:672][963]Warning: Starting HotReload took  0.0s.
[2019.02.13-22.55.53:296][837]CompilerResultsLog: New page: Compilation - Feb 13, 2019, 6:55:53 AM
[2019.02.13-22.55.53:297][837]CompilerResultsLog: Using 'git status' to determine working set for adaptive non-unity build (C:\Users\gosus\Documents\CP-School\SeniorProject\gitRepos\Senior-Project-Prototype3).
[2019.02.13-22.55.53:297][837]CompilerResultsLog: Creating makefile for hot reloading HSPGameEditor (source directory changed)
[2019.02.13-22.55.53:297][837]CompilerResultsLog: Compiling game modules for hot reload
[2019.02.13-22.55.53:297][837]CompilerResultsLog: Using Visual Studio 2017 14.16.27023 toolchain (C:\Program Files (x86)\Microsoft Visual Studio\2017\Community\VC\Tools\MSVC\14.16.27023) and Windows 10.0.17763.0 SDK (C:\Program Files (x86)\Windows Kits\10).
[2019.02.13-22.55.53:298][837]CompilerResultsLog: Parsing headers for HSPGameEditor
[2019.02.13-22.55.53:298][837]CompilerResultsLog:   Running UnrealHeaderTool "C:\Users\gosus\Documents\CP-School\SeniorProject\gitRepos\Senior-Project-Prototype3\HSPGame\HSPGame.uproject" "C:\Users\gosus\Documents\CP-School\SeniorProject\gitRepos\Senior-Project-Prototype3\HSPGame\Intermediate\Build\Win64\HSPGameEditor\Development\HSPGameEditor.uhtmanifest" -LogCmds="loginit warning, logexit warning, logdatabase error" -Unattended -WarningsAsErrors -installed
[2019.02.13-22.55.53:298][837]CompilerResultsLog: Reflection code generated for HSPGameEditor in 10.2263111 seconds
[2019.02.13-22.55.53:298][837]CompilerResultsLog: Building 4 actions with 8 processes...
[2019.02.13-22.55.53:298][837]CompilerResultsLog:   [1/4] EnemyClass.cpp
[2019.02.13-22.55.53:299][837]CompilerResultsLog:   [2/4] EnemyClass.gen.cpp
[2019.02.13-22.55.53:299][837]CompilerResultsLog:   [3/4] UE4Editor-HSPGame-7112.lib
[2019.02.13-22.55.53:299][837]CompilerResultsLog:      Creating library C:\Users\gosus\Documents\CP-School\SeniorProject\gitRepos\Senior-Project-Prototype3\HSPGame\Intermediate\Build\Win64\UE4Editor\Development\HSPGame\UE4Editor-HSPGame-7112.lib and object C:\Users\gosus\Documents\CP-School\SeniorProject\gitRepos\Senior-Project-Prototype3\HSPGame\Intermediate\Build\Win64\UE4Editor\Development\HSPGame\UE4Editor-HSPGame-7112.exp
[2019.02.13-22.55.53:299][837]CompilerResultsLog:   [4/4] UE4Editor-HSPGame-7112.dll
[2019.02.13-22.55.53:299][837]CompilerResultsLog:      Creating library C:\Users\gosus\Documents\CP-School\SeniorProject\gitRepos\Senior-Project-Prototype3\HSPGame\Intermediate\Build\Win64\UE4Editor\Development\HSPGame\UE4Editor-HSPGame-7112.suppressed.lib and object C:\Users\gosus\Documents\CP-School\SeniorProject\gitRepos\Senior-Project-Prototype3\HSPGame\Intermediate\Build\Win64\UE4Editor\Development\HSPGame\UE4Editor-HSPGame-7112.suppressed.exp
[2019.02.13-22.55.53:300][837]CompilerResultsLog: Error:   EnemyClass.cpp.obj : error LNK2001: unresolved external symbol "public: virtual void __cdecl AEnemyClass::Tick(float)" (?Tick@AEnemyClass@@UEAAXM@Z)
[2019.02.13-22.55.53:300][837]CompilerResultsLog: Error:   EnemyClass.gen.cpp.obj : error LNK2001: unresolved external symbol "public: virtual void __cdecl AEnemyClass::Tick(float)" (?Tick@AEnemyClass@@UEAAXM@Z)
[2019.02.13-22.55.53:300][837]CompilerResultsLog: Error:   C:\Users\gosus\Documents\CP-School\SeniorProject\gitRepos\Senior-Project-Prototype3\HSPGame\Binaries\Win64\UE4Editor-HSPGame-7112.dll : fatal error LNK1120: 1 unresolved externals
[2019.02.13-22.55.53:300][837]CompilerResultsLog: ERROR: UBT ERROR: Failed to produce item: C:\Users\gosus\Documents\CP-School\SeniorProject\gitRepos\Senior-Project-Prototype3\HSPGame\Binaries\Win64\UE4Editor-HSPGame-7112.dll
[2019.02.13-22.55.53:300][837]CompilerResultsLog:        (see ../Programs/UnrealBuildTool/Log.txt for full exception trace)
[2019.02.13-22.55.53:300][837]CompilerResultsLog: Total build time: 17.17 seconds (Parallel executor: 0.00 seconds)
[2019.02.13-22.55.53:301][837]LogMainFrame: MainFrame: Module compiling took 17.641 seconds
[2019.02.13-22.55.53:301][837]Warning: HotReload failed, recompile failed
[2019.02.13-22.57.46:492][237]Candidate modules for hot reload:
[2019.02.13-22.57.46:492][237]  HSPGame
[2019.02.13-22.57.46:493][237]Launching UnrealBuildTool... [G:/Games/Epic/Games/UE_4.21/Engine/Binaries/DotNET/UnrealBuildTool.exe  -ModuleWithSuffix=HSPGame,222 Win64 Development -TargetType=Editor -Project="C:/Users/gosus/Documents/CP-School/SeniorProject/gitRepos/Senior-Project-Prototype3/HSPGame/HSPGame.uproject" -canskiplink "C:/Users/gosus/Documents/CP-School/SeniorProject/gitRepos/Senior-Project-Prototype3/HSPGame/HSPGame.uproject" ]
[2019.02.13-22.57.46:496][237]Warning: Starting HotReload took  0.0s.
[2019.02.13-22.58.01:828][728]CompilerResultsLog: New page: Compilation - Feb 13, 2019, 6:58:01 AM
[2019.02.13-22.58.01:829][728]CompilerResultsLog: Using 'git status' to determine working set for adaptive non-unity build (C:\Users\gosus\Documents\CP-School\SeniorProject\gitRepos\Senior-Project-Prototype3).
[2019.02.13-22.58.01:829][728]CompilerResultsLog: Creating makefile for hot reloading HSPGameEditor (source directory changed)
[2019.02.13-22.58.01:829][728]CompilerResultsLog: Compiling game modules for hot reload
[2019.02.13-22.58.01:829][728]CompilerResultsLog: Using Visual Studio 2017 14.16.27023 toolchain (C:\Program Files (x86)\Microsoft Visual Studio\2017\Community\VC\Tools\MSVC\14.16.27023) and Windows 10.0.17763.0 SDK (C:\Program Files (x86)\Windows Kits\10).
[2019.02.13-22.58.01:829][728]CompilerResultsLog: Parsing headers for HSPGameEditor
[2019.02.13-22.58.01:829][728]CompilerResultsLog:   Running UnrealHeaderTool "C:\Users\gosus\Documents\CP-School\SeniorProject\gitRepos\Senior-Project-Prototype3\HSPGame\HSPGame.uproject" "C:\Users\gosus\Documents\CP-School\SeniorProject\gitRepos\Senior-Project-Prototype3\HSPGame\Intermediate\Build\Win64\HSPGameEditor\Development\HSPGameEditor.uhtmanifest" -LogCmds="loginit warning, logexit warning, logdatabase error" -Unattended -WarningsAsErrors -installed
[2019.02.13-22.58.01:829][728]CompilerResultsLog: Reflection code generated for HSPGameEditor in 8.9416754 seconds
[2019.02.13-22.58.01:829][728]CompilerResultsLog: Building 4 actions with 8 processes...
[2019.02.13-22.58.01:829][728]CompilerResultsLog:   [1/4] EnemyClass.cpp
[2019.02.13-22.58.01:829][728]CompilerResultsLog:   [2/4] EnemyClass.gen.cpp
[2019.02.13-22.58.01:829][728]CompilerResultsLog:   [3/4] UE4Editor-HSPGame-222.lib
[2019.02.13-22.58.01:830][728]CompilerResultsLog:      Creating library C:\Users\gosus\Documents\CP-School\SeniorProject\gitRepos\Senior-Project-Prototype3\HSPGame\Intermediate\Build\Win64\UE4Editor\Development\HSPGame\UE4Editor-HSPGame-222.lib and object C:\Users\gosus\Documents\CP-School\SeniorProject\gitRepos\Senior-Project-Prototype3\HSPGame\Intermediate\Build\Win64\UE4Editor\Development\HSPGame\UE4Editor-HSPGame-222.exp
[2019.02.13-22.58.01:830][728]CompilerResultsLog:   [4/4] UE4Editor-HSPGame-222.dll
[2019.02.13-22.58.01:830][728]CompilerResultsLog:      Creating library C:\Users\gosus\Documents\CP-School\SeniorProject\gitRepos\Senior-Project-Prototype3\HSPGame\Intermediate\Build\Win64\UE4Editor\Development\HSPGame\UE4Editor-HSPGame-222.suppressed.lib and object C:\Users\gosus\Documents\CP-School\SeniorProject\gitRepos\Senior-Project-Prototype3\HSPGame\Intermediate\Build\Win64\UE4Editor\Development\HSPGame\UE4Editor-HSPGame-222.suppressed.exp
[2019.02.13-22.58.01:830][728]CompilerResultsLog: Total build time: 15.11 seconds (Parallel executor: 1.67 seconds)
[2019.02.13-22.58.01:830][728]LogMainFrame: MainFrame: Module compiling took 15.340 seconds
[2019.02.13-22.58.01:876][728]LogContentBrowser: Native class hierarchy updated for 'HSPGame' in 0.0003 seconds. Added 4 classes and 2 folders.
[2019.02.13-22.58.01:878][728]Display: HotReload successful (0 functions remapped  0 scriptstructs remapped)
[2019.02.13-22.58.01:927][728]LogContentBrowser: Native class hierarchy populated in 0.0064 seconds. Added 2656 classes and 624 folders.
[2019.02.13-22.58.01:927][728]Display: HotReload took 15.4s.
