Log file open, 02/11/19 22:44:59
LogWindows: Failed to load 'aqProf.dll' (GetLastError=126)
LogWindows: File 'aqProf.dll' does not exist
LogWindows: Failed to load 'VtuneApi.dll' (GetLastError=126)
LogWindows: File 'VtuneApi.dll' does not exist
LogWindows: Failed to load 'VtuneApi32e.dll' (GetLastError=126)
LogWindows: File 'VtuneApi32e.dll' does not exist
LogConsoleResponse: Display: Failed to find resolution value strings in scalability ini. Falling back to default.
LogInit: Display: Running engine for game: HSPGame
LogPakFile: Registered encryption key '00000000000000000000000000000000': 0 pak files mounted, 0 remain pending
LogPlatformFile: Not using cached read wrapper
LogTaskGraph: Started task graph with 5 named threads and 23 total threads with 3 sets of task threads.
LogStats: Stats thread started at 0.351095
LogD3D11RHI: Loaded GFSDK_Aftermath_Lib.x64.dll
LogICUInternationalization: ICU TimeZone Detection - Raw Offset: -8:00, Platform Override: ''
LogPluginManager: Mounting plugin Paper2D
LogPluginManager: Mounting plugin AISupport
LogPluginManager: Mounting plugin LightPropagationVolume
LogPluginManager: Mounting plugin ActorLayerUtilities
LogPluginManager: Mounting plugin CLionSourceCodeAccess
LogPluginManager: Mounting plugin CodeLiteSourceCodeAccess
LogPluginManager: Mounting plugin GitSourceControl
LogPluginManager: Mounting plugin KDevelopSourceCodeAccess
LogPluginManager: Mounting plugin NullSourceCodeAccess
LogPluginManager: Mounting plugin PerforceSourceControl
LogPluginManager: Mounting plugin SubversionSourceControl
LogPluginManager: Mounting plugin UObjectPlugin
LogPluginManager: Mounting plugin VisualStudioCodeSourceCodeAccess
LogPluginManager: Mounting plugin VisualStudioSourceCodeAccess
LogPluginManager: Mounting plugin XCodeSourceCodeAccess
LogPluginManager: Mounting plugin AssetManagerEditor
LogPluginManager: Mounting plugin CryptoKeys
LogPluginManager: Mounting plugin DataValidation
LogPluginManager: Mounting plugin FacialAnimation
LogPluginManager: Mounting plugin GameplayTagsEditor
LogPluginManager: Mounting plugin MacGraphicsSwitching
LogPluginManager: Mounting plugin MeshEditor
LogPluginManager: Mounting plugin MobileLauncherProfileWizard
LogPluginManager: Mounting plugin PluginBrowser
LogPluginManager: Mounting plugin SpeedTreeImporter
LogPluginManager: Mounting plugin DatasmithContent
LogPluginManager: Mounting plugin VariantManagerContent
LogPluginManager: Mounting plugin AlembicImporter
LogPluginManager: Mounting plugin AppleImageUtils
LogPluginManager: Mounting plugin AppleVision
LogPluginManager: Mounting plugin BackChannel
LogPluginManager: Mounting plugin CharacterAI
LogPluginManager: Mounting plugin GeometryCache
LogPluginManager: Mounting plugin HTML5Networking
LogPluginManager: Mounting plugin ProxyLODPlugin
LogPluginManager: Mounting plugin MagicLeap
LogPluginManager: Mounting plugin MagicLeapMedia
LogPluginManager: Mounting plugin AndroidMedia
LogPluginManager: Mounting plugin AvfMedia
LogPluginManager: Mounting plugin ImgMedia
LogPluginManager: Mounting plugin LinearTimecode
LogPluginManager: Mounting plugin MediaCompositing
LogPluginManager: Mounting plugin MediaPlayerEditor
LogPluginManager: Mounting plugin WebMMedia
LogPluginManager: Mounting plugin WmfMedia
LogPluginManager: Mounting plugin TcpMessaging
LogPluginManager: Mounting plugin UdpMessaging
LogPluginManager: Mounting plugin ActorSequence
LogPluginManager: Mounting plugin LevelSequenceEditor
LogPluginManager: Mounting plugin MatineeToLevelSequence
LogPluginManager: Mounting plugin NetcodeUnitTest
LogPluginManager: Mounting plugin NUTUnrealEngine4
LogPluginManager: Mounting plugin OnlineSubsystemGooglePlay
LogPluginManager: Mounting plugin OnlineSubsystemIOS
LogPluginManager: Mounting plugin OnlineSubsystem
LogPluginManager: Mounting plugin OnlineSubsystemNull
LogPluginManager: Mounting plugin OnlineSubsystemUtils
LogPluginManager: Mounting plugin LauncherChunkInstaller
LogPluginManager: Mounting plugin AndroidDeviceProfileSelector
LogPluginManager: Mounting plugin AndroidMoviePlayer
LogPluginManager: Mounting plugin AndroidPermission
LogPluginManager: Mounting plugin AppleMoviePlayer
LogPluginManager: Mounting plugin ArchVisCharacter
LogPluginManager: Mounting plugin AudioCapture
LogPluginManager: Mounting plugin CableComponent
LogPluginManager: Mounting plugin CustomMeshComponent
LogPluginManager: Mounting plugin EditableMesh
LogPluginManager: Mounting plugin ExampleDeviceProfileSelector
LogPluginManager: Mounting plugin Firebase
LogPluginManager: Mounting plugin GoogleCloudMessaging
LogPluginManager: Mounting plugin IOSDeviceProfileSelector
LogPluginManager: Mounting plugin LinuxDeviceProfileSelector
LogPluginManager: Mounting plugin LocationServicesBPLibrary
LogPluginManager: Mounting plugin MobilePatchingUtils
LogPluginManager: Mounting plugin OculusVR
LogPluginManager: Mounting plugin PhysXVehicles
LogPluginManager: Mounting plugin ProceduralMeshComponent
LogPluginManager: Mounting plugin RuntimePhysXCooking
LogPluginManager: Mounting plugin SteamVR
LogPluginManager: Mounting plugin WebMMoviePlayer
LogPluginManager: Mounting plugin WindowsMoviePlayer
LogStreaming: Display: Took  0.104s to configure plugins.
LogInit: Using libcurl 7.55.1-DEV
LogInit:  - built for x86_64-pc-win32
LogInit:  - supports SSL with OpenSSL/1.0.2h
LogInit:  - supports HTTP deflate (compression) using libz 1.2.8
LogInit:  - other features:
LogInit:      CURL_VERSION_SSL
LogInit:      CURL_VERSION_LIBZ
LogInit:      CURL_VERSION_IPV6
LogInit:      CURL_VERSION_ASYNCHDNS
LogInit:      CURL_VERSION_LARGEFILE
LogInit:      CURL_VERSION_IDN
LogInit:  CurlRequestOptions (configurable via config and command line):
LogInit:  - bVerifyPeer = true  - Libcurl will verify peer certificate
LogInit:  - bUseHttpProxy = false  - Libcurl will NOT use HTTP proxy
LogInit:  - bDontReuseConnections = false  - Libcurl will reuse connections
LogInit:  - MaxHostConnections = 16  - Libcurl will limit the number of connections to a host
LogInit:  - LocalHostAddr = Default
LogInit:  - BufferSize = 65536
LogInit: WinSock: version 1.1 (2.2), MaxSocks=32767, MaxUdp=65467
LogInit: Build: ++UE4+Release-4.21-CL-4753647
LogInit: Engine Version: 4.21.2-4753647+++UE4+Release-4.21
LogInit: Compatible Engine Version: 4.21.0-4541578+++UE4+Release-4.21
LogInit: Net CL: 4541578
LogInit: OS: Windows 10 (), CPU: Intel(R) Core(TM) i7-6700K CPU @ 4.00GHz, GPU: NVIDIA GeForce RTX 2080
LogInit: Compiled (64-bit): Jan 19 2019 02:07:31
LogInit: Compiled with Visual C++: 19.13.26129.00
LogInit: Build Configuration: Development
LogInit: Branch Name: ++UE4+Release-4.21
LogInit: Command Line:  -skipcompile
LogInit: Base Directory: G:/Games/Epic/Games/UE_4.21/Engine/Binaries/Win64/
LogInit: Installed Engine Build: 1
LogDevObjectVersion: Number of dev versions registered: 22
LogDevObjectVersion:   Dev-Blueprints (B0D832E4-1F89-4F0D-ACCF-7EB736FD4AA2): 10
LogDevObjectVersion:   Dev-Build (E1C64328-A22C-4D53-A36C-8E866417BD8C): 0
LogDevObjectVersion:   Dev-Core (375EC13C-06E4-48FB-B500-84F0262A717E): 2
LogDevObjectVersion:   Dev-Editor (E4B068ED-F494-42E9-A231-DA0B2E46BB41): 26
LogDevObjectVersion:   Dev-Framework (CFFC743F-43B0-4480-9391-14DF171D2073): 34
LogDevObjectVersion:   Dev-Mobile (B02B49B5-BB20-44E9-A304-32B752E40360): 2
LogDevObjectVersion:   Dev-Networking (A4E4105C-59A1-49B5-A7C5-40C4547EDFEE): 0
LogDevObjectVersion:   Dev-Online (39C831C9-5AE6-47DC-9A44-9C173E1C8E7C): 0
LogDevObjectVersion:   Dev-Physics (78F01B33-EBEA-4F98-B9B4-84EACCB95AA2): 0
LogDevObjectVersion:   Dev-Platform (6631380F-2D4D-43E0-8009-CF276956A95A): 0
LogDevObjectVersion:   Dev-Rendering (12F88B9F-8875-4AFC-A67C-D90C383ABD29): 27
LogDevObjectVersion:   Dev-Sequencer (7B5AE74C-D270-4C10-A958-57980B212A5A): 9
LogDevObjectVersion:   Dev-VR (D7296918-1DD6-4BDD-9DE2-64A83CC13884): 2
LogDevObjectVersion:   Dev-LoadTimes (C2A15278-BFE7-4AFE-6C17-90FF531DF755): 1
LogDevObjectVersion:   Private-Geometry (6EACA3D4-40EC-4CC1-B786-8BED09428FC5): 3
LogDevObjectVersion:   Dev-AnimPhys (29E575DD-E0A3-4627-9D10-D276232CDCEA): 17
LogDevObjectVersion:   Dev-Anim (AF43A65D-7FD3-4947-9873-3E8ED9C1BB05): 2
LogDevObjectVersion:   Dev-ReflectionCapture (6B266CEC-1EC7-4B8F-A30B-E4D90942FC07): 1
LogDevObjectVersion:   Dev-Automation (0DF73D61-A23F-47EA-B727-89E90C41499A): 1
LogDevObjectVersion:   FortniteMain (601D1886-AC64-4F84-AA16-D3DE0DEAC7D6): 17
LogDevObjectVersion:   Dev-Enterprise (9DFFBCD6-494F-0158-E221-12823C92A888): 4
LogDevObjectVersion:   Dev-Niagara (F2AED0AC-9AFE-416F-8664-AA7FFA26D6FC): 1
LogStreaming: Display: Took  0.003s to delete old logs.
LogInit: Presizing for max 8388607 objects, including 0 objects not considered by GC, pre-allocating 0 bytes for permanent pool.
LogInit: Object subsystem initialized
LogConfig: Setting CVar [[con.DebugEarlyDefault:1]]
LogConfig: Setting CVar [[r.setres:1280x720]]
[2019.02.12-06.45.00:049][  0]LogConfig: Setting CVar [[r.VSync:0]]
[2019.02.12-06.45.00:049][  0]LogConfig: Setting CVar [[r.RHICmdBypass:0]]
[2019.02.12-06.45.00:049][  0]LogConfig: Applying CVar settings from Section [/Script/Engine.RendererSettings] File [C:/Users/gosus/Documents/CP-School/SeniorProject/gitRepos/Senior-Project-Game/HSPGame/Saved/Config/Windows/Engine.ini]
[2019.02.12-06.45.00:049][  0]LogConfig: Setting CVar [[r.GPUCrashDebugging:0]]
[2019.02.12-06.45.00:049][  0]LogConfig: Applying CVar settings from Section [/Script/Engine.RendererOverrideSettings] File [C:/Users/gosus/Documents/CP-School/SeniorProject/gitRepos/Senior-Project-Game/HSPGame/Saved/Config/Windows/Engine.ini]
[2019.02.12-06.45.00:049][  0]LogConfig: Applying CVar settings from Section [/Script/Engine.StreamingSettings] File [C:/Users/gosus/Documents/CP-School/SeniorProject/gitRepos/Senior-Project-Game/HSPGame/Saved/Config/Windows/Engine.ini]
[2019.02.12-06.45.00:049][  0]LogConfig: Setting CVar [[s.MinBulkDataSizeForAsyncLoading:131072]]
[2019.02.12-06.45.00:049][  0]LogConfig: Setting CVar [[s.AsyncLoadingThreadEnabled:0]]
[2019.02.12-06.45.00:049][  0]LogConfig: Setting CVar [[s.EventDrivenLoaderEnabled:1]]
[2019.02.12-06.45.00:049][  0]LogConfig: Setting CVar [[s.WarnIfTimeLimitExceeded:0]]
[2019.02.12-06.45.00:049][  0]LogConfig: Setting CVar [[s.TimeLimitExceededMultiplier:1.5]]
[2019.02.12-06.45.00:049][  0]LogConfig: Setting CVar [[s.TimeLimitExceededMinTime:0.005]]
[2019.02.12-06.45.00:049][  0]LogConfig: Setting CVar [[s.UseBackgroundLevelStreaming:1]]
[2019.02.12-06.45.00:049][  0]LogConfig: Setting CVar [[s.PriorityAsyncLoadingExtraTime:15.0]]
[2019.02.12-06.45.00:050][  0]LogConfig: Setting CVar [[s.LevelStreamingActorsUpdateTimeLimit:5.0]]
[2019.02.12-06.45.00:050][  0]LogConfig: Setting CVar [[s.PriorityLevelStreamingActorsUpdateExtraTime:5.0]]
[2019.02.12-06.45.00:050][  0]LogConfig: Setting CVar [[s.LevelStreamingComponentsRegistrationGranularity:10]]
[2019.02.12-06.45.00:050][  0]LogConfig: Setting CVar [[s.UnregisterComponentsTimeLimit:1.0]]
[2019.02.12-06.45.00:050][  0]LogConfig: Setting CVar [[s.LevelStreamingComponentsUnregistrationGranularity:5]]
[2019.02.12-06.45.00:050][  0]LogConfig: Applying CVar settings from Section [/Script/Engine.GarbageCollectionSettings] File [C:/Users/gosus/Documents/CP-School/SeniorProject/gitRepos/Senior-Project-Game/HSPGame/Saved/Config/Windows/Engine.ini]
[2019.02.12-06.45.00:050][  0]LogConfig: Setting CVar [[gc.MaxObjectsNotConsideredByGC:1]]
[2019.02.12-06.45.00:050][  0]LogConfig: Setting CVar [[gc.SizeOfPermanentObjectPool:0]]
[2019.02.12-06.45.00:050][  0]LogConfig: Setting CVar [[gc.FlushStreamingOnGC:0]]
[2019.02.12-06.45.00:050][  0]LogConfig: Setting CVar [[gc.NumRetriesBeforeForcingGC:10]]
[2019.02.12-06.45.00:050][  0]LogConfig: Setting CVar [[gc.AllowParallelGC:1]]
[2019.02.12-06.45.00:050][  0]LogConfig: Setting CVar [[gc.TimeBetweenPurgingPendingKillObjects:61.1]]
[2019.02.12-06.45.00:050][  0]LogConfig: Setting CVar [[gc.MaxObjectsInEditor:8388607]]
[2019.02.12-06.45.00:050][  0]LogConfig: Setting CVar [[gc.IncrementalBeginDestroyEnabled:1]]
[2019.02.12-06.45.00:050][  0]LogConfig: Setting CVar [[gc.CreateGCClusters:1]]
[2019.02.12-06.45.00:050][  0]LogConfig: Setting CVar [[gc.MergeGCClusters:0]]
[2019.02.12-06.45.00:050][  0]LogConfig: Setting CVar [[gc.MinGCClusterSize:5]]
[2019.02.12-06.45.00:050][  0]LogConfig: Setting CVar [[gc.ActorClusteringEnabled:0]]
[2019.02.12-06.45.00:050][  0]LogConfig: Setting CVar [[gc.BlueprintClusteringEnabled:0]]
[2019.02.12-06.45.00:051][  0]LogConfig: Setting CVar [[gc.UseDisregardForGCOnDedicatedServers:0]]
[2019.02.12-06.45.00:051][  0]LogConfig: Applying CVar settings from Section [/Script/Engine.NetworkSettings] File [C:/Users/gosus/Documents/CP-School/SeniorProject/gitRepos/Senior-Project-Game/HSPGame/Saved/Config/Windows/Engine.ini]
[2019.02.12-06.45.00:051][  0]LogConfig: Applying CVar settings from Section [/Script/UnrealEd.CookerSettings] File [C:/Users/gosus/Documents/CP-School/SeniorProject/gitRepos/Senior-Project-Game/HSPGame/Saved/Config/Windows/Engine.ini]
[2019.02.12-06.45.00:065][  0]LogConfig: Applying CVar settings from Section [ViewDistanceQuality@3] File [C:/Users/gosus/Documents/CP-School/SeniorProject/gitRepos/Senior-Project-Game/HSPGame/Saved/Config/Windows/Scalability.ini]
[2019.02.12-06.45.00:066][  0]LogConfig: Setting CVar [[r.SkeletalMeshLODBias:0]]
[2019.02.12-06.45.00:066][  0]LogConfig: Setting CVar [[r.ViewDistanceScale:1.0]]
[2019.02.12-06.45.00:066][  0]LogConfig: Applying CVar settings from Section [AntiAliasingQuality@3] File [C:/Users/gosus/Documents/CP-School/SeniorProject/gitRepos/Senior-Project-Game/HSPGame/Saved/Config/Windows/Scalability.ini]
[2019.02.12-06.45.00:066][  0]LogConfig: Setting CVar [[r.PostProcessAAQuality:4]]
[2019.02.12-06.45.00:066][  0]LogConfig: Applying CVar settings from Section [ShadowQuality@3] File [C:/Users/gosus/Documents/CP-School/SeniorProject/gitRepos/Senior-Project-Game/HSPGame/Saved/Config/Windows/Scalability.ini]
[2019.02.12-06.45.00:066][  0]LogConfig: Setting CVar [[r.LightFunctionQuality:1]]
[2019.02.12-06.45.00:066][  0]LogConfig: Setting CVar [[r.ShadowQuality:5]]
[2019.02.12-06.45.00:066][  0]LogConfig: Setting CVar [[r.Shadow.CSM.MaxCascades:10]]
[2019.02.12-06.45.00:066][  0]LogConfig: Setting CVar [[r.Shadow.MaxResolution:2048]]
[2019.02.12-06.45.00:066][  0]LogConfig: Setting CVar [[r.Shadow.MaxCSMResolution:2048]]
[2019.02.12-06.45.00:067][  0]LogConfig: Setting CVar [[r.Shadow.RadiusThreshold:0.01]]
[2019.02.12-06.45.00:067][  0]LogConfig: Setting CVar [[r.Shadow.DistanceScale:1.0]]
[2019.02.12-06.45.00:067][  0]LogConfig: Setting CVar [[r.Shadow.CSM.TransitionScale:1.0]]
[2019.02.12-06.45.00:067][  0]LogConfig: Setting CVar [[r.Shadow.PreShadowResolutionFactor:1.0]]
[2019.02.12-06.45.00:067][  0]LogConfig: Setting CVar [[r.DistanceFieldShadowing:1]]
[2019.02.12-06.45.00:067][  0]LogConfig: Setting CVar [[r.DistanceFieldAO:1]]
[2019.02.12-06.45.00:067][  0]LogConfig: Setting CVar [[r.AOQuality:2]]
[2019.02.12-06.45.00:067][  0]LogConfig: Setting CVar [[r.VolumetricFog:1]]
[2019.02.12-06.45.00:067][  0]LogConfig: Setting CVar [[r.VolumetricFog.GridPixelSize:8]]
[2019.02.12-06.45.00:067][  0]LogConfig: Setting CVar [[r.VolumetricFog.GridSizeZ:128]]
[2019.02.12-06.45.00:067][  0]LogConfig: Setting CVar [[r.VolumetricFog.HistoryMissSupersampleCount:4]]
[2019.02.12-06.45.00:067][  0]LogConfig: Setting CVar [[r.LightMaxDrawDistanceScale:1]]
[2019.02.12-06.45.00:067][  0]LogConfig: Setting CVar [[r.CapsuleShadows:1]]
[2019.02.12-06.45.00:067][  0]LogConfig: Applying CVar settings from Section [PostProcessQuality@3] File [C:/Users/gosus/Documents/CP-School/SeniorProject/gitRepos/Senior-Project-Game/HSPGame/Saved/Config/Windows/Scalability.ini]
[2019.02.12-06.45.00:067][  0]LogConfig: Setting CVar [[r.MotionBlurQuality:4]]
[2019.02.12-06.45.00:068][  0]LogConfig: Setting CVar [[r.AmbientOcclusionMipLevelFactor:0.4]]
[2019.02.12-06.45.00:068][  0]LogConfig: Setting CVar [[r.AmbientOcclusionMaxQuality:100]]
[2019.02.12-06.45.00:068][  0]LogConfig: Setting CVar [[r.AmbientOcclusionLevels:-1]]
[2019.02.12-06.45.00:068][  0]LogConfig: Setting CVar [[r.AmbientOcclusionRadiusScale:1.0]]
[2019.02.12-06.45.00:068][  0]LogConfig: Setting CVar [[r.DepthOfFieldQuality:2]]
[2019.02.12-06.45.00:068][  0]LogConfig: Setting CVar [[r.RenderTargetPoolMin:400]]
[2019.02.12-06.45.00:068][  0]LogConfig: Setting CVar [[r.LensFlareQuality:2]]
[2019.02.12-06.45.00:068][  0]LogConfig: Setting CVar [[r.SceneColorFringeQuality:1]]
[2019.02.12-06.45.00:068][  0]LogConfig: Setting CVar [[r.EyeAdaptationQuality:2]]
[2019.02.12-06.45.00:068][  0]LogConfig: Setting CVar [[r.BloomQuality:5]]
[2019.02.12-06.45.00:068][  0]LogConfig: Setting CVar [[r.FastBlurThreshold:100]]
[2019.02.12-06.45.00:068][  0]LogConfig: Setting CVar [[r.Upscale.Quality:3]]
[2019.02.12-06.45.00:068][  0]LogConfig: Setting CVar [[r.Tonemapper.GrainQuantization:1]]
[2019.02.12-06.45.00:068][  0]LogConfig: Setting CVar [[r.LightShaftQuality:1]]
[2019.02.12-06.45.00:068][  0]LogConfig: Setting CVar [[r.Filter.SizeScale:1]]
[2019.02.12-06.45.00:069][  0]LogConfig: Setting CVar [[r.Tonemapper.Quality:5]]
[2019.02.12-06.45.00:069][  0]LogConfig: Setting CVar [[r.DOF.Gather.AccumulatorQuality:1        ; higher gathering accumulator quality]]
[2019.02.12-06.45.00:069][  0]LogConfig: Setting CVar [[r.DOF.Gather.PostfilterMethod:1          ; Median3x3 postfilering method]]
[2019.02.12-06.45.00:069][  0]LogConfig: Setting CVar [[r.DOF.Gather.EnableBokehSettings:0       ; no bokeh simulation when gathering]]
[2019.02.12-06.45.00:069][  0]LogConfig: Setting CVar [[r.DOF.Gather.RingCount:4                 ; medium number of samples when gathering]]
[2019.02.12-06.45.00:069][  0]LogConfig: Setting CVar [[r.DOF.Scatter.ForegroundCompositing:1    ; additive foreground scattering]]
[2019.02.12-06.45.00:069][  0]LogConfig: Setting CVar [[r.DOF.Scatter.BackgroundCompositing:2    ; additive background scattering]]
[2019.02.12-06.45.00:069][  0]LogConfig: Setting CVar [[r.DOF.Scatter.EnableBokehSettings:1      ; bokeh simulation when scattering]]
[2019.02.12-06.45.00:069][  0]LogConfig: Setting CVar [[r.DOF.Scatter.MaxSpriteRatio:0.1         ; only a maximum of 10% of scattered bokeh]]
[2019.02.12-06.45.00:069][  0]LogConfig: Setting CVar [[r.DOF.Recombine.Quality:1                ; cheap slight out of focus]]
[2019.02.12-06.45.00:069][  0]LogConfig: Setting CVar [[r.DOF.Recombine.EnableBokehSettings:0    ; no bokeh simulation on slight out of focus]]
[2019.02.12-06.45.00:069][  0]LogConfig: Setting CVar [[r.DOF.TemporalAAQuality:1                ; more stable temporal accumulation]]
[2019.02.12-06.45.00:069][  0]LogConfig: Setting CVar [[r.DOF.Kernel.MaxForegroundRadius:0.025]]
[2019.02.12-06.45.00:070][  0]LogConfig: Setting CVar [[r.DOF.Kernel.MaxBackgroundRadius:0.025]]
[2019.02.12-06.45.00:070][  0]LogConfig: Applying CVar settings from Section [TextureQuality@3] File [C:/Users/gosus/Documents/CP-School/SeniorProject/gitRepos/Senior-Project-Game/HSPGame/Saved/Config/Windows/Scalability.ini]
[2019.02.12-06.45.00:070][  0]LogConfig: Setting CVar [[r.Streaming.MipBias:0]]
[2019.02.12-06.45.00:070][  0]LogConfig: Setting CVar [[r.Streaming.AmortizeCPUToGPUCopy:0]]
[2019.02.12-06.45.00:070][  0]LogConfig: Setting CVar [[r.Streaming.MaxNumTexturesToStreamPerFrame:0]]
[2019.02.12-06.45.00:070][  0]LogConfig: Setting CVar [[r.Streaming.Boost:1]]
[2019.02.12-06.45.00:070][  0]LogConfig: Setting CVar [[r.MaxAnisotropy:8]]
[2019.02.12-06.45.00:070][  0]LogConfig: Setting CVar [[r.Streaming.LimitPoolSizeToVRAM:0]]
[2019.02.12-06.45.00:070][  0]LogConfig: Setting CVar [[r.Streaming.PoolSize:1000]]
[2019.02.12-06.45.00:070][  0]LogConfig: Setting CVar [[r.Streaming.MaxEffectiveScreenSize:0]]
[2019.02.12-06.45.00:070][  0]LogConfig: Applying CVar settings from Section [EffectsQuality@3] File [C:/Users/gosus/Documents/CP-School/SeniorProject/gitRepos/Senior-Project-Game/HSPGame/Saved/Config/Windows/Scalability.ini]
[2019.02.12-06.45.00:070][  0]LogConfig: Setting CVar [[r.TranslucencyLightingVolumeDim:64]]
[2019.02.12-06.45.00:070][  0]LogConfig: Setting CVar [[r.RefractionQuality:2]]
[2019.02.12-06.45.00:070][  0]LogConfig: Setting CVar [[r.SSR.Quality:3]]
[2019.02.12-06.45.00:070][  0]LogConfig: Setting CVar [[r.SceneColorFormat:4]]
[2019.02.12-06.45.00:071][  0]LogConfig: Setting CVar [[r.DetailMode:2]]
[2019.02.12-06.45.00:071][  0]LogConfig: Setting CVar [[r.TranslucencyVolumeBlur:1]]
[2019.02.12-06.45.00:071][  0]LogConfig: Setting CVar [[r.MaterialQualityLevel:1 ; High quality]]
[2019.02.12-06.45.00:071][  0]LogConfig: Setting CVar [[r.SSS.Scale:1]]
[2019.02.12-06.45.00:071][  0]LogConfig: Setting CVar [[r.SSS.SampleSet:2]]
[2019.02.12-06.45.00:071][  0]LogConfig: Setting CVar [[r.SSS.Quality:1]]
[2019.02.12-06.45.00:071][  0]LogConfig: Setting CVar [[r.SSS.HalfRes:1]]
[2019.02.12-06.45.00:071][  0]LogConfig: Setting CVar [[r.EmitterSpawnRateScale:1.0]]
[2019.02.12-06.45.00:071][  0]LogConfig: Setting CVar [[r.ParticleLightQuality:2]]
[2019.02.12-06.45.00:071][  0]LogConfig: Applying CVar settings from Section [FoliageQuality@3] File [C:/Users/gosus/Documents/CP-School/SeniorProject/gitRepos/Senior-Project-Game/HSPGame/Saved/Config/Windows/Scalability.ini]
[2019.02.12-06.45.00:071][  0]LogConfig: Setting CVar [[foliage.DensityScale:1.0]]
[2019.02.12-06.45.00:071][  0]LogConfig: Setting CVar [[grass.DensityScale:1.0]]
[2019.02.12-06.45.00:071][  0]LogInit: Selected Device Profile: [Windows]
[2019.02.12-06.45.00:071][  0]LogInit: Applying CVar settings loaded from the selected device profile: [Windows]
[2019.02.12-06.45.00:087][  0]LogHAL: Display: Platform has ~ 32 GB [34313105408 / 34359738368 / 32], which maps to Largest [LargestMinGB=32, LargerMinGB=12, DefaultMinGB=8, SmallerMinGB=6, SmallestMinGB=0)
[2019.02.12-06.45.00:087][  0]LogConfig: Setting CVar [[r.Vulkan.UseRealUBs:1]]
[2019.02.12-06.45.00:087][  0]LogInit: Going up to parent DeviceProfile []
[2019.02.12-06.45.00:087][  0]LogConfig: Applying CVar settings from Section [ViewDistanceQuality@3] File [C:/Users/gosus/Documents/CP-School/SeniorProject/gitRepos/Senior-Project-Game/HSPGame/Saved/Config/Windows/Scalability.ini]
[2019.02.12-06.45.00:087][  0]LogConfig: Setting CVar [[r.SkeletalMeshLODBias:0]]
[2019.02.12-06.45.00:087][  0]LogConfig: Setting CVar [[r.ViewDistanceScale:1.0]]
[2019.02.12-06.45.00:087][  0]LogConfig: Applying CVar settings from Section [AntiAliasingQuality@3] File [C:/Users/gosus/Documents/CP-School/SeniorProject/gitRepos/Senior-Project-Game/HSPGame/Saved/Config/Windows/Scalability.ini]
[2019.02.12-06.45.00:087][  0]LogConfig: Setting CVar [[r.PostProcessAAQuality:4]]
[2019.02.12-06.45.00:087][  0]LogConfig: Applying CVar settings from Section [ShadowQuality@3] File [C:/Users/gosus/Documents/CP-School/SeniorProject/gitRepos/Senior-Project-Game/HSPGame/Saved/Config/Windows/Scalability.ini]
[2019.02.12-06.45.00:087][  0]LogConfig: Setting CVar [[r.LightFunctionQuality:1]]
[2019.02.12-06.45.00:087][  0]LogConfig: Setting CVar [[r.ShadowQuality:5]]
[2019.02.12-06.45.00:087][  0]LogConfig: Setting CVar [[r.Shadow.CSM.MaxCascades:10]]
[2019.02.12-06.45.00:087][  0]LogConfig: Setting CVar [[r.Shadow.MaxResolution:2048]]
[2019.02.12-06.45.00:087][  0]LogConfig: Setting CVar [[r.Shadow.MaxCSMResolution:2048]]
[2019.02.12-06.45.00:088][  0]LogConfig: Setting CVar [[r.Shadow.RadiusThreshold:0.01]]
[2019.02.12-06.45.00:088][  0]LogConfig: Setting CVar [[r.Shadow.DistanceScale:1.0]]
[2019.02.12-06.45.00:088][  0]LogConfig: Setting CVar [[r.Shadow.CSM.TransitionScale:1.0]]
[2019.02.12-06.45.00:088][  0]LogConfig: Setting CVar [[r.Shadow.PreShadowResolutionFactor:1.0]]
[2019.02.12-06.45.00:088][  0]LogConfig: Setting CVar [[r.DistanceFieldShadowing:1]]
[2019.02.12-06.45.00:088][  0]LogConfig: Setting CVar [[r.DistanceFieldAO:1]]
[2019.02.12-06.45.00:088][  0]LogConfig: Setting CVar [[r.AOQuality:2]]
[2019.02.12-06.45.00:088][  0]LogConfig: Setting CVar [[r.VolumetricFog:1]]
[2019.02.12-06.45.00:088][  0]LogConfig: Setting CVar [[r.VolumetricFog.GridPixelSize:8]]
[2019.02.12-06.45.00:088][  0]LogConfig: Setting CVar [[r.VolumetricFog.GridSizeZ:128]]
[2019.02.12-06.45.00:088][  0]LogConfig: Setting CVar [[r.VolumetricFog.HistoryMissSupersampleCount:4]]
[2019.02.12-06.45.00:088][  0]LogConfig: Setting CVar [[r.LightMaxDrawDistanceScale:1]]
[2019.02.12-06.45.00:088][  0]LogConfig: Setting CVar [[r.CapsuleShadows:1]]
[2019.02.12-06.45.00:088][  0]LogConfig: Applying CVar settings from Section [PostProcessQuality@3] File [C:/Users/gosus/Documents/CP-School/SeniorProject/gitRepos/Senior-Project-Game/HSPGame/Saved/Config/Windows/Scalability.ini]
[2019.02.12-06.45.00:089][  0]LogConfig: Setting CVar [[r.MotionBlurQuality:4]]
[2019.02.12-06.45.00:089][  0]LogConfig: Setting CVar [[r.AmbientOcclusionMipLevelFactor:0.4]]
[2019.02.12-06.45.00:089][  0]LogConfig: Setting CVar [[r.AmbientOcclusionMaxQuality:100]]
[2019.02.12-06.45.00:089][  0]LogConfig: Setting CVar [[r.AmbientOcclusionLevels:-1]]
[2019.02.12-06.45.00:089][  0]LogConfig: Setting CVar [[r.AmbientOcclusionRadiusScale:1.0]]
[2019.02.12-06.45.00:089][  0]LogConfig: Setting CVar [[r.DepthOfFieldQuality:2]]
[2019.02.12-06.45.00:089][  0]LogConfig: Setting CVar [[r.RenderTargetPoolMin:400]]
[2019.02.12-06.45.00:089][  0]LogConfig: Setting CVar [[r.LensFlareQuality:2]]
[2019.02.12-06.45.00:089][  0]LogConfig: Setting CVar [[r.SceneColorFringeQuality:1]]
[2019.02.12-06.45.00:089][  0]LogConfig: Setting CVar [[r.EyeAdaptationQuality:2]]
[2019.02.12-06.45.00:089][  0]LogConfig: Setting CVar [[r.BloomQuality:5]]
[2019.02.12-06.45.00:089][  0]LogConfig: Setting CVar [[r.FastBlurThreshold:100]]
[2019.02.12-06.45.00:089][  0]LogConfig: Setting CVar [[r.Upscale.Quality:3]]
[2019.02.12-06.45.00:089][  0]LogConfig: Setting CVar [[r.Tonemapper.GrainQuantization:1]]
[2019.02.12-06.45.00:089][  0]LogConfig: Setting CVar [[r.LightShaftQuality:1]]
[2019.02.12-06.45.00:089][  0]LogConfig: Setting CVar [[r.Filter.SizeScale:1]]
[2019.02.12-06.45.00:090][  0]LogConfig: Setting CVar [[r.Tonemapper.Quality:5]]
[2019.02.12-06.45.00:090][  0]LogConfig: Setting CVar [[r.DOF.Gather.AccumulatorQuality:1        ; higher gathering accumulator quality]]
[2019.02.12-06.45.00:090][  0]LogConfig: Setting CVar [[r.DOF.Gather.PostfilterMethod:1          ; Median3x3 postfilering method]]
[2019.02.12-06.45.00:090][  0]LogConfig: Setting CVar [[r.DOF.Gather.EnableBokehSettings:0       ; no bokeh simulation when gathering]]
[2019.02.12-06.45.00:090][  0]LogConfig: Setting CVar [[r.DOF.Gather.RingCount:4                 ; medium number of samples when gathering]]
[2019.02.12-06.45.00:090][  0]LogConfig: Setting CVar [[r.DOF.Scatter.ForegroundCompositing:1    ; additive foreground scattering]]
[2019.02.12-06.45.00:090][  0]LogConfig: Setting CVar [[r.DOF.Scatter.BackgroundCompositing:2    ; additive background scattering]]
[2019.02.12-06.45.00:090][  0]LogConfig: Setting CVar [[r.DOF.Scatter.EnableBokehSettings:1      ; bokeh simulation when scattering]]
[2019.02.12-06.45.00:090][  0]LogConfig: Setting CVar [[r.DOF.Scatter.MaxSpriteRatio:0.1         ; only a maximum of 10% of scattered bokeh]]
[2019.02.12-06.45.00:090][  0]LogConfig: Setting CVar [[r.DOF.Recombine.Quality:1                ; cheap slight out of focus]]
[2019.02.12-06.45.00:090][  0]LogConfig: Setting CVar [[r.DOF.Recombine.EnableBokehSettings:0    ; no bokeh simulation on slight out of focus]]
[2019.02.12-06.45.00:090][  0]LogConfig: Setting CVar [[r.DOF.TemporalAAQuality:1                ; more stable temporal accumulation]]
[2019.02.12-06.45.00:090][  0]LogConfig: Setting CVar [[r.DOF.Kernel.MaxForegroundRadius:0.025]]
[2019.02.12-06.45.00:090][  0]LogConfig: Setting CVar [[r.DOF.Kernel.MaxBackgroundRadius:0.025]]
[2019.02.12-06.45.00:090][  0]LogConfig: Applying CVar settings from Section [TextureQuality@3] File [C:/Users/gosus/Documents/CP-School/SeniorProject/gitRepos/Senior-Project-Game/HSPGame/Saved/Config/Windows/Scalability.ini]
[2019.02.12-06.45.00:090][  0]LogConfig: Setting CVar [[r.Streaming.MipBias:0]]
[2019.02.12-06.45.00:090][  0]LogConfig: Setting CVar [[r.Streaming.AmortizeCPUToGPUCopy:0]]
[2019.02.12-06.45.00:090][  0]LogConfig: Setting CVar [[r.Streaming.MaxNumTexturesToStreamPerFrame:0]]
[2019.02.12-06.45.00:090][  0]LogConfig: Setting CVar [[r.Streaming.Boost:1]]
[2019.02.12-06.45.00:091][  0]LogConfig: Setting CVar [[r.MaxAnisotropy:8]]
[2019.02.12-06.45.00:091][  0]LogConfig: Setting CVar [[r.Streaming.LimitPoolSizeToVRAM:0]]
[2019.02.12-06.45.00:091][  0]LogConfig: Setting CVar [[r.Streaming.PoolSize:1000]]
[2019.02.12-06.45.00:091][  0]LogConfig: Setting CVar [[r.Streaming.MaxEffectiveScreenSize:0]]
[2019.02.12-06.45.00:091][  0]LogConfig: Applying CVar settings from Section [EffectsQuality@3] File [C:/Users/gosus/Documents/CP-School/SeniorProject/gitRepos/Senior-Project-Game/HSPGame/Saved/Config/Windows/Scalability.ini]
[2019.02.12-06.45.00:091][  0]LogConfig: Setting CVar [[r.TranslucencyLightingVolumeDim:64]]
[2019.02.12-06.45.00:091][  0]LogConfig: Setting CVar [[r.RefractionQuality:2]]
[2019.02.12-06.45.00:091][  0]LogConfig: Setting CVar [[r.SSR.Quality:3]]
[2019.02.12-06.45.00:091][  0]LogConfig: Setting CVar [[r.SceneColorFormat:4]]
[2019.02.12-06.45.00:091][  0]LogConfig: Setting CVar [[r.DetailMode:2]]
[2019.02.12-06.45.00:091][  0]LogConfig: Setting CVar [[r.TranslucencyVolumeBlur:1]]
[2019.02.12-06.45.00:091][  0]LogConfig: Setting CVar [[r.MaterialQualityLevel:1 ; High quality]]
[2019.02.12-06.45.00:091][  0]LogConfig: Setting CVar [[r.SSS.Scale:1]]
[2019.02.12-06.45.00:091][  0]LogConfig: Setting CVar [[r.SSS.SampleSet:2]]
[2019.02.12-06.45.00:091][  0]LogConfig: Setting CVar [[r.SSS.Quality:1]]
[2019.02.12-06.45.00:091][  0]LogConfig: Setting CVar [[r.SSS.HalfRes:1]]
[2019.02.12-06.45.00:092][  0]LogConfig: Setting CVar [[r.EmitterSpawnRateScale:1.0]]
[2019.02.12-06.45.00:092][  0]LogConfig: Setting CVar [[r.ParticleLightQuality:2]]
[2019.02.12-06.45.00:092][  0]LogConfig: Applying CVar settings from Section [FoliageQuality@3] File [C:/Users/gosus/Documents/CP-School/SeniorProject/gitRepos/Senior-Project-Game/HSPGame/Saved/Config/Windows/Scalability.ini]
[2019.02.12-06.45.00:092][  0]LogConfig: Setting CVar [[foliage.DensityScale:1.0]]
[2019.02.12-06.45.00:092][  0]LogConfig: Setting CVar [[grass.DensityScale:1.0]]
[2019.02.12-06.45.00:092][  0]LogConfig: Applying CVar settings from Section [Startup] File [../../../Engine/Config/ConsoleVariables.ini]
[2019.02.12-06.45.00:092][  0]LogConfig: Setting CVar [[net.UseAdaptiveNetUpdateFrequency:0]]
[2019.02.12-06.45.00:092][  0]LogConfig: Applying CVar settings from Section [ConsoleVariables] File [C:/Users/gosus/Documents/CP-School/SeniorProject/gitRepos/Senior-Project-Game/HSPGame/Saved/Config/Windows/Engine.ini]
[2019.02.12-06.45.00:092][  0]LogInit: Computer: UNIT-01
[2019.02.12-06.45.00:092][  0]LogInit: User: gosus
[2019.02.12-06.45.00:092][  0]LogInit: CPU Page size=4096, Cores=4
[2019.02.12-06.45.00:093][  0]LogInit: High frequency timer resolution =10.000000 MHz
[2019.02.12-06.45.00:093][  0]LogMemory: Memory total: Physical=32.0GB (32GB approx)
[2019.02.12-06.45.00:093][  0]LogMemory: Platform Memory Stats for Windows
[2019.02.12-06.45.00:093][  0]LogMemory: Process Physical Memory: 102.35 MB used, 102.36 MB peak
[2019.02.12-06.45.00:093][  0]LogMemory: Process Virtual Memory: 91.88 MB used, 91.88 MB peak
[2019.02.12-06.45.00:093][  0]LogMemory: Physical Memory: 13781.11 MB used,  18942.42 MB free, 32723.53 MB total
[2019.02.12-06.45.00:093][  0]LogMemory: Virtual Memory: 4649.98 MB used,  134213080.00 MB free, 134217728.00 MB total
[2019.02.12-06.45.00:207][  0]LogInit: Using OS detected language (en-US).
[2019.02.12-06.45.00:207][  0]LogInit: Using OS detected locale (en-US).
[2019.02.12-06.45.00:208][  0]LogTextLocalizationManager: No specific localization for 'en-US' exists, so the 'en' localization will be used.
[2019.02.12-06.45.00:559][  0]LogStreaming: Display: Took  0.352s to InitEngineTextLocalization.
[2019.02.12-06.45.00:560][  0]LogInit: Setting process to per monitor DPI aware
[2019.02.12-06.45.00:612][  0]LogSlate: New Slate User Created.  User Index 0, Is Virtual User: 0
[2019.02.12-06.45.00:612][  0]LogSlate: Slate User Registered.  User Index 0, Is Virtual User: 0
[2019.02.12-06.45.00:810][  0]LogHMD: Failed to initialize OpenVR with code 110
[2019.02.12-06.45.00:810][  0]LogD3D11RHI: D3D11 adapters:
[2019.02.12-06.45.00:887][  0]LogD3D11RHI:    0. 'NVIDIA GeForce RTX 2080' (Feature Level 11_0)
[2019.02.12-06.45.00:887][  0]LogD3D11RHI:       8010/0/16361 MB DedicatedVideo/DedicatedSystem/SharedSystem, Outputs:2, VendorId:0x10de
[2019.02.12-06.45.00:893][  0]LogD3D11RHI:    1. 'Microsoft Basic Render Driver' (Feature Level 11_0)
[2019.02.12-06.45.00:893][  0]LogD3D11RHI:       0/0/16361 MB DedicatedVideo/DedicatedSystem/SharedSystem, Outputs:0, VendorId:0x1414
[2019.02.12-06.45.00:893][  0]LogD3D11RHI: Chosen D3D11 Adapter: 0
[2019.02.12-06.45.00:901][  0]LogD3D11RHI: Creating new Direct3DDevice
[2019.02.12-06.45.00:901][  0]LogD3D11RHI:     GPU DeviceId: 0x1e87 (for the marketing name, search the web for "GPU Device Id")
[2019.02.12-06.45.00:902][  0]LogWindows: EnumDisplayDevices:
[2019.02.12-06.45.00:902][  0]LogWindows:    0. 'NVIDIA GeForce RTX 2080' (P:1 D:1)
[2019.02.12-06.45.00:902][  0]LogWindows:    1. 'NVIDIA GeForce RTX 2080' (P:0 D:1)
[2019.02.12-06.45.00:902][  0]LogWindows:    2. 'NVIDIA GeForce RTX 2080' (P:0 D:0)
[2019.02.12-06.45.00:903][  0]LogWindows:    3. 'NVIDIA GeForce RTX 2080' (P:0 D:0)
[2019.02.12-06.45.00:903][  0]LogWindows: DebugString: FoundDriverCount:4 
[2019.02.12-06.45.00:903][  0]LogD3D11RHI:     Adapter Name: NVIDIA GeForce RTX 2080
[2019.02.12-06.45.00:903][  0]LogD3D11RHI:   Driver Version: 417.71 (internal:25.21.14.1771, unified:417.71)
[2019.02.12-06.45.00:903][  0]LogD3D11RHI:      Driver Date: 1-11-2019
[2019.02.12-06.45.00:903][  0]LogRHI: Texture pool is 5607 MB (70% of 8010 MB)
[2019.02.12-06.45.00:954][  0]LogD3D11RHI: Async texture creation enabled
[2019.02.12-06.45.00:971][  0]LogD3D11RHI: GPU Timing Frequency: 1000.000000 (Debug: 2 2)
[2019.02.12-06.45.01:312][  0]LogTemp: Display: Loaded TP AllDesktopTargetPlatform
[2019.02.12-06.45.01:328][  0]LogTemp: Display: Loaded TP MacClientTargetPlatform
[2019.02.12-06.45.01:343][  0]LogTemp: Display: Loaded TP MacNoEditorTargetPlatform
[2019.02.12-06.45.01:357][  0]LogTemp: Display: Loaded TP MacServerTargetPlatform
[2019.02.12-06.45.01:372][  0]LogTemp: Display: Loaded TP MacTargetPlatform
[2019.02.12-06.45.01:390][  0]LogTemp: Display: Loaded TP WindowsClientTargetPlatform
[2019.02.12-06.45.01:408][  0]LogTemp: Display: Loaded TP WindowsNoEditorTargetPlatform
[2019.02.12-06.45.01:423][  0]LogTemp: Display: Loaded TP WindowsServerTargetPlatform
[2019.02.12-06.45.01:433][  0]LogTemp: Display: Loaded TP WindowsTargetPlatform
[2019.02.12-06.45.01:499][  0]LogTemp: Display: Loaded TP AndroidTargetPlatform
[2019.02.12-06.45.01:499][  0]LogTemp: Display: Loaded TP AndroidTargetPlatform
[2019.02.12-06.45.01:499][  0]LogTemp: Display: Loaded TP AndroidTargetPlatform
[2019.02.12-06.45.01:499][  0]LogTemp: Display: Loaded TP AndroidTargetPlatform
[2019.02.12-06.45.01:499][  0]LogTemp: Display: Loaded TP AndroidTargetPlatform
[2019.02.12-06.45.01:499][  0]LogTemp: Display: Loaded TP AndroidTargetPlatform
[2019.02.12-06.45.01:499][  0]LogTemp: Display: Loaded TP AndroidTargetPlatform
[2019.02.12-06.45.01:499][  0]LogTemp: Display: Loaded TP AndroidTargetPlatform
[2019.02.12-06.45.01:499][  0]LogTemp: Display: Loaded TP AndroidTargetPlatform
[2019.02.12-06.45.01:499][  0]LogTemp: Display: Loaded TP AndroidTargetPlatform
[2019.02.12-06.45.01:499][  0]LogTemp: Display: Loaded TP AndroidTargetPlatform
[2019.02.12-06.45.01:499][  0]LogTemp: Display: Loaded TP AndroidTargetPlatform
[2019.02.12-06.45.01:499][  0]LogTemp: Display: Loaded TP AndroidTargetPlatform
[2019.02.12-06.45.01:499][  0]LogTemp: Display: Loaded TP AndroidTargetPlatform
[2019.02.12-06.45.01:499][  0]LogTemp: Display: Loaded TP AndroidTargetPlatform
[2019.02.12-06.45.01:499][  0]LogTemp: Display: Loaded TP AndroidTargetPlatform
[2019.02.12-06.45.01:499][  0]LogTemp: Display: Loaded TP AndroidTargetPlatform
[2019.02.12-06.45.01:500][  0]LogTemp: Display: Loaded TP AndroidTargetPlatform
[2019.02.12-06.45.01:504][  0]LogTemp: Display: Loaded TP HTML5TargetPlatform
[2019.02.12-06.45.01:580][  0]LogTemp: Display: Loaded TP IOSTargetPlatform
[2019.02.12-06.45.01:580][  0]LogTemp: Display: Loaded TP IOSTargetPlatform
[2019.02.12-06.45.01:610][  0]LogTemp: Display: Loaded TP TVOSTargetPlatform
[2019.02.12-06.45.01:610][  0]LogTemp: Display: Loaded TP TVOSTargetPlatform
[2019.02.12-06.45.01:623][  0]LogTemp: Display: Loaded TP LinuxClientTargetPlatform
[2019.02.12-06.45.01:636][  0]LogTemp: Display: Loaded TP LinuxNoEditorTargetPlatform
[2019.02.12-06.45.01:648][  0]LogTemp: Display: Loaded TP LinuxServerTargetPlatform
[2019.02.12-06.45.01:664][  0]LogTemp: Display: Loaded TP LinuxTargetPlatform
[2019.02.12-06.45.01:699][  0]LogTemp: Display: Loaded TP LuminTargetPlatform
[2019.02.12-06.45.01:699][  0]LogTemp: Display: Loaded TP LuminTargetPlatform
[2019.02.12-06.45.01:699][  0]LogTargetPlatformManager: Display: Building Assets For Windows
[2019.02.12-06.45.01:833][  0]LogShaderCompilers: Guid format shader working directory is -40 characters bigger than the processId version (C:/Users/gosus/Documents/CP-School/SeniorProject/gitRepos/Senior-Project-Game/HSPGame/Intermediate/Shaders/WorkingDirectory/14984/).
[2019.02.12-06.45.01:833][  0]LogShaderCompilers: Cleaned the shader compiler working directory 'C:/Users/gosus/AppData/Local/Temp/UnrealShaderWorkingDir/9D3A971542E662605D9FB88502BEFACD/'.
[2019.02.12-06.45.01:835][  0]LogXGEController: Cannot use XGE Controller as Incredibuild is not installed on this machine.
[2019.02.12-06.45.01:835][  0]LogShaderCompilers: Cannot use XGE Shader Compiler as Incredibuild is not installed on this machine.
[2019.02.12-06.45.01:835][  0]LogShaderCompilers: Display: Using Local Shader Compiler.
[2019.02.12-06.45.02:288][  0]LogDerivedDataCache: Display: Max Cache Size: 512 MB
[2019.02.12-06.45.02:334][  0]LogDerivedDataCache: Loaded boot cache 0.05s 71MB C:/Users/gosus/AppData/Local/UnrealEngine/4.21/DerivedDataCache/Boot.ddc.
[2019.02.12-06.45.02:334][  0]LogDerivedDataCache: Display: Loaded Boot cache: C:/Users/gosus/AppData/Local/UnrealEngine/4.21/DerivedDataCache/Boot.ddc
[2019.02.12-06.45.02:334][  0]LogDerivedDataCache: FDerivedDataBackendGraph:  Pak pak cache file C:/Users/gosus/Documents/CP-School/SeniorProject/gitRepos/Senior-Project-Game/HSPGame/DerivedDataCache/DDC.ddp not found, will not use a pak cache.
[2019.02.12-06.45.02:334][  0]LogDerivedDataCache: Unable to find inner node Pak for hierarchical cache Hierarchy.
[2019.02.12-06.45.02:334][  0]LogDerivedDataCache: FDerivedDataBackendGraph:  CompressedPak pak cache file C:/Users/gosus/Documents/CP-School/SeniorProject/gitRepos/Senior-Project-Game/HSPGame/DerivedDataCache/Compressed.ddp not found, will not use a pak cache.
[2019.02.12-06.45.02:334][  0]LogDerivedDataCache: Unable to find inner node CompressedPak for hierarchical cache Hierarchy.
[2019.02.12-06.45.02:349][  0]LogDerivedDataCache: Display: Pak cache opened for reading ../../../Engine/DerivedDataCache/Compressed.ddp.
[2019.02.12-06.45.02:349][  0]LogDerivedDataCache: FDerivedDataBackendGraph:  EnterprisePak pak cache file ../../../Enterprise/DerivedDataCache/Compressed.ddp not found, will not use a pak cache.
[2019.02.12-06.45.02:349][  0]LogDerivedDataCache: Unable to find inner node EnterprisePak for hierarchical cache Hierarchy.
[2019.02.12-06.45.02:362][  0]LogDerivedDataCache: Using Local data cache path C:/Users/gosus/AppData/Local/UnrealEngine/Common/DerivedDataCache: Writable
[2019.02.12-06.45.02:362][  0]LogDerivedDataCache: Shared data cache path not found in *engine.ini, will not use an Shared cache.
[2019.02.12-06.45.02:362][  0]LogDerivedDataCache: Unable to find inner node Shared for hierarchical cache Hierarchy.
[2019.02.12-06.45.02:383][  0]LogMaterial: Verifying Global Shaders for PCD3D_SM5
[2019.02.12-06.45.02:385][  0]LogSlate: Using FreeType 2.6.0
[2019.02.12-06.45.02:385][  0]LogSlate: SlateFontServices - WITH_FREETYPE: 1, WITH_HARFBUZZ: 1
[2019.02.12-06.45.02:462][  0]LogAssetRegistry: FAssetRegistry took 0.0325 seconds to start up
[2019.02.12-06.45.02:757][  0]LogInit: Selected Device Profile: [Windows]
[2019.02.12-06.45.02:907][  0]LogSimplygon: Simplygon DLL not present - disabling.
[2019.02.12-06.45.02:922][  0]LogMeshReduction: Using SimplygonSwarm for distributed automatic mesh merging
[2019.02.12-06.45.02:922][  0]LogMeshReduction: Using ProxyLODMeshReduction for automatic mesh merging
[2019.02.12-06.45.02:922][  0]LogMeshReduction: Using QuadricMeshReduction for automatic static mesh reduction
[2019.02.12-06.45.02:922][  0]LogMeshReduction: No automatic skeletal mesh reduction module available
[2019.02.12-06.45.02:933][  0]LogNetVersion: HSPGame 1.0.0, NetCL: 4541578, EngineNetVer: 5, GameNetVer: 0 (Checksum: 2893343623)
[2019.02.12-06.45.03:351][  0]LogPackageLocalizationCache: Processed 11 localized package path(s) for 2 prioritized culture(s) in 0.095700 seconds
[2019.02.12-06.45.03:358][  0]LogUObjectArray: 39775 objects as part of root set at end of initial load.
[2019.02.12-06.45.03:358][  0]LogUObjectAllocator: 6914656 out of 0 bytes used by permanent object pool.
[2019.02.12-06.45.03:358][  0]LogUObjectArray: CloseDisregardForGC: 0/0 objects in disregard for GC pool
[2019.02.12-06.45.04:240][  0]LogTcpMessaging: Initializing TcpMessaging bridge
[2019.02.12-06.45.04:257][  0]LogUdpMessaging: Initializing bridge on interface 0.0.0.0:0 to multicast group 230.0.0.1:6666.
[2019.02.12-06.45.04:879][  0]SourceControl: Source control is disabled
[2019.02.12-06.45.04:879][  0]SourceControl: Source control is disabled
[2019.02.12-06.45.04:888][  0]SourceControl: Source control is disabled
[2019.02.12-06.45.04:894][  0]SourceControl: Source control is disabled
[2019.02.12-06.45.05:214][  0]LogAndroidPermission: UAndroidPermissionCallbackProxy::GetInstance
[2019.02.12-06.45.05:410][  0]LogOcInput: OculusInput pre-init called
[2019.02.12-06.45.05:555][  0]LogEngine: Initializing Engine...
[2019.02.12-06.45.05:556][  0]LogHMD: Failed to initialize OpenVR with code 110
[2019.02.12-06.45.05:558][  0]LogStats: UGameplayTagsManager::ConstructGameplayTagTree: ImportINI prefixes -  0.000 s
[2019.02.12-06.45.05:558][  0]LogStats: UGameplayTagsManager::ConstructGameplayTagTree: Construct from data asset -  0.000 s
[2019.02.12-06.45.05:558][  0]LogStats: UGameplayTagsManager::ConstructGameplayTagTree: ImportINI -  0.000 s
[2019.02.12-06.45.05:558][  0]LogStats: UGameplayTagsManager::ConstructGameplayTagTree: GameplayTagTreeChangedEvent.Broadcast -  0.000 s
[2019.02.12-06.45.05:738][  0]LogInit: Initializing FReadOnlyCVARCache
[2019.02.12-06.45.05:751][  0]LogAIModule: Creating AISystem for world Untitled
[2019.02.12-06.45.05:803][  0]LogInit: XAudio2 using 'Speakers (Realtek(R) Audio)' : 2 channels at 48 kHz using 32 bits per sample (channel mask 0x3)
[2019.02.12-06.45.05:845][  0]LogInit: FAudioDevice initialized.
[2019.02.12-06.45.05:845][  0]LogNetVersion: Set ProjectVersion to 1.0.0.0. Version Checksum will be recalculated on next use.
[2019.02.12-06.45.05:883][  0]LogDerivedDataCache: Saved boot cache 0.04s 71MB C:/Users/gosus/AppData/Local/UnrealEngine/4.21/DerivedDataCache/Boot.ddc.
[2019.02.12-06.45.05:886][  0]LogInit: Texture streaming: Enabled
[2019.02.12-06.45.05:911][  0]LogEngineSessionManager: EngineSessionManager initialized
[2019.02.12-06.45.05:921][  0]LogInit: Transaction tracking system initialized
[2019.02.12-06.45.05:958][  0]BlueprintLog: New page: Editor Load
[2019.02.12-06.45.06:102][  0]LocalizationService: Localization service is disabled
[2019.02.12-06.45.06:629][  0]LogFileCache: Scanning file cache for directory 'C:/Users/gosus/Documents/CP-School/SeniorProject/gitRepos/Senior-Project-Game/HSPGame/Content/' took 0.02s
[2019.02.12-06.45.06:629][  0]LogCook: Display: Max memory allowance for cook 16384mb min free memory 0mb
[2019.02.12-06.45.06:629][  0]LogCook: Display: Mobile HDR setting 1
[2019.02.12-06.45.06:629][  0]LogGameplayTags: Display: UGameplayTagsManager::DoneAddingNativeTags. DelegateIsBound: 0
[2019.02.12-06.45.06:630][  0]LogStats: UGameplayTagsManager::ConstructGameplayTagTree: ImportINI prefixes -  0.000 s
[2019.02.12-06.45.06:630][  0]LogStats: UGameplayTagsManager::ConstructGameplayTagTree: Construct from data asset -  0.000 s
[2019.02.12-06.45.06:630][  0]LogStats: UGameplayTagsManager::ConstructGameplayTagTree: ImportINI -  0.000 s
[2019.02.12-06.45.06:630][  0]LogStats: UGameplayTagsManager::ConstructGameplayTagTree: GameplayTagTreeChangedEvent.Broadcast -  0.000 s
[2019.02.12-06.45.06:845][  0]SourceControl: Source control is disabled
[2019.02.12-06.45.06:846][  0]Cmd: MAP LOAD FILE="C:/Users/gosus/Documents/CP-School/SeniorProject/gitRepos/Senior-Project-Game/HSPGame/Content/StarterContent/Maps/Minimal_Default.umap" TEMPLATE=0 SHOWPROGRESS=1 FEATURELEVEL=3
[2019.02.12-06.45.06:846][  0]LightingResults: New page: Lighting Build
[2019.02.12-06.45.06:847][  0]MapCheck: New page: Map Check
[2019.02.12-06.45.06:848][  0]LightingResults: New page: Lighting Build
[2019.02.12-06.45.07:167][  0]LogAIModule: Creating AISystem for world Minimal_Default
[2019.02.12-06.45.07:236][  0]LogEditorServer: Finished looking for orphan Actors (0.000 secs)
[2019.02.12-06.45.07:254][  0]Cmd: MAP CHECKDEP NOCLEARLOG
[2019.02.12-06.45.07:254][  0]MapCheck: Map check complete: 0 Error(s), 0 Warning(s), took 0.114ms to complete.
[2019.02.12-06.45.07:255][  0]LogFileHelpers: Loading map 'Minimal_Default' took 0.409
[2019.02.12-06.45.07:348][  0]LogSlate: Updating window title bar state: overlay mode, drag disabled, window buttons hidden, title bar hidden
[2019.02.12-06.45.07:353][  0]LogSlate: Updating window title bar state: overlay mode, drag disabled, window buttons hidden, title bar hidden
[2019.02.12-06.45.07:359][  0]LogSlate: Updating window title bar state: overlay mode, drag disabled, window buttons hidden, title bar hidden
[2019.02.12-06.45.07:365][  0]LogSlate: Updating window title bar state: overlay mode, drag disabled, window buttons hidden, title bar hidden
[2019.02.12-06.45.07:372][  0]LogCollectionManager: Loaded 0 collections in 0.001044 seconds
[2019.02.12-06.45.07:388][  0]LogFileCache: Scanning file cache for directory 'C:/Users/gosus/Documents/CP-School/SeniorProject/gitRepos/Senior-Project-Game/HSPGame/Saved/Collections/' took 0.01s
[2019.02.12-06.45.07:388][  0]LogFileCache: Scanning file cache for directory 'C:/Users/gosus/Documents/CP-School/SeniorProject/gitRepos/Senior-Project-Game/HSPGame/Content/Developers/gosus/Collections/' took 0.00s
[2019.02.12-06.45.07:388][  0]LogFileCache: Scanning file cache for directory 'C:/Users/gosus/Documents/CP-School/SeniorProject/gitRepos/Senior-Project-Game/HSPGame/Content/Collections/' took 0.00s
[2019.02.12-06.45.07:388][  0]LogCollectionManager: Rebuilt the GUID cache for 0 collections in 0.000000 seconds
[2019.02.12-06.45.07:395][  0]LogContentBrowser: Native class hierarchy populated in 0.0069 seconds. Added 2654 classes and 622 folders.
[2019.02.12-06.45.07:399][  0]LogContentBrowser: Native class hierarchy updated for 'WidgetCarousel' in 0.0003 seconds. Added 0 classes and 0 folders.
[2019.02.12-06.45.07:400][  0]LogPakFile: Registered encryption key '00000000000000000000000000000000': 0 pak files mounted, 0 remain pending
[2019.02.12-06.45.07:401][  0]LogPakFile: Registered encryption key '00000000000000000000000000000000': 0 pak files mounted, 0 remain pending
[2019.02.12-06.45.07:401][  0]LogPakFile: Registered encryption key '00000000000000000000000000000000': 0 pak files mounted, 0 remain pending
[2019.02.12-06.45.07:402][  0]LogPakFile: Registered encryption key '00000000000000000000000000000000': 0 pak files mounted, 0 remain pending
[2019.02.12-06.45.07:402][  0]LogPakFile: Registered encryption key '00000000000000000000000000000000': 0 pak files mounted, 0 remain pending
[2019.02.12-06.45.07:403][  0]LogPakFile: Registered encryption key '00000000000000000000000000000000': 0 pak files mounted, 0 remain pending
[2019.02.12-06.45.07:403][  0]LogPakFile: Registered encryption key '00000000000000000000000000000000': 0 pak files mounted, 0 remain pending
[2019.02.12-06.45.07:404][  0]LogPakFile: Registered encryption key '00000000000000000000000000000000': 0 pak files mounted, 0 remain pending
[2019.02.12-06.45.07:404][  0]LogPakFile: Registered encryption key '00000000000000000000000000000000': 0 pak files mounted, 0 remain pending
[2019.02.12-06.45.07:404][  0]LogPakFile: Registered encryption key '00000000000000000000000000000000': 0 pak files mounted, 0 remain pending
[2019.02.12-06.45.07:405][  0]LogPakFile: Registered encryption key '00000000000000000000000000000000': 0 pak files mounted, 0 remain pending
[2019.02.12-06.45.07:405][  0]LogPakFile: Registered encryption key '00000000000000000000000000000000': 0 pak files mounted, 0 remain pending
[2019.02.12-06.45.07:405][  0]LogPakFile: Registered encryption key '00000000000000000000000000000000': 0 pak files mounted, 0 remain pending
[2019.02.12-06.45.07:406][  0]LogPakFile: Registered encryption key '00000000000000000000000000000000': 0 pak files mounted, 0 remain pending
[2019.02.12-06.45.07:406][  0]LogPakFile: Registered encryption key '00000000000000000000000000000000': 0 pak files mounted, 0 remain pending
[2019.02.12-06.45.07:406][  0]LogPakFile: Registered encryption key '00000000000000000000000000000000': 0 pak files mounted, 0 remain pending
[2019.02.12-06.45.07:407][  0]LogPakFile: Registered encryption key '00000000000000000000000000000000': 0 pak files mounted, 0 remain pending
[2019.02.12-06.45.07:407][  0]LogPakFile: Registered encryption key '00000000000000000000000000000000': 0 pak files mounted, 0 remain pending
[2019.02.12-06.45.07:408][  0]LogPakFile: Registered encryption key '00000000000000000000000000000000': 0 pak files mounted, 0 remain pending
[2019.02.12-06.45.07:408][  0]LogPakFile: Registered encryption key '00000000000000000000000000000000': 0 pak files mounted, 0 remain pending
[2019.02.12-06.45.07:409][  0]LogPakFile: Registered encryption key '00000000000000000000000000000000': 0 pak files mounted, 0 remain pending
[2019.02.12-06.45.07:409][  0]LogPakFile: Registered encryption key '00000000000000000000000000000000': 0 pak files mounted, 0 remain pending
[2019.02.12-06.45.07:410][  0]LogPakFile: Registered encryption key '00000000000000000000000000000000': 0 pak files mounted, 0 remain pending
[2019.02.12-06.45.07:410][  0]LogPakFile: Registered encryption key '00000000000000000000000000000000': 0 pak files mounted, 0 remain pending
[2019.02.12-06.45.07:411][  0]LogPakFile: Registered encryption key '00000000000000000000000000000000': 0 pak files mounted, 0 remain pending
[2019.02.12-06.45.07:411][  0]LogPakFile: Registered encryption key '00000000000000000000000000000000': 0 pak files mounted, 0 remain pending
[2019.02.12-06.45.07:432][  0]LogContentBrowser: Native class hierarchy updated for 'AddContentDialog' in 0.0003 seconds. Added 0 classes and 0 folders.
[2019.02.12-06.45.07:441][  0]LogContentBrowser: Native class hierarchy updated for 'SceneOutliner' in 0.0003 seconds. Added 1 classes and 2 folders.
[2019.02.12-06.45.07:494][  0]LogSlate: Took 0.000136 seconds to synchronously load lazily loaded font '../../../Engine/Content/Slate/Fonts/Roboto-Regular.ttf' (155K)
[2019.02.12-06.45.07:496][  0]LogSlate: Took 0.000138 seconds to synchronously load lazily loaded font '../../../Engine/Content/Slate/Fonts/Roboto-Bold.ttf' (160K)
[2019.02.12-06.45.07:500][  0]LogSlate: Took 0.000129 seconds to synchronously load lazily loaded font '../../../Engine/Content/Editor/Slate/Fonts/FontAwesome.ttf' (139K)
[2019.02.12-06.45.07:567][  0]LogRenderer: Reallocating scene render targets to support 1644x916 Format 10 NumSamples 1 (Frame:1).
[2019.02.12-06.45.07:761][  0]LogContentBrowser: Native class hierarchy updated for 'HierarchicalLODOutliner' in 0.0003 seconds. Added 0 classes and 0 folders.
[2019.02.12-06.45.07:761][  0]LogLoad: (Engine Initialization) Total time: 9.40 seconds
[2019.02.12-06.45.07:761][  0]LogLoad: (Engine Initialization) Total Blueprint compile time: 0.00 seconds
[2019.02.12-06.45.07:837][  0]LogContentStreaming: Texture pool size now 1000 MB
[2019.02.12-06.45.07:882][  1]LogAssetRegistry: Asset discovery search completed in 5.4444 seconds
[2019.02.12-06.45.07:883][  1]LogCollectionManager: Rebuilt the object cache for 0 collections in 0.000000 seconds (found 0 objects)
[2019.02.12-06.45.07:883][  1]LogCollectionManager: Fixed up redirectors for 0 collections in 0.000103 seconds (updated 0 objects)
[2019.02.12-06.45.20:540][382]LogSlate: FSceneViewport::OnFocusLost() reason 0
[2019.02.12-06.45.20:595][387]Candidate modules for hot reload:
[2019.02.12-06.45.20:595][387]  HSPGame
[2019.02.12-06.45.20:596][387]Launching UnrealBuildTool... [G:/Games/Epic/Games/UE_4.21/Engine/Binaries/DotNET/UnrealBuildTool.exe  -ModuleWithSuffix=HSPGame,8021 Win64 Development -TargetType=Editor -Project="C:/Users/gosus/Documents/CP-School/SeniorProject/gitRepos/Senior-Project-Game/HSPGame/HSPGame.uproject" -canskiplink "C:/Users/gosus/Documents/CP-School/SeniorProject/gitRepos/Senior-Project-Game/HSPGame/HSPGame.uproject" ]
[2019.02.12-06.45.20:604][387]Warning: Starting HotReload took  0.0s.
[2019.02.12-06.45.25:379][944]CompilerResultsLog: New page: Compilation - Feb 11, 2019, 2:45:25 PM
[2019.02.12-06.45.25:379][944]CompilerResultsLog: Creating makefile for hot reloading HSPGameEditor (modules to compile have changed)
[2019.02.12-06.45.25:379][944]CompilerResultsLog: Compiling game modules for hot reload
[2019.02.12-06.45.25:379][944]CompilerResultsLog: Using Visual Studio 2017 14.16.27023 toolchain (C:\Program Files (x86)\Microsoft Visual Studio\2017\Community\VC\Tools\MSVC\14.16.27023) and Windows 10.0.17763.0 SDK (C:\Program Files (x86)\Windows Kits\10).
[2019.02.12-06.45.25:380][944]CompilerResultsLog: Target is up to date
[2019.02.12-06.45.25:380][944]CompilerResultsLog: Total build time: 4.54 seconds (NoActionsToExecute executor: 0.00 seconds)
[2019.02.12-06.45.25:380][944]LogMainFrame: MainFrame: Module compiling took 4.787 seconds
[2019.02.12-06.45.25:412][944]LogContentBrowser: Native class hierarchy populated in 0.0103 seconds. Added 2655 classes and 624 folders.
[2019.02.12-06.45.25:423][944]Display: HotReload took  4.8s.
[2019.02.12-06.45.27:699][217]LogTemp: Repeating last play command: Selected Viewport
[2019.02.12-06.45.27:711][217]LogBlueprintUserMessages: Early PlayInEditor Detection: Level '/Game/StarterContent/Maps/Minimal_Default.Minimal_Default:PersistentLevel' has LevelScriptBlueprint '/Game/StarterContent/Maps/Minimal_Default.Minimal_Default:PersistentLevel.Minimal_Default' with GeneratedClass '/Game/StarterContent/Maps/Minimal_Default.Minimal_Default_C' with ClassGeneratedBy '/Game/StarterContent/Maps/Minimal_Default.Minimal_Default:PersistentLevel.Minimal_Default'
[2019.02.12-06.45.27:711][217]LogPlayLevel: PlayLevel: No blueprints needed recompiling
[2019.02.12-06.45.27:711][217]PIE: New page: PIE session: Minimal_Default (Feb 11, 2019, 2:45:27 PM)
[2019.02.12-06.45.27:725][217]LogPlayLevel: Creating play world package: /Game/StarterContent/Maps/UEDPIE_0_Minimal_Default
[2019.02.12-06.45.27:805][217]LogPlayLevel: PIE: StaticDuplicateObject took: (0.080170s)
[2019.02.12-06.45.27:805][217]LogAIModule: Creating AISystem for world Minimal_Default
[2019.02.12-06.45.27:806][217]LogPlayLevel: PIE: World Init took: (0.000664s)
[2019.02.12-06.45.27:806][217]LogPlayLevel: PIE: Created PIE world by copying editor world from /Game/StarterContent/Maps/Minimal_Default.Minimal_Default to /Game/StarterContent/Maps/UEDPIE_0_Minimal_Default.Minimal_Default (0.081320s)
[2019.02.12-06.45.27:867][217]LogInit: XAudio2 using 'Speakers (Realtek(R) Audio)' : 2 channels at 48 kHz using 32 bits per sample (channel mask 0x3)
[2019.02.12-06.45.27:884][217]LogInit: FAudioDevice initialized.
[2019.02.12-06.45.27:933][217]LogLoad: Game class is 'BP_HSPGameGameModeBase_C'
[2019.02.12-06.45.27:948][217]LogWorld: Bringing World /Game/StarterContent/Maps/UEDPIE_0_Minimal_Default.Minimal_Default up for play (max tick rate 0) at 2019.02.11-22.45.27
[2019.02.12-06.45.27:949][217]LogWorld: Bringing up level for play took: 0.013454
[2019.02.12-06.45.28:005][217]LogContentBrowser: Native class hierarchy updated for 'MovieSceneCapture' in 0.0007 seconds. Added 20 classes and 0 folders.
[2019.02.12-06.45.28:007][217]PIE: Play in editor start time for /Game/StarterContent/Maps/UEDPIE_0_Minimal_Default 1.238
[2019.02.12-06.45.28:008][217]LogBlueprintUserMessages: Late PlayInEditor Detection: Level '/Game/StarterContent/Maps/Minimal_Default.Minimal_Default:PersistentLevel' has LevelScriptBlueprint '/Game/StarterContent/Maps/Minimal_Default.Minimal_Default:PersistentLevel.Minimal_Default' with GeneratedClass '/Game/StarterContent/Maps/Minimal_Default.Minimal_Default_C' with ClassGeneratedBy '/Game/StarterContent/Maps/Minimal_Default.Minimal_Default:PersistentLevel.Minimal_Default'
[2019.02.12-06.45.34:590][991]LogBlueprintUserMessages: Early EndPlayMap Detection: Level '/Game/StarterContent/Maps/Minimal_Default.Minimal_Default:PersistentLevel' has LevelScriptBlueprint '/Game/StarterContent/Maps/Minimal_Default.Minimal_Default:PersistentLevel.Minimal_Default' with GeneratedClass '/Game/StarterContent/Maps/Minimal_Default.Minimal_Default_C' with ClassGeneratedBy '/Game/StarterContent/Maps/Minimal_Default.Minimal_Default:PersistentLevel.Minimal_Default'
[2019.02.12-06.45.34:590][991]LogSlate: Updating window title bar state: overlay mode, drag disabled, window buttons hidden, title bar hidden
[2019.02.12-06.45.34:635][991]LogPlayLevel: Display: Shutting down PIE online subsystems
[2019.02.12-06.45.34:635][991]LogBlueprintUserMessages: Late EndPlayMap Detection: Level '/Game/StarterContent/Maps/Minimal_Default.Minimal_Default:PersistentLevel' has LevelScriptBlueprint '/Game/StarterContent/Maps/Minimal_Default.Minimal_Default:PersistentLevel.Minimal_Default' with GeneratedClass '/Game/StarterContent/Maps/Minimal_Default.Minimal_Default_C' with ClassGeneratedBy '/Game/StarterContent/Maps/Minimal_Default.Minimal_Default:PersistentLevel.Minimal_Default'
[2019.02.12-06.45.34:655][991]LogSlate: Updating window title bar state: overlay mode, drag disabled, window buttons hidden, title bar hidden
[2019.02.12-06.45.34:709][993]LogPlayLevel: Display: Destroying online subsystem :Context_1
[2019.02.12-06.45.38:980][398]LogSlate: FSceneViewport::OnFocusLost() reason 0
[2019.02.12-06.45.39:382][446]LogSlate: Took 0.000118 seconds to synchronously load lazily loaded font '../../../Engine/Content/Slate/Fonts/Roboto-Light.ttf' (167K)
[2019.02.12-06.45.39:390][446]LogAssetEditorManager: Opening Asset editor for Blueprint /Game/Blueprints/BP_ProtagClass.BP_ProtagClass
[2019.02.12-06.45.39:701][446]LogContentBrowser: Native class hierarchy updated for 'BlueprintGraph' in 0.0005 seconds. Added 117 classes and 0 folders.
[2019.02.12-06.45.41:941][613]LogSlate: Window 'BP_ProtagClass' being destroyed
[2019.02.12-06.45.42:002][613]LogAssetEditorManager: Opening Asset editor for Blueprint /Game/Blueprints/BP_ProtagClass.BP_ProtagClass
[2019.02.12-06.45.42:221][613]LogSlate: Took 0.000158 seconds to synchronously load lazily loaded font '../../../Engine/Content/Slate/Fonts/Roboto-BoldCondensed.ttf' (158K)
[2019.02.12-06.45.43:397][724]LogRenderer: Reallocating scene render targets to support 1908x1024 Format 10 NumSamples 1 (Frame:1).
[2019.02.12-06.45.46:728][ 28]LogSlate: Took 0.000133 seconds to synchronously load lazily loaded font '../../../Engine/Content/Slate/Fonts/Roboto-Italic.ttf' (157K)
[2019.02.12-06.45.47:409][ 95]LogSlate: FSceneViewport::OnFocusLost() reason 0
[2019.02.12-06.45.52:489][631]LogSlate: FSceneViewport::OnFocusLost() reason 0
[2019.02.12-06.46.08:835][324]LogEditorTransaction: Undo Modify Component(s)
[2019.02.12-06.46.10:916][508]LogSlate: FSceneViewport::OnFocusLost() reason 0
[2019.02.12-06.46.15:961][ 32]LogEditorTransaction: Undo Modify Component(s)
[2019.02.12-06.46.16:118][ 44]LogEditorTransaction: Undo Modify Component(s)
[2019.02.12-06.46.16:265][ 54]LogEditorTransaction: Undo Reset to Default
[2019.02.12-06.46.17:845][212]LogSlate: FSceneViewport::OnFocusLost() reason 0
[2019.02.12-06.46.17:911][219]LogSlate: Window 'BP_ProtagClass' being destroyed
[2019.02.12-06.46.17:924][219]LogSlate: Window 'BP_ProtagClass' being destroyed
[2019.02.12-06.46.19:249][369]LogEditorViewport: Clicking on Actor (LMB): Landscape (Landscape2)
[2019.02.12-06.46.21:666][637]LogSlate: FSceneViewport::OnFocusLost() reason 0
[2019.02.12-06.46.21:821][646]LogSlate: Window 'HSPGame - Unreal Editor' being destroyed
[2019.02.12-06.46.21:822][646]LogWindowsTextInputMethodSystem: Display: IME system now deactivated.
[2019.02.12-06.46.22:015][647]Cmd: QUIT_EDITOR
[2019.02.12-06.46.22:391][647]LogExit: Preparing to exit.
[2019.02.12-06.46.23:160][647]LogExit: Editor shut down
[2019.02.12-06.46.23:160][647]LogExit: Transaction tracking system shut down
[2019.02.12-06.46.23:440][647]LogExit: Object subsystem successfully closed.
[2019.02.12-06.46.23:478][647]LogShaderCompilers: Display: Shaders left to compile 0
[2019.02.12-06.46.23:481][647]LogD3D11RHI: Shutdown
[2019.02.12-06.46.23:481][647]LogD3D11RHI: CleanupD3DDevice
[2019.02.12-06.46.23:483][647]LogD3D11RHI: ~FD3D11DynamicRHI
[2019.02.12-06.46.23:490][647]LogModuleManager: Shutting down and abandoning module BlueprintGraph (630)
[2019.02.12-06.46.23:490][647]LogModuleManager: Shutting down and abandoning module MovieSceneCapture (628)
[2019.02.12-06.46.23:490][647]LogModuleManager: Shutting down and abandoning module Voice (626)
[2019.02.12-06.46.23:490][647]LogModuleManager: Shutting down and abandoning module HierarchicalLODOutliner (624)
[2019.02.12-06.46.23:490][647]LogModuleManager: Shutting down and abandoning module SceneOutliner (622)
[2019.02.12-06.46.23:490][647]LogModuleManager: Shutting down and abandoning module AddContentDialog (620)
[2019.02.12-06.46.23:491][647]LogModuleManager: Shutting down and abandoning module WidgetCarousel (619)
[2019.02.12-06.46.23:491][647]LogModuleManager: Shutting down and abandoning module EditorWidgets (616)
[2019.02.12-06.46.23:491][647]LogModuleManager: Shutting down and abandoning module CollectionManager (614)
[2019.02.12-06.46.23:491][647]LogModuleManager: Shutting down and abandoning module StatsViewer (612)
[2019.02.12-06.46.23:491][647]LogModuleManager: Shutting down and abandoning module FoliageEdit (610)
[2019.02.12-06.46.23:491][647]LogModuleManager: Shutting down and abandoning module LandscapeEditor (608)
[2019.02.12-06.46.23:492][647]LogModuleManager: Shutting down and abandoning module MeshPaintMode (606)
[2019.02.12-06.46.23:492][647]LogModuleManager: Shutting down and abandoning module SceneDepthPickerMode (604)
[2019.02.12-06.46.23:492][647]LogModuleManager: Shutting down and abandoning module ActorPickerMode (602)
[2019.02.12-06.46.23:492][647]LogModuleManager: Shutting down and abandoning module GeometryMode (600)
[2019.02.12-06.46.23:492][647]LogModuleManager: Shutting down and abandoning module TextureAlignMode (598)
[2019.02.12-06.46.23:493][647]LogModuleManager: Shutting down and abandoning module BspMode (596)
[2019.02.12-06.46.23:493][647]LogModuleManager: Shutting down and abandoning module PIEPreviewDeviceProfileSelector (594)
[2019.02.12-06.46.23:493][647]LogModuleManager: Shutting down and abandoning module SequenceRecorderSections (592)
[2019.02.12-06.46.23:493][647]LogModuleManager: Shutting down and abandoning module AutomationWorker (590)
[2019.02.12-06.46.23:493][647]LogModuleManager: Shutting down and abandoning module AudioCaptureEditor (588)
[2019.02.12-06.46.23:493][647]LogModuleManager: Shutting down and abandoning module MatineeToLevelSequence (586)
[2019.02.12-06.46.23:493][647]LogModuleManager: Shutting down and abandoning module LevelSequenceEditor (584)
[2019.02.12-06.46.23:494][647]LogModuleManager: Shutting down and abandoning module PlacementMode (583)
[2019.02.12-06.46.23:494][647]LogModuleManager: Shutting down and abandoning module MaterialEditor (582)
[2019.02.12-06.46.23:494][647]LogModuleManager: Shutting down and abandoning module WmfMediaFactory (578)
[2019.02.12-06.46.23:494][647]LogModuleManager: Shutting down and abandoning module WmfMediaEditor (576)
[2019.02.12-06.46.23:494][647]LogModuleManager: Shutting down and abandoning module WebMMediaFactory (574)
[2019.02.12-06.46.23:494][647]LogModuleManager: Shutting down and abandoning module WebMMediaEditor (572)
[2019.02.12-06.46.23:495][647]LogModuleManager: Shutting down and abandoning module WebMMedia (570)
[2019.02.12-06.46.23:495][647]LogModuleManager: Shutting down and abandoning module MediaPlayerEditor (568)
[2019.02.12-06.46.23:495][647]LogModuleManager: Shutting down and abandoning module MediaCompositingEditor (566)
[2019.02.12-06.46.23:495][647]LogModuleManager: Shutting down and abandoning module SequenceRecorder (565)
[2019.02.12-06.46.23:495][647]LogModuleManager: Shutting down and abandoning module OpenExrWrapper (562)
[2019.02.12-06.46.23:495][647]LogModuleManager: Shutting down and abandoning module ImgMediaFactory (560)
[2019.02.12-06.46.23:496][647]LogModuleManager: Shutting down and abandoning module ImgMediaEditor (558)
[2019.02.12-06.46.23:496][647]LogModuleManager: Shutting down and abandoning module AvfMediaFactory (556)
[2019.02.12-06.46.23:496][647]LogModuleManager: Shutting down and abandoning module AvfMediaEditor (554)
[2019.02.12-06.46.23:496][647]LogModuleManager: Shutting down and abandoning module AndroidMediaFactory (552)
[2019.02.12-06.46.23:496][647]LogModuleManager: Shutting down and abandoning module AndroidMediaEditor (550)
[2019.02.12-06.46.23:496][647]LogModuleManager: Shutting down and abandoning module MagicLeapCameraPreviewFactory (548)
[2019.02.12-06.46.23:496][647]LogModuleManager: Shutting down and abandoning module MagicLeapMediaFactory (546)
[2019.02.12-06.46.23:497][647]LogModuleManager: Shutting down and abandoning module MagicLeapMediaEditor (544)
[2019.02.12-06.46.23:497][647]LogModuleManager: Shutting down and abandoning module CharacterAI (542)
[2019.02.12-06.46.23:497][647]LogModuleManager: Shutting down and abandoning module SmartSnapping (540)
[2019.02.12-06.46.23:497][647]LogModuleManager: Shutting down and abandoning module SessionServices (538)
[2019.02.12-06.46.23:497][647]LogModuleManager: Shutting down and abandoning module ViewportSnapping (536)
[2019.02.12-06.46.23:497][647]LogModuleManager: Shutting down and abandoning module ViewportInteraction (534)
[2019.02.12-06.46.23:497][647]LogModuleManager: Shutting down and abandoning module ClothPainter (532)
[2019.02.12-06.46.23:498][647]LogModuleManager: Shutting down and abandoning module SkeletalMeshEditor (531)
[2019.02.12-06.46.23:498][647]LogModuleManager: Shutting down and abandoning module LogVisualizer (528)
[2019.02.12-06.46.23:498][647]LogModuleManager: Shutting down and abandoning module IntroTutorials (526)
[2019.02.12-06.46.23:498][647]LogModuleManager: Shutting down and abandoning module GameProjectGeneration (525)
[2019.02.12-06.46.23:498][647]LogModuleManager: Shutting down and abandoning module LuminPlatformEditor (522)
[2019.02.12-06.46.23:499][647]LogModuleManager: Shutting down and abandoning module IOSPlatformEditor (520)
[2019.02.12-06.46.23:499][647]LogModuleManager: Shutting down and abandoning module HTML5PlatformEditor (518)
[2019.02.12-06.46.23:499][647]LogModuleManager: Shutting down and abandoning module AndroidPlatformEditor (516)
[2019.02.12-06.46.23:499][647]LogModuleManager: Shutting down and abandoning module AndroidDeviceDetection (515)
