Log file open, 02/13/19 20:36:38
LogWindows: Failed to load 'aqProf.dll' (GetLastError=126)
LogWindows: File 'aqProf.dll' does not exist
LogWindows: Failed to load 'VtuneApi.dll' (GetLastError=126)
LogWindows: File 'VtuneApi.dll' does not exist
LogWindows: Failed to load 'VtuneApi32e.dll' (GetLastError=126)
LogWindows: File 'VtuneApi32e.dll' does not exist
LogConsoleResponse: Display: Failed to find resolution value strings in scalability ini. Falling back to default.
LogInit: Display: Running engine for game: HSPGame
LogPakFile: Registered encryption key '00000000000000000000000000000000': 0 pak files mounted, 0 remain pending
LogPlatformFile: Not using cached read wrapper
LogTaskGraph: Started task graph with 5 named threads and 35 total threads with 3 sets of task threads.
LogStats: Stats thread started at 0.511505
LogD3D11RHI: Loaded GFSDK_Aftermath_Lib.x64.dll
LogICUInternationalization: ICU TimeZone Detection - Raw Offset: -8:00, Platform Override: ''
LogPluginManager: Mounting plugin Paper2D
LogPluginManager: Mounting plugin AISupport
LogPluginManager: Mounting plugin LightPropagationVolume
LogPluginManager: Mounting plugin ActorLayerUtilities
LogPluginManager: Mounting plugin CLionSourceCodeAccess
LogPluginManager: Mounting plugin CodeLiteSourceCodeAccess
LogPluginManager: Mounting plugin GitSourceControl
LogPluginManager: Mounting plugin KDevelopSourceCodeAccess
LogPluginManager: Mounting plugin NullSourceCodeAccess
LogPluginManager: Mounting plugin PerforceSourceControl
LogPluginManager: Mounting plugin SubversionSourceControl
LogPluginManager: Mounting plugin UObjectPlugin
LogPluginManager: Mounting plugin VisualStudioCodeSourceCodeAccess
LogPluginManager: Mounting plugin VisualStudioSourceCodeAccess
LogPluginManager: Mounting plugin XCodeSourceCodeAccess
LogPluginManager: Mounting plugin AssetManagerEditor
LogPluginManager: Mounting plugin CryptoKeys
LogPluginManager: Mounting plugin DataValidation
LogPluginManager: Mounting plugin FacialAnimation
LogPluginManager: Mounting plugin GameplayTagsEditor
LogPluginManager: Mounting plugin MacGraphicsSwitching
LogPluginManager: Mounting plugin MeshEditor
LogPluginManager: Mounting plugin MobileLauncherProfileWizard
LogPluginManager: Mounting plugin PluginBrowser
LogPluginManager: Mounting plugin SpeedTreeImporter
LogPluginManager: Mounting plugin DatasmithContent
LogPluginManager: Mounting plugin VariantManagerContent
LogPluginManager: Mounting plugin AlembicImporter
LogPluginManager: Mounting plugin AppleImageUtils
LogPluginManager: Mounting plugin AppleVision
LogPluginManager: Mounting plugin BackChannel
LogPluginManager: Mounting plugin CharacterAI
LogPluginManager: Mounting plugin GeometryCache
LogPluginManager: Mounting plugin HTML5Networking
LogPluginManager: Mounting plugin ProxyLODPlugin
LogPluginManager: Mounting plugin MagicLeap
LogPluginManager: Mounting plugin MagicLeapMedia
LogPluginManager: Mounting plugin AndroidMedia
LogPluginManager: Mounting plugin AvfMedia
LogPluginManager: Mounting plugin ImgMedia
LogPluginManager: Mounting plugin LinearTimecode
LogPluginManager: Mounting plugin MediaCompositing
LogPluginManager: Mounting plugin MediaPlayerEditor
LogPluginManager: Mounting plugin WebMMedia
LogPluginManager: Mounting plugin WmfMedia
LogPluginManager: Mounting plugin TcpMessaging
LogPluginManager: Mounting plugin UdpMessaging
LogPluginManager: Mounting plugin ActorSequence
LogPluginManager: Mounting plugin LevelSequenceEditor
LogPluginManager: Mounting plugin MatineeToLevelSequence
LogPluginManager: Mounting plugin NetcodeUnitTest
LogPluginManager: Mounting plugin NUTUnrealEngine4
LogPluginManager: Mounting plugin OnlineSubsystemGooglePlay
LogPluginManager: Mounting plugin OnlineSubsystemIOS
LogPluginManager: Mounting plugin OnlineSubsystem
LogPluginManager: Mounting plugin OnlineSubsystemNull
LogPluginManager: Mounting plugin OnlineSubsystemUtils
LogPluginManager: Mounting plugin LauncherChunkInstaller
LogPluginManager: Mounting plugin AndroidDeviceProfileSelector
LogPluginManager: Mounting plugin AndroidMoviePlayer
LogPluginManager: Mounting plugin AndroidPermission
LogPluginManager: Mounting plugin AppleMoviePlayer
LogPluginManager: Mounting plugin ArchVisCharacter
LogPluginManager: Mounting plugin AudioCapture
LogPluginManager: Mounting plugin CableComponent
LogPluginManager: Mounting plugin CustomMeshComponent
LogPluginManager: Mounting plugin EditableMesh
LogPluginManager: Mounting plugin ExampleDeviceProfileSelector
LogPluginManager: Mounting plugin Firebase
LogPluginManager: Mounting plugin GoogleCloudMessaging
LogPluginManager: Mounting plugin IOSDeviceProfileSelector
LogPluginManager: Mounting plugin LinuxDeviceProfileSelector
LogPluginManager: Mounting plugin LocationServicesBPLibrary
LogPluginManager: Mounting plugin MobilePatchingUtils
LogPluginManager: Mounting plugin OculusVR
LogPluginManager: Mounting plugin PhysXVehicles
LogPluginManager: Mounting plugin ProceduralMeshComponent
LogPluginManager: Mounting plugin RuntimePhysXCooking
LogPluginManager: Mounting plugin SteamVR
LogPluginManager: Mounting plugin WebMMoviePlayer
LogPluginManager: Mounting plugin WindowsMoviePlayer
LogStreaming: Display: Took  0.083s to configure plugins.
LogInit: Using libcurl 7.55.1-DEV
LogInit:  - built for x86_64-pc-win32
LogInit:  - supports SSL with OpenSSL/1.0.2h
LogInit:  - supports HTTP deflate (compression) using libz 1.2.8
LogInit:  - other features:
LogInit:      CURL_VERSION_SSL
LogInit:      CURL_VERSION_LIBZ
LogInit:      CURL_VERSION_IPV6
LogInit:      CURL_VERSION_ASYNCHDNS
LogInit:      CURL_VERSION_LARGEFILE
LogInit:      CURL_VERSION_IDN
LogInit:  CurlRequestOptions (configurable via config and command line):
LogInit:  - bVerifyPeer = true  - Libcurl will verify peer certificate
LogInit:  - bUseHttpProxy = false  - Libcurl will NOT use HTTP proxy
LogInit:  - bDontReuseConnections = false  - Libcurl will reuse connections
LogInit:  - MaxHostConnections = 16  - Libcurl will limit the number of connections to a host
LogInit:  - LocalHostAddr = Default
LogInit:  - BufferSize = 65536
LogInit: WinSock: version 1.1 (2.2), MaxSocks=32767, MaxUdp=65467
LogInit: Build: ++UE4+Release-4.21-CL-4753647
LogInit: Engine Version: 4.21.2-4753647+++UE4+Release-4.21
LogInit: Compatible Engine Version: 4.21.0-4541578+++UE4+Release-4.21
LogInit: Net CL: 4541578
LogInit: OS: Windows 10 (), CPU: Intel(R) Core(TM) i7-8750H CPU @ 2.20GHz, GPU: Intel(R) UHD Graphics 630
LogInit: Compiled (64-bit): Jan 19 2019 02:07:31
LogInit: Compiled with Visual C++: 19.13.26129.00
LogInit: Build Configuration: Development
LogInit: Branch Name: ++UE4+Release-4.21
LogInit: Command Line:  -skipcompile
LogInit: Base Directory: C:/Program Files/Epic Games/UE_4.21/Engine/Binaries/Win64/
LogInit: Installed Engine Build: 1
LogDevObjectVersion: Number of dev versions registered: 22
LogDevObjectVersion:   Dev-Blueprints (B0D832E4-1F89-4F0D-ACCF-7EB736FD4AA2): 10
LogDevObjectVersion:   Dev-Build (E1C64328-A22C-4D53-A36C-8E866417BD8C): 0
LogDevObjectVersion:   Dev-Core (375EC13C-06E4-48FB-B500-84F0262A717E): 2
LogDevObjectVersion:   Dev-Editor (E4B068ED-F494-42E9-A231-DA0B2E46BB41): 26
LogDevObjectVersion:   Dev-Framework (CFFC743F-43B0-4480-9391-14DF171D2073): 34
LogDevObjectVersion:   Dev-Mobile (B02B49B5-BB20-44E9-A304-32B752E40360): 2
LogDevObjectVersion:   Dev-Networking (A4E4105C-59A1-49B5-A7C5-40C4547EDFEE): 0
LogDevObjectVersion:   Dev-Online (39C831C9-5AE6-47DC-9A44-9C173E1C8E7C): 0
LogDevObjectVersion:   Dev-Physics (78F01B33-EBEA-4F98-B9B4-84EACCB95AA2): 0
LogDevObjectVersion:   Dev-Platform (6631380F-2D4D-43E0-8009-CF276956A95A): 0
LogDevObjectVersion:   Dev-Rendering (12F88B9F-8875-4AFC-A67C-D90C383ABD29): 27
LogDevObjectVersion:   Dev-Sequencer (7B5AE74C-D270-4C10-A958-57980B212A5A): 9
LogDevObjectVersion:   Dev-VR (D7296918-1DD6-4BDD-9DE2-64A83CC13884): 2
LogDevObjectVersion:   Dev-LoadTimes (C2A15278-BFE7-4AFE-6C17-90FF531DF755): 1
LogDevObjectVersion:   Private-Geometry (6EACA3D4-40EC-4CC1-B786-8BED09428FC5): 3
LogDevObjectVersion:   Dev-AnimPhys (29E575DD-E0A3-4627-9D10-D276232CDCEA): 17
LogDevObjectVersion:   Dev-Anim (AF43A65D-7FD3-4947-9873-3E8ED9C1BB05): 2
LogDevObjectVersion:   Dev-ReflectionCapture (6B266CEC-1EC7-4B8F-A30B-E4D90942FC07): 1
LogDevObjectVersion:   Dev-Automation (0DF73D61-A23F-47EA-B727-89E90C41499A): 1
LogDevObjectVersion:   FortniteMain (601D1886-AC64-4F84-AA16-D3DE0DEAC7D6): 17
LogDevObjectVersion:   Dev-Enterprise (9DFFBCD6-494F-0158-E221-12823C92A888): 4
LogDevObjectVersion:   Dev-Niagara (F2AED0AC-9AFE-416F-8664-AA7FFA26D6FC): 1
LogStreaming: Display: Took  0.003s to delete old logs.
LogInit: Presizing for max 8388607 objects, including 0 objects not considered by GC, pre-allocating 0 bytes for permanent pool.
LogInit: Object subsystem initialized
LogConfig: Setting CVar [[con.DebugEarlyDefault:1]]
LogConfig: Setting CVar [[r.setres:1280x720]]
[2019.02.14-04.36.38:499][  0]LogConfig: Setting CVar [[r.VSync:0]]
[2019.02.14-04.36.38:499][  0]LogConfig: Setting CVar [[r.RHICmdBypass:0]]
[2019.02.14-04.36.38:499][  0]LogConfig: Applying CVar settings from Section [/Script/Engine.RendererSettings] File [C:/Users/Connor/Documents/CP-School/Senior Project/GitRepos/Senior-Project-CPP-Testground/HSPGame/Saved/Config/Windows/Engine.ini]
[2019.02.14-04.36.38:499][  0]LogConfig: Setting CVar [[r.GPUCrashDebugging:0]]
[2019.02.14-04.36.38:499][  0]LogConfig: Applying CVar settings from Section [/Script/Engine.RendererOverrideSettings] File [C:/Users/Connor/Documents/CP-School/Senior Project/GitRepos/Senior-Project-CPP-Testground/HSPGame/Saved/Config/Windows/Engine.ini]
[2019.02.14-04.36.38:499][  0]LogConfig: Applying CVar settings from Section [/Script/Engine.StreamingSettings] File [C:/Users/Connor/Documents/CP-School/Senior Project/GitRepos/Senior-Project-CPP-Testground/HSPGame/Saved/Config/Windows/Engine.ini]
[2019.02.14-04.36.38:499][  0]LogConfig: Setting CVar [[s.MinBulkDataSizeForAsyncLoading:131072]]
[2019.02.14-04.36.38:499][  0]LogConfig: Setting CVar [[s.AsyncLoadingThreadEnabled:0]]
[2019.02.14-04.36.38:499][  0]LogConfig: Setting CVar [[s.EventDrivenLoaderEnabled:1]]
[2019.02.14-04.36.38:500][  0]LogConfig: Setting CVar [[s.WarnIfTimeLimitExceeded:0]]
[2019.02.14-04.36.38:500][  0]LogConfig: Setting CVar [[s.TimeLimitExceededMultiplier:1.5]]
[2019.02.14-04.36.38:500][  0]LogConfig: Setting CVar [[s.TimeLimitExceededMinTime:0.005]]
[2019.02.14-04.36.38:500][  0]LogConfig: Setting CVar [[s.UseBackgroundLevelStreaming:1]]
[2019.02.14-04.36.38:500][  0]LogConfig: Setting CVar [[s.PriorityAsyncLoadingExtraTime:15.0]]
[2019.02.14-04.36.38:500][  0]LogConfig: Setting CVar [[s.LevelStreamingActorsUpdateTimeLimit:5.0]]
[2019.02.14-04.36.38:500][  0]LogConfig: Setting CVar [[s.PriorityLevelStreamingActorsUpdateExtraTime:5.0]]
[2019.02.14-04.36.38:500][  0]LogConfig: Setting CVar [[s.LevelStreamingComponentsRegistrationGranularity:10]]
[2019.02.14-04.36.38:500][  0]LogConfig: Setting CVar [[s.UnregisterComponentsTimeLimit:1.0]]
[2019.02.14-04.36.38:500][  0]LogConfig: Setting CVar [[s.LevelStreamingComponentsUnregistrationGranularity:5]]
[2019.02.14-04.36.38:500][  0]LogConfig: Applying CVar settings from Section [/Script/Engine.GarbageCollectionSettings] File [C:/Users/Connor/Documents/CP-School/Senior Project/GitRepos/Senior-Project-CPP-Testground/HSPGame/Saved/Config/Windows/Engine.ini]
[2019.02.14-04.36.38:500][  0]LogConfig: Setting CVar [[gc.MaxObjectsNotConsideredByGC:1]]
[2019.02.14-04.36.38:500][  0]LogConfig: Setting CVar [[gc.SizeOfPermanentObjectPool:0]]
[2019.02.14-04.36.38:500][  0]LogConfig: Setting CVar [[gc.FlushStreamingOnGC:0]]
[2019.02.14-04.36.38:500][  0]LogConfig: Setting CVar [[gc.NumRetriesBeforeForcingGC:10]]
[2019.02.14-04.36.38:500][  0]LogConfig: Setting CVar [[gc.AllowParallelGC:1]]
[2019.02.14-04.36.38:500][  0]LogConfig: Setting CVar [[gc.TimeBetweenPurgingPendingKillObjects:61.1]]
[2019.02.14-04.36.38:501][  0]LogConfig: Setting CVar [[gc.MaxObjectsInEditor:8388607]]
[2019.02.14-04.36.38:501][  0]LogConfig: Setting CVar [[gc.IncrementalBeginDestroyEnabled:1]]
[2019.02.14-04.36.38:501][  0]LogConfig: Setting CVar [[gc.CreateGCClusters:1]]
[2019.02.14-04.36.38:501][  0]LogConfig: Setting CVar [[gc.MergeGCClusters:0]]
[2019.02.14-04.36.38:501][  0]LogConfig: Setting CVar [[gc.MinGCClusterSize:5]]
[2019.02.14-04.36.38:501][  0]LogConfig: Setting CVar [[gc.ActorClusteringEnabled:0]]
[2019.02.14-04.36.38:501][  0]LogConfig: Setting CVar [[gc.BlueprintClusteringEnabled:0]]
[2019.02.14-04.36.38:501][  0]LogConfig: Setting CVar [[gc.UseDisregardForGCOnDedicatedServers:0]]
[2019.02.14-04.36.38:501][  0]LogConfig: Applying CVar settings from Section [/Script/Engine.NetworkSettings] File [C:/Users/Connor/Documents/CP-School/Senior Project/GitRepos/Senior-Project-CPP-Testground/HSPGame/Saved/Config/Windows/Engine.ini]
[2019.02.14-04.36.38:501][  0]LogConfig: Applying CVar settings from Section [/Script/UnrealEd.CookerSettings] File [C:/Users/Connor/Documents/CP-School/Senior Project/GitRepos/Senior-Project-CPP-Testground/HSPGame/Saved/Config/Windows/Engine.ini]
[2019.02.14-04.36.38:508][  0]LogConfig: Applying CVar settings from Section [ViewDistanceQuality@3] File [C:/Users/Connor/Documents/CP-School/Senior Project/GitRepos/Senior-Project-CPP-Testground/HSPGame/Saved/Config/Windows/Scalability.ini]
[2019.02.14-04.36.38:508][  0]LogConfig: Setting CVar [[r.SkeletalMeshLODBias:0]]
[2019.02.14-04.36.38:508][  0]LogConfig: Setting CVar [[r.ViewDistanceScale:1.0]]
[2019.02.14-04.36.38:508][  0]LogConfig: Applying CVar settings from Section [AntiAliasingQuality@3] File [C:/Users/Connor/Documents/CP-School/Senior Project/GitRepos/Senior-Project-CPP-Testground/HSPGame/Saved/Config/Windows/Scalability.ini]
[2019.02.14-04.36.38:508][  0]LogConfig: Setting CVar [[r.PostProcessAAQuality:4]]
[2019.02.14-04.36.38:508][  0]LogConfig: Applying CVar settings from Section [ShadowQuality@3] File [C:/Users/Connor/Documents/CP-School/Senior Project/GitRepos/Senior-Project-CPP-Testground/HSPGame/Saved/Config/Windows/Scalability.ini]
[2019.02.14-04.36.38:508][  0]LogConfig: Setting CVar [[r.LightFunctionQuality:1]]
[2019.02.14-04.36.38:508][  0]LogConfig: Setting CVar [[r.ShadowQuality:5]]
[2019.02.14-04.36.38:508][  0]LogConfig: Setting CVar [[r.Shadow.CSM.MaxCascades:10]]
[2019.02.14-04.36.38:508][  0]LogConfig: Setting CVar [[r.Shadow.MaxResolution:2048]]
[2019.02.14-04.36.38:509][  0]LogConfig: Setting CVar [[r.Shadow.MaxCSMResolution:2048]]
[2019.02.14-04.36.38:509][  0]LogConfig: Setting CVar [[r.Shadow.RadiusThreshold:0.01]]
[2019.02.14-04.36.38:509][  0]LogConfig: Setting CVar [[r.Shadow.DistanceScale:1.0]]
[2019.02.14-04.36.38:509][  0]LogConfig: Setting CVar [[r.Shadow.CSM.TransitionScale:1.0]]
[2019.02.14-04.36.38:509][  0]LogConfig: Setting CVar [[r.Shadow.PreShadowResolutionFactor:1.0]]
[2019.02.14-04.36.38:509][  0]LogConfig: Setting CVar [[r.DistanceFieldShadowing:1]]
[2019.02.14-04.36.38:509][  0]LogConfig: Setting CVar [[r.DistanceFieldAO:1]]
[2019.02.14-04.36.38:509][  0]LogConfig: Setting CVar [[r.AOQuality:2]]
[2019.02.14-04.36.38:509][  0]LogConfig: Setting CVar [[r.VolumetricFog:1]]
[2019.02.14-04.36.38:509][  0]LogConfig: Setting CVar [[r.VolumetricFog.GridPixelSize:8]]
[2019.02.14-04.36.38:509][  0]LogConfig: Setting CVar [[r.VolumetricFog.GridSizeZ:128]]
[2019.02.14-04.36.38:509][  0]LogConfig: Setting CVar [[r.VolumetricFog.HistoryMissSupersampleCount:4]]
[2019.02.14-04.36.38:509][  0]LogConfig: Setting CVar [[r.LightMaxDrawDistanceScale:1]]
[2019.02.14-04.36.38:509][  0]LogConfig: Setting CVar [[r.CapsuleShadows:1]]
[2019.02.14-04.36.38:509][  0]LogConfig: Applying CVar settings from Section [PostProcessQuality@3] File [C:/Users/Connor/Documents/CP-School/Senior Project/GitRepos/Senior-Project-CPP-Testground/HSPGame/Saved/Config/Windows/Scalability.ini]
[2019.02.14-04.36.38:509][  0]LogConfig: Setting CVar [[r.MotionBlurQuality:4]]
[2019.02.14-04.36.38:510][  0]LogConfig: Setting CVar [[r.AmbientOcclusionMipLevelFactor:0.4]]
[2019.02.14-04.36.38:510][  0]LogConfig: Setting CVar [[r.AmbientOcclusionMaxQuality:100]]
[2019.02.14-04.36.38:510][  0]LogConfig: Setting CVar [[r.AmbientOcclusionLevels:-1]]
[2019.02.14-04.36.38:510][  0]LogConfig: Setting CVar [[r.AmbientOcclusionRadiusScale:1.0]]
[2019.02.14-04.36.38:510][  0]LogConfig: Setting CVar [[r.DepthOfFieldQuality:2]]
[2019.02.14-04.36.38:510][  0]LogConfig: Setting CVar [[r.RenderTargetPoolMin:400]]
[2019.02.14-04.36.38:510][  0]LogConfig: Setting CVar [[r.LensFlareQuality:2]]
[2019.02.14-04.36.38:510][  0]LogConfig: Setting CVar [[r.SceneColorFringeQuality:1]]
[2019.02.14-04.36.38:510][  0]LogConfig: Setting CVar [[r.EyeAdaptationQuality:2]]
[2019.02.14-04.36.38:510][  0]LogConfig: Setting CVar [[r.BloomQuality:5]]
[2019.02.14-04.36.38:510][  0]LogConfig: Setting CVar [[r.FastBlurThreshold:100]]
[2019.02.14-04.36.38:510][  0]LogConfig: Setting CVar [[r.Upscale.Quality:3]]
[2019.02.14-04.36.38:510][  0]LogConfig: Setting CVar [[r.Tonemapper.GrainQuantization:1]]
[2019.02.14-04.36.38:510][  0]LogConfig: Setting CVar [[r.LightShaftQuality:1]]
[2019.02.14-04.36.38:510][  0]LogConfig: Setting CVar [[r.Filter.SizeScale:1]]
[2019.02.14-04.36.38:510][  0]LogConfig: Setting CVar [[r.Tonemapper.Quality:5]]
[2019.02.14-04.36.38:510][  0]LogConfig: Setting CVar [[r.DOF.Gather.AccumulatorQuality:1        ; higher gathering accumulator quality]]
[2019.02.14-04.36.38:510][  0]LogConfig: Setting CVar [[r.DOF.Gather.PostfilterMethod:1          ; Median3x3 postfilering method]]
[2019.02.14-04.36.38:510][  0]LogConfig: Setting CVar [[r.DOF.Gather.EnableBokehSettings:0       ; no bokeh simulation when gathering]]
[2019.02.14-04.36.38:511][  0]LogConfig: Setting CVar [[r.DOF.Gather.RingCount:4                 ; medium number of samples when gathering]]
[2019.02.14-04.36.38:511][  0]LogConfig: Setting CVar [[r.DOF.Scatter.ForegroundCompositing:1    ; additive foreground scattering]]
[2019.02.14-04.36.38:511][  0]LogConfig: Setting CVar [[r.DOF.Scatter.BackgroundCompositing:2    ; additive background scattering]]
[2019.02.14-04.36.38:511][  0]LogConfig: Setting CVar [[r.DOF.Scatter.EnableBokehSettings:1      ; bokeh simulation when scattering]]
[2019.02.14-04.36.38:511][  0]LogConfig: Setting CVar [[r.DOF.Scatter.MaxSpriteRatio:0.1         ; only a maximum of 10% of scattered bokeh]]
[2019.02.14-04.36.38:511][  0]LogConfig: Setting CVar [[r.DOF.Recombine.Quality:1                ; cheap slight out of focus]]
[2019.02.14-04.36.38:511][  0]LogConfig: Setting CVar [[r.DOF.Recombine.EnableBokehSettings:0    ; no bokeh simulation on slight out of focus]]
[2019.02.14-04.36.38:511][  0]LogConfig: Setting CVar [[r.DOF.TemporalAAQuality:1                ; more stable temporal accumulation]]
[2019.02.14-04.36.38:511][  0]LogConfig: Setting CVar [[r.DOF.Kernel.MaxForegroundRadius:0.025]]
[2019.02.14-04.36.38:511][  0]LogConfig: Setting CVar [[r.DOF.Kernel.MaxBackgroundRadius:0.025]]
[2019.02.14-04.36.38:511][  0]LogConfig: Applying CVar settings from Section [TextureQuality@3] File [C:/Users/Connor/Documents/CP-School/Senior Project/GitRepos/Senior-Project-CPP-Testground/HSPGame/Saved/Config/Windows/Scalability.ini]
[2019.02.14-04.36.38:511][  0]LogConfig: Setting CVar [[r.Streaming.MipBias:0]]
[2019.02.14-04.36.38:511][  0]LogConfig: Setting CVar [[r.Streaming.AmortizeCPUToGPUCopy:0]]
[2019.02.14-04.36.38:511][  0]LogConfig: Setting CVar [[r.Streaming.MaxNumTexturesToStreamPerFrame:0]]
[2019.02.14-04.36.38:511][  0]LogConfig: Setting CVar [[r.Streaming.Boost:1]]
[2019.02.14-04.36.38:511][  0]LogConfig: Setting CVar [[r.MaxAnisotropy:8]]
[2019.02.14-04.36.38:511][  0]LogConfig: Setting CVar [[r.Streaming.LimitPoolSizeToVRAM:0]]
[2019.02.14-04.36.38:511][  0]LogConfig: Setting CVar [[r.Streaming.PoolSize:1000]]
[2019.02.14-04.36.38:511][  0]LogConfig: Setting CVar [[r.Streaming.MaxEffectiveScreenSize:0]]
[2019.02.14-04.36.38:511][  0]LogConfig: Applying CVar settings from Section [EffectsQuality@3] File [C:/Users/Connor/Documents/CP-School/Senior Project/GitRepos/Senior-Project-CPP-Testground/HSPGame/Saved/Config/Windows/Scalability.ini]
[2019.02.14-04.36.38:512][  0]LogConfig: Setting CVar [[r.TranslucencyLightingVolumeDim:64]]
[2019.02.14-04.36.38:512][  0]LogConfig: Setting CVar [[r.RefractionQuality:2]]
[2019.02.14-04.36.38:512][  0]LogConfig: Setting CVar [[r.SSR.Quality:3]]
[2019.02.14-04.36.38:512][  0]LogConfig: Setting CVar [[r.SceneColorFormat:4]]
[2019.02.14-04.36.38:512][  0]LogConfig: Setting CVar [[r.DetailMode:2]]
[2019.02.14-04.36.38:512][  0]LogConfig: Setting CVar [[r.TranslucencyVolumeBlur:1]]
[2019.02.14-04.36.38:512][  0]LogConfig: Setting CVar [[r.MaterialQualityLevel:1 ; High quality]]
[2019.02.14-04.36.38:512][  0]LogConfig: Setting CVar [[r.SSS.Scale:1]]
[2019.02.14-04.36.38:512][  0]LogConfig: Setting CVar [[r.SSS.SampleSet:2]]
[2019.02.14-04.36.38:512][  0]LogConfig: Setting CVar [[r.SSS.Quality:1]]
[2019.02.14-04.36.38:512][  0]LogConfig: Setting CVar [[r.SSS.HalfRes:1]]
[2019.02.14-04.36.38:512][  0]LogConfig: Setting CVar [[r.EmitterSpawnRateScale:1.0]]
[2019.02.14-04.36.38:512][  0]LogConfig: Setting CVar [[r.ParticleLightQuality:2]]
[2019.02.14-04.36.38:512][  0]LogConfig: Applying CVar settings from Section [FoliageQuality@3] File [C:/Users/Connor/Documents/CP-School/Senior Project/GitRepos/Senior-Project-CPP-Testground/HSPGame/Saved/Config/Windows/Scalability.ini]
[2019.02.14-04.36.38:512][  0]LogConfig: Setting CVar [[foliage.DensityScale:1.0]]
[2019.02.14-04.36.38:512][  0]LogConfig: Setting CVar [[grass.DensityScale:1.0]]
[2019.02.14-04.36.38:512][  0]LogInit: Selected Device Profile: [Windows]
[2019.02.14-04.36.38:513][  0]LogInit: Applying CVar settings loaded from the selected device profile: [Windows]
[2019.02.14-04.36.38:524][  0]LogHAL: Display: Platform has ~ 16 GB [17015799808 / 17179869184 / 16], which maps to Larger [LargestMinGB=32, LargerMinGB=12, DefaultMinGB=8, SmallerMinGB=6, SmallestMinGB=0)
[2019.02.14-04.36.38:524][  0]LogConfig: Setting CVar [[r.Vulkan.UseRealUBs:1]]
[2019.02.14-04.36.38:524][  0]LogInit: Going up to parent DeviceProfile []
[2019.02.14-04.36.38:524][  0]LogConfig: Applying CVar settings from Section [ViewDistanceQuality@3] File [C:/Users/Connor/Documents/CP-School/Senior Project/GitRepos/Senior-Project-CPP-Testground/HSPGame/Saved/Config/Windows/Scalability.ini]
[2019.02.14-04.36.38:524][  0]LogConfig: Setting CVar [[r.SkeletalMeshLODBias:0]]
[2019.02.14-04.36.38:524][  0]LogConfig: Setting CVar [[r.ViewDistanceScale:1.0]]
[2019.02.14-04.36.38:524][  0]LogConfig: Applying CVar settings from Section [AntiAliasingQuality@3] File [C:/Users/Connor/Documents/CP-School/Senior Project/GitRepos/Senior-Project-CPP-Testground/HSPGame/Saved/Config/Windows/Scalability.ini]
[2019.02.14-04.36.38:524][  0]LogConfig: Setting CVar [[r.PostProcessAAQuality:4]]
[2019.02.14-04.36.38:524][  0]LogConfig: Applying CVar settings from Section [ShadowQuality@3] File [C:/Users/Connor/Documents/CP-School/Senior Project/GitRepos/Senior-Project-CPP-Testground/HSPGame/Saved/Config/Windows/Scalability.ini]
[2019.02.14-04.36.38:524][  0]LogConfig: Setting CVar [[r.LightFunctionQuality:1]]
[2019.02.14-04.36.38:524][  0]LogConfig: Setting CVar [[r.ShadowQuality:5]]
[2019.02.14-04.36.38:524][  0]LogConfig: Setting CVar [[r.Shadow.CSM.MaxCascades:10]]
[2019.02.14-04.36.38:524][  0]LogConfig: Setting CVar [[r.Shadow.MaxResolution:2048]]
[2019.02.14-04.36.38:524][  0]LogConfig: Setting CVar [[r.Shadow.MaxCSMResolution:2048]]
[2019.02.14-04.36.38:524][  0]LogConfig: Setting CVar [[r.Shadow.RadiusThreshold:0.01]]
[2019.02.14-04.36.38:524][  0]LogConfig: Setting CVar [[r.Shadow.DistanceScale:1.0]]
[2019.02.14-04.36.38:524][  0]LogConfig: Setting CVar [[r.Shadow.CSM.TransitionScale:1.0]]
[2019.02.14-04.36.38:524][  0]LogConfig: Setting CVar [[r.Shadow.PreShadowResolutionFactor:1.0]]
[2019.02.14-04.36.38:524][  0]LogConfig: Setting CVar [[r.DistanceFieldShadowing:1]]
[2019.02.14-04.36.38:524][  0]LogConfig: Setting CVar [[r.DistanceFieldAO:1]]
[2019.02.14-04.36.38:524][  0]LogConfig: Setting CVar [[r.AOQuality:2]]
[2019.02.14-04.36.38:524][  0]LogConfig: Setting CVar [[r.VolumetricFog:1]]
[2019.02.14-04.36.38:525][  0]LogConfig: Setting CVar [[r.VolumetricFog.GridPixelSize:8]]
[2019.02.14-04.36.38:525][  0]LogConfig: Setting CVar [[r.VolumetricFog.GridSizeZ:128]]
[2019.02.14-04.36.38:525][  0]LogConfig: Setting CVar [[r.VolumetricFog.HistoryMissSupersampleCount:4]]
[2019.02.14-04.36.38:525][  0]LogConfig: Setting CVar [[r.LightMaxDrawDistanceScale:1]]
[2019.02.14-04.36.38:525][  0]LogConfig: Setting CVar [[r.CapsuleShadows:1]]
[2019.02.14-04.36.38:525][  0]LogConfig: Applying CVar settings from Section [PostProcessQuality@3] File [C:/Users/Connor/Documents/CP-School/Senior Project/GitRepos/Senior-Project-CPP-Testground/HSPGame/Saved/Config/Windows/Scalability.ini]
[2019.02.14-04.36.38:525][  0]LogConfig: Setting CVar [[r.MotionBlurQuality:4]]
[2019.02.14-04.36.38:525][  0]LogConfig: Setting CVar [[r.AmbientOcclusionMipLevelFactor:0.4]]
[2019.02.14-04.36.38:525][  0]LogConfig: Setting CVar [[r.AmbientOcclusionMaxQuality:100]]
[2019.02.14-04.36.38:525][  0]LogConfig: Setting CVar [[r.AmbientOcclusionLevels:-1]]
[2019.02.14-04.36.38:525][  0]LogConfig: Setting CVar [[r.AmbientOcclusionRadiusScale:1.0]]
[2019.02.14-04.36.38:525][  0]LogConfig: Setting CVar [[r.DepthOfFieldQuality:2]]
[2019.02.14-04.36.38:525][  0]LogConfig: Setting CVar [[r.RenderTargetPoolMin:400]]
[2019.02.14-04.36.38:525][  0]LogConfig: Setting CVar [[r.LensFlareQuality:2]]
[2019.02.14-04.36.38:525][  0]LogConfig: Setting CVar [[r.SceneColorFringeQuality:1]]
[2019.02.14-04.36.38:525][  0]LogConfig: Setting CVar [[r.EyeAdaptationQuality:2]]
[2019.02.14-04.36.38:525][  0]LogConfig: Setting CVar [[r.BloomQuality:5]]
[2019.02.14-04.36.38:525][  0]LogConfig: Setting CVar [[r.FastBlurThreshold:100]]
[2019.02.14-04.36.38:525][  0]LogConfig: Setting CVar [[r.Upscale.Quality:3]]
[2019.02.14-04.36.38:525][  0]LogConfig: Setting CVar [[r.Tonemapper.GrainQuantization:1]]
[2019.02.14-04.36.38:525][  0]LogConfig: Setting CVar [[r.LightShaftQuality:1]]
[2019.02.14-04.36.38:525][  0]LogConfig: Setting CVar [[r.Filter.SizeScale:1]]
[2019.02.14-04.36.38:526][  0]LogConfig: Setting CVar [[r.Tonemapper.Quality:5]]
[2019.02.14-04.36.38:526][  0]LogConfig: Setting CVar [[r.DOF.Gather.AccumulatorQuality:1        ; higher gathering accumulator quality]]
[2019.02.14-04.36.38:526][  0]LogConfig: Setting CVar [[r.DOF.Gather.PostfilterMethod:1          ; Median3x3 postfilering method]]
[2019.02.14-04.36.38:526][  0]LogConfig: Setting CVar [[r.DOF.Gather.EnableBokehSettings:0       ; no bokeh simulation when gathering]]
[2019.02.14-04.36.38:526][  0]LogConfig: Setting CVar [[r.DOF.Gather.RingCount:4                 ; medium number of samples when gathering]]
[2019.02.14-04.36.38:526][  0]LogConfig: Setting CVar [[r.DOF.Scatter.ForegroundCompositing:1    ; additive foreground scattering]]
[2019.02.14-04.36.38:526][  0]LogConfig: Setting CVar [[r.DOF.Scatter.BackgroundCompositing:2    ; additive background scattering]]
[2019.02.14-04.36.38:526][  0]LogConfig: Setting CVar [[r.DOF.Scatter.EnableBokehSettings:1      ; bokeh simulation when scattering]]
[2019.02.14-04.36.38:526][  0]LogConfig: Setting CVar [[r.DOF.Scatter.MaxSpriteRatio:0.1         ; only a maximum of 10% of scattered bokeh]]
[2019.02.14-04.36.38:526][  0]LogConfig: Setting CVar [[r.DOF.Recombine.Quality:1                ; cheap slight out of focus]]
[2019.02.14-04.36.38:526][  0]LogConfig: Setting CVar [[r.DOF.Recombine.EnableBokehSettings:0    ; no bokeh simulation on slight out of focus]]
[2019.02.14-04.36.38:526][  0]LogConfig: Setting CVar [[r.DOF.TemporalAAQuality:1                ; more stable temporal accumulation]]
[2019.02.14-04.36.38:526][  0]LogConfig: Setting CVar [[r.DOF.Kernel.MaxForegroundRadius:0.025]]
[2019.02.14-04.36.38:526][  0]LogConfig: Setting CVar [[r.DOF.Kernel.MaxBackgroundRadius:0.025]]
[2019.02.14-04.36.38:526][  0]LogConfig: Applying CVar settings from Section [TextureQuality@3] File [C:/Users/Connor/Documents/CP-School/Senior Project/GitRepos/Senior-Project-CPP-Testground/HSPGame/Saved/Config/Windows/Scalability.ini]
[2019.02.14-04.36.38:526][  0]LogConfig: Setting CVar [[r.Streaming.MipBias:0]]
[2019.02.14-04.36.38:526][  0]LogConfig: Setting CVar [[r.Streaming.AmortizeCPUToGPUCopy:0]]
[2019.02.14-04.36.38:526][  0]LogConfig: Setting CVar [[r.Streaming.MaxNumTexturesToStreamPerFrame:0]]
[2019.02.14-04.36.38:526][  0]LogConfig: Setting CVar [[r.Streaming.Boost:1]]
[2019.02.14-04.36.38:526][  0]LogConfig: Setting CVar [[r.MaxAnisotropy:8]]
[2019.02.14-04.36.38:526][  0]LogConfig: Setting CVar [[r.Streaming.LimitPoolSizeToVRAM:0]]
[2019.02.14-04.36.38:526][  0]LogConfig: Setting CVar [[r.Streaming.PoolSize:1000]]
[2019.02.14-04.36.38:527][  0]LogConfig: Setting CVar [[r.Streaming.MaxEffectiveScreenSize:0]]
[2019.02.14-04.36.38:527][  0]LogConfig: Applying CVar settings from Section [EffectsQuality@3] File [C:/Users/Connor/Documents/CP-School/Senior Project/GitRepos/Senior-Project-CPP-Testground/HSPGame/Saved/Config/Windows/Scalability.ini]
[2019.02.14-04.36.38:527][  0]LogConfig: Setting CVar [[r.TranslucencyLightingVolumeDim:64]]
[2019.02.14-04.36.38:527][  0]LogConfig: Setting CVar [[r.RefractionQuality:2]]
[2019.02.14-04.36.38:527][  0]LogConfig: Setting CVar [[r.SSR.Quality:3]]
[2019.02.14-04.36.38:527][  0]LogConfig: Setting CVar [[r.SceneColorFormat:4]]
[2019.02.14-04.36.38:527][  0]LogConfig: Setting CVar [[r.DetailMode:2]]
[2019.02.14-04.36.38:527][  0]LogConfig: Setting CVar [[r.TranslucencyVolumeBlur:1]]
[2019.02.14-04.36.38:527][  0]LogConfig: Setting CVar [[r.MaterialQualityLevel:1 ; High quality]]
[2019.02.14-04.36.38:527][  0]LogConfig: Setting CVar [[r.SSS.Scale:1]]
[2019.02.14-04.36.38:527][  0]LogConfig: Setting CVar [[r.SSS.SampleSet:2]]
[2019.02.14-04.36.38:527][  0]LogConfig: Setting CVar [[r.SSS.Quality:1]]
[2019.02.14-04.36.38:527][  0]LogConfig: Setting CVar [[r.SSS.HalfRes:1]]
[2019.02.14-04.36.38:527][  0]LogConfig: Setting CVar [[r.EmitterSpawnRateScale:1.0]]
[2019.02.14-04.36.38:527][  0]LogConfig: Setting CVar [[r.ParticleLightQuality:2]]
[2019.02.14-04.36.38:527][  0]LogConfig: Applying CVar settings from Section [FoliageQuality@3] File [C:/Users/Connor/Documents/CP-School/Senior Project/GitRepos/Senior-Project-CPP-Testground/HSPGame/Saved/Config/Windows/Scalability.ini]
[2019.02.14-04.36.38:527][  0]LogConfig: Setting CVar [[foliage.DensityScale:1.0]]
[2019.02.14-04.36.38:527][  0]LogConfig: Setting CVar [[grass.DensityScale:1.0]]
[2019.02.14-04.36.38:527][  0]LogConfig: Applying CVar settings from Section [Startup] File [../../../Engine/Config/ConsoleVariables.ini]
[2019.02.14-04.36.38:528][  0]LogConfig: Setting CVar [[net.UseAdaptiveNetUpdateFrequency:0]]
[2019.02.14-04.36.38:528][  0]LogConfig: Applying CVar settings from Section [ConsoleVariables] File [C:/Users/Connor/Documents/CP-School/Senior Project/GitRepos/Senior-Project-CPP-Testground/HSPGame/Saved/Config/Windows/Engine.ini]
[2019.02.14-04.36.38:528][  0]LogInit: Computer: UNIT-01-CON
[2019.02.14-04.36.38:528][  0]LogInit: User: Connor
[2019.02.14-04.36.38:528][  0]LogInit: CPU Page size=4096, Cores=6
[2019.02.14-04.36.38:528][  0]LogInit: High frequency timer resolution =2.156247 MHz
[2019.02.14-04.36.38:528][  0]LogMemory: Memory total: Physical=15.8GB (16GB approx)
[2019.02.14-04.36.38:528][  0]LogMemory: Platform Memory Stats for Windows
[2019.02.14-04.36.38:528][  0]LogMemory: Process Physical Memory: 103.80 MB used, 103.80 MB peak
[2019.02.14-04.36.38:528][  0]LogMemory: Process Virtual Memory: 86.95 MB used, 86.95 MB peak
[2019.02.14-04.36.38:528][  0]LogMemory: Physical Memory: 10666.69 MB used,  5560.84 MB free, 16227.53 MB total
[2019.02.14-04.36.38:528][  0]LogMemory: Virtual Memory: 4665.05 MB used,  134213064.00 MB free, 134217728.00 MB total
[2019.02.14-04.36.38:628][  0]LogInit: Using OS detected language (en-US).
[2019.02.14-04.36.38:628][  0]LogInit: Using OS detected locale (en-US).
[2019.02.14-04.36.38:629][  0]LogTextLocalizationManager: No specific localization for 'en-US' exists, so the 'en' localization will be used.
[2019.02.14-04.36.38:935][  0]LogStreaming: Display: Took  0.308s to InitEngineTextLocalization.
[2019.02.14-04.36.38:995][  0]LogSlate: New Slate User Created.  User Index 0, Is Virtual User: 0
[2019.02.14-04.36.38:996][  0]LogSlate: Slate User Registered.  User Index 0, Is Virtual User: 0
[2019.02.14-04.36.39:187][  0]LogHMD: Failed to initialize OpenVR with code 110
[2019.02.14-04.36.39:187][  0]LogD3D11RHI: D3D11 adapters:
[2019.02.14-04.36.39:272][  0]LogD3D11RHI:    0. 'NVIDIA GeForce GTX 1070 with Max-Q Design' (Feature Level 11_0)
[2019.02.14-04.36.39:272][  0]LogD3D11RHI:       8081/0/8113 MB DedicatedVideo/DedicatedSystem/SharedSystem, Outputs:2, VendorId:0x10de
[2019.02.14-04.36.39:293][  0]LogD3D11RHI:    1. 'Intel(R) UHD Graphics 630' (Feature Level 11_0)
[2019.02.14-04.36.39:293][  0]LogD3D11RHI:       128/0/8113 MB DedicatedVideo/DedicatedSystem/SharedSystem, Outputs:0, VendorId:0x8086
[2019.02.14-04.36.39:297][  0]LogD3D11RHI:    2. 'Microsoft Basic Render Driver' (Feature Level 11_0)
[2019.02.14-04.36.39:297][  0]LogD3D11RHI:       0/0/8113 MB DedicatedVideo/DedicatedSystem/SharedSystem, Outputs:0, VendorId:0x1414
[2019.02.14-04.36.39:297][  0]LogD3D11RHI: Chosen D3D11 Adapter: 0
[2019.02.14-04.36.39:323][  0]LogD3D11RHI: Creating new Direct3DDevice
[2019.02.14-04.36.39:324][  0]LogD3D11RHI:     GPU DeviceId: 0x1ba1 (for the marketing name, search the web for "GPU Device Id")
[2019.02.14-04.36.39:324][  0]LogWindows: EnumDisplayDevices:
[2019.02.14-04.36.39:324][  0]LogWindows:    0. 'Intel(R) UHD Graphics 630' (P:1 D:1)
[2019.02.14-04.36.39:324][  0]LogWindows:    1. 'Intel(R) UHD Graphics 630' (P:0 D:0)
[2019.02.14-04.36.39:325][  0]LogWindows:    2. 'Intel(R) UHD Graphics 630' (P:0 D:0)
[2019.02.14-04.36.39:325][  0]LogWindows:    3. 'NVIDIA GeForce GTX 1070 with Max-Q Design' (P:0 D:1)
[2019.02.14-04.36.39:326][  0]LogWindows:    4. 'NVIDIA GeForce GTX 1070 with Max-Q Design' (P:0 D:0)
[2019.02.14-04.36.39:326][  0]LogWindows:    5. 'NVIDIA GeForce GTX 1070 with Max-Q Design' (P:0 D:0)
[2019.02.14-04.36.39:326][  0]LogWindows:    6. 'NVIDIA GeForce GTX 1070 with Max-Q Design' (P:0 D:0)
[2019.02.14-04.36.39:326][  0]LogWindows: DebugString: PrimaryIsNotTheChoosenAdapter PrimaryIsNotTheChoosenAdapter PrimaryIsNotTheChoosenAdapter FoundDriverCount:4 
[2019.02.14-04.36.39:326][  0]LogD3D11RHI:     Adapter Name: NVIDIA GeForce GTX 1070 with Max-Q Design
[2019.02.14-04.36.39:327][  0]LogD3D11RHI:   Driver Version: 416.34 (internal:25.21.14.1634, unified:416.34)
[2019.02.14-04.36.39:327][  0]LogD3D11RHI:      Driver Date: 10-10-2018
[2019.02.14-04.36.39:327][  0]LogRHI: Texture pool is 5656 MB (70% of 8081 MB)
[2019.02.14-04.36.39:370][  0]LogD3D11RHI: Async texture creation enabled
[2019.02.14-04.36.39:399][  0]LogD3D11RHI: GPU Timing Frequency: 1000.000000 (Debug: 2 2)
[2019.02.14-04.36.39:699][  0]LogTemp: Display: Loaded TP AllDesktopTargetPlatform
[2019.02.14-04.36.39:716][  0]LogTemp: Display: Loaded TP MacClientTargetPlatform
[2019.02.14-04.36.39:733][  0]LogTemp: Display: Loaded TP MacNoEditorTargetPlatform
[2019.02.14-04.36.39:751][  0]LogTemp: Display: Loaded TP MacServerTargetPlatform
[2019.02.14-04.36.39:768][  0]LogTemp: Display: Loaded TP MacTargetPlatform
[2019.02.14-04.36.39:785][  0]LogTemp: Display: Loaded TP WindowsClientTargetPlatform
[2019.02.14-04.36.39:803][  0]LogTemp: Display: Loaded TP WindowsNoEditorTargetPlatform
[2019.02.14-04.36.39:820][  0]LogTemp: Display: Loaded TP WindowsServerTargetPlatform
[2019.02.14-04.36.39:832][  0]LogTemp: Display: Loaded TP WindowsTargetPlatform
[2019.02.14-04.36.39:898][  0]LogTemp: Display: Loaded TP AndroidTargetPlatform
[2019.02.14-04.36.39:898][  0]LogTemp: Display: Loaded TP AndroidTargetPlatform
[2019.02.14-04.36.39:898][  0]LogTemp: Display: Loaded TP AndroidTargetPlatform
[2019.02.14-04.36.39:898][  0]LogTemp: Display: Loaded TP AndroidTargetPlatform
[2019.02.14-04.36.39:898][  0]LogTemp: Display: Loaded TP AndroidTargetPlatform
[2019.02.14-04.36.39:899][  0]LogTemp: Display: Loaded TP AndroidTargetPlatform
[2019.02.14-04.36.39:899][  0]LogTemp: Display: Loaded TP AndroidTargetPlatform
[2019.02.14-04.36.39:899][  0]LogTemp: Display: Loaded TP AndroidTargetPlatform
[2019.02.14-04.36.39:899][  0]LogTemp: Display: Loaded TP AndroidTargetPlatform
[2019.02.14-04.36.39:899][  0]LogTemp: Display: Loaded TP AndroidTargetPlatform
[2019.02.14-04.36.39:899][  0]LogTemp: Display: Loaded TP AndroidTargetPlatform
[2019.02.14-04.36.39:899][  0]LogTemp: Display: Loaded TP AndroidTargetPlatform
[2019.02.14-04.36.39:899][  0]LogTemp: Display: Loaded TP AndroidTargetPlatform
[2019.02.14-04.36.39:899][  0]LogTemp: Display: Loaded TP AndroidTargetPlatform
[2019.02.14-04.36.39:899][  0]LogTemp: Display: Loaded TP AndroidTargetPlatform
[2019.02.14-04.36.39:900][  0]LogTemp: Display: Loaded TP AndroidTargetPlatform
[2019.02.14-04.36.39:900][  0]LogTemp: Display: Loaded TP AndroidTargetPlatform
[2019.02.14-04.36.39:900][  0]LogTemp: Display: Loaded TP AndroidTargetPlatform
[2019.02.14-04.36.39:903][  0]LogTemp: Display: Loaded TP HTML5TargetPlatform
[2019.02.14-04.36.39:974][  0]LogTemp: Display: Loaded TP IOSTargetPlatform
[2019.02.14-04.36.39:974][  0]LogTemp: Display: Loaded TP IOSTargetPlatform
[2019.02.14-04.36.39:997][  0]LogTemp: Display: Loaded TP TVOSTargetPlatform
[2019.02.14-04.36.39:997][  0]LogTemp: Display: Loaded TP TVOSTargetPlatform
[2019.02.14-04.36.40:011][  0]LogTemp: Display: Loaded TP LinuxClientTargetPlatform
[2019.02.14-04.36.40:023][  0]LogTemp: Display: Loaded TP LinuxNoEditorTargetPlatform
[2019.02.14-04.36.40:038][  0]LogTemp: Display: Loaded TP LinuxServerTargetPlatform
[2019.02.14-04.36.40:052][  0]LogTemp: Display: Loaded TP LinuxTargetPlatform
[2019.02.14-04.36.40:092][  0]LogTemp: Display: Loaded TP LuminTargetPlatform
[2019.02.14-04.36.40:092][  0]LogTemp: Display: Loaded TP LuminTargetPlatform
[2019.02.14-04.36.40:092][  0]LogTargetPlatformManager: Display: Building Assets For Windows
[2019.02.14-04.36.40:255][  0]LogShaderCompilers: Guid format shader working directory is -65 characters bigger than the processId version (../../../../../../Users/Connor/Documents/CP-School/Senior Project/GitRepos/Senior-Project-CPP-Testground/HSPGame/Intermediate/Shaders/WorkingDirectory/8244/).
[2019.02.14-04.36.40:255][  0]LogShaderCompilers: Cleaned the shader compiler working directory 'C:/Users/Connor/AppData/Local/Temp/UnrealShaderWorkingDir/6CA62F6A4B48815D2917558792C068AF/'.
[2019.02.14-04.36.40:258][  0]LogXGEController: Cleaning working directory: C:/Users/Connor/AppData/Local/Temp/UnrealXGEWorkingDir/
[2019.02.14-04.36.40:258][  0]LogXGEController: Cannot use XGE Controller as Incredibuild is not installed on this machine.
[2019.02.14-04.36.40:259][  0]LogShaderCompilers: Cannot use XGE Shader Compiler as Incredibuild is not installed on this machine.
[2019.02.14-04.36.40:259][  0]LogShaderCompilers: Display: Using Local Shader Compiler.
[2019.02.14-04.36.40:714][  0]LogDerivedDataCache: Display: Max Cache Size: 512 MB
[2019.02.14-04.36.40:758][  0]LogDerivedDataCache: Loaded boot cache 0.04s 71MB C:/Users/Connor/AppData/Local/UnrealEngine/4.21/DerivedDataCache/Boot.ddc.
[2019.02.14-04.36.40:758][  0]LogDerivedDataCache: Display: Loaded Boot cache: C:/Users/Connor/AppData/Local/UnrealEngine/4.21/DerivedDataCache/Boot.ddc
[2019.02.14-04.36.40:759][  0]LogDerivedDataCache: FDerivedDataBackendGraph:  Pak pak cache file ../../../../../../Users/Connor/Documents/CP-School/Senior Project/GitRepos/Senior-Project-CPP-Testground/HSPGame/DerivedDataCache/DDC.ddp not found, will not use a pak cache.
[2019.02.14-04.36.40:759][  0]LogDerivedDataCache: Unable to find inner node Pak for hierarchical cache Hierarchy.
[2019.02.14-04.36.40:759][  0]LogDerivedDataCache: FDerivedDataBackendGraph:  CompressedPak pak cache file ../../../../../../Users/Connor/Documents/CP-School/Senior Project/GitRepos/Senior-Project-CPP-Testground/HSPGame/DerivedDataCache/Compressed.ddp not found, will not use a pak cache.
[2019.02.14-04.36.40:759][  0]LogDerivedDataCache: Unable to find inner node CompressedPak for hierarchical cache Hierarchy.
[2019.02.14-04.36.40:770][  0]LogDerivedDataCache: Display: Pak cache opened for reading ../../../Engine/DerivedDataCache/Compressed.ddp.
[2019.02.14-04.36.40:770][  0]LogDerivedDataCache: FDerivedDataBackendGraph:  EnterprisePak pak cache file ../../../Enterprise/DerivedDataCache/Compressed.ddp not found, will not use a pak cache.
[2019.02.14-04.36.40:770][  0]LogDerivedDataCache: Unable to find inner node EnterprisePak for hierarchical cache Hierarchy.
[2019.02.14-04.36.40:783][  0]LogDerivedDataCache: Using Local data cache path C:/Users/Connor/AppData/Local/UnrealEngine/Common/DerivedDataCache: Writable
[2019.02.14-04.36.40:783][  0]LogDerivedDataCache: Shared data cache path not found in *engine.ini, will not use an Shared cache.
[2019.02.14-04.36.40:783][  0]LogDerivedDataCache: Unable to find inner node Shared for hierarchical cache Hierarchy.
[2019.02.14-04.36.40:802][  0]LogMaterial: Verifying Global Shaders for PCD3D_SM5
[2019.02.14-04.36.40:803][  0]LogSlate: Using FreeType 2.6.0
[2019.02.14-04.36.40:804][  0]LogSlate: SlateFontServices - WITH_FREETYPE: 1, WITH_HARFBUZZ: 1
[2019.02.14-04.36.40:882][  0]LogAssetRegistry: FAssetRegistry took 0.0336 seconds to start up
[2019.02.14-04.36.41:161][  0]LogInit: Selected Device Profile: [Windows]
[2019.02.14-04.36.41:331][  0]LogSimplygon: Simplygon DLL not present - disabling.
[2019.02.14-04.36.41:347][  0]LogMeshReduction: Using SimplygonSwarm for distributed automatic mesh merging
[2019.02.14-04.36.41:347][  0]LogMeshReduction: Using ProxyLODMeshReduction for automatic mesh merging
[2019.02.14-04.36.41:348][  0]LogMeshReduction: Using QuadricMeshReduction for automatic static mesh reduction
[2019.02.14-04.36.41:348][  0]LogMeshReduction: No automatic skeletal mesh reduction module available
[2019.02.14-04.36.41:359][  0]LogNetVersion: HSPGame 1.0.0, NetCL: 4541578, EngineNetVer: 5, GameNetVer: 0 (Checksum: 2893343623)
[2019.02.14-04.36.41:782][  0]LogPackageLocalizationCache: Processed 11 localized package path(s) for 2 prioritized culture(s) in 0.077338 seconds
[2019.02.14-04.36.41:787][  0]LogUObjectArray: 39775 objects as part of root set at end of initial load.
[2019.02.14-04.36.41:787][  0]LogUObjectAllocator: 6914656 out of 0 bytes used by permanent object pool.
[2019.02.14-04.36.41:787][  0]LogUObjectArray: CloseDisregardForGC: 0/0 objects in disregard for GC pool
[2019.02.14-04.36.42:780][  0]LogTcpMessaging: Initializing TcpMessaging bridge
[2019.02.14-04.36.42:798][  0]LogUdpMessaging: Initializing bridge on interface 0.0.0.0:0 to multicast group 230.0.0.1:6666.
[2019.02.14-04.36.43:495][  0]SourceControl: Source control is disabled
[2019.02.14-04.36.43:495][  0]SourceControl: Source control is disabled
[2019.02.14-04.36.43:506][  0]SourceControl: Source control is disabled
[2019.02.14-04.36.43:511][  0]SourceControl: Source control is disabled
[2019.02.14-04.36.43:861][  0]LogAndroidPermission: UAndroidPermissionCallbackProxy::GetInstance
[2019.02.14-04.36.44:030][  0]LogOcInput: OculusInput pre-init called
[2019.02.14-04.36.44:192][  0]LogEngine: Initializing Engine...
[2019.02.14-04.36.44:192][  0]LogHMD: Failed to initialize OpenVR with code 110
[2019.02.14-04.36.44:193][  0]LogStats: UGameplayTagsManager::ConstructGameplayTagTree: ImportINI prefixes -  0.000 s
[2019.02.14-04.36.44:193][  0]LogStats: UGameplayTagsManager::ConstructGameplayTagTree: Construct from data asset -  0.000 s
[2019.02.14-04.36.44:194][  0]LogStats: UGameplayTagsManager::ConstructGameplayTagTree: ImportINI -  0.000 s
[2019.02.14-04.36.44:194][  0]LogStats: UGameplayTagsManager::ConstructGameplayTagTree: GameplayTagTreeChangedEvent.Broadcast -  0.000 s
[2019.02.14-04.36.44:385][  0]LogInit: Initializing FReadOnlyCVARCache
[2019.02.14-04.36.44:404][  0]LogAIModule: Creating AISystem for world Untitled
[2019.02.14-04.36.44:482][  0]LogInit: XAudio2 using 'Speakers (Realtek(R) Audio)' : 2 channels at 48 kHz using 32 bits per sample (channel mask 0x3)
[2019.02.14-04.36.44:512][  0]LogInit: FAudioDevice initialized.
[2019.02.14-04.36.44:512][  0]LogNetVersion: Set ProjectVersion to 1.0.0.0. Version Checksum will be recalculated on next use.
[2019.02.14-04.36.44:591][  0]LogDerivedDataCache: Saved boot cache 0.08s 71MB C:/Users/Connor/AppData/Local/UnrealEngine/4.21/DerivedDataCache/Boot.ddc.
[2019.02.14-04.36.44:594][  0]LogInit: Texture streaming: Enabled
[2019.02.14-04.36.44:639][  0]LogEngineSessionManager: EngineSessionManager initialized
[2019.02.14-04.36.44:655][  0]LogInit: Transaction tracking system initialized
[2019.02.14-04.36.44:714][  0]BlueprintLog: New page: Editor Load
[2019.02.14-04.36.44:918][  0]LocalizationService: Localization service is disabled
[2019.02.14-04.36.45:397][  0]LogFileCache: Scanning file cache for directory 'C:/Users/Connor/Documents/CP-School/Senior Project/GitRepos/Senior-Project-CPP-Testground/HSPGame/Content/' took 0.02s
[2019.02.14-04.36.45:397][  0]LogCook: Display: Max memory allowance for cook 16384mb min free memory 0mb
[2019.02.14-04.36.45:397][  0]LogCook: Display: Mobile HDR setting 1
[2019.02.14-04.36.45:397][  0]LogGameplayTags: Display: UGameplayTagsManager::DoneAddingNativeTags. DelegateIsBound: 0
[2019.02.14-04.36.45:397][  0]LogStats: UGameplayTagsManager::ConstructGameplayTagTree: ImportINI prefixes -  0.000 s
[2019.02.14-04.36.45:397][  0]LogStats: UGameplayTagsManager::ConstructGameplayTagTree: Construct from data asset -  0.000 s
[2019.02.14-04.36.45:397][  0]LogStats: UGameplayTagsManager::ConstructGameplayTagTree: ImportINI -  0.000 s
[2019.02.14-04.36.45:397][  0]LogStats: UGameplayTagsManager::ConstructGameplayTagTree: GameplayTagTreeChangedEvent.Broadcast -  0.000 s
[2019.02.14-04.36.45:689][  0]SourceControl: Source control is disabled
[2019.02.14-04.36.45:689][  0]LightingResults: New page: Lighting Build
[2019.02.14-04.36.45:693][  0]MapCheck: New page: Map Check
[2019.02.14-04.36.45:693][  0]LightingResults: New page: Lighting Build
[2019.02.14-04.36.46:083][  0]LogAIModule: Creating AISystem for world Minimal_Default
[2019.02.14-04.36.46:171][  0]LogEditorServer: Finished looking for orphan Actors (0.000 secs)
[2019.02.14-04.36.46:194][  0]Cmd: MAP CHECKDEP NOCLEARLOG
[2019.02.14-04.36.46:195][  0]MapCheck: Map check complete: 0 Error(s), 0 Warning(s), took 0.194ms to complete.
[2019.02.14-04.36.46:195][  0]LogFileHelpers: Loading map 'Minimal_Default' took 0.506
[2019.02.14-04.36.46:303][  0]LogSlate: Updating window title bar state: overlay mode, drag disabled, window buttons hidden, title bar hidden
[2019.02.14-04.36.46:309][  0]LogSlate: Updating window title bar state: overlay mode, drag disabled, window buttons hidden, title bar hidden
[2019.02.14-04.36.46:314][  0]LogSlate: Updating window title bar state: overlay mode, drag disabled, window buttons hidden, title bar hidden
[2019.02.14-04.36.46:320][  0]LogSlate: Updating window title bar state: overlay mode, drag disabled, window buttons hidden, title bar hidden
[2019.02.14-04.36.46:332][  0]LogCollectionManager: Loaded 0 collections in 0.002808 seconds
[2019.02.14-04.36.46:350][  0]LogFileCache: Scanning file cache for directory 'C:/Users/Connor/Documents/CP-School/Senior Project/GitRepos/Senior-Project-CPP-Testground/HSPGame/Saved/Collections/' took 0.01s
[2019.02.14-04.36.46:350][  0]LogFileCache: Scanning file cache for directory 'C:/Users/Connor/Documents/CP-School/Senior Project/GitRepos/Senior-Project-CPP-Testground/HSPGame/Content/Developers/Connor/Collections/' took 0.00s
[2019.02.14-04.36.46:350][  0]LogFileCache: Scanning file cache for directory 'C:/Users/Connor/Documents/CP-School/Senior Project/GitRepos/Senior-Project-CPP-Testground/HSPGame/Content/Collections/' took 0.00s
[2019.02.14-04.36.46:350][  0]LogCollectionManager: Rebuilt the GUID cache for 0 collections in 0.000000 seconds
[2019.02.14-04.36.46:358][  0]LogContentBrowser: Native class hierarchy populated in 0.0075 seconds. Added 2656 classes and 622 folders.
[2019.02.14-04.36.46:366][  0]LogContentBrowser: Native class hierarchy updated for 'WidgetCarousel' in 0.0003 seconds. Added 0 classes and 0 folders.
[2019.02.14-04.36.46:367][  0]LogPakFile: Registered encryption key '00000000000000000000000000000000': 0 pak files mounted, 0 remain pending
[2019.02.14-04.36.46:368][  0]LogPakFile: Registered encryption key '00000000000000000000000000000000': 0 pak files mounted, 0 remain pending
[2019.02.14-04.36.46:368][  0]LogPakFile: Registered encryption key '00000000000000000000000000000000': 0 pak files mounted, 0 remain pending
[2019.02.14-04.36.46:369][  0]LogPakFile: Registered encryption key '00000000000000000000000000000000': 0 pak files mounted, 0 remain pending
[2019.02.14-04.36.46:369][  0]LogPakFile: Registered encryption key '00000000000000000000000000000000': 0 pak files mounted, 0 remain pending
[2019.02.14-04.36.46:370][  0]LogPakFile: Registered encryption key '00000000000000000000000000000000': 0 pak files mounted, 0 remain pending
[2019.02.14-04.36.46:370][  0]LogPakFile: Registered encryption key '00000000000000000000000000000000': 0 pak files mounted, 0 remain pending
[2019.02.14-04.36.46:371][  0]LogPakFile: Registered encryption key '00000000000000000000000000000000': 0 pak files mounted, 0 remain pending
[2019.02.14-04.36.46:371][  0]LogPakFile: Registered encryption key '00000000000000000000000000000000': 0 pak files mounted, 0 remain pending
[2019.02.14-04.36.46:372][  0]LogPakFile: Registered encryption key '00000000000000000000000000000000': 0 pak files mounted, 0 remain pending
[2019.02.14-04.36.46:372][  0]LogPakFile: Registered encryption key '00000000000000000000000000000000': 0 pak files mounted, 0 remain pending
[2019.02.14-04.36.46:373][  0]LogPakFile: Registered encryption key '00000000000000000000000000000000': 0 pak files mounted, 0 remain pending
[2019.02.14-04.36.46:373][  0]LogPakFile: Registered encryption key '00000000000000000000000000000000': 0 pak files mounted, 0 remain pending
[2019.02.14-04.36.46:374][  0]LogPakFile: Registered encryption key '00000000000000000000000000000000': 0 pak files mounted, 0 remain pending
[2019.02.14-04.36.46:374][  0]LogPakFile: Registered encryption key '00000000000000000000000000000000': 0 pak files mounted, 0 remain pending
[2019.02.14-04.36.46:375][  0]LogPakFile: Registered encryption key '00000000000000000000000000000000': 0 pak files mounted, 0 remain pending
[2019.02.14-04.36.46:375][  0]LogPakFile: Registered encryption key '00000000000000000000000000000000': 0 pak files mounted, 0 remain pending
[2019.02.14-04.36.46:376][  0]LogPakFile: Registered encryption key '00000000000000000000000000000000': 0 pak files mounted, 0 remain pending
[2019.02.14-04.36.46:376][  0]LogPakFile: Registered encryption key '00000000000000000000000000000000': 0 pak files mounted, 0 remain pending
[2019.02.14-04.36.46:377][  0]LogPakFile: Registered encryption key '00000000000000000000000000000000': 0 pak files mounted, 0 remain pending
[2019.02.14-04.36.46:377][  0]LogPakFile: Registered encryption key '00000000000000000000000000000000': 0 pak files mounted, 0 remain pending
[2019.02.14-04.36.46:378][  0]LogPakFile: Registered encryption key '00000000000000000000000000000000': 0 pak files mounted, 0 remain pending
[2019.02.14-04.36.46:379][  0]LogPakFile: Registered encryption key '00000000000000000000000000000000': 0 pak files mounted, 0 remain pending
[2019.02.14-04.36.46:379][  0]LogPakFile: Registered encryption key '00000000000000000000000000000000': 0 pak files mounted, 0 remain pending
[2019.02.14-04.36.46:380][  0]LogPakFile: Registered encryption key '00000000000000000000000000000000': 0 pak files mounted, 0 remain pending
[2019.02.14-04.36.46:380][  0]LogPakFile: Registered encryption key '00000000000000000000000000000000': 0 pak files mounted, 0 remain pending
[2019.02.14-04.36.46:413][  0]LogContentBrowser: Native class hierarchy updated for 'AddContentDialog' in 0.0003 seconds. Added 0 classes and 0 folders.
[2019.02.14-04.36.46:424][  0]LogContentBrowser: Native class hierarchy updated for 'SceneOutliner' in 0.0004 seconds. Added 1 classes and 2 folders.
[2019.02.14-04.36.46:435][  0]LogSlate: Took 0.000143 seconds to synchronously load lazily loaded font '../../../Engine/Content/Slate/Fonts/Roboto-Regular.ttf' (155K)
[2019.02.14-04.36.46:438][  0]LogSlate: Took 0.000525 seconds to synchronously load lazily loaded font '../../../Engine/Content/Slate/Fonts/Roboto-Bold.ttf' (160K)
[2019.02.14-04.36.46:443][  0]LogSlate: Took 0.000170 seconds to synchronously load lazily loaded font '../../../Engine/Content/Editor/Slate/Fonts/FontAwesome.ttf' (139K)
[2019.02.14-04.36.46:518][  0]LogRenderer: Reallocating scene render targets to support 964x436 Format 10 NumSamples 1 (Frame:1).
[2019.02.14-04.36.46:698][  0]LogContentBrowser: Native class hierarchy updated for 'HierarchicalLODOutliner' in 0.0004 seconds. Added 0 classes and 0 folders.
[2019.02.14-04.36.46:698][  0]LogLoad: (Engine Initialization) Total time: 10.41 seconds
[2019.02.14-04.36.46:698][  0]LogLoad: (Engine Initialization) Total Blueprint compile time: 0.00 seconds
[2019.02.14-04.36.46:718][  0]LogWindowsTextInputMethodSystem: Display: IME system now deactivated.
[2019.02.14-04.36.46:767][  0]LogContentStreaming: Texture pool size now 1000 MB
[2019.02.14-04.36.46:787][  0]LogSlate: Took 0.000113 seconds to synchronously load lazily loaded font '../../../Engine/Content/Slate/Fonts/Roboto-Light.ttf' (167K)
[2019.02.14-04.36.46:803][  1]LogAssetRegistry: Asset discovery search completed in 5.9449 seconds
[2019.02.14-04.36.46:804][  1]LogCollectionManager: Rebuilt the object cache for 0 collections in 0.000000 seconds (found 0 objects)
[2019.02.14-04.36.46:804][  1]LogCollectionManager: Fixed up redirectors for 0 collections in 0.000111 seconds (updated 0 objects)
[2019.02.14-04.36.50:013][192]LogSlate: FSceneViewport::OnFocusLost() reason 0
[2019.02.14-04.36.50:229][205]LogTemp: Repeating last play command: Selected Viewport
[2019.02.14-04.36.50:244][205]LogBlueprintUserMessages: Early PlayInEditor Detection: Level '/Game/StarterContent/Maps/Minimal_Default.Minimal_Default:PersistentLevel' has LevelScriptBlueprint '/Game/StarterContent/Maps/Minimal_Default.Minimal_Default:PersistentLevel.Minimal_Default' with GeneratedClass '/Game/StarterContent/Maps/Minimal_Default.Minimal_Default_C' with ClassGeneratedBy '/Game/StarterContent/Maps/Minimal_Default.Minimal_Default:PersistentLevel.Minimal_Default'
[2019.02.14-04.36.50:244][205]LogPlayLevel: PlayLevel: No blueprints needed recompiling
[2019.02.14-04.36.50:245][205]PIE: New page: PIE session: Minimal_Default (Feb 13, 2019, 12:36:50 PM)
[2019.02.14-04.36.50:259][205]LogPlayLevel: Creating play world package: /Game/StarterContent/Maps/UEDPIE_0_Minimal_Default
[2019.02.14-04.36.50:350][205]LogPlayLevel: PIE: StaticDuplicateObject took: (0.089820s)
[2019.02.14-04.36.50:350][205]LogAIModule: Creating AISystem for world Minimal_Default
[2019.02.14-04.36.50:350][205]LogPlayLevel: PIE: World Init took: (0.000641s)
[2019.02.14-04.36.50:351][205]LogPlayLevel: PIE: Created PIE world by copying editor world from /Game/StarterContent/Maps/Minimal_Default.Minimal_Default to /Game/StarterContent/Maps/UEDPIE_0_Minimal_Default.Minimal_Default (0.091025s)
[2019.02.14-04.36.50:387][205]LogInit: XAudio2 using 'Speakers (Realtek(R) Audio)' : 2 channels at 48 kHz using 32 bits per sample (channel mask 0x3)
[2019.02.14-04.36.50:392][205]LogInit: FAudioDevice initialized.
[2019.02.14-04.36.50:447][205]LogLoad: Game class is 'BP_HSPGameGameModeBase_C'
[2019.02.14-04.36.50:455][205]LogWorld: Bringing World /Game/StarterContent/Maps/UEDPIE_0_Minimal_Default.Minimal_Default up for play (max tick rate 60) at 2019.02.13-20.36.50
[2019.02.14-04.36.50:456][205]LogWorld: Bringing up level for play took: 0.006632
[2019.02.14-04.36.50:476][205]LogContentBrowser: Native class hierarchy updated for 'MovieSceneCapture' in 0.0004 seconds. Added 20 classes and 0 folders.
[2019.02.14-04.36.50:477][205]PIE: Play in editor start time for /Game/StarterContent/Maps/UEDPIE_0_Minimal_Default -0.479
[2019.02.14-04.36.50:477][205]LogBlueprintUserMessages: Late PlayInEditor Detection: Level '/Game/StarterContent/Maps/Minimal_Default.Minimal_Default:PersistentLevel' has LevelScriptBlueprint '/Game/StarterContent/Maps/Minimal_Default.Minimal_Default:PersistentLevel.Minimal_Default' with GeneratedClass '/Game/StarterContent/Maps/Minimal_Default.Minimal_Default_C' with ClassGeneratedBy '/Game/StarterContent/Maps/Minimal_Default.Minimal_Default:PersistentLevel.Minimal_Default'
[2019.02.14-04.37.03:191][967]LogBlueprintUserMessages: Early EndPlayMap Detection: Level '/Game/StarterContent/Maps/Minimal_Default.Minimal_Default:PersistentLevel' has LevelScriptBlueprint '/Game/StarterContent/Maps/Minimal_Default.Minimal_Default:PersistentLevel.Minimal_Default' with GeneratedClass '/Game/StarterContent/Maps/Minimal_Default.Minimal_Default_C' with ClassGeneratedBy '/Game/StarterContent/Maps/Minimal_Default.Minimal_Default:PersistentLevel.Minimal_Default'
[2019.02.14-04.37.03:192][967]LogSlate: Updating window title bar state: overlay mode, drag disabled, window buttons hidden, title bar hidden
[2019.02.14-04.37.03:228][967]LogPlayLevel: Display: Shutting down PIE online subsystems
[2019.02.14-04.37.03:228][967]LogBlueprintUserMessages: Late EndPlayMap Detection: Level '/Game/StarterContent/Maps/Minimal_Default.Minimal_Default:PersistentLevel' has LevelScriptBlueprint '/Game/StarterContent/Maps/Minimal_Default.Minimal_Default:PersistentLevel.Minimal_Default' with GeneratedClass '/Game/StarterContent/Maps/Minimal_Default.Minimal_Default_C' with ClassGeneratedBy '/Game/StarterContent/Maps/Minimal_Default.Minimal_Default:PersistentLevel.Minimal_Default'
[2019.02.14-04.37.03:254][967]LogSlate: Updating window title bar state: overlay mode, drag disabled, window buttons hidden, title bar hidden
[2019.02.14-04.37.03:305][970]LogPlayLevel: Display: Destroying online subsystem :Context_1
[2019.02.14-04.37.40:145][234]LogSlate: FSceneViewport::OnFocusLost() reason 0
[2019.02.14-04.37.40:394][247]Candidate modules for hot reload:
[2019.02.14-04.37.40:394][247]  HSPGame
[2019.02.14-04.37.40:394][247]Launching UnrealBuildTool... [C:/Program Files/Epic Games/UE_4.21/Engine/Binaries/DotNET/UnrealBuildTool.exe  -ModuleWithSuffix=HSPGame,140 Win64 Development -TargetType=Editor -Project="../../../../../../Users/Connor/Documents/CP-School/Senior Project/GitRepos/Senior-Project-CPP-Testground/HSPGame/HSPGame.uproject" -canskiplink "C:/Users/Connor/Documents/CP-School/Senior Project/GitRepos/Senior-Project-CPP-Testground/HSPGame/HSPGame.uproject" ]
[2019.02.14-04.37.40:396][247]Warning: Starting HotReload took  0.0s.
[2019.02.14-04.37.48:017][699]CompilerResultsLog: New page: Compilation - Feb 13, 2019, 12:37:48 PM
[2019.02.14-04.37.48:017][699]CompilerResultsLog: Using 'git status' to determine working set for adaptive non-unity build (C:\Users\Connor\Documents\CP-School\Senior Project\GitRepos\Senior-Project-CPP-Testground).
[2019.02.14-04.37.48:017][699]CompilerResultsLog: Creating makefile for hot reloading HSPGameEditor (source directory changed)
[2019.02.14-04.37.48:017][699]CompilerResultsLog: Compiling game modules for hot reload
[2019.02.14-04.37.48:017][699]CompilerResultsLog: Using Visual Studio 2017 14.16.27023 toolchain (C:\Program Files (x86)\Microsoft Visual Studio\2017\Community\VC\Tools\MSVC\14.16.27023) and Windows 10.0.17763.0 SDK (C:\Program Files (x86)\Windows Kits\10).
[2019.02.14-04.37.48:017][699]CompilerResultsLog: Building 3 actions with 12 processes...
[2019.02.14-04.37.48:017][699]CompilerResultsLog:   [1/3] ProtagClass.cpp
[2019.02.14-04.37.48:018][699]CompilerResultsLog:   [2/3] UE4Editor-HSPGame-140.lib
[2019.02.14-04.37.48:018][699]CompilerResultsLog:      Creating library C:\Users\Connor\Documents\CP-School\Senior Project\GitRepos\Senior-Project-CPP-Testground\HSPGame\Intermediate\Build\Win64\UE4Editor\Development\HSPGame\UE4Editor-HSPGame-140.lib and object C:\Users\Connor\Documents\CP-School\Senior Project\GitRepos\Senior-Project-CPP-Testground\HSPGame\Intermediate\Build\Win64\UE4Editor\Development\HSPGame\UE4Editor-HSPGame-140.exp
[2019.02.14-04.37.48:018][699]CompilerResultsLog:   [3/3] UE4Editor-HSPGame-140.dll
[2019.02.14-04.37.48:018][699]CompilerResultsLog:      Creating library C:\Users\Connor\Documents\CP-School\Senior Project\GitRepos\Senior-Project-CPP-Testground\HSPGame\Intermediate\Build\Win64\UE4Editor\Development\HSPGame\UE4Editor-HSPGame-140.suppressed.lib and object C:\Users\Connor\Documents\CP-School\Senior Project\GitRepos\Senior-Project-CPP-Testground\HSPGame\Intermediate\Build\Win64\UE4Editor\Development\HSPGame\UE4Editor-HSPGame-140.suppressed.exp
[2019.02.14-04.37.48:018][699]CompilerResultsLog: Total build time: 7.40 seconds (Parallel executor: 2.16 seconds)
[2019.02.14-04.37.48:018][699]LogMainFrame: MainFrame: Module compiling took 7.627 seconds
[2019.02.14-04.37.48:076][699]LogContentBrowser: Native class hierarchy updated for 'HSPGame' in 0.0004 seconds. Added 5 classes and 2 folders.
[2019.02.14-04.37.48:079][699]Display: HotReload successful (1 functions remapped  0 scriptstructs remapped)
[2019.02.14-04.37.48:251][699]LogContentBrowser: Native class hierarchy populated in 0.0068 seconds. Added 2657 classes and 624 folders.
[2019.02.14-04.37.48:259][699]Display: HotReload took  7.9s.
[2019.02.14-04.37.48:944][740]LogTemp: Repeating last play command: Selected Viewport
[2019.02.14-04.37.48:964][740]LogBlueprintUserMessages: Early PlayInEditor Detection: Level '/Game/StarterContent/Maps/Minimal_Default.Minimal_Default:PersistentLevel' has LevelScriptBlueprint '/Game/StarterContent/Maps/Minimal_Default.Minimal_Default:PersistentLevel.Minimal_Default' with GeneratedClass '/Game/StarterContent/Maps/Minimal_Default.Minimal_Default_C' with ClassGeneratedBy '/Game/StarterContent/Maps/Minimal_Default.Minimal_Default:PersistentLevel.Minimal_Default'
[2019.02.14-04.37.48:964][740]LogPlayLevel: PlayLevel: No blueprints needed recompiling
[2019.02.14-04.37.48:964][740]PIE: New page: PIE session: Minimal_Default (Feb 13, 2019, 12:37:48 PM)
[2019.02.14-04.37.48:964][740]LogPlayLevel: Creating play world package: /Game/StarterContent/Maps/UEDPIE_0_Minimal_Default
[2019.02.14-04.37.49:001][740]LogPlayLevel: PIE: StaticDuplicateObject took: (0.037081s)
[2019.02.14-04.37.49:002][740]LogAIModule: Creating AISystem for world Minimal_Default
[2019.02.14-04.37.49:002][740]LogPlayLevel: PIE: World Init took: (0.000852s)
[2019.02.14-04.37.49:003][740]LogPlayLevel: PIE: Created PIE world by copying editor world from /Game/StarterContent/Maps/Minimal_Default.Minimal_Default to /Game/StarterContent/Maps/UEDPIE_0_Minimal_Default.Minimal_Default (0.038296s)
[2019.02.14-04.37.49:041][740]LogInit: XAudio2 using 'Speakers (Realtek(R) Audio)' : 2 channels at 48 kHz using 32 bits per sample (channel mask 0x3)
[2019.02.14-04.37.49:046][740]LogInit: FAudioDevice initialized.
[2019.02.14-04.37.49:083][740]LogLoad: Game class is 'BP_HSPGameGameModeBase_C'
[2019.02.14-04.37.49:089][740]LogWorld: Bringing World /Game/StarterContent/Maps/UEDPIE_0_Minimal_Default.Minimal_Default up for play (max tick rate 60) at 2019.02.13-20.37.49
[2019.02.14-04.37.49:090][740]LogWorld: Bringing up level for play took: 0.006090
[2019.02.14-04.37.49:104][740]PIE: Play in editor start time for /Game/StarterContent/Maps/UEDPIE_0_Minimal_Default 0.148
[2019.02.14-04.37.49:105][740]LogBlueprintUserMessages: Late PlayInEditor Detection: Level '/Game/StarterContent/Maps/Minimal_Default.Minimal_Default:PersistentLevel' has LevelScriptBlueprint '/Game/StarterContent/Maps/Minimal_Default.Minimal_Default:PersistentLevel.Minimal_Default' with GeneratedClass '/Game/StarterContent/Maps/Minimal_Default.Minimal_Default_C' with ClassGeneratedBy '/Game/StarterContent/Maps/Minimal_Default.Minimal_Default:PersistentLevel.Minimal_Default'
[2019.02.14-04.37.58:225][286]LogBlueprintUserMessages: Early EndPlayMap Detection: Level '/Game/StarterContent/Maps/Minimal_Default.Minimal_Default:PersistentLevel' has LevelScriptBlueprint '/Game/StarterContent/Maps/Minimal_Default.Minimal_Default:PersistentLevel.Minimal_Default' with GeneratedClass '/Game/StarterContent/Maps/Minimal_Default.Minimal_Default_C' with ClassGeneratedBy '/Game/StarterContent/Maps/Minimal_Default.Minimal_Default:PersistentLevel.Minimal_Default'
[2019.02.14-04.37.58:226][286]LogSlate: Updating window title bar state: overlay mode, drag disabled, window buttons hidden, title bar hidden
[2019.02.14-04.37.58:265][286]LogPlayLevel: Display: Shutting down PIE online subsystems
[2019.02.14-04.37.58:265][286]LogBlueprintUserMessages: Late EndPlayMap Detection: Level '/Game/StarterContent/Maps/Minimal_Default.Minimal_Default:PersistentLevel' has LevelScriptBlueprint '/Game/StarterContent/Maps/Minimal_Default.Minimal_Default:PersistentLevel.Minimal_Default' with GeneratedClass '/Game/StarterContent/Maps/Minimal_Default.Minimal_Default_C' with ClassGeneratedBy '/Game/StarterContent/Maps/Minimal_Default.Minimal_Default:PersistentLevel.Minimal_Default'
[2019.02.14-04.37.58:289][286]LogSlate: Updating window title bar state: overlay mode, drag disabled, window buttons hidden, title bar hidden
[2019.02.14-04.37.58:328][288]LogPlayLevel: Display: Destroying online subsystem :Context_2
[2019.02.14-04.38.01:096][454]LogSlate: FSceneViewport::OnFocusLost() reason 0
[2019.02.14-04.38.23:751][832]Candidate modules for hot reload:
[2019.02.14-04.38.23:751][832]  HSPGame
[2019.02.14-04.38.23:751][832]Launching UnrealBuildTool... [C:/Program Files/Epic Games/UE_4.21/Engine/Binaries/DotNET/UnrealBuildTool.exe  -ModuleWithSuffix=HSPGame,1992 Win64 Development -TargetType=Editor -Project="../../../../../../Users/Connor/Documents/CP-School/Senior Project/GitRepos/Senior-Project-CPP-Testground/HSPGame/HSPGame.uproject" -canskiplink "C:/Users/Connor/Documents/CP-School/Senior Project/GitRepos/Senior-Project-CPP-Testground/HSPGame/HSPGame.uproject" ]
[2019.02.14-04.38.23:753][832]Warning: Starting HotReload took  0.0s.
[2019.02.14-04.38.30:099][214]CompilerResultsLog: New page: Compilation - Feb 13, 2019, 12:38:30 PM
[2019.02.14-04.38.30:099][214]CompilerResultsLog: Using 'git status' to determine working set for adaptive non-unity build (C:\Users\Connor\Documents\CP-School\Senior Project\GitRepos\Senior-Project-CPP-Testground).
[2019.02.14-04.38.30:099][214]CompilerResultsLog: Creating makefile for hot reloading HSPGameEditor (source directory changed)
[2019.02.14-04.38.30:099][214]CompilerResultsLog: Compiling game modules for hot reload
[2019.02.14-04.38.30:099][214]CompilerResultsLog: Using Visual Studio 2017 14.16.27023 toolchain (C:\Program Files (x86)\Microsoft Visual Studio\2017\Community\VC\Tools\MSVC\14.16.27023) and Windows 10.0.17763.0 SDK (C:\Program Files (x86)\Windows Kits\10).
[2019.02.14-04.38.30:099][214]CompilerResultsLog: Building 3 actions with 12 processes...
[2019.02.14-04.38.30:099][214]CompilerResultsLog:   [1/3] ProtagClass.cpp
[2019.02.14-04.38.30:099][214]CompilerResultsLog:    C:\Users\Connor\Documents\CP-School\Senior Project\GitRepos\Senior-Project-CPP-Testground\HSPGame\Source\HSPGame\ProtagClass.cpp(34) : error C2039: 'OnComponentBeginHit': is not a member of 'UCapsuleComponent'
[2019.02.14-04.38.30:100][214]CompilerResultsLog:   C:\Program Files\Epic Games\UE_4.21\Engine\Source\Runtime\Engine\Classes\GameFramework/NavMovementComponent.h(19): note: see declaration of 'UCapsuleComponent'
[2019.02.14-04.38.30:100][214]CompilerResultsLog: ERROR: UBT ERROR: Failed to produce item: C:\Users\Connor\Documents\CP-School\Senior Project\GitRepos\Senior-Project-CPP-Testground\HSPGame\Binaries\Win64\UE4Editor-HSPGame-1992.dll
[2019.02.14-04.38.30:100][214]CompilerResultsLog:        (see ../Programs/UnrealBuildTool/Log.txt for full exception trace)
[2019.02.14-04.38.30:100][214]CompilerResultsLog: Total build time: 6.11 seconds (Parallel executor: 0.00 seconds)
[2019.02.14-04.38.30:100][214]LogMainFrame: MainFrame: Module compiling took 6.351 seconds
[2019.02.14-04.38.30:100][214]Warning: HotReload failed, recompile failed
[2019.02.14-04.38.46:047][516]Candidate modules for hot reload:
[2019.02.14-04.38.46:048][516]  HSPGame
[2019.02.14-04.38.46:048][516]Launching UnrealBuildTool... [C:/Program Files/Epic Games/UE_4.21/Engine/Binaries/DotNET/UnrealBuildTool.exe  -ModuleWithSuffix=HSPGame,5342 Win64 Development -TargetType=Editor -Project="../../../../../../Users/Connor/Documents/CP-School/Senior Project/GitRepos/Senior-Project-CPP-Testground/HSPGame/HSPGame.uproject" -canskiplink "C:/Users/Connor/Documents/CP-School/Senior Project/GitRepos/Senior-Project-CPP-Testground/HSPGame/HSPGame.uproject" ]
[2019.02.14-04.38.46:050][516]Warning: Starting HotReload took  0.0s.
[2019.02.14-04.38.47:375][596]LogSlate: Window 'Message Log' being destroyed
[2019.02.14-04.38.47:380][596]LogSlate: Window 'Message Log' being destroyed
[2019.02.14-04.38.52:513][905]CompilerResultsLog: New page: Compilation - Feb 13, 2019, 12:38:52 PM
[2019.02.14-04.38.52:513][905]CompilerResultsLog: Using 'git status' to determine working set for adaptive non-unity build (C:\Users\Connor\Documents\CP-School\Senior Project\GitRepos\Senior-Project-CPP-Testground).
[2019.02.14-04.38.52:513][905]CompilerResultsLog: Creating makefile for hot reloading HSPGameEditor (source directory changed)
[2019.02.14-04.38.52:513][905]CompilerResultsLog: Compiling game modules for hot reload
[2019.02.14-04.38.52:513][905]CompilerResultsLog: Using Visual Studio 2017 14.16.27023 toolchain (C:\Program Files (x86)\Microsoft Visual Studio\2017\Community\VC\Tools\MSVC\14.16.27023) and Windows 10.0.17763.0 SDK (C:\Program Files (x86)\Windows Kits\10).
[2019.02.14-04.38.52:513][905]CompilerResultsLog: Building 3 actions with 12 processes...
[2019.02.14-04.38.52:513][905]CompilerResultsLog:   [1/3] ProtagClass.cpp
[2019.02.14-04.38.52:514][905]CompilerResultsLog:    C:\Users\Connor\Documents\CP-School\Senior Project\GitRepos\Senior-Project-CPP-Testground\HSPGame\Source\HSPGame\ProtagClass.cpp(34) : error C2664: 'void TBaseDynamicMulticastDelegate<FWeakObjectPtr,void,UPrimitiveComponent *,AActor *,UPrimitiveComponent *,FVector,const FHitResult &>::__Internal_AddDynamic<AProtagClass>(UserClass *,void (__cdecl AProtagClass::* )(UPrimitiveComponent *,AActor *,UPrimitiveComponent *,FVector,const FHitResult &),FName)': cannot convert argument 2 from 'void (__cdecl AProtagClass::* )(UPrimitiveComponent *,AActor *,UPrimitiveComponent *,int32,bool,const FHitResult &)' to 'void (__cdecl AProtagClass::* )(UPrimitiveComponent *,AActor *,UPrimitiveComponent *,FVector,const FHitResult &)'
[2019.02.14-04.38.52:514][905]CompilerResultsLog:           with
[2019.02.14-04.38.52:514][905]CompilerResultsLog:           [
[2019.02.14-04.38.52:514][905]CompilerResultsLog:               UserClass=AProtagClass
[2019.02.14-04.38.52:514][905]CompilerResultsLog:           ]
[2019.02.14-04.38.52:514][905]CompilerResultsLog:   C:\Users\Connor\Documents\CP-School\Senior Project\GitRepos\Senior-Project-CPP-Testground\HSPGame\Source\HSPGame\ProtagClass.cpp(34): note: Types pointed to are unrelated; conversion requires reinterpret_cast, C-style cast or function-style cast
[2019.02.14-04.38.52:514][905]CompilerResultsLog: ERROR: UBT ERROR: Failed to produce item: C:\Users\Connor\Documents\CP-School\Senior Project\GitRepos\Senior-Project-CPP-Testground\HSPGame\Binaries\Win64\UE4Editor-HSPGame-5342.dll
[2019.02.14-04.38.52:514][905]CompilerResultsLog:        (see ../Programs/UnrealBuildTool/Log.txt for full exception trace)
[2019.02.14-04.38.52:514][905]CompilerResultsLog: Total build time: 6.23 seconds (Parallel executor: 0.00 seconds)
[2019.02.14-04.38.52:514][905]LogMainFrame: MainFrame: Module compiling took 6.469 seconds
[2019.02.14-04.38.52:515][905]Warning: HotReload failed, recompile failed
[2019.02.14-04.40.35:555][509]Candidate modules for hot reload:
[2019.02.14-04.40.35:555][509]  HSPGame
[2019.02.14-04.40.35:555][509]Launching UnrealBuildTool... [C:/Program Files/Epic Games/UE_4.21/Engine/Binaries/DotNET/UnrealBuildTool.exe  -ModuleWithSuffix=HSPGame,1116 Win64 Development -TargetType=Editor -Project="../../../../../../Users/Connor/Documents/CP-School/Senior Project/GitRepos/Senior-Project-CPP-Testground/HSPGame/HSPGame.uproject" -canskiplink "C:/Users/Connor/Documents/CP-School/Senior Project/GitRepos/Senior-Project-CPP-Testground/HSPGame/HSPGame.uproject" ]
[2019.02.14-04.40.35:557][509]Warning: Starting HotReload took  0.0s.
[2019.02.14-04.40.38:448][683]LogSlate: Window 'Message Log' being destroyed
[2019.02.14-04.40.38:451][683]LogSlate: Window 'Message Log' being destroyed
[2019.02.14-04.40.49:818][118]CompilerResultsLog: New page: Compilation - Feb 13, 2019, 12:40:49 PM
[2019.02.14-04.40.49:818][118]CompilerResultsLog: Using 'git status' to determine working set for adaptive non-unity build (C:\Users\Connor\Documents\CP-School\Senior Project\GitRepos\Senior-Project-CPP-Testground).
[2019.02.14-04.40.49:818][118]CompilerResultsLog: Creating makefile for hot reloading HSPGameEditor (source directory changed)
[2019.02.14-04.40.49:818][118]CompilerResultsLog: Compiling game modules for hot reload
[2019.02.14-04.40.49:818][118]CompilerResultsLog: Using Visual Studio 2017 14.16.27023 toolchain (C:\Program Files (x86)\Microsoft Visual Studio\2017\Community\VC\Tools\MSVC\14.16.27023) and Windows 10.0.17763.0 SDK (C:\Program Files (x86)\Windows Kits\10).
[2019.02.14-04.40.49:818][118]CompilerResultsLog: Parsing headers for HSPGameEditor
[2019.02.14-04.40.49:818][118]CompilerResultsLog:   Running UnrealHeaderTool "C:\Users\Connor\Documents\CP-School\Senior Project\GitRepos\Senior-Project-CPP-Testground\HSPGame\HSPGame.uproject" "C:\Users\Connor\Documents\CP-School\Senior Project\GitRepos\Senior-Project-CPP-Testground\HSPGame\Intermediate\Build\Win64\HSPGameEditor\Development\HSPGameEditor.uhtmanifest" -LogCmds="loginit warning, logexit warning, logdatabase error" -Unattended -WarningsAsErrors -installed
[2019.02.14-04.40.49:819][118]CompilerResultsLog: Error: C:/Users/Connor/Documents/CP-School/Senior Project/GitRepos/Senior-Project-CPP-Testground/HSPGame/Source/HSPGame/ProtagClass.h(41)  : Error: Missing variable name
[2019.02.14-04.40.49:819][118]CompilerResultsLog: Error: UnrealHeaderTool failed for target 'HSPGameEditor' (platform: Win64, module info: C:\Users\Connor\Documents\CP-School\Senior Project\GitRepos\Senior-Project-CPP-Testground\HSPGame\Intermediate\Build\Win64\HSPGameEditor\Development\HSPGameEditor.uhtmanifest, exit code: OtherCompilationError (5)).
[2019.02.14-04.40.49:819][118]LogMainFrame: MainFrame: Module compiling took 14.266 seconds
[2019.02.14-04.40.49:819][118]Warning: HotReload failed, recompile failed
[2019.02.14-04.41.35:248][534]Candidate modules for hot reload:
[2019.02.14-04.41.35:248][534]  HSPGame
[2019.02.14-04.41.35:248][534]Launching UnrealBuildTool... [C:/Program Files/Epic Games/UE_4.21/Engine/Binaries/DotNET/UnrealBuildTool.exe  -ModuleWithSuffix=HSPGame,3944 Win64 Development -TargetType=Editor -Project="../../../../../../Users/Connor/Documents/CP-School/Senior Project/GitRepos/Senior-Project-CPP-Testground/HSPGame/HSPGame.uproject" -canskiplink "C:/Users/Connor/Documents/CP-School/Senior Project/GitRepos/Senior-Project-CPP-Testground/HSPGame/HSPGame.uproject" ]
[2019.02.14-04.41.35:250][534]Warning: Starting HotReload took  0.0s.
[2019.02.14-04.41.40:383][842]LogSlate: Window 'Message Log' being destroyed
[2019.02.14-04.41.40:386][842]LogSlate: Window 'Message Log' being destroyed
[2019.02.14-04.41.50:054][423]CompilerResultsLog: New page: Compilation - Feb 13, 2019, 12:41:50 PM
[2019.02.14-04.41.50:055][423]CompilerResultsLog: Using 'git status' to determine working set for adaptive non-unity build (C:\Users\Connor\Documents\CP-School\Senior Project\GitRepos\Senior-Project-CPP-Testground).
[2019.02.14-04.41.50:055][423]CompilerResultsLog: Creating makefile for hot reloading HSPGameEditor (source directory changed)
[2019.02.14-04.41.50:055][423]CompilerResultsLog: Compiling game modules for hot reload
[2019.02.14-04.41.50:055][423]CompilerResultsLog: Using Visual Studio 2017 14.16.27023 toolchain (C:\Program Files (x86)\Microsoft Visual Studio\2017\Community\VC\Tools\MSVC\14.16.27023) and Windows 10.0.17763.0 SDK (C:\Program Files (x86)\Windows Kits\10).
[2019.02.14-04.41.50:055][423]CompilerResultsLog: Parsing headers for HSPGameEditor
[2019.02.14-04.41.50:055][423]CompilerResultsLog:   Running UnrealHeaderTool "C:\Users\Connor\Documents\CP-School\Senior Project\GitRepos\Senior-Project-CPP-Testground\HSPGame\HSPGame.uproject" "C:\Users\Connor\Documents\CP-School\Senior Project\GitRepos\Senior-Project-CPP-Testground\HSPGame\Intermediate\Build\Win64\HSPGameEditor\Development\HSPGameEditor.uhtmanifest" -LogCmds="loginit warning, logexit warning, logdatabase error" -Unattended -WarningsAsErrors -installed
[2019.02.14-04.41.50:055][423]CompilerResultsLog: Error: C:/Users/Connor/Documents/CP-School/Senior Project/GitRepos/Senior-Project-CPP-Testground/HSPGame/Source/HSPGame/ProtagClass.h(41)  : Error: Missing variable name
[2019.02.14-04.41.50:056][423]CompilerResultsLog: Error: UnrealHeaderTool failed for target 'HSPGameEditor' (platform: Win64, module info: C:\Users\Connor\Documents\CP-School\Senior Project\GitRepos\Senior-Project-CPP-Testground\HSPGame\Intermediate\Build\Win64\HSPGameEditor\Development\HSPGameEditor.uhtmanifest, exit code: OtherCompilationError (5)).
[2019.02.14-04.41.50:056][423]LogMainFrame: MainFrame: Module compiling took 14.810 seconds
[2019.02.14-04.41.50:056][423]Warning: HotReload failed, recompile failed
