Log file open, 04/08/19 16:14:25
LogWindows: Failed to load 'aqProf.dll' (GetLastError=126)
LogWindows: File 'aqProf.dll' does not exist
LogWindows: Failed to load 'VtuneApi.dll' (GetLastError=126)
LogWindows: File 'VtuneApi.dll' does not exist
LogWindows: Failed to load 'VtuneApi32e.dll' (GetLastError=126)
LogWindows: File 'VtuneApi32e.dll' does not exist
LogConsoleResponse: Display: Failed to find resolution value strings in scalability ini. Falling back to default.
LogInit: Display: Running engine for game: HSPGame
LogPakFile: Registered encryption key '00000000000000000000000000000000': 0 pak files mounted, 0 remain pending
LogPlatformFile: Not using cached read wrapper
LogTaskGraph: Started task graph with 5 named threads and 23 total threads with 3 sets of task threads.
LogStats: Stats thread started at 0.400650
LogD3D11RHI: Loaded GFSDK_Aftermath_Lib.x64.dll
LogICUInternationalization: ICU TimeZone Detection - Raw Offset: -8:00, Platform Override: ''
LogPluginManager: Mounting plugin Paper2D
LogPluginManager: Mounting plugin AISupport
LogPluginManager: Mounting plugin LightPropagationVolume
LogPluginManager: Mounting plugin ActorLayerUtilities
LogPluginManager: Mounting plugin CLionSourceCodeAccess
LogPluginManager: Mounting plugin CodeLiteSourceCodeAccess
LogPluginManager: Mounting plugin GitSourceControl
LogPluginManager: Mounting plugin KDevelopSourceCodeAccess
LogPluginManager: Mounting plugin NullSourceCodeAccess
LogPluginManager: Mounting plugin PerforceSourceControl
LogPluginManager: Mounting plugin SubversionSourceControl
LogPluginManager: Mounting plugin UObjectPlugin
LogPluginManager: Mounting plugin VisualStudioCodeSourceCodeAccess
LogPluginManager: Mounting plugin VisualStudioSourceCodeAccess
LogPluginManager: Mounting plugin XCodeSourceCodeAccess
LogPluginManager: Mounting plugin AssetManagerEditor
LogPluginManager: Mounting plugin CryptoKeys
LogPluginManager: Mounting plugin DataValidation
LogPluginManager: Mounting plugin FacialAnimation
LogPluginManager: Mounting plugin GameplayTagsEditor
LogPluginManager: Mounting plugin MacGraphicsSwitching
LogPluginManager: Mounting plugin MeshEditor
LogPluginManager: Mounting plugin MobileLauncherProfileWizard
LogPluginManager: Mounting plugin PluginBrowser
LogPluginManager: Mounting plugin SpeedTreeImporter
LogPluginManager: Mounting plugin DatasmithContent
LogPluginManager: Mounting plugin VariantManagerContent
LogPluginManager: Mounting plugin AlembicImporter
LogPluginManager: Mounting plugin AppleImageUtils
LogPluginManager: Mounting plugin AppleVision
LogPluginManager: Mounting plugin BackChannel
LogPluginManager: Mounting plugin CharacterAI
LogPluginManager: Mounting plugin GeometryCache
LogPluginManager: Mounting plugin HTML5Networking
LogPluginManager: Mounting plugin ProxyLODPlugin
LogPluginManager: Mounting plugin MagicLeap
LogPluginManager: Mounting plugin MagicLeapMedia
LogPluginManager: Mounting plugin AndroidMedia
LogPluginManager: Mounting plugin AvfMedia
LogPluginManager: Mounting plugin ImgMedia
LogPluginManager: Mounting plugin LinearTimecode
LogPluginManager: Mounting plugin MediaCompositing
LogPluginManager: Mounting plugin MediaPlayerEditor
LogPluginManager: Mounting plugin WebMMedia
LogPluginManager: Mounting plugin WmfMedia
LogPluginManager: Mounting plugin TcpMessaging
LogPluginManager: Mounting plugin UdpMessaging
LogPluginManager: Mounting plugin ActorSequence
LogPluginManager: Mounting plugin LevelSequenceEditor
LogPluginManager: Mounting plugin MatineeToLevelSequence
LogPluginManager: Mounting plugin NetcodeUnitTest
LogPluginManager: Mounting plugin NUTUnrealEngine4
LogPluginManager: Mounting plugin OnlineSubsystemGooglePlay
LogPluginManager: Mounting plugin OnlineSubsystemIOS
LogPluginManager: Mounting plugin OnlineSubsystem
LogPluginManager: Mounting plugin OnlineSubsystemNull
LogPluginManager: Mounting plugin OnlineSubsystemUtils
LogPluginManager: Mounting plugin LauncherChunkInstaller
LogPluginManager: Mounting plugin AndroidDeviceProfileSelector
LogPluginManager: Mounting plugin AndroidMoviePlayer
LogPluginManager: Mounting plugin AndroidPermission
LogPluginManager: Mounting plugin AppleMoviePlayer
LogPluginManager: Mounting plugin ArchVisCharacter
LogPluginManager: Mounting plugin AudioCapture
LogPluginManager: Mounting plugin CableComponent
LogPluginManager: Mounting plugin CustomMeshComponent
LogPluginManager: Mounting plugin EditableMesh
LogPluginManager: Mounting plugin ExampleDeviceProfileSelector
LogPluginManager: Mounting plugin Firebase
LogPluginManager: Mounting plugin GoogleCloudMessaging
LogPluginManager: Mounting plugin IOSDeviceProfileSelector
LogPluginManager: Mounting plugin LinuxDeviceProfileSelector
LogPluginManager: Mounting plugin LocationServicesBPLibrary
LogPluginManager: Mounting plugin MobilePatchingUtils
LogPluginManager: Mounting plugin OculusVR
LogPluginManager: Mounting plugin PhysXVehicles
LogPluginManager: Mounting plugin ProceduralMeshComponent
LogPluginManager: Mounting plugin RuntimePhysXCooking
LogPluginManager: Mounting plugin SteamVR
LogPluginManager: Mounting plugin WebMMoviePlayer
LogPluginManager: Mounting plugin WindowsMoviePlayer
LogStreaming: Display: Took  0.113s to configure plugins.
LogInit: Using libcurl 7.55.1-DEV
LogInit:  - built for x86_64-pc-win32
LogInit:  - supports SSL with OpenSSL/1.0.2h
LogInit:  - supports HTTP deflate (compression) using libz 1.2.8
LogInit:  - other features:
LogInit:      CURL_VERSION_SSL
LogInit:      CURL_VERSION_LIBZ
LogInit:      CURL_VERSION_IPV6
LogInit:      CURL_VERSION_ASYNCHDNS
LogInit:      CURL_VERSION_LARGEFILE
LogInit:      CURL_VERSION_IDN
LogInit:  CurlRequestOptions (configurable via config and command line):
LogInit:  - bVerifyPeer = true  - Libcurl will verify peer certificate
LogInit:  - bUseHttpProxy = false  - Libcurl will NOT use HTTP proxy
LogInit:  - bDontReuseConnections = false  - Libcurl will reuse connections
LogInit:  - MaxHostConnections = 16  - Libcurl will limit the number of connections to a host
LogInit:  - LocalHostAddr = Default
LogInit:  - BufferSize = 65536
LogInit: WinSock: version 1.1 (2.2), MaxSocks=32767, MaxUdp=65467
LogInit: Build: ++UE4+Release-4.21-CL-4753647
LogInit: Engine Version: 4.21.2-4753647+++UE4+Release-4.21
LogInit: Compatible Engine Version: 4.21.0-4541578+++UE4+Release-4.21
LogInit: Net CL: 4541578
LogInit: OS: Windows 10 (), CPU: Intel(R) Core(TM) i7-6700K CPU @ 4.00GHz, GPU: NVIDIA GeForce RTX 2080
LogInit: Compiled (64-bit): Jan 19 2019 02:07:31
LogInit: Compiled with Visual C++: 19.13.26129.00
LogInit: Build Configuration: Development
LogInit: Branch Name: ++UE4+Release-4.21
LogInit: Command Line:  -skipcompile
LogInit: Base Directory: G:/Games/Epic/Games/UE_4.21/Engine/Binaries/Win64/
LogInit: Installed Engine Build: 1
LogDevObjectVersion: Number of dev versions registered: 22
LogDevObjectVersion:   Dev-Blueprints (B0D832E4-1F89-4F0D-ACCF-7EB736FD4AA2): 10
LogDevObjectVersion:   Dev-Build (E1C64328-A22C-4D53-A36C-8E866417BD8C): 0
LogDevObjectVersion:   Dev-Core (375EC13C-06E4-48FB-B500-84F0262A717E): 2
LogDevObjectVersion:   Dev-Editor (E4B068ED-F494-42E9-A231-DA0B2E46BB41): 26
LogDevObjectVersion:   Dev-Framework (CFFC743F-43B0-4480-9391-14DF171D2073): 34
LogDevObjectVersion:   Dev-Mobile (B02B49B5-BB20-44E9-A304-32B752E40360): 2
LogDevObjectVersion:   Dev-Networking (A4E4105C-59A1-49B5-A7C5-40C4547EDFEE): 0
LogDevObjectVersion:   Dev-Online (39C831C9-5AE6-47DC-9A44-9C173E1C8E7C): 0
LogDevObjectVersion:   Dev-Physics (78F01B33-EBEA-4F98-B9B4-84EACCB95AA2): 0
LogDevObjectVersion:   Dev-Platform (6631380F-2D4D-43E0-8009-CF276956A95A): 0
LogDevObjectVersion:   Dev-Rendering (12F88B9F-8875-4AFC-A67C-D90C383ABD29): 27
LogDevObjectVersion:   Dev-Sequencer (7B5AE74C-D270-4C10-A958-57980B212A5A): 9
LogDevObjectVersion:   Dev-VR (D7296918-1DD6-4BDD-9DE2-64A83CC13884): 2
LogDevObjectVersion:   Dev-LoadTimes (C2A15278-BFE7-4AFE-6C17-90FF531DF755): 1
LogDevObjectVersion:   Private-Geometry (6EACA3D4-40EC-4CC1-B786-8BED09428FC5): 3
LogDevObjectVersion:   Dev-AnimPhys (29E575DD-E0A3-4627-9D10-D276232CDCEA): 17
LogDevObjectVersion:   Dev-Anim (AF43A65D-7FD3-4947-9873-3E8ED9C1BB05): 2
LogDevObjectVersion:   Dev-ReflectionCapture (6B266CEC-1EC7-4B8F-A30B-E4D90942FC07): 1
LogDevObjectVersion:   Dev-Automation (0DF73D61-A23F-47EA-B727-89E90C41499A): 1
LogDevObjectVersion:   FortniteMain (601D1886-AC64-4F84-AA16-D3DE0DEAC7D6): 17
LogDevObjectVersion:   Dev-Enterprise (9DFFBCD6-494F-0158-E221-12823C92A888): 4
LogDevObjectVersion:   Dev-Niagara (F2AED0AC-9AFE-416F-8664-AA7FFA26D6FC): 1
LogStreaming: Display: Took  0.002s to delete old logs.
LogInit: Presizing for max 8388607 objects, including 0 objects not considered by GC, pre-allocating 0 bytes for permanent pool.
LogInit: Object subsystem initialized
LogConfig: Setting CVar [[con.DebugEarlyDefault:1]]
LogConfig: Setting CVar [[r.setres:1280x720]]
[2019.04.08-23.14.26:913][  0]LogConfig: Setting CVar [[r.VSync:0]]
[2019.04.08-23.14.26:913][  0]LogConfig: Setting CVar [[r.RHICmdBypass:0]]
[2019.04.08-23.14.26:913][  0]LogConfig: Applying CVar settings from Section [/Script/Engine.RendererSettings] File [C:/Users/gosus/Documents/CP-School/SeniorProject/gitRepos/Senior-Project-CPP-Game/Saved/Config/Windows/Engine.ini]
[2019.04.08-23.14.26:913][  0]LogConfig: Setting CVar [[r.GPUCrashDebugging:0]]
[2019.04.08-23.14.26:913][  0]LogConfig: Applying CVar settings from Section [/Script/Engine.RendererOverrideSettings] File [C:/Users/gosus/Documents/CP-School/SeniorProject/gitRepos/Senior-Project-CPP-Game/Saved/Config/Windows/Engine.ini]
[2019.04.08-23.14.26:914][  0]LogConfig: Applying CVar settings from Section [/Script/Engine.StreamingSettings] File [C:/Users/gosus/Documents/CP-School/SeniorProject/gitRepos/Senior-Project-CPP-Game/Saved/Config/Windows/Engine.ini]
[2019.04.08-23.14.26:914][  0]LogConfig: Setting CVar [[s.MinBulkDataSizeForAsyncLoading:131072]]
[2019.04.08-23.14.26:914][  0]LogConfig: Setting CVar [[s.AsyncLoadingThreadEnabled:0]]
[2019.04.08-23.14.26:914][  0]LogConfig: Setting CVar [[s.EventDrivenLoaderEnabled:1]]
[2019.04.08-23.14.26:914][  0]LogConfig: Setting CVar [[s.WarnIfTimeLimitExceeded:0]]
[2019.04.08-23.14.26:914][  0]LogConfig: Setting CVar [[s.TimeLimitExceededMultiplier:1.5]]
[2019.04.08-23.14.26:914][  0]LogConfig: Setting CVar [[s.TimeLimitExceededMinTime:0.005]]
[2019.04.08-23.14.26:914][  0]LogConfig: Setting CVar [[s.UseBackgroundLevelStreaming:1]]
[2019.04.08-23.14.26:914][  0]LogConfig: Setting CVar [[s.PriorityAsyncLoadingExtraTime:15.0]]
[2019.04.08-23.14.26:914][  0]LogConfig: Setting CVar [[s.LevelStreamingActorsUpdateTimeLimit:5.0]]
[2019.04.08-23.14.26:914][  0]LogConfig: Setting CVar [[s.PriorityLevelStreamingActorsUpdateExtraTime:5.0]]
[2019.04.08-23.14.26:914][  0]LogConfig: Setting CVar [[s.LevelStreamingComponentsRegistrationGranularity:10]]
[2019.04.08-23.14.26:914][  0]LogConfig: Setting CVar [[s.UnregisterComponentsTimeLimit:1.0]]
[2019.04.08-23.14.26:914][  0]LogConfig: Setting CVar [[s.LevelStreamingComponentsUnregistrationGranularity:5]]
[2019.04.08-23.14.26:914][  0]LogConfig: Applying CVar settings from Section [/Script/Engine.GarbageCollectionSettings] File [C:/Users/gosus/Documents/CP-School/SeniorProject/gitRepos/Senior-Project-CPP-Game/Saved/Config/Windows/Engine.ini]
[2019.04.08-23.14.26:914][  0]LogConfig: Setting CVar [[gc.MaxObjectsNotConsideredByGC:1]]
[2019.04.08-23.14.26:914][  0]LogConfig: Setting CVar [[gc.SizeOfPermanentObjectPool:0]]
[2019.04.08-23.14.26:914][  0]LogConfig: Setting CVar [[gc.FlushStreamingOnGC:0]]
[2019.04.08-23.14.26:914][  0]LogConfig: Setting CVar [[gc.NumRetriesBeforeForcingGC:10]]
[2019.04.08-23.14.26:914][  0]LogConfig: Setting CVar [[gc.AllowParallelGC:1]]
[2019.04.08-23.14.26:914][  0]LogConfig: Setting CVar [[gc.TimeBetweenPurgingPendingKillObjects:61.1]]
[2019.04.08-23.14.26:915][  0]LogConfig: Setting CVar [[gc.MaxObjectsInEditor:8388607]]
[2019.04.08-23.14.26:915][  0]LogConfig: Setting CVar [[gc.IncrementalBeginDestroyEnabled:1]]
[2019.04.08-23.14.26:915][  0]LogConfig: Setting CVar [[gc.CreateGCClusters:1]]
[2019.04.08-23.14.26:915][  0]LogConfig: Setting CVar [[gc.MergeGCClusters:0]]
[2019.04.08-23.14.26:915][  0]LogConfig: Setting CVar [[gc.MinGCClusterSize:5]]
[2019.04.08-23.14.26:915][  0]LogConfig: Setting CVar [[gc.ActorClusteringEnabled:0]]
[2019.04.08-23.14.26:915][  0]LogConfig: Setting CVar [[gc.BlueprintClusteringEnabled:0]]
[2019.04.08-23.14.26:915][  0]LogConfig: Setting CVar [[gc.UseDisregardForGCOnDedicatedServers:0]]
[2019.04.08-23.14.26:915][  0]LogConfig: Applying CVar settings from Section [/Script/Engine.NetworkSettings] File [C:/Users/gosus/Documents/CP-School/SeniorProject/gitRepos/Senior-Project-CPP-Game/Saved/Config/Windows/Engine.ini]
[2019.04.08-23.14.26:915][  0]LogConfig: Applying CVar settings from Section [/Script/UnrealEd.CookerSettings] File [C:/Users/gosus/Documents/CP-School/SeniorProject/gitRepos/Senior-Project-CPP-Game/Saved/Config/Windows/Engine.ini]
[2019.04.08-23.14.26:938][  0]LogConfig: Applying CVar settings from Section [ViewDistanceQuality@3] File [C:/Users/gosus/Documents/CP-School/SeniorProject/gitRepos/Senior-Project-CPP-Game/Saved/Config/Windows/Scalability.ini]
[2019.04.08-23.14.26:938][  0]LogConfig: Setting CVar [[r.SkeletalMeshLODBias:0]]
[2019.04.08-23.14.26:938][  0]LogConfig: Setting CVar [[r.ViewDistanceScale:1.0]]
[2019.04.08-23.14.26:938][  0]LogConfig: Applying CVar settings from Section [AntiAliasingQuality@3] File [C:/Users/gosus/Documents/CP-School/SeniorProject/gitRepos/Senior-Project-CPP-Game/Saved/Config/Windows/Scalability.ini]
[2019.04.08-23.14.26:938][  0]LogConfig: Setting CVar [[r.PostProcessAAQuality:4]]
[2019.04.08-23.14.26:938][  0]LogConfig: Applying CVar settings from Section [ShadowQuality@3] File [C:/Users/gosus/Documents/CP-School/SeniorProject/gitRepos/Senior-Project-CPP-Game/Saved/Config/Windows/Scalability.ini]
[2019.04.08-23.14.26:938][  0]LogConfig: Setting CVar [[r.LightFunctionQuality:1]]
[2019.04.08-23.14.26:938][  0]LogConfig: Setting CVar [[r.ShadowQuality:5]]
[2019.04.08-23.14.26:938][  0]LogConfig: Setting CVar [[r.Shadow.CSM.MaxCascades:10]]
[2019.04.08-23.14.26:938][  0]LogConfig: Setting CVar [[r.Shadow.MaxResolution:2048]]
[2019.04.08-23.14.26:938][  0]LogConfig: Setting CVar [[r.Shadow.MaxCSMResolution:2048]]
[2019.04.08-23.14.26:938][  0]LogConfig: Setting CVar [[r.Shadow.RadiusThreshold:0.01]]
[2019.04.08-23.14.26:938][  0]LogConfig: Setting CVar [[r.Shadow.DistanceScale:1.0]]
[2019.04.08-23.14.26:939][  0]LogConfig: Setting CVar [[r.Shadow.CSM.TransitionScale:1.0]]
[2019.04.08-23.14.26:939][  0]LogConfig: Setting CVar [[r.Shadow.PreShadowResolutionFactor:1.0]]
[2019.04.08-23.14.26:939][  0]LogConfig: Setting CVar [[r.DistanceFieldShadowing:1]]
[2019.04.08-23.14.26:939][  0]LogConfig: Setting CVar [[r.DistanceFieldAO:1]]
[2019.04.08-23.14.26:939][  0]LogConfig: Setting CVar [[r.AOQuality:2]]
[2019.04.08-23.14.26:939][  0]LogConfig: Setting CVar [[r.VolumetricFog:1]]
[2019.04.08-23.14.26:939][  0]LogConfig: Setting CVar [[r.VolumetricFog.GridPixelSize:8]]
[2019.04.08-23.14.26:939][  0]LogConfig: Setting CVar [[r.VolumetricFog.GridSizeZ:128]]
[2019.04.08-23.14.26:939][  0]LogConfig: Setting CVar [[r.VolumetricFog.HistoryMissSupersampleCount:4]]
[2019.04.08-23.14.26:939][  0]LogConfig: Setting CVar [[r.LightMaxDrawDistanceScale:1]]
[2019.04.08-23.14.26:939][  0]LogConfig: Setting CVar [[r.CapsuleShadows:1]]
[2019.04.08-23.14.26:939][  0]LogConfig: Applying CVar settings from Section [PostProcessQuality@3] File [C:/Users/gosus/Documents/CP-School/SeniorProject/gitRepos/Senior-Project-CPP-Game/Saved/Config/Windows/Scalability.ini]
[2019.04.08-23.14.26:939][  0]LogConfig: Setting CVar [[r.MotionBlurQuality:4]]
[2019.04.08-23.14.26:939][  0]LogConfig: Setting CVar [[r.AmbientOcclusionMipLevelFactor:0.4]]
[2019.04.08-23.14.26:939][  0]LogConfig: Setting CVar [[r.AmbientOcclusionMaxQuality:100]]
[2019.04.08-23.14.26:939][  0]LogConfig: Setting CVar [[r.AmbientOcclusionLevels:-1]]
[2019.04.08-23.14.26:939][  0]LogConfig: Setting CVar [[r.AmbientOcclusionRadiusScale:1.0]]
[2019.04.08-23.14.26:939][  0]LogConfig: Setting CVar [[r.DepthOfFieldQuality:2]]
[2019.04.08-23.14.26:939][  0]LogConfig: Setting CVar [[r.RenderTargetPoolMin:400]]
[2019.04.08-23.14.26:940][  0]LogConfig: Setting CVar [[r.LensFlareQuality:2]]
[2019.04.08-23.14.26:940][  0]LogConfig: Setting CVar [[r.SceneColorFringeQuality:1]]
[2019.04.08-23.14.26:940][  0]LogConfig: Setting CVar [[r.EyeAdaptationQuality:2]]
[2019.04.08-23.14.26:940][  0]LogConfig: Setting CVar [[r.BloomQuality:5]]
[2019.04.08-23.14.26:940][  0]LogConfig: Setting CVar [[r.FastBlurThreshold:100]]
[2019.04.08-23.14.26:940][  0]LogConfig: Setting CVar [[r.Upscale.Quality:3]]
[2019.04.08-23.14.26:940][  0]LogConfig: Setting CVar [[r.Tonemapper.GrainQuantization:1]]
[2019.04.08-23.14.26:940][  0]LogConfig: Setting CVar [[r.LightShaftQuality:1]]
[2019.04.08-23.14.26:940][  0]LogConfig: Setting CVar [[r.Filter.SizeScale:1]]
[2019.04.08-23.14.26:940][  0]LogConfig: Setting CVar [[r.Tonemapper.Quality:5]]
[2019.04.08-23.14.26:940][  0]LogConfig: Setting CVar [[r.DOF.Gather.AccumulatorQuality:1        ; higher gathering accumulator quality]]
[2019.04.08-23.14.26:940][  0]LogConfig: Setting CVar [[r.DOF.Gather.PostfilterMethod:1          ; Median3x3 postfilering method]]
[2019.04.08-23.14.26:940][  0]LogConfig: Setting CVar [[r.DOF.Gather.EnableBokehSettings:0       ; no bokeh simulation when gathering]]
[2019.04.08-23.14.26:940][  0]LogConfig: Setting CVar [[r.DOF.Gather.RingCount:4                 ; medium number of samples when gathering]]
[2019.04.08-23.14.26:940][  0]LogConfig: Setting CVar [[r.DOF.Scatter.ForegroundCompositing:1    ; additive foreground scattering]]
[2019.04.08-23.14.26:940][  0]LogConfig: Setting CVar [[r.DOF.Scatter.BackgroundCompositing:2    ; additive background scattering]]
[2019.04.08-23.14.26:941][  0]LogConfig: Setting CVar [[r.DOF.Scatter.EnableBokehSettings:1      ; bokeh simulation when scattering]]
[2019.04.08-23.14.26:941][  0]LogConfig: Setting CVar [[r.DOF.Scatter.MaxSpriteRatio:0.1         ; only a maximum of 10% of scattered bokeh]]
[2019.04.08-23.14.26:941][  0]LogConfig: Setting CVar [[r.DOF.Recombine.Quality:1                ; cheap slight out of focus]]
[2019.04.08-23.14.26:941][  0]LogConfig: Setting CVar [[r.DOF.Recombine.EnableBokehSettings:0    ; no bokeh simulation on slight out of focus]]
[2019.04.08-23.14.26:941][  0]LogConfig: Setting CVar [[r.DOF.TemporalAAQuality:1                ; more stable temporal accumulation]]
[2019.04.08-23.14.26:941][  0]LogConfig: Setting CVar [[r.DOF.Kernel.MaxForegroundRadius:0.025]]
[2019.04.08-23.14.26:941][  0]LogConfig: Setting CVar [[r.DOF.Kernel.MaxBackgroundRadius:0.025]]
[2019.04.08-23.14.26:941][  0]LogConfig: Applying CVar settings from Section [TextureQuality@3] File [C:/Users/gosus/Documents/CP-School/SeniorProject/gitRepos/Senior-Project-CPP-Game/Saved/Config/Windows/Scalability.ini]
[2019.04.08-23.14.26:941][  0]LogConfig: Setting CVar [[r.Streaming.MipBias:0]]
[2019.04.08-23.14.26:941][  0]LogConfig: Setting CVar [[r.Streaming.AmortizeCPUToGPUCopy:0]]
[2019.04.08-23.14.26:941][  0]LogConfig: Setting CVar [[r.Streaming.MaxNumTexturesToStreamPerFrame:0]]
[2019.04.08-23.14.26:941][  0]LogConfig: Setting CVar [[r.Streaming.Boost:1]]
[2019.04.08-23.14.26:941][  0]LogConfig: Setting CVar [[r.MaxAnisotropy:8]]
[2019.04.08-23.14.26:941][  0]LogConfig: Setting CVar [[r.Streaming.LimitPoolSizeToVRAM:0]]
[2019.04.08-23.14.26:941][  0]LogConfig: Setting CVar [[r.Streaming.PoolSize:1000]]
[2019.04.08-23.14.26:941][  0]LogConfig: Setting CVar [[r.Streaming.MaxEffectiveScreenSize:0]]
[2019.04.08-23.14.26:941][  0]LogConfig: Applying CVar settings from Section [EffectsQuality@3] File [C:/Users/gosus/Documents/CP-School/SeniorProject/gitRepos/Senior-Project-CPP-Game/Saved/Config/Windows/Scalability.ini]
[2019.04.08-23.14.26:942][  0]LogConfig: Setting CVar [[r.TranslucencyLightingVolumeDim:64]]
[2019.04.08-23.14.26:942][  0]LogConfig: Setting CVar [[r.RefractionQuality:2]]
[2019.04.08-23.14.26:942][  0]LogConfig: Setting CVar [[r.SSR.Quality:3]]
[2019.04.08-23.14.26:942][  0]LogConfig: Setting CVar [[r.SceneColorFormat:4]]
[2019.04.08-23.14.26:942][  0]LogConfig: Setting CVar [[r.DetailMode:2]]
[2019.04.08-23.14.26:942][  0]LogConfig: Setting CVar [[r.TranslucencyVolumeBlur:1]]
[2019.04.08-23.14.26:942][  0]LogConfig: Setting CVar [[r.MaterialQualityLevel:1 ; High quality]]
[2019.04.08-23.14.26:942][  0]LogConfig: Setting CVar [[r.SSS.Scale:1]]
[2019.04.08-23.14.26:942][  0]LogConfig: Setting CVar [[r.SSS.SampleSet:2]]
[2019.04.08-23.14.26:942][  0]LogConfig: Setting CVar [[r.SSS.Quality:1]]
[2019.04.08-23.14.26:942][  0]LogConfig: Setting CVar [[r.SSS.HalfRes:1]]
[2019.04.08-23.14.26:942][  0]LogConfig: Setting CVar [[r.EmitterSpawnRateScale:1.0]]
[2019.04.08-23.14.26:942][  0]LogConfig: Setting CVar [[r.ParticleLightQuality:2]]
[2019.04.08-23.14.26:942][  0]LogConfig: Applying CVar settings from Section [FoliageQuality@3] File [C:/Users/gosus/Documents/CP-School/SeniorProject/gitRepos/Senior-Project-CPP-Game/Saved/Config/Windows/Scalability.ini]
[2019.04.08-23.14.26:942][  0]LogConfig: Setting CVar [[foliage.DensityScale:1.0]]
[2019.04.08-23.14.26:942][  0]LogConfig: Setting CVar [[grass.DensityScale:1.0]]
[2019.04.08-23.14.26:943][  0]LogInit: Selected Device Profile: [Windows]
[2019.04.08-23.14.26:944][  0]LogInit: Applying CVar settings loaded from the selected device profile: [Windows]
[2019.04.08-23.14.26:965][  0]LogHAL: Display: Platform has ~ 32 GB [34313105408 / 34359738368 / 32], which maps to Largest [LargestMinGB=32, LargerMinGB=12, DefaultMinGB=8, SmallerMinGB=6, SmallestMinGB=0)
[2019.04.08-23.14.26:967][  0]LogConfig: Setting CVar [[r.Vulkan.UseRealUBs:1]]
[2019.04.08-23.14.26:967][  0]LogInit: Going up to parent DeviceProfile []
[2019.04.08-23.14.26:967][  0]LogConfig: Applying CVar settings from Section [ViewDistanceQuality@3] File [C:/Users/gosus/Documents/CP-School/SeniorProject/gitRepos/Senior-Project-CPP-Game/Saved/Config/Windows/Scalability.ini]
[2019.04.08-23.14.26:967][  0]LogConfig: Setting CVar [[r.SkeletalMeshLODBias:0]]
[2019.04.08-23.14.26:967][  0]LogConfig: Setting CVar [[r.ViewDistanceScale:1.0]]
[2019.04.08-23.14.26:967][  0]LogConfig: Applying CVar settings from Section [AntiAliasingQuality@3] File [C:/Users/gosus/Documents/CP-School/SeniorProject/gitRepos/Senior-Project-CPP-Game/Saved/Config/Windows/Scalability.ini]
[2019.04.08-23.14.26:967][  0]LogConfig: Setting CVar [[r.PostProcessAAQuality:4]]
[2019.04.08-23.14.26:967][  0]LogConfig: Applying CVar settings from Section [ShadowQuality@3] File [C:/Users/gosus/Documents/CP-School/SeniorProject/gitRepos/Senior-Project-CPP-Game/Saved/Config/Windows/Scalability.ini]
[2019.04.08-23.14.26:967][  0]LogConfig: Setting CVar [[r.LightFunctionQuality:1]]
[2019.04.08-23.14.26:968][  0]LogConfig: Setting CVar [[r.ShadowQuality:5]]
[2019.04.08-23.14.26:968][  0]LogConfig: Setting CVar [[r.Shadow.CSM.MaxCascades:10]]
[2019.04.08-23.14.26:968][  0]LogConfig: Setting CVar [[r.Shadow.MaxResolution:2048]]
[2019.04.08-23.14.26:968][  0]LogConfig: Setting CVar [[r.Shadow.MaxCSMResolution:2048]]
[2019.04.08-23.14.26:968][  0]LogConfig: Setting CVar [[r.Shadow.RadiusThreshold:0.01]]
[2019.04.08-23.14.26:968][  0]LogConfig: Setting CVar [[r.Shadow.DistanceScale:1.0]]
[2019.04.08-23.14.26:968][  0]LogConfig: Setting CVar [[r.Shadow.CSM.TransitionScale:1.0]]
[2019.04.08-23.14.26:968][  0]LogConfig: Setting CVar [[r.Shadow.PreShadowResolutionFactor:1.0]]
[2019.04.08-23.14.26:968][  0]LogConfig: Setting CVar [[r.DistanceFieldShadowing:1]]
[2019.04.08-23.14.26:968][  0]LogConfig: Setting CVar [[r.DistanceFieldAO:1]]
[2019.04.08-23.14.26:968][  0]LogConfig: Setting CVar [[r.AOQuality:2]]
[2019.04.08-23.14.26:968][  0]LogConfig: Setting CVar [[r.VolumetricFog:1]]
[2019.04.08-23.14.26:968][  0]LogConfig: Setting CVar [[r.VolumetricFog.GridPixelSize:8]]
[2019.04.08-23.14.26:968][  0]LogConfig: Setting CVar [[r.VolumetricFog.GridSizeZ:128]]
[2019.04.08-23.14.26:968][  0]LogConfig: Setting CVar [[r.VolumetricFog.HistoryMissSupersampleCount:4]]
[2019.04.08-23.14.26:968][  0]LogConfig: Setting CVar [[r.LightMaxDrawDistanceScale:1]]
[2019.04.08-23.14.26:968][  0]LogConfig: Setting CVar [[r.CapsuleShadows:1]]
[2019.04.08-23.14.26:968][  0]LogConfig: Applying CVar settings from Section [PostProcessQuality@3] File [C:/Users/gosus/Documents/CP-School/SeniorProject/gitRepos/Senior-Project-CPP-Game/Saved/Config/Windows/Scalability.ini]
[2019.04.08-23.14.26:968][  0]LogConfig: Setting CVar [[r.MotionBlurQuality:4]]
[2019.04.08-23.14.26:968][  0]LogConfig: Setting CVar [[r.AmbientOcclusionMipLevelFactor:0.4]]
[2019.04.08-23.14.26:968][  0]LogConfig: Setting CVar [[r.AmbientOcclusionMaxQuality:100]]
[2019.04.08-23.14.26:969][  0]LogConfig: Setting CVar [[r.AmbientOcclusionLevels:-1]]
[2019.04.08-23.14.26:969][  0]LogConfig: Setting CVar [[r.AmbientOcclusionRadiusScale:1.0]]
[2019.04.08-23.14.26:969][  0]LogConfig: Setting CVar [[r.DepthOfFieldQuality:2]]
[2019.04.08-23.14.26:969][  0]LogConfig: Setting CVar [[r.RenderTargetPoolMin:400]]
[2019.04.08-23.14.26:969][  0]LogConfig: Setting CVar [[r.LensFlareQuality:2]]
[2019.04.08-23.14.26:969][  0]LogConfig: Setting CVar [[r.SceneColorFringeQuality:1]]
[2019.04.08-23.14.26:969][  0]LogConfig: Setting CVar [[r.EyeAdaptationQuality:2]]
[2019.04.08-23.14.26:969][  0]LogConfig: Setting CVar [[r.BloomQuality:5]]
[2019.04.08-23.14.26:969][  0]LogConfig: Setting CVar [[r.FastBlurThreshold:100]]
[2019.04.08-23.14.26:969][  0]LogConfig: Setting CVar [[r.Upscale.Quality:3]]
[2019.04.08-23.14.26:969][  0]LogConfig: Setting CVar [[r.Tonemapper.GrainQuantization:1]]
[2019.04.08-23.14.26:969][  0]LogConfig: Setting CVar [[r.LightShaftQuality:1]]
[2019.04.08-23.14.26:969][  0]LogConfig: Setting CVar [[r.Filter.SizeScale:1]]
[2019.04.08-23.14.26:969][  0]LogConfig: Setting CVar [[r.Tonemapper.Quality:5]]
[2019.04.08-23.14.26:969][  0]LogConfig: Setting CVar [[r.DOF.Gather.AccumulatorQuality:1        ; higher gathering accumulator quality]]
[2019.04.08-23.14.26:969][  0]LogConfig: Setting CVar [[r.DOF.Gather.PostfilterMethod:1          ; Median3x3 postfilering method]]
[2019.04.08-23.14.26:969][  0]LogConfig: Setting CVar [[r.DOF.Gather.EnableBokehSettings:0       ; no bokeh simulation when gathering]]
[2019.04.08-23.14.26:969][  0]LogConfig: Setting CVar [[r.DOF.Gather.RingCount:4                 ; medium number of samples when gathering]]
[2019.04.08-23.14.26:969][  0]LogConfig: Setting CVar [[r.DOF.Scatter.ForegroundCompositing:1    ; additive foreground scattering]]
[2019.04.08-23.14.26:969][  0]LogConfig: Setting CVar [[r.DOF.Scatter.BackgroundCompositing:2    ; additive background scattering]]
[2019.04.08-23.14.26:969][  0]LogConfig: Setting CVar [[r.DOF.Scatter.EnableBokehSettings:1      ; bokeh simulation when scattering]]
[2019.04.08-23.14.26:969][  0]LogConfig: Setting CVar [[r.DOF.Scatter.MaxSpriteRatio:0.1         ; only a maximum of 10% of scattered bokeh]]
[2019.04.08-23.14.26:969][  0]LogConfig: Setting CVar [[r.DOF.Recombine.Quality:1                ; cheap slight out of focus]]
[2019.04.08-23.14.26:970][  0]LogConfig: Setting CVar [[r.DOF.Recombine.EnableBokehSettings:0    ; no bokeh simulation on slight out of focus]]
[2019.04.08-23.14.26:970][  0]LogConfig: Setting CVar [[r.DOF.TemporalAAQuality:1                ; more stable temporal accumulation]]
[2019.04.08-23.14.26:970][  0]LogConfig: Setting CVar [[r.DOF.Kernel.MaxForegroundRadius:0.025]]
[2019.04.08-23.14.26:970][  0]LogConfig: Setting CVar [[r.DOF.Kernel.MaxBackgroundRadius:0.025]]
[2019.04.08-23.14.26:970][  0]LogConfig: Applying CVar settings from Section [TextureQuality@3] File [C:/Users/gosus/Documents/CP-School/SeniorProject/gitRepos/Senior-Project-CPP-Game/Saved/Config/Windows/Scalability.ini]
[2019.04.08-23.14.26:970][  0]LogConfig: Setting CVar [[r.Streaming.MipBias:0]]
[2019.04.08-23.14.26:970][  0]LogConfig: Setting CVar [[r.Streaming.AmortizeCPUToGPUCopy:0]]
[2019.04.08-23.14.26:970][  0]LogConfig: Setting CVar [[r.Streaming.MaxNumTexturesToStreamPerFrame:0]]
[2019.04.08-23.14.26:970][  0]LogConfig: Setting CVar [[r.Streaming.Boost:1]]
[2019.04.08-23.14.26:970][  0]LogConfig: Setting CVar [[r.MaxAnisotropy:8]]
[2019.04.08-23.14.26:970][  0]LogConfig: Setting CVar [[r.Streaming.LimitPoolSizeToVRAM:0]]
[2019.04.08-23.14.26:970][  0]LogConfig: Setting CVar [[r.Streaming.PoolSize:1000]]
[2019.04.08-23.14.26:970][  0]LogConfig: Setting CVar [[r.Streaming.MaxEffectiveScreenSize:0]]
[2019.04.08-23.14.26:970][  0]LogConfig: Applying CVar settings from Section [EffectsQuality@3] File [C:/Users/gosus/Documents/CP-School/SeniorProject/gitRepos/Senior-Project-CPP-Game/Saved/Config/Windows/Scalability.ini]
[2019.04.08-23.14.26:970][  0]LogConfig: Setting CVar [[r.TranslucencyLightingVolumeDim:64]]
[2019.04.08-23.14.26:970][  0]LogConfig: Setting CVar [[r.RefractionQuality:2]]
[2019.04.08-23.14.26:970][  0]LogConfig: Setting CVar [[r.SSR.Quality:3]]
[2019.04.08-23.14.26:970][  0]LogConfig: Setting CVar [[r.SceneColorFormat:4]]
[2019.04.08-23.14.26:970][  0]LogConfig: Setting CVar [[r.DetailMode:2]]
[2019.04.08-23.14.26:970][  0]LogConfig: Setting CVar [[r.TranslucencyVolumeBlur:1]]
[2019.04.08-23.14.26:970][  0]LogConfig: Setting CVar [[r.MaterialQualityLevel:1 ; High quality]]
[2019.04.08-23.14.26:970][  0]LogConfig: Setting CVar [[r.SSS.Scale:1]]
[2019.04.08-23.14.26:971][  0]LogConfig: Setting CVar [[r.SSS.SampleSet:2]]
[2019.04.08-23.14.26:971][  0]LogConfig: Setting CVar [[r.SSS.Quality:1]]
[2019.04.08-23.14.26:971][  0]LogConfig: Setting CVar [[r.SSS.HalfRes:1]]
[2019.04.08-23.14.26:971][  0]LogConfig: Setting CVar [[r.EmitterSpawnRateScale:1.0]]
[2019.04.08-23.14.26:971][  0]LogConfig: Setting CVar [[r.ParticleLightQuality:2]]
[2019.04.08-23.14.26:971][  0]LogConfig: Applying CVar settings from Section [FoliageQuality@3] File [C:/Users/gosus/Documents/CP-School/SeniorProject/gitRepos/Senior-Project-CPP-Game/Saved/Config/Windows/Scalability.ini]
[2019.04.08-23.14.26:971][  0]LogConfig: Setting CVar [[foliage.DensityScale:1.0]]
[2019.04.08-23.14.26:971][  0]LogConfig: Setting CVar [[grass.DensityScale:1.0]]
[2019.04.08-23.14.26:971][  0]LogConfig: Applying CVar settings from Section [Startup] File [../../../Engine/Config/ConsoleVariables.ini]
[2019.04.08-23.14.26:974][  0]LogConfig: Setting CVar [[net.UseAdaptiveNetUpdateFrequency:0]]
[2019.04.08-23.14.26:974][  0]LogConfig: Applying CVar settings from Section [ConsoleVariables] File [C:/Users/gosus/Documents/CP-School/SeniorProject/gitRepos/Senior-Project-CPP-Game/Saved/Config/Windows/Engine.ini]
[2019.04.08-23.14.26:976][  0]LogInit: Computer: UNIT-01
[2019.04.08-23.14.26:976][  0]LogInit: User: gosus
[2019.04.08-23.14.26:976][  0]LogInit: CPU Page size=4096, Cores=4
[2019.04.08-23.14.26:976][  0]LogInit: High frequency timer resolution =10.000000 MHz
[2019.04.08-23.14.26:976][  0]LogMemory: Memory total: Physical=32.0GB (32GB approx)
[2019.04.08-23.14.26:977][  0]LogMemory: Platform Memory Stats for Windows
[2019.04.08-23.14.26:977][  0]LogMemory: Process Physical Memory: 104.70 MB used, 104.70 MB peak
[2019.04.08-23.14.26:977][  0]LogMemory: Process Virtual Memory: 102.30 MB used, 102.30 MB peak
[2019.04.08-23.14.26:977][  0]LogMemory: Physical Memory: 5185.96 MB used,  27537.56 MB free, 32723.53 MB total
[2019.04.08-23.14.26:977][  0]LogMemory: Virtual Memory: 4660.48 MB used,  134213064.00 MB free, 134217728.00 MB total
[2019.04.08-23.14.27:288][  0]LogInit: Using OS detected language (en-US).
[2019.04.08-23.14.27:289][  0]LogInit: Using OS detected locale (en-US).
[2019.04.08-23.14.27:292][  0]LogTextLocalizationManager: No specific localization for 'en-US' exists, so the 'en' localization will be used.
[2019.04.08-23.14.27:759][  0]LogStreaming: Display: Took  0.472s to InitEngineTextLocalization.
[2019.04.08-23.14.27:760][  0]LogInit: Setting process to per monitor DPI aware
[2019.04.08-23.14.27:884][  0]LogSlate: New Slate User Created.  User Index 0, Is Virtual User: 0
[2019.04.08-23.14.27:884][  0]LogSlate: Slate User Registered.  User Index 0, Is Virtual User: 0
[2019.04.08-23.14.29:468][  0]LogHMD: Failed to initialize OpenVR with code 110
[2019.04.08-23.14.29:469][  0]LogD3D11RHI: D3D11 adapters:
[2019.04.08-23.14.29:538][  0]LogD3D11RHI:    0. 'NVIDIA GeForce RTX 2080' (Feature Level 11_0)
[2019.04.08-23.14.29:538][  0]LogD3D11RHI:       8010/0/16361 MB DedicatedVideo/DedicatedSystem/SharedSystem, Outputs:2, VendorId:0x10de
[2019.04.08-23.14.29:545][  0]LogD3D11RHI:    1. 'Microsoft Basic Render Driver' (Feature Level 11_0)
[2019.04.08-23.14.29:545][  0]LogD3D11RHI:       0/0/16361 MB DedicatedVideo/DedicatedSystem/SharedSystem, Outputs:0, VendorId:0x1414
[2019.04.08-23.14.29:545][  0]LogD3D11RHI: Chosen D3D11 Adapter: 0
[2019.04.08-23.14.29:557][  0]LogD3D11RHI: Creating new Direct3DDevice
[2019.04.08-23.14.29:558][  0]LogD3D11RHI:     GPU DeviceId: 0x1e87 (for the marketing name, search the web for "GPU Device Id")
[2019.04.08-23.14.29:558][  0]LogWindows: EnumDisplayDevices:
[2019.04.08-23.14.29:558][  0]LogWindows:    0. 'NVIDIA GeForce RTX 2080' (P:1 D:1)
[2019.04.08-23.14.29:558][  0]LogWindows:    1. 'NVIDIA GeForce RTX 2080' (P:0 D:0)
[2019.04.08-23.14.29:558][  0]LogWindows:    2. 'NVIDIA GeForce RTX 2080' (P:0 D:1)
[2019.04.08-23.14.29:559][  0]LogWindows:    3. 'NVIDIA GeForce RTX 2080' (P:0 D:0)
[2019.04.08-23.14.29:559][  0]LogWindows: DebugString: FoundDriverCount:4 
[2019.04.08-23.14.29:559][  0]LogD3D11RHI:     Adapter Name: NVIDIA GeForce RTX 2080
[2019.04.08-23.14.29:559][  0]LogD3D11RHI:   Driver Version: 419.67 (internal:25.21.14.1967, unified:419.67)
[2019.04.08-23.14.29:559][  0]LogD3D11RHI:      Driver Date: 3-17-2019
[2019.04.08-23.14.29:560][  0]LogRHI: Texture pool is 5607 MB (70% of 8010 MB)
[2019.04.08-23.14.29:603][  0]LogD3D11RHI: Async texture creation enabled
[2019.04.08-23.14.29:630][  0]LogD3D11RHI: GPU Timing Frequency: 1000.000000 (Debug: 2 1)
[2019.04.08-23.14.30:014][  0]LogTemp: Display: Loaded TP AllDesktopTargetPlatform
[2019.04.08-23.14.30:040][  0]LogTemp: Display: Loaded TP MacClientTargetPlatform
[2019.04.08-23.14.30:065][  0]LogTemp: Display: Loaded TP MacNoEditorTargetPlatform
[2019.04.08-23.14.30:091][  0]LogTemp: Display: Loaded TP MacServerTargetPlatform
[2019.04.08-23.14.30:119][  0]LogTemp: Display: Loaded TP MacTargetPlatform
[2019.04.08-23.14.30:145][  0]LogTemp: Display: Loaded TP WindowsClientTargetPlatform
[2019.04.08-23.14.30:171][  0]LogTemp: Display: Loaded TP WindowsNoEditorTargetPlatform
[2019.04.08-23.14.30:207][  0]LogTemp: Display: Loaded TP WindowsServerTargetPlatform
[2019.04.08-23.14.30:229][  0]LogTemp: Display: Loaded TP WindowsTargetPlatform
[2019.04.08-23.14.30:316][  0]LogTemp: Display: Loaded TP AndroidTargetPlatform
[2019.04.08-23.14.30:316][  0]LogTemp: Display: Loaded TP AndroidTargetPlatform
[2019.04.08-23.14.30:316][  0]LogTemp: Display: Loaded TP AndroidTargetPlatform
[2019.04.08-23.14.30:316][  0]LogTemp: Display: Loaded TP AndroidTargetPlatform
[2019.04.08-23.14.30:316][  0]LogTemp: Display: Loaded TP AndroidTargetPlatform
[2019.04.08-23.14.30:316][  0]LogTemp: Display: Loaded TP AndroidTargetPlatform
[2019.04.08-23.14.30:316][  0]LogTemp: Display: Loaded TP AndroidTargetPlatform
[2019.04.08-23.14.30:316][  0]LogTemp: Display: Loaded TP AndroidTargetPlatform
[2019.04.08-23.14.30:316][  0]LogTemp: Display: Loaded TP AndroidTargetPlatform
[2019.04.08-23.14.30:317][  0]LogTemp: Display: Loaded TP AndroidTargetPlatform
[2019.04.08-23.14.30:317][  0]LogTemp: Display: Loaded TP AndroidTargetPlatform
[2019.04.08-23.14.30:317][  0]LogTemp: Display: Loaded TP AndroidTargetPlatform
[2019.04.08-23.14.30:317][  0]LogTemp: Display: Loaded TP AndroidTargetPlatform
[2019.04.08-23.14.30:317][  0]LogTemp: Display: Loaded TP AndroidTargetPlatform
[2019.04.08-23.14.30:317][  0]LogTemp: Display: Loaded TP AndroidTargetPlatform
[2019.04.08-23.14.30:317][  0]LogTemp: Display: Loaded TP AndroidTargetPlatform
[2019.04.08-23.14.30:317][  0]LogTemp: Display: Loaded TP AndroidTargetPlatform
[2019.04.08-23.14.30:317][  0]LogTemp: Display: Loaded TP AndroidTargetPlatform
[2019.04.08-23.14.30:332][  0]LogTemp: Display: Loaded TP HTML5TargetPlatform
[2019.04.08-23.14.30:437][  0]LogTemp: Display: Loaded TP IOSTargetPlatform
[2019.04.08-23.14.30:437][  0]LogTemp: Display: Loaded TP IOSTargetPlatform
[2019.04.08-23.14.30:467][  0]LogTemp: Display: Loaded TP TVOSTargetPlatform
[2019.04.08-23.14.30:467][  0]LogTemp: Display: Loaded TP TVOSTargetPlatform
[2019.04.08-23.14.30:495][  0]LogTemp: Display: Loaded TP LinuxClientTargetPlatform
[2019.04.08-23.14.30:518][  0]LogTemp: Display: Loaded TP LinuxNoEditorTargetPlatform
[2019.04.08-23.14.30:540][  0]LogTemp: Display: Loaded TP LinuxServerTargetPlatform
[2019.04.08-23.14.30:571][  0]LogTemp: Display: Loaded TP LinuxTargetPlatform
[2019.04.08-23.14.30:634][  0]LogTemp: Display: Loaded TP LuminTargetPlatform
[2019.04.08-23.14.30:634][  0]LogTemp: Display: Loaded TP LuminTargetPlatform
[2019.04.08-23.14.30:636][  0]LogTargetPlatformManager: Display: Building Assets For Windows
[2019.04.08-23.14.31:071][  0]LogShaderCompilers: Guid format shader working directory is -35 characters bigger than the processId version (C:/Users/gosus/Documents/CP-School/SeniorProject/gitRepos/Senior-Project-CPP-Game/Intermediate/Shaders/WorkingDirectory/4292/).
[2019.04.08-23.14.31:072][  0]LogShaderCompilers: Cleaned the shader compiler working directory 'C:/Users/gosus/AppData/Local/Temp/UnrealShaderWorkingDir/93FAD4794A7BED759B59318B10E3F391/'.
[2019.04.08-23.14.31:074][  0]LogXGEController: Cleaning working directory: C:/Users/gosus/AppData/Local/Temp/UnrealXGEWorkingDir/
[2019.04.08-23.14.31:074][  0]LogXGEController: Cannot use XGE Controller as Incredibuild is not installed on this machine.
[2019.04.08-23.14.31:074][  0]LogShaderCompilers: Cannot use XGE Shader Compiler as Incredibuild is not installed on this machine.
[2019.04.08-23.14.31:074][  0]LogShaderCompilers: Display: Using Local Shader Compiler.
[2019.04.08-23.14.32:475][  0]LogDerivedDataCache: Display: Max Cache Size: 512 MB
[2019.04.08-23.14.32:564][  0]LogDerivedDataCache: Loaded boot cache 0.09s 71MB C:/Users/gosus/AppData/Local/UnrealEngine/4.21/DerivedDataCache/Boot.ddc.
[2019.04.08-23.14.32:564][  0]LogDerivedDataCache: Display: Loaded Boot cache: C:/Users/gosus/AppData/Local/UnrealEngine/4.21/DerivedDataCache/Boot.ddc
[2019.04.08-23.14.32:564][  0]LogDerivedDataCache: FDerivedDataBackendGraph:  Pak pak cache file C:/Users/gosus/Documents/CP-School/SeniorProject/gitRepos/Senior-Project-CPP-Game/DerivedDataCache/DDC.ddp not found, will not use a pak cache.
[2019.04.08-23.14.32:564][  0]LogDerivedDataCache: Unable to find inner node Pak for hierarchical cache Hierarchy.
[2019.04.08-23.14.32:564][  0]LogDerivedDataCache: FDerivedDataBackendGraph:  CompressedPak pak cache file C:/Users/gosus/Documents/CP-School/SeniorProject/gitRepos/Senior-Project-CPP-Game/DerivedDataCache/Compressed.ddp not found, will not use a pak cache.
[2019.04.08-23.14.32:564][  0]LogDerivedDataCache: Unable to find inner node CompressedPak for hierarchical cache Hierarchy.
[2019.04.08-23.14.32:588][  0]LogDerivedDataCache: Display: Pak cache opened for reading ../../../Engine/DerivedDataCache/Compressed.ddp.
[2019.04.08-23.14.32:588][  0]LogDerivedDataCache: FDerivedDataBackendGraph:  EnterprisePak pak cache file ../../../Enterprise/DerivedDataCache/Compressed.ddp not found, will not use a pak cache.
[2019.04.08-23.14.32:588][  0]LogDerivedDataCache: Unable to find inner node EnterprisePak for hierarchical cache Hierarchy.
[2019.04.08-23.14.32:601][  0]LogDerivedDataCache: Using Local data cache path C:/Users/gosus/AppData/Local/UnrealEngine/Common/DerivedDataCache: Writable
[2019.04.08-23.14.32:601][  0]LogDerivedDataCache: Shared data cache path not found in *engine.ini, will not use an Shared cache.
[2019.04.08-23.14.32:601][  0]LogDerivedDataCache: Unable to find inner node Shared for hierarchical cache Hierarchy.
[2019.04.08-23.14.32:626][  0]LogMaterial: Verifying Global Shaders for PCD3D_SM5
[2019.04.08-23.14.32:633][  0]LogSlate: Using FreeType 2.6.0
[2019.04.08-23.14.32:645][  0]LogSlate: SlateFontServices - WITH_FREETYPE: 1, WITH_HARFBUZZ: 1
[2019.04.08-23.14.32:901][  0]LogAssetRegistry: FAssetRegistry took 0.0345 seconds to start up
[2019.04.08-23.14.33:325][  0]LogInit: Selected Device Profile: [Windows]
[2019.04.08-23.14.33:763][  0]LogSimplygon: Simplygon DLL not present - disabling.
[2019.04.08-23.14.33:829][  0]LogMeshReduction: Using SimplygonSwarm for distributed automatic mesh merging
[2019.04.08-23.14.33:829][  0]LogMeshReduction: Using ProxyLODMeshReduction for automatic mesh merging
[2019.04.08-23.14.33:830][  0]LogMeshReduction: Using QuadricMeshReduction for automatic static mesh reduction
[2019.04.08-23.14.33:830][  0]LogMeshReduction: No automatic skeletal mesh reduction module available
[2019.04.08-23.14.33:880][  0]LogNetVersion: HSPGame 1.0.0, NetCL: 4541578, EngineNetVer: 5, GameNetVer: 0 (Checksum: 2893343623)
[2019.04.08-23.14.34:934][  0]LogPackageLocalizationCache: Processed 11 localized package path(s) for 2 prioritized culture(s) in 0.097230 seconds
[2019.04.08-23.14.34:944][  0]LogUObjectArray: 39775 objects as part of root set at end of initial load.
[2019.04.08-23.14.34:944][  0]LogUObjectAllocator: 6914656 out of 0 bytes used by permanent object pool.
[2019.04.08-23.14.34:944][  0]LogUObjectArray: CloseDisregardForGC: 0/0 objects in disregard for GC pool
[2019.04.08-23.14.38:471][  0]LogTcpMessaging: Initializing TcpMessaging bridge
[2019.04.08-23.14.38:505][  0]LogUdpMessaging: Initializing bridge on interface 0.0.0.0:0 to multicast group 230.0.0.1:6666.
[2019.04.08-23.14.39:527][  0]SourceControl: Source control is disabled
[2019.04.08-23.14.39:528][  0]SourceControl: Source control is disabled
[2019.04.08-23.14.39:567][  0]SourceControl: Source control is disabled
[2019.04.08-23.14.39:589][  0]SourceControl: Source control is disabled
[2019.04.08-23.14.40:537][  0]LogAndroidPermission: UAndroidPermissionCallbackProxy::GetInstance
[2019.04.08-23.14.40:846][  0]LogOcInput: OculusInput pre-init called
[2019.04.08-23.14.41:145][  0]LogEngine: Initializing Engine...
[2019.04.08-23.14.41:147][  0]LogHMD: Failed to initialize OpenVR with code 110
[2019.04.08-23.14.41:149][  0]LogStats: UGameplayTagsManager::ConstructGameplayTagTree: ImportINI prefixes -  0.001 s
[2019.04.08-23.14.41:149][  0]LogStats: UGameplayTagsManager::ConstructGameplayTagTree: Construct from data asset -  0.000 s
[2019.04.08-23.14.41:149][  0]LogStats: UGameplayTagsManager::ConstructGameplayTagTree: ImportINI -  0.000 s
[2019.04.08-23.14.41:150][  0]LogStats: UGameplayTagsManager::ConstructGameplayTagTree: GameplayTagTreeChangedEvent.Broadcast -  0.000 s
[2019.04.08-23.14.41:474][  0]LogInit: Initializing FReadOnlyCVARCache
[2019.04.08-23.14.41:533][  0]LogAIModule: Creating AISystem for world Untitled
[2019.04.08-23.14.41:618][  0]LogInit: XAudio2 using 'Speakers (3- Yeti Stereo Microphone)' : 2 channels at 48 kHz using 24 bits per sample (channel mask 0x3)
[2019.04.08-23.14.41:646][  0]LogInit: FAudioDevice initialized.
[2019.04.08-23.14.41:646][  0]LogNetVersion: Set ProjectVersion to 1.0.0.0. Version Checksum will be recalculated on next use.
[2019.04.08-23.14.41:686][  0]LogDerivedDataCache: Saved boot cache 0.04s 71MB C:/Users/gosus/AppData/Local/UnrealEngine/4.21/DerivedDataCache/Boot.ddc.
[2019.04.08-23.14.41:694][  0]LogInit: Texture streaming: Enabled
[2019.04.08-23.14.41:777][  0]LogEngineSessionManager: EngineSessionManager initialized
[2019.04.08-23.14.41:811][  0]LogInit: Transaction tracking system initialized
[2019.04.08-23.14.41:950][  0]BlueprintLog: New page: Editor Load
[2019.04.08-23.14.42:491][  0]LocalizationService: Localization service is disabled
[2019.04.08-23.14.43:527][  0]LogCook: Display: Max memory allowance for cook 16384mb min free memory 0mb
[2019.04.08-23.14.43:527][  0]LogCook: Display: Mobile HDR setting 1
[2019.04.08-23.14.43:527][  0]LogGameplayTags: Display: UGameplayTagsManager::DoneAddingNativeTags. DelegateIsBound: 0
[2019.04.08-23.14.43:528][  0]LogStats: UGameplayTagsManager::ConstructGameplayTagTree: ImportINI prefixes -  0.000 s
[2019.04.08-23.14.43:528][  0]LogStats: UGameplayTagsManager::ConstructGameplayTagTree: Construct from data asset -  0.000 s
[2019.04.08-23.14.43:528][  0]LogStats: UGameplayTagsManager::ConstructGameplayTagTree: ImportINI -  0.000 s
[2019.04.08-23.14.43:528][  0]LogStats: UGameplayTagsManager::ConstructGameplayTagTree: GameplayTagTreeChangedEvent.Broadcast -  0.000 s
[2019.04.08-23.14.44:032][  0]LogFileCache: Scanning file cache for directory 'C:/Users/gosus/Documents/CP-School/SeniorProject/gitRepos/Senior-Project-CPP-Game/Content/' took 0.03s
[2019.04.08-23.14.44:355][  0]SourceControl: Source control is disabled
[2019.04.08-23.14.44:357][  0]Cmd: MAP LOAD FILE="C:/Users/gosus/Documents/CP-School/SeniorProject/gitRepos/Senior-Project-CPP-Game/Content/Levels/DemoTown.umap" TEMPLATE=0 SHOWPROGRESS=1 FEATURELEVEL=3
[2019.04.08-23.14.44:361][  0]LightingResults: New page: Lighting Build
[2019.04.08-23.14.44:368][  0]MapCheck: New page: Map Check
[2019.04.08-23.14.44:369][  0]LightingResults: New page: Lighting Build
[2019.04.08-23.14.45:506][  0]LogAIModule: Creating AISystem for world DemoTown
[2019.04.08-23.14.45:706][  0]LogEditorServer: Finished looking for orphan Actors (0.000 secs)
[2019.04.08-23.14.45:730][  0]Cmd: MAP CHECKDEP NOCLEARLOG
[2019.04.08-23.14.45:731][  0]MapCheck: Map check complete: 0 Error(s), 0 Warning(s), took 0.155ms to complete.
[2019.04.08-23.14.45:731][  0]LogFileHelpers: Loading map 'DemoTown' took 1.375
[2019.04.08-23.14.45:963][  0]LogSlate: Updating window title bar state: overlay mode, drag disabled, window buttons hidden, title bar hidden
[2019.04.08-23.14.45:970][  0]LogSlate: Updating window title bar state: overlay mode, drag disabled, window buttons hidden, title bar hidden
[2019.04.08-23.14.45:977][  0]LogSlate: Updating window title bar state: overlay mode, drag disabled, window buttons hidden, title bar hidden
[2019.04.08-23.14.45:984][  0]LogSlate: Updating window title bar state: overlay mode, drag disabled, window buttons hidden, title bar hidden
[2019.04.08-23.14.46:012][  0]LogCollectionManager: Loaded 0 collections in 0.001294 seconds
[2019.04.08-23.14.46:036][  0]LogFileCache: Scanning file cache for directory 'C:/Users/gosus/Documents/CP-School/SeniorProject/gitRepos/Senior-Project-CPP-Game/Saved/Collections/' took 0.01s
[2019.04.08-23.14.46:037][  0]LogFileCache: Scanning file cache for directory 'C:/Users/gosus/Documents/CP-School/SeniorProject/gitRepos/Senior-Project-CPP-Game/Content/Developers/gosus/Collections/' took 0.00s
[2019.04.08-23.14.46:037][  0]LogFileCache: Scanning file cache for directory 'C:/Users/gosus/Documents/CP-School/SeniorProject/gitRepos/Senior-Project-CPP-Game/Content/Collections/' took 0.00s
[2019.04.08-23.14.46:037][  0]LogCollectionManager: Rebuilt the GUID cache for 0 collections in 0.000000 seconds
[2019.04.08-23.14.46:047][  0]LogContentBrowser: Native class hierarchy populated in 0.0101 seconds. Added 2659 classes and 622 folders.
[2019.04.08-23.14.46:056][  0]LogContentBrowser: Native class hierarchy updated for 'WidgetCarousel' in 0.0003 seconds. Added 0 classes and 0 folders.
[2019.04.08-23.14.46:067][  0]LogPakFile: Registered encryption key '00000000000000000000000000000000': 0 pak files mounted, 0 remain pending
[2019.04.08-23.14.46:074][  0]LogPakFile: Registered encryption key '00000000000000000000000000000000': 0 pak files mounted, 0 remain pending
[2019.04.08-23.14.46:087][  0]LogPakFile: Registered encryption key '00000000000000000000000000000000': 0 pak files mounted, 0 remain pending
[2019.04.08-23.14.46:092][  0]LogPakFile: Registered encryption key '00000000000000000000000000000000': 0 pak files mounted, 0 remain pending
[2019.04.08-23.14.46:096][  0]LogPakFile: Registered encryption key '00000000000000000000000000000000': 0 pak files mounted, 0 remain pending
[2019.04.08-23.14.46:100][  0]LogPakFile: Registered encryption key '00000000000000000000000000000000': 0 pak files mounted, 0 remain pending
[2019.04.08-23.14.46:105][  0]LogPakFile: Registered encryption key '00000000000000000000000000000000': 0 pak files mounted, 0 remain pending
[2019.04.08-23.14.46:109][  0]LogPakFile: Registered encryption key '00000000000000000000000000000000': 0 pak files mounted, 0 remain pending
[2019.04.08-23.14.46:118][  0]LogPakFile: Registered encryption key '00000000000000000000000000000000': 0 pak files mounted, 0 remain pending
[2019.04.08-23.14.46:123][  0]LogPakFile: Registered encryption key '00000000000000000000000000000000': 0 pak files mounted, 0 remain pending
[2019.04.08-23.14.46:128][  0]LogPakFile: Registered encryption key '00000000000000000000000000000000': 0 pak files mounted, 0 remain pending
[2019.04.08-23.14.46:133][  0]LogPakFile: Registered encryption key '00000000000000000000000000000000': 0 pak files mounted, 0 remain pending
[2019.04.08-23.14.46:138][  0]LogPakFile: Registered encryption key '00000000000000000000000000000000': 0 pak files mounted, 0 remain pending
[2019.04.08-23.14.46:142][  0]LogPakFile: Registered encryption key '00000000000000000000000000000000': 0 pak files mounted, 0 remain pending
[2019.04.08-23.14.46:145][  0]LogPakFile: Registered encryption key '00000000000000000000000000000000': 0 pak files mounted, 0 remain pending
[2019.04.08-23.14.46:149][  0]LogPakFile: Registered encryption key '00000000000000000000000000000000': 0 pak files mounted, 0 remain pending
[2019.04.08-23.14.46:165][  0]LogPakFile: Registered encryption key '00000000000000000000000000000000': 0 pak files mounted, 0 remain pending
[2019.04.08-23.14.46:170][  0]LogPakFile: Registered encryption key '00000000000000000000000000000000': 0 pak files mounted, 0 remain pending
[2019.04.08-23.14.46:174][  0]LogPakFile: Registered encryption key '00000000000000000000000000000000': 0 pak files mounted, 0 remain pending
[2019.04.08-23.14.46:179][  0]LogPakFile: Registered encryption key '00000000000000000000000000000000': 0 pak files mounted, 0 remain pending
[2019.04.08-23.14.46:200][  0]LogPakFile: Registered encryption key '00000000000000000000000000000000': 0 pak files mounted, 0 remain pending
[2019.04.08-23.14.46:206][  0]LogPakFile: Registered encryption key '00000000000000000000000000000000': 0 pak files mounted, 0 remain pending
[2019.04.08-23.14.46:211][  0]LogPakFile: Registered encryption key '00000000000000000000000000000000': 0 pak files mounted, 0 remain pending
[2019.04.08-23.14.46:217][  0]LogPakFile: Registered encryption key '00000000000000000000000000000000': 0 pak files mounted, 0 remain pending
[2019.04.08-23.14.46:221][  0]LogPakFile: Registered encryption key '00000000000000000000000000000000': 0 pak files mounted, 0 remain pending
[2019.04.08-23.14.46:226][  0]LogPakFile: Registered encryption key '00000000000000000000000000000000': 0 pak files mounted, 0 remain pending
[2019.04.08-23.14.46:383][  0]LogContentBrowser: Native class hierarchy updated for 'AddContentDialog' in 0.0005 seconds. Added 0 classes and 0 folders.
[2019.04.08-23.14.46:421][  0]LogContentBrowser: Native class hierarchy updated for 'SceneOutliner' in 0.0005 seconds. Added 1 classes and 2 folders.
[2019.04.08-23.14.46:560][  0]LogContentBrowser: Native class hierarchy updated for 'HierarchicalLODOutliner' in 0.0008 seconds. Added 0 classes and 0 folders.
[2019.04.08-23.14.46:560][  0]LogLoad: (Engine Initialization) Total time: 22.82 seconds
[2019.04.08-23.14.46:560][  0]LogLoad: (Engine Initialization) Total Blueprint compile time: 0.00 seconds
[2019.04.08-23.14.46:626][  0]LogContentStreaming: Texture pool size now 1000 MB
[2019.04.08-23.14.46:633][  0]LogSlate: Took 0.004384 seconds to synchronously load lazily loaded font '../../../Engine/Content/Slate/Fonts/Roboto-Regular.ttf' (155K)
[2019.04.08-23.14.46:639][  0]LogSlate: Took 0.003948 seconds to synchronously load lazily loaded font '../../../Engine/Content/Slate/Fonts/Roboto-Bold.ttf' (160K)
[2019.04.08-23.14.46:648][  0]LogSlate: Took 0.004573 seconds to synchronously load lazily loaded font '../../../Engine/Content/Editor/Slate/Fonts/FontAwesome.ttf' (139K)
[2019.04.08-23.14.46:807][  1]LogRenderer: Reallocating scene render targets to support 860x420 Format 10 NumSamples 1 (Frame:1).
[2019.04.08-23.14.46:899][  2]LogAssetRegistry: Asset discovery search completed in 14.0226 seconds
[2019.04.08-23.14.46:901][  2]LogCollectionManager: Rebuilt the object cache for 0 collections in 0.000000 seconds (found 0 objects)
[2019.04.08-23.14.46:901][  2]LogCollectionManager: Fixed up redirectors for 0 collections in 0.000131 seconds (updated 0 objects)
[2019.04.08-23.14.48:862][177]LogRenderer: Reallocating scene render targets to support 1728x916 Format 10 NumSamples 1 (Frame:178).
[2019.04.08-23.14.51:571][499]LogSlate: FSceneViewport::OnFocusLost() reason 0
[2019.04.08-23.14.51:756][512]LogRenderer: Reallocating scene render targets to support 1740x916 Format 10 NumSamples 1 (Frame:504).
[2019.04.08-23.14.51:801][513]LogRenderer: Reallocating scene render targets to support 1744x916 Format 10 NumSamples 1 (Frame:506).
[2019.04.08-23.14.51:849][514]LogRenderer: Reallocating scene render targets to support 1748x916 Format 10 NumSamples 1 (Frame:508).
[2019.04.08-23.14.52:061][529]LogRenderer: Reallocating scene render targets to support 1752x916 Format 10 NumSamples 1 (Frame:514).
[2019.04.08-23.14.52:103][530]LogRenderer: Reallocating scene render targets to support 1756x916 Format 10 NumSamples 1 (Frame:516).
[2019.04.08-23.14.52:185][532]LogRenderer: Reallocating scene render targets to support 1760x916 Format 10 NumSamples 1 (Frame:520).
[2019.04.08-23.14.52:414][552]LogRenderer: Reallocating scene render targets to support 1764x916 Format 10 NumSamples 1 (Frame:524).
[2019.04.08-23.14.52:460][553]LogRenderer: Reallocating scene render targets to support 1772x916 Format 10 NumSamples 1 (Frame:526).
[2019.04.08-23.14.55:229][873]LogSlate: FSceneViewport::OnFocusLost() reason 0
[2019.04.08-23.14.55:267][878]LogTemp: Repeating last play command: Selected Viewport
[2019.04.08-23.14.55:289][878]LogBlueprintUserMessages: Early PlayInEditor Detection: Level '/Game/Levels/DemoTown.DemoTown:PersistentLevel' has LevelScriptBlueprint '/Game/Levels/DemoTown.DemoTown:PersistentLevel.DemoTown' with GeneratedClass '/Game/Levels/DemoTown.DemoTown_C' with ClassGeneratedBy '/Game/Levels/DemoTown.DemoTown:PersistentLevel.DemoTown'
[2019.04.08-23.14.55:290][878]LogPlayLevel: PlayLevel: No blueprints needed recompiling
[2019.04.08-23.14.55:290][878]PIE: New page: PIE session: DemoTown (Apr 8, 2019, 9:14:55 AM)
[2019.04.08-23.14.55:306][878]LogPlayLevel: Creating play world package: /Game/Levels/UEDPIE_0_DemoTown
[2019.04.08-23.14.55:349][878]LogPlayLevel: PIE: StaticDuplicateObject took: (0.042991s)
[2019.04.08-23.14.55:349][878]LogAIModule: Creating AISystem for world DemoTown
[2019.04.08-23.14.55:350][878]LogPlayLevel: PIE: World Init took: (0.000697s)
[2019.04.08-23.14.55:350][878]LogPlayLevel: PIE: Created PIE world by copying editor world from /Game/Levels/DemoTown.DemoTown to /Game/Levels/UEDPIE_0_DemoTown.DemoTown (0.044210s)
[2019.04.08-23.14.55:426][878]LogInit: XAudio2 using 'Speakers (3- Yeti Stereo Microphone)' : 2 channels at 48 kHz using 24 bits per sample (channel mask 0x3)
[2019.04.08-23.14.55:438][878]LogInit: FAudioDevice initialized.
[2019.04.08-23.14.56:410][878]LogLoad: Game class is 'BP_HSPGameGameModeBase_C'
[2019.04.08-23.14.56:416][878]LogWorld: Bringing World /Game/Levels/UEDPIE_0_DemoTown.DemoTown up for play (max tick rate 0) at 2019.04.08-16.14.56
[2019.04.08-23.14.56:424][878]LogWorld: Bringing up level for play took: 0.011497
[2019.04.08-23.14.56:443][878]LogContentBrowser: Native class hierarchy updated for 'MovieSceneCapture' in 0.0003 seconds. Added 20 classes and 0 folders.
[2019.04.08-23.14.56:447][878]PIE: Play in editor start time for /Game/Levels/UEDPIE_0_DemoTown 0.299
[2019.04.08-23.14.56:448][878]LogBlueprintUserMessages: Late PlayInEditor Detection: Level '/Game/Levels/DemoTown.DemoTown:PersistentLevel' has LevelScriptBlueprint '/Game/Levels/DemoTown.DemoTown:PersistentLevel.DemoTown' with GeneratedClass '/Game/Levels/DemoTown.DemoTown_C' with ClassGeneratedBy '/Game/Levels/DemoTown.DemoTown:PersistentLevel.DemoTown'
[2019.04.08-23.15.01:370][462]LogSlate: FSceneViewport::OnFocusLost() reason 0
[2019.04.08-23.15.01:446][471]LogBlueprintUserMessages: Early EndPlayMap Detection: Level '/Game/Levels/DemoTown.DemoTown:PersistentLevel' has LevelScriptBlueprint '/Game/Levels/DemoTown.DemoTown:PersistentLevel.DemoTown' with GeneratedClass '/Game/Levels/DemoTown.DemoTown_C' with ClassGeneratedBy '/Game/Levels/DemoTown.DemoTown:PersistentLevel.DemoTown'
[2019.04.08-23.15.01:446][471]LogSlate: Updating window title bar state: overlay mode, drag disabled, window buttons hidden, title bar hidden
[2019.04.08-23.15.01:482][471]LogPlayLevel: Display: Shutting down PIE online subsystems
[2019.04.08-23.15.01:483][471]LogBlueprintUserMessages: Late EndPlayMap Detection: Level '/Game/Levels/DemoTown.DemoTown:PersistentLevel' has LevelScriptBlueprint '/Game/Levels/DemoTown.DemoTown:PersistentLevel.DemoTown' with GeneratedClass '/Game/Levels/DemoTown.DemoTown_C' with ClassGeneratedBy '/Game/Levels/DemoTown.DemoTown:PersistentLevel.DemoTown'
[2019.04.08-23.15.01:508][471]LogSlate: Updating window title bar state: overlay mode, drag disabled, window buttons hidden, title bar hidden
[2019.04.08-23.15.01:547][474]LogPlayLevel: Display: Destroying online subsystem :Context_1
[2019.04.08-23.15.05:211][909]LogSlate: Took 0.004312 seconds to synchronously load lazily loaded font '../../../Engine/Content/Slate/Fonts/Roboto-Light.ttf' (167K)
[2019.04.08-23.15.05:218][909]LogAssetEditorManager: Opening Asset editor for WidgetBlueprint /Game/UI/playerHud.playerHud
[2019.04.08-23.15.05:703][909]LogContentBrowser: Native class hierarchy updated for 'BlueprintGraph' in 0.0005 seconds. Added 117 classes and 0 folders.
[2019.04.08-23.15.06:531][909]LogSlate: Took 0.004083 seconds to synchronously load lazily loaded font '../../../Engine/Content/Slate/Fonts/Roboto-BoldCondensed.ttf' (158K)
[2019.04.08-23.16.28:019][887]LogInit: XAudio2 using 'Speakers (Realtek(R) Audio)' : 2 channels at 48 kHz using 32 bits per sample (channel mask 0x3)
[2019.04.08-23.20.10:548][390]LogAssetEditorManager: Opening Asset editor for WidgetBlueprint /Game/UI/sliderControlScreen.sliderControlScreen
[2019.04.08-23.21.00:029][677]BlueprintLog: New page: Compile sliderControlScreen
[2019.04.08-23.21.00:524][696]Cmd: OBJ SAVEPACKAGE PACKAGE="/Game/UI/sliderControlScreen" FILE="C:/Users/gosus/Documents/CP-School/SeniorProject/gitRepos/Senior-Project-CPP-Game/Content/UI/sliderControlScreen.uasset" SILENT=true
[2019.04.08-23.21.00:533][696]LogSavePackage: Moving 'C:/Users/gosus/Documents/CP-School/SeniorProject/gitRepos/Senior-Project-CPP-Game/Saved/sliderControlScreen8B622469466D9D4DEE1DD5A1D6197CE5.tmp' to 'C:/Users/gosus/Documents/CP-School/SeniorProject/gitRepos/Senior-Project-CPP-Game/Content/UI/sliderControlScreen.uasset'
[2019.04.08-23.21.43:166][135]LogSlate: Took 0.022039 seconds to synchronously load lazily loaded font '../../../Engine/Content/Slate/Fonts/DroidSansFallback.ttf' (3848K)
[2019.04.08-23.21.45:521][307]LogEditorTransaction: Undo Move Widget
[2019.04.08-23.21.46:452][375]LogEditorTransaction: Undo Move Widget
[2019.04.08-23.22.37:186][542]Cmd: TRANSACTION UNDO
[2019.04.08-23.22.37:187][542]LogEditorTransaction: Undo Edit Vertical Alignment
[2019.04.08-23.23.35:870][450]LogEditorTransaction: Undo Add Widget
[2019.04.08-23.25.15:614][253]LogFileHelpers: Editor autosave (incl. sublevels) for '/Game/Levels/DemoTown' took 0.048
[2019.04.08-23.25.15:615][253]OBJ SavePackage: Generating thumbnails for [0] asset(s) in package [/Game/UI/sliderControlScreen] ([1] browsable assets)...
[2019.04.08-23.25.15:615][253]OBJ SavePackage: Finished generating thumbnails for package [/Game/UI/sliderControlScreen]
[2019.04.08-23.25.15:652][253]LogSavePackage: Moving 'C:/Users/gosus/Documents/CP-School/SeniorProject/gitRepos/Senior-Project-CPP-Game/Saved/sliderControlScreen_Auto12491A94F47F067654B858EA48FA3E32B.tmp' to 'C:/Users/gosus/Documents/CP-School/SeniorProject/gitRepos/Senior-Project-CPP-Game/Saved/Autosaves/Game/UI/sliderControlScreen_Auto1.uasset'
[2019.04.08-23.25.15:653][253]LogFileHelpers: Auto-saving content packages took 0.038
[2019.04.08-23.26.45:631][234]LogSlate: Window 'playerHud' being destroyed
[2019.04.08-23.27.11:482][314]LogOutputDevice: Warning: 

Script Stack (0 frames):

[2019.04.08-23.27.11:482][314]LogOutputDevice: Error: Ensure condition failed: !PreviewSlateWidgetWeak.IsValid() [File:D:\Build\++UE4\Sync\Engine\Source\Editor\UMGEditor\Private\WidgetBlueprintEditor.cpp] [Line: 877] 


[2019.04.08-23.27.11:482][314]LogStats:             FDebug::EnsureFailed -  0.000 s
[2019.04.08-23.27.32:863][314]LogBlueprint: Warning: [Compiler ] Leak Detected!  CanvasPanel_0 ( Canvas Panel ) still has living Slate widgets, it or the parent widget is keeping them in memory.  Release all Slate resources in ReleaseSlateResources().
[2019.04.08-23.27.40:797][105]BlueprintLog: New page: Compile sliderControlScreen
[2019.04.08-23.27.41:271][144]Cmd: OBJ SAVEPACKAGE PACKAGE="/Game/UI/sliderControlScreen" FILE="C:/Users/gosus/Documents/CP-School/SeniorProject/gitRepos/Senior-Project-CPP-Game/Content/UI/sliderControlScreen.uasset" SILENT=true
[2019.04.08-23.27.41:300][144]LogSavePackage: Moving 'C:/Users/gosus/Documents/CP-School/SeniorProject/gitRepos/Senior-Project-CPP-Game/Saved/sliderControlScreen28E047714A3C10A3EC8974A186B20C33.tmp' to 'C:/Users/gosus/Documents/CP-School/SeniorProject/gitRepos/Senior-Project-CPP-Game/Content/UI/sliderControlScreen.uasset'
[2019.04.08-23.27.42:567][273]LogSlate: Window 'HSPGame - Unreal Editor' being destroyed
[2019.04.08-23.27.42:568][273]LogWindowsTextInputMethodSystem: Display: IME system now deactivated.
[2019.04.08-23.27.42:772][274]Cmd: QUIT_EDITOR
[2019.04.08-23.27.42:842][274]LogExit: Preparing to exit.
[2019.04.08-23.27.43:941][274]LogExit: Editor shut down
[2019.04.08-23.27.43:942][274]LogExit: Transaction tracking system shut down
[2019.04.08-23.27.44:107][274]LogExit: Object subsystem successfully closed.
[2019.04.08-23.27.44:136][274]LogShaderCompilers: Display: Shaders left to compile 0
[2019.04.08-23.27.44:139][274]LogD3D11RHI: Shutdown
[2019.04.08-23.27.44:139][274]LogD3D11RHI: CleanupD3DDevice
[2019.04.08-23.27.44:140][274]LogD3D11RHI: ~FD3D11DynamicRHI
[2019.04.08-23.27.44:148][274]LogModuleManager: Shutting down and abandoning module SequencerWidgets (632)
[2019.04.08-23.27.44:148][274]LogModuleManager: Shutting down and abandoning module BlueprintGraph (630)
[2019.04.08-23.27.44:148][274]LogModuleManager: Shutting down and abandoning module MovieSceneCapture (628)
[2019.04.08-23.27.44:148][274]LogModuleManager: Shutting down and abandoning module Voice (626)
[2019.04.08-23.27.44:149][274]LogModuleManager: Shutting down and abandoning module HierarchicalLODOutliner (624)
[2019.04.08-23.27.44:149][274]LogModuleManager: Shutting down and abandoning module SceneOutliner (622)
[2019.04.08-23.27.44:149][274]LogModuleManager: Shutting down and abandoning module AddContentDialog (620)
[2019.04.08-23.27.44:149][274]LogModuleManager: Shutting down and abandoning module WidgetCarousel (619)
[2019.04.08-23.27.44:149][274]LogModuleManager: Shutting down and abandoning module EditorWidgets (616)
[2019.04.08-23.27.44:149][274]LogModuleManager: Shutting down and abandoning module CollectionManager (614)
[2019.04.08-23.27.44:149][274]LogModuleManager: Shutting down and abandoning module StatsViewer (612)
[2019.04.08-23.27.44:149][274]LogModuleManager: Shutting down and abandoning module FoliageEdit (610)
[2019.04.08-23.27.44:149][274]LogModuleManager: Shutting down and abandoning module LandscapeEditor (608)
[2019.04.08-23.27.44:150][274]LogModuleManager: Shutting down and abandoning module MeshPaintMode (606)
[2019.04.08-23.27.44:150][274]LogModuleManager: Shutting down and abandoning module SceneDepthPickerMode (604)
[2019.04.08-23.27.44:150][274]LogModuleManager: Shutting down and abandoning module ActorPickerMode (602)
[2019.04.08-23.27.44:150][274]LogModuleManager: Shutting down and abandoning module GeometryMode (600)
[2019.04.08-23.27.44:150][274]LogModuleManager: Shutting down and abandoning module TextureAlignMode (598)
[2019.04.08-23.27.44:150][274]LogModuleManager: Shutting down and abandoning module BspMode (596)
[2019.04.08-23.27.44:150][274]LogModuleManager: Shutting down and abandoning module PIEPreviewDeviceProfileSelector (594)
[2019.04.08-23.27.44:150][274]LogModuleManager: Shutting down and abandoning module SequenceRecorderSections (592)
[2019.04.08-23.27.44:150][274]LogModuleManager: Shutting down and abandoning module AutomationWorker (590)
[2019.04.08-23.27.44:150][274]LogModuleManager: Shutting down and abandoning module AudioCaptureEditor (588)
[2019.04.08-23.27.44:150][274]LogModuleManager: Shutting down and abandoning module MatineeToLevelSequence (586)
[2019.04.08-23.27.44:150][274]LogModuleManager: Shutting down and abandoning module LevelSequenceEditor (584)
[2019.04.08-23.27.44:150][274]LogModuleManager: Shutting down and abandoning module PlacementMode (583)
[2019.04.08-23.27.44:151][274]LogModuleManager: Shutting down and abandoning module MaterialEditor (582)
[2019.04.08-23.27.44:151][274]LogModuleManager: Shutting down and abandoning module WmfMediaFactory (578)
[2019.04.08-23.27.44:151][274]LogModuleManager: Shutting down and abandoning module WmfMediaEditor (576)
[2019.04.08-23.27.44:151][274]LogModuleManager: Shutting down and abandoning module WebMMediaFactory (574)
[2019.04.08-23.27.44:151][274]LogModuleManager: Shutting down and abandoning module WebMMediaEditor (572)
[2019.04.08-23.27.44:151][274]LogModuleManager: Shutting down and abandoning module WebMMedia (570)
[2019.04.08-23.27.44:151][274]LogModuleManager: Shutting down and abandoning module MediaPlayerEditor (568)
[2019.04.08-23.27.44:151][274]LogModuleManager: Shutting down and abandoning module MediaCompositingEditor (566)
[2019.04.08-23.27.44:151][274]LogModuleManager: Shutting down and abandoning module SequenceRecorder (565)
[2019.04.08-23.27.44:151][274]LogModuleManager: Shutting down and abandoning module OpenExrWrapper (562)
[2019.04.08-23.27.44:151][274]LogModuleManager: Shutting down and abandoning module ImgMediaFactory (560)
[2019.04.08-23.27.44:151][274]LogModuleManager: Shutting down and abandoning module ImgMediaEditor (558)
[2019.04.08-23.27.44:151][274]LogModuleManager: Shutting down and abandoning module AvfMediaFactory (556)
[2019.04.08-23.27.44:151][274]LogModuleManager: Shutting down and abandoning module AvfMediaEditor (554)
[2019.04.08-23.27.44:151][274]LogModuleManager: Shutting down and abandoning module AndroidMediaFactory (552)
[2019.04.08-23.27.44:152][274]LogModuleManager: Shutting down and abandoning module AndroidMediaEditor (550)
[2019.04.08-23.27.44:152][274]LogModuleManager: Shutting down and abandoning module MagicLeapCameraPreviewFactory (548)
[2019.04.08-23.27.44:152][274]LogModuleManager: Shutting down and abandoning module MagicLeapMediaFactory (546)
[2019.04.08-23.27.44:152][274]LogModuleManager: Shutting down and abandoning module MagicLeapMediaEditor (544)
[2019.04.08-23.27.44:152][274]LogModuleManager: Shutting down and abandoning module CharacterAI (542)
[2019.04.08-23.27.44:152][274]LogModuleManager: Shutting down and abandoning module SmartSnapping (540)
[2019.04.08-23.27.44:152][274]LogModuleManager: Shutting down and abandoning module SessionServices (538)
[2019.04.08-23.27.44:152][274]LogModuleManager: Shutting down and abandoning module ViewportSnapping (536)
[2019.04.08-23.27.44:152][274]LogModuleManager: Shutting down and abandoning module ViewportInteraction (534)
[2019.04.08-23.27.44:152][274]LogModuleManager: Shutting down and abandoning module ClothPainter (532)
[2019.04.08-23.27.44:152][274]LogModuleManager: Shutting down and abandoning module SkeletalMeshEditor (531)
[2019.04.08-23.27.44:152][274]LogModuleManager: Shutting down and abandoning module LogVisualizer (528)
[2019.04.08-23.27.44:152][274]LogModuleManager: Shutting down and abandoning module IntroTutorials (526)
[2019.04.08-23.27.44:152][274]LogModuleManager: Shutting down and abandoning module GameProjectGeneration (525)
[2019.04.08-23.27.44:152][274]LogModuleManager: Shutting down and abandoning module LuminPlatformEditor (522)
[2019.04.08-23.27.44:152][274]LogModuleManager: Shutting down and abandoning module IOSPlatformEditor (520)
[2019.04.08-23.27.44:153][274]LogModuleManager: Shutting down and abandoning module HTML5PlatformEditor (518)
[2019.04.08-23.27.44:153][274]LogModuleManager: Shutting down and abandoning module AndroidPlatformEditor (516)
[2019.04.08-23.27.44:153][274]LogModuleManager: Shutting down and abandoning module AndroidDeviceDetection (515)
[2019.04.08-23.27.44:253][274]LogModuleManager: Shutting down and abandoning module WindowsPlatformEditor (512)
[2019.04.08-23.27.44:253][274]LogModuleManager: Shutting down and abandoning module LuminRuntimeSettings (510)
[2019.04.08-23.27.44:253][274]LogModuleManager: Shutting down and abandoning module IOSRuntimeSettings (508)
[2019.04.08-23.27.44:253][274]LogModuleManager: Shutting down and abandoning module AndroidRuntimeSettings (506)
[2019.04.08-23.27.44:253][274]LogModuleManager: Shutting down and abandoning module TimeManagementEditor (504)
[2019.04.08-23.27.44:253][274]LogModuleManager: Shutting down and abandoning module InputBindingEditor (502)
[2019.04.08-23.27.44:254][274]LogModuleManager: Shutting down and abandoning module MergeActors (500)
[2019.04.08-23.27.44:254][274]LogModuleManager: Shutting down and abandoning module LocalizationDashboard (498)
[2019.04.08-23.27.44:254][274]LogModuleManager: Shutting down and abandoning module LocalizationService (497)
[2019.04.08-23.27.44:254][274]LogModuleManager: Shutting down and abandoning module HardwareTargeting (494)
[2019.04.08-23.27.44:254][274]LogModuleManager: Shutting down and abandoning module DeviceProfileEditor (492)
[2019.04.08-23.27.44:254][274]LogModuleManager: Shutting down and abandoning module UndoHistory (490)
[2019.04.08-23.27.44:255][274]LogModuleManager: Shutting down and abandoning module XmlParser (488)
[2019.04.08-23.27.44:255][274]LogModuleManager: Shutting down and abandoning module Blutility (486)
[2019.04.08-23.27.44:255][274]LogModuleManager: Shutting down and abandoning module ProjectSettingsViewer (484)
[2019.04.08-23.27.44:255][274]LogModuleManager: Shutting down and abandoning module ProjectTargetPlatformEditor (483)
[2019.04.08-23.27.44:255][274]LogModuleManager: Shutting down and abandoning module EditorSettingsViewer (480)
[2019.04.08-23.27.44:256][274]LogModuleManager: Shutting down and abandoning module SettingsEditor (478)
[2019.04.08-23.27.44:256][274]LogModuleManager: Shutting down and abandoning module ProjectLauncher (476)
[2019.04.08-23.27.44:256][274]LogModuleManager: Shutting down and abandoning module SessionFrontend (474)
[2019.04.08-23.27.44:256][274]LogModuleManager: Shutting down and abandoning module ProfilerClient (472)
[2019.04.08-23.27.44:256][274]LogModuleManager: Shutting down and abandoning module DeviceManager (470)
[2019.04.08-23.27.44:256][274]LogModuleManager: Shutting down and abandoning module TargetDeviceServices (469)
[2019.04.08-23.27.44:323][274]LogModuleManager: Shutting down and abandoning module AutomationController (466)
[2019.04.08-23.27.44:323][274]LogModuleManager: Shutting down and abandoning module AutomationWindow (464)
[2019.04.08-23.27.44:323][274]LogModuleManager: Shutting down and abandoning module Layers (462)
[2019.04.08-23.27.44:323][274]LogModuleManager: Shutting down and abandoning module ComponentVisualizers (460)
[2019.04.08-23.27.44:323][274]LogModuleManager: Shutting down and abandoning module DetailCustomizations (458)
[2019.04.08-23.27.44:324][274]LogModuleManager: Shutting down and abandoning module PackagesDialog (456)
[2019.04.08-23.27.44:324][274]LogModuleManager: Shutting down and abandoning module Persona (454)
[2019.04.08-23.27.44:324][274]LogModuleManager: Shutting down and abandoning module AdvancedPreviewScene (453)
[2019.04.08-23.27.44:324][274]LogModuleManager: Shutting down and abandoning module AnimGraph (451)
[2019.04.08-23.27.44:324][274]LogModuleManager: Shutting down and abandoning module Kismet (448)
[2019.04.08-23.27.44:330][274]LogModuleManager: Shutting down and abandoning module GraphEditor (446)
[2019.04.08-23.27.44:330][274]LogModuleManager: Shutting down and abandoning module ClassViewer (444)
[2019.04.08-23.27.44:330][274]LogModuleManager: Shutting down and abandoning module Toolbox (442)
[2019.04.08-23.27.44:331][274]LogModuleManager: Shutting down and abandoning module DesktopPlatform (441)
[2019.04.08-23.27.44:331][274]LogModuleManager: Shutting down and abandoning module ModuleUI (438)
[2019.04.08-23.27.44:331][274]LogModuleManager: Shutting down and abandoning module MovieSceneTools (436)
[2019.04.08-23.27.44:331][274]LogModuleManager: Shutting down and abandoning module OutputLog (434)
[2019.04.08-23.27.44:331][274]LogModuleManager: Shutting down and abandoning module GammaUI (432)
[2019.04.08-23.27.44:331][274]LogModuleManager: Shutting down and abandoning module Documentation (430)
[2019.04.08-23.27.44:332][274]LogModuleManager: Shutting down and abandoning module MovieSceneTracks (428)
[2019.04.08-23.27.44:332][274]LogModuleManager: Shutting down and abandoning module MovieScene (426)
[2019.04.08-23.27.44:332][274]LogModuleManager: Shutting down and abandoning module StreamingPauseRendering (424)
[2019.04.08-23.27.44:332][274]LogModuleManager: Shutting down and abandoning module LauncherPlatform (422)
[2019.04.08-23.27.44:332][274]LogModuleManager: Shutting down and abandoning module AnalyticsET (420)
[2019.04.08-23.27.44:332][274]LogModuleManager: Shutting down and abandoning module PortalServices (418)
[2019.04.08-23.27.44:332][274]LogModuleManager: Shutting down and abandoning module PortalRpc (416)
[2019.04.08-23.27.44:333][274]LogModuleManager: Shutting down and abandoning module MessagingRpc (414)
[2019.04.08-23.27.44:333][274]LogModuleManager: Shutting down and abandoning module AIModule (412)
[2019.04.08-23.27.44:333][274]LogModuleManager: Shutting down and abandoning module GameplayDebugger (411)
[2019.04.08-23.27.44:333][274]LogModuleManager: Shutting down and abandoning module AITestSuite (409)
[2019.04.08-23.27.44:333][274]LogModuleManager: Shutting down and abandoning module NavigationSystem (407)
[2019.04.08-23.27.44:333][274]LogModuleManager: Shutting down and abandoning module ImageWriteQueue (404)
[2019.04.08-23.27.44:345][274]LogModuleManager: Shutting down and abandoning module ProfilerService (402)
[2019.04.08-23.27.44:377][274]LogModuleManager: Shutting down and abandoning module TaskGraph (400)
[2019.04.08-23.27.44:377][274]LogModuleManager: Shutting down and abandoning module SteamVRController (398)
[2019.04.08-23.27.44:377][274]LogModuleManager: Shutting down and abandoning module ProceduralMeshComponentEditor (396)
[2019.04.08-23.27.44:378][274]LogModuleManager: Shutting down and abandoning module ProceduralMeshComponent (394)
[2019.04.08-23.27.44:378][274]LogModuleManager: Shutting down and abandoning module OculusInput (392)
[2019.04.08-23.27.44:378][274]LogModuleManager: Shutting down and abandoning module MobilePatchingUtils (390)
[2019.04.08-23.27.44:378][274]LogModuleManager: Shutting down and abandoning module EditableMesh (388)
[2019.04.08-23.27.44:378][274]LogModuleManager: Shutting down and abandoning module CustomMeshComponent (386)
[2019.04.08-23.27.44:378][274]LogModuleManager: Shutting down and abandoning module CableComponent (384)
[2019.04.08-23.27.44:379][274]LogModuleManager: Shutting down and abandoning module AudioCapture (382)
[2019.04.08-23.27.44:379][274]LogModuleManager: Shutting down and abandoning module ArchVisCharacter (380)
[2019.04.08-23.27.44:379][274]LogModuleManager: Shutting down and abandoning module AndroidPermission (378)
[2019.04.08-23.27.44:379][274]LogModuleManager: Shutting down and abandoning module NUTUnrealEngine4 (376)
[2019.04.08-23.27.44:379][274]LogModuleManager: Shutting down and abandoning module NetcodeUnitTest (374)
[2019.04.08-23.27.44:379][274]LogModuleManager: Shutting down and abandoning module MediaCompositing (372)
[2019.04.08-23.27.44:379][274]LogModuleManager: Shutting down and abandoning module LinearTimecode (370)
[2019.04.08-23.27.44:380][274]LogModuleManager: Shutting down and abandoning module ImgMedia (368)
[2019.04.08-23.27.44:399][274]LogModuleManager: Shutting down and abandoning module HTML5Networking (366)
[2019.04.08-23.27.44:399][274]LogModuleManager: Shutting down and abandoning module GeometryCacheTracks (364)
[2019.04.08-23.27.44:399][274]LogModuleManager: Shutting down and abandoning module GeometryCacheSequencer (362)
[2019.04.08-23.27.44:399][274]LogModuleManager: Shutting down and abandoning module BackChannel (360)
[2019.04.08-23.27.44:399][274]LogModuleManager: Shutting down and abandoning module AppleVision (358)
[2019.04.08-23.27.44:400][274]LogModuleManager: Shutting down and abandoning module AppleImageUtilsBlueprintSupport (356)
[2019.04.08-23.27.44:400][274]LogModuleManager: Shutting down and abandoning module AppleImageUtils (354)
[2019.04.08-23.27.44:400][274]LogModuleManager: Shutting down and abandoning module AlembicImporter (352)
[2019.04.08-23.27.44:400][274]LogModuleManager: Shutting down and abandoning module AlembicLibrary (351)
[2019.04.08-23.27.44:400][274]LogModuleManager: Shutting down and abandoning module GeometryCache (350)
[2019.04.08-23.27.44:400][274]LogModuleManager: Shutting down and abandoning module GeometryCacheEd (349)
[2019.04.08-23.27.44:400][274]LogModuleManager: Shutting down and abandoning module VariantManagerContent (344)
[2019.04.08-23.27.44:401][274]LogModuleManager: Shutting down and abandoning module DatasmithContentEditor (342)
[2019.04.08-23.27.44:401][274]LogModuleManager: Shutting down and abandoning module SpeedTreeImporter (340)
[2019.04.08-23.27.44:401][274]LogModuleManager: Shutting down and abandoning module PluginBrowser (338)
[2019.04.08-23.27.44:401][274]LogModuleManager: Shutting down and abandoning module MobileLauncherProfileWizard (336)
[2019.04.08-23.27.44:401][274]LogModuleManager: Shutting down and abandoning module PolygonModeling (334)
[2019.04.08-23.27.44:401][274]LogModuleManager: Shutting down and abandoning module MeshEditor (332)
[2019.04.08-23.27.44:402][274]LogModuleManager: Shutting down and abandoning module CryptoKeysOpenSSL (330)
[2019.04.08-23.27.44:402][274]LogModuleManager: Shutting down and abandoning module CryptoKeys (328)
[2019.04.08-23.27.44:402][274]LogModuleManager: Shutting down and abandoning module VisualStudioSourceCodeAccess (326)
[2019.04.08-23.27.44:402][274]LogModuleManager: Shutting down and abandoning module VisualStudioCodeSourceCodeAccess (324)
[2019.04.08-23.27.44:402][274]LogModuleManager: Shutting down and abandoning module UObjectPlugin (322)
[2019.04.08-23.27.44:402][274]LogModuleManager: Shutting down and abandoning module SubversionSourceControl (320)
[2019.04.08-23.27.44:403][274]LogModuleManager: Shutting down and abandoning module PerforceSourceControl (318)
[2019.04.08-23.27.44:403][274]LogModuleManager: Shutting down and abandoning module GitSourceControl (316)
[2019.04.08-23.27.44:403][274]LogModuleManager: Shutting down and abandoning module SourceControl (315)
[2019.04.08-23.27.44:403][274]LogModuleManager: Shutting down and abandoning module CLionSourceCodeAccess (312)
[2019.04.08-23.27.44:403][274]LogModuleManager: Shutting down and abandoning module ActorLayerUtilitiesEditor (310)
[2019.04.08-23.27.44:403][274]LogModuleManager: Shutting down and abandoning module ActorLayerUtilities (308)
[2019.04.08-23.27.44:404][274]LogModuleManager: Shutting down and abandoning module LightPropagationVolumeEditor (306)
[2019.04.08-23.27.44:404][274]LogModuleManager: Shutting down and abandoning module PaperTiledImporter (304)
[2019.04.08-23.27.44:404][274]LogModuleManager: Shutting down and abandoning module PaperSpriteSheetImporter (302)
[2019.04.08-23.27.44:404][274]LogModuleManager: Shutting down and abandoning module Paper2DEditor (300)
[2019.04.08-23.27.44:404][274]LogModuleManager: Shutting down and abandoning module MeshPaint (299)
[2019.04.08-23.27.44:404][274]LogModuleManager: Shutting down and abandoning module HSPGame (296)
[2019.04.08-23.27.44:405][274]LogModuleManager: Shutting down and abandoning module RuntimePhysXCooking (294)
[2019.04.08-23.27.44:405][274]LogModuleManager: Shutting down and abandoning module PhysXVehiclesEditor (292)
[2019.04.08-23.27.44:405][274]LogModuleManager: Shutting down and abandoning module PhysXVehicles (290)
[2019.04.08-23.27.44:405][274]LogModuleManager: Shutting down and abandoning module OculusEditor (288)
[2019.04.08-23.27.44:405][274]LogModuleManager: Shutting down and abandoning module LocationServicesBPLibrary (286)
[2019.04.08-23.27.44:405][274]LogModuleManager: Shutting down and abandoning module ActorSequence (284)
[2019.04.08-23.27.44:405][274]LogModuleManager: Shutting down and abandoning module UdpMessaging (282)
[2019.04.08-23.27.44:506][274]LogModuleManager: Shutting down and abandoning module TcpMessaging (280)
[2019.04.08-23.27.44:951][274]LogModuleManager: Shutting down and abandoning module MagicLeapAudio (278)
[2019.04.08-23.27.44:951][274]LogModuleManager: Shutting down and abandoning module GameplayTagsEditor (276)
[2019.04.08-23.27.44:951][274]LogModuleManager: Shutting down and abandoning module FacialAnimationEditor (274)
[2019.04.08-23.27.44:952][274]LogModuleManager: Shutting down and abandoning module FacialAnimation (272)
[2019.04.08-23.27.44:952][274]LogModuleManager: Shutting down and abandoning module DataValidation (270)
[2019.04.08-23.27.44:952][274]LogModuleManager: Shutting down and abandoning module AssetManagerEditor (268)
[2019.04.08-23.27.44:952][274]LogModuleManager: Shutting down and abandoning module LevelEditor (267)
[2019.04.08-23.27.44:953][274]LogModuleManager: Shutting down and abandoning module PixelInspectorModule (266)
[2019.04.08-23.27.44:953][274]LogModuleManager: Shutting down and abandoning module CommonMenuExtensions (264)
[2019.04.08-23.27.44:954][274]LogModuleManager: Shutting down and abandoning module MainFrame (262)
[2019.04.08-23.27.44:954][274]LogModuleManager: Shutting down and abandoning module HotReload (261)
[2019.04.08-23.27.44:955][274]LogModuleManager: Shutting down and abandoning module ContentBrowser (257)
[2019.04.08-23.27.44:957][274]LogModuleManager: Shutting down and abandoning module TreeMap (255)
[2019.04.08-23.27.44:957][274]LogModuleManager: Shutting down and abandoning module LightPropagationVolumeRuntime (252)
[2019.04.08-23.27.44:957][274]LogModuleManager: Shutting down and abandoning module AISupportModule (250)
[2019.04.08-23.27.44:957][274]LogModuleManager: Shutting down and abandoning module Paper2D (248)
[2019.04.08-23.27.44:958][274]LogModuleManager: Shutting down and abandoning module WindowsMoviePlayer (246)
[2019.04.08-23.27.44:958][274]LogModuleManager: Shutting down and abandoning module WebMMoviePlayer (244)
[2019.04.08-23.27.44:958][274]LogModuleManager: Shutting down and abandoning module WmfMedia (242)
[2019.04.08-23.27.44:964][274]LogModuleManager: Shutting down and abandoning module Media (241)
[2019.04.08-23.27.44:972][274]LogModuleManager: Shutting down and abandoning module PacketHandler (238)
[2019.04.08-23.27.44:972][274]LogModuleManager: Shutting down and abandoning module ClothingSystemEditor (236)
[2019.04.08-23.27.44:973][274]LogModuleManager: Shutting down and abandoning module ClothingSystemRuntime (234)
[2019.04.08-23.27.44:973][274]LogModuleManager: Shutting down and abandoning module MediaAssets (232)
[2019.04.08-23.27.44:973][274]LogModuleManager: Shutting down and abandoning module Overlay (230)
[2019.04.08-23.27.44:973][274]LogModuleManager: Shutting down and abandoning module OverlayEditor (229)
[2019.04.08-23.27.44:973][274]LogModuleManager: Shutting down and abandoning module VREditor (226)
[2019.04.08-23.27.44:974][274]LogModuleManager: Shutting down and abandoning module StringTableEditor (224)
[2019.04.08-23.27.44:974][274]LogModuleManager: Shutting down and abandoning module GameplayTasksEditor (222)
[2019.04.08-23.27.44:974][274]LogModuleManager: Shutting down and abandoning module BehaviorTreeEditor (220)
[2019.04.08-23.27.44:974][274]LogModuleManager: Shutting down and abandoning module FunctionalTesting (218)
[2019.04.08-23.27.44:974][274]LogModuleManager: Shutting down and abandoning module CollisionAnalyzer (216)
[2019.04.08-23.27.44:975][274]LogModuleManager: Shutting down and abandoning module WorkspaceMenuStructure (215)
[2019.04.08-23.27.44:975][274]LogModuleManager: Shutting down and abandoning module UMG (212)
[2019.04.08-23.27.44:975][274]LogModuleManager: Shutting down and abandoning module UMGEditor (211)
[2019.04.08-23.27.44:975][274]LogModuleManager: Shutting down and abandoning module Sequencer (210)
[2019.04.08-23.27.44:975][274]LogModuleManager: Shutting down and abandoning module MessageLog (207)
[2019.04.08-23.27.44:976][274]LogModuleManager: Shutting down and abandoning module SlateReflector (202)
[2019.04.08-23.27.44:976][274]LogModuleManager: Shutting down and abandoning module Slate (200)
[2019.04.08-23.27.44:976][274]LogModuleManager: Shutting down and abandoning module EditorStyle (198)
[2019.04.08-23.27.44:979][274]LogModuleManager: Shutting down and abandoning module MRMesh (196)
[2019.04.08-23.27.44:979][274]LogModuleManager: Shutting down and abandoning module SourceCodeAccess (194)
[2019.04.08-23.27.44:979][274]LogModuleManager: Shutting down and abandoning module HeadMountedDisplay (192)
[2019.04.08-23.27.44:980][274]LogModuleManager: Shutting down and abandoning module XAudio2 (190)
[2019.04.08-23.27.44:980][274]LogModuleManager: Shutting down and abandoning module Networking (188)
[2019.04.08-23.27.44:980][274]LogModuleManager: Shutting down and abandoning module Core (186)
[2019.04.08-23.27.44:980][274]LogModuleManager: Shutting down and abandoning module LevelSequence (184)
[2019.04.08-23.27.44:980][274]LogModuleManager: Shutting down and abandoning module KismetCompiler (182)
[2019.04.08-23.27.44:980][274]LogModuleManager: Shutting down and abandoning module MeshUtilities (180)
[2019.04.08-23.27.44:980][274]LogModuleManager: Shutting down and abandoning module MeshMergeUtilities (179)
[2019.04.08-23.27.44:981][274]LogModuleManager: Shutting down and abandoning module MeshReductionInterface (178)
[2019.04.08-23.27.44:981][274]LogModuleManager: Shutting down and abandoning module SimplygonSwarm (177)
[2019.04.08-23.27.44:981][274]LogModuleManager: Shutting down and abandoning module ProxyLODMeshReduction (175)
[2019.04.08-23.27.44:981][274]LogModuleManager: Shutting down and abandoning module SimplygonMeshReduction (173)
[2019.04.08-23.27.44:981][274]LogModuleManager: Shutting down and abandoning module QuadricMeshReduction (171)
[2019.04.08-23.27.44:982][274]LogModuleManager: Shutting down and abandoning module MaterialBaking (167)
[2019.04.08-23.27.44:982][274]LogModuleManager: Shutting down and abandoning module DirectoryWatcher (163)
[2019.04.08-23.27.44:982][274]LogModuleManager: Shutting down and abandoning module DerivedDataCache (160)
[2019.04.08-23.27.45:009][274]LogDerivedDataCache: Shutdown
[2019.04.08-23.27.45:009][274]LogModuleManager: Shutting down and abandoning module XGEController (158)
[2019.04.08-23.27.45:009][274]LogXGEController: Cleaning working directory: C:/Users/gosus/AppData/Local/Temp/UnrealXGEWorkingDir/
[2019.04.08-23.27.45:010][274]LogModuleManager: Shutting down and abandoning module TargetPlatform (156)
[2019.04.08-23.27.45:010][274]LogModuleManager: Shutting down and abandoning module VulkanShaderFormat (155)
[2019.04.08-23.27.45:010][274]LogModuleManager: Shutting down and abandoning module ShaderFormatVectorVM (153)
[2019.04.08-23.27.45:010][274]LogModuleManager: Shutting down and abandoning module ShaderFormatOpenGL (151)
[2019.04.08-23.27.45:010][274]LogModuleManager: Shutting down and abandoning module ShaderFormatD3D (149)
[2019.04.08-23.27.45:011][274]LogModuleManager: Shutting down and abandoning module MetalShaderFormat (147)
[2019.04.08-23.27.45:011][274]LogModuleManager: Shutting down and abandoning module TextureFormatUncompressed (145)
[2019.04.08-23.27.45:011][274]LogModuleManager: Shutting down and abandoning module TextureFormatPVR (143)
[2019.04.08-23.27.45:011][274]LogModuleManager: Shutting down and abandoning module TextureFormatDXT (141)
[2019.04.08-23.27.45:011][274]LogModuleManager: Shutting down and abandoning module TextureFormatIntelISPCTexComp (139)
[2019.04.08-23.27.45:014][274]LogModuleManager: Shutting down and abandoning module TextureFormatASTC (137)
[2019.04.08-23.27.45:014][274]LogModuleManager: Shutting down and abandoning module ImageWrapper (136)
[2019.04.08-23.27.45:014][274]LogModuleManager: Shutting down and abandoning module TextureFormatAndroid (133)
[2019.04.08-23.27.45:014][274]LogModuleManager: Shutting down and abandoning module AudioFormatOpus (131)
[2019.04.08-23.27.45:014][274]LogModuleManager: Shutting down and abandoning module AudioFormatOgg (129)
[2019.04.08-23.27.45:015][274]LogModuleManager: Shutting down and abandoning module AudioFormatADPCM (127)
[2019.04.08-23.27.45:015][274]LogModuleManager: Shutting down and abandoning module LuminTargetPlatform (125)
[2019.04.08-23.27.45:016][274]LogModuleManager: Shutting down and abandoning module LinuxTargetPlatform (123)
[2019.04.08-23.27.45:016][274]LogModuleManager: Shutting down and abandoning module LinuxServerTargetPlatform (121)
[2019.04.08-23.27.45:016][274]LogModuleManager: Shutting down and abandoning module LinuxNoEditorTargetPlatform (119)
[2019.04.08-23.27.45:016][274]LogModuleManager: Shutting down and abandoning module LinuxClientTargetPlatform (117)
[2019.04.08-23.27.45:017][274]LogModuleManager: Shutting down and abandoning module TVOSTargetPlatform (115)
[2019.04.08-23.27.45:018][274]LogModuleManager: Shutting down and abandoning module Messaging (113)
[2019.04.08-23.27.45:018][274]LogModuleManager: Shutting down and abandoning module IOSTargetPlatform (111)
[2019.04.08-23.27.45:019][274]LogModuleManager: Shutting down and abandoning module HTML5TargetPlatform (109)
[2019.04.08-23.27.45:019][274]LogModuleManager: Shutting down and abandoning module AndroidTargetPlatform (107)
[2019.04.08-23.27.45:032][274]LogModuleManager: Shutting down and abandoning module WindowsTargetPlatform (105)
[2019.04.08-23.27.45:032][274]LogModuleManager: Shutting down and abandoning module WindowsServerTargetPlatform (103)
[2019.04.08-23.27.45:032][274]LogModuleManager: Shutting down and abandoning module WindowsNoEditorTargetPlatform (101)
[2019.04.08-23.27.45:033][274]LogModuleManager: Shutting down and abandoning module WindowsClientTargetPlatform (99)
[2019.04.08-23.27.45:033][274]LogModuleManager: Shutting down and abandoning module MacTargetPlatform (97)
[2019.04.08-23.27.45:033][274]LogModuleManager: Shutting down and abandoning module MacServerTargetPlatform (95)
[2019.04.08-23.27.45:033][274]LogModuleManager: Shutting down and abandoning module MacNoEditorTargetPlatform (93)
[2019.04.08-23.27.45:033][274]LogModuleManager: Shutting down and abandoning module MacClientTargetPlatform (91)
[2019.04.08-23.27.45:033][274]LogModuleManager: Shutting down and abandoning module AllDesktopTargetPlatform (89)
[2019.04.08-23.27.45:034][274]LogModuleManager: Shutting down and abandoning module InputCore (86)
[2019.04.08-23.27.45:034][274]LogModuleManager: Shutting down and abandoning module Settings (84)
[2019.04.08-23.27.45:034][274]LogModuleManager: Shutting down and abandoning module PhysXCooking (82)
[2019.04.08-23.27.45:034][274]LogModuleManager: Shutting down and abandoning module SteamVR (80)
[2019.04.08-23.27.45:034][274]LogHMD: Freeing OpenVRDLLHandle.
[2019.04.08-23.27.45:035][274]LogModuleManager: Shutting down and abandoning module OculusHMD (78)
[2019.04.08-23.27.45:035][274]LogModuleManager: Shutting down and abandoning module ExampleDeviceProfileSelector (76)
[2019.04.08-23.27.45:035][274]LogModuleManager: Shutting down and abandoning module LauncherChunkInstaller (74)
[2019.04.08-23.27.45:035][274]LogModuleManager: Shutting down and abandoning module OnlineBlueprintSupport (72)
[2019.04.08-23.27.45:035][274]LogModuleManager: Shutting down and abandoning module OnlineSubsystem (68)
[2019.04.08-23.27.45:037][274]LogModuleManager: Shutting down and abandoning module XMPP (63)
[2019.04.08-23.27.45:038][274]LogModuleManager: Shutting down and abandoning module WebSockets (62)
[2019.04.08-23.27.45:055][274]LogModuleManager: Shutting down and abandoning module HTTP (59)
[2019.04.08-23.27.45:056][274]LogHttp: Display: Http module shutting down, but needs to wait on 1 outstanding Http requests:
[2019.04.08-23.27.45:056][274]LogHttp: Display: 	verb=[POST] url=[https://datarouter.ol.epicgames.com/datarouter/api/v1/public/data?SessionID=%7B19767A89-4637-83DE-BA37-F0ADB449F356%7D&AppID=UEEditor.Rocket.Release&AppVersion=4.21.2-4753647%2B%2B%2BUE4%2BRelease-4.21&UserID=9e4170084badf87e8c36de96253b7ba6%7Cab42ae2a85794cd9ae0bb9c5fc3e9425%7Cb942975b-bfa1-46d0-8a9e-a54cbac2e886&AppEnvironment=datacollector-binary&UploadType=eteventstream] status=Processing
[2019.04.08-23.27.45:065][274]LogModuleManager: Shutting down and abandoning module SSL (58)
[2019.04.08-23.27.45:067][274]LogModuleManager: Shutting down and abandoning module MagicLeapIdentity (54)
[2019.04.08-23.27.45:067][274]LogModuleManager: Shutting down and abandoning module MagicLeapHelperVulkan (52)
[2019.04.08-23.27.45:067][274]LogModuleManager: Shutting down and abandoning module MagicLeapHelperOpenGL (50)
[2019.04.08-23.27.45:067][274]LogModuleManager: Shutting down and abandoning module MagicLeapSecureStorage (48)
[2019.04.08-23.27.45:067][274]LogModuleManager: Shutting down and abandoning module MagicLeapHandTracking (46)
[2019.04.08-23.27.45:067][274]LogModuleManager: Shutting down and abandoning module MagicLeapEyeTracker (44)
[2019.04.08-23.27.45:067][274]LogModuleManager: Shutting down and abandoning module MagicLeapController (42)
[2019.04.08-23.27.45:068][274]LogSlate: Slate User Destroyed.  User Index 0, Is Virtual User: 0
[2019.04.08-23.27.45:068][274]LogModuleManager: Shutting down and abandoning module MagicLeap (40)
[2019.04.08-23.27.45:068][274]LogModuleManager: Shutting down and abandoning module DatasmithContent (38)
[2019.04.08-23.27.45:069][274]LogModuleManager: Shutting down and abandoning module AnimationModifiers (36)
[2019.04.08-23.27.45:069][274]LogModuleManager: Shutting down and abandoning module PropertyEditor (35)
[2019.04.08-23.27.45:069][274]LogModuleManager: Shutting down and abandoning module AudioEditor (32)
[2019.04.08-23.27.45:069][274]LogModuleManager: Shutting down and abandoning module TextureCompressor (30)
[2019.04.08-23.27.45:070][274]LogModuleManager: Shutting down and abandoning module ShaderCore (28)
[2019.04.08-23.27.45:070][274]LogModuleManager: Shutting down and abandoning module Landscape (26)
[2019.04.08-23.27.45:070][274]LogModuleManager: Shutting down and abandoning module SlateRHIRenderer (24)
[2019.04.08-23.27.45:071][274]LogModuleManager: Shutting down and abandoning module OpenGLDrv (22)
[2019.04.08-23.27.45:072][274]LogModuleManager: Shutting down and abandoning module D3D11RHI (20)
[2019.04.08-23.27.45:072][274]LogModuleManager: Shutting down and abandoning module AnimGraphRuntime (18)
[2019.04.08-23.27.45:072][274]LogModuleManager: Shutting down and abandoning module Renderer (16)
[2019.04.08-23.27.45:072][274]LogModuleManager: Shutting down and abandoning module Engine (14)
[2019.04.08-23.27.45:072][274]LogModuleManager: Shutting down and abandoning module CoreUObject (12)
[2019.04.08-23.27.45:072][274]LogModuleManager: Shutting down and abandoning module NetworkFile (10)
[2019.04.08-23.27.45:072][274]LogModuleManager: Shutting down and abandoning module CookedIterativeFile (8)
[2019.04.08-23.27.45:072][274]LogModuleManager: Shutting down and abandoning module StreamingFile (6)
[2019.04.08-23.27.45:072][274]LogModuleManager: Shutting down and abandoning module SandboxFile (4)
[2019.04.08-23.27.45:072][274]LogModuleManager: Shutting down and abandoning module PakFile (2)
[2019.04.08-23.27.45:095][274]LogExit: Exiting.
[2019.04.08-23.27.45:102][274]Log file closed, 04/08/19 16:27:45
