Log file open, 04/15/19 03:38:58
LogWindows: Failed to load 'aqProf.dll' (GetLastError=126)
LogWindows: File 'aqProf.dll' does not exist
LogWindows: Failed to load 'VtuneApi.dll' (GetLastError=126)
LogWindows: File 'VtuneApi.dll' does not exist
LogWindows: Failed to load 'VtuneApi32e.dll' (GetLastError=126)
LogWindows: File 'VtuneApi32e.dll' does not exist
LogConsoleResponse: Display: Failed to find resolution value strings in scalability ini. Falling back to default.
LogInit: Display: Running engine for game: HSPGame
LogPakFile: Registered encryption key '00000000000000000000000000000000': 0 pak files mounted, 0 remain pending
LogPlatformFile: Not using cached read wrapper
LogTaskGraph: Started task graph with 5 named threads and 23 total threads with 3 sets of task threads.
LogStats: Stats thread started at 0.358691
LogD3D11RHI: Loaded GFSDK_Aftermath_Lib.x64.dll
LogICUInternationalization: ICU TimeZone Detection - Raw Offset: -8:00, Platform Override: ''
LogPluginManager: Mounting plugin Paper2D
LogPluginManager: Mounting plugin AISupport
LogPluginManager: Mounting plugin LightPropagationVolume
LogPluginManager: Mounting plugin ActorLayerUtilities
LogPluginManager: Mounting plugin CLionSourceCodeAccess
LogPluginManager: Mounting plugin CodeLiteSourceCodeAccess
LogPluginManager: Mounting plugin GitSourceControl
LogPluginManager: Mounting plugin KDevelopSourceCodeAccess
LogPluginManager: Mounting plugin NullSourceCodeAccess
LogPluginManager: Mounting plugin PerforceSourceControl
LogPluginManager: Mounting plugin SubversionSourceControl
LogPluginManager: Mounting plugin UObjectPlugin
LogPluginManager: Mounting plugin VisualStudioCodeSourceCodeAccess
LogPluginManager: Mounting plugin VisualStudioSourceCodeAccess
LogPluginManager: Mounting plugin XCodeSourceCodeAccess
LogPluginManager: Mounting plugin AssetManagerEditor
LogPluginManager: Mounting plugin CryptoKeys
LogPluginManager: Mounting plugin DataValidation
LogPluginManager: Mounting plugin FacialAnimation
LogPluginManager: Mounting plugin GameplayTagsEditor
LogPluginManager: Mounting plugin MacGraphicsSwitching
LogPluginManager: Mounting plugin MeshEditor
LogPluginManager: Mounting plugin MobileLauncherProfileWizard
LogPluginManager: Mounting plugin PluginBrowser
LogPluginManager: Mounting plugin SpeedTreeImporter
LogPluginManager: Mounting plugin DatasmithContent
LogPluginManager: Mounting plugin VariantManagerContent
LogPluginManager: Mounting plugin AlembicImporter
LogPluginManager: Mounting plugin AppleImageUtils
LogPluginManager: Mounting plugin AppleVision
LogPluginManager: Mounting plugin BackChannel
LogPluginManager: Mounting plugin CharacterAI
LogPluginManager: Mounting plugin GeometryCache
LogPluginManager: Mounting plugin HTML5Networking
LogPluginManager: Mounting plugin ProxyLODPlugin
LogPluginManager: Mounting plugin MagicLeap
LogPluginManager: Mounting plugin MagicLeapMedia
LogPluginManager: Mounting plugin AndroidMedia
LogPluginManager: Mounting plugin AvfMedia
LogPluginManager: Mounting plugin ImgMedia
LogPluginManager: Mounting plugin LinearTimecode
LogPluginManager: Mounting plugin MediaCompositing
LogPluginManager: Mounting plugin MediaPlayerEditor
LogPluginManager: Mounting plugin WebMMedia
LogPluginManager: Mounting plugin WmfMedia
LogPluginManager: Mounting plugin TcpMessaging
LogPluginManager: Mounting plugin UdpMessaging
LogPluginManager: Mounting plugin ActorSequence
LogPluginManager: Mounting plugin LevelSequenceEditor
LogPluginManager: Mounting plugin MatineeToLevelSequence
LogPluginManager: Mounting plugin NetcodeUnitTest
LogPluginManager: Mounting plugin NUTUnrealEngine4
LogPluginManager: Mounting plugin OnlineSubsystemGooglePlay
LogPluginManager: Mounting plugin OnlineSubsystemIOS
LogPluginManager: Mounting plugin OnlineSubsystem
LogPluginManager: Mounting plugin OnlineSubsystemNull
LogPluginManager: Mounting plugin OnlineSubsystemUtils
LogPluginManager: Mounting plugin LauncherChunkInstaller
LogPluginManager: Mounting plugin AndroidDeviceProfileSelector
LogPluginManager: Mounting plugin AndroidMoviePlayer
LogPluginManager: Mounting plugin AndroidPermission
LogPluginManager: Mounting plugin AppleMoviePlayer
LogPluginManager: Mounting plugin ArchVisCharacter
LogPluginManager: Mounting plugin AudioCapture
LogPluginManager: Mounting plugin CableComponent
LogPluginManager: Mounting plugin CustomMeshComponent
LogPluginManager: Mounting plugin EditableMesh
LogPluginManager: Mounting plugin ExampleDeviceProfileSelector
LogPluginManager: Mounting plugin Firebase
LogPluginManager: Mounting plugin GoogleCloudMessaging
LogPluginManager: Mounting plugin IOSDeviceProfileSelector
LogPluginManager: Mounting plugin LinuxDeviceProfileSelector
LogPluginManager: Mounting plugin LocationServicesBPLibrary
LogPluginManager: Mounting plugin MobilePatchingUtils
LogPluginManager: Mounting plugin OculusVR
LogPluginManager: Mounting plugin PhysXVehicles
LogPluginManager: Mounting plugin ProceduralMeshComponent
LogPluginManager: Mounting plugin RuntimePhysXCooking
LogPluginManager: Mounting plugin SteamVR
LogPluginManager: Mounting plugin WebMMoviePlayer
LogPluginManager: Mounting plugin WindowsMoviePlayer
LogStreaming: Display: Took  0.073s to configure plugins.
LogInit: Using libcurl 7.55.1-DEV
LogInit:  - built for x86_64-pc-win32
LogInit:  - supports SSL with OpenSSL/1.0.2h
LogInit:  - supports HTTP deflate (compression) using libz 1.2.8
LogInit:  - other features:
LogInit:      CURL_VERSION_SSL
LogInit:      CURL_VERSION_LIBZ
LogInit:      CURL_VERSION_IPV6
LogInit:      CURL_VERSION_ASYNCHDNS
LogInit:      CURL_VERSION_LARGEFILE
LogInit:      CURL_VERSION_IDN
LogInit:  CurlRequestOptions (configurable via config and command line):
LogInit:  - bVerifyPeer = true  - Libcurl will verify peer certificate
LogInit:  - bUseHttpProxy = false  - Libcurl will NOT use HTTP proxy
LogInit:  - bDontReuseConnections = false  - Libcurl will reuse connections
LogInit:  - MaxHostConnections = 16  - Libcurl will limit the number of connections to a host
LogInit:  - LocalHostAddr = Default
LogInit:  - BufferSize = 65536
LogInit: WinSock: version 1.1 (2.2), MaxSocks=32767, MaxUdp=65467
LogInit: Build: ++UE4+Release-4.21-CL-4753647
LogInit: Engine Version: 4.21.2-4753647+++UE4+Release-4.21
LogInit: Compatible Engine Version: 4.21.0-4541578+++UE4+Release-4.21
LogInit: Net CL: 4541578
LogInit: OS: Windows 10 (), CPU: Intel(R) Core(TM) i7-6700K CPU @ 4.00GHz, GPU: NVIDIA GeForce RTX 2080
LogInit: Compiled (64-bit): Jan 19 2019 02:07:31
LogInit: Compiled with Visual C++: 19.13.26129.00
LogInit: Build Configuration: Development
LogInit: Branch Name: ++UE4+Release-4.21
LogInit: Command Line:  -skipcompile
LogInit: Base Directory: G:/Games/Epic/Games/UE_4.21/Engine/Binaries/Win64/
LogInit: Installed Engine Build: 1
LogDevObjectVersion: Number of dev versions registered: 22
LogDevObjectVersion:   Dev-Blueprints (B0D832E4-1F89-4F0D-ACCF-7EB736FD4AA2): 10
LogDevObjectVersion:   Dev-Build (E1C64328-A22C-4D53-A36C-8E866417BD8C): 0
LogDevObjectVersion:   Dev-Core (375EC13C-06E4-48FB-B500-84F0262A717E): 2
LogDevObjectVersion:   Dev-Editor (E4B068ED-F494-42E9-A231-DA0B2E46BB41): 26
LogDevObjectVersion:   Dev-Framework (CFFC743F-43B0-4480-9391-14DF171D2073): 34
LogDevObjectVersion:   Dev-Mobile (B02B49B5-BB20-44E9-A304-32B752E40360): 2
LogDevObjectVersion:   Dev-Networking (A4E4105C-59A1-49B5-A7C5-40C4547EDFEE): 0
LogDevObjectVersion:   Dev-Online (39C831C9-5AE6-47DC-9A44-9C173E1C8E7C): 0
LogDevObjectVersion:   Dev-Physics (78F01B33-EBEA-4F98-B9B4-84EACCB95AA2): 0
LogDevObjectVersion:   Dev-Platform (6631380F-2D4D-43E0-8009-CF276956A95A): 0
LogDevObjectVersion:   Dev-Rendering (12F88B9F-8875-4AFC-A67C-D90C383ABD29): 27
LogDevObjectVersion:   Dev-Sequencer (7B5AE74C-D270-4C10-A958-57980B212A5A): 9
LogDevObjectVersion:   Dev-VR (D7296918-1DD6-4BDD-9DE2-64A83CC13884): 2
LogDevObjectVersion:   Dev-LoadTimes (C2A15278-BFE7-4AFE-6C17-90FF531DF755): 1
LogDevObjectVersion:   Private-Geometry (6EACA3D4-40EC-4CC1-B786-8BED09428FC5): 3
LogDevObjectVersion:   Dev-AnimPhys (29E575DD-E0A3-4627-9D10-D276232CDCEA): 17
LogDevObjectVersion:   Dev-Anim (AF43A65D-7FD3-4947-9873-3E8ED9C1BB05): 2
LogDevObjectVersion:   Dev-ReflectionCapture (6B266CEC-1EC7-4B8F-A30B-E4D90942FC07): 1
LogDevObjectVersion:   Dev-Automation (0DF73D61-A23F-47EA-B727-89E90C41499A): 1
LogDevObjectVersion:   FortniteMain (601D1886-AC64-4F84-AA16-D3DE0DEAC7D6): 17
LogDevObjectVersion:   Dev-Enterprise (9DFFBCD6-494F-0158-E221-12823C92A888): 4
LogDevObjectVersion:   Dev-Niagara (F2AED0AC-9AFE-416F-8664-AA7FFA26D6FC): 1
LogStreaming: Display: Took  0.005s to delete old logs.
LogInit: Presizing for max 8388607 objects, including 0 objects not considered by GC, pre-allocating 0 bytes for permanent pool.
LogInit: Object subsystem initialized
LogConfig: Setting CVar [[con.DebugEarlyDefault:1]]
LogConfig: Setting CVar [[r.setres:1280x720]]
[2019.04.15-10.38.58:430][  0]LogConfig: Setting CVar [[r.VSync:0]]
[2019.04.15-10.38.58:430][  0]LogConfig: Setting CVar [[r.RHICmdBypass:0]]
[2019.04.15-10.38.58:430][  0]LogConfig: Applying CVar settings from Section [/Script/Engine.RendererSettings] File [C:/Users/gosus/Documents/CP-School/SeniorProject/gitRepos/Senior-Project-CPP-Game/Saved/Config/Windows/Engine.ini]
[2019.04.15-10.38.58:430][  0]LogConfig: Setting CVar [[r.GPUCrashDebugging:0]]
[2019.04.15-10.38.58:430][  0]LogConfig: Applying CVar settings from Section [/Script/Engine.RendererOverrideSettings] File [C:/Users/gosus/Documents/CP-School/SeniorProject/gitRepos/Senior-Project-CPP-Game/Saved/Config/Windows/Engine.ini]
[2019.04.15-10.38.58:430][  0]LogConfig: Applying CVar settings from Section [/Script/Engine.StreamingSettings] File [C:/Users/gosus/Documents/CP-School/SeniorProject/gitRepos/Senior-Project-CPP-Game/Saved/Config/Windows/Engine.ini]
[2019.04.15-10.38.58:430][  0]LogConfig: Setting CVar [[s.MinBulkDataSizeForAsyncLoading:131072]]
[2019.04.15-10.38.58:430][  0]LogConfig: Setting CVar [[s.AsyncLoadingThreadEnabled:0]]
[2019.04.15-10.38.58:430][  0]LogConfig: Setting CVar [[s.EventDrivenLoaderEnabled:1]]
[2019.04.15-10.38.58:431][  0]LogConfig: Setting CVar [[s.WarnIfTimeLimitExceeded:0]]
[2019.04.15-10.38.58:431][  0]LogConfig: Setting CVar [[s.TimeLimitExceededMultiplier:1.5]]
[2019.04.15-10.38.58:431][  0]LogConfig: Setting CVar [[s.TimeLimitExceededMinTime:0.005]]
[2019.04.15-10.38.58:431][  0]LogConfig: Setting CVar [[s.UseBackgroundLevelStreaming:1]]
[2019.04.15-10.38.58:431][  0]LogConfig: Setting CVar [[s.PriorityAsyncLoadingExtraTime:15.0]]
[2019.04.15-10.38.58:431][  0]LogConfig: Setting CVar [[s.LevelStreamingActorsUpdateTimeLimit:5.0]]
[2019.04.15-10.38.58:431][  0]LogConfig: Setting CVar [[s.PriorityLevelStreamingActorsUpdateExtraTime:5.0]]
[2019.04.15-10.38.58:431][  0]LogConfig: Setting CVar [[s.LevelStreamingComponentsRegistrationGranularity:10]]
[2019.04.15-10.38.58:431][  0]LogConfig: Setting CVar [[s.UnregisterComponentsTimeLimit:1.0]]
[2019.04.15-10.38.58:431][  0]LogConfig: Setting CVar [[s.LevelStreamingComponentsUnregistrationGranularity:5]]
[2019.04.15-10.38.58:431][  0]LogConfig: Applying CVar settings from Section [/Script/Engine.GarbageCollectionSettings] File [C:/Users/gosus/Documents/CP-School/SeniorProject/gitRepos/Senior-Project-CPP-Game/Saved/Config/Windows/Engine.ini]
[2019.04.15-10.38.58:431][  0]LogConfig: Setting CVar [[gc.MaxObjectsNotConsideredByGC:1]]
[2019.04.15-10.38.58:431][  0]LogConfig: Setting CVar [[gc.SizeOfPermanentObjectPool:0]]
[2019.04.15-10.38.58:431][  0]LogConfig: Setting CVar [[gc.FlushStreamingOnGC:0]]
[2019.04.15-10.38.58:431][  0]LogConfig: Setting CVar [[gc.NumRetriesBeforeForcingGC:10]]
[2019.04.15-10.38.58:431][  0]LogConfig: Setting CVar [[gc.AllowParallelGC:1]]
[2019.04.15-10.38.58:431][  0]LogConfig: Setting CVar [[gc.TimeBetweenPurgingPendingKillObjects:61.1]]
[2019.04.15-10.38.58:431][  0]LogConfig: Setting CVar [[gc.MaxObjectsInEditor:8388607]]
[2019.04.15-10.38.58:431][  0]LogConfig: Setting CVar [[gc.IncrementalBeginDestroyEnabled:1]]
[2019.04.15-10.38.58:431][  0]LogConfig: Setting CVar [[gc.CreateGCClusters:1]]
[2019.04.15-10.38.58:431][  0]LogConfig: Setting CVar [[gc.MergeGCClusters:0]]
[2019.04.15-10.38.58:432][  0]LogConfig: Setting CVar [[gc.MinGCClusterSize:5]]
[2019.04.15-10.38.58:432][  0]LogConfig: Setting CVar [[gc.ActorClusteringEnabled:0]]
[2019.04.15-10.38.58:432][  0]LogConfig: Setting CVar [[gc.BlueprintClusteringEnabled:0]]
[2019.04.15-10.38.58:432][  0]LogConfig: Setting CVar [[gc.UseDisregardForGCOnDedicatedServers:0]]
[2019.04.15-10.38.58:432][  0]LogConfig: Applying CVar settings from Section [/Script/Engine.NetworkSettings] File [C:/Users/gosus/Documents/CP-School/SeniorProject/gitRepos/Senior-Project-CPP-Game/Saved/Config/Windows/Engine.ini]
[2019.04.15-10.38.58:432][  0]LogConfig: Applying CVar settings from Section [/Script/UnrealEd.CookerSettings] File [C:/Users/gosus/Documents/CP-School/SeniorProject/gitRepos/Senior-Project-CPP-Game/Saved/Config/Windows/Engine.ini]
[2019.04.15-10.38.58:444][  0]LogConfig: Applying CVar settings from Section [ViewDistanceQuality@3] File [C:/Users/gosus/Documents/CP-School/SeniorProject/gitRepos/Senior-Project-CPP-Game/Saved/Config/Windows/Scalability.ini]
[2019.04.15-10.38.58:444][  0]LogConfig: Setting CVar [[r.SkeletalMeshLODBias:0]]
[2019.04.15-10.38.58:445][  0]LogConfig: Setting CVar [[r.ViewDistanceScale:1.0]]
[2019.04.15-10.38.58:445][  0]LogConfig: Applying CVar settings from Section [AntiAliasingQuality@3] File [C:/Users/gosus/Documents/CP-School/SeniorProject/gitRepos/Senior-Project-CPP-Game/Saved/Config/Windows/Scalability.ini]
[2019.04.15-10.38.58:445][  0]LogConfig: Setting CVar [[r.PostProcessAAQuality:4]]
[2019.04.15-10.38.58:445][  0]LogConfig: Applying CVar settings from Section [ShadowQuality@3] File [C:/Users/gosus/Documents/CP-School/SeniorProject/gitRepos/Senior-Project-CPP-Game/Saved/Config/Windows/Scalability.ini]
[2019.04.15-10.38.58:445][  0]LogConfig: Setting CVar [[r.LightFunctionQuality:1]]
[2019.04.15-10.38.58:445][  0]LogConfig: Setting CVar [[r.ShadowQuality:5]]
[2019.04.15-10.38.58:445][  0]LogConfig: Setting CVar [[r.Shadow.CSM.MaxCascades:10]]
[2019.04.15-10.38.58:445][  0]LogConfig: Setting CVar [[r.Shadow.MaxResolution:2048]]
[2019.04.15-10.38.58:445][  0]LogConfig: Setting CVar [[r.Shadow.MaxCSMResolution:2048]]
[2019.04.15-10.38.58:445][  0]LogConfig: Setting CVar [[r.Shadow.RadiusThreshold:0.01]]
[2019.04.15-10.38.58:445][  0]LogConfig: Setting CVar [[r.Shadow.DistanceScale:1.0]]
[2019.04.15-10.38.58:445][  0]LogConfig: Setting CVar [[r.Shadow.CSM.TransitionScale:1.0]]
[2019.04.15-10.38.58:445][  0]LogConfig: Setting CVar [[r.Shadow.PreShadowResolutionFactor:1.0]]
[2019.04.15-10.38.58:445][  0]LogConfig: Setting CVar [[r.DistanceFieldShadowing:1]]
[2019.04.15-10.38.58:445][  0]LogConfig: Setting CVar [[r.DistanceFieldAO:1]]
[2019.04.15-10.38.58:445][  0]LogConfig: Setting CVar [[r.AOQuality:2]]
[2019.04.15-10.38.58:445][  0]LogConfig: Setting CVar [[r.VolumetricFog:1]]
[2019.04.15-10.38.58:446][  0]LogConfig: Setting CVar [[r.VolumetricFog.GridPixelSize:8]]
[2019.04.15-10.38.58:446][  0]LogConfig: Setting CVar [[r.VolumetricFog.GridSizeZ:128]]
[2019.04.15-10.38.58:446][  0]LogConfig: Setting CVar [[r.VolumetricFog.HistoryMissSupersampleCount:4]]
[2019.04.15-10.38.58:446][  0]LogConfig: Setting CVar [[r.LightMaxDrawDistanceScale:1]]
[2019.04.15-10.38.58:446][  0]LogConfig: Setting CVar [[r.CapsuleShadows:1]]
[2019.04.15-10.38.58:446][  0]LogConfig: Applying CVar settings from Section [PostProcessQuality@3] File [C:/Users/gosus/Documents/CP-School/SeniorProject/gitRepos/Senior-Project-CPP-Game/Saved/Config/Windows/Scalability.ini]
[2019.04.15-10.38.58:446][  0]LogConfig: Setting CVar [[r.MotionBlurQuality:4]]
[2019.04.15-10.38.58:446][  0]LogConfig: Setting CVar [[r.AmbientOcclusionMipLevelFactor:0.4]]
[2019.04.15-10.38.58:446][  0]LogConfig: Setting CVar [[r.AmbientOcclusionMaxQuality:100]]
[2019.04.15-10.38.58:446][  0]LogConfig: Setting CVar [[r.AmbientOcclusionLevels:-1]]
[2019.04.15-10.38.58:446][  0]LogConfig: Setting CVar [[r.AmbientOcclusionRadiusScale:1.0]]
[2019.04.15-10.38.58:446][  0]LogConfig: Setting CVar [[r.DepthOfFieldQuality:2]]
[2019.04.15-10.38.58:446][  0]LogConfig: Setting CVar [[r.RenderTargetPoolMin:400]]
[2019.04.15-10.38.58:446][  0]LogConfig: Setting CVar [[r.LensFlareQuality:2]]
[2019.04.15-10.38.58:446][  0]LogConfig: Setting CVar [[r.SceneColorFringeQuality:1]]
[2019.04.15-10.38.58:446][  0]LogConfig: Setting CVar [[r.EyeAdaptationQuality:2]]
[2019.04.15-10.38.58:446][  0]LogConfig: Setting CVar [[r.BloomQuality:5]]
[2019.04.15-10.38.58:446][  0]LogConfig: Setting CVar [[r.FastBlurThreshold:100]]
[2019.04.15-10.38.58:447][  0]LogConfig: Setting CVar [[r.Upscale.Quality:3]]
[2019.04.15-10.38.58:447][  0]LogConfig: Setting CVar [[r.Tonemapper.GrainQuantization:1]]
[2019.04.15-10.38.58:447][  0]LogConfig: Setting CVar [[r.LightShaftQuality:1]]
[2019.04.15-10.38.58:447][  0]LogConfig: Setting CVar [[r.Filter.SizeScale:1]]
[2019.04.15-10.38.58:447][  0]LogConfig: Setting CVar [[r.Tonemapper.Quality:5]]
[2019.04.15-10.38.58:447][  0]LogConfig: Setting CVar [[r.DOF.Gather.AccumulatorQuality:1        ; higher gathering accumulator quality]]
[2019.04.15-10.38.58:447][  0]LogConfig: Setting CVar [[r.DOF.Gather.PostfilterMethod:1          ; Median3x3 postfilering method]]
[2019.04.15-10.38.58:447][  0]LogConfig: Setting CVar [[r.DOF.Gather.EnableBokehSettings:0       ; no bokeh simulation when gathering]]
[2019.04.15-10.38.58:447][  0]LogConfig: Setting CVar [[r.DOF.Gather.RingCount:4                 ; medium number of samples when gathering]]
[2019.04.15-10.38.58:447][  0]LogConfig: Setting CVar [[r.DOF.Scatter.ForegroundCompositing:1    ; additive foreground scattering]]
[2019.04.15-10.38.58:447][  0]LogConfig: Setting CVar [[r.DOF.Scatter.BackgroundCompositing:2    ; additive background scattering]]
[2019.04.15-10.38.58:447][  0]LogConfig: Setting CVar [[r.DOF.Scatter.EnableBokehSettings:1      ; bokeh simulation when scattering]]
[2019.04.15-10.38.58:447][  0]LogConfig: Setting CVar [[r.DOF.Scatter.MaxSpriteRatio:0.1         ; only a maximum of 10% of scattered bokeh]]
[2019.04.15-10.38.58:447][  0]LogConfig: Setting CVar [[r.DOF.Recombine.Quality:1                ; cheap slight out of focus]]
[2019.04.15-10.38.58:447][  0]LogConfig: Setting CVar [[r.DOF.Recombine.EnableBokehSettings:0    ; no bokeh simulation on slight out of focus]]
[2019.04.15-10.38.58:447][  0]LogConfig: Setting CVar [[r.DOF.TemporalAAQuality:1                ; more stable temporal accumulation]]
[2019.04.15-10.38.58:447][  0]LogConfig: Setting CVar [[r.DOF.Kernel.MaxForegroundRadius:0.025]]
[2019.04.15-10.38.58:447][  0]LogConfig: Setting CVar [[r.DOF.Kernel.MaxBackgroundRadius:0.025]]
[2019.04.15-10.38.58:447][  0]LogConfig: Applying CVar settings from Section [TextureQuality@3] File [C:/Users/gosus/Documents/CP-School/SeniorProject/gitRepos/Senior-Project-CPP-Game/Saved/Config/Windows/Scalability.ini]
[2019.04.15-10.38.58:447][  0]LogConfig: Setting CVar [[r.Streaming.MipBias:0]]
[2019.04.15-10.38.58:447][  0]LogConfig: Setting CVar [[r.Streaming.AmortizeCPUToGPUCopy:0]]
[2019.04.15-10.38.58:448][  0]LogConfig: Setting CVar [[r.Streaming.MaxNumTexturesToStreamPerFrame:0]]
[2019.04.15-10.38.58:448][  0]LogConfig: Setting CVar [[r.Streaming.Boost:1]]
[2019.04.15-10.38.58:448][  0]LogConfig: Setting CVar [[r.MaxAnisotropy:8]]
[2019.04.15-10.38.58:448][  0]LogConfig: Setting CVar [[r.Streaming.LimitPoolSizeToVRAM:0]]
[2019.04.15-10.38.58:448][  0]LogConfig: Setting CVar [[r.Streaming.PoolSize:1000]]
[2019.04.15-10.38.58:448][  0]LogConfig: Setting CVar [[r.Streaming.MaxEffectiveScreenSize:0]]
[2019.04.15-10.38.58:448][  0]LogConfig: Applying CVar settings from Section [EffectsQuality@3] File [C:/Users/gosus/Documents/CP-School/SeniorProject/gitRepos/Senior-Project-CPP-Game/Saved/Config/Windows/Scalability.ini]
[2019.04.15-10.38.58:448][  0]LogConfig: Setting CVar [[r.TranslucencyLightingVolumeDim:64]]
[2019.04.15-10.38.58:448][  0]LogConfig: Setting CVar [[r.RefractionQuality:2]]
[2019.04.15-10.38.58:448][  0]LogConfig: Setting CVar [[r.SSR.Quality:3]]
[2019.04.15-10.38.58:448][  0]LogConfig: Setting CVar [[r.SceneColorFormat:4]]
[2019.04.15-10.38.58:448][  0]LogConfig: Setting CVar [[r.DetailMode:2]]
[2019.04.15-10.38.58:448][  0]LogConfig: Setting CVar [[r.TranslucencyVolumeBlur:1]]
[2019.04.15-10.38.58:448][  0]LogConfig: Setting CVar [[r.MaterialQualityLevel:1 ; High quality]]
[2019.04.15-10.38.58:448][  0]LogConfig: Setting CVar [[r.SSS.Scale:1]]
[2019.04.15-10.38.58:448][  0]LogConfig: Setting CVar [[r.SSS.SampleSet:2]]
[2019.04.15-10.38.58:448][  0]LogConfig: Setting CVar [[r.SSS.Quality:1]]
[2019.04.15-10.38.58:448][  0]LogConfig: Setting CVar [[r.SSS.HalfRes:1]]
[2019.04.15-10.38.58:448][  0]LogConfig: Setting CVar [[r.EmitterSpawnRateScale:1.0]]
[2019.04.15-10.38.58:448][  0]LogConfig: Setting CVar [[r.ParticleLightQuality:2]]
[2019.04.15-10.38.58:448][  0]LogConfig: Applying CVar settings from Section [FoliageQuality@3] File [C:/Users/gosus/Documents/CP-School/SeniorProject/gitRepos/Senior-Project-CPP-Game/Saved/Config/Windows/Scalability.ini]
[2019.04.15-10.38.58:449][  0]LogConfig: Setting CVar [[foliage.DensityScale:1.0]]
[2019.04.15-10.38.58:449][  0]LogConfig: Setting CVar [[grass.DensityScale:1.0]]
[2019.04.15-10.38.58:449][  0]LogInit: Selected Device Profile: [Windows]
[2019.04.15-10.38.58:449][  0]LogInit: Applying CVar settings loaded from the selected device profile: [Windows]
[2019.04.15-10.38.58:458][  0]LogHAL: Display: Platform has ~ 32 GB [34313105408 / 34359738368 / 32], which maps to Largest [LargestMinGB=32, LargerMinGB=12, DefaultMinGB=8, SmallerMinGB=6, SmallestMinGB=0)
[2019.04.15-10.38.58:458][  0]LogConfig: Setting CVar [[r.Vulkan.UseRealUBs:1]]
[2019.04.15-10.38.58:458][  0]LogInit: Going up to parent DeviceProfile []
[2019.04.15-10.38.58:458][  0]LogConfig: Applying CVar settings from Section [ViewDistanceQuality@3] File [C:/Users/gosus/Documents/CP-School/SeniorProject/gitRepos/Senior-Project-CPP-Game/Saved/Config/Windows/Scalability.ini]
[2019.04.15-10.38.58:458][  0]LogConfig: Setting CVar [[r.SkeletalMeshLODBias:0]]
[2019.04.15-10.38.58:458][  0]LogConfig: Setting CVar [[r.ViewDistanceScale:1.0]]
[2019.04.15-10.38.58:458][  0]LogConfig: Applying CVar settings from Section [AntiAliasingQuality@3] File [C:/Users/gosus/Documents/CP-School/SeniorProject/gitRepos/Senior-Project-CPP-Game/Saved/Config/Windows/Scalability.ini]
[2019.04.15-10.38.58:458][  0]LogConfig: Setting CVar [[r.PostProcessAAQuality:4]]
[2019.04.15-10.38.58:458][  0]LogConfig: Applying CVar settings from Section [ShadowQuality@3] File [C:/Users/gosus/Documents/CP-School/SeniorProject/gitRepos/Senior-Project-CPP-Game/Saved/Config/Windows/Scalability.ini]
[2019.04.15-10.38.58:458][  0]LogConfig: Setting CVar [[r.LightFunctionQuality:1]]
[2019.04.15-10.38.58:458][  0]LogConfig: Setting CVar [[r.ShadowQuality:5]]
[2019.04.15-10.38.58:458][  0]LogConfig: Setting CVar [[r.Shadow.CSM.MaxCascades:10]]
[2019.04.15-10.38.58:459][  0]LogConfig: Setting CVar [[r.Shadow.MaxResolution:2048]]
[2019.04.15-10.38.58:459][  0]LogConfig: Setting CVar [[r.Shadow.MaxCSMResolution:2048]]
[2019.04.15-10.38.58:459][  0]LogConfig: Setting CVar [[r.Shadow.RadiusThreshold:0.01]]
[2019.04.15-10.38.58:459][  0]LogConfig: Setting CVar [[r.Shadow.DistanceScale:1.0]]
[2019.04.15-10.38.58:459][  0]LogConfig: Setting CVar [[r.Shadow.CSM.TransitionScale:1.0]]
[2019.04.15-10.38.58:459][  0]LogConfig: Setting CVar [[r.Shadow.PreShadowResolutionFactor:1.0]]
[2019.04.15-10.38.58:459][  0]LogConfig: Setting CVar [[r.DistanceFieldShadowing:1]]
[2019.04.15-10.38.58:459][  0]LogConfig: Setting CVar [[r.DistanceFieldAO:1]]
[2019.04.15-10.38.58:459][  0]LogConfig: Setting CVar [[r.AOQuality:2]]
[2019.04.15-10.38.58:459][  0]LogConfig: Setting CVar [[r.VolumetricFog:1]]
[2019.04.15-10.38.58:459][  0]LogConfig: Setting CVar [[r.VolumetricFog.GridPixelSize:8]]
[2019.04.15-10.38.58:459][  0]LogConfig: Setting CVar [[r.VolumetricFog.GridSizeZ:128]]
[2019.04.15-10.38.58:459][  0]LogConfig: Setting CVar [[r.VolumetricFog.HistoryMissSupersampleCount:4]]
[2019.04.15-10.38.58:459][  0]LogConfig: Setting CVar [[r.LightMaxDrawDistanceScale:1]]
[2019.04.15-10.38.58:459][  0]LogConfig: Setting CVar [[r.CapsuleShadows:1]]
[2019.04.15-10.38.58:459][  0]LogConfig: Applying CVar settings from Section [PostProcessQuality@3] File [C:/Users/gosus/Documents/CP-School/SeniorProject/gitRepos/Senior-Project-CPP-Game/Saved/Config/Windows/Scalability.ini]
[2019.04.15-10.38.58:459][  0]LogConfig: Setting CVar [[r.MotionBlurQuality:4]]
[2019.04.15-10.38.58:459][  0]LogConfig: Setting CVar [[r.AmbientOcclusionMipLevelFactor:0.4]]
[2019.04.15-10.38.58:459][  0]LogConfig: Setting CVar [[r.AmbientOcclusionMaxQuality:100]]
[2019.04.15-10.38.58:459][  0]LogConfig: Setting CVar [[r.AmbientOcclusionLevels:-1]]
[2019.04.15-10.38.58:459][  0]LogConfig: Setting CVar [[r.AmbientOcclusionRadiusScale:1.0]]
[2019.04.15-10.38.58:459][  0]LogConfig: Setting CVar [[r.DepthOfFieldQuality:2]]
[2019.04.15-10.38.58:460][  0]LogConfig: Setting CVar [[r.RenderTargetPoolMin:400]]
[2019.04.15-10.38.58:460][  0]LogConfig: Setting CVar [[r.LensFlareQuality:2]]
[2019.04.15-10.38.58:460][  0]LogConfig: Setting CVar [[r.SceneColorFringeQuality:1]]
[2019.04.15-10.38.58:460][  0]LogConfig: Setting CVar [[r.EyeAdaptationQuality:2]]
[2019.04.15-10.38.58:460][  0]LogConfig: Setting CVar [[r.BloomQuality:5]]
[2019.04.15-10.38.58:460][  0]LogConfig: Setting CVar [[r.FastBlurThreshold:100]]
[2019.04.15-10.38.58:460][  0]LogConfig: Setting CVar [[r.Upscale.Quality:3]]
[2019.04.15-10.38.58:460][  0]LogConfig: Setting CVar [[r.Tonemapper.GrainQuantization:1]]
[2019.04.15-10.38.58:460][  0]LogConfig: Setting CVar [[r.LightShaftQuality:1]]
[2019.04.15-10.38.58:460][  0]LogConfig: Setting CVar [[r.Filter.SizeScale:1]]
[2019.04.15-10.38.58:460][  0]LogConfig: Setting CVar [[r.Tonemapper.Quality:5]]
[2019.04.15-10.38.58:460][  0]LogConfig: Setting CVar [[r.DOF.Gather.AccumulatorQuality:1        ; higher gathering accumulator quality]]
[2019.04.15-10.38.58:460][  0]LogConfig: Setting CVar [[r.DOF.Gather.PostfilterMethod:1          ; Median3x3 postfilering method]]
[2019.04.15-10.38.58:460][  0]LogConfig: Setting CVar [[r.DOF.Gather.EnableBokehSettings:0       ; no bokeh simulation when gathering]]
[2019.04.15-10.38.58:460][  0]LogConfig: Setting CVar [[r.DOF.Gather.RingCount:4                 ; medium number of samples when gathering]]
[2019.04.15-10.38.58:460][  0]LogConfig: Setting CVar [[r.DOF.Scatter.ForegroundCompositing:1    ; additive foreground scattering]]
[2019.04.15-10.38.58:460][  0]LogConfig: Setting CVar [[r.DOF.Scatter.BackgroundCompositing:2    ; additive background scattering]]
[2019.04.15-10.38.58:460][  0]LogConfig: Setting CVar [[r.DOF.Scatter.EnableBokehSettings:1      ; bokeh simulation when scattering]]
[2019.04.15-10.38.58:460][  0]LogConfig: Setting CVar [[r.DOF.Scatter.MaxSpriteRatio:0.1         ; only a maximum of 10% of scattered bokeh]]
[2019.04.15-10.38.58:460][  0]LogConfig: Setting CVar [[r.DOF.Recombine.Quality:1                ; cheap slight out of focus]]
[2019.04.15-10.38.58:460][  0]LogConfig: Setting CVar [[r.DOF.Recombine.EnableBokehSettings:0    ; no bokeh simulation on slight out of focus]]
[2019.04.15-10.38.58:460][  0]LogConfig: Setting CVar [[r.DOF.TemporalAAQuality:1                ; more stable temporal accumulation]]
[2019.04.15-10.38.58:460][  0]LogConfig: Setting CVar [[r.DOF.Kernel.MaxForegroundRadius:0.025]]
[2019.04.15-10.38.58:461][  0]LogConfig: Setting CVar [[r.DOF.Kernel.MaxBackgroundRadius:0.025]]
[2019.04.15-10.38.58:461][  0]LogConfig: Applying CVar settings from Section [TextureQuality@3] File [C:/Users/gosus/Documents/CP-School/SeniorProject/gitRepos/Senior-Project-CPP-Game/Saved/Config/Windows/Scalability.ini]
[2019.04.15-10.38.58:461][  0]LogConfig: Setting CVar [[r.Streaming.MipBias:0]]
[2019.04.15-10.38.58:461][  0]LogConfig: Setting CVar [[r.Streaming.AmortizeCPUToGPUCopy:0]]
[2019.04.15-10.38.58:461][  0]LogConfig: Setting CVar [[r.Streaming.MaxNumTexturesToStreamPerFrame:0]]
[2019.04.15-10.38.58:461][  0]LogConfig: Setting CVar [[r.Streaming.Boost:1]]
[2019.04.15-10.38.58:461][  0]LogConfig: Setting CVar [[r.MaxAnisotropy:8]]
[2019.04.15-10.38.58:461][  0]LogConfig: Setting CVar [[r.Streaming.LimitPoolSizeToVRAM:0]]
[2019.04.15-10.38.58:461][  0]LogConfig: Setting CVar [[r.Streaming.PoolSize:1000]]
[2019.04.15-10.38.58:461][  0]LogConfig: Setting CVar [[r.Streaming.MaxEffectiveScreenSize:0]]
[2019.04.15-10.38.58:461][  0]LogConfig: Applying CVar settings from Section [EffectsQuality@3] File [C:/Users/gosus/Documents/CP-School/SeniorProject/gitRepos/Senior-Project-CPP-Game/Saved/Config/Windows/Scalability.ini]
[2019.04.15-10.38.58:461][  0]LogConfig: Setting CVar [[r.TranslucencyLightingVolumeDim:64]]
[2019.04.15-10.38.58:461][  0]LogConfig: Setting CVar [[r.RefractionQuality:2]]
[2019.04.15-10.38.58:461][  0]LogConfig: Setting CVar [[r.SSR.Quality:3]]
[2019.04.15-10.38.58:461][  0]LogConfig: Setting CVar [[r.SceneColorFormat:4]]
[2019.04.15-10.38.58:461][  0]LogConfig: Setting CVar [[r.DetailMode:2]]
[2019.04.15-10.38.58:461][  0]LogConfig: Setting CVar [[r.TranslucencyVolumeBlur:1]]
[2019.04.15-10.38.58:461][  0]LogConfig: Setting CVar [[r.MaterialQualityLevel:1 ; High quality]]
[2019.04.15-10.38.58:461][  0]LogConfig: Setting CVar [[r.SSS.Scale:1]]
[2019.04.15-10.38.58:461][  0]LogConfig: Setting CVar [[r.SSS.SampleSet:2]]
[2019.04.15-10.38.58:461][  0]LogConfig: Setting CVar [[r.SSS.Quality:1]]
[2019.04.15-10.38.58:461][  0]LogConfig: Setting CVar [[r.SSS.HalfRes:1]]
[2019.04.15-10.38.58:461][  0]LogConfig: Setting CVar [[r.EmitterSpawnRateScale:1.0]]
[2019.04.15-10.38.58:462][  0]LogConfig: Setting CVar [[r.ParticleLightQuality:2]]
[2019.04.15-10.38.58:462][  0]LogConfig: Applying CVar settings from Section [FoliageQuality@3] File [C:/Users/gosus/Documents/CP-School/SeniorProject/gitRepos/Senior-Project-CPP-Game/Saved/Config/Windows/Scalability.ini]
[2019.04.15-10.38.58:462][  0]LogConfig: Setting CVar [[foliage.DensityScale:1.0]]
[2019.04.15-10.38.58:462][  0]LogConfig: Setting CVar [[grass.DensityScale:1.0]]
[2019.04.15-10.38.58:462][  0]LogConfig: Applying CVar settings from Section [Startup] File [../../../Engine/Config/ConsoleVariables.ini]
[2019.04.15-10.38.58:462][  0]LogConfig: Setting CVar [[net.UseAdaptiveNetUpdateFrequency:0]]
[2019.04.15-10.38.58:462][  0]LogConfig: Applying CVar settings from Section [ConsoleVariables] File [C:/Users/gosus/Documents/CP-School/SeniorProject/gitRepos/Senior-Project-CPP-Game/Saved/Config/Windows/Engine.ini]
[2019.04.15-10.38.58:462][  0]LogInit: Computer: UNIT-01
[2019.04.15-10.38.58:462][  0]LogInit: User: gosus
[2019.04.15-10.38.58:462][  0]LogInit: CPU Page size=4096, Cores=4
[2019.04.15-10.38.58:462][  0]LogInit: High frequency timer resolution =10.000000 MHz
[2019.04.15-10.38.58:463][  0]LogMemory: Memory total: Physical=32.0GB (32GB approx)
[2019.04.15-10.38.58:463][  0]LogMemory: Platform Memory Stats for Windows
[2019.04.15-10.38.58:463][  0]LogMemory: Process Physical Memory: 105.92 MB used, 105.92 MB peak
[2019.04.15-10.38.58:463][  0]LogMemory: Process Virtual Memory: 103.99 MB used, 103.99 MB peak
[2019.04.15-10.38.58:463][  0]LogMemory: Physical Memory: 9912.13 MB used,  22811.40 MB free, 32723.53 MB total
[2019.04.15-10.38.58:463][  0]LogMemory: Virtual Memory: 4662.01 MB used,  134213064.00 MB free, 134217728.00 MB total
[2019.04.15-10.38.58:556][  0]LogInit: Using OS detected language (en-US).
[2019.04.15-10.38.58:556][  0]LogInit: Using OS detected locale (en-US).
[2019.04.15-10.38.58:557][  0]LogTextLocalizationManager: No specific localization for 'en-US' exists, so the 'en' localization will be used.
[2019.04.15-10.38.58:852][  0]LogStreaming: Display: Took  0.297s to InitEngineTextLocalization.
[2019.04.15-10.38.58:853][  0]LogInit: Setting process to per monitor DPI aware
[2019.04.15-10.38.58:910][  0]LogSlate: New Slate User Created.  User Index 0, Is Virtual User: 0
[2019.04.15-10.38.58:911][  0]LogSlate: Slate User Registered.  User Index 0, Is Virtual User: 0
[2019.04.15-10.38.59:096][  0]LogHMD: Failed to initialize OpenVR with code 110
[2019.04.15-10.38.59:096][  0]LogD3D11RHI: D3D11 adapters:
[2019.04.15-10.38.59:230][  0]LogD3D11RHI:    0. 'NVIDIA GeForce RTX 2080' (Feature Level 11_0)
[2019.04.15-10.38.59:230][  0]LogD3D11RHI:       8010/0/16361 MB DedicatedVideo/DedicatedSystem/SharedSystem, Outputs:2, VendorId:0x10de
[2019.04.15-10.38.59:234][  0]LogD3D11RHI:    1. 'Microsoft Basic Render Driver' (Feature Level 11_0)
[2019.04.15-10.38.59:235][  0]LogD3D11RHI:       0/0/16361 MB DedicatedVideo/DedicatedSystem/SharedSystem, Outputs:0, VendorId:0x1414
[2019.04.15-10.38.59:235][  0]LogD3D11RHI: Chosen D3D11 Adapter: 0
[2019.04.15-10.38.59:241][  0]LogD3D11RHI: Creating new Direct3DDevice
[2019.04.15-10.38.59:241][  0]LogD3D11RHI:     GPU DeviceId: 0x1e87 (for the marketing name, search the web for "GPU Device Id")
[2019.04.15-10.38.59:241][  0]LogWindows: EnumDisplayDevices:
[2019.04.15-10.38.59:241][  0]LogWindows:    0. 'NVIDIA GeForce RTX 2080' (P:1 D:1)
[2019.04.15-10.38.59:242][  0]LogWindows:    1. 'NVIDIA GeForce RTX 2080' (P:0 D:1)
[2019.04.15-10.38.59:242][  0]LogWindows:    2. 'NVIDIA GeForce RTX 2080' (P:0 D:0)
[2019.04.15-10.38.59:242][  0]LogWindows:    3. 'NVIDIA GeForce RTX 2080' (P:0 D:0)
[2019.04.15-10.38.59:242][  0]LogWindows: DebugString: FoundDriverCount:4 
[2019.04.15-10.38.59:243][  0]LogD3D11RHI:     Adapter Name: NVIDIA GeForce RTX 2080
[2019.04.15-10.38.59:243][  0]LogD3D11RHI:   Driver Version: 425.31 (internal:25.21.14.2531, unified:425.31)
[2019.04.15-10.38.59:243][  0]LogD3D11RHI:      Driver Date: 4-9-2019
[2019.04.15-10.38.59:243][  0]LogRHI: Texture pool is 5607 MB (70% of 8010 MB)
[2019.04.15-10.38.59:288][  0]LogD3D11RHI: Async texture creation enabled
[2019.04.15-10.38.59:312][  0]LogD3D11RHI: GPU Timing Frequency: 1000.000000 (Debug: 2 1)
[2019.04.15-10.38.59:650][  0]LogTemp: Display: Loaded TP AllDesktopTargetPlatform
[2019.04.15-10.38.59:665][  0]LogTemp: Display: Loaded TP MacClientTargetPlatform
[2019.04.15-10.38.59:679][  0]LogTemp: Display: Loaded TP MacNoEditorTargetPlatform
[2019.04.15-10.38.59:693][  0]LogTemp: Display: Loaded TP MacServerTargetPlatform
[2019.04.15-10.38.59:708][  0]LogTemp: Display: Loaded TP MacTargetPlatform
[2019.04.15-10.38.59:723][  0]LogTemp: Display: Loaded TP WindowsClientTargetPlatform
[2019.04.15-10.38.59:738][  0]LogTemp: Display: Loaded TP WindowsNoEditorTargetPlatform
[2019.04.15-10.38.59:752][  0]LogTemp: Display: Loaded TP WindowsServerTargetPlatform
[2019.04.15-10.38.59:763][  0]LogTemp: Display: Loaded TP WindowsTargetPlatform
[2019.04.15-10.38.59:823][  0]LogTemp: Display: Loaded TP AndroidTargetPlatform
[2019.04.15-10.38.59:823][  0]LogTemp: Display: Loaded TP AndroidTargetPlatform
[2019.04.15-10.38.59:823][  0]LogTemp: Display: Loaded TP AndroidTargetPlatform
[2019.04.15-10.38.59:823][  0]LogTemp: Display: Loaded TP AndroidTargetPlatform
[2019.04.15-10.38.59:823][  0]LogTemp: Display: Loaded TP AndroidTargetPlatform
[2019.04.15-10.38.59:823][  0]LogTemp: Display: Loaded TP AndroidTargetPlatform
[2019.04.15-10.38.59:823][  0]LogTemp: Display: Loaded TP AndroidTargetPlatform
[2019.04.15-10.38.59:823][  0]LogTemp: Display: Loaded TP AndroidTargetPlatform
[2019.04.15-10.38.59:823][  0]LogTemp: Display: Loaded TP AndroidTargetPlatform
[2019.04.15-10.38.59:823][  0]LogTemp: Display: Loaded TP AndroidTargetPlatform
[2019.04.15-10.38.59:823][  0]LogTemp: Display: Loaded TP AndroidTargetPlatform
[2019.04.15-10.38.59:823][  0]LogTemp: Display: Loaded TP AndroidTargetPlatform
[2019.04.15-10.38.59:823][  0]LogTemp: Display: Loaded TP AndroidTargetPlatform
[2019.04.15-10.38.59:824][  0]LogTemp: Display: Loaded TP AndroidTargetPlatform
[2019.04.15-10.38.59:824][  0]LogTemp: Display: Loaded TP AndroidTargetPlatform
[2019.04.15-10.38.59:824][  0]LogTemp: Display: Loaded TP AndroidTargetPlatform
[2019.04.15-10.38.59:824][  0]LogTemp: Display: Loaded TP AndroidTargetPlatform
[2019.04.15-10.38.59:824][  0]LogTemp: Display: Loaded TP AndroidTargetPlatform
[2019.04.15-10.38.59:828][  0]LogTemp: Display: Loaded TP HTML5TargetPlatform
[2019.04.15-10.38.59:896][  0]LogTemp: Display: Loaded TP IOSTargetPlatform
[2019.04.15-10.38.59:896][  0]LogTemp: Display: Loaded TP IOSTargetPlatform
[2019.04.15-10.38.59:917][  0]LogTemp: Display: Loaded TP TVOSTargetPlatform
[2019.04.15-10.38.59:917][  0]LogTemp: Display: Loaded TP TVOSTargetPlatform
[2019.04.15-10.38.59:930][  0]LogTemp: Display: Loaded TP LinuxClientTargetPlatform
[2019.04.15-10.38.59:942][  0]LogTemp: Display: Loaded TP LinuxNoEditorTargetPlatform
[2019.04.15-10.38.59:956][  0]LogTemp: Display: Loaded TP LinuxServerTargetPlatform
[2019.04.15-10.38.59:970][  0]LogTemp: Display: Loaded TP LinuxTargetPlatform
[2019.04.15-10.39.00:007][  0]LogTemp: Display: Loaded TP LuminTargetPlatform
[2019.04.15-10.39.00:007][  0]LogTemp: Display: Loaded TP LuminTargetPlatform
[2019.04.15-10.39.00:007][  0]LogTargetPlatformManager: Display: Building Assets For Windows
[2019.04.15-10.39.00:140][  0]LogShaderCompilers: Guid format shader working directory is -35 characters bigger than the processId version (C:/Users/gosus/Documents/CP-School/SeniorProject/gitRepos/Senior-Project-CPP-Game/Intermediate/Shaders/WorkingDirectory/6236/).
[2019.04.15-10.39.00:140][  0]LogShaderCompilers: Cleaned the shader compiler working directory 'C:/Users/gosus/AppData/Local/Temp/UnrealShaderWorkingDir/79046947400351644EC123BE59F783D3/'.
[2019.04.15-10.39.00:142][  0]LogXGEController: Cleaning working directory: C:/Users/gosus/AppData/Local/Temp/UnrealXGEWorkingDir/
[2019.04.15-10.39.00:142][  0]LogXGEController: Cannot use XGE Controller as Incredibuild is not installed on this machine.
[2019.04.15-10.39.00:142][  0]LogShaderCompilers: Cannot use XGE Shader Compiler as Incredibuild is not installed on this machine.
[2019.04.15-10.39.00:142][  0]LogShaderCompilers: Display: Using Local Shader Compiler.
[2019.04.15-10.39.00:559][  0]LogDerivedDataCache: Display: Max Cache Size: 512 MB
[2019.04.15-10.39.00:606][  0]LogDerivedDataCache: Loaded boot cache 0.05s 71MB C:/Users/gosus/AppData/Local/UnrealEngine/4.21/DerivedDataCache/Boot.ddc.
[2019.04.15-10.39.00:606][  0]LogDerivedDataCache: Display: Loaded Boot cache: C:/Users/gosus/AppData/Local/UnrealEngine/4.21/DerivedDataCache/Boot.ddc
[2019.04.15-10.39.00:606][  0]LogDerivedDataCache: FDerivedDataBackendGraph:  Pak pak cache file C:/Users/gosus/Documents/CP-School/SeniorProject/gitRepos/Senior-Project-CPP-Game/DerivedDataCache/DDC.ddp not found, will not use a pak cache.
[2019.04.15-10.39.00:606][  0]LogDerivedDataCache: Unable to find inner node Pak for hierarchical cache Hierarchy.
[2019.04.15-10.39.00:606][  0]LogDerivedDataCache: FDerivedDataBackendGraph:  CompressedPak pak cache file C:/Users/gosus/Documents/CP-School/SeniorProject/gitRepos/Senior-Project-CPP-Game/DerivedDataCache/Compressed.ddp not found, will not use a pak cache.
[2019.04.15-10.39.00:606][  0]LogDerivedDataCache: Unable to find inner node CompressedPak for hierarchical cache Hierarchy.
[2019.04.15-10.39.00:620][  0]LogDerivedDataCache: Display: Pak cache opened for reading ../../../Engine/DerivedDataCache/Compressed.ddp.
[2019.04.15-10.39.00:620][  0]LogDerivedDataCache: FDerivedDataBackendGraph:  EnterprisePak pak cache file ../../../Enterprise/DerivedDataCache/Compressed.ddp not found, will not use a pak cache.
[2019.04.15-10.39.00:620][  0]LogDerivedDataCache: Unable to find inner node EnterprisePak for hierarchical cache Hierarchy.
[2019.04.15-10.39.00:632][  0]LogDerivedDataCache: Using Local data cache path C:/Users/gosus/AppData/Local/UnrealEngine/Common/DerivedDataCache: Writable
[2019.04.15-10.39.00:632][  0]LogDerivedDataCache: Shared data cache path not found in *engine.ini, will not use an Shared cache.
[2019.04.15-10.39.00:632][  0]LogDerivedDataCache: Unable to find inner node Shared for hierarchical cache Hierarchy.
[2019.04.15-10.39.00:651][  0]LogMaterial: Verifying Global Shaders for PCD3D_SM5
[2019.04.15-10.39.00:653][  0]LogSlate: Using FreeType 2.6.0
[2019.04.15-10.39.00:653][  0]LogSlate: SlateFontServices - WITH_FREETYPE: 1, WITH_HARFBUZZ: 1
[2019.04.15-10.39.00:722][  0]LogAssetRegistry: FAssetRegistry took 0.0322 seconds to start up
[2019.04.15-10.39.00:990][  0]LogInit: Selected Device Profile: [Windows]
[2019.04.15-10.39.01:153][  0]LogSimplygon: Simplygon DLL not present - disabling.
[2019.04.15-10.39.01:168][  0]LogMeshReduction: Using SimplygonSwarm for distributed automatic mesh merging
[2019.04.15-10.39.01:168][  0]LogMeshReduction: Using ProxyLODMeshReduction for automatic mesh merging
[2019.04.15-10.39.01:168][  0]LogMeshReduction: Using QuadricMeshReduction for automatic static mesh reduction
[2019.04.15-10.39.01:168][  0]LogMeshReduction: No automatic skeletal mesh reduction module available
[2019.04.15-10.39.01:179][  0]LogNetVersion: HSPGame 1.0.0, NetCL: 4541578, EngineNetVer: 5, GameNetVer: 0 (Checksum: 2893343623)
[2019.04.15-10.39.01:586][  0]LogPackageLocalizationCache: Processed 11 localized package path(s) for 2 prioritized culture(s) in 0.086641 seconds
[2019.04.15-10.39.01:592][  0]LogUObjectArray: 39775 objects as part of root set at end of initial load.
[2019.04.15-10.39.01:592][  0]LogUObjectAllocator: 6914656 out of 0 bytes used by permanent object pool.
[2019.04.15-10.39.01:592][  0]LogUObjectArray: CloseDisregardForGC: 0/0 objects in disregard for GC pool
[2019.04.15-10.39.02:495][  0]LogTcpMessaging: Initializing TcpMessaging bridge
[2019.04.15-10.39.02:513][  0]LogUdpMessaging: Initializing bridge on interface 0.0.0.0:0 to multicast group 230.0.0.1:6666.
[2019.04.15-10.39.03:117][  0]SourceControl: Source control is disabled
[2019.04.15-10.39.03:118][  0]SourceControl: Source control is disabled
[2019.04.15-10.39.03:129][  0]SourceControl: Source control is disabled
[2019.04.15-10.39.03:134][  0]SourceControl: Source control is disabled
[2019.04.15-10.39.03:482][  0]LogAndroidPermission: UAndroidPermissionCallbackProxy::GetInstance
[2019.04.15-10.39.03:688][  0]LogOcInput: OculusInput pre-init called
[2019.04.15-10.39.03:836][  0]LogEngine: Initializing Engine...
[2019.04.15-10.39.03:837][  0]LogHMD: Failed to initialize OpenVR with code 110
[2019.04.15-10.39.03:838][  0]LogStats: UGameplayTagsManager::ConstructGameplayTagTree: ImportINI prefixes -  0.000 s
[2019.04.15-10.39.03:838][  0]LogStats: UGameplayTagsManager::ConstructGameplayTagTree: Construct from data asset -  0.000 s
[2019.04.15-10.39.03:839][  0]LogStats: UGameplayTagsManager::ConstructGameplayTagTree: ImportINI -  0.000 s
[2019.04.15-10.39.03:839][  0]LogStats: UGameplayTagsManager::ConstructGameplayTagTree: GameplayTagTreeChangedEvent.Broadcast -  0.000 s
[2019.04.15-10.39.04:017][  0]LogInit: Initializing FReadOnlyCVARCache
[2019.04.15-10.39.04:031][  0]LogAIModule: Creating AISystem for world Untitled
[2019.04.15-10.39.04:090][  0]LogInit: XAudio2 using 'Speakers (Realtek(R) Audio)' : 2 channels at 48 kHz using 32 bits per sample (channel mask 0x3)
[2019.04.15-10.39.04:124][  0]LogInit: FAudioDevice initialized.
[2019.04.15-10.39.04:124][  0]LogNetVersion: Set ProjectVersion to 1.0.0.0. Version Checksum will be recalculated on next use.
[2019.04.15-10.39.04:165][  0]LogDerivedDataCache: Saved boot cache 0.04s 71MB C:/Users/gosus/AppData/Local/UnrealEngine/4.21/DerivedDataCache/Boot.ddc.
[2019.04.15-10.39.04:168][  0]LogInit: Texture streaming: Enabled
[2019.04.15-10.39.04:196][  0]LogEngineSessionManager: EngineSessionManager initialized
[2019.04.15-10.39.04:206][  0]LogInit: Transaction tracking system initialized
[2019.04.15-10.39.04:247][  0]BlueprintLog: New page: Editor Load
[2019.04.15-10.39.04:391][  0]LocalizationService: Localization service is disabled
[2019.04.15-10.39.04:891][  0]LogCook: Display: Max memory allowance for cook 16384mb min free memory 0mb
[2019.04.15-10.39.04:891][  0]LogCook: Display: Mobile HDR setting 1
[2019.04.15-10.39.04:891][  0]LogGameplayTags: Display: UGameplayTagsManager::DoneAddingNativeTags. DelegateIsBound: 0
[2019.04.15-10.39.04:891][  0]LogStats: UGameplayTagsManager::ConstructGameplayTagTree: ImportINI prefixes -  0.000 s
[2019.04.15-10.39.04:891][  0]LogStats: UGameplayTagsManager::ConstructGameplayTagTree: Construct from data asset -  0.000 s
[2019.04.15-10.39.04:891][  0]LogStats: UGameplayTagsManager::ConstructGameplayTagTree: ImportINI -  0.000 s
[2019.04.15-10.39.04:891][  0]LogStats: UGameplayTagsManager::ConstructGameplayTagTree: GameplayTagTreeChangedEvent.Broadcast -  0.000 s
[2019.04.15-10.39.05:138][  0]LogFileCache: Scanning file cache for directory 'C:/Users/gosus/Documents/CP-School/SeniorProject/gitRepos/Senior-Project-CPP-Game/Content/' took 0.03s
[2019.04.15-10.39.05:138][  0]SourceControl: Source control is disabled
[2019.04.15-10.39.05:138][  0]Cmd: MAP LOAD FILE="C:/Users/gosus/Documents/CP-School/SeniorProject/gitRepos/Senior-Project-CPP-Game/Content/Levels/DemoTown.umap" TEMPLATE=0 SHOWPROGRESS=1 FEATURELEVEL=3
[2019.04.15-10.39.05:139][  0]LightingResults: New page: Lighting Build
[2019.04.15-10.39.05:140][  0]MapCheck: New page: Map Check
[2019.04.15-10.39.05:140][  0]LightingResults: New page: Lighting Build
[2019.04.15-10.39.05:625][  0]LogAIModule: Creating AISystem for world DemoTown
[2019.04.15-10.39.05:653][  0]LogEditorServer: Finished looking for orphan Actors (0.000 secs)
[2019.04.15-10.39.05:674][  0]Cmd: MAP CHECKDEP NOCLEARLOG
[2019.04.15-10.39.05:674][  0]MapCheck: Map check complete: 0 Error(s), 0 Warning(s), took 0.225ms to complete.
[2019.04.15-10.39.05:675][  0]LogFileHelpers: Loading map 'DemoTown' took 0.537
[2019.04.15-10.39.05:789][  0]LogSlate: Updating window title bar state: overlay mode, drag disabled, window buttons hidden, title bar hidden
[2019.04.15-10.39.05:795][  0]LogSlate: Updating window title bar state: overlay mode, drag disabled, window buttons hidden, title bar hidden
[2019.04.15-10.39.05:801][  0]LogSlate: Updating window title bar state: overlay mode, drag disabled, window buttons hidden, title bar hidden
[2019.04.15-10.39.05:807][  0]LogSlate: Updating window title bar state: overlay mode, drag disabled, window buttons hidden, title bar hidden
[2019.04.15-10.39.05:815][  0]LogCollectionManager: Loaded 0 collections in 0.000984 seconds
[2019.04.15-10.39.05:831][  0]LogFileCache: Scanning file cache for directory 'C:/Users/gosus/Documents/CP-School/SeniorProject/gitRepos/Senior-Project-CPP-Game/Saved/Collections/' took 0.01s
[2019.04.15-10.39.05:831][  0]LogFileCache: Scanning file cache for directory 'C:/Users/gosus/Documents/CP-School/SeniorProject/gitRepos/Senior-Project-CPP-Game/Content/Developers/gosus/Collections/' took 0.00s
[2019.04.15-10.39.05:831][  0]LogFileCache: Scanning file cache for directory 'C:/Users/gosus/Documents/CP-School/SeniorProject/gitRepos/Senior-Project-CPP-Game/Content/Collections/' took 0.00s
[2019.04.15-10.39.05:831][  0]LogCollectionManager: Rebuilt the GUID cache for 0 collections in 0.000000 seconds
[2019.04.15-10.39.05:839][  0]LogContentBrowser: Native class hierarchy populated in 0.0070 seconds. Added 2661 classes and 622 folders.
[2019.04.15-10.39.05:844][  0]LogContentBrowser: Native class hierarchy updated for 'WidgetCarousel' in 0.0003 seconds. Added 0 classes and 0 folders.
[2019.04.15-10.39.05:845][  0]LogPakFile: Registered encryption key '00000000000000000000000000000000': 0 pak files mounted, 0 remain pending
[2019.04.15-10.39.05:846][  0]LogPakFile: Registered encryption key '00000000000000000000000000000000': 0 pak files mounted, 0 remain pending
[2019.04.15-10.39.05:846][  0]LogPakFile: Registered encryption key '00000000000000000000000000000000': 0 pak files mounted, 0 remain pending
[2019.04.15-10.39.05:847][  0]LogPakFile: Registered encryption key '00000000000000000000000000000000': 0 pak files mounted, 0 remain pending
[2019.04.15-10.39.05:847][  0]LogPakFile: Registered encryption key '00000000000000000000000000000000': 0 pak files mounted, 0 remain pending
[2019.04.15-10.39.05:848][  0]LogPakFile: Registered encryption key '00000000000000000000000000000000': 0 pak files mounted, 0 remain pending
[2019.04.15-10.39.05:848][  0]LogPakFile: Registered encryption key '00000000000000000000000000000000': 0 pak files mounted, 0 remain pending
[2019.04.15-10.39.05:848][  0]LogPakFile: Registered encryption key '00000000000000000000000000000000': 0 pak files mounted, 0 remain pending
[2019.04.15-10.39.05:849][  0]LogPakFile: Registered encryption key '00000000000000000000000000000000': 0 pak files mounted, 0 remain pending
[2019.04.15-10.39.05:849][  0]LogPakFile: Registered encryption key '00000000000000000000000000000000': 0 pak files mounted, 0 remain pending
[2019.04.15-10.39.05:850][  0]LogPakFile: Registered encryption key '00000000000000000000000000000000': 0 pak files mounted, 0 remain pending
[2019.04.15-10.39.05:850][  0]LogPakFile: Registered encryption key '00000000000000000000000000000000': 0 pak files mounted, 0 remain pending
[2019.04.15-10.39.05:850][  0]LogPakFile: Registered encryption key '00000000000000000000000000000000': 0 pak files mounted, 0 remain pending
[2019.04.15-10.39.05:851][  0]LogPakFile: Registered encryption key '00000000000000000000000000000000': 0 pak files mounted, 0 remain pending
[2019.04.15-10.39.05:851][  0]LogPakFile: Registered encryption key '00000000000000000000000000000000': 0 pak files mounted, 0 remain pending
[2019.04.15-10.39.05:851][  0]LogPakFile: Registered encryption key '00000000000000000000000000000000': 0 pak files mounted, 0 remain pending
[2019.04.15-10.39.05:852][  0]LogPakFile: Registered encryption key '00000000000000000000000000000000': 0 pak files mounted, 0 remain pending
[2019.04.15-10.39.05:852][  0]LogPakFile: Registered encryption key '00000000000000000000000000000000': 0 pak files mounted, 0 remain pending
[2019.04.15-10.39.05:852][  0]LogPakFile: Registered encryption key '00000000000000000000000000000000': 0 pak files mounted, 0 remain pending
[2019.04.15-10.39.05:853][  0]LogPakFile: Registered encryption key '00000000000000000000000000000000': 0 pak files mounted, 0 remain pending
[2019.04.15-10.39.05:853][  0]LogPakFile: Registered encryption key '00000000000000000000000000000000': 0 pak files mounted, 0 remain pending
[2019.04.15-10.39.05:854][  0]LogPakFile: Registered encryption key '00000000000000000000000000000000': 0 pak files mounted, 0 remain pending
[2019.04.15-10.39.05:854][  0]LogPakFile: Registered encryption key '00000000000000000000000000000000': 0 pak files mounted, 0 remain pending
[2019.04.15-10.39.05:854][  0]LogPakFile: Registered encryption key '00000000000000000000000000000000': 0 pak files mounted, 0 remain pending
[2019.04.15-10.39.05:855][  0]LogPakFile: Registered encryption key '00000000000000000000000000000000': 0 pak files mounted, 0 remain pending
[2019.04.15-10.39.05:855][  0]LogPakFile: Registered encryption key '00000000000000000000000000000000': 0 pak files mounted, 0 remain pending
[2019.04.15-10.39.05:875][  0]LogContentBrowser: Native class hierarchy updated for 'AddContentDialog' in 0.0004 seconds. Added 0 classes and 0 folders.
[2019.04.15-10.39.05:884][  0]LogContentBrowser: Native class hierarchy updated for 'SceneOutliner' in 0.0003 seconds. Added 1 classes and 2 folders.
[2019.04.15-10.39.05:896][  0]LogSlate: Took 0.000146 seconds to synchronously load lazily loaded font '../../../Engine/Content/Slate/Fonts/Roboto-Regular.ttf' (155K)
[2019.04.15-10.39.05:898][  0]LogSlate: Took 0.000126 seconds to synchronously load lazily loaded font '../../../Engine/Content/Slate/Fonts/Roboto-Bold.ttf' (160K)
[2019.04.15-10.39.05:902][  0]LogSlate: Took 0.000142 seconds to synchronously load lazily loaded font '../../../Engine/Content/Editor/Slate/Fonts/FontAwesome.ttf' (139K)
[2019.04.15-10.39.05:963][  0]LogRenderer: Reallocating scene render targets to support 1772x792 Format 10 NumSamples 1 (Frame:1).
[2019.04.15-10.39.06:113][  0]LogContentBrowser: Native class hierarchy updated for 'HierarchicalLODOutliner' in 0.0003 seconds. Added 0 classes and 0 folders.
[2019.04.15-10.39.06:113][  0]LogLoad: (Engine Initialization) Total time: 9.38 seconds
[2019.04.15-10.39.06:113][  0]LogLoad: (Engine Initialization) Total Blueprint compile time: 0.00 seconds
[2019.04.15-10.39.06:171][  0]LogContentStreaming: Texture pool size now 1000 MB
[2019.04.15-10.39.06:248][  1]LogAssetRegistry: Asset discovery search completed in 5.5489 seconds
[2019.04.15-10.39.06:249][  1]LogCollectionManager: Rebuilt the object cache for 0 collections in 0.000000 seconds (found 0 objects)
[2019.04.15-10.39.06:249][  1]LogCollectionManager: Fixed up redirectors for 0 collections in 0.000218 seconds (updated 0 objects)
[2019.04.15-10.39.08:005][203]LogSlate: FSceneViewport::OnFocusLost() reason 0
[2019.04.15-10.39.08:959][315]LogSlate: Took 0.000117 seconds to synchronously load lazily loaded font '../../../Engine/Content/Slate/Fonts/Roboto-Light.ttf' (167K)
[2019.04.15-10.39.09:158][315]LogAIModule: Creating AISystem for world DemoBattlefield
[2019.04.15-10.39.09:170][315]LogAssetEditorManager: Opening Asset editor for World /Game/Levels/DemoBattlefield.DemoBattlefield
[2019.04.15-10.39.09:190][315]Cmd: MAP LOAD FILE="C:/Users/gosus/Documents/CP-School/SeniorProject/gitRepos/Senior-Project-CPP-Game/Content/Levels/DemoBattlefield.umap" TEMPLATE=0 SHOWPROGRESS=1 FEATURELEVEL=3
[2019.04.15-10.39.09:190][315]LightingResults: New page: Lighting Build
[2019.04.15-10.39.09:191][315]LoadErrors: New page: Loading map: DemoBattlefield.umap
[2019.04.15-10.39.09:192][315]MapCheck: New page: Map Check
[2019.04.15-10.39.09:192][315]LightingResults: New page: Lighting Build
[2019.04.15-10.39.09:227][315]LogEditorServer: Finished looking for orphan Actors (0.000 secs)
[2019.04.15-10.39.09:292][315]Cmd: MAP CHECKDEP NOCLEARLOG
[2019.04.15-10.39.09:292][315]MapCheck: Map check complete: 0 Error(s), 0 Warning(s), took 0.122ms to complete.
[2019.04.15-10.39.09:292][315]LogFileHelpers: Loading map 'DemoBattlefield' took 0.103
[2019.04.15-10.39.10:353][431]LogTemp: Repeating last play command: Selected Viewport
[2019.04.15-10.39.10:377][431]LogBlueprintUserMessages: Early PlayInEditor Detection: Level '/Game/Levels/DemoBattlefield.DemoBattlefield:PersistentLevel' has LevelScriptBlueprint '/Game/Levels/DemoBattlefield.DemoBattlefield:PersistentLevel.DemoBattlefield' with GeneratedClass '/Game/Levels/DemoBattlefield.DemoBattlefield_C' with ClassGeneratedBy '/Game/Levels/DemoBattlefield.DemoBattlefield:PersistentLevel.DemoBattlefield'
[2019.04.15-10.39.10:377][431]LogPlayLevel: PlayLevel: No blueprints needed recompiling
[2019.04.15-10.39.10:377][431]PIE: New page: PIE session: DemoBattlefield (Apr 14, 2019, 8:39:10 PM)
[2019.04.15-10.39.10:391][431]LogPlayLevel: Creating play world package: /Game/Levels/UEDPIE_0_DemoBattlefield
[2019.04.15-10.39.10:416][431]LogPlayLevel: PIE: StaticDuplicateObject took: (0.024126s)
[2019.04.15-10.39.10:416][431]LogAIModule: Creating AISystem for world DemoBattlefield
[2019.04.15-10.39.10:417][431]LogPlayLevel: PIE: World Init took: (0.000593s)
[2019.04.15-10.39.10:417][431]LogPlayLevel: PIE: Created PIE world by copying editor world from /Game/Levels/DemoBattlefield.DemoBattlefield to /Game/Levels/UEDPIE_0_DemoBattlefield.DemoBattlefield (0.025323s)
[2019.04.15-10.39.10:484][431]LogInit: XAudio2 using 'Speakers (Realtek(R) Audio)' : 2 channels at 48 kHz using 32 bits per sample (channel mask 0x3)
[2019.04.15-10.39.10:509][431]LogInit: FAudioDevice initialized.
[2019.04.15-10.39.10:983][431]LogLoad: Game class is 'BP_HSPGameGameModeBase_C'
[2019.04.15-10.39.10:986][431]LogWorld: Bringing World /Game/Levels/UEDPIE_0_DemoBattlefield.DemoBattlefield up for play (max tick rate 0) at 2019.04.15-03.39.10
[2019.04.15-10.39.10:987][431]LogWorld: Bringing up level for play took: 0.003110
[2019.04.15-10.39.11:004][431]LogContentBrowser: Native class hierarchy updated for 'MovieSceneCapture' in 0.0004 seconds. Added 20 classes and 0 folders.
[2019.04.15-10.39.11:006][431]PIE: Play in editor start time for /Game/Levels/UEDPIE_0_DemoBattlefield -0.142
[2019.04.15-10.39.11:007][431]LogBlueprintUserMessages: Late PlayInEditor Detection: Level '/Game/Levels/DemoBattlefield.DemoBattlefield:PersistentLevel' has LevelScriptBlueprint '/Game/Levels/DemoBattlefield.DemoBattlefield:PersistentLevel.DemoBattlefield' with GeneratedClass '/Game/Levels/DemoBattlefield.DemoBattlefield_C' with ClassGeneratedBy '/Game/Levels/DemoBattlefield.DemoBattlefield:PersistentLevel.DemoBattlefield'
[2019.04.15-10.39.15:769][998]LogSlate: FSceneViewport::OnFocusLost() reason 0
[2019.04.15-10.39.19:538][450]LogSlate: FSceneViewport::OnFocusLost() reason 0
[2019.04.15-10.39.19:614][459]LogBlueprintUserMessages: Early EndPlayMap Detection: Level '/Game/Levels/DemoBattlefield.DemoBattlefield:PersistentLevel' has LevelScriptBlueprint '/Game/Levels/DemoBattlefield.DemoBattlefield:PersistentLevel.DemoBattlefield' with GeneratedClass '/Game/Levels/DemoBattlefield.DemoBattlefield_C' with ClassGeneratedBy '/Game/Levels/DemoBattlefield.DemoBattlefield:PersistentLevel.DemoBattlefield'
[2019.04.15-10.39.19:614][459]LogSlate: Updating window title bar state: overlay mode, drag disabled, window buttons hidden, title bar hidden
[2019.04.15-10.39.19:651][459]LogPlayLevel: Display: Shutting down PIE online subsystems
[2019.04.15-10.39.19:651][459]LogBlueprintUserMessages: Late EndPlayMap Detection: Level '/Game/Levels/DemoBattlefield.DemoBattlefield:PersistentLevel' has LevelScriptBlueprint '/Game/Levels/DemoBattlefield.DemoBattlefield:PersistentLevel.DemoBattlefield' with GeneratedClass '/Game/Levels/DemoBattlefield.DemoBattlefield_C' with ClassGeneratedBy '/Game/Levels/DemoBattlefield.DemoBattlefield:PersistentLevel.DemoBattlefield'
[2019.04.15-10.39.19:672][459]LogSlate: Updating window title bar state: overlay mode, drag disabled, window buttons hidden, title bar hidden
[2019.04.15-10.39.19:715][463]LogPlayLevel: Display: Destroying online subsystem :Context_1
[2019.04.15-10.39.32:006][910]LogEditorViewport: Clicking on Actor (LMB): BP_EnemyClass_C (BP_EnemyClass)
[2019.04.15-10.39.32:381][946]Cmd: DELETE
[2019.04.15-10.39.32:381][946]Cmd: ACTOR DELETE
[2019.04.15-10.39.32:395][946]LogEditorActor: Deleted Actor: BP_EnemyClass_C
[2019.04.15-10.39.32:414][946]LogEditorActor: Deleted 1 Actors (0.032 secs)
[2019.04.15-10.39.32:904][  4]LogEditorViewport: Clicking on Actor (LMB): BP_EnemyGoblinSoldier_C (BP_EnemyGoblinSoldier)
[2019.04.15-10.39.34:337][164]LogSlate: FSceneViewport::OnFocusLost() reason 0
[2019.04.15-10.39.34:403][172]LogTemp: Repeating last play command: Selected Viewport
[2019.04.15-10.39.34:428][172]LogBlueprintUserMessages: Early PlayInEditor Detection: Level '/Game/Levels/DemoBattlefield.DemoBattlefield:PersistentLevel' has LevelScriptBlueprint '/Game/Levels/DemoBattlefield.DemoBattlefield:PersistentLevel.DemoBattlefield' with GeneratedClass '/Game/Levels/DemoBattlefield.DemoBattlefield_C' with ClassGeneratedBy '/Game/Levels/DemoBattlefield.DemoBattlefield:PersistentLevel.DemoBattlefield'
[2019.04.15-10.39.34:428][172]LogPlayLevel: PlayLevel: No blueprints needed recompiling
[2019.04.15-10.39.34:428][172]PIE: New page: PIE session: DemoBattlefield (Apr 14, 2019, 8:39:34 PM)
[2019.04.15-10.39.34:428][172]LogPlayLevel: Creating play world package: /Game/Levels/UEDPIE_0_DemoBattlefield
[2019.04.15-10.39.34:447][172]LogPlayLevel: PIE: StaticDuplicateObject took: (0.018649s)
[2019.04.15-10.39.34:448][172]LogAIModule: Creating AISystem for world DemoBattlefield
[2019.04.15-10.39.34:448][172]LogPlayLevel: PIE: World Init took: (0.000648s)
[2019.04.15-10.39.34:448][172]LogPlayLevel: PIE: Created PIE world by copying editor world from /Game/Levels/DemoBattlefield.DemoBattlefield to /Game/Levels/UEDPIE_0_DemoBattlefield.DemoBattlefield (0.019593s)
[2019.04.15-10.39.34:522][172]LogInit: XAudio2 using 'Speakers (Realtek(R) Audio)' : 2 channels at 48 kHz using 32 bits per sample (channel mask 0x3)
[2019.04.15-10.39.34:538][172]LogInit: FAudioDevice initialized.
[2019.04.15-10.39.34:575][172]LogLoad: Game class is 'BP_HSPGameGameModeBase_C'
[2019.04.15-10.39.34:577][172]LogWorld: Bringing World /Game/Levels/UEDPIE_0_DemoBattlefield.DemoBattlefield up for play (max tick rate 0) at 2019.04.15-03.39.34
[2019.04.15-10.39.34:578][172]LogWorld: Bringing up level for play took: 0.002481
[2019.04.15-10.39.34:594][172]PIE: Play in editor start time for /Game/Levels/UEDPIE_0_DemoBattlefield -0.554
[2019.04.15-10.39.34:594][172]LogBlueprintUserMessages: Late PlayInEditor Detection: Level '/Game/Levels/DemoBattlefield.DemoBattlefield:PersistentLevel' has LevelScriptBlueprint '/Game/Levels/DemoBattlefield.DemoBattlefield:PersistentLevel.DemoBattlefield' with GeneratedClass '/Game/Levels/DemoBattlefield.DemoBattlefield_C' with ClassGeneratedBy '/Game/Levels/DemoBattlefield.DemoBattlefield:PersistentLevel.DemoBattlefield'
[2019.04.15-10.39.37:030][462]LogSlate: FSceneViewport::OnFocusLost() reason 0
[2019.04.15-10.39.41:355][981]LogSlate: FSceneViewport::OnFocusLost() reason 0
[2019.04.15-10.39.41:406][987]LogBlueprintUserMessages: Early EndPlayMap Detection: Level '/Game/Levels/DemoBattlefield.DemoBattlefield:PersistentLevel' has LevelScriptBlueprint '/Game/Levels/DemoBattlefield.DemoBattlefield:PersistentLevel.DemoBattlefield' with GeneratedClass '/Game/Levels/DemoBattlefield.DemoBattlefield_C' with ClassGeneratedBy '/Game/Levels/DemoBattlefield.DemoBattlefield:PersistentLevel.DemoBattlefield'
[2019.04.15-10.39.41:407][987]LogSlate: Updating window title bar state: overlay mode, drag disabled, window buttons hidden, title bar hidden
[2019.04.15-10.39.41:448][987]LogPlayLevel: Display: Shutting down PIE online subsystems
[2019.04.15-10.39.41:449][987]LogBlueprintUserMessages: Late EndPlayMap Detection: Level '/Game/Levels/DemoBattlefield.DemoBattlefield:PersistentLevel' has LevelScriptBlueprint '/Game/Levels/DemoBattlefield.DemoBattlefield:PersistentLevel.DemoBattlefield' with GeneratedClass '/Game/Levels/DemoBattlefield.DemoBattlefield_C' with ClassGeneratedBy '/Game/Levels/DemoBattlefield.DemoBattlefield:PersistentLevel.DemoBattlefield'
[2019.04.15-10.39.41:469][987]LogSlate: Updating window title bar state: overlay mode, drag disabled, window buttons hidden, title bar hidden
[2019.04.15-10.39.41:511][991]LogPlayLevel: Display: Destroying online subsystem :Context_3
[2019.04.15-10.39.41:912][ 39]LogTemp: Repeating last play command: Selected Viewport
[2019.04.15-10.39.41:936][ 39]LogBlueprintUserMessages: Early PlayInEditor Detection: Level '/Game/Levels/DemoBattlefield.DemoBattlefield:PersistentLevel' has LevelScriptBlueprint '/Game/Levels/DemoBattlefield.DemoBattlefield:PersistentLevel.DemoBattlefield' with GeneratedClass '/Game/Levels/DemoBattlefield.DemoBattlefield_C' with ClassGeneratedBy '/Game/Levels/DemoBattlefield.DemoBattlefield:PersistentLevel.DemoBattlefield'
[2019.04.15-10.39.41:937][ 39]LogPlayLevel: PlayLevel: No blueprints needed recompiling
[2019.04.15-10.39.41:937][ 39]PIE: New page: PIE session: DemoBattlefield (Apr 14, 2019, 8:39:41 PM)
[2019.04.15-10.39.41:937][ 39]LogPlayLevel: Creating play world package: /Game/Levels/UEDPIE_0_DemoBattlefield
[2019.04.15-10.39.41:956][ 39]LogPlayLevel: PIE: StaticDuplicateObject took: (0.018969s)
[2019.04.15-10.39.41:956][ 39]LogAIModule: Creating AISystem for world DemoBattlefield
[2019.04.15-10.39.41:957][ 39]LogPlayLevel: PIE: World Init took: (0.000596s)
[2019.04.15-10.39.41:957][ 39]LogPlayLevel: PIE: Created PIE world by copying editor world from /Game/Levels/DemoBattlefield.DemoBattlefield to /Game/Levels/UEDPIE_0_DemoBattlefield.DemoBattlefield (0.019885s)
[2019.04.15-10.39.42:032][ 39]LogInit: XAudio2 using 'Speakers (Realtek(R) Audio)' : 2 channels at 48 kHz using 32 bits per sample (channel mask 0x3)
[2019.04.15-10.39.42:049][ 39]LogInit: FAudioDevice initialized.
[2019.04.15-10.39.42:082][ 39]LogLoad: Game class is 'BP_HSPGameGameModeBase_C'
[2019.04.15-10.39.42:085][ 39]LogWorld: Bringing World /Game/Levels/UEDPIE_0_DemoBattlefield.DemoBattlefield up for play (max tick rate 0) at 2019.04.15-03.39.42
[2019.04.15-10.39.42:085][ 39]LogWorld: Bringing up level for play took: 0.002530
[2019.04.15-10.39.42:101][ 39]PIE: Play in editor start time for /Game/Levels/UEDPIE_0_DemoBattlefield 0.953
[2019.04.15-10.39.42:101][ 39]LogBlueprintUserMessages: Late PlayInEditor Detection: Level '/Game/Levels/DemoBattlefield.DemoBattlefield:PersistentLevel' has LevelScriptBlueprint '/Game/Levels/DemoBattlefield.DemoBattlefield:PersistentLevel.DemoBattlefield' with GeneratedClass '/Game/Levels/DemoBattlefield.DemoBattlefield_C' with ClassGeneratedBy '/Game/Levels/DemoBattlefield.DemoBattlefield:PersistentLevel.DemoBattlefield'
[2019.04.15-10.39.45:753][475]LogSlate: FSceneViewport::OnFocusLost() reason 0
[2019.04.15-10.39.45:805][481]LogBlueprintUserMessages: Early EndPlayMap Detection: Level '/Game/Levels/DemoBattlefield.DemoBattlefield:PersistentLevel' has LevelScriptBlueprint '/Game/Levels/DemoBattlefield.DemoBattlefield:PersistentLevel.DemoBattlefield' with GeneratedClass '/Game/Levels/DemoBattlefield.DemoBattlefield_C' with ClassGeneratedBy '/Game/Levels/DemoBattlefield.DemoBattlefield:PersistentLevel.DemoBattlefield'
[2019.04.15-10.39.45:805][481]LogSlate: Updating window title bar state: overlay mode, drag disabled, window buttons hidden, title bar hidden
[2019.04.15-10.39.45:841][481]LogPlayLevel: Display: Shutting down PIE online subsystems
[2019.04.15-10.39.45:842][481]LogBlueprintUserMessages: Late EndPlayMap Detection: Level '/Game/Levels/DemoBattlefield.DemoBattlefield:PersistentLevel' has LevelScriptBlueprint '/Game/Levels/DemoBattlefield.DemoBattlefield:PersistentLevel.DemoBattlefield' with GeneratedClass '/Game/Levels/DemoBattlefield.DemoBattlefield_C' with ClassGeneratedBy '/Game/Levels/DemoBattlefield.DemoBattlefield:PersistentLevel.DemoBattlefield'
[2019.04.15-10.39.45:862][481]LogSlate: Updating window title bar state: overlay mode, drag disabled, window buttons hidden, title bar hidden
[2019.04.15-10.39.45:904][485]LogPlayLevel: Display: Destroying online subsystem :Context_4
[2019.04.15-10.39.46:280][530]LogTemp: Repeating last play command: Selected Viewport
[2019.04.15-10.39.46:304][530]LogBlueprintUserMessages: Early PlayInEditor Detection: Level '/Game/Levels/DemoBattlefield.DemoBattlefield:PersistentLevel' has LevelScriptBlueprint '/Game/Levels/DemoBattlefield.DemoBattlefield:PersistentLevel.DemoBattlefield' with GeneratedClass '/Game/Levels/DemoBattlefield.DemoBattlefield_C' with ClassGeneratedBy '/Game/Levels/DemoBattlefield.DemoBattlefield:PersistentLevel.DemoBattlefield'
[2019.04.15-10.39.46:305][530]LogPlayLevel: PlayLevel: No blueprints needed recompiling
[2019.04.15-10.39.46:305][530]PIE: New page: PIE session: DemoBattlefield (Apr 14, 2019, 8:39:46 PM)
[2019.04.15-10.39.46:305][530]LogPlayLevel: Creating play world package: /Game/Levels/UEDPIE_0_DemoBattlefield
[2019.04.15-10.39.46:323][530]LogPlayLevel: PIE: StaticDuplicateObject took: (0.018343s)
[2019.04.15-10.39.46:323][530]LogAIModule: Creating AISystem for world DemoBattlefield
[2019.04.15-10.39.46:324][530]LogPlayLevel: PIE: World Init took: (0.000629s)
[2019.04.15-10.39.46:324][530]LogPlayLevel: PIE: Created PIE world by copying editor world from /Game/Levels/DemoBattlefield.DemoBattlefield to /Game/Levels/UEDPIE_0_DemoBattlefield.DemoBattlefield (0.019292s)
[2019.04.15-10.39.46:401][530]LogInit: XAudio2 using 'Speakers (Realtek(R) Audio)' : 2 channels at 48 kHz using 32 bits per sample (channel mask 0x3)
[2019.04.15-10.39.46:420][530]LogInit: FAudioDevice initialized.
[2019.04.15-10.39.46:454][530]LogLoad: Game class is 'BP_HSPGameGameModeBase_C'
[2019.04.15-10.39.46:457][530]LogWorld: Bringing World /Game/Levels/UEDPIE_0_DemoBattlefield.DemoBattlefield up for play (max tick rate 0) at 2019.04.15-03.39.46
[2019.04.15-10.39.46:457][530]LogWorld: Bringing up level for play took: 0.002336
[2019.04.15-10.39.46:472][530]PIE: Play in editor start time for /Game/Levels/UEDPIE_0_DemoBattlefield -0.676
[2019.04.15-10.39.46:472][530]LogBlueprintUserMessages: Late PlayInEditor Detection: Level '/Game/Levels/DemoBattlefield.DemoBattlefield:PersistentLevel' has LevelScriptBlueprint '/Game/Levels/DemoBattlefield.DemoBattlefield:PersistentLevel.DemoBattlefield' with GeneratedClass '/Game/Levels/DemoBattlefield.DemoBattlefield_C' with ClassGeneratedBy '/Game/Levels/DemoBattlefield.DemoBattlefield:PersistentLevel.DemoBattlefield'
[2019.04.15-10.39.49:408][880]LogSlate: FSceneViewport::OnFocusLost() reason 0
[2019.04.15-10.39.49:459][886]LogBlueprintUserMessages: Early EndPlayMap Detection: Level '/Game/Levels/DemoBattlefield.DemoBattlefield:PersistentLevel' has LevelScriptBlueprint '/Game/Levels/DemoBattlefield.DemoBattlefield:PersistentLevel.DemoBattlefield' with GeneratedClass '/Game/Levels/DemoBattlefield.DemoBattlefield_C' with ClassGeneratedBy '/Game/Levels/DemoBattlefield.DemoBattlefield:PersistentLevel.DemoBattlefield'
[2019.04.15-10.39.49:459][886]LogSlate: Updating window title bar state: overlay mode, drag disabled, window buttons hidden, title bar hidden
[2019.04.15-10.39.49:496][886]LogPlayLevel: Display: Shutting down PIE online subsystems
[2019.04.15-10.39.49:497][886]LogBlueprintUserMessages: Late EndPlayMap Detection: Level '/Game/Levels/DemoBattlefield.DemoBattlefield:PersistentLevel' has LevelScriptBlueprint '/Game/Levels/DemoBattlefield.DemoBattlefield:PersistentLevel.DemoBattlefield' with GeneratedClass '/Game/Levels/DemoBattlefield.DemoBattlefield_C' with ClassGeneratedBy '/Game/Levels/DemoBattlefield.DemoBattlefield:PersistentLevel.DemoBattlefield'
[2019.04.15-10.39.49:518][886]LogSlate: Updating window title bar state: overlay mode, drag disabled, window buttons hidden, title bar hidden
[2019.04.15-10.39.49:558][889]LogPlayLevel: Display: Destroying online subsystem :Context_5
[2019.04.15-10.39.50:742][ 31]LogEditorViewport: Clicking on Actor (LMB): Landscape (Landscape2)
[2019.04.15-10.39.52:227][201]LogSlate: FSceneViewport::OnFocusLost() reason 0
[2019.04.15-10.39.55:737][599]LogSlate: FSceneViewport::OnFocusLost() reason 0
[2019.04.15-10.39.55:794][606]LogTemp: Repeating last play command: Selected Viewport
[2019.04.15-10.39.55:820][606]LogBlueprintUserMessages: Early PlayInEditor Detection: Level '/Game/Levels/DemoBattlefield.DemoBattlefield:PersistentLevel' has LevelScriptBlueprint '/Game/Levels/DemoBattlefield.DemoBattlefield:PersistentLevel.DemoBattlefield' with GeneratedClass '/Game/Levels/DemoBattlefield.DemoBattlefield_C' with ClassGeneratedBy '/Game/Levels/DemoBattlefield.DemoBattlefield:PersistentLevel.DemoBattlefield'
[2019.04.15-10.39.55:821][606]LogPlayLevel: PlayLevel: No blueprints needed recompiling
[2019.04.15-10.39.55:821][606]PIE: New page: PIE session: DemoBattlefield (Apr 14, 2019, 8:39:55 PM)
[2019.04.15-10.39.55:821][606]LogPlayLevel: Creating play world package: /Game/Levels/UEDPIE_0_DemoBattlefield
[2019.04.15-10.39.55:842][606]LogPlayLevel: PIE: StaticDuplicateObject took: (0.020901s)
[2019.04.15-10.39.55:843][606]LogAIModule: Creating AISystem for world DemoBattlefield
[2019.04.15-10.39.55:843][606]LogPlayLevel: PIE: World Init took: (0.000656s)
[2019.04.15-10.39.55:843][606]LogPlayLevel: PIE: Created PIE world by copying editor world from /Game/Levels/DemoBattlefield.DemoBattlefield to /Game/Levels/UEDPIE_0_DemoBattlefield.DemoBattlefield (0.021902s)
[2019.04.15-10.39.55:919][606]LogInit: XAudio2 using 'Speakers (Realtek(R) Audio)' : 2 channels at 48 kHz using 32 bits per sample (channel mask 0x3)
[2019.04.15-10.39.55:936][606]LogInit: FAudioDevice initialized.
[2019.04.15-10.39.55:970][606]LogLoad: Game class is 'BP_HSPGameGameModeBase_C'
[2019.04.15-10.39.55:973][606]LogWorld: Bringing World /Game/Levels/UEDPIE_0_DemoBattlefield.DemoBattlefield up for play (max tick rate 0) at 2019.04.15-03.39.55
[2019.04.15-10.39.55:974][606]LogWorld: Bringing up level for play took: 0.003180
[2019.04.15-10.39.55:990][606]PIE: Play in editor start time for /Game/Levels/UEDPIE_0_DemoBattlefield 0.842
[2019.04.15-10.39.55:990][606]LogBlueprintUserMessages: Late PlayInEditor Detection: Level '/Game/Levels/DemoBattlefield.DemoBattlefield:PersistentLevel' has LevelScriptBlueprint '/Game/Levels/DemoBattlefield.DemoBattlefield:PersistentLevel.DemoBattlefield' with GeneratedClass '/Game/Levels/DemoBattlefield.DemoBattlefield_C' with ClassGeneratedBy '/Game/Levels/DemoBattlefield.DemoBattlefield:PersistentLevel.DemoBattlefield'
[2019.04.15-10.40.09:453][211]LogSlate: FSceneViewport::OnFocusLost() reason 0
[2019.04.15-10.40.09:504][217]LogBlueprintUserMessages: Early EndPlayMap Detection: Level '/Game/Levels/DemoBattlefield.DemoBattlefield:PersistentLevel' has LevelScriptBlueprint '/Game/Levels/DemoBattlefield.DemoBattlefield:PersistentLevel.DemoBattlefield' with GeneratedClass '/Game/Levels/DemoBattlefield.DemoBattlefield_C' with ClassGeneratedBy '/Game/Levels/DemoBattlefield.DemoBattlefield:PersistentLevel.DemoBattlefield'
[2019.04.15-10.40.09:504][217]LogSlate: Updating window title bar state: overlay mode, drag disabled, window buttons hidden, title bar hidden
[2019.04.15-10.40.09:543][217]LogPlayLevel: Display: Shutting down PIE online subsystems
[2019.04.15-10.40.09:543][217]LogBlueprintUserMessages: Late EndPlayMap Detection: Level '/Game/Levels/DemoBattlefield.DemoBattlefield:PersistentLevel' has LevelScriptBlueprint '/Game/Levels/DemoBattlefield.DemoBattlefield:PersistentLevel.DemoBattlefield' with GeneratedClass '/Game/Levels/DemoBattlefield.DemoBattlefield_C' with ClassGeneratedBy '/Game/Levels/DemoBattlefield.DemoBattlefield:PersistentLevel.DemoBattlefield'
[2019.04.15-10.40.09:564][217]LogSlate: Updating window title bar state: overlay mode, drag disabled, window buttons hidden, title bar hidden
[2019.04.15-10.40.09:605][221]LogPlayLevel: Display: Destroying online subsystem :Context_6
[2019.04.15-10.40.13:491][663]LogSlate: FSceneViewport::OnFocusLost() reason 0
[2019.04.15-10.40.13:549][670]LogTemp: Repeating last play command: Selected Viewport
[2019.04.15-10.40.13:576][670]LogBlueprintUserMessages: Early PlayInEditor Detection: Level '/Game/Levels/DemoBattlefield.DemoBattlefield:PersistentLevel' has LevelScriptBlueprint '/Game/Levels/DemoBattlefield.DemoBattlefield:PersistentLevel.DemoBattlefield' with GeneratedClass '/Game/Levels/DemoBattlefield.DemoBattlefield_C' with ClassGeneratedBy '/Game/Levels/DemoBattlefield.DemoBattlefield:PersistentLevel.DemoBattlefield'
[2019.04.15-10.40.13:576][670]LogPlayLevel: PlayLevel: No blueprints needed recompiling
[2019.04.15-10.40.13:576][670]PIE: New page: PIE session: DemoBattlefield (Apr 14, 2019, 8:40:13 PM)
[2019.04.15-10.40.13:576][670]LogPlayLevel: Creating play world package: /Game/Levels/UEDPIE_0_DemoBattlefield
[2019.04.15-10.40.13:598][670]LogPlayLevel: PIE: StaticDuplicateObject took: (0.021341s)
[2019.04.15-10.40.13:598][670]LogAIModule: Creating AISystem for world DemoBattlefield
[2019.04.15-10.40.13:598][670]LogPlayLevel: PIE: World Init took: (0.000631s)
[2019.04.15-10.40.13:598][670]LogPlayLevel: PIE: Created PIE world by copying editor world from /Game/Levels/DemoBattlefield.DemoBattlefield to /Game/Levels/UEDPIE_0_DemoBattlefield.DemoBattlefield (0.022326s)
[2019.04.15-10.40.13:677][670]LogInit: XAudio2 using 'Speakers (Realtek(R) Audio)' : 2 channels at 48 kHz using 32 bits per sample (channel mask 0x3)
[2019.04.15-10.40.13:694][670]LogInit: FAudioDevice initialized.
