Log file open, 02/20/19 21:02:42
LogWindows: Failed to load 'aqProf.dll' (GetLastError=126)
LogWindows: File 'aqProf.dll' does not exist
LogWindows: Failed to load 'VtuneApi.dll' (GetLastError=126)
LogWindows: File 'VtuneApi.dll' does not exist
LogWindows: Failed to load 'VtuneApi32e.dll' (GetLastError=126)
LogWindows: File 'VtuneApi32e.dll' does not exist
LogConsoleResponse: Display: Failed to find resolution value strings in scalability ini. Falling back to default.
LogInit: Display: Running engine for game: HSPGame
LogPakFile: Registered encryption key '00000000000000000000000000000000': 0 pak files mounted, 0 remain pending
LogPlatformFile: Not using cached read wrapper
LogTaskGraph: Started task graph with 5 named threads and 23 total threads with 3 sets of task threads.
LogStats: Stats thread started at 0.391669
LogD3D11RHI: Loaded GFSDK_Aftermath_Lib.x64.dll
LogICUInternationalization: ICU TimeZone Detection - Raw Offset: -8:00, Platform Override: ''
LogPluginManager: Mounting plugin Paper2D
LogPluginManager: Mounting plugin AISupport
LogPluginManager: Mounting plugin LightPropagationVolume
LogPluginManager: Mounting plugin ActorLayerUtilities
LogPluginManager: Mounting plugin CLionSourceCodeAccess
LogPluginManager: Mounting plugin CodeLiteSourceCodeAccess
LogPluginManager: Mounting plugin GitSourceControl
LogPluginManager: Mounting plugin KDevelopSourceCodeAccess
LogPluginManager: Mounting plugin NullSourceCodeAccess
LogPluginManager: Mounting plugin PerforceSourceControl
LogPluginManager: Mounting plugin SubversionSourceControl
LogPluginManager: Mounting plugin UObjectPlugin
LogPluginManager: Mounting plugin VisualStudioCodeSourceCodeAccess
LogPluginManager: Mounting plugin VisualStudioSourceCodeAccess
LogPluginManager: Mounting plugin XCodeSourceCodeAccess
LogPluginManager: Mounting plugin AssetManagerEditor
LogPluginManager: Mounting plugin CryptoKeys
LogPluginManager: Mounting plugin DataValidation
LogPluginManager: Mounting plugin FacialAnimation
LogPluginManager: Mounting plugin GameplayTagsEditor
LogPluginManager: Mounting plugin MacGraphicsSwitching
LogPluginManager: Mounting plugin MeshEditor
LogPluginManager: Mounting plugin MobileLauncherProfileWizard
LogPluginManager: Mounting plugin PluginBrowser
LogPluginManager: Mounting plugin SpeedTreeImporter
LogPluginManager: Mounting plugin DatasmithContent
LogPluginManager: Mounting plugin VariantManagerContent
LogPluginManager: Mounting plugin AlembicImporter
LogPluginManager: Mounting plugin AppleImageUtils
LogPluginManager: Mounting plugin AppleVision
LogPluginManager: Mounting plugin BackChannel
LogPluginManager: Mounting plugin CharacterAI
LogPluginManager: Mounting plugin GeometryCache
LogPluginManager: Mounting plugin HTML5Networking
LogPluginManager: Mounting plugin ProxyLODPlugin
LogPluginManager: Mounting plugin MagicLeap
LogPluginManager: Mounting plugin MagicLeapMedia
LogPluginManager: Mounting plugin AndroidMedia
LogPluginManager: Mounting plugin AvfMedia
LogPluginManager: Mounting plugin ImgMedia
LogPluginManager: Mounting plugin LinearTimecode
LogPluginManager: Mounting plugin MediaCompositing
LogPluginManager: Mounting plugin MediaPlayerEditor
LogPluginManager: Mounting plugin WebMMedia
LogPluginManager: Mounting plugin WmfMedia
LogPluginManager: Mounting plugin TcpMessaging
LogPluginManager: Mounting plugin UdpMessaging
LogPluginManager: Mounting plugin ActorSequence
LogPluginManager: Mounting plugin LevelSequenceEditor
LogPluginManager: Mounting plugin MatineeToLevelSequence
LogPluginManager: Mounting plugin NetcodeUnitTest
LogPluginManager: Mounting plugin NUTUnrealEngine4
LogPluginManager: Mounting plugin OnlineSubsystemGooglePlay
LogPluginManager: Mounting plugin OnlineSubsystemIOS
LogPluginManager: Mounting plugin OnlineSubsystem
LogPluginManager: Mounting plugin OnlineSubsystemNull
LogPluginManager: Mounting plugin OnlineSubsystemUtils
LogPluginManager: Mounting plugin LauncherChunkInstaller
LogPluginManager: Mounting plugin AndroidDeviceProfileSelector
LogPluginManager: Mounting plugin AndroidMoviePlayer
LogPluginManager: Mounting plugin AndroidPermission
LogPluginManager: Mounting plugin AppleMoviePlayer
LogPluginManager: Mounting plugin ArchVisCharacter
LogPluginManager: Mounting plugin AudioCapture
LogPluginManager: Mounting plugin CableComponent
LogPluginManager: Mounting plugin CustomMeshComponent
LogPluginManager: Mounting plugin EditableMesh
LogPluginManager: Mounting plugin ExampleDeviceProfileSelector
LogPluginManager: Mounting plugin Firebase
LogPluginManager: Mounting plugin GoogleCloudMessaging
LogPluginManager: Mounting plugin IOSDeviceProfileSelector
LogPluginManager: Mounting plugin LinuxDeviceProfileSelector
LogPluginManager: Mounting plugin LocationServicesBPLibrary
LogPluginManager: Mounting plugin MobilePatchingUtils
LogPluginManager: Mounting plugin OculusVR
LogPluginManager: Mounting plugin PhysXVehicles
LogPluginManager: Mounting plugin ProceduralMeshComponent
LogPluginManager: Mounting plugin RuntimePhysXCooking
LogPluginManager: Mounting plugin SteamVR
LogPluginManager: Mounting plugin WebMMoviePlayer
LogPluginManager: Mounting plugin WindowsMoviePlayer
LogStreaming: Display: Took  0.083s to configure plugins.
LogInit: Using libcurl 7.55.1-DEV
LogInit:  - built for x86_64-pc-win32
LogInit:  - supports SSL with OpenSSL/1.0.2h
LogInit:  - supports HTTP deflate (compression) using libz 1.2.8
LogInit:  - other features:
LogInit:      CURL_VERSION_SSL
LogInit:      CURL_VERSION_LIBZ
LogInit:      CURL_VERSION_IPV6
LogInit:      CURL_VERSION_ASYNCHDNS
LogInit:      CURL_VERSION_LARGEFILE
LogInit:      CURL_VERSION_IDN
LogInit:  CurlRequestOptions (configurable via config and command line):
LogInit:  - bVerifyPeer = true  - Libcurl will verify peer certificate
LogInit:  - bUseHttpProxy = false  - Libcurl will NOT use HTTP proxy
LogInit:  - bDontReuseConnections = false  - Libcurl will reuse connections
LogInit:  - MaxHostConnections = 16  - Libcurl will limit the number of connections to a host
LogInit:  - LocalHostAddr = Default
LogInit:  - BufferSize = 65536
LogInit: WinSock: version 1.1 (2.2), MaxSocks=32767, MaxUdp=65467
LogInit: Build: ++UE4+Release-4.21-CL-4753647
LogInit: Engine Version: 4.21.2-4753647+++UE4+Release-4.21
LogInit: Compatible Engine Version: 4.21.0-4541578+++UE4+Release-4.21
LogInit: Net CL: 4541578
LogInit: OS: Windows 10 (), CPU: Intel(R) Core(TM) i7-6700K CPU @ 4.00GHz, GPU: NVIDIA GeForce RTX 2080
LogInit: Compiled (64-bit): Jan 19 2019 02:07:31
LogInit: Compiled with Visual C++: 19.13.26129.00
LogInit: Build Configuration: Development
LogInit: Branch Name: ++UE4+Release-4.21
LogInit: Command Line:  -skipcompile
LogInit: Base Directory: G:/Games/Epic/Games/UE_4.21/Engine/Binaries/Win64/
LogInit: Installed Engine Build: 1
LogDevObjectVersion: Number of dev versions registered: 22
LogDevObjectVersion:   Dev-Blueprints (B0D832E4-1F89-4F0D-ACCF-7EB736FD4AA2): 10
LogDevObjectVersion:   Dev-Build (E1C64328-A22C-4D53-A36C-8E866417BD8C): 0
LogDevObjectVersion:   Dev-Core (375EC13C-06E4-48FB-B500-84F0262A717E): 2
LogDevObjectVersion:   Dev-Editor (E4B068ED-F494-42E9-A231-DA0B2E46BB41): 26
LogDevObjectVersion:   Dev-Framework (CFFC743F-43B0-4480-9391-14DF171D2073): 34
LogDevObjectVersion:   Dev-Mobile (B02B49B5-BB20-44E9-A304-32B752E40360): 2
LogDevObjectVersion:   Dev-Networking (A4E4105C-59A1-49B5-A7C5-40C4547EDFEE): 0
LogDevObjectVersion:   Dev-Online (39C831C9-5AE6-47DC-9A44-9C173E1C8E7C): 0
LogDevObjectVersion:   Dev-Physics (78F01B33-EBEA-4F98-B9B4-84EACCB95AA2): 0
LogDevObjectVersion:   Dev-Platform (6631380F-2D4D-43E0-8009-CF276956A95A): 0
LogDevObjectVersion:   Dev-Rendering (12F88B9F-8875-4AFC-A67C-D90C383ABD29): 27
LogDevObjectVersion:   Dev-Sequencer (7B5AE74C-D270-4C10-A958-57980B212A5A): 9
LogDevObjectVersion:   Dev-VR (D7296918-1DD6-4BDD-9DE2-64A83CC13884): 2
LogDevObjectVersion:   Dev-LoadTimes (C2A15278-BFE7-4AFE-6C17-90FF531DF755): 1
LogDevObjectVersion:   Private-Geometry (6EACA3D4-40EC-4CC1-B786-8BED09428FC5): 3
LogDevObjectVersion:   Dev-AnimPhys (29E575DD-E0A3-4627-9D10-D276232CDCEA): 17
LogDevObjectVersion:   Dev-Anim (AF43A65D-7FD3-4947-9873-3E8ED9C1BB05): 2
LogDevObjectVersion:   Dev-ReflectionCapture (6B266CEC-1EC7-4B8F-A30B-E4D90942FC07): 1
LogDevObjectVersion:   Dev-Automation (0DF73D61-A23F-47EA-B727-89E90C41499A): 1
LogDevObjectVersion:   FortniteMain (601D1886-AC64-4F84-AA16-D3DE0DEAC7D6): 17
LogDevObjectVersion:   Dev-Enterprise (9DFFBCD6-494F-0158-E221-12823C92A888): 4
LogDevObjectVersion:   Dev-Niagara (F2AED0AC-9AFE-416F-8664-AA7FFA26D6FC): 1
LogStreaming: Display: Took  0.004s to delete old logs.
LogInit: Presizing for max 8388607 objects, including 0 objects not considered by GC, pre-allocating 0 bytes for permanent pool.
LogInit: Object subsystem initialized
LogConfig: Setting CVar [[con.DebugEarlyDefault:1]]
LogConfig: Setting CVar [[r.setres:1280x720]]
[2019.02.21-05.02.42:810][  0]LogConfig: Setting CVar [[r.VSync:0]]
[2019.02.21-05.02.42:810][  0]LogConfig: Setting CVar [[r.RHICmdBypass:0]]
[2019.02.21-05.02.42:811][  0]LogConfig: Applying CVar settings from Section [/Script/Engine.RendererSettings] File [C:/Users/gosus/Documents/CP-School/SeniorProject/gitRepos/Senior-Project-CPP-Testground/Saved/Config/Windows/Engine.ini]
[2019.02.21-05.02.42:811][  0]LogConfig: Setting CVar [[r.GPUCrashDebugging:0]]
[2019.02.21-05.02.42:811][  0]LogConfig: Applying CVar settings from Section [/Script/Engine.RendererOverrideSettings] File [C:/Users/gosus/Documents/CP-School/SeniorProject/gitRepos/Senior-Project-CPP-Testground/Saved/Config/Windows/Engine.ini]
[2019.02.21-05.02.42:811][  0]LogConfig: Applying CVar settings from Section [/Script/Engine.StreamingSettings] File [C:/Users/gosus/Documents/CP-School/SeniorProject/gitRepos/Senior-Project-CPP-Testground/Saved/Config/Windows/Engine.ini]
[2019.02.21-05.02.42:811][  0]LogConfig: Setting CVar [[s.MinBulkDataSizeForAsyncLoading:131072]]
[2019.02.21-05.02.42:811][  0]LogConfig: Setting CVar [[s.AsyncLoadingThreadEnabled:0]]
[2019.02.21-05.02.42:811][  0]LogConfig: Setting CVar [[s.EventDrivenLoaderEnabled:1]]
[2019.02.21-05.02.42:811][  0]LogConfig: Setting CVar [[s.WarnIfTimeLimitExceeded:0]]
[2019.02.21-05.02.42:811][  0]LogConfig: Setting CVar [[s.TimeLimitExceededMultiplier:1.5]]
[2019.02.21-05.02.42:811][  0]LogConfig: Setting CVar [[s.TimeLimitExceededMinTime:0.005]]
[2019.02.21-05.02.42:811][  0]LogConfig: Setting CVar [[s.UseBackgroundLevelStreaming:1]]
[2019.02.21-05.02.42:811][  0]LogConfig: Setting CVar [[s.PriorityAsyncLoadingExtraTime:15.0]]
[2019.02.21-05.02.42:811][  0]LogConfig: Setting CVar [[s.LevelStreamingActorsUpdateTimeLimit:5.0]]
[2019.02.21-05.02.42:811][  0]LogConfig: Setting CVar [[s.PriorityLevelStreamingActorsUpdateExtraTime:5.0]]
[2019.02.21-05.02.42:811][  0]LogConfig: Setting CVar [[s.LevelStreamingComponentsRegistrationGranularity:10]]
[2019.02.21-05.02.42:811][  0]LogConfig: Setting CVar [[s.UnregisterComponentsTimeLimit:1.0]]
[2019.02.21-05.02.42:811][  0]LogConfig: Setting CVar [[s.LevelStreamingComponentsUnregistrationGranularity:5]]
[2019.02.21-05.02.42:811][  0]LogConfig: Applying CVar settings from Section [/Script/Engine.GarbageCollectionSettings] File [C:/Users/gosus/Documents/CP-School/SeniorProject/gitRepos/Senior-Project-CPP-Testground/Saved/Config/Windows/Engine.ini]
[2019.02.21-05.02.42:811][  0]LogConfig: Setting CVar [[gc.MaxObjectsNotConsideredByGC:1]]
[2019.02.21-05.02.42:812][  0]LogConfig: Setting CVar [[gc.SizeOfPermanentObjectPool:0]]
[2019.02.21-05.02.42:812][  0]LogConfig: Setting CVar [[gc.FlushStreamingOnGC:0]]
[2019.02.21-05.02.42:812][  0]LogConfig: Setting CVar [[gc.NumRetriesBeforeForcingGC:10]]
[2019.02.21-05.02.42:812][  0]LogConfig: Setting CVar [[gc.AllowParallelGC:1]]
[2019.02.21-05.02.42:812][  0]LogConfig: Setting CVar [[gc.TimeBetweenPurgingPendingKillObjects:61.1]]
[2019.02.21-05.02.42:812][  0]LogConfig: Setting CVar [[gc.MaxObjectsInEditor:8388607]]
[2019.02.21-05.02.42:812][  0]LogConfig: Setting CVar [[gc.IncrementalBeginDestroyEnabled:1]]
[2019.02.21-05.02.42:812][  0]LogConfig: Setting CVar [[gc.CreateGCClusters:1]]
[2019.02.21-05.02.42:812][  0]LogConfig: Setting CVar [[gc.MergeGCClusters:0]]
[2019.02.21-05.02.42:812][  0]LogConfig: Setting CVar [[gc.MinGCClusterSize:5]]
[2019.02.21-05.02.42:812][  0]LogConfig: Setting CVar [[gc.ActorClusteringEnabled:0]]
[2019.02.21-05.02.42:812][  0]LogConfig: Setting CVar [[gc.BlueprintClusteringEnabled:0]]
[2019.02.21-05.02.42:812][  0]LogConfig: Setting CVar [[gc.UseDisregardForGCOnDedicatedServers:0]]
[2019.02.21-05.02.42:812][  0]LogConfig: Applying CVar settings from Section [/Script/Engine.NetworkSettings] File [C:/Users/gosus/Documents/CP-School/SeniorProject/gitRepos/Senior-Project-CPP-Testground/Saved/Config/Windows/Engine.ini]
[2019.02.21-05.02.42:812][  0]LogConfig: Applying CVar settings from Section [/Script/UnrealEd.CookerSettings] File [C:/Users/gosus/Documents/CP-School/SeniorProject/gitRepos/Senior-Project-CPP-Testground/Saved/Config/Windows/Engine.ini]
[2019.02.21-05.02.42:825][  0]LogConfig: Applying CVar settings from Section [ViewDistanceQuality@3] File [C:/Users/gosus/Documents/CP-School/SeniorProject/gitRepos/Senior-Project-CPP-Testground/Saved/Config/Windows/Scalability.ini]
[2019.02.21-05.02.42:825][  0]LogConfig: Setting CVar [[r.SkeletalMeshLODBias:0]]
[2019.02.21-05.02.42:825][  0]LogConfig: Setting CVar [[r.ViewDistanceScale:1.0]]
[2019.02.21-05.02.42:825][  0]LogConfig: Applying CVar settings from Section [AntiAliasingQuality@3] File [C:/Users/gosus/Documents/CP-School/SeniorProject/gitRepos/Senior-Project-CPP-Testground/Saved/Config/Windows/Scalability.ini]
[2019.02.21-05.02.42:825][  0]LogConfig: Setting CVar [[r.PostProcessAAQuality:4]]
[2019.02.21-05.02.42:825][  0]LogConfig: Applying CVar settings from Section [ShadowQuality@3] File [C:/Users/gosus/Documents/CP-School/SeniorProject/gitRepos/Senior-Project-CPP-Testground/Saved/Config/Windows/Scalability.ini]
[2019.02.21-05.02.42:825][  0]LogConfig: Setting CVar [[r.LightFunctionQuality:1]]
[2019.02.21-05.02.42:826][  0]LogConfig: Setting CVar [[r.ShadowQuality:5]]
[2019.02.21-05.02.42:826][  0]LogConfig: Setting CVar [[r.Shadow.CSM.MaxCascades:10]]
[2019.02.21-05.02.42:826][  0]LogConfig: Setting CVar [[r.Shadow.MaxResolution:2048]]
[2019.02.21-05.02.42:826][  0]LogConfig: Setting CVar [[r.Shadow.MaxCSMResolution:2048]]
[2019.02.21-05.02.42:826][  0]LogConfig: Setting CVar [[r.Shadow.RadiusThreshold:0.01]]
[2019.02.21-05.02.42:826][  0]LogConfig: Setting CVar [[r.Shadow.DistanceScale:1.0]]
[2019.02.21-05.02.42:826][  0]LogConfig: Setting CVar [[r.Shadow.CSM.TransitionScale:1.0]]
[2019.02.21-05.02.42:826][  0]LogConfig: Setting CVar [[r.Shadow.PreShadowResolutionFactor:1.0]]
[2019.02.21-05.02.42:826][  0]LogConfig: Setting CVar [[r.DistanceFieldShadowing:1]]
[2019.02.21-05.02.42:826][  0]LogConfig: Setting CVar [[r.DistanceFieldAO:1]]
[2019.02.21-05.02.42:826][  0]LogConfig: Setting CVar [[r.AOQuality:2]]
[2019.02.21-05.02.42:826][  0]LogConfig: Setting CVar [[r.VolumetricFog:1]]
[2019.02.21-05.02.42:826][  0]LogConfig: Setting CVar [[r.VolumetricFog.GridPixelSize:8]]
[2019.02.21-05.02.42:826][  0]LogConfig: Setting CVar [[r.VolumetricFog.GridSizeZ:128]]
[2019.02.21-05.02.42:826][  0]LogConfig: Setting CVar [[r.VolumetricFog.HistoryMissSupersampleCount:4]]
[2019.02.21-05.02.42:826][  0]LogConfig: Setting CVar [[r.LightMaxDrawDistanceScale:1]]
[2019.02.21-05.02.42:826][  0]LogConfig: Setting CVar [[r.CapsuleShadows:1]]
[2019.02.21-05.02.42:826][  0]LogConfig: Applying CVar settings from Section [PostProcessQuality@3] File [C:/Users/gosus/Documents/CP-School/SeniorProject/gitRepos/Senior-Project-CPP-Testground/Saved/Config/Windows/Scalability.ini]
[2019.02.21-05.02.42:827][  0]LogConfig: Setting CVar [[r.MotionBlurQuality:4]]
[2019.02.21-05.02.42:827][  0]LogConfig: Setting CVar [[r.AmbientOcclusionMipLevelFactor:0.4]]
[2019.02.21-05.02.42:827][  0]LogConfig: Setting CVar [[r.AmbientOcclusionMaxQuality:100]]
[2019.02.21-05.02.42:827][  0]LogConfig: Setting CVar [[r.AmbientOcclusionLevels:-1]]
[2019.02.21-05.02.42:827][  0]LogConfig: Setting CVar [[r.AmbientOcclusionRadiusScale:1.0]]
[2019.02.21-05.02.42:827][  0]LogConfig: Setting CVar [[r.DepthOfFieldQuality:2]]
[2019.02.21-05.02.42:827][  0]LogConfig: Setting CVar [[r.RenderTargetPoolMin:400]]
[2019.02.21-05.02.42:827][  0]LogConfig: Setting CVar [[r.LensFlareQuality:2]]
[2019.02.21-05.02.42:827][  0]LogConfig: Setting CVar [[r.SceneColorFringeQuality:1]]
[2019.02.21-05.02.42:827][  0]LogConfig: Setting CVar [[r.EyeAdaptationQuality:2]]
[2019.02.21-05.02.42:827][  0]LogConfig: Setting CVar [[r.BloomQuality:5]]
[2019.02.21-05.02.42:827][  0]LogConfig: Setting CVar [[r.FastBlurThreshold:100]]
[2019.02.21-05.02.42:827][  0]LogConfig: Setting CVar [[r.Upscale.Quality:3]]
[2019.02.21-05.02.42:827][  0]LogConfig: Setting CVar [[r.Tonemapper.GrainQuantization:1]]
[2019.02.21-05.02.42:827][  0]LogConfig: Setting CVar [[r.LightShaftQuality:1]]
[2019.02.21-05.02.42:827][  0]LogConfig: Setting CVar [[r.Filter.SizeScale:1]]
[2019.02.21-05.02.42:827][  0]LogConfig: Setting CVar [[r.Tonemapper.Quality:5]]
[2019.02.21-05.02.42:827][  0]LogConfig: Setting CVar [[r.DOF.Gather.AccumulatorQuality:1        ; higher gathering accumulator quality]]
[2019.02.21-05.02.42:827][  0]LogConfig: Setting CVar [[r.DOF.Gather.PostfilterMethod:1          ; Median3x3 postfilering method]]
[2019.02.21-05.02.42:827][  0]LogConfig: Setting CVar [[r.DOF.Gather.EnableBokehSettings:0       ; no bokeh simulation when gathering]]
[2019.02.21-05.02.42:828][  0]LogConfig: Setting CVar [[r.DOF.Gather.RingCount:4                 ; medium number of samples when gathering]]
[2019.02.21-05.02.42:828][  0]LogConfig: Setting CVar [[r.DOF.Scatter.ForegroundCompositing:1    ; additive foreground scattering]]
[2019.02.21-05.02.42:828][  0]LogConfig: Setting CVar [[r.DOF.Scatter.BackgroundCompositing:2    ; additive background scattering]]
[2019.02.21-05.02.42:828][  0]LogConfig: Setting CVar [[r.DOF.Scatter.EnableBokehSettings:1      ; bokeh simulation when scattering]]
[2019.02.21-05.02.42:828][  0]LogConfig: Setting CVar [[r.DOF.Scatter.MaxSpriteRatio:0.1         ; only a maximum of 10% of scattered bokeh]]
[2019.02.21-05.02.42:828][  0]LogConfig: Setting CVar [[r.DOF.Recombine.Quality:1                ; cheap slight out of focus]]
[2019.02.21-05.02.42:828][  0]LogConfig: Setting CVar [[r.DOF.Recombine.EnableBokehSettings:0    ; no bokeh simulation on slight out of focus]]
[2019.02.21-05.02.42:828][  0]LogConfig: Setting CVar [[r.DOF.TemporalAAQuality:1                ; more stable temporal accumulation]]
[2019.02.21-05.02.42:828][  0]LogConfig: Setting CVar [[r.DOF.Kernel.MaxForegroundRadius:0.025]]
[2019.02.21-05.02.42:828][  0]LogConfig: Setting CVar [[r.DOF.Kernel.MaxBackgroundRadius:0.025]]
[2019.02.21-05.02.42:828][  0]LogConfig: Applying CVar settings from Section [TextureQuality@3] File [C:/Users/gosus/Documents/CP-School/SeniorProject/gitRepos/Senior-Project-CPP-Testground/Saved/Config/Windows/Scalability.ini]
[2019.02.21-05.02.42:828][  0]LogConfig: Setting CVar [[r.Streaming.MipBias:0]]
[2019.02.21-05.02.42:828][  0]LogConfig: Setting CVar [[r.Streaming.AmortizeCPUToGPUCopy:0]]
[2019.02.21-05.02.42:828][  0]LogConfig: Setting CVar [[r.Streaming.MaxNumTexturesToStreamPerFrame:0]]
[2019.02.21-05.02.42:828][  0]LogConfig: Setting CVar [[r.Streaming.Boost:1]]
[2019.02.21-05.02.42:828][  0]LogConfig: Setting CVar [[r.MaxAnisotropy:8]]
[2019.02.21-05.02.42:828][  0]LogConfig: Setting CVar [[r.Streaming.LimitPoolSizeToVRAM:0]]
[2019.02.21-05.02.42:828][  0]LogConfig: Setting CVar [[r.Streaming.PoolSize:1000]]
[2019.02.21-05.02.42:828][  0]LogConfig: Setting CVar [[r.Streaming.MaxEffectiveScreenSize:0]]
[2019.02.21-05.02.42:828][  0]LogConfig: Applying CVar settings from Section [EffectsQuality@3] File [C:/Users/gosus/Documents/CP-School/SeniorProject/gitRepos/Senior-Project-CPP-Testground/Saved/Config/Windows/Scalability.ini]
[2019.02.21-05.02.42:828][  0]LogConfig: Setting CVar [[r.TranslucencyLightingVolumeDim:64]]
[2019.02.21-05.02.42:829][  0]LogConfig: Setting CVar [[r.RefractionQuality:2]]
[2019.02.21-05.02.42:829][  0]LogConfig: Setting CVar [[r.SSR.Quality:3]]
[2019.02.21-05.02.42:829][  0]LogConfig: Setting CVar [[r.SceneColorFormat:4]]
[2019.02.21-05.02.42:829][  0]LogConfig: Setting CVar [[r.DetailMode:2]]
[2019.02.21-05.02.42:829][  0]LogConfig: Setting CVar [[r.TranslucencyVolumeBlur:1]]
[2019.02.21-05.02.42:829][  0]LogConfig: Setting CVar [[r.MaterialQualityLevel:1 ; High quality]]
[2019.02.21-05.02.42:829][  0]LogConfig: Setting CVar [[r.SSS.Scale:1]]
[2019.02.21-05.02.42:829][  0]LogConfig: Setting CVar [[r.SSS.SampleSet:2]]
[2019.02.21-05.02.42:829][  0]LogConfig: Setting CVar [[r.SSS.Quality:1]]
[2019.02.21-05.02.42:829][  0]LogConfig: Setting CVar [[r.SSS.HalfRes:1]]
[2019.02.21-05.02.42:829][  0]LogConfig: Setting CVar [[r.EmitterSpawnRateScale:1.0]]
[2019.02.21-05.02.42:829][  0]LogConfig: Setting CVar [[r.ParticleLightQuality:2]]
[2019.02.21-05.02.42:829][  0]LogConfig: Applying CVar settings from Section [FoliageQuality@3] File [C:/Users/gosus/Documents/CP-School/SeniorProject/gitRepos/Senior-Project-CPP-Testground/Saved/Config/Windows/Scalability.ini]
[2019.02.21-05.02.42:829][  0]LogConfig: Setting CVar [[foliage.DensityScale:1.0]]
[2019.02.21-05.02.42:829][  0]LogConfig: Setting CVar [[grass.DensityScale:1.0]]
[2019.02.21-05.02.42:829][  0]LogInit: Selected Device Profile: [Windows]
[2019.02.21-05.02.42:829][  0]LogInit: Applying CVar settings loaded from the selected device profile: [Windows]
[2019.02.21-05.02.42:840][  0]LogHAL: Display: Platform has ~ 32 GB [34313105408 / 34359738368 / 32], which maps to Largest [LargestMinGB=32, LargerMinGB=12, DefaultMinGB=8, SmallerMinGB=6, SmallestMinGB=0)
[2019.02.21-05.02.42:840][  0]LogConfig: Setting CVar [[r.Vulkan.UseRealUBs:1]]
[2019.02.21-05.02.42:840][  0]LogInit: Going up to parent DeviceProfile []
[2019.02.21-05.02.42:840][  0]LogConfig: Applying CVar settings from Section [ViewDistanceQuality@3] File [C:/Users/gosus/Documents/CP-School/SeniorProject/gitRepos/Senior-Project-CPP-Testground/Saved/Config/Windows/Scalability.ini]
[2019.02.21-05.02.42:840][  0]LogConfig: Setting CVar [[r.SkeletalMeshLODBias:0]]
[2019.02.21-05.02.42:840][  0]LogConfig: Setting CVar [[r.ViewDistanceScale:1.0]]
[2019.02.21-05.02.42:840][  0]LogConfig: Applying CVar settings from Section [AntiAliasingQuality@3] File [C:/Users/gosus/Documents/CP-School/SeniorProject/gitRepos/Senior-Project-CPP-Testground/Saved/Config/Windows/Scalability.ini]
[2019.02.21-05.02.42:841][  0]LogConfig: Setting CVar [[r.PostProcessAAQuality:4]]
[2019.02.21-05.02.42:841][  0]LogConfig: Applying CVar settings from Section [ShadowQuality@3] File [C:/Users/gosus/Documents/CP-School/SeniorProject/gitRepos/Senior-Project-CPP-Testground/Saved/Config/Windows/Scalability.ini]
[2019.02.21-05.02.42:841][  0]LogConfig: Setting CVar [[r.LightFunctionQuality:1]]
[2019.02.21-05.02.42:841][  0]LogConfig: Setting CVar [[r.ShadowQuality:5]]
[2019.02.21-05.02.42:841][  0]LogConfig: Setting CVar [[r.Shadow.CSM.MaxCascades:10]]
[2019.02.21-05.02.42:841][  0]LogConfig: Setting CVar [[r.Shadow.MaxResolution:2048]]
[2019.02.21-05.02.42:841][  0]LogConfig: Setting CVar [[r.Shadow.MaxCSMResolution:2048]]
[2019.02.21-05.02.42:841][  0]LogConfig: Setting CVar [[r.Shadow.RadiusThreshold:0.01]]
[2019.02.21-05.02.42:841][  0]LogConfig: Setting CVar [[r.Shadow.DistanceScale:1.0]]
[2019.02.21-05.02.42:841][  0]LogConfig: Setting CVar [[r.Shadow.CSM.TransitionScale:1.0]]
[2019.02.21-05.02.42:841][  0]LogConfig: Setting CVar [[r.Shadow.PreShadowResolutionFactor:1.0]]
[2019.02.21-05.02.42:841][  0]LogConfig: Setting CVar [[r.DistanceFieldShadowing:1]]
[2019.02.21-05.02.42:841][  0]LogConfig: Setting CVar [[r.DistanceFieldAO:1]]
[2019.02.21-05.02.42:841][  0]LogConfig: Setting CVar [[r.AOQuality:2]]
[2019.02.21-05.02.42:841][  0]LogConfig: Setting CVar [[r.VolumetricFog:1]]
[2019.02.21-05.02.42:841][  0]LogConfig: Setting CVar [[r.VolumetricFog.GridPixelSize:8]]
[2019.02.21-05.02.42:841][  0]LogConfig: Setting CVar [[r.VolumetricFog.GridSizeZ:128]]
[2019.02.21-05.02.42:841][  0]LogConfig: Setting CVar [[r.VolumetricFog.HistoryMissSupersampleCount:4]]
[2019.02.21-05.02.42:841][  0]LogConfig: Setting CVar [[r.LightMaxDrawDistanceScale:1]]
[2019.02.21-05.02.42:841][  0]LogConfig: Setting CVar [[r.CapsuleShadows:1]]
[2019.02.21-05.02.42:842][  0]LogConfig: Applying CVar settings from Section [PostProcessQuality@3] File [C:/Users/gosus/Documents/CP-School/SeniorProject/gitRepos/Senior-Project-CPP-Testground/Saved/Config/Windows/Scalability.ini]
[2019.02.21-05.02.42:842][  0]LogConfig: Setting CVar [[r.MotionBlurQuality:4]]
[2019.02.21-05.02.42:842][  0]LogConfig: Setting CVar [[r.AmbientOcclusionMipLevelFactor:0.4]]
[2019.02.21-05.02.42:842][  0]LogConfig: Setting CVar [[r.AmbientOcclusionMaxQuality:100]]
[2019.02.21-05.02.42:842][  0]LogConfig: Setting CVar [[r.AmbientOcclusionLevels:-1]]
[2019.02.21-05.02.42:842][  0]LogConfig: Setting CVar [[r.AmbientOcclusionRadiusScale:1.0]]
[2019.02.21-05.02.42:842][  0]LogConfig: Setting CVar [[r.DepthOfFieldQuality:2]]
[2019.02.21-05.02.42:842][  0]LogConfig: Setting CVar [[r.RenderTargetPoolMin:400]]
[2019.02.21-05.02.42:842][  0]LogConfig: Setting CVar [[r.LensFlareQuality:2]]
[2019.02.21-05.02.42:842][  0]LogConfig: Setting CVar [[r.SceneColorFringeQuality:1]]
[2019.02.21-05.02.42:842][  0]LogConfig: Setting CVar [[r.EyeAdaptationQuality:2]]
[2019.02.21-05.02.42:842][  0]LogConfig: Setting CVar [[r.BloomQuality:5]]
[2019.02.21-05.02.42:842][  0]LogConfig: Setting CVar [[r.FastBlurThreshold:100]]
[2019.02.21-05.02.42:842][  0]LogConfig: Setting CVar [[r.Upscale.Quality:3]]
[2019.02.21-05.02.42:842][  0]LogConfig: Setting CVar [[r.Tonemapper.GrainQuantization:1]]
[2019.02.21-05.02.42:842][  0]LogConfig: Setting CVar [[r.LightShaftQuality:1]]
[2019.02.21-05.02.42:842][  0]LogConfig: Setting CVar [[r.Filter.SizeScale:1]]
[2019.02.21-05.02.42:842][  0]LogConfig: Setting CVar [[r.Tonemapper.Quality:5]]
[2019.02.21-05.02.42:843][  0]LogConfig: Setting CVar [[r.DOF.Gather.AccumulatorQuality:1        ; higher gathering accumulator quality]]
[2019.02.21-05.02.42:843][  0]LogConfig: Setting CVar [[r.DOF.Gather.PostfilterMethod:1          ; Median3x3 postfilering method]]
[2019.02.21-05.02.42:843][  0]LogConfig: Setting CVar [[r.DOF.Gather.EnableBokehSettings:0       ; no bokeh simulation when gathering]]
[2019.02.21-05.02.42:843][  0]LogConfig: Setting CVar [[r.DOF.Gather.RingCount:4                 ; medium number of samples when gathering]]
[2019.02.21-05.02.42:843][  0]LogConfig: Setting CVar [[r.DOF.Scatter.ForegroundCompositing:1    ; additive foreground scattering]]
[2019.02.21-05.02.42:843][  0]LogConfig: Setting CVar [[r.DOF.Scatter.BackgroundCompositing:2    ; additive background scattering]]
[2019.02.21-05.02.42:843][  0]LogConfig: Setting CVar [[r.DOF.Scatter.EnableBokehSettings:1      ; bokeh simulation when scattering]]
[2019.02.21-05.02.42:843][  0]LogConfig: Setting CVar [[r.DOF.Scatter.MaxSpriteRatio:0.1         ; only a maximum of 10% of scattered bokeh]]
[2019.02.21-05.02.42:843][  0]LogConfig: Setting CVar [[r.DOF.Recombine.Quality:1                ; cheap slight out of focus]]
[2019.02.21-05.02.42:843][  0]LogConfig: Setting CVar [[r.DOF.Recombine.EnableBokehSettings:0    ; no bokeh simulation on slight out of focus]]
[2019.02.21-05.02.42:843][  0]LogConfig: Setting CVar [[r.DOF.TemporalAAQuality:1                ; more stable temporal accumulation]]
[2019.02.21-05.02.42:843][  0]LogConfig: Setting CVar [[r.DOF.Kernel.MaxForegroundRadius:0.025]]
[2019.02.21-05.02.42:843][  0]LogConfig: Setting CVar [[r.DOF.Kernel.MaxBackgroundRadius:0.025]]
[2019.02.21-05.02.42:843][  0]LogConfig: Applying CVar settings from Section [TextureQuality@3] File [C:/Users/gosus/Documents/CP-School/SeniorProject/gitRepos/Senior-Project-CPP-Testground/Saved/Config/Windows/Scalability.ini]
[2019.02.21-05.02.42:843][  0]LogConfig: Setting CVar [[r.Streaming.MipBias:0]]
[2019.02.21-05.02.42:843][  0]LogConfig: Setting CVar [[r.Streaming.AmortizeCPUToGPUCopy:0]]
[2019.02.21-05.02.42:843][  0]LogConfig: Setting CVar [[r.Streaming.MaxNumTexturesToStreamPerFrame:0]]
[2019.02.21-05.02.42:843][  0]LogConfig: Setting CVar [[r.Streaming.Boost:1]]
[2019.02.21-05.02.42:843][  0]LogConfig: Setting CVar [[r.MaxAnisotropy:8]]
[2019.02.21-05.02.42:844][  0]LogConfig: Setting CVar [[r.Streaming.LimitPoolSizeToVRAM:0]]
[2019.02.21-05.02.42:844][  0]LogConfig: Setting CVar [[r.Streaming.PoolSize:1000]]
[2019.02.21-05.02.42:844][  0]LogConfig: Setting CVar [[r.Streaming.MaxEffectiveScreenSize:0]]
[2019.02.21-05.02.42:844][  0]LogConfig: Applying CVar settings from Section [EffectsQuality@3] File [C:/Users/gosus/Documents/CP-School/SeniorProject/gitRepos/Senior-Project-CPP-Testground/Saved/Config/Windows/Scalability.ini]
[2019.02.21-05.02.42:844][  0]LogConfig: Setting CVar [[r.TranslucencyLightingVolumeDim:64]]
[2019.02.21-05.02.42:844][  0]LogConfig: Setting CVar [[r.RefractionQuality:2]]
[2019.02.21-05.02.42:844][  0]LogConfig: Setting CVar [[r.SSR.Quality:3]]
[2019.02.21-05.02.42:844][  0]LogConfig: Setting CVar [[r.SceneColorFormat:4]]
[2019.02.21-05.02.42:844][  0]LogConfig: Setting CVar [[r.DetailMode:2]]
[2019.02.21-05.02.42:844][  0]LogConfig: Setting CVar [[r.TranslucencyVolumeBlur:1]]
[2019.02.21-05.02.42:844][  0]LogConfig: Setting CVar [[r.MaterialQualityLevel:1 ; High quality]]
[2019.02.21-05.02.42:844][  0]LogConfig: Setting CVar [[r.SSS.Scale:1]]
[2019.02.21-05.02.42:844][  0]LogConfig: Setting CVar [[r.SSS.SampleSet:2]]
[2019.02.21-05.02.42:844][  0]LogConfig: Setting CVar [[r.SSS.Quality:1]]
[2019.02.21-05.02.42:844][  0]LogConfig: Setting CVar [[r.SSS.HalfRes:1]]
[2019.02.21-05.02.42:844][  0]LogConfig: Setting CVar [[r.EmitterSpawnRateScale:1.0]]
[2019.02.21-05.02.42:844][  0]LogConfig: Setting CVar [[r.ParticleLightQuality:2]]
[2019.02.21-05.02.42:844][  0]LogConfig: Applying CVar settings from Section [FoliageQuality@3] File [C:/Users/gosus/Documents/CP-School/SeniorProject/gitRepos/Senior-Project-CPP-Testground/Saved/Config/Windows/Scalability.ini]
[2019.02.21-05.02.42:845][  0]LogConfig: Setting CVar [[foliage.DensityScale:1.0]]
[2019.02.21-05.02.42:845][  0]LogConfig: Setting CVar [[grass.DensityScale:1.0]]
[2019.02.21-05.02.42:845][  0]LogConfig: Applying CVar settings from Section [Startup] File [../../../Engine/Config/ConsoleVariables.ini]
[2019.02.21-05.02.42:845][  0]LogConfig: Setting CVar [[net.UseAdaptiveNetUpdateFrequency:0]]
[2019.02.21-05.02.42:845][  0]LogConfig: Applying CVar settings from Section [ConsoleVariables] File [C:/Users/gosus/Documents/CP-School/SeniorProject/gitRepos/Senior-Project-CPP-Testground/Saved/Config/Windows/Engine.ini]
[2019.02.21-05.02.42:845][  0]LogInit: Computer: UNIT-01
[2019.02.21-05.02.42:845][  0]LogInit: User: gosus
[2019.02.21-05.02.42:845][  0]LogInit: CPU Page size=4096, Cores=4
[2019.02.21-05.02.42:845][  0]LogInit: High frequency timer resolution =10.000000 MHz
[2019.02.21-05.02.42:845][  0]LogMemory: Memory total: Physical=32.0GB (32GB approx)
[2019.02.21-05.02.42:845][  0]LogMemory: Platform Memory Stats for Windows
[2019.02.21-05.02.42:846][  0]LogMemory: Process Physical Memory: 103.98 MB used, 103.98 MB peak
[2019.02.21-05.02.42:846][  0]LogMemory: Process Virtual Memory: 94.43 MB used, 94.43 MB peak
[2019.02.21-05.02.42:846][  0]LogMemory: Physical Memory: 12914.72 MB used,  19808.80 MB free, 32723.53 MB total
[2019.02.21-05.02.42:846][  0]LogMemory: Virtual Memory: 4652.41 MB used,  134213072.00 MB free, 134217728.00 MB total
[2019.02.21-05.02.42:943][  0]LogInit: Using OS detected language (en-US).
[2019.02.21-05.02.42:943][  0]LogInit: Using OS detected locale (en-US).
[2019.02.21-05.02.42:943][  0]LogTextLocalizationManager: No specific localization for 'en-US' exists, so the 'en' localization will be used.
[2019.02.21-05.02.43:281][  0]LogStreaming: Display: Took  0.338s to InitEngineTextLocalization.
[2019.02.21-05.02.43:281][  0]LogInit: Setting process to per monitor DPI aware
[2019.02.21-05.02.43:350][  0]LogSlate: New Slate User Created.  User Index 0, Is Virtual User: 0
[2019.02.21-05.02.43:350][  0]LogSlate: Slate User Registered.  User Index 0, Is Virtual User: 0
[2019.02.21-05.02.43:531][  0]LogHMD: Failed to initialize OpenVR with code 110
[2019.02.21-05.02.43:531][  0]LogD3D11RHI: D3D11 adapters:
[2019.02.21-05.02.43:656][  0]LogD3D11RHI:    0. 'NVIDIA GeForce RTX 2080' (Feature Level 11_0)
[2019.02.21-05.02.43:656][  0]LogD3D11RHI:       8010/0/16361 MB DedicatedVideo/DedicatedSystem/SharedSystem, Outputs:2, VendorId:0x10de
[2019.02.21-05.02.43:660][  0]LogD3D11RHI:    1. 'Microsoft Basic Render Driver' (Feature Level 11_0)
[2019.02.21-05.02.43:660][  0]LogD3D11RHI:       0/0/16361 MB DedicatedVideo/DedicatedSystem/SharedSystem, Outputs:0, VendorId:0x1414
[2019.02.21-05.02.43:660][  0]LogD3D11RHI: Chosen D3D11 Adapter: 0
[2019.02.21-05.02.43:668][  0]LogD3D11RHI: Creating new Direct3DDevice
[2019.02.21-05.02.43:669][  0]LogD3D11RHI:     GPU DeviceId: 0x1e87 (for the marketing name, search the web for "GPU Device Id")
[2019.02.21-05.02.43:669][  0]LogWindows: EnumDisplayDevices:
[2019.02.21-05.02.43:669][  0]LogWindows:    0. 'NVIDIA GeForce RTX 2080' (P:1 D:1)
[2019.02.21-05.02.43:669][  0]LogWindows:    1. 'NVIDIA GeForce RTX 2080' (P:0 D:1)
[2019.02.21-05.02.43:670][  0]LogWindows:    2. 'NVIDIA GeForce RTX 2080' (P:0 D:0)
[2019.02.21-05.02.43:670][  0]LogWindows:    3. 'NVIDIA GeForce RTX 2080' (P:0 D:0)
[2019.02.21-05.02.43:670][  0]LogWindows: DebugString: FoundDriverCount:4 
[2019.02.21-05.02.43:670][  0]LogD3D11RHI:     Adapter Name: NVIDIA GeForce RTX 2080
[2019.02.21-05.02.43:670][  0]LogD3D11RHI:   Driver Version: 418.91 (internal:25.21.14.1891, unified:418.91)
[2019.02.21-05.02.43:670][  0]LogD3D11RHI:      Driver Date: 2-6-2019
[2019.02.21-05.02.43:670][  0]LogRHI: Texture pool is 5607 MB (70% of 8010 MB)
[2019.02.21-05.02.43:714][  0]LogD3D11RHI: Async texture creation enabled
[2019.02.21-05.02.43:744][  0]LogD3D11RHI: GPU Timing Frequency: 1000.000000 (Debug: 2 2)
[2019.02.21-05.02.44:094][  0]LogTemp: Display: Loaded TP AllDesktopTargetPlatform
[2019.02.21-05.02.44:114][  0]LogTemp: Display: Loaded TP MacClientTargetPlatform
[2019.02.21-05.02.44:128][  0]LogTemp: Display: Loaded TP MacNoEditorTargetPlatform
[2019.02.21-05.02.44:143][  0]LogTemp: Display: Loaded TP MacServerTargetPlatform
[2019.02.21-05.02.44:156][  0]LogTemp: Display: Loaded TP MacTargetPlatform
[2019.02.21-05.02.44:170][  0]LogTemp: Display: Loaded TP WindowsClientTargetPlatform
[2019.02.21-05.02.44:183][  0]LogTemp: Display: Loaded TP WindowsNoEditorTargetPlatform
[2019.02.21-05.02.44:196][  0]LogTemp: Display: Loaded TP WindowsServerTargetPlatform
[2019.02.21-05.02.44:204][  0]LogTemp: Display: Loaded TP WindowsTargetPlatform
[2019.02.21-05.02.44:266][  0]LogTemp: Display: Loaded TP AndroidTargetPlatform
[2019.02.21-05.02.44:266][  0]LogTemp: Display: Loaded TP AndroidTargetPlatform
[2019.02.21-05.02.44:266][  0]LogTemp: Display: Loaded TP AndroidTargetPlatform
[2019.02.21-05.02.44:266][  0]LogTemp: Display: Loaded TP AndroidTargetPlatform
[2019.02.21-05.02.44:266][  0]LogTemp: Display: Loaded TP AndroidTargetPlatform
[2019.02.21-05.02.44:266][  0]LogTemp: Display: Loaded TP AndroidTargetPlatform
[2019.02.21-05.02.44:266][  0]LogTemp: Display: Loaded TP AndroidTargetPlatform
[2019.02.21-05.02.44:267][  0]LogTemp: Display: Loaded TP AndroidTargetPlatform
[2019.02.21-05.02.44:267][  0]LogTemp: Display: Loaded TP AndroidTargetPlatform
[2019.02.21-05.02.44:267][  0]LogTemp: Display: Loaded TP AndroidTargetPlatform
[2019.02.21-05.02.44:267][  0]LogTemp: Display: Loaded TP AndroidTargetPlatform
[2019.02.21-05.02.44:267][  0]LogTemp: Display: Loaded TP AndroidTargetPlatform
[2019.02.21-05.02.44:267][  0]LogTemp: Display: Loaded TP AndroidTargetPlatform
[2019.02.21-05.02.44:267][  0]LogTemp: Display: Loaded TP AndroidTargetPlatform
[2019.02.21-05.02.44:267][  0]LogTemp: Display: Loaded TP AndroidTargetPlatform
[2019.02.21-05.02.44:267][  0]LogTemp: Display: Loaded TP AndroidTargetPlatform
[2019.02.21-05.02.44:267][  0]LogTemp: Display: Loaded TP AndroidTargetPlatform
[2019.02.21-05.02.44:267][  0]LogTemp: Display: Loaded TP AndroidTargetPlatform
[2019.02.21-05.02.44:271][  0]LogTemp: Display: Loaded TP HTML5TargetPlatform
[2019.02.21-05.02.44:338][  0]LogTemp: Display: Loaded TP IOSTargetPlatform
[2019.02.21-05.02.44:338][  0]LogTemp: Display: Loaded TP IOSTargetPlatform
[2019.02.21-05.02.44:364][  0]LogTemp: Display: Loaded TP TVOSTargetPlatform
[2019.02.21-05.02.44:364][  0]LogTemp: Display: Loaded TP TVOSTargetPlatform
[2019.02.21-05.02.44:378][  0]LogTemp: Display: Loaded TP LinuxClientTargetPlatform
[2019.02.21-05.02.44:391][  0]LogTemp: Display: Loaded TP LinuxNoEditorTargetPlatform
[2019.02.21-05.02.44:402][  0]LogTemp: Display: Loaded TP LinuxServerTargetPlatform
[2019.02.21-05.02.44:414][  0]LogTemp: Display: Loaded TP LinuxTargetPlatform
[2019.02.21-05.02.44:452][  0]LogTemp: Display: Loaded TP LuminTargetPlatform
[2019.02.21-05.02.44:452][  0]LogTemp: Display: Loaded TP LuminTargetPlatform
[2019.02.21-05.02.44:452][  0]LogTargetPlatformManager: Display: Building Assets For Windows
[2019.02.21-05.02.44:592][  0]LogShaderCompilers: Guid format shader working directory is -42 characters bigger than the processId version (C:/Users/gosus/Documents/CP-School/SeniorProject/gitRepos/Senior-Project-CPP-Testground/Intermediate/Shaders/WorkingDirectory/20132/).
[2019.02.21-05.02.44:592][  0]LogShaderCompilers: Cleaned the shader compiler working directory 'C:/Users/gosus/AppData/Local/Temp/UnrealShaderWorkingDir/1992E8FA403BF06CE779DFA71AB67EB6/'.
[2019.02.21-05.02.44:593][  0]LogXGEController: Cleaning working directory: C:/Users/gosus/AppData/Local/Temp/UnrealXGEWorkingDir/
[2019.02.21-05.02.44:593][  0]LogXGEController: Cannot use XGE Controller as Incredibuild is not installed on this machine.
[2019.02.21-05.02.44:593][  0]LogShaderCompilers: Cannot use XGE Shader Compiler as Incredibuild is not installed on this machine.
[2019.02.21-05.02.44:593][  0]LogShaderCompilers: Display: Using Local Shader Compiler.
[2019.02.21-05.02.45:030][  0]LogDerivedDataCache: Display: Max Cache Size: 512 MB
[2019.02.21-05.02.45:072][  0]LogDerivedDataCache: Loaded boot cache 0.04s 71MB C:/Users/gosus/AppData/Local/UnrealEngine/4.21/DerivedDataCache/Boot.ddc.
[2019.02.21-05.02.45:072][  0]LogDerivedDataCache: Display: Loaded Boot cache: C:/Users/gosus/AppData/Local/UnrealEngine/4.21/DerivedDataCache/Boot.ddc
[2019.02.21-05.02.45:072][  0]LogDerivedDataCache: FDerivedDataBackendGraph:  Pak pak cache file C:/Users/gosus/Documents/CP-School/SeniorProject/gitRepos/Senior-Project-CPP-Testground/DerivedDataCache/DDC.ddp not found, will not use a pak cache.
[2019.02.21-05.02.45:072][  0]LogDerivedDataCache: Unable to find inner node Pak for hierarchical cache Hierarchy.
[2019.02.21-05.02.45:072][  0]LogDerivedDataCache: FDerivedDataBackendGraph:  CompressedPak pak cache file C:/Users/gosus/Documents/CP-School/SeniorProject/gitRepos/Senior-Project-CPP-Testground/DerivedDataCache/Compressed.ddp not found, will not use a pak cache.
[2019.02.21-05.02.45:072][  0]LogDerivedDataCache: Unable to find inner node CompressedPak for hierarchical cache Hierarchy.
[2019.02.21-05.02.45:082][  0]LogDerivedDataCache: Display: Pak cache opened for reading ../../../Engine/DerivedDataCache/Compressed.ddp.
[2019.02.21-05.02.45:082][  0]LogDerivedDataCache: FDerivedDataBackendGraph:  EnterprisePak pak cache file ../../../Enterprise/DerivedDataCache/Compressed.ddp not found, will not use a pak cache.
[2019.02.21-05.02.45:082][  0]LogDerivedDataCache: Unable to find inner node EnterprisePak for hierarchical cache Hierarchy.
[2019.02.21-05.02.45:094][  0]LogDerivedDataCache: Using Local data cache path C:/Users/gosus/AppData/Local/UnrealEngine/Common/DerivedDataCache: Writable
[2019.02.21-05.02.45:094][  0]LogDerivedDataCache: Shared data cache path not found in *engine.ini, will not use an Shared cache.
[2019.02.21-05.02.45:094][  0]LogDerivedDataCache: Unable to find inner node Shared for hierarchical cache Hierarchy.
[2019.02.21-05.02.45:111][  0]LogMaterial: Verifying Global Shaders for PCD3D_SM5
[2019.02.21-05.02.45:113][  0]LogSlate: Using FreeType 2.6.0
[2019.02.21-05.02.45:113][  0]LogSlate: SlateFontServices - WITH_FREETYPE: 1, WITH_HARFBUZZ: 1
[2019.02.21-05.02.45:184][  0]LogAssetRegistry: FAssetRegistry took 0.0318 seconds to start up
[2019.02.21-05.02.45:457][  0]LogInit: Selected Device Profile: [Windows]
[2019.02.21-05.02.45:611][  0]LogSimplygon: Simplygon DLL not present - disabling.
[2019.02.21-05.02.45:625][  0]LogMeshReduction: Using SimplygonSwarm for distributed automatic mesh merging
[2019.02.21-05.02.45:625][  0]LogMeshReduction: Using ProxyLODMeshReduction for automatic mesh merging
[2019.02.21-05.02.45:625][  0]LogMeshReduction: Using QuadricMeshReduction for automatic static mesh reduction
[2019.02.21-05.02.45:625][  0]LogMeshReduction: No automatic skeletal mesh reduction module available
[2019.02.21-05.02.45:636][  0]LogNetVersion: HSPGame 1.0.0, NetCL: 4541578, EngineNetVer: 5, GameNetVer: 0 (Checksum: 2893343623)
[2019.02.21-05.02.46:076][  0]LogPackageLocalizationCache: Processed 11 localized package path(s) for 2 prioritized culture(s) in 0.082448 seconds
[2019.02.21-05.02.46:080][  0]LogUObjectArray: 39775 objects as part of root set at end of initial load.
[2019.02.21-05.02.46:080][  0]LogUObjectAllocator: 6914656 out of 0 bytes used by permanent object pool.
[2019.02.21-05.02.46:080][  0]LogUObjectArray: CloseDisregardForGC: 0/0 objects in disregard for GC pool
[2019.02.21-05.02.46:951][  0]LogTcpMessaging: Initializing TcpMessaging bridge
[2019.02.21-05.02.46:970][  0]LogUdpMessaging: Initializing bridge on interface 0.0.0.0:0 to multicast group 230.0.0.1:6666.
[2019.02.21-05.02.47:597][  0]SourceControl: Source control is disabled
[2019.02.21-05.02.47:597][  0]SourceControl: Source control is disabled
[2019.02.21-05.02.47:608][  0]SourceControl: Source control is disabled
[2019.02.21-05.02.47:612][  0]SourceControl: Source control is disabled
[2019.02.21-05.02.47:929][  0]LogAndroidPermission: UAndroidPermissionCallbackProxy::GetInstance
[2019.02.21-05.02.48:126][  0]LogOcInput: OculusInput pre-init called
[2019.02.21-05.02.48:271][  0]LogEngine: Initializing Engine...
[2019.02.21-05.02.48:272][  0]LogHMD: Failed to initialize OpenVR with code 110
[2019.02.21-05.02.48:273][  0]LogStats: UGameplayTagsManager::ConstructGameplayTagTree: ImportINI prefixes -  0.000 s
[2019.02.21-05.02.48:273][  0]LogStats: UGameplayTagsManager::ConstructGameplayTagTree: Construct from data asset -  0.000 s
[2019.02.21-05.02.48:274][  0]LogStats: UGameplayTagsManager::ConstructGameplayTagTree: ImportINI -  0.000 s
[2019.02.21-05.02.48:274][  0]LogStats: UGameplayTagsManager::ConstructGameplayTagTree: GameplayTagTreeChangedEvent.Broadcast -  0.000 s
[2019.02.21-05.02.48:446][  0]LogInit: Initializing FReadOnlyCVARCache
[2019.02.21-05.02.48:458][  0]LogAIModule: Creating AISystem for world Untitled
[2019.02.21-05.02.48:542][  0]LogInit: XAudio2 using 'Speakers (Realtek(R) Audio)' : 2 channels at 48 kHz using 32 bits per sample (channel mask 0x3)
[2019.02.21-05.02.48:575][  0]LogInit: FAudioDevice initialized.
[2019.02.21-05.02.48:575][  0]LogNetVersion: Set ProjectVersion to 1.0.0.0. Version Checksum will be recalculated on next use.
[2019.02.21-05.02.48:616][  0]LogDerivedDataCache: Saved boot cache 0.04s 71MB C:/Users/gosus/AppData/Local/UnrealEngine/4.21/DerivedDataCache/Boot.ddc.
[2019.02.21-05.02.48:619][  0]LogInit: Texture streaming: Enabled
[2019.02.21-05.02.48:646][  0]LogEngineSessionManager: EngineSessionManager initialized
[2019.02.21-05.02.48:656][  0]LogInit: Transaction tracking system initialized
[2019.02.21-05.02.48:694][  0]BlueprintLog: New page: Editor Load
[2019.02.21-05.02.48:838][  0]LocalizationService: Localization service is disabled
[2019.02.21-05.02.49:306][  0]LogFileCache: Scanning file cache for directory 'C:/Users/gosus/Documents/CP-School/SeniorProject/gitRepos/Senior-Project-CPP-Testground/Content/' took 0.02s
[2019.02.21-05.02.49:306][  0]LogCook: Display: Max memory allowance for cook 16384mb min free memory 0mb
[2019.02.21-05.02.49:306][  0]LogCook: Display: Mobile HDR setting 1
[2019.02.21-05.02.49:306][  0]LogGameplayTags: Display: UGameplayTagsManager::DoneAddingNativeTags. DelegateIsBound: 0
[2019.02.21-05.02.49:306][  0]LogStats: UGameplayTagsManager::ConstructGameplayTagTree: ImportINI prefixes -  0.000 s
[2019.02.21-05.02.49:306][  0]LogStats: UGameplayTagsManager::ConstructGameplayTagTree: Construct from data asset -  0.000 s
[2019.02.21-05.02.49:306][  0]LogStats: UGameplayTagsManager::ConstructGameplayTagTree: ImportINI -  0.000 s
[2019.02.21-05.02.49:306][  0]LogStats: UGameplayTagsManager::ConstructGameplayTagTree: GameplayTagTreeChangedEvent.Broadcast -  0.000 s
[2019.02.21-05.02.49:536][  0]SourceControl: Source control is disabled
[2019.02.21-05.02.49:536][  0]Cmd: MAP LOAD FILE="C:/Users/gosus/Documents/CP-School/SeniorProject/gitRepos/Senior-Project-CPP-Testground/Content/StarterContent/Maps/Minimal_Default.umap" TEMPLATE=0 SHOWPROGRESS=1 FEATURELEVEL=3
[2019.02.21-05.02.49:537][  0]LightingResults: New page: Lighting Build
[2019.02.21-05.02.49:538][  0]MapCheck: New page: Map Check
[2019.02.21-05.02.49:539][  0]LightingResults: New page: Lighting Build
[2019.02.21-05.02.49:979][  0]LogAIModule: Creating AISystem for world Minimal_Default
[2019.02.21-05.02.50:062][  0]LogEditorServer: Finished looking for orphan Actors (0.000 secs)
[2019.02.21-05.02.50:090][  0]Cmd: MAP CHECKDEP NOCLEARLOG
[2019.02.21-05.02.50:090][  0]MapCheck: Map check complete: 0 Error(s), 0 Warning(s), took 0.129ms to complete.
[2019.02.21-05.02.50:090][  0]LogFileHelpers: Loading map 'Minimal_Default' took 0.555
[2019.02.21-05.02.50:191][  0]LogSlate: Updating window title bar state: overlay mode, drag disabled, window buttons hidden, title bar hidden
[2019.02.21-05.02.50:197][  0]LogSlate: Updating window title bar state: overlay mode, drag disabled, window buttons hidden, title bar hidden
[2019.02.21-05.02.50:204][  0]LogSlate: Updating window title bar state: overlay mode, drag disabled, window buttons hidden, title bar hidden
[2019.02.21-05.02.50:210][  0]LogSlate: Updating window title bar state: overlay mode, drag disabled, window buttons hidden, title bar hidden
[2019.02.21-05.02.50:218][  0]LogCollectionManager: Loaded 0 collections in 0.001149 seconds
[2019.02.21-05.02.50:234][  0]LogFileCache: Scanning file cache for directory 'C:/Users/gosus/Documents/CP-School/SeniorProject/gitRepos/Senior-Project-CPP-Testground/Saved/Collections/' took 0.01s
[2019.02.21-05.02.50:235][  0]LogFileCache: Scanning file cache for directory 'C:/Users/gosus/Documents/CP-School/SeniorProject/gitRepos/Senior-Project-CPP-Testground/Content/Developers/gosus/Collections/' took 0.00s
[2019.02.21-05.02.50:235][  0]LogFileCache: Scanning file cache for directory 'C:/Users/gosus/Documents/CP-School/SeniorProject/gitRepos/Senior-Project-CPP-Testground/Content/Collections/' took 0.00s
[2019.02.21-05.02.50:235][  0]LogCollectionManager: Rebuilt the GUID cache for 0 collections in 0.000001 seconds
[2019.02.21-05.02.50:241][  0]LogContentBrowser: Native class hierarchy populated in 0.0065 seconds. Added 2656 classes and 622 folders.
[2019.02.21-05.02.50:246][  0]LogContentBrowser: Native class hierarchy updated for 'WidgetCarousel' in 0.0003 seconds. Added 0 classes and 0 folders.
[2019.02.21-05.02.50:247][  0]LogPakFile: Registered encryption key '00000000000000000000000000000000': 0 pak files mounted, 0 remain pending
[2019.02.21-05.02.50:248][  0]LogPakFile: Registered encryption key '00000000000000000000000000000000': 0 pak files mounted, 0 remain pending
[2019.02.21-05.02.50:249][  0]LogPakFile: Registered encryption key '00000000000000000000000000000000': 0 pak files mounted, 0 remain pending
[2019.02.21-05.02.50:249][  0]LogPakFile: Registered encryption key '00000000000000000000000000000000': 0 pak files mounted, 0 remain pending
[2019.02.21-05.02.50:249][  0]LogPakFile: Registered encryption key '00000000000000000000000000000000': 0 pak files mounted, 0 remain pending
[2019.02.21-05.02.50:250][  0]LogPakFile: Registered encryption key '00000000000000000000000000000000': 0 pak files mounted, 0 remain pending
[2019.02.21-05.02.50:250][  0]LogPakFile: Registered encryption key '00000000000000000000000000000000': 0 pak files mounted, 0 remain pending
[2019.02.21-05.02.50:250][  0]LogPakFile: Registered encryption key '00000000000000000000000000000000': 0 pak files mounted, 0 remain pending
[2019.02.21-05.02.50:251][  0]LogPakFile: Registered encryption key '00000000000000000000000000000000': 0 pak files mounted, 0 remain pending
[2019.02.21-05.02.50:251][  0]LogPakFile: Registered encryption key '00000000000000000000000000000000': 0 pak files mounted, 0 remain pending
[2019.02.21-05.02.50:251][  0]LogPakFile: Registered encryption key '00000000000000000000000000000000': 0 pak files mounted, 0 remain pending
[2019.02.21-05.02.50:252][  0]LogPakFile: Registered encryption key '00000000000000000000000000000000': 0 pak files mounted, 0 remain pending
[2019.02.21-05.02.50:252][  0]LogPakFile: Registered encryption key '00000000000000000000000000000000': 0 pak files mounted, 0 remain pending
[2019.02.21-05.02.50:253][  0]LogPakFile: Registered encryption key '00000000000000000000000000000000': 0 pak files mounted, 0 remain pending
[2019.02.21-05.02.50:253][  0]LogPakFile: Registered encryption key '00000000000000000000000000000000': 0 pak files mounted, 0 remain pending
[2019.02.21-05.02.50:253][  0]LogPakFile: Registered encryption key '00000000000000000000000000000000': 0 pak files mounted, 0 remain pending
[2019.02.21-05.02.50:254][  0]LogPakFile: Registered encryption key '00000000000000000000000000000000': 0 pak files mounted, 0 remain pending
[2019.02.21-05.02.50:254][  0]LogPakFile: Registered encryption key '00000000000000000000000000000000': 0 pak files mounted, 0 remain pending
[2019.02.21-05.02.50:255][  0]LogPakFile: Registered encryption key '00000000000000000000000000000000': 0 pak files mounted, 0 remain pending
[2019.02.21-05.02.50:255][  0]LogPakFile: Registered encryption key '00000000000000000000000000000000': 0 pak files mounted, 0 remain pending
[2019.02.21-05.02.50:255][  0]LogPakFile: Registered encryption key '00000000000000000000000000000000': 0 pak files mounted, 0 remain pending
[2019.02.21-05.02.50:256][  0]LogPakFile: Registered encryption key '00000000000000000000000000000000': 0 pak files mounted, 0 remain pending
[2019.02.21-05.02.50:256][  0]LogPakFile: Registered encryption key '00000000000000000000000000000000': 0 pak files mounted, 0 remain pending
[2019.02.21-05.02.50:257][  0]LogPakFile: Registered encryption key '00000000000000000000000000000000': 0 pak files mounted, 0 remain pending
[2019.02.21-05.02.50:257][  0]LogPakFile: Registered encryption key '00000000000000000000000000000000': 0 pak files mounted, 0 remain pending
[2019.02.21-05.02.50:257][  0]LogPakFile: Registered encryption key '00000000000000000000000000000000': 0 pak files mounted, 0 remain pending
[2019.02.21-05.02.50:276][  0]LogContentBrowser: Native class hierarchy updated for 'AddContentDialog' in 0.0003 seconds. Added 0 classes and 0 folders.
[2019.02.21-05.02.50:285][  0]LogContentBrowser: Native class hierarchy updated for 'SceneOutliner' in 0.0004 seconds. Added 1 classes and 2 folders.
[2019.02.21-05.02.50:298][  0]LogSlate: Took 0.000115 seconds to synchronously load lazily loaded font '../../../Engine/Content/Slate/Fonts/Roboto-Regular.ttf' (155K)
[2019.02.21-05.02.50:299][  0]LogSlate: Took 0.000129 seconds to synchronously load lazily loaded font '../../../Engine/Content/Slate/Fonts/Roboto-Bold.ttf' (160K)
[2019.02.21-05.02.50:304][  0]LogSlate: Took 0.000189 seconds to synchronously load lazily loaded font '../../../Engine/Content/Editor/Slate/Fonts/FontAwesome.ttf' (139K)
[2019.02.21-05.02.50:364][  0]LogRenderer: Reallocating scene render targets to support 1776x772 Format 10 NumSamples 1 (Frame:1).
[2019.02.21-05.02.50:577][  0]LogContentBrowser: Native class hierarchy updated for 'HierarchicalLODOutliner' in 0.0003 seconds. Added 0 classes and 0 folders.
[2019.02.21-05.02.50:577][  0]LogLoad: (Engine Initialization) Total time: 9.32 seconds
[2019.02.21-05.02.50:578][  0]LogLoad: (Engine Initialization) Total Blueprint compile time: 0.00 seconds
[2019.02.21-05.02.50:643][  0]LogContentStreaming: Texture pool size now 1000 MB
[2019.02.21-05.02.50:685][  1]LogAssetRegistry: Asset discovery search completed in 5.5245 seconds
[2019.02.21-05.02.50:687][  1]LogCollectionManager: Rebuilt the object cache for 0 collections in 0.000000 seconds (found 0 objects)
[2019.02.21-05.02.50:687][  1]LogCollectionManager: Fixed up redirectors for 0 collections in 0.000118 seconds (updated 0 objects)
[2019.02.21-05.04.21:203][839]LogSlate: FSceneViewport::OnFocusLost() reason 0
[2019.02.21-05.04.21:260][846]LogTemp: Repeating last play command: Selected Viewport
[2019.02.21-05.04.21:276][846]LogBlueprintUserMessages: Early PlayInEditor Detection: Level '/Game/StarterContent/Maps/Minimal_Default.Minimal_Default:PersistentLevel' has LevelScriptBlueprint '/Game/StarterContent/Maps/Minimal_Default.Minimal_Default:PersistentLevel.Minimal_Default' with GeneratedClass '/Game/StarterContent/Maps/Minimal_Default.Minimal_Default_C' with ClassGeneratedBy '/Game/StarterContent/Maps/Minimal_Default.Minimal_Default:PersistentLevel.Minimal_Default'
[2019.02.21-05.04.21:277][846]LogPlayLevel: PlayLevel: No blueprints needed recompiling
[2019.02.21-05.04.21:277][846]PIE: New page: PIE session: Minimal_Default (Feb 20, 2019, 1:04:21 PM)
[2019.02.21-05.04.21:291][846]LogPlayLevel: Creating play world package: /Game/StarterContent/Maps/UEDPIE_0_Minimal_Default
[2019.02.21-05.04.21:376][846]LogPlayLevel: PIE: StaticDuplicateObject took: (0.084584s)
[2019.02.21-05.04.21:377][846]LogAIModule: Creating AISystem for world Minimal_Default
[2019.02.21-05.04.21:377][846]LogPlayLevel: PIE: World Init took: (0.000666s)
[2019.02.21-05.04.21:377][846]LogPlayLevel: PIE: Created PIE world by copying editor world from /Game/StarterContent/Maps/Minimal_Default.Minimal_Default to /Game/StarterContent/Maps/UEDPIE_0_Minimal_Default.Minimal_Default (0.085753s)
[2019.02.21-05.04.21:440][846]LogInit: XAudio2 using 'Speakers (Realtek(R) Audio)' : 2 channels at 48 kHz using 32 bits per sample (channel mask 0x3)
[2019.02.21-05.04.21:456][846]LogInit: FAudioDevice initialized.
[2019.02.21-05.04.21:507][846]LogLoad: Game class is 'BP_HSPGameGameModeBase_C'
[2019.02.21-05.04.21:515][846]LogWorld: Bringing World /Game/StarterContent/Maps/UEDPIE_0_Minimal_Default.Minimal_Default up for play (max tick rate 0) at 2019.02.20-21.04.21
[2019.02.21-05.04.21:516][846]LogWorld: Bringing up level for play took: 0.007524
[2019.02.21-05.04.21:533][846]LogContentBrowser: Native class hierarchy updated for 'MovieSceneCapture' in 0.0004 seconds. Added 20 classes and 0 folders.
[2019.02.21-05.04.21:536][846]PIE: Play in editor start time for /Game/StarterContent/Maps/UEDPIE_0_Minimal_Default -0.442
[2019.02.21-05.04.21:536][846]LogBlueprintUserMessages: Late PlayInEditor Detection: Level '/Game/StarterContent/Maps/Minimal_Default.Minimal_Default:PersistentLevel' has LevelScriptBlueprint '/Game/StarterContent/Maps/Minimal_Default.Minimal_Default:PersistentLevel.Minimal_Default' with GeneratedClass '/Game/StarterContent/Maps/Minimal_Default.Minimal_Default_C' with ClassGeneratedBy '/Game/StarterContent/Maps/Minimal_Default.Minimal_Default:PersistentLevel.Minimal_Default'
[2019.02.21-05.04.30:172][876]LogBlueprintUserMessages: Early EndPlayMap Detection: Level '/Game/StarterContent/Maps/Minimal_Default.Minimal_Default:PersistentLevel' has LevelScriptBlueprint '/Game/StarterContent/Maps/Minimal_Default.Minimal_Default:PersistentLevel.Minimal_Default' with GeneratedClass '/Game/StarterContent/Maps/Minimal_Default.Minimal_Default_C' with ClassGeneratedBy '/Game/StarterContent/Maps/Minimal_Default.Minimal_Default:PersistentLevel.Minimal_Default'
[2019.02.21-05.04.30:173][876]LogSlate: Updating window title bar state: overlay mode, drag disabled, window buttons hidden, title bar hidden
[2019.02.21-05.04.30:213][876]LogPlayLevel: Display: Shutting down PIE online subsystems
[2019.02.21-05.04.30:213][876]LogBlueprintUserMessages: Late EndPlayMap Detection: Level '/Game/StarterContent/Maps/Minimal_Default.Minimal_Default:PersistentLevel' has LevelScriptBlueprint '/Game/StarterContent/Maps/Minimal_Default.Minimal_Default:PersistentLevel.Minimal_Default' with GeneratedClass '/Game/StarterContent/Maps/Minimal_Default.Minimal_Default_C' with ClassGeneratedBy '/Game/StarterContent/Maps/Minimal_Default.Minimal_Default:PersistentLevel.Minimal_Default'
[2019.02.21-05.04.30:247][876]LogSlate: Updating window title bar state: overlay mode, drag disabled, window buttons hidden, title bar hidden
[2019.02.21-05.04.30:292][878]LogPlayLevel: Display: Destroying online subsystem :Context_1
[2019.02.21-05.04.52:468][884]LogSlate: FSceneViewport::OnFocusLost() reason 0
[2019.02.21-05.05.06:443][517]LogSlate: Took 0.000232 seconds to synchronously load lazily loaded font '../../../Engine/Content/Slate/Fonts/Roboto-Light.ttf' (167K)
[2019.02.21-05.05.06:460][517]LogAssetEditorManager: Opening Asset editor for Blueprint /Game/Blueprints/BP_ProtagClass.BP_ProtagClass
[2019.02.21-05.05.06:817][517]LogContentBrowser: Native class hierarchy updated for 'BlueprintGraph' in 0.0005 seconds. Added 117 classes and 0 folders.
[2019.02.21-05.05.07:500][517]LogSlate: Took 0.000156 seconds to synchronously load lazily loaded font '../../../Engine/Content/Slate/Fonts/Roboto-BoldCondensed.ttf' (158K)
[2019.02.21-05.05.07:558][518]LogSlate: Took 0.000166 seconds to synchronously load lazily loaded font '../../../Engine/Content/Slate/Fonts/Roboto-Italic.ttf' (157K)
[2019.02.21-05.05.08:815][656]LogRenderer: Reallocating scene render targets to support 1776x1024 Format 10 NumSamples 1 (Frame:1).
[2019.02.21-05.05.20:754][984]BlueprintLog: New page: Compile BP_ProtagClass
[2019.02.21-05.05.21:218][ 10]LogSavePackage: Moving 'C:/Users/gosus/Documents/CP-School/SeniorProject/gitRepos/Senior-Project-CPP-Testground/Saved/BP_ProtagClass64E193874C2A82A70353C8B005AF0033.tmp' to 'C:/Users/gosus/Documents/CP-School/SeniorProject/gitRepos/Senior-Project-CPP-Testground/Content/Blueprints/BP_ProtagClass.uasset'
[2019.02.21-05.05.23:048][218]LogTemp: Repeating last play command: Selected Viewport
[2019.02.21-05.05.23:067][218]LogBlueprintUserMessages: Early PlayInEditor Detection: Level '/Game/StarterContent/Maps/Minimal_Default.Minimal_Default:PersistentLevel' has LevelScriptBlueprint '/Game/StarterContent/Maps/Minimal_Default.Minimal_Default:PersistentLevel.Minimal_Default' with GeneratedClass '/Game/StarterContent/Maps/Minimal_Default.Minimal_Default_C' with ClassGeneratedBy '/Game/StarterContent/Maps/Minimal_Default.Minimal_Default:PersistentLevel.Minimal_Default'
[2019.02.21-05.05.23:067][218]LogPlayLevel: PlayLevel: No blueprints needed recompiling
[2019.02.21-05.05.23:067][218]PIE: New page: PIE session: Minimal_Default (Feb 20, 2019, 1:05:23 PM)
[2019.02.21-05.05.23:067][218]LogPlayLevel: Creating play world package: /Game/StarterContent/Maps/UEDPIE_0_Minimal_Default
[2019.02.21-05.05.23:103][218]LogPlayLevel: PIE: StaticDuplicateObject took: (0.035376s)
[2019.02.21-05.05.23:103][218]LogAIModule: Creating AISystem for world Minimal_Default
[2019.02.21-05.05.23:104][218]LogPlayLevel: PIE: World Init took: (0.000916s)
[2019.02.21-05.05.23:104][218]LogPlayLevel: PIE: Created PIE world by copying editor world from /Game/StarterContent/Maps/Minimal_Default.Minimal_Default to /Game/StarterContent/Maps/UEDPIE_0_Minimal_Default.Minimal_Default (0.036636s)
[2019.02.21-05.05.23:174][218]LogInit: XAudio2 using 'Speakers (Realtek(R) Audio)' : 2 channels at 48 kHz using 32 bits per sample (channel mask 0x3)
[2019.02.21-05.05.23:190][218]LogInit: FAudioDevice initialized.
[2019.02.21-05.05.23:231][218]LogLoad: Game class is 'BP_HSPGameGameModeBase_C'
[2019.02.21-05.05.23:244][218]LogWorld: Bringing World /Game/StarterContent/Maps/UEDPIE_0_Minimal_Default.Minimal_Default up for play (max tick rate 0) at 2019.02.20-21.05.23
[2019.02.21-05.05.23:246][218]LogWorld: Bringing up level for play took: 0.013946
[2019.02.21-05.05.23:264][218]PIE: Play in editor start time for /Game/StarterContent/Maps/UEDPIE_0_Minimal_Default -0.714
[2019.02.21-05.05.23:264][218]LogBlueprintUserMessages: Late PlayInEditor Detection: Level '/Game/StarterContent/Maps/Minimal_Default.Minimal_Default:PersistentLevel' has LevelScriptBlueprint '/Game/StarterContent/Maps/Minimal_Default.Minimal_Default:PersistentLevel.Minimal_Default' with GeneratedClass '/Game/StarterContent/Maps/Minimal_Default.Minimal_Default_C' with ClassGeneratedBy '/Game/StarterContent/Maps/Minimal_Default.Minimal_Default:PersistentLevel.Minimal_Default'
[2019.02.21-05.05.28:985][901]LogSlate: FSceneViewport::OnFocusLost() reason 0
[2019.02.21-05.05.29:045][908]LogBlueprintUserMessages: Early EndPlayMap Detection: Level '/Game/StarterContent/Maps/Minimal_Default.Minimal_Default:PersistentLevel' has LevelScriptBlueprint '/Game/StarterContent/Maps/Minimal_Default.Minimal_Default:PersistentLevel.Minimal_Default' with GeneratedClass '/Game/StarterContent/Maps/Minimal_Default.Minimal_Default_C' with ClassGeneratedBy '/Game/StarterContent/Maps/Minimal_Default.Minimal_Default:PersistentLevel.Minimal_Default'
[2019.02.21-05.05.29:045][908]LogSlate: Updating window title bar state: overlay mode, drag disabled, window buttons hidden, title bar hidden
[2019.02.21-05.05.29:086][908]LogPlayLevel: Display: Shutting down PIE online subsystems
[2019.02.21-05.05.29:087][908]LogBlueprintUserMessages: Late EndPlayMap Detection: Level '/Game/StarterContent/Maps/Minimal_Default.Minimal_Default:PersistentLevel' has LevelScriptBlueprint '/Game/StarterContent/Maps/Minimal_Default.Minimal_Default:PersistentLevel.Minimal_Default' with GeneratedClass '/Game/StarterContent/Maps/Minimal_Default.Minimal_Default_C' with ClassGeneratedBy '/Game/StarterContent/Maps/Minimal_Default.Minimal_Default:PersistentLevel.Minimal_Default'
[2019.02.21-05.05.29:110][908]LogSlate: Updating window title bar state: overlay mode, drag disabled, window buttons hidden, title bar hidden
[2019.02.21-05.05.29:156][910]LogPlayLevel: Display: Destroying online subsystem :Context_4
[2019.02.21-05.05.50:019][ 90]LogSlate: Window 'BP_ProtagClass' being destroyed
[2019.02.21-05.05.52:038][330]Candidate modules for hot reload:
[2019.02.21-05.05.52:038][330]  HSPGame
[2019.02.21-05.05.52:038][330]Launching UnrealBuildTool... [G:/Games/Epic/Games/UE_4.21/Engine/Binaries/DotNET/UnrealBuildTool.exe  -ModuleWithSuffix=HSPGame,1267 Win64 Development -TargetType=Editor -Project="C:/Users/gosus/Documents/CP-School/SeniorProject/gitRepos/Senior-Project-CPP-Testground/HSPGame.uproject" -canskiplink "C:/Users/gosus/Documents/CP-School/SeniorProject/gitRepos/Senior-Project-CPP-Testground/HSPGame.uproject" ]
[2019.02.21-05.05.52:040][330]Warning: Starting HotReload took  0.0s.
[2019.02.21-05.05.58:399][ 93]CompilerResultsLog: New page: Compilation - Feb 20, 2019, 1:05:58 PM
[2019.02.21-05.05.58:400][ 93]CompilerResultsLog: Using 'git status' to determine working set for adaptive non-unity build (C:\Users\gosus\Documents\CP-School\SeniorProject\gitRepos\Senior-Project-CPP-Testground).
[2019.02.21-05.05.58:400][ 93]CompilerResultsLog: Creating makefile for hot reloading HSPGameEditor (source directory changed)
[2019.02.21-05.05.58:400][ 93]CompilerResultsLog: Compiling game modules for hot reload
[2019.02.21-05.05.58:400][ 93]CompilerResultsLog: Using Visual Studio 2017 14.16.27023 toolchain (C:\Program Files (x86)\Microsoft Visual Studio\2017\Community\VC\Tools\MSVC\14.16.27023) and Windows 10.0.17763.0 SDK (C:\Program Files (x86)\Windows Kits\10).
[2019.02.21-05.05.58:400][ 93]CompilerResultsLog: Building 3 actions with 8 processes...
[2019.02.21-05.05.58:400][ 93]CompilerResultsLog:   [1/3] ProtagClass.cpp
[2019.02.21-05.05.58:400][ 93]CompilerResultsLog:   [2/3] UE4Editor-HSPGame-1267.lib
[2019.02.21-05.05.58:400][ 93]CompilerResultsLog:      Creating library C:\Users\gosus\Documents\CP-School\SeniorProject\gitRepos\Senior-Project-CPP-Testground\Intermediate\Build\Win64\UE4Editor\Development\HSPGame\UE4Editor-HSPGame-1267.lib and object C:\Users\gosus\Documents\CP-School\SeniorProject\gitRepos\Senior-Project-CPP-Testground\Intermediate\Build\Win64\UE4Editor\Development\HSPGame\UE4Editor-HSPGame-1267.exp
[2019.02.21-05.05.58:400][ 93]CompilerResultsLog:   [3/3] UE4Editor-HSPGame-1267.dll
[2019.02.21-05.05.58:400][ 93]CompilerResultsLog:      Creating library C:\Users\gosus\Documents\CP-School\SeniorProject\gitRepos\Senior-Project-CPP-Testground\Intermediate\Build\Win64\UE4Editor\Development\HSPGame\UE4Editor-HSPGame-1267.suppressed.lib and object C:\Users\gosus\Documents\CP-School\SeniorProject\gitRepos\Senior-Project-CPP-Testground\Intermediate\Build\Win64\UE4Editor\Development\HSPGame\UE4Editor-HSPGame-1267.suppressed.exp
[2019.02.21-05.05.58:400][ 93]CompilerResultsLog: Total build time: 6.15 seconds (Parallel executor: 2.11 seconds)
[2019.02.21-05.05.58:401][ 93]LogMainFrame: MainFrame: Module compiling took 6.365 seconds
[2019.02.21-05.05.58:465][ 93]LogContentBrowser: Native class hierarchy updated for 'HSPGame' in 0.0003 seconds. Added 5 classes and 2 folders.
[2019.02.21-05.05.58:468][ 93]Display: HotReload successful (4 functions remapped  0 scriptstructs remapped)
[2019.02.21-05.05.58:817][ 93]LogContentBrowser: Native class hierarchy populated in 0.0062 seconds. Added 2657 classes and 624 folders.
[2019.02.21-05.05.58:817][ 93]Display: HotReload took  6.8s.
[2019.02.21-05.06.00:611][308]LogTemp: Repeating last play command: Selected Viewport
[2019.02.21-05.06.00:628][308]LogBlueprintUserMessages: Early PlayInEditor Detection: Level '/Game/StarterContent/Maps/Minimal_Default.Minimal_Default:PersistentLevel' has LevelScriptBlueprint '/Game/StarterContent/Maps/Minimal_Default.Minimal_Default:PersistentLevel.Minimal_Default' with GeneratedClass '/Game/StarterContent/Maps/Minimal_Default.Minimal_Default_C' with ClassGeneratedBy '/Game/StarterContent/Maps/Minimal_Default.Minimal_Default:PersistentLevel.Minimal_Default'
[2019.02.21-05.06.00:628][308]LogPlayLevel: PlayLevel: No blueprints needed recompiling
[2019.02.21-05.06.00:628][308]PIE: New page: PIE session: Minimal_Default (Feb 20, 2019, 1:06:00 PM)
[2019.02.21-05.06.00:628][308]LogPlayLevel: Creating play world package: /Game/StarterContent/Maps/UEDPIE_0_Minimal_Default
[2019.02.21-05.06.00:670][308]LogPlayLevel: PIE: StaticDuplicateObject took: (0.040796s)
[2019.02.21-05.06.00:670][308]LogAIModule: Creating AISystem for world Minimal_Default
[2019.02.21-05.06.00:671][308]LogPlayLevel: PIE: World Init took: (0.000782s)
[2019.02.21-05.06.00:671][308]LogPlayLevel: PIE: Created PIE world by copying editor world from /Game/StarterContent/Maps/Minimal_Default.Minimal_Default to /Game/StarterContent/Maps/UEDPIE_0_Minimal_Default.Minimal_Default (0.041974s)
[2019.02.21-05.06.00:755][308]LogInit: XAudio2 using 'Speakers (Realtek(R) Audio)' : 2 channels at 48 kHz using 32 bits per sample (channel mask 0x3)
[2019.02.21-05.06.00:773][308]LogInit: FAudioDevice initialized.
[2019.02.21-05.06.00:805][308]LogLoad: Game class is 'BP_HSPGameGameModeBase_C'
[2019.02.21-05.06.00:811][308]LogWorld: Bringing World /Game/StarterContent/Maps/UEDPIE_0_Minimal_Default.Minimal_Default up for play (max tick rate 0) at 2019.02.20-21.06.00
[2019.02.21-05.06.00:812][308]LogWorld: Bringing up level for play took: 0.006944
[2019.02.21-05.06.00:828][308]PIE: Play in editor start time for /Game/StarterContent/Maps/UEDPIE_0_Minimal_Default 0.851
[2019.02.21-05.06.00:828][308]LogBlueprintUserMessages: Late PlayInEditor Detection: Level '/Game/StarterContent/Maps/Minimal_Default.Minimal_Default:PersistentLevel' has LevelScriptBlueprint '/Game/StarterContent/Maps/Minimal_Default.Minimal_Default:PersistentLevel.Minimal_Default' with GeneratedClass '/Game/StarterContent/Maps/Minimal_Default.Minimal_Default_C' with ClassGeneratedBy '/Game/StarterContent/Maps/Minimal_Default.Minimal_Default:PersistentLevel.Minimal_Default'
[2019.02.21-05.06.41:900][225]LogSlate: FSceneViewport::OnFocusLost() reason 0
[2019.02.21-05.06.41:943][230]LogBlueprintUserMessages: Early EndPlayMap Detection: Level '/Game/StarterContent/Maps/Minimal_Default.Minimal_Default:PersistentLevel' has LevelScriptBlueprint '/Game/StarterContent/Maps/Minimal_Default.Minimal_Default:PersistentLevel.Minimal_Default' with GeneratedClass '/Game/StarterContent/Maps/Minimal_Default.Minimal_Default_C' with ClassGeneratedBy '/Game/StarterContent/Maps/Minimal_Default.Minimal_Default:PersistentLevel.Minimal_Default'
[2019.02.21-05.06.41:944][230]LogSlate: Updating window title bar state: overlay mode, drag disabled, window buttons hidden, title bar hidden
[2019.02.21-05.06.41:991][230]LogPlayLevel: Display: Shutting down PIE online subsystems
[2019.02.21-05.06.41:991][230]LogBlueprintUserMessages: Late EndPlayMap Detection: Level '/Game/StarterContent/Maps/Minimal_Default.Minimal_Default:PersistentLevel' has LevelScriptBlueprint '/Game/StarterContent/Maps/Minimal_Default.Minimal_Default:PersistentLevel.Minimal_Default' with GeneratedClass '/Game/StarterContent/Maps/Minimal_Default.Minimal_Default_C' with ClassGeneratedBy '/Game/StarterContent/Maps/Minimal_Default.Minimal_Default:PersistentLevel.Minimal_Default'
[2019.02.21-05.06.42:020][230]LogSlate: Updating window title bar state: overlay mode, drag disabled, window buttons hidden, title bar hidden
[2019.02.21-05.06.42:050][232]LogPlayLevel: Display: Destroying online subsystem :Context_5
[2019.02.21-05.06.47:012][719]LogSavePackage: Moving 'C:/Users/gosus/Documents/CP-School/SeniorProject/gitRepos/Senior-Project-CPP-Testground/Saved/Minimal_Default3D6C4503402BDCAC620C478A4D02B08C.tmp' to 'C:/Users/gosus/Documents/CP-School/SeniorProject/gitRepos/Senior-Project-CPP-Testground/Content/StarterContent/Maps/Minimal_Default.umap'
[2019.02.21-05.06.47:041][719]LogFileHelpers: Saving map 'Minimal_Default' took 0.659
[2019.02.21-05.06.47:994][804]LogSlate: Window 'HSPGame - Unreal Editor' being destroyed
[2019.02.21-05.06.47:995][804]LogWindowsTextInputMethodSystem: Display: IME system now deactivated.
[2019.02.21-05.06.48:192][805]Cmd: QUIT_EDITOR
[2019.02.21-05.06.48:631][805]LogExit: Preparing to exit.
[2019.02.21-05.06.49:064][805]LogExit: Editor shut down
[2019.02.21-05.06.49:064][805]LogExit: Transaction tracking system shut down
[2019.02.21-05.06.49:299][805]LogExit: Object subsystem successfully closed.
[2019.02.21-05.06.49:342][805]LogShaderCompilers: Display: Shaders left to compile 0
[2019.02.21-05.06.49:346][805]LogD3D11RHI: Shutdown
[2019.02.21-05.06.49:346][805]LogD3D11RHI: CleanupD3DDevice
[2019.02.21-05.06.49:349][805]LogD3D11RHI: ~FD3D11DynamicRHI
[2019.02.21-05.06.49:360][805]LogModuleManager: Shutting down and abandoning module HSPGame (631)
[2019.02.21-05.06.49:360][805]LogModuleManager: Shutting down and abandoning module BlueprintGraph (630)
[2019.02.21-05.06.49:360][805]LogModuleManager: Shutting down and abandoning module MovieSceneCapture (628)
[2019.02.21-05.06.49:360][805]LogModuleManager: Shutting down and abandoning module Voice (626)
[2019.02.21-05.06.49:361][805]LogModuleManager: Shutting down and abandoning module HierarchicalLODOutliner (624)
[2019.02.21-05.06.49:361][805]LogModuleManager: Shutting down and abandoning module SceneOutliner (622)
[2019.02.21-05.06.49:361][805]LogModuleManager: Shutting down and abandoning module AddContentDialog (620)
[2019.02.21-05.06.49:361][805]LogModuleManager: Shutting down and abandoning module WidgetCarousel (619)
[2019.02.21-05.06.49:361][805]LogModuleManager: Shutting down and abandoning module EditorWidgets (616)
[2019.02.21-05.06.49:361][805]LogModuleManager: Shutting down and abandoning module CollectionManager (614)
[2019.02.21-05.06.49:362][805]LogModuleManager: Shutting down and abandoning module StatsViewer (612)
[2019.02.21-05.06.49:362][805]LogModuleManager: Shutting down and abandoning module FoliageEdit (610)
[2019.02.21-05.06.49:362][805]LogModuleManager: Shutting down and abandoning module LandscapeEditor (608)
[2019.02.21-05.06.49:362][805]LogModuleManager: Shutting down and abandoning module MeshPaintMode (606)
[2019.02.21-05.06.49:362][805]LogModuleManager: Shutting down and abandoning module SceneDepthPickerMode (604)
[2019.02.21-05.06.49:363][805]LogModuleManager: Shutting down and abandoning module ActorPickerMode (602)
[2019.02.21-05.06.49:363][805]LogModuleManager: Shutting down and abandoning module GeometryMode (600)
[2019.02.21-05.06.49:363][805]LogModuleManager: Shutting down and abandoning module TextureAlignMode (598)
[2019.02.21-05.06.49:363][805]LogModuleManager: Shutting down and abandoning module BspMode (596)
[2019.02.21-05.06.49:363][805]LogModuleManager: Shutting down and abandoning module PIEPreviewDeviceProfileSelector (594)
[2019.02.21-05.06.49:363][805]LogModuleManager: Shutting down and abandoning module SequenceRecorderSections (592)
[2019.02.21-05.06.49:363][805]LogModuleManager: Shutting down and abandoning module AutomationWorker (590)
[2019.02.21-05.06.49:363][805]LogModuleManager: Shutting down and abandoning module AudioCaptureEditor (588)
[2019.02.21-05.06.49:363][805]LogModuleManager: Shutting down and abandoning module MatineeToLevelSequence (586)
[2019.02.21-05.06.49:363][805]LogModuleManager: Shutting down and abandoning module LevelSequenceEditor (584)
[2019.02.21-05.06.49:364][805]LogModuleManager: Shutting down and abandoning module PlacementMode (583)
[2019.02.21-05.06.49:364][805]LogModuleManager: Shutting down and abandoning module MaterialEditor (582)
[2019.02.21-05.06.49:364][805]LogModuleManager: Shutting down and abandoning module WmfMediaFactory (578)
[2019.02.21-05.06.49:364][805]LogModuleManager: Shutting down and abandoning module WmfMediaEditor (576)
[2019.02.21-05.06.49:364][805]LogModuleManager: Shutting down and abandoning module WebMMediaFactory (574)
[2019.02.21-05.06.49:364][805]LogModuleManager: Shutting down and abandoning module WebMMediaEditor (572)
[2019.02.21-05.06.49:364][805]LogModuleManager: Shutting down and abandoning module WebMMedia (570)
[2019.02.21-05.06.49:364][805]LogModuleManager: Shutting down and abandoning module MediaPlayerEditor (568)
[2019.02.21-05.06.49:364][805]LogModuleManager: Shutting down and abandoning module MediaCompositingEditor (566)
[2019.02.21-05.06.49:364][805]LogModuleManager: Shutting down and abandoning module SequenceRecorder (565)
[2019.02.21-05.06.49:365][805]LogModuleManager: Shutting down and abandoning module OpenExrWrapper (562)
[2019.02.21-05.06.49:365][805]LogModuleManager: Shutting down and abandoning module ImgMediaFactory (560)
[2019.02.21-05.06.49:365][805]LogModuleManager: Shutting down and abandoning module ImgMediaEditor (558)
[2019.02.21-05.06.49:365][805]LogModuleManager: Shutting down and abandoning module AvfMediaFactory (556)
[2019.02.21-05.06.49:365][805]LogModuleManager: Shutting down and abandoning module AvfMediaEditor (554)
[2019.02.21-05.06.49:365][805]LogModuleManager: Shutting down and abandoning module AndroidMediaFactory (552)
[2019.02.21-05.06.49:365][805]LogModuleManager: Shutting down and abandoning module AndroidMediaEditor (550)
[2019.02.21-05.06.49:365][805]LogModuleManager: Shutting down and abandoning module MagicLeapCameraPreviewFactory (548)
[2019.02.21-05.06.49:365][805]LogModuleManager: Shutting down and abandoning module MagicLeapMediaFactory (546)
[2019.02.21-05.06.49:365][805]LogModuleManager: Shutting down and abandoning module MagicLeapMediaEditor (544)
[2019.02.21-05.06.49:366][805]LogModuleManager: Shutting down and abandoning module CharacterAI (542)
[2019.02.21-05.06.49:366][805]LogModuleManager: Shutting down and abandoning module SmartSnapping (540)
[2019.02.21-05.06.49:366][805]LogModuleManager: Shutting down and abandoning module SessionServices (538)
[2019.02.21-05.06.49:366][805]LogModuleManager: Shutting down and abandoning module ViewportSnapping (536)
[2019.02.21-05.06.49:366][805]LogModuleManager: Shutting down and abandoning module ViewportInteraction (534)
[2019.02.21-05.06.49:366][805]LogModuleManager: Shutting down and abandoning module ClothPainter (532)
[2019.02.21-05.06.49:366][805]LogModuleManager: Shutting down and abandoning module SkeletalMeshEditor (531)
[2019.02.21-05.06.49:366][805]LogModuleManager: Shutting down and abandoning module LogVisualizer (528)
[2019.02.21-05.06.49:366][805]LogModuleManager: Shutting down and abandoning module IntroTutorials (526)
[2019.02.21-05.06.49:367][805]LogModuleManager: Shutting down and abandoning module GameProjectGeneration (525)
[2019.02.21-05.06.49:367][805]LogModuleManager: Shutting down and abandoning module LuminPlatformEditor (522)
[2019.02.21-05.06.49:367][805]LogModuleManager: Shutting down and abandoning module IOSPlatformEditor (520)
[2019.02.21-05.06.49:367][805]LogModuleManager: Shutting down and abandoning module HTML5PlatformEditor (518)
[2019.02.21-05.06.49:367][805]LogModuleManager: Shutting down and abandoning module AndroidPlatformEditor (516)
[2019.02.21-05.06.49:367][805]LogModuleManager: Shutting down and abandoning module AndroidDeviceDetection (515)
[2019.02.21-05.06.49:527][805]LogModuleManager: Shutting down and abandoning module WindowsPlatformEditor (512)
[2019.02.21-05.06.49:527][805]LogModuleManager: Shutting down and abandoning module LuminRuntimeSettings (510)
[2019.02.21-05.06.49:528][805]LogModuleManager: Shutting down and abandoning module IOSRuntimeSettings (508)
[2019.02.21-05.06.49:528][805]LogModuleManager: Shutting down and abandoning module AndroidRuntimeSettings (506)
[2019.02.21-05.06.49:528][805]LogModuleManager: Shutting down and abandoning module TimeManagementEditor (504)
[2019.02.21-05.06.49:529][805]LogModuleManager: Shutting down and abandoning module InputBindingEditor (502)
[2019.02.21-05.06.49:529][805]LogModuleManager: Shutting down and abandoning module MergeActors (500)
[2019.02.21-05.06.49:530][805]LogModuleManager: Shutting down and abandoning module LocalizationDashboard (498)
[2019.02.21-05.06.49:530][805]LogModuleManager: Shutting down and abandoning module LocalizationService (497)
[2019.02.21-05.06.49:531][805]LogModuleManager: Shutting down and abandoning module HardwareTargeting (494)
[2019.02.21-05.06.49:531][805]LogModuleManager: Shutting down and abandoning module DeviceProfileEditor (492)
[2019.02.21-05.06.49:532][805]LogModuleManager: Shutting down and abandoning module UndoHistory (490)
[2019.02.21-05.06.49:532][805]LogModuleManager: Shutting down and abandoning module XmlParser (488)
[2019.02.21-05.06.49:533][805]LogModuleManager: Shutting down and abandoning module Blutility (486)
[2019.02.21-05.06.49:533][805]LogModuleManager: Shutting down and abandoning module ProjectSettingsViewer (484)
[2019.02.21-05.06.49:533][805]LogModuleManager: Shutting down and abandoning module ProjectTargetPlatformEditor (483)
[2019.02.21-05.06.49:534][805]LogModuleManager: Shutting down and abandoning module EditorSettingsViewer (480)
[2019.02.21-05.06.49:534][805]LogModuleManager: Shutting down and abandoning module SettingsEditor (478)
[2019.02.21-05.06.49:535][805]LogModuleManager: Shutting down and abandoning module ProjectLauncher (476)
[2019.02.21-05.06.49:535][805]LogModuleManager: Shutting down and abandoning module SessionFrontend (474)
[2019.02.21-05.06.49:535][805]LogModuleManager: Shutting down and abandoning module ProfilerClient (472)
[2019.02.21-05.06.49:536][805]LogModuleManager: Shutting down and abandoning module DeviceManager (470)
[2019.02.21-05.06.49:536][805]LogModuleManager: Shutting down and abandoning module TargetDeviceServices (469)
[2019.02.21-05.06.49:602][805]LogModuleManager: Shutting down and abandoning module AutomationController (466)
[2019.02.21-05.06.49:602][805]LogModuleManager: Shutting down and abandoning module AutomationWindow (464)
[2019.02.21-05.06.49:602][805]LogModuleManager: Shutting down and abandoning module Layers (462)
[2019.02.21-05.06.49:603][805]LogModuleManager: Shutting down and abandoning module ComponentVisualizers (460)
[2019.02.21-05.06.49:603][805]LogModuleManager: Shutting down and abandoning module DetailCustomizations (458)
[2019.02.21-05.06.49:603][805]LogModuleManager: Shutting down and abandoning module PackagesDialog (456)
[2019.02.21-05.06.49:603][805]LogModuleManager: Shutting down and abandoning module Persona (454)
[2019.02.21-05.06.49:604][805]LogModuleManager: Shutting down and abandoning module AdvancedPreviewScene (453)
[2019.02.21-05.06.49:604][805]LogModuleManager: Shutting down and abandoning module AnimGraph (451)
[2019.02.21-05.06.49:604][805]LogModuleManager: Shutting down and abandoning module Kismet (448)
[2019.02.21-05.06.49:615][805]LogModuleManager: Shutting down and abandoning module GraphEditor (446)
[2019.02.21-05.06.49:615][805]LogModuleManager: Shutting down and abandoning module ClassViewer (444)
[2019.02.21-05.06.49:615][805]LogModuleManager: Shutting down and abandoning module Toolbox (442)
[2019.02.21-05.06.49:616][805]LogModuleManager: Shutting down and abandoning module DesktopPlatform (441)
[2019.02.21-05.06.49:616][805]LogModuleManager: Shutting down and abandoning module ModuleUI (438)
[2019.02.21-05.06.49:616][805]LogModuleManager: Shutting down and abandoning module MovieSceneTools (436)
[2019.02.21-05.06.49:616][805]LogModuleManager: Shutting down and abandoning module OutputLog (434)
[2019.02.21-05.06.49:616][805]LogModuleManager: Shutting down and abandoning module GammaUI (432)
[2019.02.21-05.06.49:617][805]LogModuleManager: Shutting down and abandoning module Documentation (430)
[2019.02.21-05.06.49:617][805]LogModuleManager: Shutting down and abandoning module MovieSceneTracks (428)
[2019.02.21-05.06.49:617][805]LogModuleManager: Shutting down and abandoning module MovieScene (426)
[2019.02.21-05.06.49:617][805]LogModuleManager: Shutting down and abandoning module StreamingPauseRendering (424)
[2019.02.21-05.06.49:617][805]LogModuleManager: Shutting down and abandoning module LauncherPlatform (422)
[2019.02.21-05.06.49:617][805]LogModuleManager: Shutting down and abandoning module AnalyticsET (420)
[2019.02.21-05.06.49:618][805]LogModuleManager: Shutting down and abandoning module PortalServices (418)
[2019.02.21-05.06.49:618][805]LogModuleManager: Shutting down and abandoning module PortalRpc (416)
[2019.02.21-05.06.49:618][805]LogModuleManager: Shutting down and abandoning module MessagingRpc (414)
[2019.02.21-05.06.49:618][805]LogModuleManager: Shutting down and abandoning module AIModule (412)
[2019.02.21-05.06.49:618][805]LogModuleManager: Shutting down and abandoning module GameplayDebugger (411)
[2019.02.21-05.06.49:619][805]LogModuleManager: Shutting down and abandoning module AITestSuite (409)
[2019.02.21-05.06.49:619][805]LogModuleManager: Shutting down and abandoning module NavigationSystem (407)
[2019.02.21-05.06.49:619][805]LogModuleManager: Shutting down and abandoning module ImageWriteQueue (404)
[2019.02.21-05.06.49:636][805]LogModuleManager: Shutting down and abandoning module ProfilerService (402)
[2019.02.21-05.06.49:687][805]LogModuleManager: Shutting down and abandoning module TaskGraph (400)
[2019.02.21-05.06.49:687][805]LogModuleManager: Shutting down and abandoning module SteamVRController (398)
[2019.02.21-05.06.49:687][805]LogModuleManager: Shutting down and abandoning module ProceduralMeshComponentEditor (396)
[2019.02.21-05.06.49:688][805]LogModuleManager: Shutting down and abandoning module ProceduralMeshComponent (394)
[2019.02.21-05.06.49:688][805]LogModuleManager: Shutting down and abandoning module OculusInput (392)
[2019.02.21-05.06.49:688][805]LogModuleManager: Shutting down and abandoning module MobilePatchingUtils (390)
[2019.02.21-05.06.49:688][805]LogModuleManager: Shutting down and abandoning module EditableMesh (388)
[2019.02.21-05.06.49:688][805]LogModuleManager: Shutting down and abandoning module CustomMeshComponent (386)
[2019.02.21-05.06.49:688][805]LogModuleManager: Shutting down and abandoning module CableComponent (384)
[2019.02.21-05.06.49:688][805]LogModuleManager: Shutting down and abandoning module AudioCapture (382)
[2019.02.21-05.06.49:688][805]LogModuleManager: Shutting down and abandoning module ArchVisCharacter (380)
[2019.02.21-05.06.49:688][805]LogModuleManager: Shutting down and abandoning module AndroidPermission (378)
[2019.02.21-05.06.49:688][805]LogModuleManager: Shutting down and abandoning module NUTUnrealEngine4 (376)
[2019.02.21-05.06.49:688][805]LogModuleManager: Shutting down and abandoning module NetcodeUnitTest (374)
[2019.02.21-05.06.49:688][805]LogModuleManager: Shutting down and abandoning module MediaCompositing (372)
[2019.02.21-05.06.49:688][805]LogModuleManager: Shutting down and abandoning module LinearTimecode (370)
[2019.02.21-05.06.49:689][805]LogModuleManager: Shutting down and abandoning module ImgMedia (368)
[2019.02.21-05.06.49:700][805]LogModuleManager: Shutting down and abandoning module HTML5Networking (366)
[2019.02.21-05.06.49:700][805]LogModuleManager: Shutting down and abandoning module GeometryCacheTracks (364)
[2019.02.21-05.06.49:701][805]LogModuleManager: Shutting down and abandoning module GeometryCacheSequencer (362)
[2019.02.21-05.06.49:701][805]LogModuleManager: Shutting down and abandoning module BackChannel (360)
[2019.02.21-05.06.49:701][805]LogModuleManager: Shutting down and abandoning module AppleVision (358)
[2019.02.21-05.06.49:701][805]LogModuleManager: Shutting down and abandoning module AppleImageUtilsBlueprintSupport (356)
[2019.02.21-05.06.49:701][805]LogModuleManager: Shutting down and abandoning module AppleImageUtils (354)
[2019.02.21-05.06.49:701][805]LogModuleManager: Shutting down and abandoning module AlembicImporter (352)
[2019.02.21-05.06.49:701][805]LogModuleManager: Shutting down and abandoning module AlembicLibrary (351)
[2019.02.21-05.06.49:701][805]LogModuleManager: Shutting down and abandoning module GeometryCache (350)
[2019.02.21-05.06.49:701][805]LogModuleManager: Shutting down and abandoning module GeometryCacheEd (349)
[2019.02.21-05.06.49:701][805]LogModuleManager: Shutting down and abandoning module VariantManagerContent (344)
[2019.02.21-05.06.49:701][805]LogModuleManager: Shutting down and abandoning module DatasmithContentEditor (342)
[2019.02.21-05.06.49:701][805]LogModuleManager: Shutting down and abandoning module SpeedTreeImporter (340)
[2019.02.21-05.06.49:702][805]LogModuleManager: Shutting down and abandoning module PluginBrowser (338)
[2019.02.21-05.06.49:702][805]LogModuleManager: Shutting down and abandoning module MobileLauncherProfileWizard (336)
[2019.02.21-05.06.49:702][805]LogModuleManager: Shutting down and abandoning module PolygonModeling (334)
[2019.02.21-05.06.49:702][805]LogModuleManager: Shutting down and abandoning module MeshEditor (332)
[2019.02.21-05.06.49:702][805]LogModuleManager: Shutting down and abandoning module CryptoKeysOpenSSL (330)
[2019.02.21-05.06.49:702][805]LogModuleManager: Shutting down and abandoning module CryptoKeys (328)
[2019.02.21-05.06.49:702][805]LogModuleManager: Shutting down and abandoning module VisualStudioSourceCodeAccess (326)
[2019.02.21-05.06.49:702][805]LogModuleManager: Shutting down and abandoning module VisualStudioCodeSourceCodeAccess (324)
[2019.02.21-05.06.49:702][805]LogModuleManager: Shutting down and abandoning module UObjectPlugin (322)
[2019.02.21-05.06.49:702][805]LogModuleManager: Shutting down and abandoning module SubversionSourceControl (320)
[2019.02.21-05.06.49:703][805]LogModuleManager: Shutting down and abandoning module PerforceSourceControl (318)
[2019.02.21-05.06.49:703][805]LogModuleManager: Shutting down and abandoning module GitSourceControl (316)
[2019.02.21-05.06.49:703][805]LogModuleManager: Shutting down and abandoning module SourceControl (315)
[2019.02.21-05.06.49:703][805]LogModuleManager: Shutting down and abandoning module CLionSourceCodeAccess (312)
[2019.02.21-05.06.49:703][805]LogModuleManager: Shutting down and abandoning module ActorLayerUtilitiesEditor (310)
[2019.02.21-05.06.49:703][805]LogModuleManager: Shutting down and abandoning module ActorLayerUtilities (308)
[2019.02.21-05.06.49:703][805]LogModuleManager: Shutting down and abandoning module LightPropagationVolumeEditor (306)
[2019.02.21-05.06.49:703][805]LogModuleManager: Shutting down and abandoning module PaperTiledImporter (304)
[2019.02.21-05.06.49:703][805]LogModuleManager: Shutting down and abandoning module PaperSpriteSheetImporter (302)
[2019.02.21-05.06.49:703][805]LogModuleManager: Shutting down and abandoning module Paper2DEditor (300)
[2019.02.21-05.06.49:703][805]LogModuleManager: Shutting down and abandoning module MeshPaint (299)
[2019.02.21-05.06.49:704][805]LogModuleManager: Shutting down and abandoning module RuntimePhysXCooking (294)
[2019.02.21-05.06.49:704][805]LogModuleManager: Shutting down and abandoning module PhysXVehiclesEditor (292)
[2019.02.21-05.06.49:704][805]LogModuleManager: Shutting down and abandoning module PhysXVehicles (290)
[2019.02.21-05.06.49:704][805]LogModuleManager: Shutting down and abandoning module OculusEditor (288)
[2019.02.21-05.06.49:704][805]LogModuleManager: Shutting down and abandoning module LocationServicesBPLibrary (286)
[2019.02.21-05.06.49:704][805]LogModuleManager: Shutting down and abandoning module ActorSequence (284)
[2019.02.21-05.06.49:704][805]LogModuleManager: Shutting down and abandoning module UdpMessaging (282)
