Log file open, 03/19/19 22:20:42
LogWindows: Failed to load 'aqProf.dll' (GetLastError=126)
LogWindows: File 'aqProf.dll' does not exist
LogWindows: Failed to load 'VtuneApi.dll' (GetLastError=126)
LogWindows: File 'VtuneApi.dll' does not exist
LogWindows: Failed to load 'VtuneApi32e.dll' (GetLastError=126)
LogWindows: File 'VtuneApi32e.dll' does not exist
LogConsoleResponse: Display: Failed to find resolution value strings in scalability ini. Falling back to default.
LogInit: Display: Running engine for game: HSPGame
LogPakFile: Registered encryption key '00000000000000000000000000000000': 0 pak files mounted, 0 remain pending
LogPlatformFile: Not using cached read wrapper
LogTaskGraph: Started task graph with 5 named threads and 35 total threads with 3 sets of task threads.
LogStats: Stats thread started at 1.046580
LogD3D11RHI: Loaded GFSDK_Aftermath_Lib.x64.dll
LogICUInternationalization: ICU TimeZone Detection - Raw Offset: -8:00, Platform Override: ''
LogPluginManager: Mounting plugin Paper2D
LogPluginManager: Mounting plugin AISupport
LogPluginManager: Mounting plugin LightPropagationVolume
LogPluginManager: Mounting plugin ActorLayerUtilities
LogPluginManager: Mounting plugin CLionSourceCodeAccess
LogPluginManager: Mounting plugin CodeLiteSourceCodeAccess
LogPluginManager: Mounting plugin GitSourceControl
LogPluginManager: Mounting plugin KDevelopSourceCodeAccess
LogPluginManager: Mounting plugin NullSourceCodeAccess
LogPluginManager: Mounting plugin PerforceSourceControl
LogPluginManager: Mounting plugin SubversionSourceControl
LogPluginManager: Mounting plugin UObjectPlugin
LogPluginManager: Mounting plugin VisualStudioCodeSourceCodeAccess
LogPluginManager: Mounting plugin VisualStudioSourceCodeAccess
LogPluginManager: Mounting plugin XCodeSourceCodeAccess
LogPluginManager: Mounting plugin AssetManagerEditor
LogPluginManager: Mounting plugin CryptoKeys
LogPluginManager: Mounting plugin DataValidation
LogPluginManager: Mounting plugin FacialAnimation
LogPluginManager: Mounting plugin GameplayTagsEditor
LogPluginManager: Mounting plugin MacGraphicsSwitching
LogPluginManager: Mounting plugin MeshEditor
LogPluginManager: Mounting plugin MobileLauncherProfileWizard
LogPluginManager: Mounting plugin PluginBrowser
LogPluginManager: Mounting plugin SpeedTreeImporter
LogPluginManager: Mounting plugin DatasmithContent
LogPluginManager: Mounting plugin VariantManagerContent
LogPluginManager: Mounting plugin AlembicImporter
LogPluginManager: Mounting plugin AppleImageUtils
LogPluginManager: Mounting plugin AppleVision
LogPluginManager: Mounting plugin BackChannel
LogPluginManager: Mounting plugin CharacterAI
LogPluginManager: Mounting plugin GeometryCache
LogPluginManager: Mounting plugin HTML5Networking
LogPluginManager: Mounting plugin ProxyLODPlugin
LogPluginManager: Mounting plugin MagicLeap
LogPluginManager: Mounting plugin MagicLeapMedia
LogPluginManager: Mounting plugin AndroidMedia
LogPluginManager: Mounting plugin AvfMedia
LogPluginManager: Mounting plugin ImgMedia
LogPluginManager: Mounting plugin LinearTimecode
LogPluginManager: Mounting plugin MediaCompositing
LogPluginManager: Mounting plugin MediaPlayerEditor
LogPluginManager: Mounting plugin WebMMedia
LogPluginManager: Mounting plugin WmfMedia
LogPluginManager: Mounting plugin TcpMessaging
LogPluginManager: Mounting plugin UdpMessaging
LogPluginManager: Mounting plugin ActorSequence
LogPluginManager: Mounting plugin LevelSequenceEditor
LogPluginManager: Mounting plugin MatineeToLevelSequence
LogPluginManager: Mounting plugin NetcodeUnitTest
LogPluginManager: Mounting plugin NUTUnrealEngine4
LogPluginManager: Mounting plugin OnlineSubsystemGooglePlay
LogPluginManager: Mounting plugin OnlineSubsystemIOS
LogPluginManager: Mounting plugin OnlineSubsystem
LogPluginManager: Mounting plugin OnlineSubsystemNull
LogPluginManager: Mounting plugin OnlineSubsystemUtils
LogPluginManager: Mounting plugin LauncherChunkInstaller
LogPluginManager: Mounting plugin AndroidDeviceProfileSelector
LogPluginManager: Mounting plugin AndroidMoviePlayer
LogPluginManager: Mounting plugin AndroidPermission
LogPluginManager: Mounting plugin AppleMoviePlayer
LogPluginManager: Mounting plugin ArchVisCharacter
LogPluginManager: Mounting plugin AudioCapture
LogPluginManager: Mounting plugin CableComponent
LogPluginManager: Mounting plugin CustomMeshComponent
LogPluginManager: Mounting plugin EditableMesh
LogPluginManager: Mounting plugin ExampleDeviceProfileSelector
LogPluginManager: Mounting plugin Firebase
LogPluginManager: Mounting plugin GoogleCloudMessaging
LogPluginManager: Mounting plugin IOSDeviceProfileSelector
LogPluginManager: Mounting plugin LinuxDeviceProfileSelector
LogPluginManager: Mounting plugin LocationServicesBPLibrary
LogPluginManager: Mounting plugin MobilePatchingUtils
LogPluginManager: Mounting plugin OculusVR
LogPluginManager: Mounting plugin PhysXVehicles
LogPluginManager: Mounting plugin ProceduralMeshComponent
LogPluginManager: Mounting plugin RuntimePhysXCooking
LogPluginManager: Mounting plugin SteamVR
LogPluginManager: Mounting plugin WebMMoviePlayer
LogPluginManager: Mounting plugin WindowsMoviePlayer
LogStreaming: Display: Took  0.099s to configure plugins.
LogInit: Using libcurl 7.55.1-DEV
LogInit:  - built for x86_64-pc-win32
LogInit:  - supports SSL with OpenSSL/1.0.2h
LogInit:  - supports HTTP deflate (compression) using libz 1.2.8
LogInit:  - other features:
LogInit:      CURL_VERSION_SSL
LogInit:      CURL_VERSION_LIBZ
LogInit:      CURL_VERSION_IPV6
LogInit:      CURL_VERSION_ASYNCHDNS
LogInit:      CURL_VERSION_LARGEFILE
LogInit:      CURL_VERSION_IDN
LogInit:  CurlRequestOptions (configurable via config and command line):
LogInit:  - bVerifyPeer = true  - Libcurl will verify peer certificate
LogInit:  - bUseHttpProxy = false  - Libcurl will NOT use HTTP proxy
LogInit:  - bDontReuseConnections = false  - Libcurl will reuse connections
LogInit:  - MaxHostConnections = 16  - Libcurl will limit the number of connections to a host
LogInit:  - LocalHostAddr = Default
LogInit:  - BufferSize = 65536
LogInit: WinSock: version 1.1 (2.2), MaxSocks=32767, MaxUdp=65467
LogInit: Build: ++UE4+Release-4.21-CL-4753647
LogInit: Engine Version: 4.21.2-4753647+++UE4+Release-4.21
LogInit: Compatible Engine Version: 4.21.0-4541578+++UE4+Release-4.21
LogInit: Net CL: 4541578
LogInit: OS: Windows 10 (), CPU: Intel(R) Core(TM) i7-8086K CPU @ 4.00GHz, GPU: NVIDIA GeForce GTX 1660 Ti
LogInit: Compiled (64-bit): Jan 19 2019 02:07:31
LogInit: Compiled with Visual C++: 19.13.26129.00
LogInit: Build Configuration: Development
LogInit: Branch Name: ++UE4+Release-4.21
LogInit: Command Line:  -skipcompile
LogInit: Base Directory: C:/Program Files/Epic Games/UE_4.21/Engine/Binaries/Win64/
LogInit: Installed Engine Build: 1
LogDevObjectVersion: Number of dev versions registered: 22
LogDevObjectVersion:   Dev-Blueprints (B0D832E4-1F89-4F0D-ACCF-7EB736FD4AA2): 10
LogDevObjectVersion:   Dev-Build (E1C64328-A22C-4D53-A36C-8E866417BD8C): 0
LogDevObjectVersion:   Dev-Core (375EC13C-06E4-48FB-B500-84F0262A717E): 2
LogDevObjectVersion:   Dev-Editor (E4B068ED-F494-42E9-A231-DA0B2E46BB41): 26
LogDevObjectVersion:   Dev-Framework (CFFC743F-43B0-4480-9391-14DF171D2073): 34
LogDevObjectVersion:   Dev-Mobile (B02B49B5-BB20-44E9-A304-32B752E40360): 2
LogDevObjectVersion:   Dev-Networking (A4E4105C-59A1-49B5-A7C5-40C4547EDFEE): 0
LogDevObjectVersion:   Dev-Online (39C831C9-5AE6-47DC-9A44-9C173E1C8E7C): 0
LogDevObjectVersion:   Dev-Physics (78F01B33-EBEA-4F98-B9B4-84EACCB95AA2): 0
LogDevObjectVersion:   Dev-Platform (6631380F-2D4D-43E0-8009-CF276956A95A): 0
LogDevObjectVersion:   Dev-Rendering (12F88B9F-8875-4AFC-A67C-D90C383ABD29): 27
LogDevObjectVersion:   Dev-Sequencer (7B5AE74C-D270-4C10-A958-57980B212A5A): 9
LogDevObjectVersion:   Dev-VR (D7296918-1DD6-4BDD-9DE2-64A83CC13884): 2
LogDevObjectVersion:   Dev-LoadTimes (C2A15278-BFE7-4AFE-6C17-90FF531DF755): 1
LogDevObjectVersion:   Private-Geometry (6EACA3D4-40EC-4CC1-B786-8BED09428FC5): 3
LogDevObjectVersion:   Dev-AnimPhys (29E575DD-E0A3-4627-9D10-D276232CDCEA): 17
LogDevObjectVersion:   Dev-Anim (AF43A65D-7FD3-4947-9873-3E8ED9C1BB05): 2
LogDevObjectVersion:   Dev-ReflectionCapture (6B266CEC-1EC7-4B8F-A30B-E4D90942FC07): 1
LogDevObjectVersion:   Dev-Automation (0DF73D61-A23F-47EA-B727-89E90C41499A): 1
LogDevObjectVersion:   FortniteMain (601D1886-AC64-4F84-AA16-D3DE0DEAC7D6): 17
LogDevObjectVersion:   Dev-Enterprise (9DFFBCD6-494F-0158-E221-12823C92A888): 4
LogDevObjectVersion:   Dev-Niagara (F2AED0AC-9AFE-416F-8664-AA7FFA26D6FC): 1
LogStreaming: Display: Took  0.004s to delete old logs.
LogInit: Presizing for max 8388607 objects, including 0 objects not considered by GC, pre-allocating 0 bytes for permanent pool.
LogInit: Object subsystem initialized
LogConfig: Setting CVar [[con.DebugEarlyDefault:1]]
LogConfig: Setting CVar [[r.setres:1280x720]]
[2019.03.20-05.20.43:089][  0]LogConfig: Setting CVar [[r.VSync:0]]
[2019.03.20-05.20.43:089][  0]LogConfig: Setting CVar [[r.RHICmdBypass:0]]
[2019.03.20-05.20.43:090][  0]LogConfig: Applying CVar settings from Section [/Script/Engine.RendererSettings] File [C:/Users/chris/Documents/GitHub/Senior-Project-CPP-Game/Saved/Config/Windows/Engine.ini]
[2019.03.20-05.20.43:090][  0]LogConfig: Setting CVar [[r.GPUCrashDebugging:0]]
[2019.03.20-05.20.43:090][  0]LogConfig: Applying CVar settings from Section [/Script/Engine.RendererOverrideSettings] File [C:/Users/chris/Documents/GitHub/Senior-Project-CPP-Game/Saved/Config/Windows/Engine.ini]
[2019.03.20-05.20.43:090][  0]LogConfig: Applying CVar settings from Section [/Script/Engine.StreamingSettings] File [C:/Users/chris/Documents/GitHub/Senior-Project-CPP-Game/Saved/Config/Windows/Engine.ini]
[2019.03.20-05.20.43:090][  0]LogConfig: Setting CVar [[s.MinBulkDataSizeForAsyncLoading:131072]]
[2019.03.20-05.20.43:090][  0]LogConfig: Setting CVar [[s.AsyncLoadingThreadEnabled:0]]
[2019.03.20-05.20.43:090][  0]LogConfig: Setting CVar [[s.EventDrivenLoaderEnabled:1]]
[2019.03.20-05.20.43:090][  0]LogConfig: Setting CVar [[s.WarnIfTimeLimitExceeded:0]]
[2019.03.20-05.20.43:090][  0]LogConfig: Setting CVar [[s.TimeLimitExceededMultiplier:1.5]]
[2019.03.20-05.20.43:090][  0]LogConfig: Setting CVar [[s.TimeLimitExceededMinTime:0.005]]
[2019.03.20-05.20.43:090][  0]LogConfig: Setting CVar [[s.UseBackgroundLevelStreaming:1]]
[2019.03.20-05.20.43:090][  0]LogConfig: Setting CVar [[s.PriorityAsyncLoadingExtraTime:15.0]]
[2019.03.20-05.20.43:091][  0]LogConfig: Setting CVar [[s.LevelStreamingActorsUpdateTimeLimit:5.0]]
[2019.03.20-05.20.43:091][  0]LogConfig: Setting CVar [[s.PriorityLevelStreamingActorsUpdateExtraTime:5.0]]
[2019.03.20-05.20.43:091][  0]LogConfig: Setting CVar [[s.LevelStreamingComponentsRegistrationGranularity:10]]
[2019.03.20-05.20.43:091][  0]LogConfig: Setting CVar [[s.UnregisterComponentsTimeLimit:1.0]]
[2019.03.20-05.20.43:091][  0]LogConfig: Setting CVar [[s.LevelStreamingComponentsUnregistrationGranularity:5]]
[2019.03.20-05.20.43:091][  0]LogConfig: Applying CVar settings from Section [/Script/Engine.GarbageCollectionSettings] File [C:/Users/chris/Documents/GitHub/Senior-Project-CPP-Game/Saved/Config/Windows/Engine.ini]
[2019.03.20-05.20.43:091][  0]LogConfig: Setting CVar [[gc.MaxObjectsNotConsideredByGC:1]]
[2019.03.20-05.20.43:091][  0]LogConfig: Setting CVar [[gc.SizeOfPermanentObjectPool:0]]
[2019.03.20-05.20.43:091][  0]LogConfig: Setting CVar [[gc.FlushStreamingOnGC:0]]
[2019.03.20-05.20.43:091][  0]LogConfig: Setting CVar [[gc.NumRetriesBeforeForcingGC:10]]
[2019.03.20-05.20.43:091][  0]LogConfig: Setting CVar [[gc.AllowParallelGC:1]]
[2019.03.20-05.20.43:091][  0]LogConfig: Setting CVar [[gc.TimeBetweenPurgingPendingKillObjects:61.1]]
[2019.03.20-05.20.43:091][  0]LogConfig: Setting CVar [[gc.MaxObjectsInEditor:8388607]]
[2019.03.20-05.20.43:091][  0]LogConfig: Setting CVar [[gc.IncrementalBeginDestroyEnabled:1]]
[2019.03.20-05.20.43:091][  0]LogConfig: Setting CVar [[gc.CreateGCClusters:1]]
[2019.03.20-05.20.43:091][  0]LogConfig: Setting CVar [[gc.MergeGCClusters:0]]
[2019.03.20-05.20.43:091][  0]LogConfig: Setting CVar [[gc.MinGCClusterSize:5]]
[2019.03.20-05.20.43:091][  0]LogConfig: Setting CVar [[gc.ActorClusteringEnabled:0]]
[2019.03.20-05.20.43:091][  0]LogConfig: Setting CVar [[gc.BlueprintClusteringEnabled:0]]
[2019.03.20-05.20.43:091][  0]LogConfig: Setting CVar [[gc.UseDisregardForGCOnDedicatedServers:0]]
[2019.03.20-05.20.43:091][  0]LogConfig: Applying CVar settings from Section [/Script/Engine.NetworkSettings] File [C:/Users/chris/Documents/GitHub/Senior-Project-CPP-Game/Saved/Config/Windows/Engine.ini]
[2019.03.20-05.20.43:091][  0]LogConfig: Applying CVar settings from Section [/Script/UnrealEd.CookerSettings] File [C:/Users/chris/Documents/GitHub/Senior-Project-CPP-Game/Saved/Config/Windows/Engine.ini]
[2019.03.20-05.20.43:099][  0]LogConfig: Applying CVar settings from Section [ViewDistanceQuality@3] File [C:/Users/chris/Documents/GitHub/Senior-Project-CPP-Game/Saved/Config/Windows/Scalability.ini]
[2019.03.20-05.20.43:099][  0]LogConfig: Setting CVar [[r.SkeletalMeshLODBias:0]]
[2019.03.20-05.20.43:099][  0]LogConfig: Setting CVar [[r.ViewDistanceScale:1.0]]
[2019.03.20-05.20.43:099][  0]LogConfig: Applying CVar settings from Section [AntiAliasingQuality@3] File [C:/Users/chris/Documents/GitHub/Senior-Project-CPP-Game/Saved/Config/Windows/Scalability.ini]
[2019.03.20-05.20.43:099][  0]LogConfig: Setting CVar [[r.PostProcessAAQuality:4]]
[2019.03.20-05.20.43:099][  0]LogConfig: Applying CVar settings from Section [ShadowQuality@3] File [C:/Users/chris/Documents/GitHub/Senior-Project-CPP-Game/Saved/Config/Windows/Scalability.ini]
[2019.03.20-05.20.43:099][  0]LogConfig: Setting CVar [[r.LightFunctionQuality:1]]
[2019.03.20-05.20.43:099][  0]LogConfig: Setting CVar [[r.ShadowQuality:5]]
[2019.03.20-05.20.43:099][  0]LogConfig: Setting CVar [[r.Shadow.CSM.MaxCascades:10]]
[2019.03.20-05.20.43:099][  0]LogConfig: Setting CVar [[r.Shadow.MaxResolution:2048]]
[2019.03.20-05.20.43:099][  0]LogConfig: Setting CVar [[r.Shadow.MaxCSMResolution:2048]]
[2019.03.20-05.20.43:099][  0]LogConfig: Setting CVar [[r.Shadow.RadiusThreshold:0.01]]
[2019.03.20-05.20.43:099][  0]LogConfig: Setting CVar [[r.Shadow.DistanceScale:1.0]]
[2019.03.20-05.20.43:099][  0]LogConfig: Setting CVar [[r.Shadow.CSM.TransitionScale:1.0]]
[2019.03.20-05.20.43:099][  0]LogConfig: Setting CVar [[r.Shadow.PreShadowResolutionFactor:1.0]]
[2019.03.20-05.20.43:099][  0]LogConfig: Setting CVar [[r.DistanceFieldShadowing:1]]
[2019.03.20-05.20.43:099][  0]LogConfig: Setting CVar [[r.DistanceFieldAO:1]]
[2019.03.20-05.20.43:100][  0]LogConfig: Setting CVar [[r.AOQuality:2]]
[2019.03.20-05.20.43:100][  0]LogConfig: Setting CVar [[r.VolumetricFog:1]]
[2019.03.20-05.20.43:100][  0]LogConfig: Setting CVar [[r.VolumetricFog.GridPixelSize:8]]
[2019.03.20-05.20.43:100][  0]LogConfig: Setting CVar [[r.VolumetricFog.GridSizeZ:128]]
[2019.03.20-05.20.43:100][  0]LogConfig: Setting CVar [[r.VolumetricFog.HistoryMissSupersampleCount:4]]
[2019.03.20-05.20.43:100][  0]LogConfig: Setting CVar [[r.LightMaxDrawDistanceScale:1]]
[2019.03.20-05.20.43:100][  0]LogConfig: Setting CVar [[r.CapsuleShadows:1]]
[2019.03.20-05.20.43:100][  0]LogConfig: Applying CVar settings from Section [PostProcessQuality@3] File [C:/Users/chris/Documents/GitHub/Senior-Project-CPP-Game/Saved/Config/Windows/Scalability.ini]
[2019.03.20-05.20.43:100][  0]LogConfig: Setting CVar [[r.MotionBlurQuality:4]]
[2019.03.20-05.20.43:100][  0]LogConfig: Setting CVar [[r.AmbientOcclusionMipLevelFactor:0.4]]
[2019.03.20-05.20.43:100][  0]LogConfig: Setting CVar [[r.AmbientOcclusionMaxQuality:100]]
[2019.03.20-05.20.43:100][  0]LogConfig: Setting CVar [[r.AmbientOcclusionLevels:-1]]
[2019.03.20-05.20.43:100][  0]LogConfig: Setting CVar [[r.AmbientOcclusionRadiusScale:1.0]]
[2019.03.20-05.20.43:100][  0]LogConfig: Setting CVar [[r.DepthOfFieldQuality:2]]
[2019.03.20-05.20.43:100][  0]LogConfig: Setting CVar [[r.RenderTargetPoolMin:400]]
[2019.03.20-05.20.43:100][  0]LogConfig: Setting CVar [[r.LensFlareQuality:2]]
[2019.03.20-05.20.43:100][  0]LogConfig: Setting CVar [[r.SceneColorFringeQuality:1]]
[2019.03.20-05.20.43:100][  0]LogConfig: Setting CVar [[r.EyeAdaptationQuality:2]]
[2019.03.20-05.20.43:100][  0]LogConfig: Setting CVar [[r.BloomQuality:5]]
[2019.03.20-05.20.43:100][  0]LogConfig: Setting CVar [[r.FastBlurThreshold:100]]
[2019.03.20-05.20.43:100][  0]LogConfig: Setting CVar [[r.Upscale.Quality:3]]
[2019.03.20-05.20.43:101][  0]LogConfig: Setting CVar [[r.Tonemapper.GrainQuantization:1]]
[2019.03.20-05.20.43:101][  0]LogConfig: Setting CVar [[r.LightShaftQuality:1]]
[2019.03.20-05.20.43:101][  0]LogConfig: Setting CVar [[r.Filter.SizeScale:1]]
[2019.03.20-05.20.43:101][  0]LogConfig: Setting CVar [[r.Tonemapper.Quality:5]]
[2019.03.20-05.20.43:101][  0]LogConfig: Setting CVar [[r.DOF.Gather.AccumulatorQuality:1        ; higher gathering accumulator quality]]
[2019.03.20-05.20.43:101][  0]LogConfig: Setting CVar [[r.DOF.Gather.PostfilterMethod:1          ; Median3x3 postfilering method]]
[2019.03.20-05.20.43:101][  0]LogConfig: Setting CVar [[r.DOF.Gather.EnableBokehSettings:0       ; no bokeh simulation when gathering]]
[2019.03.20-05.20.43:101][  0]LogConfig: Setting CVar [[r.DOF.Gather.RingCount:4                 ; medium number of samples when gathering]]
[2019.03.20-05.20.43:101][  0]LogConfig: Setting CVar [[r.DOF.Scatter.ForegroundCompositing:1    ; additive foreground scattering]]
[2019.03.20-05.20.43:101][  0]LogConfig: Setting CVar [[r.DOF.Scatter.BackgroundCompositing:2    ; additive background scattering]]
[2019.03.20-05.20.43:101][  0]LogConfig: Setting CVar [[r.DOF.Scatter.EnableBokehSettings:1      ; bokeh simulation when scattering]]
[2019.03.20-05.20.43:101][  0]LogConfig: Setting CVar [[r.DOF.Scatter.MaxSpriteRatio:0.1         ; only a maximum of 10% of scattered bokeh]]
[2019.03.20-05.20.43:101][  0]LogConfig: Setting CVar [[r.DOF.Recombine.Quality:1                ; cheap slight out of focus]]
[2019.03.20-05.20.43:101][  0]LogConfig: Setting CVar [[r.DOF.Recombine.EnableBokehSettings:0    ; no bokeh simulation on slight out of focus]]
[2019.03.20-05.20.43:101][  0]LogConfig: Setting CVar [[r.DOF.TemporalAAQuality:1                ; more stable temporal accumulation]]
[2019.03.20-05.20.43:101][  0]LogConfig: Setting CVar [[r.DOF.Kernel.MaxForegroundRadius:0.025]]
[2019.03.20-05.20.43:101][  0]LogConfig: Setting CVar [[r.DOF.Kernel.MaxBackgroundRadius:0.025]]
[2019.03.20-05.20.43:101][  0]LogConfig: Applying CVar settings from Section [TextureQuality@3] File [C:/Users/chris/Documents/GitHub/Senior-Project-CPP-Game/Saved/Config/Windows/Scalability.ini]
[2019.03.20-05.20.43:101][  0]LogConfig: Setting CVar [[r.Streaming.MipBias:0]]
[2019.03.20-05.20.43:101][  0]LogConfig: Setting CVar [[r.Streaming.AmortizeCPUToGPUCopy:0]]
[2019.03.20-05.20.43:101][  0]LogConfig: Setting CVar [[r.Streaming.MaxNumTexturesToStreamPerFrame:0]]
[2019.03.20-05.20.43:101][  0]LogConfig: Setting CVar [[r.Streaming.Boost:1]]
[2019.03.20-05.20.43:101][  0]LogConfig: Setting CVar [[r.MaxAnisotropy:8]]
[2019.03.20-05.20.43:102][  0]LogConfig: Setting CVar [[r.Streaming.LimitPoolSizeToVRAM:0]]
[2019.03.20-05.20.43:102][  0]LogConfig: Setting CVar [[r.Streaming.PoolSize:1000]]
[2019.03.20-05.20.43:102][  0]LogConfig: Setting CVar [[r.Streaming.MaxEffectiveScreenSize:0]]
[2019.03.20-05.20.43:102][  0]LogConfig: Applying CVar settings from Section [EffectsQuality@3] File [C:/Users/chris/Documents/GitHub/Senior-Project-CPP-Game/Saved/Config/Windows/Scalability.ini]
[2019.03.20-05.20.43:102][  0]LogConfig: Setting CVar [[r.TranslucencyLightingVolumeDim:64]]
[2019.03.20-05.20.43:102][  0]LogConfig: Setting CVar [[r.RefractionQuality:2]]
[2019.03.20-05.20.43:102][  0]LogConfig: Setting CVar [[r.SSR.Quality:3]]
[2019.03.20-05.20.43:102][  0]LogConfig: Setting CVar [[r.SceneColorFormat:4]]
[2019.03.20-05.20.43:102][  0]LogConfig: Setting CVar [[r.DetailMode:2]]
[2019.03.20-05.20.43:102][  0]LogConfig: Setting CVar [[r.TranslucencyVolumeBlur:1]]
[2019.03.20-05.20.43:102][  0]LogConfig: Setting CVar [[r.MaterialQualityLevel:1 ; High quality]]
[2019.03.20-05.20.43:102][  0]LogConfig: Setting CVar [[r.SSS.Scale:1]]
[2019.03.20-05.20.43:102][  0]LogConfig: Setting CVar [[r.SSS.SampleSet:2]]
[2019.03.20-05.20.43:102][  0]LogConfig: Setting CVar [[r.SSS.Quality:1]]
[2019.03.20-05.20.43:102][  0]LogConfig: Setting CVar [[r.SSS.HalfRes:1]]
[2019.03.20-05.20.43:102][  0]LogConfig: Setting CVar [[r.EmitterSpawnRateScale:1.0]]
[2019.03.20-05.20.43:102][  0]LogConfig: Setting CVar [[r.ParticleLightQuality:2]]
[2019.03.20-05.20.43:102][  0]LogConfig: Applying CVar settings from Section [FoliageQuality@3] File [C:/Users/chris/Documents/GitHub/Senior-Project-CPP-Game/Saved/Config/Windows/Scalability.ini]
[2019.03.20-05.20.43:102][  0]LogConfig: Setting CVar [[foliage.DensityScale:1.0]]
[2019.03.20-05.20.43:102][  0]LogConfig: Setting CVar [[grass.DensityScale:1.0]]
[2019.03.20-05.20.43:103][  0]LogInit: Selected Device Profile: [Windows]
[2019.03.20-05.20.43:103][  0]LogInit: Applying CVar settings loaded from the selected device profile: [Windows]
[2019.03.20-05.20.43:121][  0]LogHAL: Display: Platform has ~ 16 GB [17136644096 / 17179869184 / 16], which maps to Larger [LargestMinGB=32, LargerMinGB=12, DefaultMinGB=8, SmallerMinGB=6, SmallestMinGB=0)
[2019.03.20-05.20.43:122][  0]LogConfig: Setting CVar [[r.Vulkan.UseRealUBs:1]]
[2019.03.20-05.20.43:122][  0]LogInit: Going up to parent DeviceProfile []
[2019.03.20-05.20.43:122][  0]LogConfig: Applying CVar settings from Section [ViewDistanceQuality@3] File [C:/Users/chris/Documents/GitHub/Senior-Project-CPP-Game/Saved/Config/Windows/Scalability.ini]
[2019.03.20-05.20.43:122][  0]LogConfig: Setting CVar [[r.SkeletalMeshLODBias:0]]
[2019.03.20-05.20.43:122][  0]LogConfig: Setting CVar [[r.ViewDistanceScale:1.0]]
[2019.03.20-05.20.43:122][  0]LogConfig: Applying CVar settings from Section [AntiAliasingQuality@3] File [C:/Users/chris/Documents/GitHub/Senior-Project-CPP-Game/Saved/Config/Windows/Scalability.ini]
[2019.03.20-05.20.43:122][  0]LogConfig: Setting CVar [[r.PostProcessAAQuality:4]]
[2019.03.20-05.20.43:122][  0]LogConfig: Applying CVar settings from Section [ShadowQuality@3] File [C:/Users/chris/Documents/GitHub/Senior-Project-CPP-Game/Saved/Config/Windows/Scalability.ini]
[2019.03.20-05.20.43:122][  0]LogConfig: Setting CVar [[r.LightFunctionQuality:1]]
[2019.03.20-05.20.43:122][  0]LogConfig: Setting CVar [[r.ShadowQuality:5]]
[2019.03.20-05.20.43:123][  0]LogConfig: Setting CVar [[r.Shadow.CSM.MaxCascades:10]]
[2019.03.20-05.20.43:123][  0]LogConfig: Setting CVar [[r.Shadow.MaxResolution:2048]]
[2019.03.20-05.20.43:123][  0]LogConfig: Setting CVar [[r.Shadow.MaxCSMResolution:2048]]
[2019.03.20-05.20.43:123][  0]LogConfig: Setting CVar [[r.Shadow.RadiusThreshold:0.01]]
[2019.03.20-05.20.43:123][  0]LogConfig: Setting CVar [[r.Shadow.DistanceScale:1.0]]
[2019.03.20-05.20.43:123][  0]LogConfig: Setting CVar [[r.Shadow.CSM.TransitionScale:1.0]]
[2019.03.20-05.20.43:123][  0]LogConfig: Setting CVar [[r.Shadow.PreShadowResolutionFactor:1.0]]
[2019.03.20-05.20.43:123][  0]LogConfig: Setting CVar [[r.DistanceFieldShadowing:1]]
[2019.03.20-05.20.43:123][  0]LogConfig: Setting CVar [[r.DistanceFieldAO:1]]
[2019.03.20-05.20.43:123][  0]LogConfig: Setting CVar [[r.AOQuality:2]]
[2019.03.20-05.20.43:123][  0]LogConfig: Setting CVar [[r.VolumetricFog:1]]
[2019.03.20-05.20.43:123][  0]LogConfig: Setting CVar [[r.VolumetricFog.GridPixelSize:8]]
[2019.03.20-05.20.43:123][  0]LogConfig: Setting CVar [[r.VolumetricFog.GridSizeZ:128]]
[2019.03.20-05.20.43:123][  0]LogConfig: Setting CVar [[r.VolumetricFog.HistoryMissSupersampleCount:4]]
[2019.03.20-05.20.43:123][  0]LogConfig: Setting CVar [[r.LightMaxDrawDistanceScale:1]]
[2019.03.20-05.20.43:123][  0]LogConfig: Setting CVar [[r.CapsuleShadows:1]]
[2019.03.20-05.20.43:123][  0]LogConfig: Applying CVar settings from Section [PostProcessQuality@3] File [C:/Users/chris/Documents/GitHub/Senior-Project-CPP-Game/Saved/Config/Windows/Scalability.ini]
[2019.03.20-05.20.43:123][  0]LogConfig: Setting CVar [[r.MotionBlurQuality:4]]
[2019.03.20-05.20.43:123][  0]LogConfig: Setting CVar [[r.AmbientOcclusionMipLevelFactor:0.4]]
[2019.03.20-05.20.43:123][  0]LogConfig: Setting CVar [[r.AmbientOcclusionMaxQuality:100]]
[2019.03.20-05.20.43:123][  0]LogConfig: Setting CVar [[r.AmbientOcclusionLevels:-1]]
[2019.03.20-05.20.43:124][  0]LogConfig: Setting CVar [[r.AmbientOcclusionRadiusScale:1.0]]
[2019.03.20-05.20.43:124][  0]LogConfig: Setting CVar [[r.DepthOfFieldQuality:2]]
[2019.03.20-05.20.43:124][  0]LogConfig: Setting CVar [[r.RenderTargetPoolMin:400]]
[2019.03.20-05.20.43:124][  0]LogConfig: Setting CVar [[r.LensFlareQuality:2]]
[2019.03.20-05.20.43:124][  0]LogConfig: Setting CVar [[r.SceneColorFringeQuality:1]]
[2019.03.20-05.20.43:124][  0]LogConfig: Setting CVar [[r.EyeAdaptationQuality:2]]
[2019.03.20-05.20.43:124][  0]LogConfig: Setting CVar [[r.BloomQuality:5]]
[2019.03.20-05.20.43:124][  0]LogConfig: Setting CVar [[r.FastBlurThreshold:100]]
[2019.03.20-05.20.43:124][  0]LogConfig: Setting CVar [[r.Upscale.Quality:3]]
[2019.03.20-05.20.43:124][  0]LogConfig: Setting CVar [[r.Tonemapper.GrainQuantization:1]]
[2019.03.20-05.20.43:124][  0]LogConfig: Setting CVar [[r.LightShaftQuality:1]]
[2019.03.20-05.20.43:124][  0]LogConfig: Setting CVar [[r.Filter.SizeScale:1]]
[2019.03.20-05.20.43:124][  0]LogConfig: Setting CVar [[r.Tonemapper.Quality:5]]
[2019.03.20-05.20.43:124][  0]LogConfig: Setting CVar [[r.DOF.Gather.AccumulatorQuality:1        ; higher gathering accumulator quality]]
[2019.03.20-05.20.43:124][  0]LogConfig: Setting CVar [[r.DOF.Gather.PostfilterMethod:1          ; Median3x3 postfilering method]]
[2019.03.20-05.20.43:124][  0]LogConfig: Setting CVar [[r.DOF.Gather.EnableBokehSettings:0       ; no bokeh simulation when gathering]]
[2019.03.20-05.20.43:124][  0]LogConfig: Setting CVar [[r.DOF.Gather.RingCount:4                 ; medium number of samples when gathering]]
[2019.03.20-05.20.43:124][  0]LogConfig: Setting CVar [[r.DOF.Scatter.ForegroundCompositing:1    ; additive foreground scattering]]
[2019.03.20-05.20.43:124][  0]LogConfig: Setting CVar [[r.DOF.Scatter.BackgroundCompositing:2    ; additive background scattering]]
[2019.03.20-05.20.43:124][  0]LogConfig: Setting CVar [[r.DOF.Scatter.EnableBokehSettings:1      ; bokeh simulation when scattering]]
[2019.03.20-05.20.43:124][  0]LogConfig: Setting CVar [[r.DOF.Scatter.MaxSpriteRatio:0.1         ; only a maximum of 10% of scattered bokeh]]
[2019.03.20-05.20.43:124][  0]LogConfig: Setting CVar [[r.DOF.Recombine.Quality:1                ; cheap slight out of focus]]
[2019.03.20-05.20.43:124][  0]LogConfig: Setting CVar [[r.DOF.Recombine.EnableBokehSettings:0    ; no bokeh simulation on slight out of focus]]
[2019.03.20-05.20.43:124][  0]LogConfig: Setting CVar [[r.DOF.TemporalAAQuality:1                ; more stable temporal accumulation]]
[2019.03.20-05.20.43:125][  0]LogConfig: Setting CVar [[r.DOF.Kernel.MaxForegroundRadius:0.025]]
[2019.03.20-05.20.43:125][  0]LogConfig: Setting CVar [[r.DOF.Kernel.MaxBackgroundRadius:0.025]]
[2019.03.20-05.20.43:125][  0]LogConfig: Applying CVar settings from Section [TextureQuality@3] File [C:/Users/chris/Documents/GitHub/Senior-Project-CPP-Game/Saved/Config/Windows/Scalability.ini]
[2019.03.20-05.20.43:125][  0]LogConfig: Setting CVar [[r.Streaming.MipBias:0]]
[2019.03.20-05.20.43:125][  0]LogConfig: Setting CVar [[r.Streaming.AmortizeCPUToGPUCopy:0]]
[2019.03.20-05.20.43:125][  0]LogConfig: Setting CVar [[r.Streaming.MaxNumTexturesToStreamPerFrame:0]]
[2019.03.20-05.20.43:125][  0]LogConfig: Setting CVar [[r.Streaming.Boost:1]]
[2019.03.20-05.20.43:125][  0]LogConfig: Setting CVar [[r.MaxAnisotropy:8]]
[2019.03.20-05.20.43:125][  0]LogConfig: Setting CVar [[r.Streaming.LimitPoolSizeToVRAM:0]]
[2019.03.20-05.20.43:125][  0]LogConfig: Setting CVar [[r.Streaming.PoolSize:1000]]
[2019.03.20-05.20.43:125][  0]LogConfig: Setting CVar [[r.Streaming.MaxEffectiveScreenSize:0]]
[2019.03.20-05.20.43:125][  0]LogConfig: Applying CVar settings from Section [EffectsQuality@3] File [C:/Users/chris/Documents/GitHub/Senior-Project-CPP-Game/Saved/Config/Windows/Scalability.ini]
[2019.03.20-05.20.43:125][  0]LogConfig: Setting CVar [[r.TranslucencyLightingVolumeDim:64]]
[2019.03.20-05.20.43:125][  0]LogConfig: Setting CVar [[r.RefractionQuality:2]]
[2019.03.20-05.20.43:125][  0]LogConfig: Setting CVar [[r.SSR.Quality:3]]
[2019.03.20-05.20.43:125][  0]LogConfig: Setting CVar [[r.SceneColorFormat:4]]
[2019.03.20-05.20.43:125][  0]LogConfig: Setting CVar [[r.DetailMode:2]]
[2019.03.20-05.20.43:125][  0]LogConfig: Setting CVar [[r.TranslucencyVolumeBlur:1]]
[2019.03.20-05.20.43:125][  0]LogConfig: Setting CVar [[r.MaterialQualityLevel:1 ; High quality]]
[2019.03.20-05.20.43:125][  0]LogConfig: Setting CVar [[r.SSS.Scale:1]]
[2019.03.20-05.20.43:125][  0]LogConfig: Setting CVar [[r.SSS.SampleSet:2]]
[2019.03.20-05.20.43:125][  0]LogConfig: Setting CVar [[r.SSS.Quality:1]]
[2019.03.20-05.20.43:126][  0]LogConfig: Setting CVar [[r.SSS.HalfRes:1]]
[2019.03.20-05.20.43:126][  0]LogConfig: Setting CVar [[r.EmitterSpawnRateScale:1.0]]
[2019.03.20-05.20.43:126][  0]LogConfig: Setting CVar [[r.ParticleLightQuality:2]]
[2019.03.20-05.20.43:126][  0]LogConfig: Applying CVar settings from Section [FoliageQuality@3] File [C:/Users/chris/Documents/GitHub/Senior-Project-CPP-Game/Saved/Config/Windows/Scalability.ini]
[2019.03.20-05.20.43:126][  0]LogConfig: Setting CVar [[foliage.DensityScale:1.0]]
[2019.03.20-05.20.43:126][  0]LogConfig: Setting CVar [[grass.DensityScale:1.0]]
[2019.03.20-05.20.43:126][  0]LogConfig: Applying CVar settings from Section [Startup] File [../../../Engine/Config/ConsoleVariables.ini]
[2019.03.20-05.20.43:129][  0]LogConfig: Setting CVar [[net.UseAdaptiveNetUpdateFrequency:0]]
[2019.03.20-05.20.43:130][  0]LogConfig: Applying CVar settings from Section [ConsoleVariables] File [C:/Users/chris/Documents/GitHub/Senior-Project-CPP-Game/Saved/Config/Windows/Engine.ini]
[2019.03.20-05.20.43:131][  0]LogInit: Computer: ALL-MIGHT
[2019.03.20-05.20.43:131][  0]LogInit: User: chris
[2019.03.20-05.20.43:131][  0]LogInit: CPU Page size=4096, Cores=6
[2019.03.20-05.20.43:132][  0]LogInit: High frequency timer resolution =10.000000 MHz
[2019.03.20-05.20.43:132][  0]LogMemory: Memory total: Physical=16.0GB (16GB approx)
[2019.03.20-05.20.43:132][  0]LogMemory: Platform Memory Stats for Windows
[2019.03.20-05.20.43:132][  0]LogMemory: Process Physical Memory: 106.05 MB used, 106.05 MB peak
[2019.03.20-05.20.43:132][  0]LogMemory: Process Virtual Memory: 100.51 MB used, 100.51 MB peak
[2019.03.20-05.20.43:132][  0]LogMemory: Physical Memory: 6154.27 MB used,  10188.51 MB free, 16342.78 MB total
[2019.03.20-05.20.43:132][  0]LogMemory: Virtual Memory: 4676.73 MB used,  134213048.00 MB free, 134217728.00 MB total
[2019.03.20-05.20.43:417][  0]LogInit: Using OS detected language (en-US).
[2019.03.20-05.20.43:417][  0]LogInit: Using OS detected locale (en-US).
[2019.03.20-05.20.43:418][  0]LogTextLocalizationManager: No specific localization for 'en-US' exists, so the 'en' localization will be used.
[2019.03.20-05.20.43:809][  0]LogStreaming: Display: Took  0.393s to InitEngineTextLocalization.
[2019.03.20-05.20.43:810][  0]LogInit: Setting process to per monitor DPI aware
[2019.03.20-05.20.43:874][  0]LogSlate: New Slate User Created.  User Index 0, Is Virtual User: 0
[2019.03.20-05.20.43:874][  0]LogSlate: Slate User Registered.  User Index 0, Is Virtual User: 0
[2019.03.20-05.20.45:553][  0]LogHMD: Failed to initialize OpenVR with code 110
[2019.03.20-05.20.45:554][  0]LogD3D11RHI: D3D11 adapters:
[2019.03.20-05.20.45:623][  0]LogD3D11RHI:    0. 'NVIDIA GeForce GTX 1660 Ti' (Feature Level 11_0)
[2019.03.20-05.20.45:623][  0]LogD3D11RHI:       5991/0/8171 MB DedicatedVideo/DedicatedSystem/SharedSystem, Outputs:1, VendorId:0x10de
[2019.03.20-05.20.45:629][  0]LogD3D11RHI:    1. 'Microsoft Basic Render Driver' (Feature Level 11_0)
[2019.03.20-05.20.45:630][  0]LogD3D11RHI:       0/0/8171 MB DedicatedVideo/DedicatedSystem/SharedSystem, Outputs:0, VendorId:0x1414
[2019.03.20-05.20.45:630][  0]LogD3D11RHI: Chosen D3D11 Adapter: 0
[2019.03.20-05.20.45:637][  0]LogD3D11RHI: Creating new Direct3DDevice
[2019.03.20-05.20.45:637][  0]LogD3D11RHI:     GPU DeviceId: 0x2182 (for the marketing name, search the web for "GPU Device Id")
[2019.03.20-05.20.45:637][  0]LogWindows: EnumDisplayDevices:
[2019.03.20-05.20.45:638][  0]LogWindows:    0. 'NVIDIA GeForce GTX 1660 Ti' (P:1 D:1)
[2019.03.20-05.20.45:638][  0]LogWindows:    1. 'NVIDIA GeForce GTX 1660 Ti' (P:0 D:0)
[2019.03.20-05.20.45:638][  0]LogWindows:    2. 'NVIDIA GeForce GTX 1660 Ti' (P:0 D:0)
[2019.03.20-05.20.45:638][  0]LogWindows:    3. 'NVIDIA GeForce GTX 1660 Ti' (P:0 D:0)
[2019.03.20-05.20.45:639][  0]LogWindows: DebugString: FoundDriverCount:4 
[2019.03.20-05.20.45:639][  0]LogD3D11RHI:     Adapter Name: NVIDIA GeForce GTX 1660 Ti
[2019.03.20-05.20.45:639][  0]LogD3D11RHI:   Driver Version: 419.35 (internal:25.21.14.1935, unified:419.35)
[2019.03.20-05.20.45:639][  0]LogD3D11RHI:      Driver Date: 3-1-2019
[2019.03.20-05.20.45:639][  0]LogRHI: Texture pool is 4193 MB (70% of 5991 MB)
[2019.03.20-05.20.45:676][  0]LogD3D11RHI: Async texture creation enabled
[2019.03.20-05.20.45:713][  0]LogD3D11RHI: GPU Timing Frequency: 1000.000000 (Debug: 2 1)
[2019.03.20-05.20.45:998][  0]LogTemp: Display: Loaded TP AllDesktopTargetPlatform
[2019.03.20-05.20.46:010][  0]LogTemp: Display: Loaded TP MacClientTargetPlatform
[2019.03.20-05.20.46:022][  0]LogTemp: Display: Loaded TP MacNoEditorTargetPlatform
[2019.03.20-05.20.46:034][  0]LogTemp: Display: Loaded TP MacServerTargetPlatform
[2019.03.20-05.20.46:050][  0]LogTemp: Display: Loaded TP MacTargetPlatform
[2019.03.20-05.20.46:063][  0]LogTemp: Display: Loaded TP WindowsClientTargetPlatform
[2019.03.20-05.20.46:076][  0]LogTemp: Display: Loaded TP WindowsNoEditorTargetPlatform
[2019.03.20-05.20.46:089][  0]LogTemp: Display: Loaded TP WindowsServerTargetPlatform
[2019.03.20-05.20.46:097][  0]LogTemp: Display: Loaded TP WindowsTargetPlatform
[2019.03.20-05.20.46:167][  0]LogTemp: Display: Loaded TP AndroidTargetPlatform
[2019.03.20-05.20.46:167][  0]LogTemp: Display: Loaded TP AndroidTargetPlatform
[2019.03.20-05.20.46:167][  0]LogTemp: Display: Loaded TP AndroidTargetPlatform
[2019.03.20-05.20.46:167][  0]LogTemp: Display: Loaded TP AndroidTargetPlatform
[2019.03.20-05.20.46:167][  0]LogTemp: Display: Loaded TP AndroidTargetPlatform
[2019.03.20-05.20.46:167][  0]LogTemp: Display: Loaded TP AndroidTargetPlatform
[2019.03.20-05.20.46:167][  0]LogTemp: Display: Loaded TP AndroidTargetPlatform
[2019.03.20-05.20.46:167][  0]LogTemp: Display: Loaded TP AndroidTargetPlatform
[2019.03.20-05.20.46:167][  0]LogTemp: Display: Loaded TP AndroidTargetPlatform
[2019.03.20-05.20.46:167][  0]LogTemp: Display: Loaded TP AndroidTargetPlatform
[2019.03.20-05.20.46:167][  0]LogTemp: Display: Loaded TP AndroidTargetPlatform
[2019.03.20-05.20.46:167][  0]LogTemp: Display: Loaded TP AndroidTargetPlatform
[2019.03.20-05.20.46:168][  0]LogTemp: Display: Loaded TP AndroidTargetPlatform
[2019.03.20-05.20.46:168][  0]LogTemp: Display: Loaded TP AndroidTargetPlatform
[2019.03.20-05.20.46:168][  0]LogTemp: Display: Loaded TP AndroidTargetPlatform
[2019.03.20-05.20.46:168][  0]LogTemp: Display: Loaded TP AndroidTargetPlatform
[2019.03.20-05.20.46:168][  0]LogTemp: Display: Loaded TP AndroidTargetPlatform
[2019.03.20-05.20.46:168][  0]LogTemp: Display: Loaded TP AndroidTargetPlatform
[2019.03.20-05.20.46:171][  0]LogTemp: Display: Loaded TP HTML5TargetPlatform
[2019.03.20-05.20.46:240][  0]LogTemp: Display: Loaded TP IOSTargetPlatform
[2019.03.20-05.20.46:240][  0]LogTemp: Display: Loaded TP IOSTargetPlatform
[2019.03.20-05.20.46:259][  0]LogTemp: Display: Loaded TP TVOSTargetPlatform
[2019.03.20-05.20.46:259][  0]LogTemp: Display: Loaded TP TVOSTargetPlatform
[2019.03.20-05.20.46:270][  0]LogTemp: Display: Loaded TP LinuxClientTargetPlatform
[2019.03.20-05.20.46:282][  0]LogTemp: Display: Loaded TP LinuxNoEditorTargetPlatform
[2019.03.20-05.20.46:293][  0]LogTemp: Display: Loaded TP LinuxServerTargetPlatform
[2019.03.20-05.20.46:311][  0]LogTemp: Display: Loaded TP LinuxTargetPlatform
[2019.03.20-05.20.46:350][  0]LogTemp: Display: Loaded TP LuminTargetPlatform
[2019.03.20-05.20.46:350][  0]LogTemp: Display: Loaded TP LuminTargetPlatform
[2019.03.20-05.20.46:350][  0]LogTargetPlatformManager: Display: Building Assets For Windows
[2019.03.20-05.20.46:495][  0]LogShaderCompilers: Guid format shader working directory is -24 characters bigger than the processId version (../../../../../../Users/chris/Documents/GitHub/Senior-Project-CPP-Game/Intermediate/Shaders/WorkingDirectory/3596/).
[2019.03.20-05.20.46:495][  0]LogShaderCompilers: Cleaned the shader compiler working directory 'C:/Users/chris/AppData/Local/Temp/UnrealShaderWorkingDir/692246844C50DC070DFAAC96B23AE148/'.
[2019.03.20-05.20.46:498][  0]LogXGEController: Cleaning working directory: C:/Users/chris/AppData/Local/Temp/UnrealXGEWorkingDir/
[2019.03.20-05.20.46:498][  0]LogXGEController: Cannot use XGE Controller as Incredibuild is not installed on this machine.
[2019.03.20-05.20.46:498][  0]LogShaderCompilers: Cannot use XGE Shader Compiler as Incredibuild is not installed on this machine.
[2019.03.20-05.20.46:498][  0]LogShaderCompilers: Display: Using Local Shader Compiler.
[2019.03.20-05.20.47:903][  0]LogDerivedDataCache: Display: Max Cache Size: 512 MB
[2019.03.20-05.20.47:945][  0]LogDerivedDataCache: Loaded boot cache 0.04s 71MB C:/Users/chris/AppData/Local/UnrealEngine/4.21/DerivedDataCache/Boot.ddc.
[2019.03.20-05.20.47:945][  0]LogDerivedDataCache: Display: Loaded Boot cache: C:/Users/chris/AppData/Local/UnrealEngine/4.21/DerivedDataCache/Boot.ddc
[2019.03.20-05.20.47:946][  0]LogDerivedDataCache: FDerivedDataBackendGraph:  Pak pak cache file ../../../../../../Users/chris/Documents/GitHub/Senior-Project-CPP-Game/DerivedDataCache/DDC.ddp not found, will not use a pak cache.
[2019.03.20-05.20.47:946][  0]LogDerivedDataCache: Unable to find inner node Pak for hierarchical cache Hierarchy.
[2019.03.20-05.20.47:946][  0]LogDerivedDataCache: FDerivedDataBackendGraph:  CompressedPak pak cache file ../../../../../../Users/chris/Documents/GitHub/Senior-Project-CPP-Game/DerivedDataCache/Compressed.ddp not found, will not use a pak cache.
[2019.03.20-05.20.47:946][  0]LogDerivedDataCache: Unable to find inner node CompressedPak for hierarchical cache Hierarchy.
[2019.03.20-05.20.47:965][  0]LogDerivedDataCache: Display: Pak cache opened for reading ../../../Engine/DerivedDataCache/Compressed.ddp.
[2019.03.20-05.20.47:965][  0]LogDerivedDataCache: FDerivedDataBackendGraph:  EnterprisePak pak cache file ../../../Enterprise/DerivedDataCache/Compressed.ddp not found, will not use a pak cache.
[2019.03.20-05.20.47:965][  0]LogDerivedDataCache: Unable to find inner node EnterprisePak for hierarchical cache Hierarchy.
[2019.03.20-05.20.47:977][  0]LogDerivedDataCache: Using Local data cache path C:/Users/chris/AppData/Local/UnrealEngine/Common/DerivedDataCache: Writable
[2019.03.20-05.20.47:977][  0]LogDerivedDataCache: Shared data cache path not found in *engine.ini, will not use an Shared cache.
[2019.03.20-05.20.47:977][  0]LogDerivedDataCache: Unable to find inner node Shared for hierarchical cache Hierarchy.
[2019.03.20-05.20.47:997][  0]LogMaterial: Verifying Global Shaders for PCD3D_SM5
[2019.03.20-05.20.48:004][  0]LogSlate: Using FreeType 2.6.0
[2019.03.20-05.20.48:018][  0]LogSlate: SlateFontServices - WITH_FREETYPE: 1, WITH_HARFBUZZ: 1
[2019.03.20-05.20.48:256][  0]LogAssetRegistry: FAssetRegistry took 0.0336 seconds to start up
[2019.03.20-05.20.48:567][  0]LogInit: Selected Device Profile: [Windows]
[2019.03.20-05.20.48:868][  0]LogSimplygon: Simplygon DLL not present - disabling.
[2019.03.20-05.20.48:890][  0]LogMeshReduction: Using SimplygonSwarm for distributed automatic mesh merging
[2019.03.20-05.20.48:890][  0]LogMeshReduction: Using ProxyLODMeshReduction for automatic mesh merging
[2019.03.20-05.20.48:891][  0]LogMeshReduction: Using QuadricMeshReduction for automatic static mesh reduction
[2019.03.20-05.20.48:891][  0]LogMeshReduction: No automatic skeletal mesh reduction module available
[2019.03.20-05.20.48:943][  0]LogNetVersion: HSPGame 1.0.0, NetCL: 4541578, EngineNetVer: 5, GameNetVer: 0 (Checksum: 2893343623)
[2019.03.20-05.20.50:034][  0]LogPackageLocalizationCache: Processed 11 localized package path(s) for 2 prioritized culture(s) in 0.097742 seconds
[2019.03.20-05.20.50:040][  0]LogUObjectArray: 39775 objects as part of root set at end of initial load.
[2019.03.20-05.20.50:040][  0]LogUObjectAllocator: 6914656 out of 0 bytes used by permanent object pool.
[2019.03.20-05.20.50:040][  0]LogUObjectArray: CloseDisregardForGC: 0/0 objects in disregard for GC pool
[2019.03.20-05.20.52:691][  0]LogTcpMessaging: Initializing TcpMessaging bridge
[2019.03.20-05.20.52:710][  0]LogUdpMessaging: Initializing bridge on interface 0.0.0.0:0 to multicast group 230.0.0.1:6666.
[2019.03.20-05.20.53:457][  0]SourceControl: Source control is disabled
[2019.03.20-05.20.53:458][  0]SourceControl: Source control is disabled
[2019.03.20-05.20.53:471][  0]SourceControl: Source control is disabled
[2019.03.20-05.20.53:477][  0]SourceControl: Source control is disabled
[2019.03.20-05.20.53:831][  0]LogAndroidPermission: UAndroidPermissionCallbackProxy::GetInstance
[2019.03.20-05.20.53:926][  0]LogOcInput: OculusInput pre-init called
[2019.03.20-05.20.54:144][  0]LogEngine: Initializing Engine...
[2019.03.20-05.20.54:146][  0]LogHMD: Failed to initialize OpenVR with code 110
[2019.03.20-05.20.54:149][  0]LogStats: UGameplayTagsManager::ConstructGameplayTagTree: ImportINI prefixes -  0.001 s
[2019.03.20-05.20.54:149][  0]LogStats: UGameplayTagsManager::ConstructGameplayTagTree: Construct from data asset -  0.000 s
[2019.03.20-05.20.54:149][  0]LogStats: UGameplayTagsManager::ConstructGameplayTagTree: ImportINI -  0.000 s
[2019.03.20-05.20.54:149][  0]LogStats: UGameplayTagsManager::ConstructGameplayTagTree: GameplayTagTreeChangedEvent.Broadcast -  0.000 s
[2019.03.20-05.20.54:485][  0]LogInit: Initializing FReadOnlyCVARCache
[2019.03.20-05.20.54:533][  0]LogAIModule: Creating AISystem for world Untitled
[2019.03.20-05.20.54:559][  0]LogInit: XAudio2 using 'SAMSUNG (NVIDIA High Definition Audio)' : 2 channels at 48 kHz using 16 bits per sample (channel mask 0x3)
[2019.03.20-05.20.54:587][  0]LogInit: FAudioDevice initialized.
[2019.03.20-05.20.54:588][  0]LogNetVersion: Set ProjectVersion to 1.0.0.0. Version Checksum will be recalculated on next use.
[2019.03.20-05.20.54:650][  0]LogDerivedDataCache: Saved boot cache 0.06s 71MB C:/Users/chris/AppData/Local/UnrealEngine/4.21/DerivedDataCache/Boot.ddc.
[2019.03.20-05.20.54:658][  0]LogInit: Texture streaming: Enabled
[2019.03.20-05.20.54:684][  0]LogEngineSessionManager: EngineSessionManager initialized
[2019.03.20-05.20.54:702][  0]LogInit: Transaction tracking system initialized
[2019.03.20-05.20.54:768][  0]BlueprintLog: New page: Editor Load
[2019.03.20-05.20.54:991][  0]LocalizationService: Localization service is disabled
[2019.03.20-05.20.55:676][  0]LogCook: Display: Max memory allowance for cook 16384mb min free memory 0mb
[2019.03.20-05.20.55:676][  0]LogCook: Display: Mobile HDR setting 1
[2019.03.20-05.20.55:676][  0]LogGameplayTags: Display: UGameplayTagsManager::DoneAddingNativeTags. DelegateIsBound: 0
[2019.03.20-05.20.55:676][  0]LogStats: UGameplayTagsManager::ConstructGameplayTagTree: ImportINI prefixes -  0.000 s
[2019.03.20-05.20.55:677][  0]LogStats: UGameplayTagsManager::ConstructGameplayTagTree: Construct from data asset -  0.000 s
[2019.03.20-05.20.55:677][  0]LogStats: UGameplayTagsManager::ConstructGameplayTagTree: ImportINI -  0.000 s
[2019.03.20-05.20.55:677][  0]LogStats: UGameplayTagsManager::ConstructGameplayTagTree: GameplayTagTreeChangedEvent.Broadcast -  0.000 s
[2019.03.20-05.20.56:036][  0]LogFileCache: Scanning file cache for directory 'C:/Users/chris/Documents/GitHub/Senior-Project-CPP-Game/Content/' took 0.03s
[2019.03.20-05.20.56:036][  0]SourceControl: Source control is disabled
[2019.03.20-05.20.56:037][  0]Cmd: MAP LOAD FILE="../../../../../../Users/chris/Documents/GitHub/Senior-Project-CPP-Game/Content/Levels/DemoTown.umap" TEMPLATE=0 SHOWPROGRESS=1 FEATURELEVEL=3
[2019.03.20-05.20.56:038][  0]LightingResults: New page: Lighting Build
[2019.03.20-05.20.56:048][  0]MapCheck: New page: Map Check
[2019.03.20-05.20.56:049][  0]LightingResults: New page: Lighting Build
[2019.03.20-05.20.57:130][  0]LogAIModule: Creating AISystem for world DemoTown
[2019.03.20-05.20.57:290][  0]LogEditorServer: Finished looking for orphan Actors (0.000 secs)
[2019.03.20-05.20.57:318][  0]Cmd: MAP CHECKDEP NOCLEARLOG
[2019.03.20-05.20.57:318][  0]MapCheck: Map check complete: 0 Error(s), 0 Warning(s), took 0.139ms to complete.
[2019.03.20-05.20.57:318][  0]LogFileHelpers: Loading map 'DemoTown' took 1.282
[2019.03.20-05.20.57:478][  0]LogSlate: Updating window title bar state: overlay mode, drag disabled, window buttons hidden, title bar hidden
[2019.03.20-05.20.57:484][  0]LogSlate: Updating window title bar state: overlay mode, drag disabled, window buttons hidden, title bar hidden
[2019.03.20-05.20.57:489][  0]LogSlate: Updating window title bar state: overlay mode, drag disabled, window buttons hidden, title bar hidden
[2019.03.20-05.20.57:494][  0]LogSlate: Updating window title bar state: overlay mode, drag disabled, window buttons hidden, title bar hidden
[2019.03.20-05.20.57:514][  0]LogCollectionManager: Loaded 0 collections in 0.001370 seconds
[2019.03.20-05.20.57:561][  0]LogFileCache: Scanning file cache for directory 'C:/Users/chris/Documents/GitHub/Senior-Project-CPP-Game/Saved/Collections/' took 0.01s
[2019.03.20-05.20.57:561][  0]LogFileCache: Scanning file cache for directory 'C:/Users/chris/Documents/GitHub/Senior-Project-CPP-Game/Content/Developers/chris/Collections/' took 0.01s
[2019.03.20-05.20.57:561][  0]LogFileCache: Scanning file cache for directory 'C:/Users/chris/Documents/GitHub/Senior-Project-CPP-Game/Content/Collections/' took 0.00s
[2019.03.20-05.20.57:561][  0]LogCollectionManager: Rebuilt the GUID cache for 0 collections in 0.000000 seconds
[2019.03.20-05.20.57:572][  0]LogContentBrowser: Native class hierarchy populated in 0.0096 seconds. Added 2659 classes and 622 folders.
[2019.03.20-05.20.57:585][  0]LogContentBrowser: Native class hierarchy updated for 'WidgetCarousel' in 0.0003 seconds. Added 0 classes and 0 folders.
[2019.03.20-05.20.57:594][  0]LogPakFile: Registered encryption key '00000000000000000000000000000000': 0 pak files mounted, 0 remain pending
[2019.03.20-05.20.57:602][  0]LogPakFile: Registered encryption key '00000000000000000000000000000000': 0 pak files mounted, 0 remain pending
[2019.03.20-05.20.57:620][  0]LogPakFile: Registered encryption key '00000000000000000000000000000000': 0 pak files mounted, 0 remain pending
[2019.03.20-05.20.57:626][  0]LogPakFile: Registered encryption key '00000000000000000000000000000000': 0 pak files mounted, 0 remain pending
[2019.03.20-05.20.57:631][  0]LogPakFile: Registered encryption key '00000000000000000000000000000000': 0 pak files mounted, 0 remain pending
[2019.03.20-05.20.57:636][  0]LogPakFile: Registered encryption key '00000000000000000000000000000000': 0 pak files mounted, 0 remain pending
[2019.03.20-05.20.57:640][  0]LogPakFile: Registered encryption key '00000000000000000000000000000000': 0 pak files mounted, 0 remain pending
[2019.03.20-05.20.57:645][  0]LogPakFile: Registered encryption key '00000000000000000000000000000000': 0 pak files mounted, 0 remain pending
[2019.03.20-05.20.57:650][  0]LogPakFile: Registered encryption key '00000000000000000000000000000000': 0 pak files mounted, 0 remain pending
[2019.03.20-05.20.57:656][  0]LogPakFile: Registered encryption key '00000000000000000000000000000000': 0 pak files mounted, 0 remain pending
[2019.03.20-05.20.57:661][  0]LogPakFile: Registered encryption key '00000000000000000000000000000000': 0 pak files mounted, 0 remain pending
[2019.03.20-05.20.57:665][  0]LogPakFile: Registered encryption key '00000000000000000000000000000000': 0 pak files mounted, 0 remain pending
[2019.03.20-05.20.57:671][  0]LogPakFile: Registered encryption key '00000000000000000000000000000000': 0 pak files mounted, 0 remain pending
[2019.03.20-05.20.57:676][  0]LogPakFile: Registered encryption key '00000000000000000000000000000000': 0 pak files mounted, 0 remain pending
[2019.03.20-05.20.57:680][  0]LogPakFile: Registered encryption key '00000000000000000000000000000000': 0 pak files mounted, 0 remain pending
[2019.03.20-05.20.57:685][  0]LogPakFile: Registered encryption key '00000000000000000000000000000000': 0 pak files mounted, 0 remain pending
[2019.03.20-05.20.57:711][  0]LogPakFile: Registered encryption key '00000000000000000000000000000000': 0 pak files mounted, 0 remain pending
[2019.03.20-05.20.57:716][  0]LogPakFile: Registered encryption key '00000000000000000000000000000000': 0 pak files mounted, 0 remain pending
[2019.03.20-05.20.57:721][  0]LogPakFile: Registered encryption key '00000000000000000000000000000000': 0 pak files mounted, 0 remain pending
[2019.03.20-05.20.57:725][  0]LogPakFile: Registered encryption key '00000000000000000000000000000000': 0 pak files mounted, 0 remain pending
[2019.03.20-05.20.57:758][  0]LogPakFile: Registered encryption key '00000000000000000000000000000000': 0 pak files mounted, 0 remain pending
[2019.03.20-05.20.57:762][  0]LogPakFile: Registered encryption key '00000000000000000000000000000000': 0 pak files mounted, 0 remain pending
[2019.03.20-05.20.57:767][  0]LogPakFile: Registered encryption key '00000000000000000000000000000000': 0 pak files mounted, 0 remain pending
[2019.03.20-05.20.57:773][  0]LogPakFile: Registered encryption key '00000000000000000000000000000000': 0 pak files mounted, 0 remain pending
[2019.03.20-05.20.57:777][  0]LogPakFile: Registered encryption key '00000000000000000000000000000000': 0 pak files mounted, 0 remain pending
[2019.03.20-05.20.57:782][  0]LogPakFile: Registered encryption key '00000000000000000000000000000000': 0 pak files mounted, 0 remain pending
[2019.03.20-05.20.57:891][  0]LogContentBrowser: Native class hierarchy updated for 'AddContentDialog' in 0.0003 seconds. Added 0 classes and 0 folders.
[2019.03.20-05.20.57:906][  0]LogContentBrowser: Native class hierarchy updated for 'SceneOutliner' in 0.0003 seconds. Added 1 classes and 2 folders.
[2019.03.20-05.20.57:967][  0]LogSlate: Took 0.004902 seconds to synchronously load lazily loaded font '../../../Engine/Content/Slate/Fonts/Roboto-Regular.ttf' (155K)
[2019.03.20-05.20.57:973][  0]LogSlate: Took 0.004679 seconds to synchronously load lazily loaded font '../../../Engine/Content/Slate/Fonts/Roboto-Bold.ttf' (160K)
[2019.03.20-05.20.57:984][  0]LogSlate: Took 0.004930 seconds to synchronously load lazily loaded font '../../../Engine/Content/Editor/Slate/Fonts/FontAwesome.ttf' (139K)
[2019.03.20-05.20.58:089][  0]LogRenderer: Reallocating scene render targets to support 804x340 Format 10 NumSamples 1 (Frame:1).
[2019.03.20-05.20.58:254][  0]LogContentBrowser: Native class hierarchy updated for 'HierarchicalLODOutliner' in 0.0004 seconds. Added 0 classes and 0 folders.
[2019.03.20-05.20.58:254][  0]LogLoad: (Engine Initialization) Total time: 18.02 seconds
[2019.03.20-05.20.58:254][  0]LogLoad: (Engine Initialization) Total Blueprint compile time: 0.00 seconds
[2019.03.20-05.20.58:318][  0]LogContentStreaming: Texture pool size now 1000 MB
[2019.03.20-05.20.58:353][  0]LogSlate: Took 0.005267 seconds to synchronously load lazily loaded font '../../../Engine/Content/Slate/Fonts/Roboto-Light.ttf' (167K)
[2019.03.20-05.20.58:402][  1]LogAssetRegistry: Asset discovery search completed in 10.1684 seconds
[2019.03.20-05.20.58:403][  1]LogCollectionManager: Rebuilt the object cache for 0 collections in 0.000001 seconds (found 0 objects)
[2019.03.20-05.20.58:403][  1]LogCollectionManager: Fixed up redirectors for 0 collections in 0.000122 seconds (updated 0 objects)
[2019.03.20-05.21.12:916][547]LogSlate: FSceneViewport::OnFocusLost() reason 0
[2019.03.20-05.21.21:769][226]LogSlate: Window 'Tutorials' being destroyed
[2019.03.20-05.21.35:089][819]LogSlate: FSceneViewport::OnFocusLost() reason 0
[2019.03.20-05.22.04:567][119]LogEditorViewport: Clicking on Actor (LMB): Landscape (Landscape)
[2019.03.20-05.22.06:030][285]LogEditorViewport: Clicking on Actor (LMB): StaticMeshActor (SM_BasicLinearStair)
[2019.03.20-05.22.08:773][596]LogEditorViewport: Clicking on Actor (LMB): Landscape (Landscape)
[2019.03.20-05.22.15:665][419]LogSlate: FSceneViewport::OnFocusLost() reason 0
[2019.03.20-05.22.47:572][940]LogSlate: Took 0.000148 seconds to synchronously load lazily loaded font '../../../Engine/Content/Slate/Fonts/Roboto-Light.ttf' (167K)
[2019.03.20-05.22.56:928][940]LogSlate: Window 'Pick Parent Class' being destroyed
[2019.03.20-05.23.14:075][980]LogAssetEditorManager: Opening Asset editor for Blueprint /Game/Blueprints/Attacks/BP_DummyAttack.BP_DummyAttack
[2019.03.20-05.23.14:513][980]LogContentBrowser: Native class hierarchy updated for 'BlueprintGraph' in 0.0006 seconds. Added 117 classes and 0 folders.
[2019.03.20-05.23.17:641][217]LogRenderer: Reallocating scene render targets to support 804x424 Format 10 NumSamples 1 (Frame:208).
[2019.03.20-05.23.17:759][231]LogSlate: Window 'BP_DummyAttack*' being destroyed
[2019.03.20-05.23.17:764][232]LogRenderer: Reallocating scene render targets to support 1024x512 Format 10 NumSamples 1 (Frame:9459).
[2019.03.20-05.23.24:153][997]LogSlate: Took 0.005595 seconds to synchronously load lazily loaded font '../../../Engine/Content/Slate/Fonts/Roboto-Italic.ttf' (157K)
[2019.03.20-05.24.00:499][353]BlueprintLog: New page: Compile BP_DummyAttack
[2019.03.20-05.24.01:043][398]LogSavePackage: Moving '../../../../../../Users/chris/Documents/GitHub/Senior-Project-CPP-Game/Saved/BP_DummyAttack98E927A94657E21CFF7210A54A7E6F69.tmp' to '../../../../../../Users/chris/Documents/GitHub/Senior-Project-CPP-Game/Content/Blueprints/Attacks/BP_DummyAttack.uasset'
[2019.03.20-05.24.23:782][124]LogSlate: Took 0.005869 seconds to synchronously load lazily loaded font '../../../Engine/Content/Slate/Fonts/Roboto-BoldCondensed.ttf' (158K)
[2019.03.20-05.24.43:821][524]BlueprintLog: New page: Compile BP_DummyAttack
[2019.03.20-05.24.44:504][588]LogSavePackage: Moving '../../../../../../Users/chris/Documents/GitHub/Senior-Project-CPP-Game/Saved/BP_DummyAttack1953CC774CC1EB9A0FB7F19A40BB06C2.tmp' to '../../../../../../Users/chris/Documents/GitHub/Senior-Project-CPP-Game/Content/Blueprints/Attacks/BP_DummyAttack.uasset'
[2019.03.20-05.28.54:237][337]LogEditorTransaction: Undo Move Nodes
[2019.03.20-05.28.54:935][419]LogEditorTransaction: Undo Move Node
[2019.03.20-05.29.21:975][638]BlueprintLog: New page: Compile BP_DummyAttack
[2019.03.20-05.29.21:981][638]LogBlueprint: Error: [Compiler BP_DummyAttack] This blueprint (self) is not a SceneComponent, therefore ' Target ' must have a connection.
[2019.03.20-05.29.22:099][638]LogBlueprint: Warning: [Compiler BP_DummyAttack] [0521.86] Compile of BP_DummyAttack failed. 1 Fatal Issue(s) 0 Warning(s) [in 124 ms] (/Game/Blueprints/Attacks/BP_DummyAttack.BP_DummyAttack)
[2019.03.20-05.29.22:502][681]LogSavePackage: Moving '../../../../../../Users/chris/Documents/GitHub/Senior-Project-CPP-Game/Saved/BP_DummyAttackD23CADE24B3A1C7ABC9D3DAFDEC0292C.tmp' to '../../../../../../Users/chris/Documents/GitHub/Senior-Project-CPP-Game/Content/Blueprints/Attacks/BP_DummyAttack.uasset'
[2019.03.20-05.29.55:533][637]BlueprintLog: New page: Compile BP_DummyAttack
[2019.03.20-05.29.55:540][637]LogBlueprint: Warning: [Compiler BP_DummyAttack] Attacks.atkHitBox is not blueprint visible (BlueprintReadOnly or BlueprintReadWrite). Please fix mark up or cease accessing as this will be made an error in a future release.  Get atkHitBox
[2019.03.20-05.29.55:656][637]LogBlueprint: Warning: [Compiler BP_DummyAttack] [0555.42] Compile of BP_DummyAttack successful, but with 1 Warning(s) [in 123 ms] (/Game/Blueprints/Attacks/BP_DummyAttack.BP_DummyAttack)
[2019.03.20-05.29.56:856][773]LogSavePackage: Moving '../../../../../../Users/chris/Documents/GitHub/Senior-Project-CPP-Game/Saved/BP_DummyAttackF25E6B71407C3CDD115FA287E0A09CCD.tmp' to '../../../../../../Users/chris/Documents/GitHub/Senior-Project-CPP-Game/Content/Blueprints/Attacks/BP_DummyAttack.uasset'
[2019.03.20-05.30.44:663][495]BlueprintLog: New page: Compile BP_DummyAttack
[2019.03.20-05.30.45:861][618]LogSavePackage: Moving '../../../../../../Users/chris/Documents/GitHub/Senior-Project-CPP-Game/Saved/BP_DummyAttack7E9E504E420C6608B0AECDA0BD0E4564.tmp' to '../../../../../../Users/chris/Documents/GitHub/Senior-Project-CPP-Game/Content/Blueprints/Attacks/BP_DummyAttack.uasset'
[2019.03.20-05.31.02:580][619]LogSlate: FSceneViewport::OnFocusLost() reason 0
[2019.03.20-05.31.11:232][656]BlueprintLog: New page: Compile BP_DummyAttack
[2019.03.20-05.31.11:901][715]LogSavePackage: Moving '../../../../../../Users/chris/Documents/GitHub/Senior-Project-CPP-Game/Saved/BP_DummyAttack0B6693E744D8F195D79403856F4D76B6.tmp' to '../../../../../../Users/chris/Documents/GitHub/Senior-Project-CPP-Game/Content/Blueprints/Attacks/BP_DummyAttack.uasset'
[2019.03.20-05.31.22:965][ 32]LogAssetEditorManager: Opening Asset editor for WidgetBlueprint /Game/UI/playerHud.playerHud
[2019.03.20-05.32.26:982][437]LogSlate: Prevented a slow task dialog from being summoned while a context menu was open
[2019.03.20-05.32.40:217][ 18]BlueprintLog: New page: Compile playerHud
[2019.03.20-05.32.40:238][ 18]LogBlueprint: Error: [Compiler playerHud] The current value of the ' Spawn Transform ' pin is invalid: 'Spawn Transform' must have an input wired into it ("by ref" params expect a valid input to operate on).
[2019.03.20-05.32.40:238][ 18]LogBlueprint: Error: [Compiler playerHud] The current value of the ' Spawn Transform ' pin is invalid: 'Spawn Transform' must have an input wired into it ("by ref" params expect a valid input to operate on).
[2019.03.20-05.32.40:275][ 18]LogBlueprint: Warning: [Compiler playerHud] [0720.04] Compile of playerHud failed. 2 Fatal Issue(s) 0 Warning(s) [in 57 ms] (/Game/UI/playerHud.playerHud)
[2019.03.20-05.33.43:823][513]BlueprintLog: New page: Compile playerHud
[2019.03.20-05.33.45:104][656]Cmd: OBJ SAVEPACKAGE PACKAGE="/Game/UI/playerHud" FILE="../../../../../../Users/chris/Documents/GitHub/Senior-Project-CPP-Game/Content/UI/playerHud.uasset" SILENT=true
[2019.03.20-05.33.45:168][656]LogSavePackage: Moving '../../../../../../Users/chris/Documents/GitHub/Senior-Project-CPP-Game/Saved/playerHudB5C843E44BC10EED234AEE8660F0EB50.tmp' to '../../../../../../Users/chris/Documents/GitHub/Senior-Project-CPP-Game/Content/UI/playerHud.uasset'
[2019.03.20-05.33.49:990][232]LogTemp: Repeating last play command: Selected Viewport
[2019.03.20-05.33.50:021][232]LogBlueprintUserMessages: Early PlayInEditor Detection: Level '/Game/Levels/DemoTown.DemoTown:PersistentLevel' has LevelScriptBlueprint '/Game/Levels/DemoTown.DemoTown:PersistentLevel.DemoTown' with GeneratedClass '/Game/Levels/DemoTown.DemoTown_C' with ClassGeneratedBy '/Game/Levels/DemoTown.DemoTown:PersistentLevel.DemoTown'
[2019.03.20-05.33.50:021][232]LogPlayLevel: PlayLevel: No blueprints needed recompiling
[2019.03.20-05.33.50:022][232]PIE: New page: PIE session: DemoTown (Mar 19, 2019, 3:33:50 PM)
[2019.03.20-05.33.50:036][232]LogPlayLevel: Creating play world package: /Game/Levels/UEDPIE_0_DemoTown
[2019.03.20-05.33.50:067][232]LogPlayLevel: PIE: StaticDuplicateObject took: (0.030475s)
[2019.03.20-05.33.50:068][232]LogAIModule: Creating AISystem for world DemoTown
[2019.03.20-05.33.50:068][232]LogPlayLevel: PIE: World Init took: (0.000529s)
[2019.03.20-05.33.50:068][232]LogPlayLevel: PIE: Created PIE world by copying editor world from /Game/Levels/DemoTown.DemoTown to /Game/Levels/UEDPIE_0_DemoTown.DemoTown (0.031477s)
[2019.03.20-05.33.50:106][232]LogInit: XAudio2 using 'SAMSUNG (NVIDIA High Definition Audio)' : 2 channels at 48 kHz using 16 bits per sample (channel mask 0x3)
[2019.03.20-05.33.50:114][232]LogInit: FAudioDevice initialized.
[2019.03.20-05.33.50:979][232]LogLoad: Game class is 'BP_HSPGameGameModeBase_C'
[2019.03.20-05.33.50:982][232]LogWorld: Bringing World /Game/Levels/UEDPIE_0_DemoTown.DemoTown up for play (max tick rate 0) at 2019.03.19-22.33.50
[2019.03.20-05.33.50:989][232]LogWorld: Bringing up level for play took: 0.009213
[2019.03.20-05.33.51:013][232]LogContentBrowser: Native class hierarchy updated for 'MovieSceneCapture' in 0.0004 seconds. Added 20 classes and 0 folders.
[2019.03.20-05.33.51:017][232]PIE: Play in editor start time for /Game/Levels/UEDPIE_0_DemoTown 1.868
[2019.03.20-05.33.51:017][232]LogBlueprintUserMessages: Late PlayInEditor Detection: Level '/Game/Levels/DemoTown.DemoTown:PersistentLevel' has LevelScriptBlueprint '/Game/Levels/DemoTown.DemoTown:PersistentLevel.DemoTown' with GeneratedClass '/Game/Levels/DemoTown.DemoTown_C' with ClassGeneratedBy '/Game/Levels/DemoTown.DemoTown:PersistentLevel.DemoTown'
[2019.03.20-05.33.53:816][565]LogSlate: FSceneViewport::OnFocusLost() reason 0
[2019.03.20-05.34.02:479][604]LogSlate: FSceneViewport::OnFocusLost() reason 2
[2019.03.20-05.34.04:081][795]LogBlueprintUserMessages: Early EndPlayMap Detection: Level '/Game/Levels/DemoTown.DemoTown:PersistentLevel' has LevelScriptBlueprint '/Game/Levels/DemoTown.DemoTown:PersistentLevel.DemoTown' with GeneratedClass '/Game/Levels/DemoTown.DemoTown_C' with ClassGeneratedBy '/Game/Levels/DemoTown.DemoTown:PersistentLevel.DemoTown'
[2019.03.20-05.34.04:082][795]LogSlate: Updating window title bar state: overlay mode, drag disabled, window buttons hidden, title bar hidden
[2019.03.20-05.34.04:117][795]LogPlayLevel: Display: Shutting down PIE online subsystems
[2019.03.20-05.34.04:117][795]LogBlueprintUserMessages: Late EndPlayMap Detection: Level '/Game/Levels/DemoTown.DemoTown:PersistentLevel' has LevelScriptBlueprint '/Game/Levels/DemoTown.DemoTown:PersistentLevel.DemoTown' with GeneratedClass '/Game/Levels/DemoTown.DemoTown_C' with ClassGeneratedBy '/Game/Levels/DemoTown.DemoTown:PersistentLevel.DemoTown'
[2019.03.20-05.34.04:145][795]LogSlate: Updating window title bar state: overlay mode, drag disabled, window buttons hidden, title bar hidden
[2019.03.20-05.34.04:179][798]LogPlayLevel: Display: Destroying online subsystem :Context_5
[2019.03.20-05.34.19:614][634]LogSlate: FSceneViewport::OnFocusLost() reason 0
[2019.03.20-05.35.03:679][921]MapCheck: New page: Map Check
[2019.03.20-05.35.03:691][921]Cmd: MAP REBUILD ALLVISIBLE
[2019.03.20-05.35.03:692][921]LogEditorServer: Rebuildmap Clear paths rebuilt
[2019.03.20-05.35.03:792][921]LogMaterial: Display: Missing cached shader map for material FDebugViewModeMaterialProxy M_Wood_Oak, compiling. 
[2019.03.20-05.35.03:801][921]LogMaterial: Display: Missing cached shader map for material FDebugViewModeMaterialProxy LandscapeGizmo_Mat, compiling. 
[2019.03.20-05.35.03:807][921]LogShaderCompilers: Display: Shaders left to compile 2
[2019.03.20-05.35.03:807][921]LogShaderCompilers: Display: Shaders left to compile 1
[2019.03.20-05.35.03:807][921]LogMaterial: Display: Missing cached shader map for material FDebugViewModeMaterialProxy brickMat, compiling. 
[2019.03.20-05.35.03:814][921]LogMaterial: Display: Missing cached shader map for material FDebugViewModeMaterialProxy M_Lamp, compiling. 
[2019.03.20-05.35.03:820][921]LogMaterial: Display: Missing cached shader map for material FDebugViewModeMaterialProxy M_Chair, compiling. 
[2019.03.20-05.35.03:826][921]LogShaderCompilers: Display: Shaders left to compile 3
[2019.03.20-05.35.03:826][921]LogShaderCompilers: Display: Shaders left to compile 2
[2019.03.20-05.35.03:826][921]LogShaderCompilers: Display: Shaders left to compile 1
[2019.03.20-05.35.03:826][921]LogMaterial: Display: Missing cached shader map for material FDebugViewModeMaterialProxy M_TableRound, compiling. 
[2019.03.20-05.35.03:832][921]LogMaterial: Display: Missing cached shader map for material FDebugViewModeMaterialProxy M_StatueGlass, compiling. 
[2019.03.20-05.35.03:839][921]LogMaterial: Display: Missing cached shader map for material FDebugViewModeMaterialProxy M_Statue, compiling. 
[2019.03.20-05.35.03:844][921]LogMaterial: Display: Missing cached shader map for material FDebugViewModeMaterialProxy M_Rock, compiling. 
[2019.03.20-05.35.03:850][921]LogMaterial: Display: Missing cached shader map for material FDebugViewModeMaterialProxy M_Water_Ocean, compiling. 
[2019.03.20-05.35.03:857][921]LogMaterial: Display: Missing cached shader map for material FDebugViewModeMaterialProxy M_Bush, compiling. 
[2019.03.20-05.35.03:867][921]LogShaderCompilers: Display: Shaders left to compile 5
[2019.03.20-05.35.03:868][921]LogShaderCompilers: Display: Shaders left to compile 4
[2019.03.20-05.35.03:868][921]LogShaderCompilers: Display: Shaders left to compile 3
[2019.03.20-05.35.03:868][921]LogMaterial: Display: Missing cached shader map for material FDebugViewModeMaterialProxy M_Shelf, compiling. 
[2019.03.20-05.35.03:875][921]LogMaterial: Display: Missing cached shader map for material FDebugViewModeMaterialProxy M_MaterialSphere_Plain, compiling. 
[2019.03.20-05.35.03:881][921]LogMaterial: Display: Missing cached shader map for material FDebugViewModeMaterialProxy M_MaterialSphere, compiling. 
[2019.03.20-05.35.03:891][921]LogMaterial: Display: Missing cached shader map for material FDebugViewModeMaterialProxy M_Ground_Gravel, compiling. 
[2019.03.20-05.35.03:899][921]LogMaterial: Display: Missing cached shader map for material FDebugViewModeMaterialProxy M_Frame, compiling. 
[2019.03.20-05.35.03:909][921]LogMaterial: Display: Missing cached shader map for material FDebugViewModeMaterialProxy WorldGridMaterial, compiling. Is special engine material.
[2019.03.20-05.35.03:919][921]LogMaterial: Display: Missing cached shader map for material FDebugViewModeMaterialProxy MaskedUnlitSpriteMaterial, compiling. 
[2019.03.20-05.35.03:928][921]LogMaterial: Display: Missing cached shader map for material FDebugViewModeMaterialProxy MaskedLitSpriteMaterial, compiling. 
[2019.03.20-05.35.04:606][921]LogShaderCompilers: Display: Shaders left to compile 11
[2019.03.20-05.35.04:606][921]LogShaderCompilers: Display: Shaders left to compile 10
[2019.03.20-05.35.04:606][921]LogShaderCompilers: Display: Shaders left to compile 9
[2019.03.20-05.35.04:606][921]LogShaderCompilers: Display: Shaders left to compile 8
[2019.03.20-05.35.04:606][921]LogShaderCompilers: Display: Shaders left to compile 7
[2019.03.20-05.35.04:606][921]LogShaderCompilers: Display: Shaders left to compile 6
[2019.03.20-05.35.04:607][921]LogShaderCompilers: Display: Shaders left to compile 5
[2019.03.20-05.35.04:607][921]LogShaderCompilers: Display: Shaders left to compile 4
[2019.03.20-05.35.04:607][921]LogShaderCompilers: Display: Shaders left to compile 3
[2019.03.20-05.35.04:607][921]LogShaderCompilers: Display: Shaders left to compile 2
[2019.03.20-05.35.04:607][921]LogShaderCompilers: Display: Shaders left to compile 1
[2019.03.20-05.35.04:607][921]TextureStreamingBuild: Display: Compiling optional shaders took 0.818 seconds.
[2019.03.20-05.35.04:627][921]LogLevel: Display: Export Material TexCoord Scales took 0.019 seconds.
[2019.03.20-05.35.04:667][921]TextureStreamingBuild: Display: Build Texture Streaming took 0.039 seconds.
[2019.03.20-05.35.04:696][921]LightingResults: New page: Lighting Build - Mar 19, 2019, 3:35:04 PM
[2019.03.20-05.35.04:763][921]LogSwarmInterface: [OpenConnection] Registering TCP channel ...
[2019.03.20-05.35.04:828][921]LogSwarmInterface: [OpenConnection] Connecting to agent ...
[2019.03.20-05.35.04:849][921]LogSwarmInterface: [TryOpenConnection] Testing the Agent
[2019.03.20-05.35.05:375][921]LogSwarmInterface: [TryOpenConnection] Opening Connection to Agent
[2019.03.20-05.35.05:376][921]LogSwarmInterface: [TryOpenConnection] Local Process ID is 3596
[2019.03.20-05.35.10:010][921]LogStaticLightingSystem: Warning: No importance volume found, so the scene bounding box was used.  You can optimize your scene's quality and lighting build times by adding importance volumes.
[2019.03.20-05.35.10:012][921]LogStaticLightingSystem: Running Lightmass w/ ImmediateImport mode ENABLED
[2019.03.20-05.35.10:012][921]LogStaticLightingSystem: Running Lightmass w/ ImmediateProcess mode ENABLED
[2019.03.20-05.35.10:012][921]LogStaticLightingSystem: Running Lightmass w/ Sorting mode ENABLED
[2019.03.20-05.35.10:012][921]LogStaticLightingSystem: Running Lightmass w/ Mapping paddings ENABLED
[2019.03.20-05.35.10:012][921]LogStaticLightingSystem: Running Lightmass w/ Mapping debug paddings DISABLED
[2019.03.20-05.35.10:108][921]Cmd: MAP CHECK DONTDISPLAYDIALOG
[2019.03.20-05.35.10:108][921]MapCheck: New page: DemoTown - Mar 19, 2019, 3:35:10 PM
[2019.03.20-05.35.10:111][921]MapCheck: Map check complete: 0 Error(s), 0 Warning(s), took 3.38ms to complete.
[2019.03.20-05.35.10:136][921]LogEditorBuildUtils: Build time 0:06
[2019.03.20-05.35.17:359][540]Job is a success!
[2019.03.20-05.35.17:378][541]LogSlate: FSceneViewport::OnFocusLost() reason 2
[2019.03.20-05.35.17:468][541]LogVolumetricLightmapImport: Imported Volumetric Lightmap in 0.067s
[2019.03.20-05.35.17:468][541]LogVolumetricLightmapImport:      Indirection Texture 32x32x32 = 0.1Mb
[2019.03.20-05.35.17:468][541]LogVolumetricLightmapImport:      BrickData 1280x10x5 = 2.3Mb (trimmed 0.1Mb due to 0.010000 MinBrickError)
[2019.03.20-05.35.17:468][541]LogVolumetricLightmapImport:      Bricks at Level
[2019.03.20-05.35.17:468][541]LogVolumetricLightmapImport:          0: 2.7% covering 100.0% of volume
[2019.03.20-05.35.17:468][541]LogVolumetricLightmapImport:          1: 8.3% covering 4.9% of volume
[2019.03.20-05.35.17:468][541]LogVolumetricLightmapImport:          2: 89.0% covering 0.8% of volume
[2019.03.20-05.35.17:976][541]LogTexture: Display: Building textures: HQ_Lightmap1_1 (AutoDXT, 512X512)
[2019.03.20-05.35.17:977][541]LogTexture: Display: Building textures: LQ_Lightmap_1_1 (DXT1, 512X512)
[2019.03.20-05.35.17:980][541]LogTexture: Display: Building textures: HQ_Lightmap1_2 (AutoDXT, 1024X1024)
[2019.03.20-05.35.17:980][541]LogTexture: Display: Building textures: LQ_Lightmap_1_2 (DXT1, 1024X1024)
[2019.03.20-05.35.17:980][541]LogTexture: Display: Building textures: HQ_Lightmap1_3 (AutoDXT, 1024X1024)
[2019.03.20-05.35.17:980][541]LogTexture: Display: Building textures: LQ_Lightmap_1_3 (DXT1, 1024X1024)
[2019.03.20-05.35.18:167][541]LogTexture: Display: Building textures: ShadowMapTexture2D_2 (BGRA8, 128X256)
[2019.03.20-05.35.18:168][541]LogTexture: Display: Building textures: ShadowMapTexture2D_3 (BGRA8, 1024X1024)
[2019.03.20-05.35.18:212][541]Lightmass on ALL-MIGHT: 7.47 sec total, 502 ms importing, 104 ms setup, 2.11 sec photons, 4.69 sec processing, 0 ms extra exporting [154/154 mappings]. Threads: 51.1 sec total, 27.9 sec processing.
[2019.03.20-05.35.18:250][541]LogStaticLightingSystem: Illumination: 13.5 sec (433 ms encoding lightmaps, 181 ms encoding shadowmaps)
[2019.03.20-05.35.18:250][541]LogStaticLightingSystem: Lightmap texture memory:  4.5 MB (4.0 MB streaming, 0.5 MB non-streaming), 6 textures
[2019.03.20-05.35.18:251][541]LogStaticLightingSystem: Shadowmap texture memory: 5.5 MB (5.3 MB streaming, 0.2 MB non-streaming), 2 textures
[2019.03.20-05.35.19:026][541]DumpUnbuiltLightIteractions
[2019.03.20-05.35.19:026][541]Lights with unbuilt interactions: 0
[2019.03.20-05.35.19:026][541]
[2019.03.20-05.35.19:027][541]Primitives with unbuilt interactions: 0
[2019.03.20-05.35.19:030][541]LogSlate: FSceneViewport::OnFocusLost() reason 2
[2019.03.20-05.35.19:042][542]Cmd: MAP CHECK NOTIFYRESULTS
[2019.03.20-05.35.19:042][542]MapCheck: New page: DemoTown - Mar 19, 2019, 3:35:19 PM
[2019.03.20-05.35.19:045][542]MapCheck: Map check complete: 0 Error(s), 0 Warning(s), took 2.737ms to complete.
[2019.03.20-05.35.21:633][851]LogSlate: FSceneViewport::OnFocusLost() reason 2
[2019.03.20-05.35.22:641][972]LogTemp: Repeating last play command: Selected Viewport
[2019.03.20-05.35.22:667][972]LogBlueprintUserMessages: Early PlayInEditor Detection: Level '/Game/Levels/DemoTown.DemoTown:PersistentLevel' has LevelScriptBlueprint '/Game/Levels/DemoTown.DemoTown:PersistentLevel.DemoTown' with GeneratedClass '/Game/Levels/DemoTown.DemoTown_C' with ClassGeneratedBy '/Game/Levels/DemoTown.DemoTown:PersistentLevel.DemoTown'
[2019.03.20-05.35.22:668][972]LogPlayLevel: PlayLevel: No blueprints needed recompiling
[2019.03.20-05.35.22:668][972]PIE: New page: PIE session: DemoTown (Mar 19, 2019, 3:35:22 PM)
[2019.03.20-05.35.22:668][972]LogPlayLevel: Creating play world package: /Game/Levels/UEDPIE_0_DemoTown
[2019.03.20-05.35.22:697][972]LogPlayLevel: PIE: StaticDuplicateObject took: (0.029437s)
[2019.03.20-05.35.22:698][972]LogAIModule: Creating AISystem for world DemoTown
[2019.03.20-05.35.22:698][972]LogPlayLevel: PIE: World Init took: (0.000628s)
[2019.03.20-05.35.22:698][972]LogPlayLevel: PIE: Created PIE world by copying editor world from /Game/Levels/DemoTown.DemoTown to /Game/Levels/UEDPIE_0_DemoTown.DemoTown (0.030414s)
[2019.03.20-05.35.22:733][972]LogInit: XAudio2 using 'SAMSUNG (NVIDIA High Definition Audio)' : 2 channels at 48 kHz using 16 bits per sample (channel mask 0x3)
[2019.03.20-05.35.22:741][972]LogInit: FAudioDevice initialized.
[2019.03.20-05.35.22:741][972]LogSlate: FSceneViewport::OnFocusLost() reason 2
[2019.03.20-05.35.22:776][972]LogLoad: Game class is 'BP_HSPGameGameModeBase_C'
[2019.03.20-05.35.22:780][972]LogWorld: Bringing World /Game/Levels/UEDPIE_0_DemoTown.DemoTown up for play (max tick rate 0) at 2019.03.19-22.35.22
[2019.03.20-05.35.22:781][972]LogWorld: Bringing up level for play took: 0.003699
[2019.03.20-05.35.22:795][972]PIE: Play in editor start time for /Game/Levels/UEDPIE_0_DemoTown -0.354
[2019.03.20-05.35.22:796][972]LogBlueprintUserMessages: Late PlayInEditor Detection: Level '/Game/Levels/DemoTown.DemoTown:PersistentLevel' has LevelScriptBlueprint '/Game/Levels/DemoTown.DemoTown:PersistentLevel.DemoTown' with GeneratedClass '/Game/Levels/DemoTown.DemoTown_C' with ClassGeneratedBy '/Game/Levels/DemoTown.DemoTown:PersistentLevel.DemoTown'
[2019.03.20-05.35.27:313][513]LogSlate: FSceneViewport::OnFocusLost() reason 0
[2019.03.20-05.35.52:763][566]LogSlate: FSceneViewport::OnFocusLost() reason 2
[2019.03.20-05.35.53:721][680]LogBlueprintUserMessages: Early EndPlayMap Detection: Level '/Game/Levels/DemoTown.DemoTown:PersistentLevel' has LevelScriptBlueprint '/Game/Levels/DemoTown.DemoTown:PersistentLevel.DemoTown' with GeneratedClass '/Game/Levels/DemoTown.DemoTown_C' with ClassGeneratedBy '/Game/Levels/DemoTown.DemoTown:PersistentLevel.DemoTown'
[2019.03.20-05.35.53:722][680]LogSlate: Updating window title bar state: overlay mode, drag disabled, window buttons hidden, title bar hidden
[2019.03.20-05.35.53:758][680]LogPlayLevel: Display: Shutting down PIE online subsystems
[2019.03.20-05.35.53:758][680]LogBlueprintUserMessages: Late EndPlayMap Detection: Level '/Game/Levels/DemoTown.DemoTown:PersistentLevel' has LevelScriptBlueprint '/Game/Levels/DemoTown.DemoTown:PersistentLevel.DemoTown' with GeneratedClass '/Game/Levels/DemoTown.DemoTown_C' with ClassGeneratedBy '/Game/Levels/DemoTown.DemoTown:PersistentLevel.DemoTown'
[2019.03.20-05.35.53:783][680]LogSlate: Updating window title bar state: overlay mode, drag disabled, window buttons hidden, title bar hidden
[2019.03.20-05.35.53:826][684]LogPlayLevel: Display: Destroying online subsystem :Context_6
[2019.03.20-05.36.00:431][885]LogSlate: FSceneViewport::OnFocusLost() reason 0
[2019.03.20-05.37.32:527][791]LogSlate: Prevented a slow task dialog from being summoned while a context menu was open
[2019.03.20-05.37.51:458][ 52]BlueprintLog: New page: Compile BP_DummyAttack
[2019.03.20-05.38.51:975][256]LogEditorTransaction: Undo Delete current selection
[2019.03.20-05.38.52:699][341]LogEditorTransaction: Undo Move Node
[2019.03.20-05.38.53:046][381]LogEditorTransaction: Undo Move Nodes
[2019.03.20-05.38.53:367][418]LogEditorTransaction: Undo Create Pin Link
[2019.03.20-05.38.53:688][455]LogEditorTransaction: Undo Move Nodes
[2019.03.20-05.38.54:293][526]LogEditorTransaction: Undo Move Node
[2019.03.20-05.38.54:631][565]LogEditorTransaction: Undo Add Node
[2019.03.20-05.38.54:926][599]LogEditorTransaction: Undo Move Node
[2019.03.20-05.38.55:263][638]LogEditorTransaction: Undo Change Class Pin Value
[2019.03.20-05.38.55:569][673]LogEditorTransaction: Undo Add Node
[2019.03.20-05.38.55:865][707]LogEditorTransaction: Undo Delete current selection
[2019.03.20-05.41.48:285][279]LogEditorTransaction: Undo Straighten Connection(s)
[2019.03.20-05.43.06:388][641]BlueprintLog: New page: Compile BP_DummyAttack
[2019.03.20-05.43.06:403][641]LogBlueprint: Warning: [Compiler BP_DummyAttack] 'Protag Class' does not inherit from 'Player Controller' ( Cast To ProtagClass  would always fail).
[2019.03.20-05.43.06:550][641]LogBlueprint: Warning: [Compiler BP_DummyAttack] [1346.31] Compile of BP_DummyAttack successful, but with 1 Warning(s) [in 161 ms] (/Game/Blueprints/Attacks/BP_DummyAttack.BP_DummyAttack)
[2019.03.20-05.43.32:629][743]BlueprintLog: New page: Compile BP_DummyAttack
[2019.03.20-05.43.33:805][860]LogSavePackage: Moving '../../../../../../Users/chris/Documents/GitHub/Senior-Project-CPP-Game/Saved/BP_DummyAttackC8A055C34ABECD0A132042835DB82C83.tmp' to '../../../../../../Users/chris/Documents/GitHub/Senior-Project-CPP-Game/Content/Blueprints/Attacks/BP_DummyAttack.uasset'
[2019.03.20-05.44.01:443][155]LogSelectionDetails: Warning: NavigateToFunctionSource:  Unable to find symbols for 'USceneComponent::SetWorldScale3D' [Element not found.]
[2019.03.20-05.44.01:898][209]LogSelectionDetails: Warning: NavigateToFunctionSource:  Unable to find symbols for 'USceneComponent::SetWorldScale3D' [Element not found.]
[2019.03.20-05.44.04:426][512]BlueprintLog: New page: Compile BP_DummyAttack
[2019.03.20-05.44.05:092][568]LogSavePackage: Moving '../../../../../../Users/chris/Documents/GitHub/Senior-Project-CPP-Game/Saved/BP_DummyAttack2DFA968749F1F9E7625373BA341ED64E.tmp' to '../../../../../../Users/chris/Documents/GitHub/Senior-Project-CPP-Game/Content/Blueprints/Attacks/BP_DummyAttack.uasset'
[2019.03.20-05.44.32:954][903]BlueprintLog: New page: Compile playerHud
[2019.03.20-05.44.33:420][947]Cmd: OBJ SAVEPACKAGE PACKAGE="/Game/UI/playerHud" FILE="../../../../../../Users/chris/Documents/GitHub/Senior-Project-CPP-Game/Content/UI/playerHud.uasset" SILENT=true
[2019.03.20-05.44.33:473][947]LogSavePackage: Moving '../../../../../../Users/chris/Documents/GitHub/Senior-Project-CPP-Game/Saved/playerHudCB7CF3D14DEF945C82B0878B809A1850.tmp' to '../../../../../../Users/chris/Documents/GitHub/Senior-Project-CPP-Game/Content/UI/playerHud.uasset'
[2019.03.20-05.44.40:979][845]LogTemp: Repeating last play command: Selected Viewport
[2019.03.20-05.44.41:006][845]LogBlueprintUserMessages: Early PlayInEditor Detection: Level '/Game/Levels/DemoTown.DemoTown:PersistentLevel' has LevelScriptBlueprint '/Game/Levels/DemoTown.DemoTown:PersistentLevel.DemoTown' with GeneratedClass '/Game/Levels/DemoTown.DemoTown_C' with ClassGeneratedBy '/Game/Levels/DemoTown.DemoTown:PersistentLevel.DemoTown'
[2019.03.20-05.44.41:006][845]LogPlayLevel: PlayLevel: No blueprints needed recompiling
[2019.03.20-05.44.41:006][845]PIE: New page: PIE session: DemoTown (Mar 19, 2019, 3:44:41 PM)
[2019.03.20-05.44.41:006][845]LogPlayLevel: Creating play world package: /Game/Levels/UEDPIE_0_DemoTown
[2019.03.20-05.44.41:037][845]LogPlayLevel: PIE: StaticDuplicateObject took: (0.031184s)
[2019.03.20-05.44.41:038][845]LogAIModule: Creating AISystem for world DemoTown
[2019.03.20-05.44.41:038][845]LogPlayLevel: PIE: World Init took: (0.000785s)
[2019.03.20-05.44.41:039][845]LogPlayLevel: PIE: Created PIE world by copying editor world from /Game/Levels/DemoTown.DemoTown to /Game/Levels/UEDPIE_0_DemoTown.DemoTown (0.032354s)
[2019.03.20-05.44.41:075][845]LogInit: XAudio2 using 'SAMSUNG (NVIDIA High Definition Audio)' : 2 channels at 48 kHz using 16 bits per sample (channel mask 0x3)
[2019.03.20-05.44.41:084][845]LogInit: FAudioDevice initialized.
[2019.03.20-05.44.41:113][845]LogLoad: Game class is 'BP_HSPGameGameModeBase_C'
[2019.03.20-05.44.41:117][845]LogWorld: Bringing World /Game/Levels/UEDPIE_0_DemoTown.DemoTown up for play (max tick rate 0) at 2019.03.19-22.44.41
[2019.03.20-05.44.41:118][845]LogWorld: Bringing up level for play took: 0.003828
[2019.03.20-05.44.41:133][845]PIE: Play in editor start time for /Game/Levels/UEDPIE_0_DemoTown -0.016
[2019.03.20-05.44.41:134][845]LogBlueprintUserMessages: Late PlayInEditor Detection: Level '/Game/Levels/DemoTown.DemoTown:PersistentLevel' has LevelScriptBlueprint '/Game/Levels/DemoTown.DemoTown:PersistentLevel.DemoTown' with GeneratedClass '/Game/Levels/DemoTown.DemoTown_C' with ClassGeneratedBy '/Game/Levels/DemoTown.DemoTown:PersistentLevel.DemoTown'
[2019.03.20-05.44.48:856][769]LogBlueprintUserMessages: Early EndPlayMap Detection: Level '/Game/Levels/DemoTown.DemoTown:PersistentLevel' has LevelScriptBlueprint '/Game/Levels/DemoTown.DemoTown:PersistentLevel.DemoTown' with GeneratedClass '/Game/Levels/DemoTown.DemoTown_C' with ClassGeneratedBy '/Game/Levels/DemoTown.DemoTown:PersistentLevel.DemoTown'
[2019.03.20-05.44.48:857][769]LogSlate: Updating window title bar state: overlay mode, drag disabled, window buttons hidden, title bar hidden
[2019.03.20-05.44.48:895][769]LogPlayLevel: Display: Shutting down PIE online subsystems
[2019.03.20-05.44.48:895][769]LogBlueprintUserMessages: Late EndPlayMap Detection: Level '/Game/Levels/DemoTown.DemoTown:PersistentLevel' has LevelScriptBlueprint '/Game/Levels/DemoTown.DemoTown:PersistentLevel.DemoTown' with GeneratedClass '/Game/Levels/DemoTown.DemoTown_C' with ClassGeneratedBy '/Game/Levels/DemoTown.DemoTown:PersistentLevel.DemoTown'
[2019.03.20-05.44.48:923][769]LogSlate: Updating window title bar state: overlay mode, drag disabled, window buttons hidden, title bar hidden
[2019.03.20-05.44.48:959][772]LogPlayLevel: Display: Destroying online subsystem :Context_7
[2019.03.20-05.44.51:091][ 26]LogTemp: Repeating last play command: Selected Viewport
[2019.03.20-05.44.51:117][ 26]LogBlueprintUserMessages: Early PlayInEditor Detection: Level '/Game/Levels/DemoTown.DemoTown:PersistentLevel' has LevelScriptBlueprint '/Game/Levels/DemoTown.DemoTown:PersistentLevel.DemoTown' with GeneratedClass '/Game/Levels/DemoTown.DemoTown_C' with ClassGeneratedBy '/Game/Levels/DemoTown.DemoTown:PersistentLevel.DemoTown'
[2019.03.20-05.44.51:117][ 26]LogPlayLevel: PlayLevel: No blueprints needed recompiling
[2019.03.20-05.44.51:117][ 26]PIE: New page: PIE session: DemoTown (Mar 19, 2019, 3:44:51 PM)
[2019.03.20-05.44.51:117][ 26]LogPlayLevel: Creating play world package: /Game/Levels/UEDPIE_0_DemoTown
[2019.03.20-05.44.51:146][ 26]LogPlayLevel: PIE: StaticDuplicateObject took: (0.029103s)
[2019.03.20-05.44.51:147][ 26]LogAIModule: Creating AISystem for world DemoTown
[2019.03.20-05.44.51:147][ 26]LogPlayLevel: PIE: World Init took: (0.000682s)
[2019.03.20-05.44.51:147][ 26]LogPlayLevel: PIE: Created PIE world by copying editor world from /Game/Levels/DemoTown.DemoTown to /Game/Levels/UEDPIE_0_DemoTown.DemoTown (0.030162s)
[2019.03.20-05.44.51:181][ 26]LogInit: XAudio2 using 'SAMSUNG (NVIDIA High Definition Audio)' : 2 channels at 48 kHz using 16 bits per sample (channel mask 0x3)
[2019.03.20-05.44.51:189][ 26]LogInit: FAudioDevice initialized.
[2019.03.20-05.44.51:223][ 26]LogLoad: Game class is 'BP_HSPGameGameModeBase_C'
[2019.03.20-05.44.51:227][ 26]LogWorld: Bringing World /Game/Levels/UEDPIE_0_DemoTown.DemoTown up for play (max tick rate 0) at 2019.03.19-22.44.51
[2019.03.20-05.44.51:228][ 26]LogWorld: Bringing up level for play took: 0.003644
[2019.03.20-05.44.51:242][ 26]PIE: Play in editor start time for /Game/Levels/UEDPIE_0_DemoTown 0.093
[2019.03.20-05.44.51:243][ 26]LogBlueprintUserMessages: Late PlayInEditor Detection: Level '/Game/Levels/DemoTown.DemoTown:PersistentLevel' has LevelScriptBlueprint '/Game/Levels/DemoTown.DemoTown:PersistentLevel.DemoTown' with GeneratedClass '/Game/Levels/DemoTown.DemoTown_C' with ClassGeneratedBy '/Game/Levels/DemoTown.DemoTown:PersistentLevel.DemoTown'
[2019.03.20-05.44.59:561][ 20]LogNet: Browse: /Game/Levels/DemoBattlefield
[2019.03.20-05.44.59:561][ 20]LogLoad: LoadMap: /Game/Levels/DemoBattlefield
[2019.03.20-05.45.00:063][ 20]LogAIModule: Creating AISystem for world DemoBattlefield
[2019.03.20-05.45.00:063][ 20]LogLoad: Game class is 'BP_HSPGameGameModeBase_C'
[2019.03.20-05.45.00:069][ 20]LogWorld: Bringing World /Game/Levels/UEDPIE_0_DemoBattlefield.DemoBattlefield up for play (max tick rate 0) at 2019.03.19-22.45.00
[2019.03.20-05.45.00:071][ 20]LogWorld: Bringing up level for play took: 0.006581
[2019.03.20-05.45.00:074][ 20]LogLoad: Took 0.512957 seconds to LoadMap(/Game/Levels/DemoBattlefield)
[2019.03.20-05.45.00:510][ 71]LogSlate: FSceneViewport::OnFocusLost() reason 0
[2019.03.20-05.45.06:977][847]LogNet: Browse: /Game/Levels/DemoTown
[2019.03.20-05.45.06:977][847]LogLoad: LoadMap: /Game/Levels/DemoTown
[2019.03.20-05.45.07:003][847]LogPlayLevel: Creating play world package: /Game/Levels/UEDPIE_0_DemoTown
[2019.03.20-05.45.07:029][847]LogPlayLevel: PIE: StaticDuplicateObject took: (0.025956s)
[2019.03.20-05.45.07:029][847]LogAIModule: Creating AISystem for world DemoTown
[2019.03.20-05.45.07:030][847]LogPlayLevel: PIE: World Init took: (0.000524s)
[2019.03.20-05.45.07:030][847]LogPlayLevel: PIE: Created PIE world by copying editor world from /Game/Levels/DemoTown.DemoTown to /Game/Levels/UEDPIE_0_DemoTown.DemoTown (0.026889s)
[2019.03.20-05.45.07:030][847]LogLoad: Game class is 'BP_HSPGameGameModeBase_C'
[2019.03.20-05.45.07:034][847]LogWorld: Bringing World /Game/Levels/UEDPIE_0_DemoTown.DemoTown up for play (max tick rate 0) at 2019.03.19-22.45.07
[2019.03.20-05.45.07:034][847]LogWorld: Bringing up level for play took: 0.003728
[2019.03.20-05.45.07:036][847]LogLoad: Took 0.059535 seconds to LoadMap(/Game/Levels/UEDPIE_0_DemoTown)
[2019.03.20-05.45.11:284][356]LogSlate: FSceneViewport::OnFocusLost() reason 0
[2019.03.20-05.45.17:768][132]LogBlueprintUserMessages: Early EndPlayMap Detection: Level '/Game/Levels/DemoTown.DemoTown:PersistentLevel' has LevelScriptBlueprint '/Game/Levels/DemoTown.DemoTown:PersistentLevel.DemoTown' with GeneratedClass '/Game/Levels/DemoTown.DemoTown_C' with ClassGeneratedBy '/Game/Levels/DemoTown.DemoTown:PersistentLevel.DemoTown'
[2019.03.20-05.45.17:768][132]LogSlate: Updating window title bar state: overlay mode, drag disabled, window buttons hidden, title bar hidden
[2019.03.20-05.45.17:807][132]LogPlayLevel: Display: Shutting down PIE online subsystems
[2019.03.20-05.45.17:807][132]LogBlueprintUserMessages: Late EndPlayMap Detection: Level '/Game/Levels/DemoTown.DemoTown:PersistentLevel' has LevelScriptBlueprint '/Game/Levels/DemoTown.DemoTown:PersistentLevel.DemoTown' with GeneratedClass '/Game/Levels/DemoTown.DemoTown_C' with ClassGeneratedBy '/Game/Levels/DemoTown.DemoTown:PersistentLevel.DemoTown'
[2019.03.20-05.45.17:836][132]LogSlate: Updating window title bar state: overlay mode, drag disabled, window buttons hidden, title bar hidden
[2019.03.20-05.45.17:869][135]LogPlayLevel: Display: Destroying online subsystem :Context_8
[2019.03.20-05.47.57:904][  3]BlueprintLog: New page: Compile BP_DummyAttack
[2019.03.20-05.47.58:665][ 69]LogSavePackage: Moving '../../../../../../Users/chris/Documents/GitHub/Senior-Project-CPP-Game/Saved/BP_DummyAttack2BCF03CC4E34D22422196A8E18A76089.tmp' to '../../../../../../Users/chris/Documents/GitHub/Senior-Project-CPP-Game/Content/Blueprints/Attacks/BP_DummyAttack.uasset'
[2019.03.20-05.49.01:447][564]LogSlate: Prevented a slow task dialog from being summoned while a context menu was open
[2019.03.20-05.50.06:608][338]BlueprintLog: New page: Compile playerHud
[2019.03.20-05.50.07:277][405]Cmd: OBJ SAVEPACKAGE PACKAGE="/Game/UI/playerHud" FILE="../../../../../../Users/chris/Documents/GitHub/Senior-Project-CPP-Game/Content/UI/playerHud.uasset" SILENT=true
[2019.03.20-05.50.07:333][405]LogSavePackage: Moving '../../../../../../Users/chris/Documents/GitHub/Senior-Project-CPP-Game/Saved/playerHud3A8D639E4C02CE4DA27F4D884DF67164.tmp' to '../../../../../../Users/chris/Documents/GitHub/Senior-Project-CPP-Game/Content/UI/playerHud.uasset'
[2019.03.20-05.55.36:889][796]LogEditorTransaction: Undo Create Pin Link
[2019.03.20-05.57.17:227][795]BlueprintLog: New page: Compile playerHud
[2019.03.20-05.57.17:259][795]LogBlueprint: Error: [Compiler playerHud] The type of  Object  is undetermined.  Connect something to  Cast To ProtagClass  to imply a specific type.
[2019.03.20-05.57.17:260][795]LogBlueprint: Error: [Compiler playerHud] The current value of the ' Object ' pin is invalid: Unsupported type Wildcard on pin Object
[2019.03.20-05.57.17:307][795]LogBlueprint: Warning: [Compiler playerHud] [2197.07] Compile of playerHud failed. 2 Fatal Issue(s) 0 Warning(s) [in 80 ms] (/Game/UI/playerHud.playerHud)
[2019.03.20-05.57.18:001][873]Cmd: OBJ SAVEPACKAGE PACKAGE="/Game/UI/playerHud" FILE="../../../../../../Users/chris/Documents/GitHub/Senior-Project-CPP-Game/Content/UI/playerHud.uasset" SILENT=true
[2019.03.20-05.57.18:062][873]LogSavePackage: Moving '../../../../../../Users/chris/Documents/GitHub/Senior-Project-CPP-Game/Saved/playerHud7E6EB96B4407A8D2598DD6AD7E864C6E.tmp' to '../../../../../../Users/chris/Documents/GitHub/Senior-Project-CPP-Game/Content/UI/playerHud.uasset'
[2019.03.20-05.57.35:438][926]BlueprintLog: New page: Compile playerHud
[2019.03.20-05.57.35:959][974]Cmd: OBJ SAVEPACKAGE PACKAGE="/Game/UI/playerHud" FILE="../../../../../../Users/chris/Documents/GitHub/Senior-Project-CPP-Game/Content/UI/playerHud.uasset" SILENT=true
[2019.03.20-05.57.36:016][974]LogSavePackage: Moving '../../../../../../Users/chris/Documents/GitHub/Senior-Project-CPP-Game/Saved/playerHud9EC71FFD4917C2FB1E19D99062032FEF.tmp' to '../../../../../../Users/chris/Documents/GitHub/Senior-Project-CPP-Game/Content/UI/playerHud.uasset'
[2019.03.20-05.57.38:953][323]LogTemp: Repeating last play command: Selected Viewport
[2019.03.20-05.57.38:979][323]LogBlueprintUserMessages: Early PlayInEditor Detection: Level '/Game/Levels/DemoTown.DemoTown:PersistentLevel' has LevelScriptBlueprint '/Game/Levels/DemoTown.DemoTown:PersistentLevel.DemoTown' with GeneratedClass '/Game/Levels/DemoTown.DemoTown_C' with ClassGeneratedBy '/Game/Levels/DemoTown.DemoTown:PersistentLevel.DemoTown'
[2019.03.20-05.57.38:979][323]LogPlayLevel: PlayLevel: No blueprints needed recompiling
[2019.03.20-05.57.38:979][323]PIE: New page: PIE session: DemoTown (Mar 19, 2019, 3:57:38 PM)
[2019.03.20-05.57.38:979][323]LogPlayLevel: Creating play world package: /Game/Levels/UEDPIE_0_DemoTown
[2019.03.20-05.57.39:011][323]LogPlayLevel: PIE: StaticDuplicateObject took: (0.032007s)
[2019.03.20-05.57.39:012][323]LogAIModule: Creating AISystem for world DemoTown
[2019.03.20-05.57.39:012][323]LogPlayLevel: PIE: World Init took: (0.000612s)
[2019.03.20-05.57.39:012][323]LogPlayLevel: PIE: Created PIE world by copying editor world from /Game/Levels/DemoTown.DemoTown to /Game/Levels/UEDPIE_0_DemoTown.DemoTown (0.032970s)
[2019.03.20-05.57.39:046][323]LogInit: XAudio2 using 'SAMSUNG (NVIDIA High Definition Audio)' : 2 channels at 48 kHz using 16 bits per sample (channel mask 0x3)
[2019.03.20-05.57.39:054][323]LogInit: FAudioDevice initialized.
[2019.03.20-05.57.39:087][323]LogLoad: Game class is 'BP_HSPGameGameModeBase_C'
[2019.03.20-05.57.39:091][323]LogWorld: Bringing World /Game/Levels/UEDPIE_0_DemoTown.DemoTown up for play (max tick rate 0) at 2019.03.19-22.57.39
[2019.03.20-05.57.39:092][323]LogWorld: Bringing up level for play took: 0.003610
[2019.03.20-05.57.39:107][323]PIE: Play in editor start time for /Game/Levels/UEDPIE_0_DemoTown -0.042
[2019.03.20-05.57.39:107][323]LogBlueprintUserMessages: Late PlayInEditor Detection: Level '/Game/Levels/DemoTown.DemoTown:PersistentLevel' has LevelScriptBlueprint '/Game/Levels/DemoTown.DemoTown:PersistentLevel.DemoTown' with GeneratedClass '/Game/Levels/DemoTown.DemoTown_C' with ClassGeneratedBy '/Game/Levels/DemoTown.DemoTown:PersistentLevel.DemoTown'
[2019.03.20-05.57.41:934][661]LogSlate: FSceneViewport::OnFocusLost() reason 0
[2019.03.20-05.57.49:968][625]LogSlate: FSceneViewport::OnFocusLost() reason 0
[2019.03.20-05.57.54:218][135]LogNet: Browse: /Game/Levels/DemoBattlefield
[2019.03.20-05.57.54:218][135]LogLoad: LoadMap: /Game/Levels/DemoBattlefield
[2019.03.20-05.57.54:309][135]LogAIModule: Creating AISystem for world DemoBattlefield
[2019.03.20-05.57.54:310][135]LogLoad: Game class is 'BP_HSPGameGameModeBase_C'
[2019.03.20-05.57.54:315][135]LogWorld: Bringing World /Game/Levels/UEDPIE_0_DemoBattlefield.DemoBattlefield up for play (max tick rate 0) at 2019.03.19-22.57.54
[2019.03.20-05.57.54:316][135]LogWorld: Bringing up level for play took: 0.005253
[2019.03.20-05.57.54:319][135]LogLoad: Took 0.100851 seconds to LoadMap(/Game/Levels/DemoBattlefield)
[2019.03.20-05.58.16:902][313]LogSlate: FSceneViewport::OnFocusLost() reason 2
[2019.03.20-05.58.21:289][806]LogSlate: FSceneViewport::OnFocusLost() reason 0
[2019.03.20-05.58.31:204][993]LogNet: Browse: /Game/Levels/DemoTown
[2019.03.20-05.58.31:204][993]LogLoad: LoadMap: /Game/Levels/DemoTown
[2019.03.20-05.58.31:230][993]LogPlayLevel: Creating play world package: /Game/Levels/UEDPIE_0_DemoTown
[2019.03.20-05.58.31:257][993]LogPlayLevel: PIE: StaticDuplicateObject took: (0.026133s)
[2019.03.20-05.58.31:257][993]LogAIModule: Creating AISystem for world DemoTown
[2019.03.20-05.58.31:257][993]LogPlayLevel: PIE: World Init took: (0.000542s)
[2019.03.20-05.58.31:258][993]LogPlayLevel: PIE: Created PIE world by copying editor world from /Game/Levels/DemoTown.DemoTown to /Game/Levels/UEDPIE_0_DemoTown.DemoTown (0.027086s)
[2019.03.20-05.58.31:258][993]LogLoad: Game class is 'BP_HSPGameGameModeBase_C'
[2019.03.20-05.58.31:261][993]LogWorld: Bringing World /Game/Levels/UEDPIE_0_DemoTown.DemoTown up for play (max tick rate 0) at 2019.03.19-22.58.31
[2019.03.20-05.58.31:262][993]LogWorld: Bringing up level for play took: 0.003478
[2019.03.20-05.58.31:264][993]LogLoad: Took 0.059983 seconds to LoadMap(/Game/Levels/UEDPIE_0_DemoTown)
[2019.03.20-05.58.37:012][682]LogSlate: FSceneViewport::OnFocusLost() reason 0
[2019.03.20-05.58.49:895][226]LogBlueprintUserMessages: Early EndPlayMap Detection: Level '/Game/Levels/DemoTown.DemoTown:PersistentLevel' has LevelScriptBlueprint '/Game/Levels/DemoTown.DemoTown:PersistentLevel.DemoTown' with GeneratedClass '/Game/Levels/DemoTown.DemoTown_C' with ClassGeneratedBy '/Game/Levels/DemoTown.DemoTown:PersistentLevel.DemoTown'
[2019.03.20-05.58.49:895][226]LogSlate: Updating window title bar state: overlay mode, drag disabled, window buttons hidden, title bar hidden
[2019.03.20-05.58.49:935][226]LogPlayLevel: Display: Shutting down PIE online subsystems
[2019.03.20-05.58.49:935][226]LogBlueprintUserMessages: Late EndPlayMap Detection: Level '/Game/Levels/DemoTown.DemoTown:PersistentLevel' has LevelScriptBlueprint '/Game/Levels/DemoTown.DemoTown:PersistentLevel.DemoTown' with GeneratedClass '/Game/Levels/DemoTown.DemoTown_C' with ClassGeneratedBy '/Game/Levels/DemoTown.DemoTown:PersistentLevel.DemoTown'
[2019.03.20-05.58.49:967][226]LogSlate: Updating window title bar state: overlay mode, drag disabled, window buttons hidden, title bar hidden
[2019.03.20-05.58.50:002][228]LogPlayLevel: Display: Destroying online subsystem :Context_9
[2019.03.20-05.58.53:783][676]Cmd: OBJ SAVEPACKAGE PACKAGE="/Game/Levels/DemoTown" FILE="../../../../../../Users/chris/Documents/GitHub/Senior-Project-CPP-Game/Content/Levels/DemoTown.umap" SILENT=true AUTOSAVING=false KEEPDIRTY=false
[2019.03.20-05.58.54:176][676]LogSavePackage: Moving '../../../../../../Users/chris/Documents/GitHub/Senior-Project-CPP-Game/Saved/DemoTown22E651A84825B7266FFBD9AAE0BD071C.tmp' to '../../../../../../Users/chris/Documents/GitHub/Senior-Project-CPP-Game/Content/Levels/DemoTown.umap'
[2019.03.20-05.58.54:223][676]LogFileHelpers: Saving map 'DemoTown' took 0.441
[2019.03.20-05.58.54:226][676]Cmd: OBJ SAVEPACKAGE PACKAGE="/Game/Levels/DemoTown_BuiltData" FILE="../../../../../../Users/chris/Documents/GitHub/Senior-Project-CPP-Game/Content/Levels/DemoTown_BuiltData.uasset" SILENT=true
[2019.03.20-05.58.54:390][676]LogSavePackage: Moving '../../../../../../Users/chris/Documents/GitHub/Senior-Project-CPP-Game/Saved/DemoTown_BuiltDataB20BA969401ED76CE69D5BAADB19305D.tmp' to '../../../../../../Users/chris/Documents/GitHub/Senior-Project-CPP-Game/Content/Levels/DemoTown_BuiltData.uasset'
