Log file open, 04/15/19 03:47:05
LogWindows: Failed to load 'aqProf.dll' (GetLastError=126)
LogWindows: File 'aqProf.dll' does not exist
LogWindows: Failed to load 'VtuneApi.dll' (GetLastError=126)
LogWindows: File 'VtuneApi.dll' does not exist
LogWindows: Failed to load 'VtuneApi32e.dll' (GetLastError=126)
LogWindows: File 'VtuneApi32e.dll' does not exist
LogConsoleResponse: Display: Failed to find resolution value strings in scalability ini. Falling back to default.
LogInit: Display: Running engine for game: HSPGame
LogPakFile: Registered encryption key '00000000000000000000000000000000': 0 pak files mounted, 0 remain pending
LogPlatformFile: Not using cached read wrapper
LogTaskGraph: Started task graph with 5 named threads and 23 total threads with 3 sets of task threads.
LogStats: Stats thread started at 0.388725
LogD3D11RHI: Loaded GFSDK_Aftermath_Lib.x64.dll
LogICUInternationalization: ICU TimeZone Detection - Raw Offset: -8:00, Platform Override: ''
LogPluginManager: Mounting plugin Paper2D
LogPluginManager: Mounting plugin AISupport
LogPluginManager: Mounting plugin LightPropagationVolume
LogPluginManager: Mounting plugin ActorLayerUtilities
LogPluginManager: Mounting plugin CLionSourceCodeAccess
LogPluginManager: Mounting plugin CodeLiteSourceCodeAccess
LogPluginManager: Mounting plugin GitSourceControl
LogPluginManager: Mounting plugin KDevelopSourceCodeAccess
LogPluginManager: Mounting plugin NullSourceCodeAccess
LogPluginManager: Mounting plugin PerforceSourceControl
LogPluginManager: Mounting plugin SubversionSourceControl
LogPluginManager: Mounting plugin UObjectPlugin
LogPluginManager: Mounting plugin VisualStudioCodeSourceCodeAccess
LogPluginManager: Mounting plugin VisualStudioSourceCodeAccess
LogPluginManager: Mounting plugin XCodeSourceCodeAccess
LogPluginManager: Mounting plugin AssetManagerEditor
LogPluginManager: Mounting plugin CryptoKeys
LogPluginManager: Mounting plugin DataValidation
LogPluginManager: Mounting plugin FacialAnimation
LogPluginManager: Mounting plugin GameplayTagsEditor
LogPluginManager: Mounting plugin MacGraphicsSwitching
LogPluginManager: Mounting plugin MeshEditor
LogPluginManager: Mounting plugin MobileLauncherProfileWizard
LogPluginManager: Mounting plugin PluginBrowser
LogPluginManager: Mounting plugin SpeedTreeImporter
LogPluginManager: Mounting plugin DatasmithContent
LogPluginManager: Mounting plugin VariantManagerContent
LogPluginManager: Mounting plugin AlembicImporter
LogPluginManager: Mounting plugin AppleImageUtils
LogPluginManager: Mounting plugin AppleVision
LogPluginManager: Mounting plugin BackChannel
LogPluginManager: Mounting plugin CharacterAI
LogPluginManager: Mounting plugin GeometryCache
LogPluginManager: Mounting plugin HTML5Networking
LogPluginManager: Mounting plugin ProxyLODPlugin
LogPluginManager: Mounting plugin MagicLeap
LogPluginManager: Mounting plugin MagicLeapMedia
LogPluginManager: Mounting plugin AndroidMedia
LogPluginManager: Mounting plugin AvfMedia
LogPluginManager: Mounting plugin ImgMedia
LogPluginManager: Mounting plugin LinearTimecode
LogPluginManager: Mounting plugin MediaCompositing
LogPluginManager: Mounting plugin MediaPlayerEditor
LogPluginManager: Mounting plugin WebMMedia
LogPluginManager: Mounting plugin WmfMedia
LogPluginManager: Mounting plugin TcpMessaging
LogPluginManager: Mounting plugin UdpMessaging
LogPluginManager: Mounting plugin ActorSequence
LogPluginManager: Mounting plugin LevelSequenceEditor
LogPluginManager: Mounting plugin MatineeToLevelSequence
LogPluginManager: Mounting plugin NetcodeUnitTest
LogPluginManager: Mounting plugin NUTUnrealEngine4
LogPluginManager: Mounting plugin OnlineSubsystemGooglePlay
LogPluginManager: Mounting plugin OnlineSubsystemIOS
LogPluginManager: Mounting plugin OnlineSubsystem
LogPluginManager: Mounting plugin OnlineSubsystemNull
LogPluginManager: Mounting plugin OnlineSubsystemUtils
LogPluginManager: Mounting plugin LauncherChunkInstaller
LogPluginManager: Mounting plugin AndroidDeviceProfileSelector
LogPluginManager: Mounting plugin AndroidMoviePlayer
LogPluginManager: Mounting plugin AndroidPermission
LogPluginManager: Mounting plugin AppleMoviePlayer
LogPluginManager: Mounting plugin ArchVisCharacter
LogPluginManager: Mounting plugin AudioCapture
LogPluginManager: Mounting plugin CableComponent
LogPluginManager: Mounting plugin CustomMeshComponent
LogPluginManager: Mounting plugin EditableMesh
LogPluginManager: Mounting plugin ExampleDeviceProfileSelector
LogPluginManager: Mounting plugin Firebase
LogPluginManager: Mounting plugin GoogleCloudMessaging
LogPluginManager: Mounting plugin IOSDeviceProfileSelector
LogPluginManager: Mounting plugin LinuxDeviceProfileSelector
LogPluginManager: Mounting plugin LocationServicesBPLibrary
LogPluginManager: Mounting plugin MobilePatchingUtils
LogPluginManager: Mounting plugin OculusVR
LogPluginManager: Mounting plugin PhysXVehicles
LogPluginManager: Mounting plugin ProceduralMeshComponent
LogPluginManager: Mounting plugin RuntimePhysXCooking
LogPluginManager: Mounting plugin SteamVR
LogPluginManager: Mounting plugin WebMMoviePlayer
LogPluginManager: Mounting plugin WindowsMoviePlayer
LogStreaming: Display: Took  0.081s to configure plugins.
LogInit: Using libcurl 7.55.1-DEV
LogInit:  - built for x86_64-pc-win32
LogInit:  - supports SSL with OpenSSL/1.0.2h
LogInit:  - supports HTTP deflate (compression) using libz 1.2.8
LogInit:  - other features:
LogInit:      CURL_VERSION_SSL
LogInit:      CURL_VERSION_LIBZ
LogInit:      CURL_VERSION_IPV6
LogInit:      CURL_VERSION_ASYNCHDNS
LogInit:      CURL_VERSION_LARGEFILE
LogInit:      CURL_VERSION_IDN
LogInit:  CurlRequestOptions (configurable via config and command line):
LogInit:  - bVerifyPeer = true  - Libcurl will verify peer certificate
LogInit:  - bUseHttpProxy = false  - Libcurl will NOT use HTTP proxy
LogInit:  - bDontReuseConnections = false  - Libcurl will reuse connections
LogInit:  - MaxHostConnections = 16  - Libcurl will limit the number of connections to a host
LogInit:  - LocalHostAddr = Default
LogInit:  - BufferSize = 65536
LogInit: WinSock: version 1.1 (2.2), MaxSocks=32767, MaxUdp=65467
LogInit: Build: ++UE4+Release-4.21-CL-4753647
LogInit: Engine Version: 4.21.2-4753647+++UE4+Release-4.21
LogInit: Compatible Engine Version: 4.21.0-4541578+++UE4+Release-4.21
LogInit: Net CL: 4541578
LogInit: OS: Windows 10 (), CPU: Intel(R) Core(TM) i7-6700K CPU @ 4.00GHz, GPU: NVIDIA GeForce RTX 2080
LogInit: Compiled (64-bit): Jan 19 2019 02:07:31
LogInit: Compiled with Visual C++: 19.13.26129.00
LogInit: Build Configuration: Development
LogInit: Branch Name: ++UE4+Release-4.21
LogInit: Command Line:  -skipcompile
LogInit: Base Directory: G:/Games/Epic/Games/UE_4.21/Engine/Binaries/Win64/
LogInit: Installed Engine Build: 1
LogDevObjectVersion: Number of dev versions registered: 22
LogDevObjectVersion:   Dev-Blueprints (B0D832E4-1F89-4F0D-ACCF-7EB736FD4AA2): 10
LogDevObjectVersion:   Dev-Build (E1C64328-A22C-4D53-A36C-8E866417BD8C): 0
LogDevObjectVersion:   Dev-Core (375EC13C-06E4-48FB-B500-84F0262A717E): 2
LogDevObjectVersion:   Dev-Editor (E4B068ED-F494-42E9-A231-DA0B2E46BB41): 26
LogDevObjectVersion:   Dev-Framework (CFFC743F-43B0-4480-9391-14DF171D2073): 34
LogDevObjectVersion:   Dev-Mobile (B02B49B5-BB20-44E9-A304-32B752E40360): 2
LogDevObjectVersion:   Dev-Networking (A4E4105C-59A1-49B5-A7C5-40C4547EDFEE): 0
LogDevObjectVersion:   Dev-Online (39C831C9-5AE6-47DC-9A44-9C173E1C8E7C): 0
LogDevObjectVersion:   Dev-Physics (78F01B33-EBEA-4F98-B9B4-84EACCB95AA2): 0
LogDevObjectVersion:   Dev-Platform (6631380F-2D4D-43E0-8009-CF276956A95A): 0
LogDevObjectVersion:   Dev-Rendering (12F88B9F-8875-4AFC-A67C-D90C383ABD29): 27
LogDevObjectVersion:   Dev-Sequencer (7B5AE74C-D270-4C10-A958-57980B212A5A): 9
LogDevObjectVersion:   Dev-VR (D7296918-1DD6-4BDD-9DE2-64A83CC13884): 2
LogDevObjectVersion:   Dev-LoadTimes (C2A15278-BFE7-4AFE-6C17-90FF531DF755): 1
LogDevObjectVersion:   Private-Geometry (6EACA3D4-40EC-4CC1-B786-8BED09428FC5): 3
LogDevObjectVersion:   Dev-AnimPhys (29E575DD-E0A3-4627-9D10-D276232CDCEA): 17
LogDevObjectVersion:   Dev-Anim (AF43A65D-7FD3-4947-9873-3E8ED9C1BB05): 2
LogDevObjectVersion:   Dev-ReflectionCapture (6B266CEC-1EC7-4B8F-A30B-E4D90942FC07): 1
LogDevObjectVersion:   Dev-Automation (0DF73D61-A23F-47EA-B727-89E90C41499A): 1
LogDevObjectVersion:   FortniteMain (601D1886-AC64-4F84-AA16-D3DE0DEAC7D6): 17
LogDevObjectVersion:   Dev-Enterprise (9DFFBCD6-494F-0158-E221-12823C92A888): 4
LogDevObjectVersion:   Dev-Niagara (F2AED0AC-9AFE-416F-8664-AA7FFA26D6FC): 1
LogStreaming: Display: Took  0.006s to delete old logs.
LogInit: Presizing for max 8388607 objects, including 0 objects not considered by GC, pre-allocating 0 bytes for permanent pool.
LogInit: Object subsystem initialized
LogConfig: Setting CVar [[con.DebugEarlyDefault:1]]
LogConfig: Setting CVar [[r.setres:1280x720]]
[2019.04.15-10.47.05:877][  0]LogConfig: Setting CVar [[r.VSync:0]]
[2019.04.15-10.47.05:878][  0]LogConfig: Setting CVar [[r.RHICmdBypass:0]]
[2019.04.15-10.47.05:878][  0]LogConfig: Applying CVar settings from Section [/Script/Engine.RendererSettings] File [C:/Users/gosus/Documents/CP-School/SeniorProject/gitRepos/Senior-Project-CPP-Game/Saved/Config/Windows/Engine.ini]
[2019.04.15-10.47.05:878][  0]LogConfig: Setting CVar [[r.GPUCrashDebugging:0]]
[2019.04.15-10.47.05:878][  0]LogConfig: Applying CVar settings from Section [/Script/Engine.RendererOverrideSettings] File [C:/Users/gosus/Documents/CP-School/SeniorProject/gitRepos/Senior-Project-CPP-Game/Saved/Config/Windows/Engine.ini]
[2019.04.15-10.47.05:878][  0]LogConfig: Applying CVar settings from Section [/Script/Engine.StreamingSettings] File [C:/Users/gosus/Documents/CP-School/SeniorProject/gitRepos/Senior-Project-CPP-Game/Saved/Config/Windows/Engine.ini]
[2019.04.15-10.47.05:878][  0]LogConfig: Setting CVar [[s.MinBulkDataSizeForAsyncLoading:131072]]
[2019.04.15-10.47.05:878][  0]LogConfig: Setting CVar [[s.AsyncLoadingThreadEnabled:0]]
[2019.04.15-10.47.05:878][  0]LogConfig: Setting CVar [[s.EventDrivenLoaderEnabled:1]]
[2019.04.15-10.47.05:878][  0]LogConfig: Setting CVar [[s.WarnIfTimeLimitExceeded:0]]
[2019.04.15-10.47.05:878][  0]LogConfig: Setting CVar [[s.TimeLimitExceededMultiplier:1.5]]
[2019.04.15-10.47.05:878][  0]LogConfig: Setting CVar [[s.TimeLimitExceededMinTime:0.005]]
[2019.04.15-10.47.05:878][  0]LogConfig: Setting CVar [[s.UseBackgroundLevelStreaming:1]]
[2019.04.15-10.47.05:878][  0]LogConfig: Setting CVar [[s.PriorityAsyncLoadingExtraTime:15.0]]
[2019.04.15-10.47.05:878][  0]LogConfig: Setting CVar [[s.LevelStreamingActorsUpdateTimeLimit:5.0]]
[2019.04.15-10.47.05:878][  0]LogConfig: Setting CVar [[s.PriorityLevelStreamingActorsUpdateExtraTime:5.0]]
[2019.04.15-10.47.05:878][  0]LogConfig: Setting CVar [[s.LevelStreamingComponentsRegistrationGranularity:10]]
[2019.04.15-10.47.05:878][  0]LogConfig: Setting CVar [[s.UnregisterComponentsTimeLimit:1.0]]
[2019.04.15-10.47.05:878][  0]LogConfig: Setting CVar [[s.LevelStreamingComponentsUnregistrationGranularity:5]]
[2019.04.15-10.47.05:878][  0]LogConfig: Applying CVar settings from Section [/Script/Engine.GarbageCollectionSettings] File [C:/Users/gosus/Documents/CP-School/SeniorProject/gitRepos/Senior-Project-CPP-Game/Saved/Config/Windows/Engine.ini]
[2019.04.15-10.47.05:878][  0]LogConfig: Setting CVar [[gc.MaxObjectsNotConsideredByGC:1]]
[2019.04.15-10.47.05:879][  0]LogConfig: Setting CVar [[gc.SizeOfPermanentObjectPool:0]]
[2019.04.15-10.47.05:879][  0]LogConfig: Setting CVar [[gc.FlushStreamingOnGC:0]]
[2019.04.15-10.47.05:879][  0]LogConfig: Setting CVar [[gc.NumRetriesBeforeForcingGC:10]]
[2019.04.15-10.47.05:879][  0]LogConfig: Setting CVar [[gc.AllowParallelGC:1]]
[2019.04.15-10.47.05:879][  0]LogConfig: Setting CVar [[gc.TimeBetweenPurgingPendingKillObjects:61.1]]
[2019.04.15-10.47.05:879][  0]LogConfig: Setting CVar [[gc.MaxObjectsInEditor:8388607]]
[2019.04.15-10.47.05:879][  0]LogConfig: Setting CVar [[gc.IncrementalBeginDestroyEnabled:1]]
[2019.04.15-10.47.05:879][  0]LogConfig: Setting CVar [[gc.CreateGCClusters:1]]
[2019.04.15-10.47.05:879][  0]LogConfig: Setting CVar [[gc.MergeGCClusters:0]]
[2019.04.15-10.47.05:879][  0]LogConfig: Setting CVar [[gc.MinGCClusterSize:5]]
[2019.04.15-10.47.05:879][  0]LogConfig: Setting CVar [[gc.ActorClusteringEnabled:0]]
[2019.04.15-10.47.05:879][  0]LogConfig: Setting CVar [[gc.BlueprintClusteringEnabled:0]]
[2019.04.15-10.47.05:879][  0]LogConfig: Setting CVar [[gc.UseDisregardForGCOnDedicatedServers:0]]
[2019.04.15-10.47.05:879][  0]LogConfig: Applying CVar settings from Section [/Script/Engine.NetworkSettings] File [C:/Users/gosus/Documents/CP-School/SeniorProject/gitRepos/Senior-Project-CPP-Game/Saved/Config/Windows/Engine.ini]
[2019.04.15-10.47.05:879][  0]LogConfig: Applying CVar settings from Section [/Script/UnrealEd.CookerSettings] File [C:/Users/gosus/Documents/CP-School/SeniorProject/gitRepos/Senior-Project-CPP-Game/Saved/Config/Windows/Engine.ini]
[2019.04.15-10.47.05:893][  0]LogConfig: Applying CVar settings from Section [ViewDistanceQuality@3] File [C:/Users/gosus/Documents/CP-School/SeniorProject/gitRepos/Senior-Project-CPP-Game/Saved/Config/Windows/Scalability.ini]
[2019.04.15-10.47.05:893][  0]LogConfig: Setting CVar [[r.SkeletalMeshLODBias:0]]
[2019.04.15-10.47.05:893][  0]LogConfig: Setting CVar [[r.ViewDistanceScale:1.0]]
[2019.04.15-10.47.05:893][  0]LogConfig: Applying CVar settings from Section [AntiAliasingQuality@3] File [C:/Users/gosus/Documents/CP-School/SeniorProject/gitRepos/Senior-Project-CPP-Game/Saved/Config/Windows/Scalability.ini]
[2019.04.15-10.47.05:893][  0]LogConfig: Setting CVar [[r.PostProcessAAQuality:4]]
[2019.04.15-10.47.05:893][  0]LogConfig: Applying CVar settings from Section [ShadowQuality@3] File [C:/Users/gosus/Documents/CP-School/SeniorProject/gitRepos/Senior-Project-CPP-Game/Saved/Config/Windows/Scalability.ini]
[2019.04.15-10.47.05:893][  0]LogConfig: Setting CVar [[r.LightFunctionQuality:1]]
[2019.04.15-10.47.05:893][  0]LogConfig: Setting CVar [[r.ShadowQuality:5]]
[2019.04.15-10.47.05:893][  0]LogConfig: Setting CVar [[r.Shadow.CSM.MaxCascades:10]]
[2019.04.15-10.47.05:893][  0]LogConfig: Setting CVar [[r.Shadow.MaxResolution:2048]]
[2019.04.15-10.47.05:894][  0]LogConfig: Setting CVar [[r.Shadow.MaxCSMResolution:2048]]
[2019.04.15-10.47.05:894][  0]LogConfig: Setting CVar [[r.Shadow.RadiusThreshold:0.01]]
[2019.04.15-10.47.05:894][  0]LogConfig: Setting CVar [[r.Shadow.DistanceScale:1.0]]
[2019.04.15-10.47.05:894][  0]LogConfig: Setting CVar [[r.Shadow.CSM.TransitionScale:1.0]]
[2019.04.15-10.47.05:894][  0]LogConfig: Setting CVar [[r.Shadow.PreShadowResolutionFactor:1.0]]
[2019.04.15-10.47.05:894][  0]LogConfig: Setting CVar [[r.DistanceFieldShadowing:1]]
[2019.04.15-10.47.05:894][  0]LogConfig: Setting CVar [[r.DistanceFieldAO:1]]
[2019.04.15-10.47.05:894][  0]LogConfig: Setting CVar [[r.AOQuality:2]]
[2019.04.15-10.47.05:894][  0]LogConfig: Setting CVar [[r.VolumetricFog:1]]
[2019.04.15-10.47.05:894][  0]LogConfig: Setting CVar [[r.VolumetricFog.GridPixelSize:8]]
[2019.04.15-10.47.05:894][  0]LogConfig: Setting CVar [[r.VolumetricFog.GridSizeZ:128]]
[2019.04.15-10.47.05:894][  0]LogConfig: Setting CVar [[r.VolumetricFog.HistoryMissSupersampleCount:4]]
[2019.04.15-10.47.05:894][  0]LogConfig: Setting CVar [[r.LightMaxDrawDistanceScale:1]]
[2019.04.15-10.47.05:894][  0]LogConfig: Setting CVar [[r.CapsuleShadows:1]]
[2019.04.15-10.47.05:894][  0]LogConfig: Applying CVar settings from Section [PostProcessQuality@3] File [C:/Users/gosus/Documents/CP-School/SeniorProject/gitRepos/Senior-Project-CPP-Game/Saved/Config/Windows/Scalability.ini]
[2019.04.15-10.47.05:894][  0]LogConfig: Setting CVar [[r.MotionBlurQuality:4]]
[2019.04.15-10.47.05:895][  0]LogConfig: Setting CVar [[r.AmbientOcclusionMipLevelFactor:0.4]]
[2019.04.15-10.47.05:895][  0]LogConfig: Setting CVar [[r.AmbientOcclusionMaxQuality:100]]
[2019.04.15-10.47.05:895][  0]LogConfig: Setting CVar [[r.AmbientOcclusionLevels:-1]]
[2019.04.15-10.47.05:895][  0]LogConfig: Setting CVar [[r.AmbientOcclusionRadiusScale:1.0]]
[2019.04.15-10.47.05:895][  0]LogConfig: Setting CVar [[r.DepthOfFieldQuality:2]]
[2019.04.15-10.47.05:895][  0]LogConfig: Setting CVar [[r.RenderTargetPoolMin:400]]
[2019.04.15-10.47.05:895][  0]LogConfig: Setting CVar [[r.LensFlareQuality:2]]
[2019.04.15-10.47.05:895][  0]LogConfig: Setting CVar [[r.SceneColorFringeQuality:1]]
[2019.04.15-10.47.05:895][  0]LogConfig: Setting CVar [[r.EyeAdaptationQuality:2]]
[2019.04.15-10.47.05:895][  0]LogConfig: Setting CVar [[r.BloomQuality:5]]
[2019.04.15-10.47.05:895][  0]LogConfig: Setting CVar [[r.FastBlurThreshold:100]]
[2019.04.15-10.47.05:895][  0]LogConfig: Setting CVar [[r.Upscale.Quality:3]]
[2019.04.15-10.47.05:895][  0]LogConfig: Setting CVar [[r.Tonemapper.GrainQuantization:1]]
[2019.04.15-10.47.05:895][  0]LogConfig: Setting CVar [[r.LightShaftQuality:1]]
[2019.04.15-10.47.05:895][  0]LogConfig: Setting CVar [[r.Filter.SizeScale:1]]
[2019.04.15-10.47.05:895][  0]LogConfig: Setting CVar [[r.Tonemapper.Quality:5]]
[2019.04.15-10.47.05:895][  0]LogConfig: Setting CVar [[r.DOF.Gather.AccumulatorQuality:1        ; higher gathering accumulator quality]]
[2019.04.15-10.47.05:895][  0]LogConfig: Setting CVar [[r.DOF.Gather.PostfilterMethod:1          ; Median3x3 postfilering method]]
[2019.04.15-10.47.05:895][  0]LogConfig: Setting CVar [[r.DOF.Gather.EnableBokehSettings:0       ; no bokeh simulation when gathering]]
[2019.04.15-10.47.05:895][  0]LogConfig: Setting CVar [[r.DOF.Gather.RingCount:4                 ; medium number of samples when gathering]]
[2019.04.15-10.47.05:895][  0]LogConfig: Setting CVar [[r.DOF.Scatter.ForegroundCompositing:1    ; additive foreground scattering]]
[2019.04.15-10.47.05:895][  0]LogConfig: Setting CVar [[r.DOF.Scatter.BackgroundCompositing:2    ; additive background scattering]]
[2019.04.15-10.47.05:896][  0]LogConfig: Setting CVar [[r.DOF.Scatter.EnableBokehSettings:1      ; bokeh simulation when scattering]]
[2019.04.15-10.47.05:896][  0]LogConfig: Setting CVar [[r.DOF.Scatter.MaxSpriteRatio:0.1         ; only a maximum of 10% of scattered bokeh]]
[2019.04.15-10.47.05:896][  0]LogConfig: Setting CVar [[r.DOF.Recombine.Quality:1                ; cheap slight out of focus]]
[2019.04.15-10.47.05:896][  0]LogConfig: Setting CVar [[r.DOF.Recombine.EnableBokehSettings:0    ; no bokeh simulation on slight out of focus]]
[2019.04.15-10.47.05:896][  0]LogConfig: Setting CVar [[r.DOF.TemporalAAQuality:1                ; more stable temporal accumulation]]
[2019.04.15-10.47.05:896][  0]LogConfig: Setting CVar [[r.DOF.Kernel.MaxForegroundRadius:0.025]]
[2019.04.15-10.47.05:896][  0]LogConfig: Setting CVar [[r.DOF.Kernel.MaxBackgroundRadius:0.025]]
[2019.04.15-10.47.05:896][  0]LogConfig: Applying CVar settings from Section [TextureQuality@3] File [C:/Users/gosus/Documents/CP-School/SeniorProject/gitRepos/Senior-Project-CPP-Game/Saved/Config/Windows/Scalability.ini]
[2019.04.15-10.47.05:896][  0]LogConfig: Setting CVar [[r.Streaming.MipBias:0]]
[2019.04.15-10.47.05:896][  0]LogConfig: Setting CVar [[r.Streaming.AmortizeCPUToGPUCopy:0]]
[2019.04.15-10.47.05:896][  0]LogConfig: Setting CVar [[r.Streaming.MaxNumTexturesToStreamPerFrame:0]]
[2019.04.15-10.47.05:896][  0]LogConfig: Setting CVar [[r.Streaming.Boost:1]]
[2019.04.15-10.47.05:896][  0]LogConfig: Setting CVar [[r.MaxAnisotropy:8]]
[2019.04.15-10.47.05:896][  0]LogConfig: Setting CVar [[r.Streaming.LimitPoolSizeToVRAM:0]]
[2019.04.15-10.47.05:896][  0]LogConfig: Setting CVar [[r.Streaming.PoolSize:1000]]
[2019.04.15-10.47.05:896][  0]LogConfig: Setting CVar [[r.Streaming.MaxEffectiveScreenSize:0]]
[2019.04.15-10.47.05:896][  0]LogConfig: Applying CVar settings from Section [EffectsQuality@3] File [C:/Users/gosus/Documents/CP-School/SeniorProject/gitRepos/Senior-Project-CPP-Game/Saved/Config/Windows/Scalability.ini]
[2019.04.15-10.47.05:896][  0]LogConfig: Setting CVar [[r.TranslucencyLightingVolumeDim:64]]
[2019.04.15-10.47.05:896][  0]LogConfig: Setting CVar [[r.RefractionQuality:2]]
[2019.04.15-10.47.05:896][  0]LogConfig: Setting CVar [[r.SSR.Quality:3]]
[2019.04.15-10.47.05:896][  0]LogConfig: Setting CVar [[r.SceneColorFormat:4]]
[2019.04.15-10.47.05:897][  0]LogConfig: Setting CVar [[r.DetailMode:2]]
[2019.04.15-10.47.05:897][  0]LogConfig: Setting CVar [[r.TranslucencyVolumeBlur:1]]
[2019.04.15-10.47.05:897][  0]LogConfig: Setting CVar [[r.MaterialQualityLevel:1 ; High quality]]
[2019.04.15-10.47.05:897][  0]LogConfig: Setting CVar [[r.SSS.Scale:1]]
[2019.04.15-10.47.05:897][  0]LogConfig: Setting CVar [[r.SSS.SampleSet:2]]
[2019.04.15-10.47.05:897][  0]LogConfig: Setting CVar [[r.SSS.Quality:1]]
[2019.04.15-10.47.05:897][  0]LogConfig: Setting CVar [[r.SSS.HalfRes:1]]
[2019.04.15-10.47.05:897][  0]LogConfig: Setting CVar [[r.EmitterSpawnRateScale:1.0]]
[2019.04.15-10.47.05:897][  0]LogConfig: Setting CVar [[r.ParticleLightQuality:2]]
[2019.04.15-10.47.05:897][  0]LogConfig: Applying CVar settings from Section [FoliageQuality@3] File [C:/Users/gosus/Documents/CP-School/SeniorProject/gitRepos/Senior-Project-CPP-Game/Saved/Config/Windows/Scalability.ini]
[2019.04.15-10.47.05:897][  0]LogConfig: Setting CVar [[foliage.DensityScale:1.0]]
[2019.04.15-10.47.05:897][  0]LogConfig: Setting CVar [[grass.DensityScale:1.0]]
[2019.04.15-10.47.05:897][  0]LogInit: Selected Device Profile: [Windows]
[2019.04.15-10.47.05:897][  0]LogInit: Applying CVar settings loaded from the selected device profile: [Windows]
[2019.04.15-10.47.05:908][  0]LogHAL: Display: Platform has ~ 32 GB [34313105408 / 34359738368 / 32], which maps to Largest [LargestMinGB=32, LargerMinGB=12, DefaultMinGB=8, SmallerMinGB=6, SmallestMinGB=0)
[2019.04.15-10.47.05:908][  0]LogConfig: Setting CVar [[r.Vulkan.UseRealUBs:1]]
[2019.04.15-10.47.05:908][  0]LogInit: Going up to parent DeviceProfile []
[2019.04.15-10.47.05:908][  0]LogConfig: Applying CVar settings from Section [ViewDistanceQuality@3] File [C:/Users/gosus/Documents/CP-School/SeniorProject/gitRepos/Senior-Project-CPP-Game/Saved/Config/Windows/Scalability.ini]
[2019.04.15-10.47.05:908][  0]LogConfig: Setting CVar [[r.SkeletalMeshLODBias:0]]
[2019.04.15-10.47.05:908][  0]LogConfig: Setting CVar [[r.ViewDistanceScale:1.0]]
[2019.04.15-10.47.05:908][  0]LogConfig: Applying CVar settings from Section [AntiAliasingQuality@3] File [C:/Users/gosus/Documents/CP-School/SeniorProject/gitRepos/Senior-Project-CPP-Game/Saved/Config/Windows/Scalability.ini]
[2019.04.15-10.47.05:908][  0]LogConfig: Setting CVar [[r.PostProcessAAQuality:4]]
[2019.04.15-10.47.05:908][  0]LogConfig: Applying CVar settings from Section [ShadowQuality@3] File [C:/Users/gosus/Documents/CP-School/SeniorProject/gitRepos/Senior-Project-CPP-Game/Saved/Config/Windows/Scalability.ini]
[2019.04.15-10.47.05:909][  0]LogConfig: Setting CVar [[r.LightFunctionQuality:1]]
[2019.04.15-10.47.05:909][  0]LogConfig: Setting CVar [[r.ShadowQuality:5]]
[2019.04.15-10.47.05:909][  0]LogConfig: Setting CVar [[r.Shadow.CSM.MaxCascades:10]]
[2019.04.15-10.47.05:909][  0]LogConfig: Setting CVar [[r.Shadow.MaxResolution:2048]]
[2019.04.15-10.47.05:909][  0]LogConfig: Setting CVar [[r.Shadow.MaxCSMResolution:2048]]
[2019.04.15-10.47.05:909][  0]LogConfig: Setting CVar [[r.Shadow.RadiusThreshold:0.01]]
[2019.04.15-10.47.05:909][  0]LogConfig: Setting CVar [[r.Shadow.DistanceScale:1.0]]
[2019.04.15-10.47.05:909][  0]LogConfig: Setting CVar [[r.Shadow.CSM.TransitionScale:1.0]]
[2019.04.15-10.47.05:909][  0]LogConfig: Setting CVar [[r.Shadow.PreShadowResolutionFactor:1.0]]
[2019.04.15-10.47.05:909][  0]LogConfig: Setting CVar [[r.DistanceFieldShadowing:1]]
[2019.04.15-10.47.05:909][  0]LogConfig: Setting CVar [[r.DistanceFieldAO:1]]
[2019.04.15-10.47.05:909][  0]LogConfig: Setting CVar [[r.AOQuality:2]]
[2019.04.15-10.47.05:909][  0]LogConfig: Setting CVar [[r.VolumetricFog:1]]
[2019.04.15-10.47.05:909][  0]LogConfig: Setting CVar [[r.VolumetricFog.GridPixelSize:8]]
[2019.04.15-10.47.05:909][  0]LogConfig: Setting CVar [[r.VolumetricFog.GridSizeZ:128]]
[2019.04.15-10.47.05:909][  0]LogConfig: Setting CVar [[r.VolumetricFog.HistoryMissSupersampleCount:4]]
[2019.04.15-10.47.05:909][  0]LogConfig: Setting CVar [[r.LightMaxDrawDistanceScale:1]]
[2019.04.15-10.47.05:909][  0]LogConfig: Setting CVar [[r.CapsuleShadows:1]]
[2019.04.15-10.47.05:910][  0]LogConfig: Applying CVar settings from Section [PostProcessQuality@3] File [C:/Users/gosus/Documents/CP-School/SeniorProject/gitRepos/Senior-Project-CPP-Game/Saved/Config/Windows/Scalability.ini]
[2019.04.15-10.47.05:910][  0]LogConfig: Setting CVar [[r.MotionBlurQuality:4]]
[2019.04.15-10.47.05:910][  0]LogConfig: Setting CVar [[r.AmbientOcclusionMipLevelFactor:0.4]]
[2019.04.15-10.47.05:910][  0]LogConfig: Setting CVar [[r.AmbientOcclusionMaxQuality:100]]
[2019.04.15-10.47.05:910][  0]LogConfig: Setting CVar [[r.AmbientOcclusionLevels:-1]]
[2019.04.15-10.47.05:910][  0]LogConfig: Setting CVar [[r.AmbientOcclusionRadiusScale:1.0]]
[2019.04.15-10.47.05:910][  0]LogConfig: Setting CVar [[r.DepthOfFieldQuality:2]]
[2019.04.15-10.47.05:910][  0]LogConfig: Setting CVar [[r.RenderTargetPoolMin:400]]
[2019.04.15-10.47.05:910][  0]LogConfig: Setting CVar [[r.LensFlareQuality:2]]
[2019.04.15-10.47.05:910][  0]LogConfig: Setting CVar [[r.SceneColorFringeQuality:1]]
[2019.04.15-10.47.05:910][  0]LogConfig: Setting CVar [[r.EyeAdaptationQuality:2]]
[2019.04.15-10.47.05:910][  0]LogConfig: Setting CVar [[r.BloomQuality:5]]
[2019.04.15-10.47.05:910][  0]LogConfig: Setting CVar [[r.FastBlurThreshold:100]]
[2019.04.15-10.47.05:910][  0]LogConfig: Setting CVar [[r.Upscale.Quality:3]]
[2019.04.15-10.47.05:910][  0]LogConfig: Setting CVar [[r.Tonemapper.GrainQuantization:1]]
[2019.04.15-10.47.05:910][  0]LogConfig: Setting CVar [[r.LightShaftQuality:1]]
[2019.04.15-10.47.05:910][  0]LogConfig: Setting CVar [[r.Filter.SizeScale:1]]
[2019.04.15-10.47.05:910][  0]LogConfig: Setting CVar [[r.Tonemapper.Quality:5]]
[2019.04.15-10.47.05:910][  0]LogConfig: Setting CVar [[r.DOF.Gather.AccumulatorQuality:1        ; higher gathering accumulator quality]]
[2019.04.15-10.47.05:910][  0]LogConfig: Setting CVar [[r.DOF.Gather.PostfilterMethod:1          ; Median3x3 postfilering method]]
[2019.04.15-10.47.05:910][  0]LogConfig: Setting CVar [[r.DOF.Gather.EnableBokehSettings:0       ; no bokeh simulation when gathering]]
[2019.04.15-10.47.05:910][  0]LogConfig: Setting CVar [[r.DOF.Gather.RingCount:4                 ; medium number of samples when gathering]]
[2019.04.15-10.47.05:911][  0]LogConfig: Setting CVar [[r.DOF.Scatter.ForegroundCompositing:1    ; additive foreground scattering]]
[2019.04.15-10.47.05:911][  0]LogConfig: Setting CVar [[r.DOF.Scatter.BackgroundCompositing:2    ; additive background scattering]]
[2019.04.15-10.47.05:911][  0]LogConfig: Setting CVar [[r.DOF.Scatter.EnableBokehSettings:1      ; bokeh simulation when scattering]]
[2019.04.15-10.47.05:911][  0]LogConfig: Setting CVar [[r.DOF.Scatter.MaxSpriteRatio:0.1         ; only a maximum of 10% of scattered bokeh]]
[2019.04.15-10.47.05:911][  0]LogConfig: Setting CVar [[r.DOF.Recombine.Quality:1                ; cheap slight out of focus]]
[2019.04.15-10.47.05:911][  0]LogConfig: Setting CVar [[r.DOF.Recombine.EnableBokehSettings:0    ; no bokeh simulation on slight out of focus]]
[2019.04.15-10.47.05:911][  0]LogConfig: Setting CVar [[r.DOF.TemporalAAQuality:1                ; more stable temporal accumulation]]
[2019.04.15-10.47.05:911][  0]LogConfig: Setting CVar [[r.DOF.Kernel.MaxForegroundRadius:0.025]]
[2019.04.15-10.47.05:911][  0]LogConfig: Setting CVar [[r.DOF.Kernel.MaxBackgroundRadius:0.025]]
[2019.04.15-10.47.05:911][  0]LogConfig: Applying CVar settings from Section [TextureQuality@3] File [C:/Users/gosus/Documents/CP-School/SeniorProject/gitRepos/Senior-Project-CPP-Game/Saved/Config/Windows/Scalability.ini]
[2019.04.15-10.47.05:911][  0]LogConfig: Setting CVar [[r.Streaming.MipBias:0]]
[2019.04.15-10.47.05:911][  0]LogConfig: Setting CVar [[r.Streaming.AmortizeCPUToGPUCopy:0]]
[2019.04.15-10.47.05:911][  0]LogConfig: Setting CVar [[r.Streaming.MaxNumTexturesToStreamPerFrame:0]]
[2019.04.15-10.47.05:911][  0]LogConfig: Setting CVar [[r.Streaming.Boost:1]]
[2019.04.15-10.47.05:911][  0]LogConfig: Setting CVar [[r.MaxAnisotropy:8]]
[2019.04.15-10.47.05:911][  0]LogConfig: Setting CVar [[r.Streaming.LimitPoolSizeToVRAM:0]]
[2019.04.15-10.47.05:911][  0]LogConfig: Setting CVar [[r.Streaming.PoolSize:1000]]
[2019.04.15-10.47.05:911][  0]LogConfig: Setting CVar [[r.Streaming.MaxEffectiveScreenSize:0]]
[2019.04.15-10.47.05:911][  0]LogConfig: Applying CVar settings from Section [EffectsQuality@3] File [C:/Users/gosus/Documents/CP-School/SeniorProject/gitRepos/Senior-Project-CPP-Game/Saved/Config/Windows/Scalability.ini]
[2019.04.15-10.47.05:911][  0]LogConfig: Setting CVar [[r.TranslucencyLightingVolumeDim:64]]
[2019.04.15-10.47.05:912][  0]LogConfig: Setting CVar [[r.RefractionQuality:2]]
[2019.04.15-10.47.05:912][  0]LogConfig: Setting CVar [[r.SSR.Quality:3]]
[2019.04.15-10.47.05:912][  0]LogConfig: Setting CVar [[r.SceneColorFormat:4]]
[2019.04.15-10.47.05:912][  0]LogConfig: Setting CVar [[r.DetailMode:2]]
[2019.04.15-10.47.05:912][  0]LogConfig: Setting CVar [[r.TranslucencyVolumeBlur:1]]
[2019.04.15-10.47.05:912][  0]LogConfig: Setting CVar [[r.MaterialQualityLevel:1 ; High quality]]
[2019.04.15-10.47.05:912][  0]LogConfig: Setting CVar [[r.SSS.Scale:1]]
[2019.04.15-10.47.05:912][  0]LogConfig: Setting CVar [[r.SSS.SampleSet:2]]
[2019.04.15-10.47.05:912][  0]LogConfig: Setting CVar [[r.SSS.Quality:1]]
[2019.04.15-10.47.05:912][  0]LogConfig: Setting CVar [[r.SSS.HalfRes:1]]
[2019.04.15-10.47.05:912][  0]LogConfig: Setting CVar [[r.EmitterSpawnRateScale:1.0]]
[2019.04.15-10.47.05:912][  0]LogConfig: Setting CVar [[r.ParticleLightQuality:2]]
[2019.04.15-10.47.05:912][  0]LogConfig: Applying CVar settings from Section [FoliageQuality@3] File [C:/Users/gosus/Documents/CP-School/SeniorProject/gitRepos/Senior-Project-CPP-Game/Saved/Config/Windows/Scalability.ini]
[2019.04.15-10.47.05:912][  0]LogConfig: Setting CVar [[foliage.DensityScale:1.0]]
[2019.04.15-10.47.05:912][  0]LogConfig: Setting CVar [[grass.DensityScale:1.0]]
[2019.04.15-10.47.05:912][  0]LogConfig: Applying CVar settings from Section [Startup] File [../../../Engine/Config/ConsoleVariables.ini]
[2019.04.15-10.47.05:913][  0]LogConfig: Setting CVar [[net.UseAdaptiveNetUpdateFrequency:0]]
[2019.04.15-10.47.05:913][  0]LogConfig: Applying CVar settings from Section [ConsoleVariables] File [C:/Users/gosus/Documents/CP-School/SeniorProject/gitRepos/Senior-Project-CPP-Game/Saved/Config/Windows/Engine.ini]
[2019.04.15-10.47.05:913][  0]LogInit: Computer: UNIT-01
[2019.04.15-10.47.05:913][  0]LogInit: User: gosus
[2019.04.15-10.47.05:913][  0]LogInit: CPU Page size=4096, Cores=4
[2019.04.15-10.47.05:913][  0]LogInit: High frequency timer resolution =10.000000 MHz
[2019.04.15-10.47.05:913][  0]LogMemory: Memory total: Physical=32.0GB (32GB approx)
[2019.04.15-10.47.05:913][  0]LogMemory: Platform Memory Stats for Windows
[2019.04.15-10.47.05:913][  0]LogMemory: Process Physical Memory: 106.13 MB used, 106.14 MB peak
[2019.04.15-10.47.05:913][  0]LogMemory: Process Virtual Memory: 104.25 MB used, 104.25 MB peak
[2019.04.15-10.47.05:913][  0]LogMemory: Physical Memory: 8207.53 MB used,  24516.00 MB free, 32723.53 MB total
[2019.04.15-10.47.05:913][  0]LogMemory: Virtual Memory: 4662.01 MB used,  134213064.00 MB free, 134217728.00 MB total
[2019.04.15-10.47.06:020][  0]LogInit: Using OS detected language (en-US).
[2019.04.15-10.47.06:021][  0]LogInit: Using OS detected locale (en-US).
[2019.04.15-10.47.06:022][  0]LogTextLocalizationManager: No specific localization for 'en-US' exists, so the 'en' localization will be used.
[2019.04.15-10.47.06:346][  0]LogStreaming: Display: Took  0.325s to InitEngineTextLocalization.
[2019.04.15-10.47.06:346][  0]LogInit: Setting process to per monitor DPI aware
[2019.04.15-10.47.06:420][  0]LogSlate: New Slate User Created.  User Index 0, Is Virtual User: 0
[2019.04.15-10.47.06:420][  0]LogSlate: Slate User Registered.  User Index 0, Is Virtual User: 0
[2019.04.15-10.47.06:592][  0]LogHMD: Failed to initialize OpenVR with code 110
[2019.04.15-10.47.06:592][  0]LogD3D11RHI: D3D11 adapters:
[2019.04.15-10.47.06:667][  0]LogD3D11RHI:    0. 'NVIDIA GeForce RTX 2080' (Feature Level 11_0)
[2019.04.15-10.47.06:667][  0]LogD3D11RHI:       8010/0/16361 MB DedicatedVideo/DedicatedSystem/SharedSystem, Outputs:2, VendorId:0x10de
[2019.04.15-10.47.06:673][  0]LogD3D11RHI:    1. 'Microsoft Basic Render Driver' (Feature Level 11_0)
[2019.04.15-10.47.06:673][  0]LogD3D11RHI:       0/0/16361 MB DedicatedVideo/DedicatedSystem/SharedSystem, Outputs:0, VendorId:0x1414
[2019.04.15-10.47.06:673][  0]LogD3D11RHI: Chosen D3D11 Adapter: 0
[2019.04.15-10.47.06:681][  0]LogD3D11RHI: Creating new Direct3DDevice
[2019.04.15-10.47.06:681][  0]LogD3D11RHI:     GPU DeviceId: 0x1e87 (for the marketing name, search the web for "GPU Device Id")
[2019.04.15-10.47.06:681][  0]LogWindows: EnumDisplayDevices:
[2019.04.15-10.47.06:681][  0]LogWindows:    0. 'NVIDIA GeForce RTX 2080' (P:1 D:1)
[2019.04.15-10.47.06:681][  0]LogWindows:    1. 'NVIDIA GeForce RTX 2080' (P:0 D:1)
[2019.04.15-10.47.06:682][  0]LogWindows:    2. 'NVIDIA GeForce RTX 2080' (P:0 D:0)
[2019.04.15-10.47.06:682][  0]LogWindows:    3. 'NVIDIA GeForce RTX 2080' (P:0 D:0)
[2019.04.15-10.47.06:682][  0]LogWindows: DebugString: FoundDriverCount:4 
[2019.04.15-10.47.06:682][  0]LogD3D11RHI:     Adapter Name: NVIDIA GeForce RTX 2080
[2019.04.15-10.47.06:682][  0]LogD3D11RHI:   Driver Version: 425.31 (internal:25.21.14.2531, unified:425.31)
[2019.04.15-10.47.06:682][  0]LogD3D11RHI:      Driver Date: 4-9-2019
[2019.04.15-10.47.06:682][  0]LogRHI: Texture pool is 5607 MB (70% of 8010 MB)
[2019.04.15-10.47.06:726][  0]LogD3D11RHI: Async texture creation enabled
[2019.04.15-10.47.06:749][  0]LogD3D11RHI: GPU Timing Frequency: 1000.000000 (Debug: 2 1)
[2019.04.15-10.47.07:111][  0]LogTemp: Display: Loaded TP AllDesktopTargetPlatform
[2019.04.15-10.47.07:125][  0]LogTemp: Display: Loaded TP MacClientTargetPlatform
[2019.04.15-10.47.07:141][  0]LogTemp: Display: Loaded TP MacNoEditorTargetPlatform
[2019.04.15-10.47.07:155][  0]LogTemp: Display: Loaded TP MacServerTargetPlatform
[2019.04.15-10.47.07:170][  0]LogTemp: Display: Loaded TP MacTargetPlatform
[2019.04.15-10.47.07:184][  0]LogTemp: Display: Loaded TP WindowsClientTargetPlatform
[2019.04.15-10.47.07:198][  0]LogTemp: Display: Loaded TP WindowsNoEditorTargetPlatform
[2019.04.15-10.47.07:214][  0]LogTemp: Display: Loaded TP WindowsServerTargetPlatform
[2019.04.15-10.47.07:223][  0]LogTemp: Display: Loaded TP WindowsTargetPlatform
[2019.04.15-10.47.07:296][  0]LogTemp: Display: Loaded TP AndroidTargetPlatform
[2019.04.15-10.47.07:297][  0]LogTemp: Display: Loaded TP AndroidTargetPlatform
[2019.04.15-10.47.07:297][  0]LogTemp: Display: Loaded TP AndroidTargetPlatform
[2019.04.15-10.47.07:297][  0]LogTemp: Display: Loaded TP AndroidTargetPlatform
[2019.04.15-10.47.07:297][  0]LogTemp: Display: Loaded TP AndroidTargetPlatform
[2019.04.15-10.47.07:297][  0]LogTemp: Display: Loaded TP AndroidTargetPlatform
[2019.04.15-10.47.07:297][  0]LogTemp: Display: Loaded TP AndroidTargetPlatform
[2019.04.15-10.47.07:297][  0]LogTemp: Display: Loaded TP AndroidTargetPlatform
[2019.04.15-10.47.07:297][  0]LogTemp: Display: Loaded TP AndroidTargetPlatform
[2019.04.15-10.47.07:297][  0]LogTemp: Display: Loaded TP AndroidTargetPlatform
[2019.04.15-10.47.07:297][  0]LogTemp: Display: Loaded TP AndroidTargetPlatform
[2019.04.15-10.47.07:297][  0]LogTemp: Display: Loaded TP AndroidTargetPlatform
[2019.04.15-10.47.07:297][  0]LogTemp: Display: Loaded TP AndroidTargetPlatform
[2019.04.15-10.47.07:297][  0]LogTemp: Display: Loaded TP AndroidTargetPlatform
[2019.04.15-10.47.07:297][  0]LogTemp: Display: Loaded TP AndroidTargetPlatform
[2019.04.15-10.47.07:297][  0]LogTemp: Display: Loaded TP AndroidTargetPlatform
[2019.04.15-10.47.07:297][  0]LogTemp: Display: Loaded TP AndroidTargetPlatform
[2019.04.15-10.47.07:297][  0]LogTemp: Display: Loaded TP AndroidTargetPlatform
[2019.04.15-10.47.07:302][  0]LogTemp: Display: Loaded TP HTML5TargetPlatform
[2019.04.15-10.47.07:378][  0]LogTemp: Display: Loaded TP IOSTargetPlatform
[2019.04.15-10.47.07:378][  0]LogTemp: Display: Loaded TP IOSTargetPlatform
[2019.04.15-10.47.07:402][  0]LogTemp: Display: Loaded TP TVOSTargetPlatform
[2019.04.15-10.47.07:402][  0]LogTemp: Display: Loaded TP TVOSTargetPlatform
[2019.04.15-10.47.07:414][  0]LogTemp: Display: Loaded TP LinuxClientTargetPlatform
[2019.04.15-10.47.07:428][  0]LogTemp: Display: Loaded TP LinuxNoEditorTargetPlatform
[2019.04.15-10.47.07:443][  0]LogTemp: Display: Loaded TP LinuxServerTargetPlatform
[2019.04.15-10.47.07:461][  0]LogTemp: Display: Loaded TP LinuxTargetPlatform
[2019.04.15-10.47.07:512][  0]LogTemp: Display: Loaded TP LuminTargetPlatform
[2019.04.15-10.47.07:512][  0]LogTemp: Display: Loaded TP LuminTargetPlatform
[2019.04.15-10.47.07:512][  0]LogTargetPlatformManager: Display: Building Assets For Windows
[2019.04.15-10.47.07:670][  0]LogShaderCompilers: Guid format shader working directory is -36 characters bigger than the processId version (C:/Users/gosus/Documents/CP-School/SeniorProject/gitRepos/Senior-Project-CPP-Game/Intermediate/Shaders/WorkingDirectory/18248/).
[2019.04.15-10.47.07:670][  0]LogShaderCompilers: Cleaned the shader compiler working directory 'C:/Users/gosus/AppData/Local/Temp/UnrealShaderWorkingDir/D4503A7747C0286B704D49ABC34402A2/'.
[2019.04.15-10.47.07:672][  0]LogXGEController: Cleaning working directory: C:/Users/gosus/AppData/Local/Temp/UnrealXGEWorkingDir/
[2019.04.15-10.47.07:672][  0]LogXGEController: Cannot use XGE Controller as Incredibuild is not installed on this machine.
[2019.04.15-10.47.07:672][  0]LogShaderCompilers: Cannot use XGE Shader Compiler as Incredibuild is not installed on this machine.
[2019.04.15-10.47.07:672][  0]LogShaderCompilers: Display: Using Local Shader Compiler.
[2019.04.15-10.47.08:180][  0]LogDerivedDataCache: Display: Max Cache Size: 512 MB
[2019.04.15-10.47.08:225][  0]LogDerivedDataCache: Loaded boot cache 0.04s 71MB C:/Users/gosus/AppData/Local/UnrealEngine/4.21/DerivedDataCache/Boot.ddc.
[2019.04.15-10.47.08:225][  0]LogDerivedDataCache: Display: Loaded Boot cache: C:/Users/gosus/AppData/Local/UnrealEngine/4.21/DerivedDataCache/Boot.ddc
[2019.04.15-10.47.08:225][  0]LogDerivedDataCache: FDerivedDataBackendGraph:  Pak pak cache file C:/Users/gosus/Documents/CP-School/SeniorProject/gitRepos/Senior-Project-CPP-Game/DerivedDataCache/DDC.ddp not found, will not use a pak cache.
[2019.04.15-10.47.08:225][  0]LogDerivedDataCache: Unable to find inner node Pak for hierarchical cache Hierarchy.
[2019.04.15-10.47.08:225][  0]LogDerivedDataCache: FDerivedDataBackendGraph:  CompressedPak pak cache file C:/Users/gosus/Documents/CP-School/SeniorProject/gitRepos/Senior-Project-CPP-Game/DerivedDataCache/Compressed.ddp not found, will not use a pak cache.
[2019.04.15-10.47.08:226][  0]LogDerivedDataCache: Unable to find inner node CompressedPak for hierarchical cache Hierarchy.
[2019.04.15-10.47.08:242][  0]LogDerivedDataCache: Display: Pak cache opened for reading ../../../Engine/DerivedDataCache/Compressed.ddp.
[2019.04.15-10.47.08:242][  0]LogDerivedDataCache: FDerivedDataBackendGraph:  EnterprisePak pak cache file ../../../Enterprise/DerivedDataCache/Compressed.ddp not found, will not use a pak cache.
[2019.04.15-10.47.08:242][  0]LogDerivedDataCache: Unable to find inner node EnterprisePak for hierarchical cache Hierarchy.
[2019.04.15-10.47.08:255][  0]LogDerivedDataCache: Using Local data cache path C:/Users/gosus/AppData/Local/UnrealEngine/Common/DerivedDataCache: Writable
[2019.04.15-10.47.08:255][  0]LogDerivedDataCache: Shared data cache path not found in *engine.ini, will not use an Shared cache.
[2019.04.15-10.47.08:255][  0]LogDerivedDataCache: Unable to find inner node Shared for hierarchical cache Hierarchy.
[2019.04.15-10.47.08:278][  0]LogMaterial: Verifying Global Shaders for PCD3D_SM5
[2019.04.15-10.47.08:280][  0]LogSlate: Using FreeType 2.6.0
[2019.04.15-10.47.08:280][  0]LogSlate: SlateFontServices - WITH_FREETYPE: 1, WITH_HARFBUZZ: 1
[2019.04.15-10.47.08:356][  0]LogAssetRegistry: FAssetRegistry took 0.0354 seconds to start up
[2019.04.15-10.47.08:693][  0]LogInit: Selected Device Profile: [Windows]
[2019.04.15-10.47.08:866][  0]LogSimplygon: Simplygon DLL not present - disabling.
[2019.04.15-10.47.08:883][  0]LogMeshReduction: Using SimplygonSwarm for distributed automatic mesh merging
[2019.04.15-10.47.08:883][  0]LogMeshReduction: Using ProxyLODMeshReduction for automatic mesh merging
[2019.04.15-10.47.08:883][  0]LogMeshReduction: Using QuadricMeshReduction for automatic static mesh reduction
[2019.04.15-10.47.08:883][  0]LogMeshReduction: No automatic skeletal mesh reduction module available
[2019.04.15-10.47.08:895][  0]LogNetVersion: HSPGame 1.0.0, NetCL: 4541578, EngineNetVer: 5, GameNetVer: 0 (Checksum: 2893343623)
[2019.04.15-10.47.09:336][  0]LogPackageLocalizationCache: Processed 11 localized package path(s) for 2 prioritized culture(s) in 0.094698 seconds
[2019.04.15-10.47.09:343][  0]LogUObjectArray: 39775 objects as part of root set at end of initial load.
[2019.04.15-10.47.09:343][  0]LogUObjectAllocator: 6914656 out of 0 bytes used by permanent object pool.
[2019.04.15-10.47.09:343][  0]LogUObjectArray: CloseDisregardForGC: 0/0 objects in disregard for GC pool
[2019.04.15-10.47.10:347][  0]LogTcpMessaging: Initializing TcpMessaging bridge
[2019.04.15-10.47.10:366][  0]LogUdpMessaging: Initializing bridge on interface 0.0.0.0:0 to multicast group 230.0.0.1:6666.
[2019.04.15-10.47.11:056][  0]SourceControl: Source control is disabled
[2019.04.15-10.47.11:056][  0]SourceControl: Source control is disabled
[2019.04.15-10.47.11:070][  0]SourceControl: Source control is disabled
[2019.04.15-10.47.11:075][  0]SourceControl: Source control is disabled
[2019.04.15-10.47.11:458][  0]LogAndroidPermission: UAndroidPermissionCallbackProxy::GetInstance
[2019.04.15-10.47.11:667][  0]LogOcInput: OculusInput pre-init called
[2019.04.15-10.47.11:819][  0]LogEngine: Initializing Engine...
[2019.04.15-10.47.11:820][  0]LogHMD: Failed to initialize OpenVR with code 110
[2019.04.15-10.47.11:821][  0]LogStats: UGameplayTagsManager::ConstructGameplayTagTree: ImportINI prefixes -  0.000 s
[2019.04.15-10.47.11:821][  0]LogStats: UGameplayTagsManager::ConstructGameplayTagTree: Construct from data asset -  0.000 s
[2019.04.15-10.47.11:821][  0]LogStats: UGameplayTagsManager::ConstructGameplayTagTree: ImportINI -  0.000 s
[2019.04.15-10.47.11:822][  0]LogStats: UGameplayTagsManager::ConstructGameplayTagTree: GameplayTagTreeChangedEvent.Broadcast -  0.000 s
[2019.04.15-10.47.12:027][  0]LogInit: Initializing FReadOnlyCVARCache
[2019.04.15-10.47.12:044][  0]LogAIModule: Creating AISystem for world Untitled
[2019.04.15-10.47.12:110][  0]LogInit: XAudio2 using 'Speakers (Realtek(R) Audio)' : 2 channels at 48 kHz using 32 bits per sample (channel mask 0x3)
[2019.04.15-10.47.12:151][  0]LogInit: FAudioDevice initialized.
[2019.04.15-10.47.12:151][  0]LogNetVersion: Set ProjectVersion to 1.0.0.0. Version Checksum will be recalculated on next use.
[2019.04.15-10.47.12:196][  0]LogDerivedDataCache: Saved boot cache 0.05s 71MB C:/Users/gosus/AppData/Local/UnrealEngine/4.21/DerivedDataCache/Boot.ddc.
[2019.04.15-10.47.12:204][  0]LogInit: Texture streaming: Enabled
[2019.04.15-10.47.12:237][  0]LogEngineSessionManager: EngineSessionManager initialized
[2019.04.15-10.47.12:237][  0]LogEngineSessionManager: EngineSessionManager sent abnormal shutdown report. Type=Debugger, SessionId={3371F748-4FFE-F6A4-DB4E-42B8BC261EE3}
[2019.04.15-10.47.12:237][  0]LogEngineSessionManager: EngineSessionManager sent abnormal shutdown report. Type=Debugger, SessionId={9CCC8025-4CE2-67A0-1704-11A04ACE9E4A}
[2019.04.15-10.47.12:237][  0]LogEngineSessionManager: EngineSessionManager sent abnormal shutdown report. Type=Debugger, SessionId={8CB9E94D-4D1A-4BA4-FEEC-699E637A7058}
[2019.04.15-10.47.12:249][  0]LogInit: Transaction tracking system initialized
[2019.04.15-10.47.12:291][  0]BlueprintLog: New page: Editor Load
[2019.04.15-10.47.12:467][  0]LocalizationService: Localization service is disabled
[2019.04.15-10.47.13:007][  0]LogCook: Display: Max memory allowance for cook 16384mb min free memory 0mb
[2019.04.15-10.47.13:007][  0]LogCook: Display: Mobile HDR setting 1
[2019.04.15-10.47.13:007][  0]LogGameplayTags: Display: UGameplayTagsManager::DoneAddingNativeTags. DelegateIsBound: 0
[2019.04.15-10.47.13:007][  0]LogStats: UGameplayTagsManager::ConstructGameplayTagTree: ImportINI prefixes -  0.000 s
[2019.04.15-10.47.13:008][  0]LogStats: UGameplayTagsManager::ConstructGameplayTagTree: Construct from data asset -  0.000 s
[2019.04.15-10.47.13:008][  0]LogStats: UGameplayTagsManager::ConstructGameplayTagTree: ImportINI -  0.000 s
[2019.04.15-10.47.13:008][  0]LogStats: UGameplayTagsManager::ConstructGameplayTagTree: GameplayTagTreeChangedEvent.Broadcast -  0.000 s
[2019.04.15-10.47.13:274][  0]LogFileCache: Scanning file cache for directory 'C:/Users/gosus/Documents/CP-School/SeniorProject/gitRepos/Senior-Project-CPP-Game/Content/' took 0.04s
[2019.04.15-10.47.13:274][  0]SourceControl: Source control is disabled
[2019.04.15-10.47.13:275][  0]Cmd: MAP LOAD FILE="C:/Users/gosus/Documents/CP-School/SeniorProject/gitRepos/Senior-Project-CPP-Game/Content/Levels/DemoTown.umap" TEMPLATE=0 SHOWPROGRESS=1 FEATURELEVEL=3
[2019.04.15-10.47.13:275][  0]LightingResults: New page: Lighting Build
[2019.04.15-10.47.13:277][  0]MapCheck: New page: Map Check
[2019.04.15-10.47.13:277][  0]LightingResults: New page: Lighting Build
[2019.04.15-10.47.13:829][  0]LogAIModule: Creating AISystem for world DemoTown
[2019.04.15-10.47.13:860][  0]LogEditorServer: Finished looking for orphan Actors (0.000 secs)
[2019.04.15-10.47.13:880][  0]Cmd: MAP CHECKDEP NOCLEARLOG
[2019.04.15-10.47.13:880][  0]MapCheck: Map check complete: 0 Error(s), 0 Warning(s), took 0.168ms to complete.
[2019.04.15-10.47.13:880][  0]LogFileHelpers: Loading map 'DemoTown' took 0.606
[2019.04.15-10.47.13:981][  0]LogSlate: Updating window title bar state: overlay mode, drag disabled, window buttons hidden, title bar hidden
[2019.04.15-10.47.13:987][  0]LogSlate: Updating window title bar state: overlay mode, drag disabled, window buttons hidden, title bar hidden
[2019.04.15-10.47.13:994][  0]LogSlate: Updating window title bar state: overlay mode, drag disabled, window buttons hidden, title bar hidden
[2019.04.15-10.47.14:000][  0]LogSlate: Updating window title bar state: overlay mode, drag disabled, window buttons hidden, title bar hidden
[2019.04.15-10.47.14:009][  0]LogCollectionManager: Loaded 0 collections in 0.001014 seconds
[2019.04.15-10.47.14:026][  0]LogFileCache: Scanning file cache for directory 'C:/Users/gosus/Documents/CP-School/SeniorProject/gitRepos/Senior-Project-CPP-Game/Saved/Collections/' took 0.01s
[2019.04.15-10.47.14:026][  0]LogFileCache: Scanning file cache for directory 'C:/Users/gosus/Documents/CP-School/SeniorProject/gitRepos/Senior-Project-CPP-Game/Content/Developers/gosus/Collections/' took 0.00s
[2019.04.15-10.47.14:027][  0]LogFileCache: Scanning file cache for directory 'C:/Users/gosus/Documents/CP-School/SeniorProject/gitRepos/Senior-Project-CPP-Game/Content/Collections/' took 0.00s
[2019.04.15-10.47.14:027][  0]LogCollectionManager: Rebuilt the GUID cache for 0 collections in 0.000000 seconds
[2019.04.15-10.47.14:035][  0]LogContentBrowser: Native class hierarchy populated in 0.0080 seconds. Added 2661 classes and 622 folders.
[2019.04.15-10.47.14:041][  0]LogContentBrowser: Native class hierarchy updated for 'WidgetCarousel' in 0.0003 seconds. Added 0 classes and 0 folders.
[2019.04.15-10.47.14:043][  0]LogPakFile: Registered encryption key '00000000000000000000000000000000': 0 pak files mounted, 0 remain pending
[2019.04.15-10.47.14:043][  0]LogPakFile: Registered encryption key '00000000000000000000000000000000': 0 pak files mounted, 0 remain pending
[2019.04.15-10.47.14:044][  0]LogPakFile: Registered encryption key '00000000000000000000000000000000': 0 pak files mounted, 0 remain pending
[2019.04.15-10.47.14:044][  0]LogPakFile: Registered encryption key '00000000000000000000000000000000': 0 pak files mounted, 0 remain pending
[2019.04.15-10.47.14:045][  0]LogPakFile: Registered encryption key '00000000000000000000000000000000': 0 pak files mounted, 0 remain pending
[2019.04.15-10.47.14:045][  0]LogPakFile: Registered encryption key '00000000000000000000000000000000': 0 pak files mounted, 0 remain pending
[2019.04.15-10.47.14:046][  0]LogPakFile: Registered encryption key '00000000000000000000000000000000': 0 pak files mounted, 0 remain pending
[2019.04.15-10.47.14:046][  0]LogPakFile: Registered encryption key '00000000000000000000000000000000': 0 pak files mounted, 0 remain pending
[2019.04.15-10.47.14:047][  0]LogPakFile: Registered encryption key '00000000000000000000000000000000': 0 pak files mounted, 0 remain pending
[2019.04.15-10.47.14:047][  0]LogPakFile: Registered encryption key '00000000000000000000000000000000': 0 pak files mounted, 0 remain pending
[2019.04.15-10.47.14:047][  0]LogPakFile: Registered encryption key '00000000000000000000000000000000': 0 pak files mounted, 0 remain pending
[2019.04.15-10.47.14:048][  0]LogPakFile: Registered encryption key '00000000000000000000000000000000': 0 pak files mounted, 0 remain pending
[2019.04.15-10.47.14:048][  0]LogPakFile: Registered encryption key '00000000000000000000000000000000': 0 pak files mounted, 0 remain pending
[2019.04.15-10.47.14:049][  0]LogPakFile: Registered encryption key '00000000000000000000000000000000': 0 pak files mounted, 0 remain pending
[2019.04.15-10.47.14:049][  0]LogPakFile: Registered encryption key '00000000000000000000000000000000': 0 pak files mounted, 0 remain pending
[2019.04.15-10.47.14:050][  0]LogPakFile: Registered encryption key '00000000000000000000000000000000': 0 pak files mounted, 0 remain pending
[2019.04.15-10.47.14:050][  0]LogPakFile: Registered encryption key '00000000000000000000000000000000': 0 pak files mounted, 0 remain pending
[2019.04.15-10.47.14:050][  0]LogPakFile: Registered encryption key '00000000000000000000000000000000': 0 pak files mounted, 0 remain pending
[2019.04.15-10.47.14:051][  0]LogPakFile: Registered encryption key '00000000000000000000000000000000': 0 pak files mounted, 0 remain pending
[2019.04.15-10.47.14:052][  0]LogPakFile: Registered encryption key '00000000000000000000000000000000': 0 pak files mounted, 0 remain pending
[2019.04.15-10.47.14:052][  0]LogPakFile: Registered encryption key '00000000000000000000000000000000': 0 pak files mounted, 0 remain pending
[2019.04.15-10.47.14:053][  0]LogPakFile: Registered encryption key '00000000000000000000000000000000': 0 pak files mounted, 0 remain pending
[2019.04.15-10.47.14:054][  0]LogPakFile: Registered encryption key '00000000000000000000000000000000': 0 pak files mounted, 0 remain pending
[2019.04.15-10.47.14:054][  0]LogPakFile: Registered encryption key '00000000000000000000000000000000': 0 pak files mounted, 0 remain pending
[2019.04.15-10.47.14:055][  0]LogPakFile: Registered encryption key '00000000000000000000000000000000': 0 pak files mounted, 0 remain pending
[2019.04.15-10.47.14:055][  0]LogPakFile: Registered encryption key '00000000000000000000000000000000': 0 pak files mounted, 0 remain pending
[2019.04.15-10.47.14:078][  0]LogContentBrowser: Native class hierarchy updated for 'AddContentDialog' in 0.0004 seconds. Added 0 classes and 0 folders.
[2019.04.15-10.47.14:089][  0]LogContentBrowser: Native class hierarchy updated for 'SceneOutliner' in 0.0003 seconds. Added 1 classes and 2 folders.
[2019.04.15-10.47.14:102][  0]LogSlate: Took 0.000172 seconds to synchronously load lazily loaded font '../../../Engine/Content/Slate/Fonts/Roboto-Regular.ttf' (155K)
[2019.04.15-10.47.14:104][  0]LogSlate: Took 0.000112 seconds to synchronously load lazily loaded font '../../../Engine/Content/Slate/Fonts/Roboto-Bold.ttf' (160K)
[2019.04.15-10.47.14:110][  0]LogSlate: Took 0.000126 seconds to synchronously load lazily loaded font '../../../Engine/Content/Editor/Slate/Fonts/FontAwesome.ttf' (139K)
[2019.04.15-10.47.14:175][  0]LogRenderer: Reallocating scene render targets to support 1772x792 Format 10 NumSamples 1 (Frame:1).
[2019.04.15-10.47.14:298][  0]LogContentBrowser: Native class hierarchy updated for 'HierarchicalLODOutliner' in 0.0003 seconds. Added 0 classes and 0 folders.
[2019.04.15-10.47.14:298][  0]LogLoad: (Engine Initialization) Total time: 10.29 seconds
[2019.04.15-10.47.14:298][  0]LogLoad: (Engine Initialization) Total Blueprint compile time: 0.00 seconds
[2019.04.15-10.47.14:373][  0]LogContentStreaming: Texture pool size now 1000 MB
[2019.04.15-10.47.14:503][  2]LogAssetRegistry: Asset discovery search completed in 6.1711 seconds
[2019.04.15-10.47.14:505][  2]LogCollectionManager: Rebuilt the object cache for 0 collections in 0.000000 seconds (found 0 objects)
[2019.04.15-10.47.14:505][  2]LogCollectionManager: Fixed up redirectors for 0 collections in 0.000172 seconds (updated 0 objects)
[2019.04.15-10.47.25:574][321]LogSlate: FSceneViewport::OnFocusLost() reason 0
[2019.04.15-10.47.26:869][472]LogSlate: Took 0.000138 seconds to synchronously load lazily loaded font '../../../Engine/Content/Slate/Fonts/Roboto-Light.ttf' (167K)
[2019.04.15-10.47.27:101][472]LogAIModule: Creating AISystem for world DemoBattlefield
[2019.04.15-10.47.27:113][472]LogAssetEditorManager: Opening Asset editor for World /Game/Levels/DemoBattlefield.DemoBattlefield
[2019.04.15-10.47.27:137][472]Cmd: MAP LOAD FILE="C:/Users/gosus/Documents/CP-School/SeniorProject/gitRepos/Senior-Project-CPP-Game/Content/Levels/DemoBattlefield.umap" TEMPLATE=0 SHOWPROGRESS=1 FEATURELEVEL=3
[2019.04.15-10.47.27:137][472]LightingResults: New page: Lighting Build
[2019.04.15-10.47.27:137][472]LoadErrors: New page: Loading map: DemoBattlefield.umap
[2019.04.15-10.47.27:140][472]MapCheck: New page: Map Check
[2019.04.15-10.47.27:140][472]LightingResults: New page: Lighting Build
[2019.04.15-10.47.27:177][472]LogEditorServer: Finished looking for orphan Actors (0.000 secs)
[2019.04.15-10.47.27:250][472]Cmd: MAP CHECKDEP NOCLEARLOG
[2019.04.15-10.47.27:251][472]MapCheck: Map check complete: 0 Error(s), 0 Warning(s), took 0.164ms to complete.
[2019.04.15-10.47.27:251][472]LogFileHelpers: Loading map 'DemoBattlefield' took 0.115
[2019.04.15-10.47.32:090][ 32]LogSlate: FSceneViewport::OnFocusLost() reason 0
[2019.04.15-10.47.32:140][ 38]MapCheck: New page: Map Check
[2019.04.15-10.47.32:155][ 38]Cmd: MAP REBUILD ALLVISIBLE
[2019.04.15-10.47.32:155][ 38]LogEditorServer: Rebuildmap Clear paths rebuilt
[2019.04.15-10.47.32:292][ 38]LogMaterial: Display: Missing cached shader map for material FDebugViewModeMaterialProxy LandscapeGizmo_Mat, compiling. 
[2019.04.15-10.47.32:300][ 38]LogMaterial: Display: Missing cached shader map for material FDebugViewModeMaterialProxy M_Water_Ocean, compiling. 
[2019.04.15-10.47.32:306][ 38]LogShaderCompilers: Display: Shaders left to compile 1
[2019.04.15-10.47.32:307][ 38]LogMaterial: Display: Missing cached shader map for material FDebugViewModeMaterialProxy M_MaterialSphere_Plain, compiling. 
[2019.04.15-10.47.32:313][ 38]LogShaderCompilers: Display: Shaders left to compile 1
[2019.04.15-10.47.32:313][ 38]LogMaterial: Display: Missing cached shader map for material FDebugViewModeMaterialProxy M_MaterialSphere, compiling. 
[2019.04.15-10.47.32:322][ 38]LogShaderCompilers: Display: Shaders left to compile 2
[2019.04.15-10.47.32:322][ 38]LogShaderCompilers: Display: Shaders left to compile 1
[2019.04.15-10.47.32:322][ 38]LogMaterial: Display: Missing cached shader map for material FDebugViewModeMaterialProxy MaskedUnlitSpriteMaterial, compiling. 
[2019.04.15-10.47.32:330][ 38]LogMaterial: Display: Missing cached shader map for material FDebugViewModeMaterialProxy M_Rock, compiling. 
[2019.04.15-10.47.32:340][ 38]LogMaterial: Display: Missing cached shader map for material FDebugViewModeMaterialProxy M_Frame, compiling. 
[2019.04.15-10.47.32:349][ 38]LogMaterial: Display: Missing cached shader map for material FDebugViewModeMaterialProxy M_Fire_SubUV, compiling. 
[2019.04.15-10.47.32:358][ 38]LogMaterial: Display: Missing cached shader map for material FDebugViewModeMaterialProxy M_smoke_subUV, compiling. 
[2019.04.15-10.47.32:367][ 38]LogMaterial: Display: Missing cached shader map for material FDebugViewModeMaterialProxy M_Radial_Gradient, compiling. 
[2019.04.15-10.47.32:376][ 38]LogMaterial: Display: Missing cached shader map for material FDebugViewModeMaterialProxy M_Heat_Distortion, compiling. 
[2019.04.15-10.47.32:386][ 38]LogMaterial: Display: Missing cached shader map for material FDebugViewModeMaterialProxy Base_01_Inst, compiling. 
[2019.04.15-10.47.32:394][ 38]LogMaterial: Display: Missing cached shader map for material FDebugViewModeMaterialProxy MaterialInstanceDynamic_0, compiling. 
[2019.04.15-10.47.32:404][ 38]LogMaterial: Display: Missing cached shader map for material FDebugViewModeMaterialProxy MaskedLitSpriteMaterial, compiling. 
[2019.04.15-10.47.33:155][ 38]LogShaderCompilers: Display: Shaders left to compile 10
[2019.04.15-10.47.33:155][ 38]LogShaderCompilers: Display: Shaders left to compile 9
[2019.04.15-10.47.33:155][ 38]LogShaderCompilers: Display: Shaders left to compile 8
[2019.04.15-10.47.33:155][ 38]LogShaderCompilers: Display: Shaders left to compile 7
[2019.04.15-10.47.33:155][ 38]LogShaderCompilers: Display: Shaders left to compile 6
[2019.04.15-10.47.33:155][ 38]LogShaderCompilers: Display: Shaders left to compile 5
[2019.04.15-10.47.33:155][ 38]LogShaderCompilers: Display: Shaders left to compile 4
[2019.04.15-10.47.33:155][ 38]LogShaderCompilers: Display: Shaders left to compile 3
[2019.04.15-10.47.33:156][ 38]LogShaderCompilers: Display: Shaders left to compile 2
[2019.04.15-10.47.33:156][ 38]LogShaderCompilers: Display: Shaders left to compile 1
[2019.04.15-10.47.33:156][ 38]TextureStreamingBuild: Display: Compiling optional shaders took 0.867 seconds.
[2019.04.15-10.47.33:169][ 38]LogLevel: Display: Export Material TexCoord Scales took 0.014 seconds.
[2019.04.15-10.47.33:179][ 38]TextureStreamingBuild: Display: Build Texture Streaming took 0.009 seconds.
[2019.04.15-10.47.33:198][ 38]LightingResults: New page: Lighting Build - Apr 14, 2019, 8:47:33 PM
[2019.04.15-10.47.33:242][ 38]LogSwarmInterface: [OpenConnection] Registering TCP channel ...
[2019.04.15-10.47.33:374][ 38]LogSwarmInterface: [OpenConnection] Connecting to agent ...
[2019.04.15-10.47.33:389][ 38]LogSwarmInterface: [TryOpenConnection] Testing the Agent
[2019.04.15-10.47.33:898][ 38]LogSwarmInterface: [TryOpenConnection] Opening Connection to Agent
[2019.04.15-10.47.33:898][ 38]LogSwarmInterface: [TryOpenConnection] Local Process ID is 18248
[2019.04.15-10.47.38:235][ 38]LogStaticLightingSystem: Warning: No importance volume found, so the scene bounding box was used.  You can optimize your scene's quality and lighting build times by adding importance volumes.
[2019.04.15-10.47.38:237][ 38]LogStaticLightingSystem: Running Lightmass w/ ImmediateImport mode ENABLED
[2019.04.15-10.47.38:237][ 38]LogStaticLightingSystem: Running Lightmass w/ ImmediateProcess mode ENABLED
[2019.04.15-10.47.38:237][ 38]LogStaticLightingSystem: Running Lightmass w/ Sorting mode ENABLED
[2019.04.15-10.47.38:237][ 38]LogStaticLightingSystem: Running Lightmass w/ Mapping paddings ENABLED
[2019.04.15-10.47.38:237][ 38]LogStaticLightingSystem: Running Lightmass w/ Mapping debug paddings DISABLED
[2019.04.15-10.47.38:351][ 38]Cmd: MAP CHECK DONTDISPLAYDIALOG
[2019.04.15-10.47.38:351][ 38]MapCheck: New page: DemoBattlefield - Apr 14, 2019, 8:47:38 PM
[2019.04.15-10.47.38:351][ 38]MapCheck: Map check complete: 0 Error(s), 0 Warning(s), took 0.788ms to complete.
[2019.04.15-10.47.38:376][ 38]LogEditorBuildUtils: Build time 0:06
[2019.04.15-10.47.43:016][426]Job is a success!
[2019.04.15-10.47.43:117][428]LogVolumetricLightmapImport: Imported Volumetric Lightmap in 0.060s
[2019.04.15-10.47.43:117][428]LogVolumetricLightmapImport:      Indirection Texture 32x32x32 = 0.1Mb
[2019.04.15-10.47.43:117][428]LogVolumetricLightmapImport:      BrickData 690x5x5 = 0.7Mb (trimmed 1.3Mb due to 0.010000 MinBrickError)
[2019.04.15-10.47.43:117][428]LogVolumetricLightmapImport:      Bricks at Level
[2019.04.15-10.47.43:117][428]LogVolumetricLightmapImport:          0: 5.8% covering 100.0% of volume
[2019.04.15-10.47.43:118][428]LogVolumetricLightmapImport:          1: 34.8% covering 9.4% of volume
[2019.04.15-10.47.43:118][428]LogVolumetricLightmapImport:          2: 59.4% covering 0.3% of volume
[2019.04.15-10.47.43:339][428]LogTexture: Display: Building textures: SkyOcclusion0_1 (AutoDXT, 512X256)
[2019.04.15-10.47.43:339][428]LogTexture: Display: Building textures: HQ_Lightmap1_1 (AutoDXT, 512X512)
[2019.04.15-10.47.43:339][428]LogTexture: Display: Building textures: LQ_Lightmap_1_1 (DXT1, 512X512)
[2019.04.15-10.47.43:339][428]LogTexture: Display: Building textures: SkyOcclusion0_2 (AutoDXT, 64X32)
[2019.04.15-10.47.43:339][428]LogTexture: Display: Building textures: LQ_Lightmap_1_2 (DXT1, 64X64)
[2019.04.15-10.47.43:339][428]LogTexture: Display: Building textures: HQ_Lightmap1_2 (AutoDXT, 64X64)
[2019.04.15-10.47.43:340][428]LogTexture: Display: Building textures: ShadowMapTexture2D_3 (G8, 32X32)
[2019.04.15-10.47.43:356][428]LogTexture: Display: Building textures: ShadowMapTexture2D_2 (BGRA8, 1024X128)
[2019.04.15-10.47.43:390][428]Lightmass on UNIT-01: 4.50 sec total, 196 ms importing, 46 ms setup, 799 ms photons, 3.43 sec processing, 0 ms extra exporting [71/71 mappings]. Threads: 23.9 sec total, 5.23 sec processing.
[2019.04.15-10.47.43:426][428]LogStaticLightingSystem: Illumination: 10.2 sec (185 ms encoding lightmaps, 27 ms encoding shadowmaps)
[2019.04.15-10.47.43:426][428]LogStaticLightingSystem: Lightmap texture memory:  0.7 MB (0.7 MB streaming, 0.0 MB non-streaming), 4 textures
[2019.04.15-10.47.43:426][428]LogStaticLightingSystem: Shadowmap texture memory: 0.7 MB (0.7 MB streaming, 0.0 MB non-streaming), 2 textures
[2019.04.15-10.47.44:250][428]DumpUnbuiltLightIteractions
[2019.04.15-10.47.44:250][428]Lights with unbuilt interactions: 0
[2019.04.15-10.47.44:250][428]
[2019.04.15-10.47.44:250][428]Primitives with unbuilt interactions: 0
[2019.04.15-10.47.44:287][429]Cmd: MAP CHECK NOTIFYRESULTS
[2019.04.15-10.47.44:288][429]MapCheck: New page: DemoBattlefield - Apr 14, 2019, 8:47:44 PM
[2019.04.15-10.47.44:289][429]MapCheck: Map check complete: 0 Error(s), 0 Warning(s), took 0.987ms to complete.
[2019.04.15-10.47.49:319][995]LogSavePackage: Moving 'C:/Users/gosus/Documents/CP-School/SeniorProject/gitRepos/Senior-Project-CPP-Game/Saved/DemoBattlefield400F88994776A6E00E4080B01D3FB2D9.tmp' to 'C:/Users/gosus/Documents/CP-School/SeniorProject/gitRepos/Senior-Project-CPP-Game/Content/Levels/DemoBattlefield.umap'
[2019.04.15-10.47.49:367][995]LogFileHelpers: Saving map 'DemoBattlefield' took 0.315
[2019.04.15-10.47.49:441][995]LogSavePackage: Moving 'C:/Users/gosus/Documents/CP-School/SeniorProject/gitRepos/Senior-Project-CPP-Game/Saved/DemoBattlefield_BuiltDataDDF93E8A435D5C1726E8A2B9951325F6.tmp' to 'C:/Users/gosus/Documents/CP-School/SeniorProject/gitRepos/Senior-Project-CPP-Game/Content/Levels/DemoBattlefield_BuiltData.uasset'
[2019.04.15-10.47.50:637][136]LogEditorViewport: Clicking on Actor (LMB): BP_EnemyGoblinSoldier_C (BP_EnemyGoblinSoldier)
[2019.04.15-10.47.53:374][442]LogSlate: FSceneViewport::OnFocusLost() reason 0
[2019.04.15-10.47.55:566][687]LogAssetEditorManager: Opening Asset editor for Blueprint /Game/Blueprints/Enemies/BP_EnemyGoblinSoldier.BP_EnemyGoblinSoldier
[2019.04.15-10.47.55:921][687]LogContentBrowser: Native class hierarchy updated for 'BlueprintGraph' in 0.0005 seconds. Added 117 classes and 0 folders.
[2019.04.15-10.48.03:174][262]LogSlate: Window 'BP_EnemyGoblinSoldier' being destroyed
[2019.04.15-10.48.03:234][262]LogAssetEditorManager: Opening Asset editor for Blueprint /Game/Blueprints/Enemies/BP_EnemyGoblinSoldier.BP_EnemyGoblinSoldier
[2019.04.15-10.48.03:511][262]LogSlate: Took 0.000138 seconds to synchronously load lazily loaded font '../../../Engine/Content/Slate/Fonts/Roboto-BoldCondensed.ttf' (158K)
[2019.04.15-10.48.04:308][319]LogSlate: Took 0.000137 seconds to synchronously load lazily loaded font '../../../Engine/Content/Slate/Fonts/Roboto-Italic.ttf' (157K)
[2019.04.15-10.48.04:886][358]LogRenderer: Reallocating scene render targets to support 1772x900 Format 10 NumSamples 1 (Frame:1).
[2019.04.15-10.48.11:186][740]LogSlate: FSceneViewport::OnFocusLost() reason 0
[2019.04.15-10.48.15:784][ 99]LogSlate: FSceneViewport::OnFocusLost() reason 0
[2019.04.15-10.48.25:545][930]LogSlate: FSceneViewport::OnFocusLost() reason 0
[2019.04.15-10.48.31:473][465]BlueprintLog: New page: Compile BP_EnemyGoblinSoldier
[2019.04.15-10.48.31:995][485]LogSavePackage: Moving 'C:/Users/gosus/Documents/CP-School/SeniorProject/gitRepos/Senior-Project-CPP-Game/Saved/BP_EnemyGoblinSoldierAF3DCA554363878F5C53A0BC7B72E73D.tmp' to 'C:/Users/gosus/Documents/CP-School/SeniorProject/gitRepos/Senior-Project-CPP-Game/Content/Blueprints/Enemies/BP_EnemyGoblinSoldier.uasset'
[2019.04.15-10.48.34:098][698]LogSlate: Window 'BP_EnemyGoblinSoldier' being destroyed
[2019.04.15-10.48.34:102][698]LogSlate: Window 'BP_EnemyGoblinSoldier' being destroyed
[2019.04.15-10.48.35:249][822]LogTemp: Repeating last play command: Selected Viewport
[2019.04.15-10.48.35:272][822]LogBlueprintUserMessages: Early PlayInEditor Detection: Level '/Game/Levels/DemoBattlefield.DemoBattlefield:PersistentLevel' has LevelScriptBlueprint '/Game/Levels/DemoBattlefield.DemoBattlefield:PersistentLevel.DemoBattlefield' with GeneratedClass '/Game/Levels/DemoBattlefield.DemoBattlefield_C' with ClassGeneratedBy '/Game/Levels/DemoBattlefield.DemoBattlefield:PersistentLevel.DemoBattlefield'
[2019.04.15-10.48.35:273][822]LogPlayLevel: PlayLevel: No blueprints needed recompiling
[2019.04.15-10.48.35:273][822]PIE: New page: PIE session: DemoBattlefield (Apr 14, 2019, 8:48:35 PM)
[2019.04.15-10.48.35:287][822]LogPlayLevel: Creating play world package: /Game/Levels/UEDPIE_0_DemoBattlefield
[2019.04.15-10.48.35:307][822]LogPlayLevel: PIE: StaticDuplicateObject took: (0.019537s)
[2019.04.15-10.48.35:307][822]LogAIModule: Creating AISystem for world DemoBattlefield
[2019.04.15-10.48.35:308][822]LogPlayLevel: PIE: World Init took: (0.000552s)
[2019.04.15-10.48.35:308][822]LogPlayLevel: PIE: Created PIE world by copying editor world from /Game/Levels/DemoBattlefield.DemoBattlefield to /Game/Levels/UEDPIE_0_DemoBattlefield.DemoBattlefield (0.020522s)
[2019.04.15-10.48.35:389][822]LogInit: XAudio2 using 'Speakers (Realtek(R) Audio)' : 2 channels at 48 kHz using 32 bits per sample (channel mask 0x3)
[2019.04.15-10.48.35:406][822]LogInit: FAudioDevice initialized.
[2019.04.15-10.48.35:894][822]LogLoad: Game class is 'BP_HSPGameGameModeBase_C'
[2019.04.15-10.48.35:897][822]LogWorld: Bringing World /Game/Levels/UEDPIE_0_DemoBattlefield.DemoBattlefield up for play (max tick rate 0) at 2019.04.15-03.48.35
[2019.04.15-10.48.35:898][822]LogWorld: Bringing up level for play took: 0.002467
[2019.04.15-10.48.35:913][822]LogContentBrowser: Native class hierarchy updated for 'MovieSceneCapture' in 0.0003 seconds. Added 20 classes and 0 folders.
[2019.04.15-10.48.35:916][822]PIE: Play in editor start time for /Game/Levels/UEDPIE_0_DemoBattlefield 0.768
[2019.04.15-10.48.35:916][822]LogBlueprintUserMessages: Late PlayInEditor Detection: Level '/Game/Levels/DemoBattlefield.DemoBattlefield:PersistentLevel' has LevelScriptBlueprint '/Game/Levels/DemoBattlefield.DemoBattlefield:PersistentLevel.DemoBattlefield' with GeneratedClass '/Game/Levels/DemoBattlefield.DemoBattlefield_C' with ClassGeneratedBy '/Game/Levels/DemoBattlefield.DemoBattlefield:PersistentLevel.DemoBattlefield'
[2019.04.15-10.48.44:032][792]LogSlate: FSceneViewport::OnFocusLost() reason 0
[2019.04.15-10.48.44:107][801]LogBlueprintUserMessages: Early EndPlayMap Detection: Level '/Game/Levels/DemoBattlefield.DemoBattlefield:PersistentLevel' has LevelScriptBlueprint '/Game/Levels/DemoBattlefield.DemoBattlefield:PersistentLevel.DemoBattlefield' with GeneratedClass '/Game/Levels/DemoBattlefield.DemoBattlefield_C' with ClassGeneratedBy '/Game/Levels/DemoBattlefield.DemoBattlefield:PersistentLevel.DemoBattlefield'
[2019.04.15-10.48.44:107][801]LogSlate: Updating window title bar state: overlay mode, drag disabled, window buttons hidden, title bar hidden
[2019.04.15-10.48.44:151][801]LogPlayLevel: Display: Shutting down PIE online subsystems
[2019.04.15-10.48.44:151][801]LogBlueprintUserMessages: Late EndPlayMap Detection: Level '/Game/Levels/DemoBattlefield.DemoBattlefield:PersistentLevel' has LevelScriptBlueprint '/Game/Levels/DemoBattlefield.DemoBattlefield:PersistentLevel.DemoBattlefield' with GeneratedClass '/Game/Levels/DemoBattlefield.DemoBattlefield_C' with ClassGeneratedBy '/Game/Levels/DemoBattlefield.DemoBattlefield:PersistentLevel.DemoBattlefield'
[2019.04.15-10.48.44:176][801]LogSlate: Updating window title bar state: overlay mode, drag disabled, window buttons hidden, title bar hidden
[2019.04.15-10.48.44:213][804]LogPlayLevel: Display: Destroying online subsystem :Context_4
[2019.04.15-10.48.44:894][885]LogEditorViewport: Clicking on Actor (LMB): BP_EnemyGoblinSoldier_C (BP_EnemyGoblinSoldier)
[2019.04.15-10.48.46:760][ 92]LogEditorViewport: Clicking on Actor (LMB): Landscape (Landscape2)
[2019.04.15-10.48.48:474][284]LogSlate: FSceneViewport::OnFocusLost() reason 0
[2019.04.15-10.48.48:507][288]LogTemp: Repeating last play command: Selected Viewport
[2019.04.15-10.48.48:531][288]LogBlueprintUserMessages: Early PlayInEditor Detection: Level '/Game/Levels/DemoBattlefield.DemoBattlefield:PersistentLevel' has LevelScriptBlueprint '/Game/Levels/DemoBattlefield.DemoBattlefield:PersistentLevel.DemoBattlefield' with GeneratedClass '/Game/Levels/DemoBattlefield.DemoBattlefield_C' with ClassGeneratedBy '/Game/Levels/DemoBattlefield.DemoBattlefield:PersistentLevel.DemoBattlefield'
[2019.04.15-10.48.48:531][288]LogPlayLevel: PlayLevel: No blueprints needed recompiling
[2019.04.15-10.48.48:531][288]PIE: New page: PIE session: DemoBattlefield (Apr 14, 2019, 8:48:48 PM)
[2019.04.15-10.48.48:532][288]LogPlayLevel: Creating play world package: /Game/Levels/UEDPIE_0_DemoBattlefield
[2019.04.15-10.48.48:551][288]LogPlayLevel: PIE: StaticDuplicateObject took: (0.019762s)
[2019.04.15-10.48.48:552][288]LogAIModule: Creating AISystem for world DemoBattlefield
[2019.04.15-10.48.48:552][288]LogPlayLevel: PIE: World Init took: (0.000624s)
[2019.04.15-10.48.48:552][288]LogPlayLevel: PIE: Created PIE world by copying editor world from /Game/Levels/DemoBattlefield.DemoBattlefield to /Game/Levels/UEDPIE_0_DemoBattlefield.DemoBattlefield (0.020735s)
[2019.04.15-10.48.48:631][288]LogInit: XAudio2 using 'Speakers (Realtek(R) Audio)' : 2 channels at 48 kHz using 32 bits per sample (channel mask 0x3)
[2019.04.15-10.48.48:648][288]LogInit: FAudioDevice initialized.
[2019.04.15-10.48.48:687][288]LogLoad: Game class is 'BP_HSPGameGameModeBase_C'
[2019.04.15-10.48.48:690][288]LogWorld: Bringing World /Game/Levels/UEDPIE_0_DemoBattlefield.DemoBattlefield up for play (max tick rate 0) at 2019.04.15-03.48.48
[2019.04.15-10.48.48:690][288]LogWorld: Bringing up level for play took: 0.002661
[2019.04.15-10.48.48:705][288]PIE: Play in editor start time for /Game/Levels/UEDPIE_0_DemoBattlefield -0.443
[2019.04.15-10.48.48:706][288]LogBlueprintUserMessages: Late PlayInEditor Detection: Level '/Game/Levels/DemoBattlefield.DemoBattlefield:PersistentLevel' has LevelScriptBlueprint '/Game/Levels/DemoBattlefield.DemoBattlefield:PersistentLevel.DemoBattlefield' with GeneratedClass '/Game/Levels/DemoBattlefield.DemoBattlefield_C' with ClassGeneratedBy '/Game/Levels/DemoBattlefield.DemoBattlefield:PersistentLevel.DemoBattlefield'
[2019.04.15-10.48.51:734][649]LogSlate: FSceneViewport::OnFocusLost() reason 0
[2019.04.15-10.48.53:834][901]LogSlate: FSceneViewport::OnFocusLost() reason 0
[2019.04.15-10.48.55:826][140]LogSlate: FSceneViewport::OnFocusLost() reason 0
[2019.04.15-10.49.01:160][780]LogSlate: FSceneViewport::OnFocusLost() reason 0
[2019.04.15-10.49.07:661][560]LogSlate: FSceneViewport::OnFocusLost() reason 0
[2019.04.15-10.49.15:737][529]LogSlate: FSceneViewport::OnFocusLost() reason 0
[2019.04.15-10.49.15:788][535]LogBlueprintUserMessages: Early EndPlayMap Detection: Level '/Game/Levels/DemoBattlefield.DemoBattlefield:PersistentLevel' has LevelScriptBlueprint '/Game/Levels/DemoBattlefield.DemoBattlefield:PersistentLevel.DemoBattlefield' with GeneratedClass '/Game/Levels/DemoBattlefield.DemoBattlefield_C' with ClassGeneratedBy '/Game/Levels/DemoBattlefield.DemoBattlefield:PersistentLevel.DemoBattlefield'
[2019.04.15-10.49.15:789][535]LogSlate: Updating window title bar state: overlay mode, drag disabled, window buttons hidden, title bar hidden
[2019.04.15-10.49.15:828][535]LogPlayLevel: Display: Shutting down PIE online subsystems
[2019.04.15-10.49.15:829][535]LogBlueprintUserMessages: Late EndPlayMap Detection: Level '/Game/Levels/DemoBattlefield.DemoBattlefield:PersistentLevel' has LevelScriptBlueprint '/Game/Levels/DemoBattlefield.DemoBattlefield:PersistentLevel.DemoBattlefield' with GeneratedClass '/Game/Levels/DemoBattlefield.DemoBattlefield_C' with ClassGeneratedBy '/Game/Levels/DemoBattlefield.DemoBattlefield:PersistentLevel.DemoBattlefield'
[2019.04.15-10.49.15:854][535]LogSlate: Updating window title bar state: overlay mode, drag disabled, window buttons hidden, title bar hidden
[2019.04.15-10.49.15:889][538]LogPlayLevel: Display: Destroying online subsystem :Context_5
[2019.04.15-10.49.19:902][991]LogSlate: FSceneViewport::OnFocusLost() reason 0
[2019.04.15-10.49.19:976][  0]LogTemp: Repeating last play command: Selected Viewport
[2019.04.15-10.49.20:000][  0]LogBlueprintUserMessages: Early PlayInEditor Detection: Level '/Game/Levels/DemoBattlefield.DemoBattlefield:PersistentLevel' has LevelScriptBlueprint '/Game/Levels/DemoBattlefield.DemoBattlefield:PersistentLevel.DemoBattlefield' with GeneratedClass '/Game/Levels/DemoBattlefield.DemoBattlefield_C' with ClassGeneratedBy '/Game/Levels/DemoBattlefield.DemoBattlefield:PersistentLevel.DemoBattlefield'
[2019.04.15-10.49.20:001][  0]LogPlayLevel: PlayLevel: No blueprints needed recompiling
[2019.04.15-10.49.20:001][  0]PIE: New page: PIE session: DemoBattlefield (Apr 14, 2019, 8:49:20 PM)
[2019.04.15-10.49.20:001][  0]LogPlayLevel: Creating play world package: /Game/Levels/UEDPIE_0_DemoBattlefield
[2019.04.15-10.49.20:022][  0]LogPlayLevel: PIE: StaticDuplicateObject took: (0.020486s)
[2019.04.15-10.49.20:022][  0]LogAIModule: Creating AISystem for world DemoBattlefield
[2019.04.15-10.49.20:023][  0]LogPlayLevel: PIE: World Init took: (0.000665s)
[2019.04.15-10.49.20:023][  0]LogPlayLevel: PIE: Created PIE world by copying editor world from /Game/Levels/DemoBattlefield.DemoBattlefield to /Game/Levels/UEDPIE_0_DemoBattlefield.DemoBattlefield (0.021504s)
[2019.04.15-10.49.20:107][  0]LogInit: XAudio2 using 'Speakers (Realtek(R) Audio)' : 2 channels at 48 kHz using 32 bits per sample (channel mask 0x3)
[2019.04.15-10.49.20:125][  0]LogInit: FAudioDevice initialized.
[2019.04.15-10.49.20:159][  0]LogLoad: Game class is 'BP_HSPGameGameModeBase_C'
[2019.04.15-10.49.20:162][  0]LogWorld: Bringing World /Game/Levels/UEDPIE_0_DemoBattlefield.DemoBattlefield up for play (max tick rate 0) at 2019.04.15-03.49.20
[2019.04.15-10.49.20:163][  0]LogWorld: Bringing up level for play took: 0.002878
[2019.04.15-10.49.20:179][  0]PIE: Play in editor start time for /Game/Levels/UEDPIE_0_DemoBattlefield 1.031
[2019.04.15-10.49.20:179][  0]LogBlueprintUserMessages: Late PlayInEditor Detection: Level '/Game/Levels/DemoBattlefield.DemoBattlefield:PersistentLevel' has LevelScriptBlueprint '/Game/Levels/DemoBattlefield.DemoBattlefield:PersistentLevel.DemoBattlefield' with GeneratedClass '/Game/Levels/DemoBattlefield.DemoBattlefield_C' with ClassGeneratedBy '/Game/Levels/DemoBattlefield.DemoBattlefield:PersistentLevel.DemoBattlefield'
[2019.04.15-10.49.27:958][931]LogSlate: FSceneViewport::OnFocusLost() reason 0
[2019.04.15-10.49.32:033][420]LogSlate: FSceneViewport::OnFocusLost() reason 0
[2019.04.15-10.49.34:286][690]LogBlueprintUserMessages: Early EndPlayMap Detection: Level '/Game/Levels/DemoBattlefield.DemoBattlefield:PersistentLevel' has LevelScriptBlueprint '/Game/Levels/DemoBattlefield.DemoBattlefield:PersistentLevel.DemoBattlefield' with GeneratedClass '/Game/Levels/DemoBattlefield.DemoBattlefield_C' with ClassGeneratedBy '/Game/Levels/DemoBattlefield.DemoBattlefield:PersistentLevel.DemoBattlefield'
[2019.04.15-10.49.34:287][690]LogSlate: Updating window title bar state: overlay mode, drag disabled, window buttons hidden, title bar hidden
[2019.04.15-10.49.34:328][690]LogPlayLevel: Display: Shutting down PIE online subsystems
[2019.04.15-10.49.34:329][690]LogBlueprintUserMessages: Late EndPlayMap Detection: Level '/Game/Levels/DemoBattlefield.DemoBattlefield:PersistentLevel' has LevelScriptBlueprint '/Game/Levels/DemoBattlefield.DemoBattlefield:PersistentLevel.DemoBattlefield' with GeneratedClass '/Game/Levels/DemoBattlefield.DemoBattlefield_C' with ClassGeneratedBy '/Game/Levels/DemoBattlefield.DemoBattlefield:PersistentLevel.DemoBattlefield'
[2019.04.15-10.49.34:354][690]LogSlate: Updating window title bar state: overlay mode, drag disabled, window buttons hidden, title bar hidden
[2019.04.15-10.49.34:400][692]LogPlayLevel: Display: Destroying online subsystem :Context_6
[2019.04.15-10.49.37:579][ 43]LogSlate: FSceneViewport::OnFocusLost() reason 0
[2019.04.15-10.49.41:117][394]LogSlate: FSceneViewport::OnFocusLost() reason 0
[2019.04.15-10.49.41:183][402]LogTemp: Repeating last play command: Selected Viewport
[2019.04.15-10.49.41:207][402]LogBlueprintUserMessages: Early PlayInEditor Detection: Level '/Game/Levels/DemoBattlefield.DemoBattlefield:PersistentLevel' has LevelScriptBlueprint '/Game/Levels/DemoBattlefield.DemoBattlefield:PersistentLevel.DemoBattlefield' with GeneratedClass '/Game/Levels/DemoBattlefield.DemoBattlefield_C' with ClassGeneratedBy '/Game/Levels/DemoBattlefield.DemoBattlefield:PersistentLevel.DemoBattlefield'
[2019.04.15-10.49.41:208][402]LogPlayLevel: PlayLevel: No blueprints needed recompiling
[2019.04.15-10.49.41:208][402]PIE: New page: PIE session: DemoBattlefield (Apr 14, 2019, 8:49:41 PM)
[2019.04.15-10.49.41:208][402]LogPlayLevel: Creating play world package: /Game/Levels/UEDPIE_0_DemoBattlefield
[2019.04.15-10.49.41:228][402]LogPlayLevel: PIE: StaticDuplicateObject took: (0.020338s)
[2019.04.15-10.49.41:229][402]LogAIModule: Creating AISystem for world DemoBattlefield
[2019.04.15-10.49.41:229][402]LogPlayLevel: PIE: World Init took: (0.000644s)
[2019.04.15-10.49.41:229][402]LogPlayLevel: PIE: Created PIE world by copying editor world from /Game/Levels/DemoBattlefield.DemoBattlefield to /Game/Levels/UEDPIE_0_DemoBattlefield.DemoBattlefield (0.021317s)
[2019.04.15-10.49.41:319][402]LogInit: XAudio2 using 'Speakers (Realtek(R) Audio)' : 2 channels at 48 kHz using 32 bits per sample (channel mask 0x3)
[2019.04.15-10.49.41:335][402]LogInit: FAudioDevice initialized.
[2019.04.15-10.49.41:369][402]LogLoad: Game class is 'BP_HSPGameGameModeBase_C'
[2019.04.15-10.49.41:371][402]LogWorld: Bringing World /Game/Levels/UEDPIE_0_DemoBattlefield.DemoBattlefield up for play (max tick rate 0) at 2019.04.15-03.49.41
[2019.04.15-10.49.41:372][402]LogWorld: Bringing up level for play took: 0.002673
[2019.04.15-10.49.41:388][402]PIE: Play in editor start time for /Game/Levels/UEDPIE_0_DemoBattlefield 0.24
[2019.04.15-10.49.41:388][402]LogBlueprintUserMessages: Late PlayInEditor Detection: Level '/Game/Levels/DemoBattlefield.DemoBattlefield:PersistentLevel' has LevelScriptBlueprint '/Game/Levels/DemoBattlefield.DemoBattlefield:PersistentLevel.DemoBattlefield' with GeneratedClass '/Game/Levels/DemoBattlefield.DemoBattlefield_C' with ClassGeneratedBy '/Game/Levels/DemoBattlefield.DemoBattlefield:PersistentLevel.DemoBattlefield'
[2019.04.15-10.49.54:212][936]LogSlate: FSceneViewport::OnFocusLost() reason 0
[2019.04.15-10.49.56:379][196]LogSlate: FSceneViewport::OnFocusLost() reason 0
[2019.04.15-10.50.09:780][804]LogSlate: FSceneViewport::OnFocusLost() reason 0
[2019.04.15-10.50.11:073][959]LogSlate: FSceneViewport::OnFocusLost() reason 0
[2019.04.15-10.50.12:006][ 71]LogSlate: FSceneViewport::OnFocusLost() reason 0
[2019.04.15-10.50.12:074][ 79]LogBlueprintUserMessages: Early EndPlayMap Detection: Level '/Game/Levels/DemoBattlefield.DemoBattlefield:PersistentLevel' has LevelScriptBlueprint '/Game/Levels/DemoBattlefield.DemoBattlefield:PersistentLevel.DemoBattlefield' with GeneratedClass '/Game/Levels/DemoBattlefield.DemoBattlefield_C' with ClassGeneratedBy '/Game/Levels/DemoBattlefield.DemoBattlefield:PersistentLevel.DemoBattlefield'
[2019.04.15-10.50.12:074][ 79]LogSlate: Updating window title bar state: overlay mode, drag disabled, window buttons hidden, title bar hidden
[2019.04.15-10.50.12:111][ 79]LogPlayLevel: Display: Shutting down PIE online subsystems
[2019.04.15-10.50.12:112][ 79]LogBlueprintUserMessages: Late EndPlayMap Detection: Level '/Game/Levels/DemoBattlefield.DemoBattlefield:PersistentLevel' has LevelScriptBlueprint '/Game/Levels/DemoBattlefield.DemoBattlefield:PersistentLevel.DemoBattlefield' with GeneratedClass '/Game/Levels/DemoBattlefield.DemoBattlefield_C' with ClassGeneratedBy '/Game/Levels/DemoBattlefield.DemoBattlefield:PersistentLevel.DemoBattlefield'
[2019.04.15-10.50.12:137][ 79]LogSlate: Updating window title bar state: overlay mode, drag disabled, window buttons hidden, title bar hidden
[2019.04.15-10.50.12:174][ 82]LogPlayLevel: Display: Destroying online subsystem :Context_7
[2019.04.15-10.50.15:466][452]LogEditorViewport: Clicking on Actor (LMB): Landscape (Landscape2)
[2019.04.15-10.50.15:779][476]LogEditorViewport: Clicking on Actor (LMB): BP_EnemySlime_C (BP_EnemySlime)
[2019.04.15-10.50.16:849][593]LogSlate: FSceneViewport::OnFocusLost() reason 0
[2019.04.15-10.50.19:596][884]LogSlate: FSceneViewport::OnFocusLost() reason 0
[2019.04.15-10.50.21:555][ 89]LogSlate: FSceneViewport::OnFocusLost() reason 0
[2019.04.15-10.50.21:614][ 96]LogTemp: Repeating last play command: Selected Viewport
[2019.04.15-10.50.21:638][ 96]LogBlueprintUserMessages: Early PlayInEditor Detection: Level '/Game/Levels/DemoBattlefield.DemoBattlefield:PersistentLevel' has LevelScriptBlueprint '/Game/Levels/DemoBattlefield.DemoBattlefield:PersistentLevel.DemoBattlefield' with GeneratedClass '/Game/Levels/DemoBattlefield.DemoBattlefield_C' with ClassGeneratedBy '/Game/Levels/DemoBattlefield.DemoBattlefield:PersistentLevel.DemoBattlefield'
[2019.04.15-10.50.21:639][ 96]LogPlayLevel: PlayLevel: No blueprints needed recompiling
[2019.04.15-10.50.21:639][ 96]PIE: New page: PIE session: DemoBattlefield (Apr 14, 2019, 8:50:21 PM)
[2019.04.15-10.50.21:639][ 96]LogPlayLevel: Creating play world package: /Game/Levels/UEDPIE_0_DemoBattlefield
[2019.04.15-10.50.21:660][ 96]LogPlayLevel: PIE: StaticDuplicateObject took: (0.021264s)
[2019.04.15-10.50.21:660][ 96]LogAIModule: Creating AISystem for world DemoBattlefield
[2019.04.15-10.50.21:661][ 96]LogPlayLevel: PIE: World Init took: (0.000650s)
[2019.04.15-10.50.21:661][ 96]LogPlayLevel: PIE: Created PIE world by copying editor world from /Game/Levels/DemoBattlefield.DemoBattlefield to /Game/Levels/UEDPIE_0_DemoBattlefield.DemoBattlefield (0.022274s)
[2019.04.15-10.50.21:744][ 96]LogInit: XAudio2 using 'Speakers (Realtek(R) Audio)' : 2 channels at 48 kHz using 32 bits per sample (channel mask 0x3)
[2019.04.15-10.50.21:761][ 96]LogInit: FAudioDevice initialized.
[2019.04.15-10.50.21:794][ 96]LogLoad: Game class is 'BP_HSPGameGameModeBase_C'
[2019.04.15-10.50.21:797][ 96]LogWorld: Bringing World /Game/Levels/UEDPIE_0_DemoBattlefield.DemoBattlefield up for play (max tick rate 0) at 2019.04.15-03.50.21
[2019.04.15-10.50.21:798][ 96]LogWorld: Bringing up level for play took: 0.002968
