Log file open, 05/01/19 01:17:13
LogWindows: Failed to load 'aqProf.dll' (GetLastError=126)
LogWindows: File 'aqProf.dll' does not exist
LogWindows: Failed to load 'VtuneApi.dll' (GetLastError=126)
LogWindows: File 'VtuneApi.dll' does not exist
LogWindows: Failed to load 'VtuneApi32e.dll' (GetLastError=126)
LogWindows: File 'VtuneApi32e.dll' does not exist
LogConsoleResponse: Display: Failed to find resolution value strings in scalability ini. Falling back to default.
LogInit: Display: Running engine for game: HSPGame
LogPakFile: Registered encryption key '00000000000000000000000000000000': 0 pak files mounted, 0 remain pending
LogPlatformFile: Not using cached read wrapper
LogTaskGraph: Started task graph with 5 named threads and 23 total threads with 3 sets of task threads.
LogStats: Stats thread started at 0.346240
LogD3D11RHI: Loaded GFSDK_Aftermath_Lib.x64.dll
LogICUInternationalization: ICU TimeZone Detection - Raw Offset: -8:00, Platform Override: ''
LogPluginManager: Mounting plugin Paper2D
LogPluginManager: Mounting plugin AISupport
LogPluginManager: Mounting plugin LightPropagationVolume
LogPluginManager: Mounting plugin ActorLayerUtilities
LogPluginManager: Mounting plugin CLionSourceCodeAccess
LogPluginManager: Mounting plugin CodeLiteSourceCodeAccess
LogPluginManager: Mounting plugin GitSourceControl
LogPluginManager: Mounting plugin KDevelopSourceCodeAccess
LogPluginManager: Mounting plugin NullSourceCodeAccess
LogPluginManager: Mounting plugin PerforceSourceControl
LogPluginManager: Mounting plugin SubversionSourceControl
LogPluginManager: Mounting plugin UObjectPlugin
LogPluginManager: Mounting plugin VisualStudioCodeSourceCodeAccess
LogPluginManager: Mounting plugin VisualStudioSourceCodeAccess
LogPluginManager: Mounting plugin XCodeSourceCodeAccess
LogPluginManager: Mounting plugin AssetManagerEditor
LogPluginManager: Mounting plugin CryptoKeys
LogPluginManager: Mounting plugin DataValidation
LogPluginManager: Mounting plugin FacialAnimation
LogPluginManager: Mounting plugin GameplayTagsEditor
LogPluginManager: Mounting plugin MacGraphicsSwitching
LogPluginManager: Mounting plugin MeshEditor
LogPluginManager: Mounting plugin MobileLauncherProfileWizard
LogPluginManager: Mounting plugin PluginBrowser
LogPluginManager: Mounting plugin SpeedTreeImporter
LogPluginManager: Mounting plugin DatasmithContent
LogPluginManager: Mounting plugin VariantManagerContent
LogPluginManager: Mounting plugin AlembicImporter
LogPluginManager: Mounting plugin AppleImageUtils
LogPluginManager: Mounting plugin AppleVision
LogPluginManager: Mounting plugin BackChannel
LogPluginManager: Mounting plugin CharacterAI
LogPluginManager: Mounting plugin GeometryCache
LogPluginManager: Mounting plugin HTML5Networking
LogPluginManager: Mounting plugin ProxyLODPlugin
LogPluginManager: Mounting plugin MagicLeap
LogPluginManager: Mounting plugin MagicLeapMedia
LogPluginManager: Mounting plugin AndroidMedia
LogPluginManager: Mounting plugin AvfMedia
LogPluginManager: Mounting plugin ImgMedia
LogPluginManager: Mounting plugin LinearTimecode
LogPluginManager: Mounting plugin MediaCompositing
LogPluginManager: Mounting plugin MediaPlayerEditor
LogPluginManager: Mounting plugin WebMMedia
LogPluginManager: Mounting plugin WmfMedia
LogPluginManager: Mounting plugin TcpMessaging
LogPluginManager: Mounting plugin UdpMessaging
LogPluginManager: Mounting plugin ActorSequence
LogPluginManager: Mounting plugin LevelSequenceEditor
LogPluginManager: Mounting plugin MatineeToLevelSequence
LogPluginManager: Mounting plugin NetcodeUnitTest
LogPluginManager: Mounting plugin NUTUnrealEngine4
LogPluginManager: Mounting plugin OnlineSubsystemGooglePlay
LogPluginManager: Mounting plugin OnlineSubsystemIOS
LogPluginManager: Mounting plugin OnlineSubsystem
LogPluginManager: Mounting plugin OnlineSubsystemNull
LogPluginManager: Mounting plugin OnlineSubsystemUtils
LogPluginManager: Mounting plugin LauncherChunkInstaller
LogPluginManager: Mounting plugin AndroidDeviceProfileSelector
LogPluginManager: Mounting plugin AndroidMoviePlayer
LogPluginManager: Mounting plugin AndroidPermission
LogPluginManager: Mounting plugin AppleMoviePlayer
LogPluginManager: Mounting plugin ArchVisCharacter
LogPluginManager: Mounting plugin AudioCapture
LogPluginManager: Mounting plugin CableComponent
LogPluginManager: Mounting plugin CustomMeshComponent
LogPluginManager: Mounting plugin EditableMesh
LogPluginManager: Mounting plugin ExampleDeviceProfileSelector
LogPluginManager: Mounting plugin Firebase
LogPluginManager: Mounting plugin GoogleCloudMessaging
LogPluginManager: Mounting plugin IOSDeviceProfileSelector
LogPluginManager: Mounting plugin LinuxDeviceProfileSelector
LogPluginManager: Mounting plugin LocationServicesBPLibrary
LogPluginManager: Mounting plugin MobilePatchingUtils
LogPluginManager: Mounting plugin OculusVR
LogPluginManager: Mounting plugin PhysXVehicles
LogPluginManager: Mounting plugin ProceduralMeshComponent
LogPluginManager: Mounting plugin RuntimePhysXCooking
LogPluginManager: Mounting plugin SteamVR
LogPluginManager: Mounting plugin WebMMoviePlayer
LogPluginManager: Mounting plugin WindowsMoviePlayer
LogStreaming: Display: Took  0.072s to configure plugins.
LogInit: Using libcurl 7.55.1-DEV
LogInit:  - built for x86_64-pc-win32
LogInit:  - supports SSL with OpenSSL/1.0.2h
LogInit:  - supports HTTP deflate (compression) using libz 1.2.8
LogInit:  - other features:
LogInit:      CURL_VERSION_SSL
LogInit:      CURL_VERSION_LIBZ
LogInit:      CURL_VERSION_IPV6
LogInit:      CURL_VERSION_ASYNCHDNS
LogInit:      CURL_VERSION_LARGEFILE
LogInit:      CURL_VERSION_IDN
LogInit:  CurlRequestOptions (configurable via config and command line):
LogInit:  - bVerifyPeer = true  - Libcurl will verify peer certificate
LogInit:  - bUseHttpProxy = false  - Libcurl will NOT use HTTP proxy
LogInit:  - bDontReuseConnections = false  - Libcurl will reuse connections
LogInit:  - MaxHostConnections = 16  - Libcurl will limit the number of connections to a host
LogInit:  - LocalHostAddr = Default
LogInit:  - BufferSize = 65536
LogInit: WinSock: version 1.1 (2.2), MaxSocks=32767, MaxUdp=65467
LogInit: Build: ++UE4+Release-4.21-CL-4753647
LogInit: Engine Version: 4.21.2-4753647+++UE4+Release-4.21
LogInit: Compatible Engine Version: 4.21.0-4541578+++UE4+Release-4.21
LogInit: Net CL: 4541578
LogInit: OS: Windows 10 (), CPU: Intel(R) Core(TM) i7-6700K CPU @ 4.00GHz, GPU: NVIDIA GeForce RTX 2080
LogInit: Compiled (64-bit): Jan 19 2019 02:07:31
LogInit: Compiled with Visual C++: 19.13.26129.00
LogInit: Build Configuration: Development
LogInit: Branch Name: ++UE4+Release-4.21
LogInit: Command Line:  -skipcompile
LogInit: Base Directory: G:/Games/Epic/Games/UE_4.21/Engine/Binaries/Win64/
LogInit: Installed Engine Build: 1
LogDevObjectVersion: Number of dev versions registered: 22
LogDevObjectVersion:   Dev-Blueprints (B0D832E4-1F89-4F0D-ACCF-7EB736FD4AA2): 10
LogDevObjectVersion:   Dev-Build (E1C64328-A22C-4D53-A36C-8E866417BD8C): 0
LogDevObjectVersion:   Dev-Core (375EC13C-06E4-48FB-B500-84F0262A717E): 2
LogDevObjectVersion:   Dev-Editor (E4B068ED-F494-42E9-A231-DA0B2E46BB41): 26
LogDevObjectVersion:   Dev-Framework (CFFC743F-43B0-4480-9391-14DF171D2073): 34
LogDevObjectVersion:   Dev-Mobile (B02B49B5-BB20-44E9-A304-32B752E40360): 2
LogDevObjectVersion:   Dev-Networking (A4E4105C-59A1-49B5-A7C5-40C4547EDFEE): 0
LogDevObjectVersion:   Dev-Online (39C831C9-5AE6-47DC-9A44-9C173E1C8E7C): 0
LogDevObjectVersion:   Dev-Physics (78F01B33-EBEA-4F98-B9B4-84EACCB95AA2): 0
LogDevObjectVersion:   Dev-Platform (6631380F-2D4D-43E0-8009-CF276956A95A): 0
LogDevObjectVersion:   Dev-Rendering (12F88B9F-8875-4AFC-A67C-D90C383ABD29): 27
LogDevObjectVersion:   Dev-Sequencer (7B5AE74C-D270-4C10-A958-57980B212A5A): 9
LogDevObjectVersion:   Dev-VR (D7296918-1DD6-4BDD-9DE2-64A83CC13884): 2
LogDevObjectVersion:   Dev-LoadTimes (C2A15278-BFE7-4AFE-6C17-90FF531DF755): 1
LogDevObjectVersion:   Private-Geometry (6EACA3D4-40EC-4CC1-B786-8BED09428FC5): 3
LogDevObjectVersion:   Dev-AnimPhys (29E575DD-E0A3-4627-9D10-D276232CDCEA): 17
LogDevObjectVersion:   Dev-Anim (AF43A65D-7FD3-4947-9873-3E8ED9C1BB05): 2
LogDevObjectVersion:   Dev-ReflectionCapture (6B266CEC-1EC7-4B8F-A30B-E4D90942FC07): 1
LogDevObjectVersion:   Dev-Automation (0DF73D61-A23F-47EA-B727-89E90C41499A): 1
LogDevObjectVersion:   FortniteMain (601D1886-AC64-4F84-AA16-D3DE0DEAC7D6): 17
LogDevObjectVersion:   Dev-Enterprise (9DFFBCD6-494F-0158-E221-12823C92A888): 4
LogDevObjectVersion:   Dev-Niagara (F2AED0AC-9AFE-416F-8664-AA7FFA26D6FC): 1
LogStreaming: Display: Took  0.005s to delete old logs.
LogInit: Presizing for max 8388607 objects, including 0 objects not considered by GC, pre-allocating 0 bytes for permanent pool.
LogInit: Object subsystem initialized
LogConfig: Setting CVar [[con.DebugEarlyDefault:1]]
LogConfig: Setting CVar [[r.setres:1280x720]]
[2019.05.01-08.17.13:726][  0]LogConfig: Setting CVar [[r.VSync:0]]
[2019.05.01-08.17.13:726][  0]LogConfig: Setting CVar [[r.RHICmdBypass:0]]
[2019.05.01-08.17.13:726][  0]LogConfig: Applying CVar settings from Section [/Script/Engine.RendererSettings] File [C:/Users/gosus/Documents/CP-School/SeniorProject/gitRepos/Senior-Project-CPP-Game/Saved/Config/Windows/Engine.ini]
[2019.05.01-08.17.13:726][  0]LogConfig: Setting CVar [[r.GPUCrashDebugging:0]]
[2019.05.01-08.17.13:726][  0]LogConfig: Applying CVar settings from Section [/Script/Engine.RendererOverrideSettings] File [C:/Users/gosus/Documents/CP-School/SeniorProject/gitRepos/Senior-Project-CPP-Game/Saved/Config/Windows/Engine.ini]
[2019.05.01-08.17.13:726][  0]LogConfig: Applying CVar settings from Section [/Script/Engine.StreamingSettings] File [C:/Users/gosus/Documents/CP-School/SeniorProject/gitRepos/Senior-Project-CPP-Game/Saved/Config/Windows/Engine.ini]
[2019.05.01-08.17.13:726][  0]LogConfig: Setting CVar [[s.MinBulkDataSizeForAsyncLoading:131072]]
[2019.05.01-08.17.13:726][  0]LogConfig: Setting CVar [[s.AsyncLoadingThreadEnabled:0]]
[2019.05.01-08.17.13:726][  0]LogConfig: Setting CVar [[s.EventDrivenLoaderEnabled:1]]
[2019.05.01-08.17.13:726][  0]LogConfig: Setting CVar [[s.WarnIfTimeLimitExceeded:0]]
[2019.05.01-08.17.13:726][  0]LogConfig: Setting CVar [[s.TimeLimitExceededMultiplier:1.5]]
[2019.05.01-08.17.13:726][  0]LogConfig: Setting CVar [[s.TimeLimitExceededMinTime:0.005]]
[2019.05.01-08.17.13:726][  0]LogConfig: Setting CVar [[s.UseBackgroundLevelStreaming:1]]
[2019.05.01-08.17.13:726][  0]LogConfig: Setting CVar [[s.PriorityAsyncLoadingExtraTime:15.0]]
[2019.05.01-08.17.13:726][  0]LogConfig: Setting CVar [[s.LevelStreamingActorsUpdateTimeLimit:5.0]]
[2019.05.01-08.17.13:726][  0]LogConfig: Setting CVar [[s.PriorityLevelStreamingActorsUpdateExtraTime:5.0]]
[2019.05.01-08.17.13:726][  0]LogConfig: Setting CVar [[s.LevelStreamingComponentsRegistrationGranularity:10]]
[2019.05.01-08.17.13:727][  0]LogConfig: Setting CVar [[s.UnregisterComponentsTimeLimit:1.0]]
[2019.05.01-08.17.13:727][  0]LogConfig: Setting CVar [[s.LevelStreamingComponentsUnregistrationGranularity:5]]
[2019.05.01-08.17.13:727][  0]LogConfig: Applying CVar settings from Section [/Script/Engine.GarbageCollectionSettings] File [C:/Users/gosus/Documents/CP-School/SeniorProject/gitRepos/Senior-Project-CPP-Game/Saved/Config/Windows/Engine.ini]
[2019.05.01-08.17.13:727][  0]LogConfig: Setting CVar [[gc.MaxObjectsNotConsideredByGC:1]]
[2019.05.01-08.17.13:727][  0]LogConfig: Setting CVar [[gc.SizeOfPermanentObjectPool:0]]
[2019.05.01-08.17.13:727][  0]LogConfig: Setting CVar [[gc.FlushStreamingOnGC:0]]
[2019.05.01-08.17.13:727][  0]LogConfig: Setting CVar [[gc.NumRetriesBeforeForcingGC:10]]
[2019.05.01-08.17.13:727][  0]LogConfig: Setting CVar [[gc.AllowParallelGC:1]]
[2019.05.01-08.17.13:727][  0]LogConfig: Setting CVar [[gc.TimeBetweenPurgingPendingKillObjects:61.1]]
[2019.05.01-08.17.13:727][  0]LogConfig: Setting CVar [[gc.MaxObjectsInEditor:8388607]]
[2019.05.01-08.17.13:727][  0]LogConfig: Setting CVar [[gc.IncrementalBeginDestroyEnabled:1]]
[2019.05.01-08.17.13:727][  0]LogConfig: Setting CVar [[gc.CreateGCClusters:1]]
[2019.05.01-08.17.13:727][  0]LogConfig: Setting CVar [[gc.MergeGCClusters:0]]
[2019.05.01-08.17.13:727][  0]LogConfig: Setting CVar [[gc.MinGCClusterSize:5]]
[2019.05.01-08.17.13:727][  0]LogConfig: Setting CVar [[gc.ActorClusteringEnabled:0]]
[2019.05.01-08.17.13:728][  0]LogConfig: Setting CVar [[gc.BlueprintClusteringEnabled:0]]
[2019.05.01-08.17.13:728][  0]LogConfig: Setting CVar [[gc.UseDisregardForGCOnDedicatedServers:0]]
[2019.05.01-08.17.13:728][  0]LogConfig: Applying CVar settings from Section [/Script/Engine.NetworkSettings] File [C:/Users/gosus/Documents/CP-School/SeniorProject/gitRepos/Senior-Project-CPP-Game/Saved/Config/Windows/Engine.ini]
[2019.05.01-08.17.13:728][  0]LogConfig: Applying CVar settings from Section [/Script/UnrealEd.CookerSettings] File [C:/Users/gosus/Documents/CP-School/SeniorProject/gitRepos/Senior-Project-CPP-Game/Saved/Config/Windows/Engine.ini]
[2019.05.01-08.17.13:736][  0]LogConfig: Applying CVar settings from Section [ViewDistanceQuality@3] File [C:/Users/gosus/Documents/CP-School/SeniorProject/gitRepos/Senior-Project-CPP-Game/Saved/Config/Windows/Scalability.ini]
[2019.05.01-08.17.13:738][  0]LogConfig: Setting CVar [[r.SkeletalMeshLODBias:0]]
[2019.05.01-08.17.13:738][  0]LogConfig: Setting CVar [[r.ViewDistanceScale:1.0]]
[2019.05.01-08.17.13:738][  0]LogConfig: Applying CVar settings from Section [AntiAliasingQuality@3] File [C:/Users/gosus/Documents/CP-School/SeniorProject/gitRepos/Senior-Project-CPP-Game/Saved/Config/Windows/Scalability.ini]
[2019.05.01-08.17.13:738][  0]LogConfig: Setting CVar [[r.PostProcessAAQuality:4]]
[2019.05.01-08.17.13:738][  0]LogConfig: Applying CVar settings from Section [ShadowQuality@3] File [C:/Users/gosus/Documents/CP-School/SeniorProject/gitRepos/Senior-Project-CPP-Game/Saved/Config/Windows/Scalability.ini]
[2019.05.01-08.17.13:739][  0]LogConfig: Setting CVar [[r.LightFunctionQuality:1]]
[2019.05.01-08.17.13:739][  0]LogConfig: Setting CVar [[r.ShadowQuality:5]]
[2019.05.01-08.17.13:739][  0]LogConfig: Setting CVar [[r.Shadow.CSM.MaxCascades:10]]
[2019.05.01-08.17.13:739][  0]LogConfig: Setting CVar [[r.Shadow.MaxResolution:2048]]
[2019.05.01-08.17.13:739][  0]LogConfig: Setting CVar [[r.Shadow.MaxCSMResolution:2048]]
[2019.05.01-08.17.13:739][  0]LogConfig: Setting CVar [[r.Shadow.RadiusThreshold:0.01]]
[2019.05.01-08.17.13:739][  0]LogConfig: Setting CVar [[r.Shadow.DistanceScale:1.0]]
[2019.05.01-08.17.13:739][  0]LogConfig: Setting CVar [[r.Shadow.CSM.TransitionScale:1.0]]
[2019.05.01-08.17.13:739][  0]LogConfig: Setting CVar [[r.Shadow.PreShadowResolutionFactor:1.0]]
[2019.05.01-08.17.13:739][  0]LogConfig: Setting CVar [[r.DistanceFieldShadowing:1]]
[2019.05.01-08.17.13:739][  0]LogConfig: Setting CVar [[r.DistanceFieldAO:1]]
[2019.05.01-08.17.13:739][  0]LogConfig: Setting CVar [[r.AOQuality:2]]
[2019.05.01-08.17.13:740][  0]LogConfig: Setting CVar [[r.VolumetricFog:1]]
[2019.05.01-08.17.13:740][  0]LogConfig: Setting CVar [[r.VolumetricFog.GridPixelSize:8]]
[2019.05.01-08.17.13:740][  0]LogConfig: Setting CVar [[r.VolumetricFog.GridSizeZ:128]]
[2019.05.01-08.17.13:740][  0]LogConfig: Setting CVar [[r.VolumetricFog.HistoryMissSupersampleCount:4]]
[2019.05.01-08.17.13:740][  0]LogConfig: Setting CVar [[r.LightMaxDrawDistanceScale:1]]
[2019.05.01-08.17.13:740][  0]LogConfig: Setting CVar [[r.CapsuleShadows:1]]
[2019.05.01-08.17.13:740][  0]LogConfig: Applying CVar settings from Section [PostProcessQuality@3] File [C:/Users/gosus/Documents/CP-School/SeniorProject/gitRepos/Senior-Project-CPP-Game/Saved/Config/Windows/Scalability.ini]
[2019.05.01-08.17.13:740][  0]LogConfig: Setting CVar [[r.MotionBlurQuality:4]]
[2019.05.01-08.17.13:740][  0]LogConfig: Setting CVar [[r.AmbientOcclusionMipLevelFactor:0.4]]
[2019.05.01-08.17.13:740][  0]LogConfig: Setting CVar [[r.AmbientOcclusionMaxQuality:100]]
[2019.05.01-08.17.13:740][  0]LogConfig: Setting CVar [[r.AmbientOcclusionLevels:-1]]
[2019.05.01-08.17.13:740][  0]LogConfig: Setting CVar [[r.AmbientOcclusionRadiusScale:1.0]]
[2019.05.01-08.17.13:740][  0]LogConfig: Setting CVar [[r.DepthOfFieldQuality:2]]
[2019.05.01-08.17.13:740][  0]LogConfig: Setting CVar [[r.RenderTargetPoolMin:400]]
[2019.05.01-08.17.13:740][  0]LogConfig: Setting CVar [[r.LensFlareQuality:2]]
[2019.05.01-08.17.13:740][  0]LogConfig: Setting CVar [[r.SceneColorFringeQuality:1]]
[2019.05.01-08.17.13:740][  0]LogConfig: Setting CVar [[r.EyeAdaptationQuality:2]]
[2019.05.01-08.17.13:740][  0]LogConfig: Setting CVar [[r.BloomQuality:5]]
[2019.05.01-08.17.13:740][  0]LogConfig: Setting CVar [[r.FastBlurThreshold:100]]
[2019.05.01-08.17.13:741][  0]LogConfig: Setting CVar [[r.Upscale.Quality:3]]
[2019.05.01-08.17.13:741][  0]LogConfig: Setting CVar [[r.Tonemapper.GrainQuantization:1]]
[2019.05.01-08.17.13:741][  0]LogConfig: Setting CVar [[r.LightShaftQuality:1]]
[2019.05.01-08.17.13:741][  0]LogConfig: Setting CVar [[r.Filter.SizeScale:1]]
[2019.05.01-08.17.13:741][  0]LogConfig: Setting CVar [[r.Tonemapper.Quality:5]]
[2019.05.01-08.17.13:741][  0]LogConfig: Setting CVar [[r.DOF.Gather.AccumulatorQuality:1        ; higher gathering accumulator quality]]
[2019.05.01-08.17.13:741][  0]LogConfig: Setting CVar [[r.DOF.Gather.PostfilterMethod:1          ; Median3x3 postfilering method]]
[2019.05.01-08.17.13:741][  0]LogConfig: Setting CVar [[r.DOF.Gather.EnableBokehSettings:0       ; no bokeh simulation when gathering]]
[2019.05.01-08.17.13:741][  0]LogConfig: Setting CVar [[r.DOF.Gather.RingCount:4                 ; medium number of samples when gathering]]
[2019.05.01-08.17.13:741][  0]LogConfig: Setting CVar [[r.DOF.Scatter.ForegroundCompositing:1    ; additive foreground scattering]]
[2019.05.01-08.17.13:741][  0]LogConfig: Setting CVar [[r.DOF.Scatter.BackgroundCompositing:2    ; additive background scattering]]
[2019.05.01-08.17.13:741][  0]LogConfig: Setting CVar [[r.DOF.Scatter.EnableBokehSettings:1      ; bokeh simulation when scattering]]
[2019.05.01-08.17.13:741][  0]LogConfig: Setting CVar [[r.DOF.Scatter.MaxSpriteRatio:0.1         ; only a maximum of 10% of scattered bokeh]]
[2019.05.01-08.17.13:741][  0]LogConfig: Setting CVar [[r.DOF.Recombine.Quality:1                ; cheap slight out of focus]]
[2019.05.01-08.17.13:741][  0]LogConfig: Setting CVar [[r.DOF.Recombine.EnableBokehSettings:0    ; no bokeh simulation on slight out of focus]]
[2019.05.01-08.17.13:741][  0]LogConfig: Setting CVar [[r.DOF.TemporalAAQuality:1                ; more stable temporal accumulation]]
[2019.05.01-08.17.13:741][  0]LogConfig: Setting CVar [[r.DOF.Kernel.MaxForegroundRadius:0.025]]
[2019.05.01-08.17.13:741][  0]LogConfig: Setting CVar [[r.DOF.Kernel.MaxBackgroundRadius:0.025]]
[2019.05.01-08.17.13:742][  0]LogConfig: Applying CVar settings from Section [TextureQuality@3] File [C:/Users/gosus/Documents/CP-School/SeniorProject/gitRepos/Senior-Project-CPP-Game/Saved/Config/Windows/Scalability.ini]
[2019.05.01-08.17.13:742][  0]LogConfig: Setting CVar [[r.Streaming.MipBias:0]]
[2019.05.01-08.17.13:742][  0]LogConfig: Setting CVar [[r.Streaming.AmortizeCPUToGPUCopy:0]]
[2019.05.01-08.17.13:742][  0]LogConfig: Setting CVar [[r.Streaming.MaxNumTexturesToStreamPerFrame:0]]
[2019.05.01-08.17.13:742][  0]LogConfig: Setting CVar [[r.Streaming.Boost:1]]
[2019.05.01-08.17.13:742][  0]LogConfig: Setting CVar [[r.MaxAnisotropy:8]]
[2019.05.01-08.17.13:742][  0]LogConfig: Setting CVar [[r.Streaming.LimitPoolSizeToVRAM:0]]
[2019.05.01-08.17.13:742][  0]LogConfig: Setting CVar [[r.Streaming.PoolSize:1000]]
[2019.05.01-08.17.13:742][  0]LogConfig: Setting CVar [[r.Streaming.MaxEffectiveScreenSize:0]]
[2019.05.01-08.17.13:742][  0]LogConfig: Applying CVar settings from Section [EffectsQuality@3] File [C:/Users/gosus/Documents/CP-School/SeniorProject/gitRepos/Senior-Project-CPP-Game/Saved/Config/Windows/Scalability.ini]
[2019.05.01-08.17.13:742][  0]LogConfig: Setting CVar [[r.TranslucencyLightingVolumeDim:64]]
[2019.05.01-08.17.13:742][  0]LogConfig: Setting CVar [[r.RefractionQuality:2]]
[2019.05.01-08.17.13:742][  0]LogConfig: Setting CVar [[r.SSR.Quality:3]]
[2019.05.01-08.17.13:742][  0]LogConfig: Setting CVar [[r.SceneColorFormat:4]]
[2019.05.01-08.17.13:742][  0]LogConfig: Setting CVar [[r.DetailMode:2]]
[2019.05.01-08.17.13:742][  0]LogConfig: Setting CVar [[r.TranslucencyVolumeBlur:1]]
[2019.05.01-08.17.13:742][  0]LogConfig: Setting CVar [[r.MaterialQualityLevel:1 ; High quality]]
[2019.05.01-08.17.13:743][  0]LogConfig: Setting CVar [[r.SSS.Scale:1]]
[2019.05.01-08.17.13:743][  0]LogConfig: Setting CVar [[r.SSS.SampleSet:2]]
[2019.05.01-08.17.13:743][  0]LogConfig: Setting CVar [[r.SSS.Quality:1]]
[2019.05.01-08.17.13:743][  0]LogConfig: Setting CVar [[r.SSS.HalfRes:1]]
[2019.05.01-08.17.13:743][  0]LogConfig: Setting CVar [[r.EmitterSpawnRateScale:1.0]]
[2019.05.01-08.17.13:743][  0]LogConfig: Setting CVar [[r.ParticleLightQuality:2]]
[2019.05.01-08.17.13:743][  0]LogConfig: Applying CVar settings from Section [FoliageQuality@3] File [C:/Users/gosus/Documents/CP-School/SeniorProject/gitRepos/Senior-Project-CPP-Game/Saved/Config/Windows/Scalability.ini]
[2019.05.01-08.17.13:743][  0]LogConfig: Setting CVar [[foliage.DensityScale:1.0]]
[2019.05.01-08.17.13:743][  0]LogConfig: Setting CVar [[grass.DensityScale:1.0]]
[2019.05.01-08.17.13:743][  0]LogInit: Selected Device Profile: [Windows]
[2019.05.01-08.17.13:743][  0]LogInit: Applying CVar settings loaded from the selected device profile: [Windows]
[2019.05.01-08.17.13:752][  0]LogHAL: Display: Platform has ~ 32 GB [34313105408 / 34359738368 / 32], which maps to Largest [LargestMinGB=32, LargerMinGB=12, DefaultMinGB=8, SmallerMinGB=6, SmallestMinGB=0)
[2019.05.01-08.17.13:752][  0]LogConfig: Setting CVar [[r.Vulkan.UseRealUBs:1]]
[2019.05.01-08.17.13:752][  0]LogInit: Going up to parent DeviceProfile []
[2019.05.01-08.17.13:752][  0]LogConfig: Applying CVar settings from Section [ViewDistanceQuality@3] File [C:/Users/gosus/Documents/CP-School/SeniorProject/gitRepos/Senior-Project-CPP-Game/Saved/Config/Windows/Scalability.ini]
[2019.05.01-08.17.13:752][  0]LogConfig: Setting CVar [[r.SkeletalMeshLODBias:0]]
[2019.05.01-08.17.13:753][  0]LogConfig: Setting CVar [[r.ViewDistanceScale:1.0]]
[2019.05.01-08.17.13:753][  0]LogConfig: Applying CVar settings from Section [AntiAliasingQuality@3] File [C:/Users/gosus/Documents/CP-School/SeniorProject/gitRepos/Senior-Project-CPP-Game/Saved/Config/Windows/Scalability.ini]
[2019.05.01-08.17.13:753][  0]LogConfig: Setting CVar [[r.PostProcessAAQuality:4]]
[2019.05.01-08.17.13:753][  0]LogConfig: Applying CVar settings from Section [ShadowQuality@3] File [C:/Users/gosus/Documents/CP-School/SeniorProject/gitRepos/Senior-Project-CPP-Game/Saved/Config/Windows/Scalability.ini]
[2019.05.01-08.17.13:753][  0]LogConfig: Setting CVar [[r.LightFunctionQuality:1]]
[2019.05.01-08.17.13:753][  0]LogConfig: Setting CVar [[r.ShadowQuality:5]]
[2019.05.01-08.17.13:753][  0]LogConfig: Setting CVar [[r.Shadow.CSM.MaxCascades:10]]
[2019.05.01-08.17.13:753][  0]LogConfig: Setting CVar [[r.Shadow.MaxResolution:2048]]
[2019.05.01-08.17.13:753][  0]LogConfig: Setting CVar [[r.Shadow.MaxCSMResolution:2048]]
[2019.05.01-08.17.13:753][  0]LogConfig: Setting CVar [[r.Shadow.RadiusThreshold:0.01]]
[2019.05.01-08.17.13:753][  0]LogConfig: Setting CVar [[r.Shadow.DistanceScale:1.0]]
[2019.05.01-08.17.13:753][  0]LogConfig: Setting CVar [[r.Shadow.CSM.TransitionScale:1.0]]
[2019.05.01-08.17.13:753][  0]LogConfig: Setting CVar [[r.Shadow.PreShadowResolutionFactor:1.0]]
[2019.05.01-08.17.13:753][  0]LogConfig: Setting CVar [[r.DistanceFieldShadowing:1]]
[2019.05.01-08.17.13:753][  0]LogConfig: Setting CVar [[r.DistanceFieldAO:1]]
[2019.05.01-08.17.13:753][  0]LogConfig: Setting CVar [[r.AOQuality:2]]
[2019.05.01-08.17.13:753][  0]LogConfig: Setting CVar [[r.VolumetricFog:1]]
[2019.05.01-08.17.13:754][  0]LogConfig: Setting CVar [[r.VolumetricFog.GridPixelSize:8]]
[2019.05.01-08.17.13:754][  0]LogConfig: Setting CVar [[r.VolumetricFog.GridSizeZ:128]]
[2019.05.01-08.17.13:754][  0]LogConfig: Setting CVar [[r.VolumetricFog.HistoryMissSupersampleCount:4]]
[2019.05.01-08.17.13:754][  0]LogConfig: Setting CVar [[r.LightMaxDrawDistanceScale:1]]
[2019.05.01-08.17.13:754][  0]LogConfig: Setting CVar [[r.CapsuleShadows:1]]
[2019.05.01-08.17.13:754][  0]LogConfig: Applying CVar settings from Section [PostProcessQuality@3] File [C:/Users/gosus/Documents/CP-School/SeniorProject/gitRepos/Senior-Project-CPP-Game/Saved/Config/Windows/Scalability.ini]
[2019.05.01-08.17.13:754][  0]LogConfig: Setting CVar [[r.MotionBlurQuality:4]]
[2019.05.01-08.17.13:754][  0]LogConfig: Setting CVar [[r.AmbientOcclusionMipLevelFactor:0.4]]
[2019.05.01-08.17.13:754][  0]LogConfig: Setting CVar [[r.AmbientOcclusionMaxQuality:100]]
[2019.05.01-08.17.13:754][  0]LogConfig: Setting CVar [[r.AmbientOcclusionLevels:-1]]
[2019.05.01-08.17.13:754][  0]LogConfig: Setting CVar [[r.AmbientOcclusionRadiusScale:1.0]]
[2019.05.01-08.17.13:754][  0]LogConfig: Setting CVar [[r.DepthOfFieldQuality:2]]
[2019.05.01-08.17.13:754][  0]LogConfig: Setting CVar [[r.RenderTargetPoolMin:400]]
[2019.05.01-08.17.13:754][  0]LogConfig: Setting CVar [[r.LensFlareQuality:2]]
[2019.05.01-08.17.13:754][  0]LogConfig: Setting CVar [[r.SceneColorFringeQuality:1]]
[2019.05.01-08.17.13:754][  0]LogConfig: Setting CVar [[r.EyeAdaptationQuality:2]]
[2019.05.01-08.17.13:755][  0]LogConfig: Setting CVar [[r.BloomQuality:5]]
[2019.05.01-08.17.13:755][  0]LogConfig: Setting CVar [[r.FastBlurThreshold:100]]
[2019.05.01-08.17.13:755][  0]LogConfig: Setting CVar [[r.Upscale.Quality:3]]
[2019.05.01-08.17.13:755][  0]LogConfig: Setting CVar [[r.Tonemapper.GrainQuantization:1]]
[2019.05.01-08.17.13:755][  0]LogConfig: Setting CVar [[r.LightShaftQuality:1]]
[2019.05.01-08.17.13:755][  0]LogConfig: Setting CVar [[r.Filter.SizeScale:1]]
[2019.05.01-08.17.13:755][  0]LogConfig: Setting CVar [[r.Tonemapper.Quality:5]]
[2019.05.01-08.17.13:755][  0]LogConfig: Setting CVar [[r.DOF.Gather.AccumulatorQuality:1        ; higher gathering accumulator quality]]
[2019.05.01-08.17.13:755][  0]LogConfig: Setting CVar [[r.DOF.Gather.PostfilterMethod:1          ; Median3x3 postfilering method]]
[2019.05.01-08.17.13:755][  0]LogConfig: Setting CVar [[r.DOF.Gather.EnableBokehSettings:0       ; no bokeh simulation when gathering]]
[2019.05.01-08.17.13:755][  0]LogConfig: Setting CVar [[r.DOF.Gather.RingCount:4                 ; medium number of samples when gathering]]
[2019.05.01-08.17.13:755][  0]LogConfig: Setting CVar [[r.DOF.Scatter.ForegroundCompositing:1    ; additive foreground scattering]]
[2019.05.01-08.17.13:755][  0]LogConfig: Setting CVar [[r.DOF.Scatter.BackgroundCompositing:2    ; additive background scattering]]
[2019.05.01-08.17.13:755][  0]LogConfig: Setting CVar [[r.DOF.Scatter.EnableBokehSettings:1      ; bokeh simulation when scattering]]
[2019.05.01-08.17.13:755][  0]LogConfig: Setting CVar [[r.DOF.Scatter.MaxSpriteRatio:0.1         ; only a maximum of 10% of scattered bokeh]]
[2019.05.01-08.17.13:755][  0]LogConfig: Setting CVar [[r.DOF.Recombine.Quality:1                ; cheap slight out of focus]]
[2019.05.01-08.17.13:755][  0]LogConfig: Setting CVar [[r.DOF.Recombine.EnableBokehSettings:0    ; no bokeh simulation on slight out of focus]]
[2019.05.01-08.17.13:755][  0]LogConfig: Setting CVar [[r.DOF.TemporalAAQuality:1                ; more stable temporal accumulation]]
[2019.05.01-08.17.13:755][  0]LogConfig: Setting CVar [[r.DOF.Kernel.MaxForegroundRadius:0.025]]
[2019.05.01-08.17.13:756][  0]LogConfig: Setting CVar [[r.DOF.Kernel.MaxBackgroundRadius:0.025]]
[2019.05.01-08.17.13:756][  0]LogConfig: Applying CVar settings from Section [TextureQuality@3] File [C:/Users/gosus/Documents/CP-School/SeniorProject/gitRepos/Senior-Project-CPP-Game/Saved/Config/Windows/Scalability.ini]
[2019.05.01-08.17.13:756][  0]LogConfig: Setting CVar [[r.Streaming.MipBias:0]]
[2019.05.01-08.17.13:756][  0]LogConfig: Setting CVar [[r.Streaming.AmortizeCPUToGPUCopy:0]]
[2019.05.01-08.17.13:756][  0]LogConfig: Setting CVar [[r.Streaming.MaxNumTexturesToStreamPerFrame:0]]
[2019.05.01-08.17.13:756][  0]LogConfig: Setting CVar [[r.Streaming.Boost:1]]
[2019.05.01-08.17.13:756][  0]LogConfig: Setting CVar [[r.MaxAnisotropy:8]]
[2019.05.01-08.17.13:756][  0]LogConfig: Setting CVar [[r.Streaming.LimitPoolSizeToVRAM:0]]
[2019.05.01-08.17.13:756][  0]LogConfig: Setting CVar [[r.Streaming.PoolSize:1000]]
[2019.05.01-08.17.13:756][  0]LogConfig: Setting CVar [[r.Streaming.MaxEffectiveScreenSize:0]]
[2019.05.01-08.17.13:756][  0]LogConfig: Applying CVar settings from Section [EffectsQuality@3] File [C:/Users/gosus/Documents/CP-School/SeniorProject/gitRepos/Senior-Project-CPP-Game/Saved/Config/Windows/Scalability.ini]
[2019.05.01-08.17.13:756][  0]LogConfig: Setting CVar [[r.TranslucencyLightingVolumeDim:64]]
[2019.05.01-08.17.13:756][  0]LogConfig: Setting CVar [[r.RefractionQuality:2]]
[2019.05.01-08.17.13:756][  0]LogConfig: Setting CVar [[r.SSR.Quality:3]]
[2019.05.01-08.17.13:756][  0]LogConfig: Setting CVar [[r.SceneColorFormat:4]]
[2019.05.01-08.17.13:756][  0]LogConfig: Setting CVar [[r.DetailMode:2]]
[2019.05.01-08.17.13:756][  0]LogConfig: Setting CVar [[r.TranslucencyVolumeBlur:1]]
[2019.05.01-08.17.13:756][  0]LogConfig: Setting CVar [[r.MaterialQualityLevel:1 ; High quality]]
[2019.05.01-08.17.13:756][  0]LogConfig: Setting CVar [[r.SSS.Scale:1]]
[2019.05.01-08.17.13:756][  0]LogConfig: Setting CVar [[r.SSS.SampleSet:2]]
[2019.05.01-08.17.13:756][  0]LogConfig: Setting CVar [[r.SSS.Quality:1]]
[2019.05.01-08.17.13:756][  0]LogConfig: Setting CVar [[r.SSS.HalfRes:1]]
[2019.05.01-08.17.13:757][  0]LogConfig: Setting CVar [[r.EmitterSpawnRateScale:1.0]]
[2019.05.01-08.17.13:757][  0]LogConfig: Setting CVar [[r.ParticleLightQuality:2]]
[2019.05.01-08.17.13:757][  0]LogConfig: Applying CVar settings from Section [FoliageQuality@3] File [C:/Users/gosus/Documents/CP-School/SeniorProject/gitRepos/Senior-Project-CPP-Game/Saved/Config/Windows/Scalability.ini]
[2019.05.01-08.17.13:757][  0]LogConfig: Setting CVar [[foliage.DensityScale:1.0]]
[2019.05.01-08.17.13:757][  0]LogConfig: Setting CVar [[grass.DensityScale:1.0]]
[2019.05.01-08.17.13:757][  0]LogConfig: Applying CVar settings from Section [Startup] File [../../../Engine/Config/ConsoleVariables.ini]
[2019.05.01-08.17.13:757][  0]LogConfig: Setting CVar [[net.UseAdaptiveNetUpdateFrequency:0]]
[2019.05.01-08.17.13:757][  0]LogConfig: Applying CVar settings from Section [ConsoleVariables] File [C:/Users/gosus/Documents/CP-School/SeniorProject/gitRepos/Senior-Project-CPP-Game/Saved/Config/Windows/Engine.ini]
[2019.05.01-08.17.13:757][  0]LogInit: Computer: UNIT-01
[2019.05.01-08.17.13:757][  0]LogInit: User: gosus
[2019.05.01-08.17.13:757][  0]LogInit: CPU Page size=4096, Cores=4
[2019.05.01-08.17.13:757][  0]LogInit: High frequency timer resolution =10.000000 MHz
[2019.05.01-08.17.13:758][  0]LogMemory: Memory total: Physical=32.0GB (32GB approx)
[2019.05.01-08.17.13:758][  0]LogMemory: Platform Memory Stats for Windows
[2019.05.01-08.17.13:758][  0]LogMemory: Process Physical Memory: 106.33 MB used, 106.34 MB peak
[2019.05.01-08.17.13:758][  0]LogMemory: Process Virtual Memory: 101.75 MB used, 101.75 MB peak
[2019.05.01-08.17.13:758][  0]LogMemory: Physical Memory: 6834.53 MB used,  25889.00 MB free, 32723.53 MB total
[2019.05.01-08.17.13:758][  0]LogMemory: Virtual Memory: 4659.45 MB used,  134213072.00 MB free, 134217728.00 MB total
[2019.05.01-08.17.13:852][  0]LogInit: Using OS detected language (en-US).
[2019.05.01-08.17.13:852][  0]LogInit: Using OS detected locale (en-US).
[2019.05.01-08.17.13:853][  0]LogTextLocalizationManager: No specific localization for 'en-US' exists, so the 'en' localization will be used.
[2019.05.01-08.17.14:134][  0]LogStreaming: Display: Took  0.283s to InitEngineTextLocalization.
[2019.05.01-08.17.14:135][  0]LogInit: Setting process to per monitor DPI aware
[2019.05.01-08.17.14:184][  0]LogSlate: New Slate User Created.  User Index 0, Is Virtual User: 0
[2019.05.01-08.17.14:184][  0]LogSlate: Slate User Registered.  User Index 0, Is Virtual User: 0
[2019.05.01-08.17.14:346][  0]LogHMD: Failed to initialize OpenVR with code 110
[2019.05.01-08.17.14:346][  0]LogD3D11RHI: D3D11 adapters:
[2019.05.01-08.17.14:436][  0]LogD3D11RHI:    0. 'NVIDIA GeForce RTX 2080' (Feature Level 11_0)
[2019.05.01-08.17.14:436][  0]LogD3D11RHI:       8010/0/16361 MB DedicatedVideo/DedicatedSystem/SharedSystem, Outputs:2, VendorId:0x10de
[2019.05.01-08.17.14:440][  0]LogD3D11RHI:    1. 'Microsoft Basic Render Driver' (Feature Level 11_0)
[2019.05.01-08.17.14:441][  0]LogD3D11RHI:       0/0/16361 MB DedicatedVideo/DedicatedSystem/SharedSystem, Outputs:0, VendorId:0x1414
[2019.05.01-08.17.14:441][  0]LogD3D11RHI: Chosen D3D11 Adapter: 0
[2019.05.01-08.17.14:448][  0]LogD3D11RHI: Creating new Direct3DDevice
[2019.05.01-08.17.14:448][  0]LogD3D11RHI:     GPU DeviceId: 0x1e87 (for the marketing name, search the web for "GPU Device Id")
[2019.05.01-08.17.14:448][  0]LogWindows: EnumDisplayDevices:
[2019.05.01-08.17.14:448][  0]LogWindows:    0. 'NVIDIA GeForce RTX 2080' (P:1 D:1)
[2019.05.01-08.17.14:448][  0]LogWindows:    1. 'NVIDIA GeForce RTX 2080' (P:0 D:1)
[2019.05.01-08.17.14:449][  0]LogWindows:    2. 'NVIDIA GeForce RTX 2080' (P:0 D:0)
[2019.05.01-08.17.14:449][  0]LogWindows:    3. 'NVIDIA GeForce RTX 2080' (P:0 D:0)
[2019.05.01-08.17.14:449][  0]LogWindows: DebugString: FoundDriverCount:4 
[2019.05.01-08.17.14:449][  0]LogD3D11RHI:     Adapter Name: NVIDIA GeForce RTX 2080
[2019.05.01-08.17.14:449][  0]LogD3D11RHI:   Driver Version: 430.39 (internal:26.21.14.3039, unified:430.39)
[2019.05.01-08.17.14:449][  0]LogD3D11RHI:      Driver Date: 4-17-2019
[2019.05.01-08.17.14:449][  0]LogRHI: Texture pool is 5607 MB (70% of 8010 MB)
[2019.05.01-08.17.14:491][  0]LogD3D11RHI: Async texture creation enabled
[2019.05.01-08.17.14:510][  0]LogD3D11RHI: GPU Timing Frequency: 1000.000000 (Debug: 2 1)
[2019.05.01-08.17.14:837][  0]LogTemp: Display: Loaded TP AllDesktopTargetPlatform
[2019.05.01-08.17.14:852][  0]LogTemp: Display: Loaded TP MacClientTargetPlatform
[2019.05.01-08.17.14:867][  0]LogTemp: Display: Loaded TP MacNoEditorTargetPlatform
[2019.05.01-08.17.14:880][  0]LogTemp: Display: Loaded TP MacServerTargetPlatform
[2019.05.01-08.17.14:894][  0]LogTemp: Display: Loaded TP MacTargetPlatform
[2019.05.01-08.17.14:907][  0]LogTemp: Display: Loaded TP WindowsClientTargetPlatform
[2019.05.01-08.17.14:920][  0]LogTemp: Display: Loaded TP WindowsNoEditorTargetPlatform
[2019.05.01-08.17.14:934][  0]LogTemp: Display: Loaded TP WindowsServerTargetPlatform
[2019.05.01-08.17.14:943][  0]LogTemp: Display: Loaded TP WindowsTargetPlatform
[2019.05.01-08.17.14:999][  0]LogTemp: Display: Loaded TP AndroidTargetPlatform
[2019.05.01-08.17.14:999][  0]LogTemp: Display: Loaded TP AndroidTargetPlatform
[2019.05.01-08.17.15:000][  0]LogTemp: Display: Loaded TP AndroidTargetPlatform
[2019.05.01-08.17.15:000][  0]LogTemp: Display: Loaded TP AndroidTargetPlatform
[2019.05.01-08.17.15:000][  0]LogTemp: Display: Loaded TP AndroidTargetPlatform
[2019.05.01-08.17.15:000][  0]LogTemp: Display: Loaded TP AndroidTargetPlatform
[2019.05.01-08.17.15:000][  0]LogTemp: Display: Loaded TP AndroidTargetPlatform
[2019.05.01-08.17.15:000][  0]LogTemp: Display: Loaded TP AndroidTargetPlatform
[2019.05.01-08.17.15:000][  0]LogTemp: Display: Loaded TP AndroidTargetPlatform
[2019.05.01-08.17.15:000][  0]LogTemp: Display: Loaded TP AndroidTargetPlatform
[2019.05.01-08.17.15:000][  0]LogTemp: Display: Loaded TP AndroidTargetPlatform
[2019.05.01-08.17.15:000][  0]LogTemp: Display: Loaded TP AndroidTargetPlatform
[2019.05.01-08.17.15:000][  0]LogTemp: Display: Loaded TP AndroidTargetPlatform
[2019.05.01-08.17.15:000][  0]LogTemp: Display: Loaded TP AndroidTargetPlatform
[2019.05.01-08.17.15:000][  0]LogTemp: Display: Loaded TP AndroidTargetPlatform
[2019.05.01-08.17.15:000][  0]LogTemp: Display: Loaded TP AndroidTargetPlatform
[2019.05.01-08.17.15:000][  0]LogTemp: Display: Loaded TP AndroidTargetPlatform
[2019.05.01-08.17.15:000][  0]LogTemp: Display: Loaded TP AndroidTargetPlatform
[2019.05.01-08.17.15:004][  0]LogTemp: Display: Loaded TP HTML5TargetPlatform
[2019.05.01-08.17.15:071][  0]LogTemp: Display: Loaded TP IOSTargetPlatform
[2019.05.01-08.17.15:071][  0]LogTemp: Display: Loaded TP IOSTargetPlatform
[2019.05.01-08.17.15:091][  0]LogTemp: Display: Loaded TP TVOSTargetPlatform
[2019.05.01-08.17.15:091][  0]LogTemp: Display: Loaded TP TVOSTargetPlatform
[2019.05.01-08.17.15:102][  0]LogTemp: Display: Loaded TP LinuxClientTargetPlatform
[2019.05.01-08.17.15:114][  0]LogTemp: Display: Loaded TP LinuxNoEditorTargetPlatform
[2019.05.01-08.17.15:128][  0]LogTemp: Display: Loaded TP LinuxServerTargetPlatform
[2019.05.01-08.17.15:140][  0]LogTemp: Display: Loaded TP LinuxTargetPlatform
[2019.05.01-08.17.15:176][  0]LogTemp: Display: Loaded TP LuminTargetPlatform
[2019.05.01-08.17.15:176][  0]LogTemp: Display: Loaded TP LuminTargetPlatform
[2019.05.01-08.17.15:176][  0]LogTargetPlatformManager: Display: Building Assets For Windows
[2019.05.01-08.17.15:299][  0]LogShaderCompilers: Guid format shader working directory is -36 characters bigger than the processId version (C:/Users/gosus/Documents/CP-School/SeniorProject/gitRepos/Senior-Project-CPP-Game/Intermediate/Shaders/WorkingDirectory/12076/).
[2019.05.01-08.17.15:300][  0]LogShaderCompilers: Cleaned the shader compiler working directory 'C:/Users/gosus/AppData/Local/Temp/UnrealShaderWorkingDir/79CEB235468DFE55A5A377AEE1735507/'.
[2019.05.01-08.17.15:301][  0]LogXGEController: Cleaning working directory: C:/Users/gosus/AppData/Local/Temp/UnrealXGEWorkingDir/
[2019.05.01-08.17.15:301][  0]LogXGEController: Cannot use XGE Controller as Incredibuild is not installed on this machine.
[2019.05.01-08.17.15:301][  0]LogShaderCompilers: Cannot use XGE Shader Compiler as Incredibuild is not installed on this machine.
[2019.05.01-08.17.15:301][  0]LogShaderCompilers: Display: Using Local Shader Compiler.
[2019.05.01-08.17.15:711][  0]LogDerivedDataCache: Display: Max Cache Size: 512 MB
[2019.05.01-08.17.15:753][  0]LogDerivedDataCache: Loaded boot cache 0.04s 71MB C:/Users/gosus/AppData/Local/UnrealEngine/4.21/DerivedDataCache/Boot.ddc.
[2019.05.01-08.17.15:753][  0]LogDerivedDataCache: Display: Loaded Boot cache: C:/Users/gosus/AppData/Local/UnrealEngine/4.21/DerivedDataCache/Boot.ddc
[2019.05.01-08.17.15:753][  0]LogDerivedDataCache: FDerivedDataBackendGraph:  Pak pak cache file C:/Users/gosus/Documents/CP-School/SeniorProject/gitRepos/Senior-Project-CPP-Game/DerivedDataCache/DDC.ddp not found, will not use a pak cache.
[2019.05.01-08.17.15:753][  0]LogDerivedDataCache: Unable to find inner node Pak for hierarchical cache Hierarchy.
[2019.05.01-08.17.15:753][  0]LogDerivedDataCache: FDerivedDataBackendGraph:  CompressedPak pak cache file C:/Users/gosus/Documents/CP-School/SeniorProject/gitRepos/Senior-Project-CPP-Game/DerivedDataCache/Compressed.ddp not found, will not use a pak cache.
[2019.05.01-08.17.15:753][  0]LogDerivedDataCache: Unable to find inner node CompressedPak for hierarchical cache Hierarchy.
[2019.05.01-08.17.15:765][  0]LogDerivedDataCache: Display: Pak cache opened for reading ../../../Engine/DerivedDataCache/Compressed.ddp.
[2019.05.01-08.17.15:766][  0]LogDerivedDataCache: FDerivedDataBackendGraph:  EnterprisePak pak cache file ../../../Enterprise/DerivedDataCache/Compressed.ddp not found, will not use a pak cache.
[2019.05.01-08.17.15:766][  0]LogDerivedDataCache: Unable to find inner node EnterprisePak for hierarchical cache Hierarchy.
[2019.05.01-08.17.15:779][  0]LogDerivedDataCache: Using Local data cache path C:/Users/gosus/AppData/Local/UnrealEngine/Common/DerivedDataCache: Writable
[2019.05.01-08.17.15:779][  0]LogDerivedDataCache: Shared data cache path not found in *engine.ini, will not use an Shared cache.
[2019.05.01-08.17.15:779][  0]LogDerivedDataCache: Unable to find inner node Shared for hierarchical cache Hierarchy.
[2019.05.01-08.17.15:798][  0]LogMaterial: Verifying Global Shaders for PCD3D_SM5
[2019.05.01-08.17.15:800][  0]LogSlate: Using FreeType 2.6.0
[2019.05.01-08.17.15:800][  0]LogSlate: SlateFontServices - WITH_FREETYPE: 1, WITH_HARFBUZZ: 1
[2019.05.01-08.17.15:871][  0]LogAssetRegistry: FAssetRegistry took 0.0342 seconds to start up
[2019.05.01-08.17.16:134][  0]LogInit: Selected Device Profile: [Windows]
[2019.05.01-08.17.16:290][  0]LogSimplygon: Simplygon DLL not present - disabling.
[2019.05.01-08.17.16:304][  0]LogMeshReduction: Using SimplygonSwarm for distributed automatic mesh merging
[2019.05.01-08.17.16:304][  0]LogMeshReduction: Using ProxyLODMeshReduction for automatic mesh merging
[2019.05.01-08.17.16:304][  0]LogMeshReduction: Using QuadricMeshReduction for automatic static mesh reduction
[2019.05.01-08.17.16:304][  0]LogMeshReduction: No automatic skeletal mesh reduction module available
[2019.05.01-08.17.16:314][  0]LogNetVersion: HSPGame 1.0.0, NetCL: 4541578, EngineNetVer: 5, GameNetVer: 0 (Checksum: 2893343623)
[2019.05.01-08.17.16:705][  0]LogPackageLocalizationCache: Processed 11 localized package path(s) for 2 prioritized culture(s) in 0.083626 seconds
[2019.05.01-08.17.16:710][  0]LogUObjectArray: 39775 objects as part of root set at end of initial load.
[2019.05.01-08.17.16:711][  0]LogUObjectAllocator: 6914656 out of 0 bytes used by permanent object pool.
[2019.05.01-08.17.16:711][  0]LogUObjectArray: CloseDisregardForGC: 0/0 objects in disregard for GC pool
[2019.05.01-08.17.17:554][  0]LogTcpMessaging: Initializing TcpMessaging bridge
[2019.05.01-08.17.17:571][  0]LogUdpMessaging: Initializing bridge on interface 0.0.0.0:0 to multicast group 230.0.0.1:6666.
[2019.05.01-08.17.18:204][  0]SourceControl: Source control is disabled
[2019.05.01-08.17.18:204][  0]SourceControl: Source control is disabled
[2019.05.01-08.17.18:215][  0]SourceControl: Source control is disabled
[2019.05.01-08.17.18:220][  0]SourceControl: Source control is disabled
[2019.05.01-08.17.18:539][  0]LogAndroidPermission: UAndroidPermissionCallbackProxy::GetInstance
[2019.05.01-08.17.18:738][  0]LogOcInput: OculusInput pre-init called
[2019.05.01-08.17.18:887][  0]LogEngine: Initializing Engine...
[2019.05.01-08.17.18:888][  0]LogHMD: Failed to initialize OpenVR with code 110
[2019.05.01-08.17.18:889][  0]LogStats: UGameplayTagsManager::ConstructGameplayTagTree: ImportINI prefixes -  0.000 s
[2019.05.01-08.17.18:889][  0]LogStats: UGameplayTagsManager::ConstructGameplayTagTree: Construct from data asset -  0.000 s
[2019.05.01-08.17.18:889][  0]LogStats: UGameplayTagsManager::ConstructGameplayTagTree: ImportINI -  0.000 s
[2019.05.01-08.17.18:889][  0]LogStats: UGameplayTagsManager::ConstructGameplayTagTree: GameplayTagTreeChangedEvent.Broadcast -  0.000 s
[2019.05.01-08.17.19:073][  0]LogInit: Initializing FReadOnlyCVARCache
[2019.05.01-08.17.19:086][  0]LogAIModule: Creating AISystem for world Untitled
[2019.05.01-08.17.19:145][  0]LogInit: XAudio2 using 'LG ULTRAWIDE (NVIDIA High Definition Audio)' : 2 channels at 48 kHz using 16 bits per sample (channel mask 0x3)
[2019.05.01-08.17.19:263][  0]LogInit: FAudioDevice initialized.
[2019.05.01-08.17.19:263][  0]LogNetVersion: Set ProjectVersion to 1.0.0.0. Version Checksum will be recalculated on next use.
[2019.05.01-08.17.19:307][  0]LogDerivedDataCache: Saved boot cache 0.04s 71MB C:/Users/gosus/AppData/Local/UnrealEngine/4.21/DerivedDataCache/Boot.ddc.
[2019.05.01-08.17.19:316][  0]LogInit: Texture streaming: Enabled
[2019.05.01-08.17.19:342][  0]LogEngineSessionManager: EngineSessionManager initialized
[2019.05.01-08.17.19:352][  0]LogInit: Transaction tracking system initialized
[2019.05.01-08.17.19:387][  0]BlueprintLog: New page: Editor Load
[2019.05.01-08.17.19:525][  0]LocalizationService: Localization service is disabled
[2019.05.01-08.17.20:002][  0]LogCook: Display: Max memory allowance for cook 16384mb min free memory 0mb
[2019.05.01-08.17.20:003][  0]LogCook: Display: Mobile HDR setting 1
[2019.05.01-08.17.20:003][  0]LogGameplayTags: Display: UGameplayTagsManager::DoneAddingNativeTags. DelegateIsBound: 0
[2019.05.01-08.17.20:003][  0]LogStats: UGameplayTagsManager::ConstructGameplayTagTree: ImportINI prefixes -  0.000 s
[2019.05.01-08.17.20:003][  0]LogStats: UGameplayTagsManager::ConstructGameplayTagTree: Construct from data asset -  0.000 s
[2019.05.01-08.17.20:003][  0]LogStats: UGameplayTagsManager::ConstructGameplayTagTree: ImportINI -  0.000 s
[2019.05.01-08.17.20:003][  0]LogStats: UGameplayTagsManager::ConstructGameplayTagTree: GameplayTagTreeChangedEvent.Broadcast -  0.000 s
[2019.05.01-08.17.20:230][  0]LogFileCache: Scanning file cache for directory 'C:/Users/gosus/Documents/CP-School/SeniorProject/gitRepos/Senior-Project-CPP-Game/Content/' took 0.03s
[2019.05.01-08.17.20:230][  0]SourceControl: Source control is disabled
[2019.05.01-08.17.20:230][  0]Cmd: MAP LOAD FILE="C:/Users/gosus/Documents/CP-School/SeniorProject/gitRepos/Senior-Project-CPP-Game/Content/Levels/DemoTown.umap" TEMPLATE=0 SHOWPROGRESS=1 FEATURELEVEL=3
[2019.05.01-08.17.20:231][  0]LightingResults: New page: Lighting Build
[2019.05.01-08.17.20:232][  0]MapCheck: New page: Map Check
[2019.05.01-08.17.20:232][  0]LightingResults: New page: Lighting Build
[2019.05.01-08.17.20:693][  0]LogAIModule: Creating AISystem for world DemoTown
[2019.05.01-08.17.20:719][  0]LogEditorServer: Finished looking for orphan Actors (0.000 secs)
[2019.05.01-08.17.20:740][  0]Cmd: MAP CHECKDEP NOCLEARLOG
[2019.05.01-08.17.20:740][  0]MapCheck: Map check complete: 0 Error(s), 0 Warning(s), took 0.138ms to complete.
[2019.05.01-08.17.20:740][  0]LogFileHelpers: Loading map 'DemoTown' took 0.509
[2019.05.01-08.17.20:836][  0]LogSlate: Updating window title bar state: overlay mode, drag disabled, window buttons hidden, title bar hidden
[2019.05.01-08.17.20:842][  0]LogSlate: Updating window title bar state: overlay mode, drag disabled, window buttons hidden, title bar hidden
[2019.05.01-08.17.20:847][  0]LogSlate: Updating window title bar state: overlay mode, drag disabled, window buttons hidden, title bar hidden
[2019.05.01-08.17.20:853][  0]LogSlate: Updating window title bar state: overlay mode, drag disabled, window buttons hidden, title bar hidden
[2019.05.01-08.17.20:863][  0]LogCollectionManager: Loaded 0 collections in 0.001111 seconds
[2019.05.01-08.17.20:880][  0]LogFileCache: Scanning file cache for directory 'C:/Users/gosus/Documents/CP-School/SeniorProject/gitRepos/Senior-Project-CPP-Game/Saved/Collections/' took 0.01s
[2019.05.01-08.17.20:880][  0]LogFileCache: Scanning file cache for directory 'C:/Users/gosus/Documents/CP-School/SeniorProject/gitRepos/Senior-Project-CPP-Game/Content/Developers/gosus/Collections/' took 0.00s
[2019.05.01-08.17.20:880][  0]LogFileCache: Scanning file cache for directory 'C:/Users/gosus/Documents/CP-School/SeniorProject/gitRepos/Senior-Project-CPP-Game/Content/Collections/' took 0.00s
[2019.05.01-08.17.20:880][  0]LogCollectionManager: Rebuilt the GUID cache for 0 collections in 0.000000 seconds
[2019.05.01-08.17.20:889][  0]LogContentBrowser: Native class hierarchy populated in 0.0086 seconds. Added 2661 classes and 622 folders.
[2019.05.01-08.17.20:895][  0]LogContentBrowser: Native class hierarchy updated for 'WidgetCarousel' in 0.0003 seconds. Added 0 classes and 0 folders.
[2019.05.01-08.17.20:896][  0]LogPakFile: Registered encryption key '00000000000000000000000000000000': 0 pak files mounted, 0 remain pending
[2019.05.01-08.17.20:896][  0]LogPakFile: Registered encryption key '00000000000000000000000000000000': 0 pak files mounted, 0 remain pending
[2019.05.01-08.17.20:897][  0]LogPakFile: Registered encryption key '00000000000000000000000000000000': 0 pak files mounted, 0 remain pending
[2019.05.01-08.17.20:897][  0]LogPakFile: Registered encryption key '00000000000000000000000000000000': 0 pak files mounted, 0 remain pending
[2019.05.01-08.17.20:897][  0]LogPakFile: Registered encryption key '00000000000000000000000000000000': 0 pak files mounted, 0 remain pending
[2019.05.01-08.17.20:898][  0]LogPakFile: Registered encryption key '00000000000000000000000000000000': 0 pak files mounted, 0 remain pending
[2019.05.01-08.17.20:898][  0]LogPakFile: Registered encryption key '00000000000000000000000000000000': 0 pak files mounted, 0 remain pending
[2019.05.01-08.17.20:898][  0]LogPakFile: Registered encryption key '00000000000000000000000000000000': 0 pak files mounted, 0 remain pending
[2019.05.01-08.17.20:899][  0]LogPakFile: Registered encryption key '00000000000000000000000000000000': 0 pak files mounted, 0 remain pending
[2019.05.01-08.17.20:899][  0]LogPakFile: Registered encryption key '00000000000000000000000000000000': 0 pak files mounted, 0 remain pending
[2019.05.01-08.17.20:899][  0]LogPakFile: Registered encryption key '00000000000000000000000000000000': 0 pak files mounted, 0 remain pending
[2019.05.01-08.17.20:899][  0]LogPakFile: Registered encryption key '00000000000000000000000000000000': 0 pak files mounted, 0 remain pending
[2019.05.01-08.17.20:900][  0]LogPakFile: Registered encryption key '00000000000000000000000000000000': 0 pak files mounted, 0 remain pending
[2019.05.01-08.17.20:900][  0]LogPakFile: Registered encryption key '00000000000000000000000000000000': 0 pak files mounted, 0 remain pending
[2019.05.01-08.17.20:901][  0]LogPakFile: Registered encryption key '00000000000000000000000000000000': 0 pak files mounted, 0 remain pending
[2019.05.01-08.17.20:901][  0]LogPakFile: Registered encryption key '00000000000000000000000000000000': 0 pak files mounted, 0 remain pending
[2019.05.01-08.17.20:901][  0]LogPakFile: Registered encryption key '00000000000000000000000000000000': 0 pak files mounted, 0 remain pending
[2019.05.01-08.17.20:902][  0]LogPakFile: Registered encryption key '00000000000000000000000000000000': 0 pak files mounted, 0 remain pending
[2019.05.01-08.17.20:902][  0]LogPakFile: Registered encryption key '00000000000000000000000000000000': 0 pak files mounted, 0 remain pending
[2019.05.01-08.17.20:902][  0]LogPakFile: Registered encryption key '00000000000000000000000000000000': 0 pak files mounted, 0 remain pending
[2019.05.01-08.17.20:903][  0]LogPakFile: Registered encryption key '00000000000000000000000000000000': 0 pak files mounted, 0 remain pending
[2019.05.01-08.17.20:903][  0]LogPakFile: Registered encryption key '00000000000000000000000000000000': 0 pak files mounted, 0 remain pending
[2019.05.01-08.17.20:903][  0]LogPakFile: Registered encryption key '00000000000000000000000000000000': 0 pak files mounted, 0 remain pending
[2019.05.01-08.17.20:904][  0]LogPakFile: Registered encryption key '00000000000000000000000000000000': 0 pak files mounted, 0 remain pending
[2019.05.01-08.17.20:904][  0]LogPakFile: Registered encryption key '00000000000000000000000000000000': 0 pak files mounted, 0 remain pending
[2019.05.01-08.17.20:904][  0]LogPakFile: Registered encryption key '00000000000000000000000000000000': 0 pak files mounted, 0 remain pending
[2019.05.01-08.17.20:922][  0]LogContentBrowser: Native class hierarchy updated for 'AddContentDialog' in 0.0003 seconds. Added 0 classes and 0 folders.
[2019.05.01-08.17.20:931][  0]LogContentBrowser: Native class hierarchy updated for 'SceneOutliner' in 0.0003 seconds. Added 1 classes and 2 folders.
[2019.05.01-08.17.20:942][  0]LogSlate: Took 0.000127 seconds to synchronously load lazily loaded font '../../../Engine/Content/Slate/Fonts/Roboto-Regular.ttf' (155K)
[2019.05.01-08.17.20:944][  0]LogSlate: Took 0.000135 seconds to synchronously load lazily loaded font '../../../Engine/Content/Slate/Fonts/Roboto-Bold.ttf' (160K)
[2019.05.01-08.17.20:949][  0]LogSlate: Took 0.000165 seconds to synchronously load lazily loaded font '../../../Engine/Content/Editor/Slate/Fonts/FontAwesome.ttf' (139K)
[2019.05.01-08.17.21:011][  0]LogRenderer: Reallocating scene render targets to support 1772x792 Format 10 NumSamples 1 (Frame:1).
[2019.05.01-08.17.21:133][  0]LogContentBrowser: Native class hierarchy updated for 'HierarchicalLODOutliner' in 0.0003 seconds. Added 0 classes and 0 folders.
[2019.05.01-08.17.21:133][  0]LogLoad: (Engine Initialization) Total time: 8.92 seconds
[2019.05.01-08.17.21:133][  0]LogLoad: (Engine Initialization) Total Blueprint compile time: 0.00 seconds
[2019.05.01-08.17.21:200][  0]LogContentStreaming: Texture pool size now 1000 MB
[2019.05.01-08.17.21:310][  2]LogAssetRegistry: Asset discovery search completed in 5.4634 seconds
[2019.05.01-08.17.21:312][  2]LogCollectionManager: Rebuilt the object cache for 0 collections in 0.000001 seconds (found 0 objects)
[2019.05.01-08.17.21:312][  2]LogCollectionManager: Fixed up redirectors for 0 collections in 0.000234 seconds (updated 0 objects)
[2019.05.01-08.18.28:047][748]LogSlate: FSceneViewport::OnFocusLost() reason 2
[2019.05.01-08.18.28:137][757]LogSlate: FSceneViewport::OnFocusLost() reason 2
[2019.05.01-08.18.30:068][981]Candidate modules for hot reload:
[2019.05.01-08.18.30:068][981]  HSPGame
[2019.05.01-08.18.30:068][981]Launching UnrealBuildTool... [G:/Games/Epic/Games/UE_4.21/Engine/Binaries/DotNET/UnrealBuildTool.exe  -ModuleWithSuffix=HSPGame,7669 Win64 Development -TargetType=Editor -Project="C:/Users/gosus/Documents/CP-School/SeniorProject/gitRepos/Senior-Project-CPP-Game/HSPGame.uproject" -canskiplink "C:/Users/gosus/Documents/CP-School/SeniorProject/gitRepos/Senior-Project-CPP-Game/HSPGame.uproject" ]
[2019.05.01-08.18.30:073][981]Warning: Starting HotReload took  0.0s.
[2019.05.01-08.18.56:907][158]CompilerResultsLog: New page: Compilation - Apr 30, 2019, 6:18:56 PM
[2019.05.01-08.18.56:907][158]CompilerResultsLog: Using 'git status' to determine working set for adaptive non-unity build (C:\Users\gosus\Documents\CP-School\SeniorProject\gitRepos\Senior-Project-CPP-Game).
[2019.05.01-08.18.56:908][158]CompilerResultsLog: Creating makefile for hot reloading HSPGameEditor (source directory changed)
[2019.05.01-08.18.56:908][158]CompilerResultsLog: Compiling game modules for hot reload
[2019.05.01-08.18.56:908][158]CompilerResultsLog: Using Visual Studio 2017 14.16.27023 toolchain (C:\Program Files (x86)\Microsoft Visual Studio\2017\Community\VC\Tools\MSVC\14.16.27023) and Windows 10.0.17763.0 SDK (C:\Program Files (x86)\Windows Kits\10).
[2019.05.01-08.18.56:908][158]CompilerResultsLog: Parsing headers for HSPGameEditor
[2019.05.01-08.18.56:908][158]CompilerResultsLog:   Running UnrealHeaderTool "C:\Users\gosus\Documents\CP-School\SeniorProject\gitRepos\Senior-Project-CPP-Game\HSPGame.uproject" "C:\Users\gosus\Documents\CP-School\SeniorProject\gitRepos\Senior-Project-CPP-Game\Intermediate\Build\Win64\HSPGameEditor\Development\HSPGameEditor.uhtmanifest" -LogCmds="loginit warning, logexit warning, logdatabase error" -Unattended -WarningsAsErrors -installed
[2019.05.01-08.18.56:908][158]CompilerResultsLog: Reflection code generated for HSPGameEditor in 10.2682933 seconds
[2019.05.01-08.18.56:908][158]CompilerResultsLog: Building 20 actions with 8 processes...
[2019.05.01-08.18.56:908][158]CompilerResultsLog:   [1/20] HSPGame.init.gen.cpp
[2019.05.01-08.18.56:908][158]CompilerResultsLog:   [2/20] ScientistClass.gen.cpp
[2019.05.01-08.18.56:908][158]CompilerResultsLog:   [3/20] Base2DCharacter.gen.cpp
[2019.05.01-08.18.56:908][158]CompilerResultsLog:   [4/20] EnemyClass.gen.cpp
[2019.05.01-08.18.56:908][158]CompilerResultsLog:   [5/20] ArmsDealerClass.gen.cpp
[2019.05.01-08.18.56:908][158]CompilerResultsLog:   [6/20] HSPGameGameModeBase.gen.cpp
[2019.05.01-08.18.56:909][158]CompilerResultsLog:   [7/20] GoblinSoldier.gen.cpp
[2019.05.01-08.18.56:909][158]CompilerResultsLog:   [8/20] EnemySlime.gen.cpp
[2019.05.01-08.18.56:909][158]CompilerResultsLog:   [9/20] ProtagClass.cpp
[2019.05.01-08.18.56:909][158]CompilerResultsLog:   [10/20] ProtagClass.gen.cpp
[2019.05.01-08.18.56:909][158]CompilerResultsLog:   [11/20] EnemyClass.cpp
[2019.05.01-08.18.56:909][158]CompilerResultsLog:   [12/20] GoblinSoldier.cpp
[2019.05.01-08.18.56:909][158]CompilerResultsLog:   [13/20] ScientistClass.cpp
[2019.05.01-08.18.56:909][158]CompilerResultsLog:   [14/20] HSPGameGameModeBase.cpp
[2019.05.01-08.18.56:909][158]CompilerResultsLog:   [15/20] ArmsDealerClass.cpp
[2019.05.01-08.18.56:909][158]CompilerResultsLog:   [16/20] EnemySlime.cpp
[2019.05.01-08.18.56:909][158]CompilerResultsLog:   [17/20] Base2DCharacter.cpp
[2019.05.01-08.18.56:909][158]CompilerResultsLog:   [18/20] Attacks.cpp
[2019.05.01-08.18.56:909][158]CompilerResultsLog:   [19/20] UE4Editor-HSPGame-7669.lib
[2019.05.01-08.18.56:910][158]CompilerResultsLog:      Creating library C:\Users\gosus\Documents\CP-School\SeniorProject\gitRepos\Senior-Project-CPP-Game\Intermediate\Build\Win64\UE4Editor\Development\HSPGame\UE4Editor-HSPGame-7669.lib and object C:\Users\gosus\Documents\CP-School\SeniorProject\gitRepos\Senior-Project-CPP-Game\Intermediate\Build\Win64\UE4Editor\Development\HSPGame\UE4Editor-HSPGame-7669.exp
[2019.05.01-08.18.56:910][158]CompilerResultsLog:   [20/20] UE4Editor-HSPGame-7669.dll
[2019.05.01-08.18.56:910][158]CompilerResultsLog:      Creating library C:\Users\gosus\Documents\CP-School\SeniorProject\gitRepos\Senior-Project-CPP-Game\Intermediate\Build\Win64\UE4Editor\Development\HSPGame\UE4Editor-HSPGame-7669.suppressed.lib and object C:\Users\gosus\Documents\CP-School\SeniorProject\gitRepos\Senior-Project-CPP-Game\Intermediate\Build\Win64\UE4Editor\Development\HSPGame\UE4Editor-HSPGame-7669.suppressed.exp
[2019.05.01-08.18.56:910][158]CompilerResultsLog: Total build time: 26.58 seconds (Parallel executor: 12.33 seconds)
[2019.05.01-08.18.56:910][158]LogMainFrame: MainFrame: Module compiling took 26.844 seconds
[2019.05.01-08.18.56:953][158]LogClass: Could not find existing class ArmsDealerClass in package /Script/HSPGame for HotReload, assuming new class
[2019.05.01-08.18.56:953][158]LogClass: Could not find existing class Base2DCharacter in package /Script/HSPGame for HotReload, assuming new class
[2019.05.01-08.18.56:953][158]LogClass: Function endTurn is new.
[2019.05.01-08.18.56:953][158]LogClass: Function inSight is new.
[2019.05.01-08.18.56:953][158]LogClass: Function outOfSight is new.
[2019.05.01-08.18.56:955][158]LogClass: Could not find existing class EnemyClass in package /Script/HSPGame for HotReload, assuming new class
[2019.05.01-08.18.56:955][158]LogClass: Function charHit is new.
[2019.05.01-08.18.56:955][158]LogClass: Function inSight is new.
[2019.05.01-08.18.56:955][158]LogClass: Could not find existing class EnemySlime in package /Script/HSPGame for HotReload, assuming new class
[2019.05.01-08.18.56:955][158]LogClass: Could not find existing class GoblinSoldier in package /Script/HSPGame for HotReload, assuming new class
[2019.05.01-08.18.56:958][158]LogClass: Could not find existing class ProtagClass in package /Script/HSPGame for HotReload, assuming new class
[2019.05.01-08.18.56:958][158]LogClass: Function charHit is new.
[2019.05.01-08.18.56:958][158]LogClass: Function cursorClick is new.
[2019.05.01-08.18.56:958][158]LogClass: Function inSight is new.
[2019.05.01-08.18.56:958][158]LogClass: Function ReverseAnim is new.
[2019.05.01-08.18.56:958][158]LogClass: Function turnOffJumping is new.
[2019.05.01-08.18.56:958][158]LogClass: Could not find existing class ScientistClass in package /Script/HSPGame for HotReload, assuming new class
[2019.05.01-08.18.56:958][158]LogClass: Function inSight is new.
[2019.05.01-08.18.56:958][158]LogClass: Function outOfSight is new.
[2019.05.01-08.18.56:965][158]LogHotReload: Re-instancing ArmsDealerClass after hot-reload.
[2019.05.01-08.18.57:084][158]LogHotReload: Re-instancing Base2DCharacter after hot-reload.
[2019.05.01-08.18.57:139][158]LogHotReload: Re-instancing EnemyClass after hot-reload.
[2019.05.01-08.18.57:195][158]LogHotReload: Re-instancing EnemySlime after hot-reload.
[2019.05.01-08.18.57:251][158]LogHotReload: Re-instancing GoblinSoldier after hot-reload.
[2019.05.01-08.18.57:307][158]LogHotReload: Re-instancing ProtagClass after hot-reload.
[2019.05.01-08.18.57:363][158]LogHotReload: Re-instancing ScientistClass after hot-reload.
[2019.05.01-08.18.57:479][158]LogContentBrowser: Native class hierarchy updated for 'HSPGame' in 0.0003 seconds. Added 10 classes and 2 folders.
[2019.05.01-08.18.57:481][158]Display: HotReload successful (2 functions remapped  0 scriptstructs remapped)
[2019.05.01-08.18.57:613][158]LogContentBrowser: Native class hierarchy populated in 0.0071 seconds. Added 2662 classes and 624 folders.
[2019.05.01-08.18.57:618][158]Display: HotReload took 27.6s.
[2019.05.01-08.19.01:504][621]LogEditorViewport: Clicking on Actor (LMB): StaticMeshActor (SM_PrefabHouse)
[2019.05.01-08.19.02:718][758]LogEditorViewport: Clicking on Actor (LMB): StaticMeshActor (SM_PrefabHouse)
[2019.05.01-08.19.03:472][846]LogEditorViewport: Clicking on Actor (LMB): Landscape (Landscape)
[2019.05.01-08.19.04:069][910]LogEditorViewport: Clicking on Actor (LMB): BP_LoadBattlefield_C (BP_LoadBattlefield)
[2019.05.01-08.19.10:754][701]LogSlate: Took 0.000142 seconds to synchronously load lazily loaded font '../../../Engine/Content/Slate/Fonts/Roboto-Italic.ttf' (157K)
[2019.05.01-08.19.10:934][722]LogSlate: FSceneViewport::OnFocusLost() reason 0
[2019.05.01-08.19.14:712][170]LogEditorViewport: Clicking on Actor (LMB): StaticMeshActor (SM_PrefabHouse)
[2019.05.01-08.19.15:153][217]LogEditorViewport: Clicking on Actor (LMB): BP_EnterBuilding_C (BP_EnterBuilding4)
[2019.05.01-08.19.16:077][323]LogEditorViewport: Clicking on Actor (LMB): BP_LoadBattlefield_C (BP_LoadBattlefield)
[2019.05.01-08.19.17:399][477]LogEditorViewport: Clicking on Actor (LMB): BP_EnterBuilding_C (BP_EnterBuilding4)
[2019.05.01-08.19.21:167][902]LogEditorViewport: Clicking on Actor (LMB): BP_LoadBattlefield_C (BP_LoadBattlefield)
[2019.05.01-08.19.34:101][427]LogSlate: FSceneViewport::OnFocusLost() reason 0
[2019.05.01-08.19.36:074][612]LogSlate: Took 0.000160 seconds to synchronously load lazily loaded font '../../../Engine/Content/Slate/Fonts/Roboto-Light.ttf' (167K)
[2019.05.01-08.19.36:085][612]LogAssetEditorManager: Opening Asset editor for Blueprint /Game/Blueprints/BP_HSPGameGameModeBase.BP_HSPGameGameModeBase
[2019.05.01-08.19.36:456][612]LogContentBrowser: Native class hierarchy updated for 'BlueprintGraph' in 0.0005 seconds. Added 117 classes and 0 folders.
[2019.05.01-08.19.38:430][768]LogSlate: Window 'BP_HSPGameGameModeBase' being destroyed
[2019.05.01-08.19.38:487][768]LogSlate: FSceneViewport::OnFocusLost() reason 2
[2019.05.01-08.19.38:490][768]LogAssetEditorManager: Opening Asset editor for Blueprint /Game/Blueprints/BP_HSPGameGameModeBase.BP_HSPGameGameModeBase
[2019.05.01-08.19.38:767][768]LogSlate: Took 0.000143 seconds to synchronously load lazily loaded font '../../../Engine/Content/Slate/Fonts/Roboto-BoldCondensed.ttf' (158K)
[2019.05.01-08.19.58:299][912]LogAssetEditorManager: Opening Asset editor for Blueprint /Game/Blueprints/Characters/BP_ProtagClass.BP_ProtagClass
[2019.05.01-08.21.56:843][822]LogAssetEditorManager: Opening Asset editor for Blueprint /Game/Blueprints/Triggers/BP_LoadBattlefield.BP_LoadBattlefield
[2019.05.01-08.22.05:994][717]Cmd: TRANSACTION UNDO
[2019.05.01-08.22.05:994][717]LogEditorTransaction: Undo Create Actors
[2019.05.01-08.22.10:734][146]LogSlate: FSceneViewport::OnFocusLost() reason 0
[2019.05.01-08.22.12:029][277]LogEditorViewport: Clicking on Actor (LMB): Landscape (Landscape)
[2019.05.01-08.22.12:511][322]LogEditorViewport: Clicking on Actor (LMB): StaticMeshActor (SM_PrefabHouse)
[2019.05.01-08.22.12:904][356]LogEditorViewport: Clicking on Actor (LMB): StaticMeshActor (SM_PrefabHouse)
[2019.05.01-08.22.13:574][422]LogEditorViewport: Clicking on Actor (LMB): StaticMeshActor (SM_PrefabHouse0FadeWall)
[2019.05.01-08.22.28:738][944]LogEditorViewport: Clicking on Actor (LMB): Landscape (Landscape)
[2019.05.01-08.22.34:941][521]LogEditorViewport: Clicking on Actor (LMB): BP_ScientistClass_C (BP_ScientistClass)
[2019.05.01-08.22.43:049][265]LogEditorViewport: Clicking on Actor (LMB): BP_ArmsDealerClass_C (BP_ArmsDealerClass)
[2019.05.01-08.22.59:854][741]LogSlate: FSceneViewport::OnFocusLost() reason 0
[2019.05.01-08.22.59:903][746]LogTemp: Repeating last play command: Selected Viewport
[2019.05.01-08.22.59:939][746]LogBlueprintUserMessages: Early PlayInEditor Detection: Level '/Game/Levels/DemoTown.DemoTown:PersistentLevel' has LevelScriptBlueprint '/Game/Levels/DemoTown.DemoTown:PersistentLevel.DemoTown' with GeneratedClass '/Game/Levels/DemoTown.DemoTown_C' with ClassGeneratedBy '/Game/Levels/DemoTown.DemoTown:PersistentLevel.DemoTown'
[2019.05.01-08.22.59:940][746]LogPlayLevel: PlayLevel: No blueprints needed recompiling
[2019.05.01-08.22.59:940][746]PIE: New page: PIE session: DemoTown (Apr 30, 2019, 6:22:59 PM)
[2019.05.01-08.22.59:954][746]LogPlayLevel: Creating play world package: /Game/Levels/UEDPIE_0_DemoTown
[2019.05.01-08.22.59:993][746]LogPlayLevel: PIE: StaticDuplicateObject took: (0.038303s)
[2019.05.01-08.22.59:993][746]LogAIModule: Creating AISystem for world DemoTown
[2019.05.01-08.22.59:994][746]LogPlayLevel: PIE: World Init took: (0.000677s)
[2019.05.01-08.22.59:994][746]LogPlayLevel: PIE: Created PIE world by copying editor world from /Game/Levels/DemoTown.DemoTown to /Game/Levels/UEDPIE_0_DemoTown.DemoTown (0.039416s)
[2019.05.01-08.23.00:080][746]LogInit: XAudio2 using 'LG ULTRAWIDE (NVIDIA High Definition Audio)' : 2 channels at 48 kHz using 16 bits per sample (channel mask 0x3)
[2019.05.01-08.23.00:090][746]LogInit: FAudioDevice initialized.
[2019.05.01-08.23.00:133][746]LogLoad: Game class is 'BP_HSPGameGameModeBase_C'
[2019.05.01-08.23.00:137][746]LogWorld: Bringing World /Game/Levels/UEDPIE_0_DemoTown.DemoTown up for play (max tick rate 0) at 2019.05.01-01.23.00
[2019.05.01-08.23.00:144][746]LogWorld: Bringing up level for play took: 0.009966
[2019.05.01-08.23.00:161][746]LogContentBrowser: Native class hierarchy updated for 'MovieSceneCapture' in 0.0003 seconds. Added 20 classes and 0 folders.
[2019.05.01-08.23.00:164][746]PIE: Play in editor start time for /Game/Levels/UEDPIE_0_DemoTown 1.017
[2019.05.01-08.23.00:164][746]LogBlueprintUserMessages: Late PlayInEditor Detection: Level '/Game/Levels/DemoTown.DemoTown:PersistentLevel' has LevelScriptBlueprint '/Game/Levels/DemoTown.DemoTown:PersistentLevel.DemoTown' with GeneratedClass '/Game/Levels/DemoTown.DemoTown_C' with ClassGeneratedBy '/Game/Levels/DemoTown.DemoTown:PersistentLevel.DemoTown'
[2019.05.01-08.23.12:040][108]LogSlate: FSceneViewport::OnFocusLost() reason 0
[2019.05.01-08.23.17:770][762]LogSlate: FSceneViewport::OnFocusLost() reason 0
[2019.05.01-08.23.19:232][929]LogScript: Warning: Attempted to access missing property 'isInside'. If this is a packaged/cooked build, are you attempting to use an editor-only property?
	BP_EnterBuilding_C /Game/Levels/UEDPIE_0_DemoTown.DemoTown:PersistentLevel.BP_EnterBuilding_2
	Function /Game/Blueprints/Triggers/BP_EnterBuilding.BP_EnterBuilding_C:ExecuteUbergraph_BP_EnterBuilding:0143
[2019.05.01-08.23.19:233][929]PIE: Error: Blueprint Runtime Error: "Attempted to access missing property 'isInside'. If this is a packaged/cooked build, are you attempting to use an editor-only property?". Blueprint:  BP_EnterBuilding Function:  Execute Ubergraph BP Enter Building Graph:  EventGraph Node:  Set isInside
[2019.05.01-08.23.21:898][240]LogScript: Warning: Attempted to access missing property 'isInside'. If this is a packaged/cooked build, are you attempting to use an editor-only property?
	BP_EnterBuilding_C /Game/Levels/UEDPIE_0_DemoTown.DemoTown:PersistentLevel.BP_EnterBuilding_2
	Function /Game/Blueprints/Triggers/BP_EnterBuilding.BP_EnterBuilding_C:ExecuteUbergraph_BP_EnterBuilding:0081
[2019.05.01-08.23.21:898][240]PIE: Error: Blueprint Runtime Error: "Attempted to access missing property 'isInside'. If this is a packaged/cooked build, are you attempting to use an editor-only property?". Blueprint:  BP_EnterBuilding Function:  Execute Ubergraph BP Enter Building Graph:  EventGraph Node:  Set isInside
[2019.05.01-08.23.22:783][340]LogScript: Warning: Attempted to access missing property 'isInside'. If this is a packaged/cooked build, are you attempting to use an editor-only property?
	BP_EnterBuilding_C /Game/Levels/UEDPIE_0_DemoTown.DemoTown:PersistentLevel.BP_EnterBuilding_2
	Function /Game/Blueprints/Triggers/BP_EnterBuilding.BP_EnterBuilding_C:ExecuteUbergraph_BP_EnterBuilding:0143
[2019.05.01-08.23.22:784][340]PIE: Error: Blueprint Runtime Error: "Attempted to access missing property 'isInside'. If this is a packaged/cooked build, are you attempting to use an editor-only property?". Blueprint:  BP_EnterBuilding Function:  Execute Ubergraph BP Enter Building Graph:  EventGraph Node:  Set isInside
[2019.05.01-08.23.23:176][384]LogSlate: FSceneViewport::OnFocusLost() reason 0
[2019.05.01-08.23.23:230][390]LogBlueprintUserMessages: Early EndPlayMap Detection: Level '/Game/Levels/DemoTown.DemoTown:PersistentLevel' has LevelScriptBlueprint '/Game/Levels/DemoTown.DemoTown:PersistentLevel.DemoTown' with GeneratedClass '/Game/Levels/DemoTown.DemoTown_C' with ClassGeneratedBy '/Game/Levels/DemoTown.DemoTown:PersistentLevel.DemoTown'
[2019.05.01-08.23.23:231][390]LogSlate: Updating window title bar state: overlay mode, drag disabled, window buttons hidden, title bar hidden
[2019.05.01-08.23.23:274][390]LogPlayLevel: Display: Shutting down PIE online subsystems
[2019.05.01-08.23.23:275][390]LogBlueprintUserMessages: Late EndPlayMap Detection: Level '/Game/Levels/DemoTown.DemoTown:PersistentLevel' has LevelScriptBlueprint '/Game/Levels/DemoTown.DemoTown:PersistentLevel.DemoTown' with GeneratedClass '/Game/Levels/DemoTown.DemoTown_C' with ClassGeneratedBy '/Game/Levels/DemoTown.DemoTown:PersistentLevel.DemoTown'
[2019.05.01-08.23.23:303][390]LogSlate: Updating window title bar state: overlay mode, drag disabled, window buttons hidden, title bar hidden
[2019.05.01-08.23.23:364][391]LogPlayLevel: Display: Destroying online subsystem :Context_7
[2019.05.01-08.23.24:670][524]LogTemp: Repeating last play command: Selected Viewport
[2019.05.01-08.23.24:702][524]LogBlueprintUserMessages: Early PlayInEditor Detection: Level '/Game/Levels/DemoTown.DemoTown:PersistentLevel' has LevelScriptBlueprint '/Game/Levels/DemoTown.DemoTown:PersistentLevel.DemoTown' with GeneratedClass '/Game/Levels/DemoTown.DemoTown_C' with ClassGeneratedBy '/Game/Levels/DemoTown.DemoTown:PersistentLevel.DemoTown'
[2019.05.01-08.23.24:702][524]LogPlayLevel: PlayLevel: No blueprints needed recompiling
[2019.05.01-08.23.24:702][524]PIE: New page: PIE session: DemoTown (Apr 30, 2019, 6:23:24 PM)
[2019.05.01-08.23.24:703][524]LogPlayLevel: Creating play world package: /Game/Levels/UEDPIE_0_DemoTown
[2019.05.01-08.23.24:736][524]LogPlayLevel: PIE: StaticDuplicateObject took: (0.032846s)
[2019.05.01-08.23.24:737][524]LogAIModule: Creating AISystem for world DemoTown
[2019.05.01-08.23.24:737][524]LogPlayLevel: PIE: World Init took: (0.000622s)
[2019.05.01-08.23.24:737][524]LogPlayLevel: PIE: Created PIE world by copying editor world from /Game/Levels/DemoTown.DemoTown to /Game/Levels/UEDPIE_0_DemoTown.DemoTown (0.033803s)
[2019.05.01-08.23.24:815][524]LogInit: XAudio2 using 'LG ULTRAWIDE (NVIDIA High Definition Audio)' : 2 channels at 48 kHz using 16 bits per sample (channel mask 0x3)
[2019.05.01-08.23.24:825][524]LogInit: FAudioDevice initialized.
[2019.05.01-08.23.24:856][524]LogLoad: Game class is 'BP_HSPGameGameModeBase_C'
[2019.05.01-08.23.24:860][524]LogWorld: Bringing World /Game/Levels/UEDPIE_0_DemoTown.DemoTown up for play (max tick rate 0) at 2019.05.01-01.23.24
[2019.05.01-08.23.24:861][524]LogWorld: Bringing up level for play took: 0.004260
[2019.05.01-08.23.24:876][524]PIE: Play in editor start time for /Game/Levels/UEDPIE_0_DemoTown -0.271
[2019.05.01-08.23.24:876][524]LogBlueprintUserMessages: Late PlayInEditor Detection: Level '/Game/Levels/DemoTown.DemoTown:PersistentLevel' has LevelScriptBlueprint '/Game/Levels/DemoTown.DemoTown:PersistentLevel.DemoTown' with GeneratedClass '/Game/Levels/DemoTown.DemoTown_C' with ClassGeneratedBy '/Game/Levels/DemoTown.DemoTown:PersistentLevel.DemoTown'
[2019.05.01-08.23.26:055][648]LogSlate: Window 'Message Log' being destroyed
[2019.05.01-08.23.26:060][648]LogSlate: Window 'Message Log' being destroyed
[2019.05.01-08.23.27:093][765]LogScript: Warning: Attempted to access missing property 'isInside'. If this is a packaged/cooked build, are you attempting to use an editor-only property?
	BP_EnterBuilding_C /Game/Levels/UEDPIE_0_DemoTown.DemoTown:PersistentLevel.BP_EnterBuilding2
	Function /Game/Blueprints/Triggers/BP_EnterBuilding.BP_EnterBuilding_C:ExecuteUbergraph_BP_EnterBuilding:0143
[2019.05.01-08.23.27:093][765]PIE: Error: Blueprint Runtime Error: "Attempted to access missing property 'isInside'. If this is a packaged/cooked build, are you attempting to use an editor-only property?". Blueprint:  BP_EnterBuilding Function:  Execute Ubergraph BP Enter Building Graph:  EventGraph Node:  Set isInside
[2019.05.01-08.23.29:954][ 95]LogScript: Warning: Attempted to access missing property 'isInside'. If this is a packaged/cooked build, are you attempting to use an editor-only property?
	BP_EnterBuilding_C /Game/Levels/UEDPIE_0_DemoTown.DemoTown:PersistentLevel.BP_EnterBuilding2
	Function /Game/Blueprints/Triggers/BP_EnterBuilding.BP_EnterBuilding_C:ExecuteUbergraph_BP_EnterBuilding:0081
[2019.05.01-08.23.29:954][ 95]PIE: Error: Blueprint Runtime Error: "Attempted to access missing property 'isInside'. If this is a packaged/cooked build, are you attempting to use an editor-only property?". Blueprint:  BP_EnterBuilding Function:  Execute Ubergraph BP Enter Building Graph:  EventGraph Node:  Set isInside
[2019.05.01-08.23.31:793][305]LogScript: Warning: Attempted to access missing property 'isInside'. If this is a packaged/cooked build, are you attempting to use an editor-only property?
	BP_EnterBuilding_C /Game/Levels/UEDPIE_0_DemoTown.DemoTown:PersistentLevel.BP_EnterBuilding_2
	Function /Game/Blueprints/Triggers/BP_EnterBuilding.BP_EnterBuilding_C:ExecuteUbergraph_BP_EnterBuilding:0143
[2019.05.01-08.23.31:793][305]PIE: Error: Blueprint Runtime Error: "Attempted to access missing property 'isInside'. If this is a packaged/cooked build, are you attempting to use an editor-only property?". Blueprint:  BP_EnterBuilding Function:  Execute Ubergraph BP Enter Building Graph:  EventGraph Node:  Set isInside
[2019.05.01-08.23.32:939][435]LogSlate: FSceneViewport::OnFocusLost() reason 0
[2019.05.01-08.23.33:010][443]LogBlueprintUserMessages: Early EndPlayMap Detection: Level '/Game/Levels/DemoTown.DemoTown:PersistentLevel' has LevelScriptBlueprint '/Game/Levels/DemoTown.DemoTown:PersistentLevel.DemoTown' with GeneratedClass '/Game/Levels/DemoTown.DemoTown_C' with ClassGeneratedBy '/Game/Levels/DemoTown.DemoTown:PersistentLevel.DemoTown'
[2019.05.01-08.23.33:010][443]LogSlate: Updating window title bar state: overlay mode, drag disabled, window buttons hidden, title bar hidden
[2019.05.01-08.23.33:053][443]LogPlayLevel: Display: Shutting down PIE online subsystems
[2019.05.01-08.23.33:054][443]LogBlueprintUserMessages: Late EndPlayMap Detection: Level '/Game/Levels/DemoTown.DemoTown:PersistentLevel' has LevelScriptBlueprint '/Game/Levels/DemoTown.DemoTown:PersistentLevel.DemoTown' with GeneratedClass '/Game/Levels/DemoTown.DemoTown_C' with ClassGeneratedBy '/Game/Levels/DemoTown.DemoTown:PersistentLevel.DemoTown'
[2019.05.01-08.23.33:083][443]LogSlate: Updating window title bar state: overlay mode, drag disabled, window buttons hidden, title bar hidden
[2019.05.01-08.23.33:145][444]LogPlayLevel: Display: Destroying online subsystem :Context_8
[2019.05.01-08.23.34:582][581]LogAssetEditorManager: Opening Asset editor for Blueprint /Game/Blueprints/Triggers/BP_EnterBuilding.BP_EnterBuilding
[2019.05.01-08.23.38:257][979]LogSlate: Window 'Message Log' being destroyed
[2019.05.01-08.23.38:261][979]LogSlate: Window 'Message Log' being destroyed
