Log file open, 05/22/19 20:38:30
LogWindows: Failed to load 'aqProf.dll' (GetLastError=126)
LogWindows: File 'aqProf.dll' does not exist
LogWindows: Failed to load 'VtuneApi.dll' (GetLastError=126)
LogWindows: File 'VtuneApi.dll' does not exist
LogWindows: Failed to load 'VtuneApi32e.dll' (GetLastError=126)
LogWindows: File 'VtuneApi32e.dll' does not exist
LogConsoleResponse: Display: Failed to find resolution value strings in scalability ini. Falling back to default.
LogInit: Display: Running engine for game: HSPGame
LogPakFile: Registered encryption key '00000000000000000000000000000000': 0 pak files mounted, 0 remain pending
LogPlatformFile: Not using cached read wrapper
LogTaskGraph: Started task graph with 5 named threads and 23 total threads with 3 sets of task threads.
LogStats: Stats thread started at 0.357364
LogD3D11RHI: Loaded GFSDK_Aftermath_Lib.x64.dll
LogICUInternationalization: ICU TimeZone Detection - Raw Offset: -8:00, Platform Override: ''
LogPluginManager: Mounting plugin Paper2D
LogPluginManager: Mounting plugin AISupport
LogPluginManager: Mounting plugin LightPropagationVolume
LogPluginManager: Mounting plugin ActorLayerUtilities
LogPluginManager: Mounting plugin CLionSourceCodeAccess
LogPluginManager: Mounting plugin CodeLiteSourceCodeAccess
LogPluginManager: Mounting plugin GitSourceControl
LogPluginManager: Mounting plugin KDevelopSourceCodeAccess
LogPluginManager: Mounting plugin NullSourceCodeAccess
LogPluginManager: Mounting plugin PerforceSourceControl
LogPluginManager: Mounting plugin SubversionSourceControl
LogPluginManager: Mounting plugin UObjectPlugin
LogPluginManager: Mounting plugin VisualStudioCodeSourceCodeAccess
LogPluginManager: Mounting plugin VisualStudioSourceCodeAccess
LogPluginManager: Mounting plugin XCodeSourceCodeAccess
LogPluginManager: Mounting plugin AssetManagerEditor
LogPluginManager: Mounting plugin CryptoKeys
LogPluginManager: Mounting plugin DataValidation
LogPluginManager: Mounting plugin FacialAnimation
LogPluginManager: Mounting plugin GameplayTagsEditor
LogPluginManager: Mounting plugin MacGraphicsSwitching
LogPluginManager: Mounting plugin MeshEditor
LogPluginManager: Mounting plugin MobileLauncherProfileWizard
LogPluginManager: Mounting plugin PluginBrowser
LogPluginManager: Mounting plugin SpeedTreeImporter
LogPluginManager: Mounting plugin DatasmithContent
LogPluginManager: Mounting plugin VariantManagerContent
LogPluginManager: Mounting plugin AlembicImporter
LogPluginManager: Mounting plugin AppleImageUtils
LogPluginManager: Mounting plugin AppleVision
LogPluginManager: Mounting plugin BackChannel
LogPluginManager: Mounting plugin CharacterAI
LogPluginManager: Mounting plugin GeometryCache
LogPluginManager: Mounting plugin HTML5Networking
LogPluginManager: Mounting plugin ProxyLODPlugin
LogPluginManager: Mounting plugin MagicLeap
LogPluginManager: Mounting plugin MagicLeapMedia
LogPluginManager: Mounting plugin AndroidMedia
LogPluginManager: Mounting plugin AvfMedia
LogPluginManager: Mounting plugin ImgMedia
LogPluginManager: Mounting plugin LinearTimecode
LogPluginManager: Mounting plugin MediaCompositing
LogPluginManager: Mounting plugin MediaPlayerEditor
LogPluginManager: Mounting plugin WebMMedia
LogPluginManager: Mounting plugin WmfMedia
LogPluginManager: Mounting plugin TcpMessaging
LogPluginManager: Mounting plugin UdpMessaging
LogPluginManager: Mounting plugin ActorSequence
LogPluginManager: Mounting plugin LevelSequenceEditor
LogPluginManager: Mounting plugin MatineeToLevelSequence
LogPluginManager: Mounting plugin NetcodeUnitTest
LogPluginManager: Mounting plugin NUTUnrealEngine4
LogPluginManager: Mounting plugin OnlineSubsystemGooglePlay
LogPluginManager: Mounting plugin OnlineSubsystemIOS
LogPluginManager: Mounting plugin OnlineSubsystem
LogPluginManager: Mounting plugin OnlineSubsystemNull
LogPluginManager: Mounting plugin OnlineSubsystemUtils
LogPluginManager: Mounting plugin LauncherChunkInstaller
LogPluginManager: Mounting plugin AndroidDeviceProfileSelector
LogPluginManager: Mounting plugin AndroidMoviePlayer
LogPluginManager: Mounting plugin AndroidPermission
LogPluginManager: Mounting plugin AppleMoviePlayer
LogPluginManager: Mounting plugin ArchVisCharacter
LogPluginManager: Mounting plugin AudioCapture
LogPluginManager: Mounting plugin CableComponent
LogPluginManager: Mounting plugin CustomMeshComponent
LogPluginManager: Mounting plugin EditableMesh
LogPluginManager: Mounting plugin ExampleDeviceProfileSelector
LogPluginManager: Mounting plugin Firebase
LogPluginManager: Mounting plugin GoogleCloudMessaging
LogPluginManager: Mounting plugin IOSDeviceProfileSelector
LogPluginManager: Mounting plugin LinuxDeviceProfileSelector
LogPluginManager: Mounting plugin LocationServicesBPLibrary
LogPluginManager: Mounting plugin MobilePatchingUtils
LogPluginManager: Mounting plugin OculusVR
LogPluginManager: Mounting plugin PhysXVehicles
LogPluginManager: Mounting plugin ProceduralMeshComponent
LogPluginManager: Mounting plugin RuntimePhysXCooking
LogPluginManager: Mounting plugin SteamVR
LogPluginManager: Mounting plugin WebMMoviePlayer
LogPluginManager: Mounting plugin WindowsMoviePlayer
LogStreaming: Display: Took  0.077s to configure plugins.
LogInit: Using libcurl 7.55.1-DEV
LogInit:  - built for x86_64-pc-win32
LogInit:  - supports SSL with OpenSSL/1.0.2h
LogInit:  - supports HTTP deflate (compression) using libz 1.2.8
LogInit:  - other features:
LogInit:      CURL_VERSION_SSL
LogInit:      CURL_VERSION_LIBZ
LogInit:      CURL_VERSION_IPV6
LogInit:      CURL_VERSION_ASYNCHDNS
LogInit:      CURL_VERSION_LARGEFILE
LogInit:      CURL_VERSION_IDN
LogInit:  CurlRequestOptions (configurable via config and command line):
LogInit:  - bVerifyPeer = true  - Libcurl will verify peer certificate
LogInit:  - bUseHttpProxy = false  - Libcurl will NOT use HTTP proxy
LogInit:  - bDontReuseConnections = false  - Libcurl will reuse connections
LogInit:  - MaxHostConnections = 16  - Libcurl will limit the number of connections to a host
LogInit:  - LocalHostAddr = Default
LogInit:  - BufferSize = 65536
LogInit: WinSock: version 1.1 (2.2), MaxSocks=32767, MaxUdp=65467
LogInit: Build: ++UE4+Release-4.21-CL-4753647
LogInit: Engine Version: 4.21.2-4753647+++UE4+Release-4.21
LogInit: Compatible Engine Version: 4.21.0-4541578+++UE4+Release-4.21
LogInit: Net CL: 4541578
LogInit: OS: Windows 10 (), CPU: Intel(R) Core(TM) i7-6700K CPU @ 4.00GHz, GPU: NVIDIA GeForce RTX 2080
LogInit: Compiled (64-bit): Jan 19 2019 02:07:31
LogInit: Compiled with Visual C++: 19.13.26129.00
LogInit: Build Configuration: Development
LogInit: Branch Name: ++UE4+Release-4.21
LogInit: Command Line:  -skipcompile
LogInit: Base Directory: G:/Games/Epic/Games/UE_4.21/Engine/Binaries/Win64/
LogInit: Installed Engine Build: 1
LogDevObjectVersion: Number of dev versions registered: 22
LogDevObjectVersion:   Dev-Blueprints (B0D832E4-1F89-4F0D-ACCF-7EB736FD4AA2): 10
LogDevObjectVersion:   Dev-Build (E1C64328-A22C-4D53-A36C-8E866417BD8C): 0
LogDevObjectVersion:   Dev-Core (375EC13C-06E4-48FB-B500-84F0262A717E): 2
LogDevObjectVersion:   Dev-Editor (E4B068ED-F494-42E9-A231-DA0B2E46BB41): 26
LogDevObjectVersion:   Dev-Framework (CFFC743F-43B0-4480-9391-14DF171D2073): 34
LogDevObjectVersion:   Dev-Mobile (B02B49B5-BB20-44E9-A304-32B752E40360): 2
LogDevObjectVersion:   Dev-Networking (A4E4105C-59A1-49B5-A7C5-40C4547EDFEE): 0
LogDevObjectVersion:   Dev-Online (39C831C9-5AE6-47DC-9A44-9C173E1C8E7C): 0
LogDevObjectVersion:   Dev-Physics (78F01B33-EBEA-4F98-B9B4-84EACCB95AA2): 0
LogDevObjectVersion:   Dev-Platform (6631380F-2D4D-43E0-8009-CF276956A95A): 0
LogDevObjectVersion:   Dev-Rendering (12F88B9F-8875-4AFC-A67C-D90C383ABD29): 27
LogDevObjectVersion:   Dev-Sequencer (7B5AE74C-D270-4C10-A958-57980B212A5A): 9
LogDevObjectVersion:   Dev-VR (D7296918-1DD6-4BDD-9DE2-64A83CC13884): 2
LogDevObjectVersion:   Dev-LoadTimes (C2A15278-BFE7-4AFE-6C17-90FF531DF755): 1
LogDevObjectVersion:   Private-Geometry (6EACA3D4-40EC-4CC1-B786-8BED09428FC5): 3
LogDevObjectVersion:   Dev-AnimPhys (29E575DD-E0A3-4627-9D10-D276232CDCEA): 17
LogDevObjectVersion:   Dev-Anim (AF43A65D-7FD3-4947-9873-3E8ED9C1BB05): 2
LogDevObjectVersion:   Dev-ReflectionCapture (6B266CEC-1EC7-4B8F-A30B-E4D90942FC07): 1
LogDevObjectVersion:   Dev-Automation (0DF73D61-A23F-47EA-B727-89E90C41499A): 1
LogDevObjectVersion:   FortniteMain (601D1886-AC64-4F84-AA16-D3DE0DEAC7D6): 17
LogDevObjectVersion:   Dev-Enterprise (9DFFBCD6-494F-0158-E221-12823C92A888): 4
LogDevObjectVersion:   Dev-Niagara (F2AED0AC-9AFE-416F-8664-AA7FFA26D6FC): 1
LogStreaming: Display: Took  0.004s to delete old logs.
LogInit: Presizing for max 8388607 objects, including 0 objects not considered by GC, pre-allocating 0 bytes for permanent pool.
LogInit: Object subsystem initialized
LogConfig: Setting CVar [[con.DebugEarlyDefault:1]]
LogConfig: Setting CVar [[r.setres:1280x720]]
[2019.05.23-03.38.30:503][  0]LogConfig: Setting CVar [[r.VSync:0]]
[2019.05.23-03.38.30:503][  0]LogConfig: Setting CVar [[r.RHICmdBypass:0]]
[2019.05.23-03.38.30:504][  0]LogConfig: Applying CVar settings from Section [/Script/Engine.RendererSettings] File [C:/Users/gosus/Documents/CP-School/SeniorProject/gitRepos/Senior-Project-CPP-Game/Saved/Config/Windows/Engine.ini]
[2019.05.23-03.38.30:504][  0]LogConfig: Setting CVar [[r.GPUCrashDebugging:0]]
[2019.05.23-03.38.30:504][  0]LogConfig: Setting CVar [[r.DefaultFeature.AutoExposure:0]]
[2019.05.23-03.38.30:504][  0]LogConfig: Applying CVar settings from Section [/Script/Engine.RendererOverrideSettings] File [C:/Users/gosus/Documents/CP-School/SeniorProject/gitRepos/Senior-Project-CPP-Game/Saved/Config/Windows/Engine.ini]
[2019.05.23-03.38.30:504][  0]LogConfig: Applying CVar settings from Section [/Script/Engine.StreamingSettings] File [C:/Users/gosus/Documents/CP-School/SeniorProject/gitRepos/Senior-Project-CPP-Game/Saved/Config/Windows/Engine.ini]
[2019.05.23-03.38.30:504][  0]LogConfig: Setting CVar [[s.MinBulkDataSizeForAsyncLoading:131072]]
[2019.05.23-03.38.30:504][  0]LogConfig: Setting CVar [[s.AsyncLoadingThreadEnabled:0]]
[2019.05.23-03.38.30:504][  0]LogConfig: Setting CVar [[s.EventDrivenLoaderEnabled:1]]
[2019.05.23-03.38.30:504][  0]LogConfig: Setting CVar [[s.WarnIfTimeLimitExceeded:0]]
[2019.05.23-03.38.30:504][  0]LogConfig: Setting CVar [[s.TimeLimitExceededMultiplier:1.5]]
[2019.05.23-03.38.30:504][  0]LogConfig: Setting CVar [[s.TimeLimitExceededMinTime:0.005]]
[2019.05.23-03.38.30:504][  0]LogConfig: Setting CVar [[s.UseBackgroundLevelStreaming:1]]
[2019.05.23-03.38.30:504][  0]LogConfig: Setting CVar [[s.PriorityAsyncLoadingExtraTime:15.0]]
[2019.05.23-03.38.30:504][  0]LogConfig: Setting CVar [[s.LevelStreamingActorsUpdateTimeLimit:5.0]]
[2019.05.23-03.38.30:504][  0]LogConfig: Setting CVar [[s.PriorityLevelStreamingActorsUpdateExtraTime:5.0]]
[2019.05.23-03.38.30:504][  0]LogConfig: Setting CVar [[s.LevelStreamingComponentsRegistrationGranularity:10]]
[2019.05.23-03.38.30:504][  0]LogConfig: Setting CVar [[s.UnregisterComponentsTimeLimit:1.0]]
[2019.05.23-03.38.30:504][  0]LogConfig: Setting CVar [[s.LevelStreamingComponentsUnregistrationGranularity:5]]
[2019.05.23-03.38.30:504][  0]LogConfig: Applying CVar settings from Section [/Script/Engine.GarbageCollectionSettings] File [C:/Users/gosus/Documents/CP-School/SeniorProject/gitRepos/Senior-Project-CPP-Game/Saved/Config/Windows/Engine.ini]
[2019.05.23-03.38.30:504][  0]LogConfig: Setting CVar [[gc.MaxObjectsNotConsideredByGC:1]]
[2019.05.23-03.38.30:504][  0]LogConfig: Setting CVar [[gc.SizeOfPermanentObjectPool:0]]
[2019.05.23-03.38.30:504][  0]LogConfig: Setting CVar [[gc.FlushStreamingOnGC:0]]
[2019.05.23-03.38.30:505][  0]LogConfig: Setting CVar [[gc.NumRetriesBeforeForcingGC:10]]
[2019.05.23-03.38.30:505][  0]LogConfig: Setting CVar [[gc.AllowParallelGC:1]]
[2019.05.23-03.38.30:505][  0]LogConfig: Setting CVar [[gc.TimeBetweenPurgingPendingKillObjects:61.1]]
[2019.05.23-03.38.30:505][  0]LogConfig: Setting CVar [[gc.MaxObjectsInEditor:8388607]]
[2019.05.23-03.38.30:505][  0]LogConfig: Setting CVar [[gc.IncrementalBeginDestroyEnabled:1]]
[2019.05.23-03.38.30:505][  0]LogConfig: Setting CVar [[gc.CreateGCClusters:1]]
[2019.05.23-03.38.30:505][  0]LogConfig: Setting CVar [[gc.MergeGCClusters:0]]
[2019.05.23-03.38.30:505][  0]LogConfig: Setting CVar [[gc.MinGCClusterSize:5]]
[2019.05.23-03.38.30:505][  0]LogConfig: Setting CVar [[gc.ActorClusteringEnabled:0]]
[2019.05.23-03.38.30:505][  0]LogConfig: Setting CVar [[gc.BlueprintClusteringEnabled:0]]
[2019.05.23-03.38.30:505][  0]LogConfig: Setting CVar [[gc.UseDisregardForGCOnDedicatedServers:0]]
[2019.05.23-03.38.30:505][  0]LogConfig: Applying CVar settings from Section [/Script/Engine.NetworkSettings] File [C:/Users/gosus/Documents/CP-School/SeniorProject/gitRepos/Senior-Project-CPP-Game/Saved/Config/Windows/Engine.ini]
[2019.05.23-03.38.30:505][  0]LogConfig: Applying CVar settings from Section [/Script/UnrealEd.CookerSettings] File [C:/Users/gosus/Documents/CP-School/SeniorProject/gitRepos/Senior-Project-CPP-Game/Saved/Config/Windows/Engine.ini]
[2019.05.23-03.38.30:513][  0]LogConfig: Applying CVar settings from Section [ViewDistanceQuality@3] File [C:/Users/gosus/Documents/CP-School/SeniorProject/gitRepos/Senior-Project-CPP-Game/Saved/Config/Windows/Scalability.ini]
[2019.05.23-03.38.30:513][  0]LogConfig: Setting CVar [[r.SkeletalMeshLODBias:0]]
[2019.05.23-03.38.30:513][  0]LogConfig: Setting CVar [[r.ViewDistanceScale:1.0]]
[2019.05.23-03.38.30:513][  0]LogConfig: Applying CVar settings from Section [AntiAliasingQuality@3] File [C:/Users/gosus/Documents/CP-School/SeniorProject/gitRepos/Senior-Project-CPP-Game/Saved/Config/Windows/Scalability.ini]
[2019.05.23-03.38.30:513][  0]LogConfig: Setting CVar [[r.PostProcessAAQuality:4]]
[2019.05.23-03.38.30:513][  0]LogConfig: Applying CVar settings from Section [ShadowQuality@3] File [C:/Users/gosus/Documents/CP-School/SeniorProject/gitRepos/Senior-Project-CPP-Game/Saved/Config/Windows/Scalability.ini]
[2019.05.23-03.38.30:513][  0]LogConfig: Setting CVar [[r.LightFunctionQuality:1]]
[2019.05.23-03.38.30:513][  0]LogConfig: Setting CVar [[r.ShadowQuality:5]]
[2019.05.23-03.38.30:513][  0]LogConfig: Setting CVar [[r.Shadow.CSM.MaxCascades:10]]
[2019.05.23-03.38.30:513][  0]LogConfig: Setting CVar [[r.Shadow.MaxResolution:2048]]
[2019.05.23-03.38.30:513][  0]LogConfig: Setting CVar [[r.Shadow.MaxCSMResolution:2048]]
[2019.05.23-03.38.30:513][  0]LogConfig: Setting CVar [[r.Shadow.RadiusThreshold:0.01]]
[2019.05.23-03.38.30:513][  0]LogConfig: Setting CVar [[r.Shadow.DistanceScale:1.0]]
[2019.05.23-03.38.30:513][  0]LogConfig: Setting CVar [[r.Shadow.CSM.TransitionScale:1.0]]
[2019.05.23-03.38.30:513][  0]LogConfig: Setting CVar [[r.Shadow.PreShadowResolutionFactor:1.0]]
[2019.05.23-03.38.30:513][  0]LogConfig: Setting CVar [[r.DistanceFieldShadowing:1]]
[2019.05.23-03.38.30:514][  0]LogConfig: Setting CVar [[r.DistanceFieldAO:1]]
[2019.05.23-03.38.30:514][  0]LogConfig: Setting CVar [[r.AOQuality:2]]
[2019.05.23-03.38.30:514][  0]LogConfig: Setting CVar [[r.VolumetricFog:1]]
[2019.05.23-03.38.30:514][  0]LogConfig: Setting CVar [[r.VolumetricFog.GridPixelSize:8]]
[2019.05.23-03.38.30:514][  0]LogConfig: Setting CVar [[r.VolumetricFog.GridSizeZ:128]]
[2019.05.23-03.38.30:514][  0]LogConfig: Setting CVar [[r.VolumetricFog.HistoryMissSupersampleCount:4]]
[2019.05.23-03.38.30:514][  0]LogConfig: Setting CVar [[r.LightMaxDrawDistanceScale:1]]
[2019.05.23-03.38.30:514][  0]LogConfig: Setting CVar [[r.CapsuleShadows:1]]
[2019.05.23-03.38.30:514][  0]LogConfig: Applying CVar settings from Section [PostProcessQuality@3] File [C:/Users/gosus/Documents/CP-School/SeniorProject/gitRepos/Senior-Project-CPP-Game/Saved/Config/Windows/Scalability.ini]
[2019.05.23-03.38.30:514][  0]LogConfig: Setting CVar [[r.MotionBlurQuality:4]]
[2019.05.23-03.38.30:514][  0]LogConfig: Setting CVar [[r.AmbientOcclusionMipLevelFactor:0.4]]
[2019.05.23-03.38.30:514][  0]LogConfig: Setting CVar [[r.AmbientOcclusionMaxQuality:100]]
[2019.05.23-03.38.30:514][  0]LogConfig: Setting CVar [[r.AmbientOcclusionLevels:-1]]
[2019.05.23-03.38.30:514][  0]LogConfig: Setting CVar [[r.AmbientOcclusionRadiusScale:1.0]]
[2019.05.23-03.38.30:514][  0]LogConfig: Setting CVar [[r.DepthOfFieldQuality:2]]
[2019.05.23-03.38.30:514][  0]LogConfig: Setting CVar [[r.RenderTargetPoolMin:400]]
[2019.05.23-03.38.30:514][  0]LogConfig: Setting CVar [[r.LensFlareQuality:2]]
[2019.05.23-03.38.30:514][  0]LogConfig: Setting CVar [[r.SceneColorFringeQuality:1]]
[2019.05.23-03.38.30:514][  0]LogConfig: Setting CVar [[r.EyeAdaptationQuality:2]]
[2019.05.23-03.38.30:514][  0]LogConfig: Setting CVar [[r.BloomQuality:5]]
[2019.05.23-03.38.30:514][  0]LogConfig: Setting CVar [[r.FastBlurThreshold:100]]
[2019.05.23-03.38.30:514][  0]LogConfig: Setting CVar [[r.Upscale.Quality:3]]
[2019.05.23-03.38.30:514][  0]LogConfig: Setting CVar [[r.Tonemapper.GrainQuantization:1]]
[2019.05.23-03.38.30:515][  0]LogConfig: Setting CVar [[r.LightShaftQuality:1]]
[2019.05.23-03.38.30:515][  0]LogConfig: Setting CVar [[r.Filter.SizeScale:1]]
[2019.05.23-03.38.30:515][  0]LogConfig: Setting CVar [[r.Tonemapper.Quality:5]]
[2019.05.23-03.38.30:515][  0]LogConfig: Setting CVar [[r.DOF.Gather.AccumulatorQuality:1        ; higher gathering accumulator quality]]
[2019.05.23-03.38.30:515][  0]LogConfig: Setting CVar [[r.DOF.Gather.PostfilterMethod:1          ; Median3x3 postfilering method]]
[2019.05.23-03.38.30:515][  0]LogConfig: Setting CVar [[r.DOF.Gather.EnableBokehSettings:0       ; no bokeh simulation when gathering]]
[2019.05.23-03.38.30:515][  0]LogConfig: Setting CVar [[r.DOF.Gather.RingCount:4                 ; medium number of samples when gathering]]
[2019.05.23-03.38.30:515][  0]LogConfig: Setting CVar [[r.DOF.Scatter.ForegroundCompositing:1    ; additive foreground scattering]]
[2019.05.23-03.38.30:515][  0]LogConfig: Setting CVar [[r.DOF.Scatter.BackgroundCompositing:2    ; additive background scattering]]
[2019.05.23-03.38.30:515][  0]LogConfig: Setting CVar [[r.DOF.Scatter.EnableBokehSettings:1      ; bokeh simulation when scattering]]
[2019.05.23-03.38.30:515][  0]LogConfig: Setting CVar [[r.DOF.Scatter.MaxSpriteRatio:0.1         ; only a maximum of 10% of scattered bokeh]]
[2019.05.23-03.38.30:515][  0]LogConfig: Setting CVar [[r.DOF.Recombine.Quality:1                ; cheap slight out of focus]]
[2019.05.23-03.38.30:515][  0]LogConfig: Setting CVar [[r.DOF.Recombine.EnableBokehSettings:0    ; no bokeh simulation on slight out of focus]]
[2019.05.23-03.38.30:515][  0]LogConfig: Setting CVar [[r.DOF.TemporalAAQuality:1                ; more stable temporal accumulation]]
[2019.05.23-03.38.30:515][  0]LogConfig: Setting CVar [[r.DOF.Kernel.MaxForegroundRadius:0.025]]
[2019.05.23-03.38.30:515][  0]LogConfig: Setting CVar [[r.DOF.Kernel.MaxBackgroundRadius:0.025]]
[2019.05.23-03.38.30:515][  0]LogConfig: Applying CVar settings from Section [TextureQuality@3] File [C:/Users/gosus/Documents/CP-School/SeniorProject/gitRepos/Senior-Project-CPP-Game/Saved/Config/Windows/Scalability.ini]
[2019.05.23-03.38.30:515][  0]LogConfig: Setting CVar [[r.Streaming.MipBias:0]]
[2019.05.23-03.38.30:515][  0]LogConfig: Setting CVar [[r.Streaming.AmortizeCPUToGPUCopy:0]]
[2019.05.23-03.38.30:515][  0]LogConfig: Setting CVar [[r.Streaming.MaxNumTexturesToStreamPerFrame:0]]
[2019.05.23-03.38.30:515][  0]LogConfig: Setting CVar [[r.Streaming.Boost:1]]
[2019.05.23-03.38.30:516][  0]LogConfig: Setting CVar [[r.MaxAnisotropy:8]]
[2019.05.23-03.38.30:516][  0]LogConfig: Setting CVar [[r.Streaming.LimitPoolSizeToVRAM:0]]
[2019.05.23-03.38.30:516][  0]LogConfig: Setting CVar [[r.Streaming.PoolSize:1000]]
[2019.05.23-03.38.30:516][  0]LogConfig: Setting CVar [[r.Streaming.MaxEffectiveScreenSize:0]]
[2019.05.23-03.38.30:516][  0]LogConfig: Applying CVar settings from Section [EffectsQuality@3] File [C:/Users/gosus/Documents/CP-School/SeniorProject/gitRepos/Senior-Project-CPP-Game/Saved/Config/Windows/Scalability.ini]
[2019.05.23-03.38.30:516][  0]LogConfig: Setting CVar [[r.TranslucencyLightingVolumeDim:64]]
[2019.05.23-03.38.30:516][  0]LogConfig: Setting CVar [[r.RefractionQuality:2]]
[2019.05.23-03.38.30:516][  0]LogConfig: Setting CVar [[r.SSR.Quality:3]]
[2019.05.23-03.38.30:516][  0]LogConfig: Setting CVar [[r.SceneColorFormat:4]]
[2019.05.23-03.38.30:516][  0]LogConfig: Setting CVar [[r.DetailMode:2]]
[2019.05.23-03.38.30:516][  0]LogConfig: Setting CVar [[r.TranslucencyVolumeBlur:1]]
[2019.05.23-03.38.30:516][  0]LogConfig: Setting CVar [[r.MaterialQualityLevel:1 ; High quality]]
[2019.05.23-03.38.30:516][  0]LogConfig: Setting CVar [[r.SSS.Scale:1]]
[2019.05.23-03.38.30:516][  0]LogConfig: Setting CVar [[r.SSS.SampleSet:2]]
[2019.05.23-03.38.30:516][  0]LogConfig: Setting CVar [[r.SSS.Quality:1]]
[2019.05.23-03.38.30:516][  0]LogConfig: Setting CVar [[r.SSS.HalfRes:1]]
[2019.05.23-03.38.30:516][  0]LogConfig: Setting CVar [[r.EmitterSpawnRateScale:1.0]]
[2019.05.23-03.38.30:516][  0]LogConfig: Setting CVar [[r.ParticleLightQuality:2]]
[2019.05.23-03.38.30:517][  0]LogConfig: Applying CVar settings from Section [FoliageQuality@3] File [C:/Users/gosus/Documents/CP-School/SeniorProject/gitRepos/Senior-Project-CPP-Game/Saved/Config/Windows/Scalability.ini]
[2019.05.23-03.38.30:517][  0]LogConfig: Setting CVar [[foliage.DensityScale:1.0]]
[2019.05.23-03.38.30:517][  0]LogConfig: Setting CVar [[grass.DensityScale:1.0]]
[2019.05.23-03.38.30:517][  0]LogInit: Selected Device Profile: [Windows]
[2019.05.23-03.38.30:517][  0]LogInit: Applying CVar settings loaded from the selected device profile: [Windows]
[2019.05.23-03.38.30:525][  0]LogHAL: Display: Platform has ~ 32 GB [34313105408 / 34359738368 / 32], which maps to Largest [LargestMinGB=32, LargerMinGB=12, DefaultMinGB=8, SmallerMinGB=6, SmallestMinGB=0)
[2019.05.23-03.38.30:526][  0]LogConfig: Setting CVar [[r.Vulkan.UseRealUBs:1]]
[2019.05.23-03.38.30:526][  0]LogInit: Going up to parent DeviceProfile []
[2019.05.23-03.38.30:526][  0]LogConfig: Applying CVar settings from Section [ViewDistanceQuality@3] File [C:/Users/gosus/Documents/CP-School/SeniorProject/gitRepos/Senior-Project-CPP-Game/Saved/Config/Windows/Scalability.ini]
[2019.05.23-03.38.30:526][  0]LogConfig: Setting CVar [[r.SkeletalMeshLODBias:0]]
[2019.05.23-03.38.30:526][  0]LogConfig: Setting CVar [[r.ViewDistanceScale:1.0]]
[2019.05.23-03.38.30:526][  0]LogConfig: Applying CVar settings from Section [AntiAliasingQuality@3] File [C:/Users/gosus/Documents/CP-School/SeniorProject/gitRepos/Senior-Project-CPP-Game/Saved/Config/Windows/Scalability.ini]
[2019.05.23-03.38.30:526][  0]LogConfig: Setting CVar [[r.PostProcessAAQuality:4]]
[2019.05.23-03.38.30:526][  0]LogConfig: Applying CVar settings from Section [ShadowQuality@3] File [C:/Users/gosus/Documents/CP-School/SeniorProject/gitRepos/Senior-Project-CPP-Game/Saved/Config/Windows/Scalability.ini]
[2019.05.23-03.38.30:526][  0]LogConfig: Setting CVar [[r.LightFunctionQuality:1]]
[2019.05.23-03.38.30:526][  0]LogConfig: Setting CVar [[r.ShadowQuality:5]]
[2019.05.23-03.38.30:526][  0]LogConfig: Setting CVar [[r.Shadow.CSM.MaxCascades:10]]
[2019.05.23-03.38.30:526][  0]LogConfig: Setting CVar [[r.Shadow.MaxResolution:2048]]
[2019.05.23-03.38.30:526][  0]LogConfig: Setting CVar [[r.Shadow.MaxCSMResolution:2048]]
[2019.05.23-03.38.30:526][  0]LogConfig: Setting CVar [[r.Shadow.RadiusThreshold:0.01]]
[2019.05.23-03.38.30:526][  0]LogConfig: Setting CVar [[r.Shadow.DistanceScale:1.0]]
[2019.05.23-03.38.30:526][  0]LogConfig: Setting CVar [[r.Shadow.CSM.TransitionScale:1.0]]
[2019.05.23-03.38.30:527][  0]LogConfig: Setting CVar [[r.Shadow.PreShadowResolutionFactor:1.0]]
[2019.05.23-03.38.30:527][  0]LogConfig: Setting CVar [[r.DistanceFieldShadowing:1]]
[2019.05.23-03.38.30:527][  0]LogConfig: Setting CVar [[r.DistanceFieldAO:1]]
[2019.05.23-03.38.30:527][  0]LogConfig: Setting CVar [[r.AOQuality:2]]
[2019.05.23-03.38.30:527][  0]LogConfig: Setting CVar [[r.VolumetricFog:1]]
[2019.05.23-03.38.30:527][  0]LogConfig: Setting CVar [[r.VolumetricFog.GridPixelSize:8]]
[2019.05.23-03.38.30:527][  0]LogConfig: Setting CVar [[r.VolumetricFog.GridSizeZ:128]]
[2019.05.23-03.38.30:527][  0]LogConfig: Setting CVar [[r.VolumetricFog.HistoryMissSupersampleCount:4]]
[2019.05.23-03.38.30:527][  0]LogConfig: Setting CVar [[r.LightMaxDrawDistanceScale:1]]
[2019.05.23-03.38.30:527][  0]LogConfig: Setting CVar [[r.CapsuleShadows:1]]
[2019.05.23-03.38.30:527][  0]LogConfig: Applying CVar settings from Section [PostProcessQuality@3] File [C:/Users/gosus/Documents/CP-School/SeniorProject/gitRepos/Senior-Project-CPP-Game/Saved/Config/Windows/Scalability.ini]
[2019.05.23-03.38.30:527][  0]LogConfig: Setting CVar [[r.MotionBlurQuality:4]]
[2019.05.23-03.38.30:527][  0]LogConfig: Setting CVar [[r.AmbientOcclusionMipLevelFactor:0.4]]
[2019.05.23-03.38.30:527][  0]LogConfig: Setting CVar [[r.AmbientOcclusionMaxQuality:100]]
[2019.05.23-03.38.30:527][  0]LogConfig: Setting CVar [[r.AmbientOcclusionLevels:-1]]
[2019.05.23-03.38.30:528][  0]LogConfig: Setting CVar [[r.AmbientOcclusionRadiusScale:1.0]]
[2019.05.23-03.38.30:528][  0]LogConfig: Setting CVar [[r.DepthOfFieldQuality:2]]
[2019.05.23-03.38.30:528][  0]LogConfig: Setting CVar [[r.RenderTargetPoolMin:400]]
[2019.05.23-03.38.30:528][  0]LogConfig: Setting CVar [[r.LensFlareQuality:2]]
[2019.05.23-03.38.30:528][  0]LogConfig: Setting CVar [[r.SceneColorFringeQuality:1]]
[2019.05.23-03.38.30:528][  0]LogConfig: Setting CVar [[r.EyeAdaptationQuality:2]]
[2019.05.23-03.38.30:528][  0]LogConfig: Setting CVar [[r.BloomQuality:5]]
[2019.05.23-03.38.30:528][  0]LogConfig: Setting CVar [[r.FastBlurThreshold:100]]
[2019.05.23-03.38.30:528][  0]LogConfig: Setting CVar [[r.Upscale.Quality:3]]
[2019.05.23-03.38.30:528][  0]LogConfig: Setting CVar [[r.Tonemapper.GrainQuantization:1]]
[2019.05.23-03.38.30:528][  0]LogConfig: Setting CVar [[r.LightShaftQuality:1]]
[2019.05.23-03.38.30:528][  0]LogConfig: Setting CVar [[r.Filter.SizeScale:1]]
[2019.05.23-03.38.30:528][  0]LogConfig: Setting CVar [[r.Tonemapper.Quality:5]]
[2019.05.23-03.38.30:528][  0]LogConfig: Setting CVar [[r.DOF.Gather.AccumulatorQuality:1        ; higher gathering accumulator quality]]
[2019.05.23-03.38.30:528][  0]LogConfig: Setting CVar [[r.DOF.Gather.PostfilterMethod:1          ; Median3x3 postfilering method]]
[2019.05.23-03.38.30:528][  0]LogConfig: Setting CVar [[r.DOF.Gather.EnableBokehSettings:0       ; no bokeh simulation when gathering]]
[2019.05.23-03.38.30:528][  0]LogConfig: Setting CVar [[r.DOF.Gather.RingCount:4                 ; medium number of samples when gathering]]
[2019.05.23-03.38.30:528][  0]LogConfig: Setting CVar [[r.DOF.Scatter.ForegroundCompositing:1    ; additive foreground scattering]]
[2019.05.23-03.38.30:529][  0]LogConfig: Setting CVar [[r.DOF.Scatter.BackgroundCompositing:2    ; additive background scattering]]
[2019.05.23-03.38.30:529][  0]LogConfig: Setting CVar [[r.DOF.Scatter.EnableBokehSettings:1      ; bokeh simulation when scattering]]
[2019.05.23-03.38.30:529][  0]LogConfig: Setting CVar [[r.DOF.Scatter.MaxSpriteRatio:0.1         ; only a maximum of 10% of scattered bokeh]]
[2019.05.23-03.38.30:529][  0]LogConfig: Setting CVar [[r.DOF.Recombine.Quality:1                ; cheap slight out of focus]]
[2019.05.23-03.38.30:529][  0]LogConfig: Setting CVar [[r.DOF.Recombine.EnableBokehSettings:0    ; no bokeh simulation on slight out of focus]]
[2019.05.23-03.38.30:529][  0]LogConfig: Setting CVar [[r.DOF.TemporalAAQuality:1                ; more stable temporal accumulation]]
[2019.05.23-03.38.30:529][  0]LogConfig: Setting CVar [[r.DOF.Kernel.MaxForegroundRadius:0.025]]
[2019.05.23-03.38.30:529][  0]LogConfig: Setting CVar [[r.DOF.Kernel.MaxBackgroundRadius:0.025]]
[2019.05.23-03.38.30:529][  0]LogConfig: Applying CVar settings from Section [TextureQuality@3] File [C:/Users/gosus/Documents/CP-School/SeniorProject/gitRepos/Senior-Project-CPP-Game/Saved/Config/Windows/Scalability.ini]
[2019.05.23-03.38.30:529][  0]LogConfig: Setting CVar [[r.Streaming.MipBias:0]]
[2019.05.23-03.38.30:529][  0]LogConfig: Setting CVar [[r.Streaming.AmortizeCPUToGPUCopy:0]]
[2019.05.23-03.38.30:529][  0]LogConfig: Setting CVar [[r.Streaming.MaxNumTexturesToStreamPerFrame:0]]
[2019.05.23-03.38.30:529][  0]LogConfig: Setting CVar [[r.Streaming.Boost:1]]
[2019.05.23-03.38.30:529][  0]LogConfig: Setting CVar [[r.MaxAnisotropy:8]]
[2019.05.23-03.38.30:529][  0]LogConfig: Setting CVar [[r.Streaming.LimitPoolSizeToVRAM:0]]
[2019.05.23-03.38.30:529][  0]LogConfig: Setting CVar [[r.Streaming.PoolSize:1000]]
[2019.05.23-03.38.30:529][  0]LogConfig: Setting CVar [[r.Streaming.MaxEffectiveScreenSize:0]]
[2019.05.23-03.38.30:529][  0]LogConfig: Applying CVar settings from Section [EffectsQuality@3] File [C:/Users/gosus/Documents/CP-School/SeniorProject/gitRepos/Senior-Project-CPP-Game/Saved/Config/Windows/Scalability.ini]
[2019.05.23-03.38.30:529][  0]LogConfig: Setting CVar [[r.TranslucencyLightingVolumeDim:64]]
[2019.05.23-03.38.30:529][  0]LogConfig: Setting CVar [[r.RefractionQuality:2]]
[2019.05.23-03.38.30:530][  0]LogConfig: Setting CVar [[r.SSR.Quality:3]]
[2019.05.23-03.38.30:530][  0]LogConfig: Setting CVar [[r.SceneColorFormat:4]]
[2019.05.23-03.38.30:530][  0]LogConfig: Setting CVar [[r.DetailMode:2]]
[2019.05.23-03.38.30:530][  0]LogConfig: Setting CVar [[r.TranslucencyVolumeBlur:1]]
[2019.05.23-03.38.30:530][  0]LogConfig: Setting CVar [[r.MaterialQualityLevel:1 ; High quality]]
[2019.05.23-03.38.30:530][  0]LogConfig: Setting CVar [[r.SSS.Scale:1]]
[2019.05.23-03.38.30:530][  0]LogConfig: Setting CVar [[r.SSS.SampleSet:2]]
[2019.05.23-03.38.30:530][  0]LogConfig: Setting CVar [[r.SSS.Quality:1]]
[2019.05.23-03.38.30:530][  0]LogConfig: Setting CVar [[r.SSS.HalfRes:1]]
[2019.05.23-03.38.30:530][  0]LogConfig: Setting CVar [[r.EmitterSpawnRateScale:1.0]]
[2019.05.23-03.38.30:530][  0]LogConfig: Setting CVar [[r.ParticleLightQuality:2]]
[2019.05.23-03.38.30:530][  0]LogConfig: Applying CVar settings from Section [FoliageQuality@3] File [C:/Users/gosus/Documents/CP-School/SeniorProject/gitRepos/Senior-Project-CPP-Game/Saved/Config/Windows/Scalability.ini]
[2019.05.23-03.38.30:530][  0]LogConfig: Setting CVar [[foliage.DensityScale:1.0]]
[2019.05.23-03.38.30:530][  0]LogConfig: Setting CVar [[grass.DensityScale:1.0]]
[2019.05.23-03.38.30:530][  0]LogConfig: Applying CVar settings from Section [Startup] File [../../../Engine/Config/ConsoleVariables.ini]
[2019.05.23-03.38.30:530][  0]LogConfig: Setting CVar [[net.UseAdaptiveNetUpdateFrequency:0]]
[2019.05.23-03.38.30:530][  0]LogConfig: Applying CVar settings from Section [ConsoleVariables] File [C:/Users/gosus/Documents/CP-School/SeniorProject/gitRepos/Senior-Project-CPP-Game/Saved/Config/Windows/Engine.ini]
[2019.05.23-03.38.30:531][  0]LogInit: Computer: UNIT-01
[2019.05.23-03.38.30:531][  0]LogInit: User: gosus
[2019.05.23-03.38.30:531][  0]LogInit: CPU Page size=4096, Cores=4
[2019.05.23-03.38.30:531][  0]LogInit: High frequency timer resolution =10.000000 MHz
[2019.05.23-03.38.30:531][  0]LogMemory: Memory total: Physical=32.0GB (32GB approx)
[2019.05.23-03.38.30:531][  0]LogMemory: Platform Memory Stats for Windows
[2019.05.23-03.38.30:531][  0]LogMemory: Process Physical Memory: 105.09 MB used, 105.10 MB peak
[2019.05.23-03.38.30:531][  0]LogMemory: Process Virtual Memory: 103.34 MB used, 103.34 MB peak
[2019.05.23-03.38.30:531][  0]LogMemory: Physical Memory: 7390.02 MB used,  25333.51 MB free, 32723.53 MB total
[2019.05.23-03.38.30:531][  0]LogMemory: Virtual Memory: 4661.01 MB used,  134213064.00 MB free, 134217728.00 MB total
[2019.05.23-03.38.30:628][  0]LogInit: Using OS detected language (en-US).
[2019.05.23-03.38.30:628][  0]LogInit: Using OS detected locale (en-US).
[2019.05.23-03.38.30:628][  0]LogTextLocalizationManager: No specific localization for 'en-US' exists, so the 'en' localization will be used.
[2019.05.23-03.38.30:935][  0]LogStreaming: Display: Took  0.308s to InitEngineTextLocalization.
[2019.05.23-03.38.30:935][  0]LogInit: Setting process to per monitor DPI aware
[2019.05.23-03.38.30:987][  0]LogSlate: New Slate User Created.  User Index 0, Is Virtual User: 0
[2019.05.23-03.38.30:988][  0]LogSlate: Slate User Registered.  User Index 0, Is Virtual User: 0
[2019.05.23-03.38.31:175][  0]LogHMD: Failed to initialize OpenVR with code 110
[2019.05.23-03.38.31:176][  0]LogD3D11RHI: D3D11 adapters:
[2019.05.23-03.38.31:312][  0]LogD3D11RHI:    0. 'NVIDIA GeForce RTX 2080' (Feature Level 11_0)
[2019.05.23-03.38.31:312][  0]LogD3D11RHI:       8010/0/16361 MB DedicatedVideo/DedicatedSystem/SharedSystem, Outputs:2, VendorId:0x10de
[2019.05.23-03.38.31:318][  0]LogD3D11RHI:    1. 'Microsoft Basic Render Driver' (Feature Level 11_0)
[2019.05.23-03.38.31:318][  0]LogD3D11RHI:       0/0/16361 MB DedicatedVideo/DedicatedSystem/SharedSystem, Outputs:0, VendorId:0x1414
[2019.05.23-03.38.31:318][  0]LogD3D11RHI: Chosen D3D11 Adapter: 0
[2019.05.23-03.38.31:324][  0]LogD3D11RHI: Creating new Direct3DDevice
[2019.05.23-03.38.31:325][  0]LogD3D11RHI:     GPU DeviceId: 0x1e87 (for the marketing name, search the web for "GPU Device Id")
[2019.05.23-03.38.31:325][  0]LogWindows: EnumDisplayDevices:
[2019.05.23-03.38.31:325][  0]LogWindows:    0. 'NVIDIA GeForce RTX 2080' (P:1 D:1)
[2019.05.23-03.38.31:325][  0]LogWindows:    1. 'NVIDIA GeForce RTX 2080' (P:0 D:1)
[2019.05.23-03.38.31:325][  0]LogWindows:    2. 'NVIDIA GeForce RTX 2080' (P:0 D:0)
[2019.05.23-03.38.31:326][  0]LogWindows:    3. 'NVIDIA GeForce RTX 2080' (P:0 D:0)
[2019.05.23-03.38.31:326][  0]LogWindows: DebugString: FoundDriverCount:4 
[2019.05.23-03.38.31:326][  0]LogD3D11RHI:     Adapter Name: NVIDIA GeForce RTX 2080
[2019.05.23-03.38.31:326][  0]LogD3D11RHI:   Driver Version: 430.64 (internal:26.21.14.3064, unified:430.64)
[2019.05.23-03.38.31:326][  0]LogD3D11RHI:      Driver Date: 5-5-2019
[2019.05.23-03.38.31:326][  0]LogRHI: Texture pool is 5607 MB (70% of 8010 MB)
[2019.05.23-03.38.31:367][  0]LogD3D11RHI: Async texture creation enabled
[2019.05.23-03.38.31:386][  0]LogD3D11RHI: GPU Timing Frequency: 1000.000000 (Debug: 2 1)
[2019.05.23-03.38.31:725][  0]LogTemp: Display: Loaded TP AllDesktopTargetPlatform
[2019.05.23-03.38.31:738][  0]LogTemp: Display: Loaded TP MacClientTargetPlatform
[2019.05.23-03.38.31:752][  0]LogTemp: Display: Loaded TP MacNoEditorTargetPlatform
[2019.05.23-03.38.31:770][  0]LogTemp: Display: Loaded TP MacServerTargetPlatform
[2019.05.23-03.38.31:784][  0]LogTemp: Display: Loaded TP MacTargetPlatform
[2019.05.23-03.38.31:798][  0]LogTemp: Display: Loaded TP WindowsClientTargetPlatform
[2019.05.23-03.38.31:813][  0]LogTemp: Display: Loaded TP WindowsNoEditorTargetPlatform
[2019.05.23-03.38.31:830][  0]LogTemp: Display: Loaded TP WindowsServerTargetPlatform
[2019.05.23-03.38.31:840][  0]LogTemp: Display: Loaded TP WindowsTargetPlatform
[2019.05.23-03.38.31:899][  0]LogTemp: Display: Loaded TP AndroidTargetPlatform
[2019.05.23-03.38.31:899][  0]LogTemp: Display: Loaded TP AndroidTargetPlatform
[2019.05.23-03.38.31:899][  0]LogTemp: Display: Loaded TP AndroidTargetPlatform
[2019.05.23-03.38.31:899][  0]LogTemp: Display: Loaded TP AndroidTargetPlatform
[2019.05.23-03.38.31:899][  0]LogTemp: Display: Loaded TP AndroidTargetPlatform
[2019.05.23-03.38.31:899][  0]LogTemp: Display: Loaded TP AndroidTargetPlatform
[2019.05.23-03.38.31:899][  0]LogTemp: Display: Loaded TP AndroidTargetPlatform
[2019.05.23-03.38.31:899][  0]LogTemp: Display: Loaded TP AndroidTargetPlatform
[2019.05.23-03.38.31:899][  0]LogTemp: Display: Loaded TP AndroidTargetPlatform
[2019.05.23-03.38.31:899][  0]LogTemp: Display: Loaded TP AndroidTargetPlatform
[2019.05.23-03.38.31:899][  0]LogTemp: Display: Loaded TP AndroidTargetPlatform
[2019.05.23-03.38.31:899][  0]LogTemp: Display: Loaded TP AndroidTargetPlatform
[2019.05.23-03.38.31:899][  0]LogTemp: Display: Loaded TP AndroidTargetPlatform
[2019.05.23-03.38.31:899][  0]LogTemp: Display: Loaded TP AndroidTargetPlatform
[2019.05.23-03.38.31:899][  0]LogTemp: Display: Loaded TP AndroidTargetPlatform
[2019.05.23-03.38.31:899][  0]LogTemp: Display: Loaded TP AndroidTargetPlatform
[2019.05.23-03.38.31:899][  0]LogTemp: Display: Loaded TP AndroidTargetPlatform
[2019.05.23-03.38.31:899][  0]LogTemp: Display: Loaded TP AndroidTargetPlatform
[2019.05.23-03.38.31:903][  0]LogTemp: Display: Loaded TP HTML5TargetPlatform
[2019.05.23-03.38.31:968][  0]LogTemp: Display: Loaded TP IOSTargetPlatform
[2019.05.23-03.38.31:968][  0]LogTemp: Display: Loaded TP IOSTargetPlatform
[2019.05.23-03.38.31:988][  0]LogTemp: Display: Loaded TP TVOSTargetPlatform
[2019.05.23-03.38.31:988][  0]LogTemp: Display: Loaded TP TVOSTargetPlatform
[2019.05.23-03.38.32:001][  0]LogTemp: Display: Loaded TP LinuxClientTargetPlatform
[2019.05.23-03.38.32:015][  0]LogTemp: Display: Loaded TP LinuxNoEditorTargetPlatform
[2019.05.23-03.38.32:028][  0]LogTemp: Display: Loaded TP LinuxServerTargetPlatform
[2019.05.23-03.38.32:043][  0]LogTemp: Display: Loaded TP LinuxTargetPlatform
[2019.05.23-03.38.32:086][  0]LogTemp: Display: Loaded TP LuminTargetPlatform
[2019.05.23-03.38.32:086][  0]LogTemp: Display: Loaded TP LuminTargetPlatform
[2019.05.23-03.38.32:086][  0]LogTargetPlatformManager: Display: Building Assets For Windows
[2019.05.23-03.38.32:218][  0]LogShaderCompilers: Guid format shader working directory is -35 characters bigger than the processId version (C:/Users/gosus/Documents/CP-School/SeniorProject/gitRepos/Senior-Project-CPP-Game/Intermediate/Shaders/WorkingDirectory/4680/).
[2019.05.23-03.38.32:218][  0]LogShaderCompilers: Cleaned the shader compiler working directory 'C:/Users/gosus/AppData/Local/Temp/UnrealShaderWorkingDir/D43229194326C243A1384784F90DA890/'.
[2019.05.23-03.38.32:219][  0]LogXGEController: Cleaning working directory: C:/Users/gosus/AppData/Local/Temp/UnrealXGEWorkingDir/
[2019.05.23-03.38.32:220][  0]LogXGEController: Cannot use XGE Controller as Incredibuild is not installed on this machine.
[2019.05.23-03.38.32:220][  0]LogShaderCompilers: Cannot use XGE Shader Compiler as Incredibuild is not installed on this machine.
[2019.05.23-03.38.32:220][  0]LogShaderCompilers: Display: Using Local Shader Compiler.
[2019.05.23-03.38.32:663][  0]LogDerivedDataCache: Display: Max Cache Size: 512 MB
[2019.05.23-03.38.32:708][  0]LogDerivedDataCache: Loaded boot cache 0.04s 71MB C:/Users/gosus/AppData/Local/UnrealEngine/4.21/DerivedDataCache/Boot.ddc.
[2019.05.23-03.38.32:708][  0]LogDerivedDataCache: Display: Loaded Boot cache: C:/Users/gosus/AppData/Local/UnrealEngine/4.21/DerivedDataCache/Boot.ddc
[2019.05.23-03.38.32:708][  0]LogDerivedDataCache: FDerivedDataBackendGraph:  Pak pak cache file C:/Users/gosus/Documents/CP-School/SeniorProject/gitRepos/Senior-Project-CPP-Game/DerivedDataCache/DDC.ddp not found, will not use a pak cache.
[2019.05.23-03.38.32:708][  0]LogDerivedDataCache: Unable to find inner node Pak for hierarchical cache Hierarchy.
[2019.05.23-03.38.32:708][  0]LogDerivedDataCache: FDerivedDataBackendGraph:  CompressedPak pak cache file C:/Users/gosus/Documents/CP-School/SeniorProject/gitRepos/Senior-Project-CPP-Game/DerivedDataCache/Compressed.ddp not found, will not use a pak cache.
[2019.05.23-03.38.32:708][  0]LogDerivedDataCache: Unable to find inner node CompressedPak for hierarchical cache Hierarchy.
[2019.05.23-03.38.32:720][  0]LogDerivedDataCache: Display: Pak cache opened for reading ../../../Engine/DerivedDataCache/Compressed.ddp.
[2019.05.23-03.38.32:720][  0]LogDerivedDataCache: FDerivedDataBackendGraph:  EnterprisePak pak cache file ../../../Enterprise/DerivedDataCache/Compressed.ddp not found, will not use a pak cache.
[2019.05.23-03.38.32:721][  0]LogDerivedDataCache: Unable to find inner node EnterprisePak for hierarchical cache Hierarchy.
[2019.05.23-03.38.32:733][  0]LogDerivedDataCache: Using Local data cache path C:/Users/gosus/AppData/Local/UnrealEngine/Common/DerivedDataCache: Writable
[2019.05.23-03.38.32:733][  0]LogDerivedDataCache: Shared data cache path not found in *engine.ini, will not use an Shared cache.
[2019.05.23-03.38.32:733][  0]LogDerivedDataCache: Unable to find inner node Shared for hierarchical cache Hierarchy.
[2019.05.23-03.38.32:757][  0]LogMaterial: Verifying Global Shaders for PCD3D_SM5
[2019.05.23-03.38.32:758][  0]LogSlate: Using FreeType 2.6.0
[2019.05.23-03.38.32:759][  0]LogSlate: SlateFontServices - WITH_FREETYPE: 1, WITH_HARFBUZZ: 1
[2019.05.23-03.38.32:839][  0]LogAssetRegistry: FAssetRegistry took 0.0402 seconds to start up
[2019.05.23-03.38.33:152][  0]LogInit: Selected Device Profile: [Windows]
[2019.05.23-03.38.33:322][  0]LogSimplygon: Simplygon DLL not present - disabling.
[2019.05.23-03.38.33:338][  0]LogMeshReduction: Using SimplygonSwarm for distributed automatic mesh merging
[2019.05.23-03.38.33:338][  0]LogMeshReduction: Using ProxyLODMeshReduction for automatic mesh merging
[2019.05.23-03.38.33:338][  0]LogMeshReduction: Using QuadricMeshReduction for automatic static mesh reduction
[2019.05.23-03.38.33:338][  0]LogMeshReduction: No automatic skeletal mesh reduction module available
[2019.05.23-03.38.33:348][  0]LogNetVersion: HSPGame 1.0.0, NetCL: 4541578, EngineNetVer: 5, GameNetVer: 0 (Checksum: 2893343623)
[2019.05.23-03.38.33:739][  0]LogPackageLocalizationCache: Processed 11 localized package path(s) for 2 prioritized culture(s) in 0.084522 seconds
[2019.05.23-03.38.33:744][  0]LogUObjectArray: 39775 objects as part of root set at end of initial load.
[2019.05.23-03.38.33:744][  0]LogUObjectAllocator: 6914656 out of 0 bytes used by permanent object pool.
[2019.05.23-03.38.33:744][  0]LogUObjectArray: CloseDisregardForGC: 0/0 objects in disregard for GC pool
[2019.05.23-03.38.34:594][  0]LogTcpMessaging: Initializing TcpMessaging bridge
[2019.05.23-03.38.34:611][  0]LogUdpMessaging: Initializing bridge on interface 0.0.0.0:0 to multicast group 230.0.0.1:6666.
[2019.05.23-03.38.35:197][  0]SourceControl: Source control is disabled
[2019.05.23-03.38.35:197][  0]SourceControl: Source control is disabled
[2019.05.23-03.38.35:208][  0]SourceControl: Source control is disabled
[2019.05.23-03.38.35:213][  0]SourceControl: Source control is disabled
[2019.05.23-03.38.35:538][  0]LogAndroidPermission: UAndroidPermissionCallbackProxy::GetInstance
[2019.05.23-03.38.35:749][  0]LogOcInput: OculusInput pre-init called
[2019.05.23-03.38.35:898][  0]LogEngine: Initializing Engine...
[2019.05.23-03.38.35:899][  0]LogHMD: Failed to initialize OpenVR with code 110
[2019.05.23-03.38.35:900][  0]LogStats: UGameplayTagsManager::ConstructGameplayTagTree: ImportINI prefixes -  0.000 s
[2019.05.23-03.38.35:900][  0]LogStats: UGameplayTagsManager::ConstructGameplayTagTree: Construct from data asset -  0.000 s
[2019.05.23-03.38.35:900][  0]LogStats: UGameplayTagsManager::ConstructGameplayTagTree: ImportINI -  0.000 s
[2019.05.23-03.38.35:900][  0]LogStats: UGameplayTagsManager::ConstructGameplayTagTree: GameplayTagTreeChangedEvent.Broadcast -  0.000 s
[2019.05.23-03.38.36:087][  0]LogInit: Initializing FReadOnlyCVARCache
[2019.05.23-03.38.36:101][  0]LogAIModule: Creating AISystem for world Untitled
[2019.05.23-03.38.36:168][  0]LogInit: XAudio2 using 'Speakers (Realtek(R) Audio)' : 2 channels at 48 kHz using 32 bits per sample (channel mask 0x3)
[2019.05.23-03.38.36:202][  0]LogInit: FAudioDevice initialized.
[2019.05.23-03.38.36:202][  0]LogNetVersion: Set ProjectVersion to 1.0.0.0. Version Checksum will be recalculated on next use.
[2019.05.23-03.38.36:239][  0]LogDerivedDataCache: Saved boot cache 0.04s 71MB C:/Users/gosus/AppData/Local/UnrealEngine/4.21/DerivedDataCache/Boot.ddc.
[2019.05.23-03.38.36:247][  0]LogInit: Texture streaming: Enabled
[2019.05.23-03.38.36:273][  0]LogEngineSessionManager: EngineSessionManager initialized
[2019.05.23-03.38.36:283][  0]LogInit: Transaction tracking system initialized
[2019.05.23-03.38.36:323][  0]BlueprintLog: New page: Editor Load
[2019.05.23-03.38.36:474][  0]LocalizationService: Localization service is disabled
[2019.05.23-03.38.36:977][  0]LogCook: Display: Max memory allowance for cook 16384mb min free memory 0mb
[2019.05.23-03.38.36:977][  0]LogCook: Display: Mobile HDR setting 1
[2019.05.23-03.38.36:977][  0]LogGameplayTags: Display: UGameplayTagsManager::DoneAddingNativeTags. DelegateIsBound: 0
[2019.05.23-03.38.36:977][  0]LogStats: UGameplayTagsManager::ConstructGameplayTagTree: ImportINI prefixes -  0.000 s
[2019.05.23-03.38.36:977][  0]LogStats: UGameplayTagsManager::ConstructGameplayTagTree: Construct from data asset -  0.000 s
[2019.05.23-03.38.36:978][  0]LogStats: UGameplayTagsManager::ConstructGameplayTagTree: ImportINI -  0.000 s
[2019.05.23-03.38.36:978][  0]LogStats: UGameplayTagsManager::ConstructGameplayTagTree: GameplayTagTreeChangedEvent.Broadcast -  0.000 s
[2019.05.23-03.38.37:211][  0]LogFileCache: Scanning file cache for directory 'C:/Users/gosus/Documents/CP-School/SeniorProject/gitRepos/Senior-Project-CPP-Game/Content/' took 0.03s
[2019.05.23-03.38.37:211][  0]SourceControl: Source control is disabled
[2019.05.23-03.38.37:211][  0]Cmd: MAP LOAD FILE="C:/Users/gosus/Documents/CP-School/SeniorProject/gitRepos/Senior-Project-CPP-Game/Content/Levels/DemoTown.umap" TEMPLATE=0 SHOWPROGRESS=1 FEATURELEVEL=3
[2019.05.23-03.38.37:211][  0]LightingResults: New page: Lighting Build
[2019.05.23-03.38.37:213][  0]MapCheck: New page: Map Check
[2019.05.23-03.38.37:213][  0]LightingResults: New page: Lighting Build
[2019.05.23-03.38.37:869][  0]LogAIModule: Creating AISystem for world DemoTown
[2019.05.23-03.38.37:899][  0]LogEditorServer: Finished looking for orphan Actors (0.000 secs)
[2019.05.23-03.38.37:918][  0]Cmd: MAP CHECKDEP NOCLEARLOG
[2019.05.23-03.38.37:918][  0]MapCheck: Map check complete: 0 Error(s), 0 Warning(s), took 0.14ms to complete.
[2019.05.23-03.38.37:919][  0]LogFileHelpers: Loading map 'DemoTown' took 0.708
[2019.05.23-03.38.38:023][  0]LogSlate: Updating window title bar state: overlay mode, drag disabled, window buttons hidden, title bar hidden
[2019.05.23-03.38.38:029][  0]LogSlate: Updating window title bar state: overlay mode, drag disabled, window buttons hidden, title bar hidden
[2019.05.23-03.38.38:037][  0]LogSlate: Updating window title bar state: overlay mode, drag disabled, window buttons hidden, title bar hidden
[2019.05.23-03.38.38:044][  0]LogSlate: Updating window title bar state: overlay mode, drag disabled, window buttons hidden, title bar hidden
[2019.05.23-03.38.38:054][  0]LogCollectionManager: Loaded 0 collections in 0.001144 seconds
[2019.05.23-03.38.38:069][  0]LogFileCache: Scanning file cache for directory 'C:/Users/gosus/Documents/CP-School/SeniorProject/gitRepos/Senior-Project-CPP-Game/Saved/Collections/' took 0.01s
[2019.05.23-03.38.38:070][  0]LogFileCache: Scanning file cache for directory 'C:/Users/gosus/Documents/CP-School/SeniorProject/gitRepos/Senior-Project-CPP-Game/Content/Developers/gosus/Collections/' took 0.00s
[2019.05.23-03.38.38:070][  0]LogFileCache: Scanning file cache for directory 'C:/Users/gosus/Documents/CP-School/SeniorProject/gitRepos/Senior-Project-CPP-Game/Content/Collections/' took 0.00s
[2019.05.23-03.38.38:070][  0]LogCollectionManager: Rebuilt the GUID cache for 0 collections in 0.000000 seconds
[2019.05.23-03.38.38:078][  0]LogContentBrowser: Native class hierarchy populated in 0.0077 seconds. Added 2661 classes and 622 folders.
[2019.05.23-03.38.38:083][  0]LogContentBrowser: Native class hierarchy updated for 'WidgetCarousel' in 0.0003 seconds. Added 0 classes and 0 folders.
[2019.05.23-03.38.38:084][  0]LogPakFile: Registered encryption key '00000000000000000000000000000000': 0 pak files mounted, 0 remain pending
[2019.05.23-03.38.38:085][  0]LogPakFile: Registered encryption key '00000000000000000000000000000000': 0 pak files mounted, 0 remain pending
[2019.05.23-03.38.38:085][  0]LogPakFile: Registered encryption key '00000000000000000000000000000000': 0 pak files mounted, 0 remain pending
[2019.05.23-03.38.38:086][  0]LogPakFile: Registered encryption key '00000000000000000000000000000000': 0 pak files mounted, 0 remain pending
[2019.05.23-03.38.38:086][  0]LogPakFile: Registered encryption key '00000000000000000000000000000000': 0 pak files mounted, 0 remain pending
[2019.05.23-03.38.38:086][  0]LogPakFile: Registered encryption key '00000000000000000000000000000000': 0 pak files mounted, 0 remain pending
[2019.05.23-03.38.38:087][  0]LogPakFile: Registered encryption key '00000000000000000000000000000000': 0 pak files mounted, 0 remain pending
[2019.05.23-03.38.38:087][  0]LogPakFile: Registered encryption key '00000000000000000000000000000000': 0 pak files mounted, 0 remain pending
[2019.05.23-03.38.38:088][  0]LogPakFile: Registered encryption key '00000000000000000000000000000000': 0 pak files mounted, 0 remain pending
[2019.05.23-03.38.38:088][  0]LogPakFile: Registered encryption key '00000000000000000000000000000000': 0 pak files mounted, 0 remain pending
[2019.05.23-03.38.38:088][  0]LogPakFile: Registered encryption key '00000000000000000000000000000000': 0 pak files mounted, 0 remain pending
[2019.05.23-03.38.38:089][  0]LogPakFile: Registered encryption key '00000000000000000000000000000000': 0 pak files mounted, 0 remain pending
[2019.05.23-03.38.38:089][  0]LogPakFile: Registered encryption key '00000000000000000000000000000000': 0 pak files mounted, 0 remain pending
[2019.05.23-03.38.38:090][  0]LogPakFile: Registered encryption key '00000000000000000000000000000000': 0 pak files mounted, 0 remain pending
[2019.05.23-03.38.38:090][  0]LogPakFile: Registered encryption key '00000000000000000000000000000000': 0 pak files mounted, 0 remain pending
[2019.05.23-03.38.38:090][  0]LogPakFile: Registered encryption key '00000000000000000000000000000000': 0 pak files mounted, 0 remain pending
[2019.05.23-03.38.38:091][  0]LogPakFile: Registered encryption key '00000000000000000000000000000000': 0 pak files mounted, 0 remain pending
[2019.05.23-03.38.38:091][  0]LogPakFile: Registered encryption key '00000000000000000000000000000000': 0 pak files mounted, 0 remain pending
[2019.05.23-03.38.38:092][  0]LogPakFile: Registered encryption key '00000000000000000000000000000000': 0 pak files mounted, 0 remain pending
[2019.05.23-03.38.38:092][  0]LogPakFile: Registered encryption key '00000000000000000000000000000000': 0 pak files mounted, 0 remain pending
[2019.05.23-03.38.38:092][  0]LogPakFile: Registered encryption key '00000000000000000000000000000000': 0 pak files mounted, 0 remain pending
[2019.05.23-03.38.38:093][  0]LogPakFile: Registered encryption key '00000000000000000000000000000000': 0 pak files mounted, 0 remain pending
[2019.05.23-03.38.38:093][  0]LogPakFile: Registered encryption key '00000000000000000000000000000000': 0 pak files mounted, 0 remain pending
[2019.05.23-03.38.38:093][  0]LogPakFile: Registered encryption key '00000000000000000000000000000000': 0 pak files mounted, 0 remain pending
[2019.05.23-03.38.38:094][  0]LogPakFile: Registered encryption key '00000000000000000000000000000000': 0 pak files mounted, 0 remain pending
[2019.05.23-03.38.38:094][  0]LogPakFile: Registered encryption key '00000000000000000000000000000000': 0 pak files mounted, 0 remain pending
[2019.05.23-03.38.38:112][  0]LogContentBrowser: Native class hierarchy updated for 'AddContentDialog' in 0.0003 seconds. Added 0 classes and 0 folders.
[2019.05.23-03.38.38:121][  0]LogContentBrowser: Native class hierarchy updated for 'SceneOutliner' in 0.0003 seconds. Added 1 classes and 2 folders.
[2019.05.23-03.38.38:142][  0]LogSlate: Updating window title bar state: overlay mode, drag disabled, window buttons hidden, title bar hidden
[2019.05.23-03.38.38:149][  0]LogSlate: Updating window title bar state: overlay mode, drag disabled, window buttons hidden, title bar hidden
[2019.05.23-03.38.38:155][  0]LogSlate: Updating window title bar state: overlay mode, drag disabled, window buttons hidden, title bar hidden
[2019.05.23-03.38.38:164][  0]LogSlate: Updating window title bar state: overlay mode, drag disabled, window buttons hidden, title bar hidden
[2019.05.23-03.38.38:170][  0]LogSlate: Took 0.000120 seconds to synchronously load lazily loaded font '../../../Engine/Content/Slate/Fonts/Roboto-Regular.ttf' (155K)
[2019.05.23-03.38.38:172][  0]LogSlate: Took 0.000117 seconds to synchronously load lazily loaded font '../../../Engine/Content/Slate/Fonts/Roboto-Bold.ttf' (160K)
[2019.05.23-03.38.38:178][  0]LogSlate: Took 0.000151 seconds to synchronously load lazily loaded font '../../../Engine/Content/Editor/Slate/Fonts/FontAwesome.ttf' (139K)
[2019.05.23-03.38.38:246][  0]LogRenderer: Reallocating scene render targets to support 1844x920 Format 10 NumSamples 1 (Frame:1).
[2019.05.23-03.38.38:413][  0]LogContentBrowser: Native class hierarchy updated for 'HierarchicalLODOutliner' in 0.0003 seconds. Added 0 classes and 0 folders.
[2019.05.23-03.38.38:413][  0]LogLoad: (Engine Initialization) Total time: 9.55 seconds
[2019.05.23-03.38.38:413][  0]LogLoad: (Engine Initialization) Total Blueprint compile time: 0.00 seconds
[2019.05.23-03.38.38:493][  0]LogContentStreaming: Texture pool size now 1000 MB
[2019.05.23-03.38.38:641][  2]LogAssetRegistry: Asset discovery search completed in 5.8266 seconds
[2019.05.23-03.38.38:643][  2]LogCollectionManager: Rebuilt the object cache for 0 collections in 0.000000 seconds (found 0 objects)
[2019.05.23-03.38.38:643][  2]LogCollectionManager: Fixed up redirectors for 0 collections in 0.000109 seconds (updated 0 objects)
[2019.05.23-03.38.41:411][325]LogSlate: FSceneViewport::OnFocusLost() reason 2
[2019.05.23-03.38.47:985][ 99]LogSlate: FSceneViewport::OnFocusLost() reason 2
[2019.05.23-03.39.00:589][570]LogSlate: FSceneViewport::OnFocusLost() reason 0
[2019.05.23-03.39.02:265][769]LogSlate: Took 0.000105 seconds to synchronously load lazily loaded font '../../../Engine/Content/Slate/Fonts/Roboto-Light.ttf' (167K)
[2019.05.23-03.39.02:426][769]LogAIModule: Creating AISystem for world TutorialLevel
[2019.05.23-03.39.02:436][769]LogAssetEditorManager: Opening Asset editor for World /Game/Levels/TutorialLevel.TutorialLevel
[2019.05.23-03.39.02:457][769]Cmd: MAP LOAD FILE="C:/Users/gosus/Documents/CP-School/SeniorProject/gitRepos/Senior-Project-CPP-Game/Content/Levels/TutorialLevel.umap" TEMPLATE=0 SHOWPROGRESS=1 FEATURELEVEL=3
[2019.05.23-03.39.02:458][769]LightingResults: New page: Lighting Build
[2019.05.23-03.39.02:458][769]LoadErrors: New page: Loading map: TutorialLevel.umap
[2019.05.23-03.39.02:460][769]MapCheck: New page: Map Check
[2019.05.23-03.39.02:460][769]LightingResults: New page: Lighting Build
[2019.05.23-03.39.02:485][769]LogEditorServer: Finished looking for orphan Actors (0.000 secs)
[2019.05.23-03.39.02:557][769]Cmd: MAP CHECKDEP NOCLEARLOG
[2019.05.23-03.39.02:557][769]MapCheck: Map check complete: 0 Error(s), 0 Warning(s), took 0.117ms to complete.
[2019.05.23-03.39.02:557][769]LogFileHelpers: Loading map 'TutorialLevel' took 0.101
[2019.05.23-03.39.06:328][203]LogSlate: FSceneViewport::OnFocusLost() reason 0
[2019.05.23-03.39.09:660][601]LogAssetEditorManager: Opening Asset editor for Blueprint /Game/Blueprints/Enemies/BP_EnemyGoblinSoldier.BP_EnemyGoblinSoldier
[2019.05.23-03.39.09:969][601]LogContentBrowser: Native class hierarchy updated for 'BlueprintGraph' in 0.0005 seconds. Added 117 classes and 0 folders.
[2019.05.23-03.39.14:781][ 86]LogAssetEditorManager: Opening Asset editor for Blueprint /Game/Blueprints/Enemies/BP_EnemyGoblinSoldier.BP_EnemyGoblinSoldier
[2019.05.23-03.39.15:038][ 86]LogSlate: Took 0.000105 seconds to synchronously load lazily loaded font '../../../Engine/Content/Slate/Fonts/Roboto-BoldCondensed.ttf' (158K)
[2019.05.23-03.41.33:429][230]LogSlate: FSceneViewport::OnFocusLost() reason 2
[2019.05.23-03.41.43:631][438]LogSlate: FSceneViewport::OnFocusLost() reason 0
[2019.05.23-03.41.43:722][445]Candidate modules for hot reload:
[2019.05.23-03.41.43:722][445]  HSPGame
[2019.05.23-03.41.43:722][445]Launching UnrealBuildTool... [G:/Games/Epic/Games/UE_4.21/Engine/Binaries/DotNET/UnrealBuildTool.exe  -ModuleWithSuffix=HSPGame,2703 Win64 Development -TargetType=Editor -Project="C:/Users/gosus/Documents/CP-School/SeniorProject/gitRepos/Senior-Project-CPP-Game/HSPGame.uproject" -canskiplink "C:/Users/gosus/Documents/CP-School/SeniorProject/gitRepos/Senior-Project-CPP-Game/HSPGame.uproject" ]
[2019.05.23-03.41.43:733][445]Warning: Starting HotReload took  0.0s.
[2019.05.23-03.42.05:445][ 20]CompilerResultsLog: New page: Compilation - May 22, 2019, 1:42:05 PM
[2019.05.23-03.42.05:446][ 20]CompilerResultsLog: Using 'git status' to determine working set for adaptive non-unity build (C:\Users\gosus\Documents\CP-School\SeniorProject\gitRepos\Senior-Project-CPP-Game).
[2019.05.23-03.42.05:446][ 20]CompilerResultsLog: Creating makefile for hot reloading HSPGameEditor (source directory changed)
[2019.05.23-03.42.05:446][ 20]CompilerResultsLog: Compiling game modules for hot reload
[2019.05.23-03.42.05:446][ 20]CompilerResultsLog: Using Visual Studio 2017 14.16.27023 toolchain (C:\Program Files (x86)\Microsoft Visual Studio\2017\Community\VC\Tools\MSVC\14.16.27023) and Windows 10.0.17763.0 SDK (C:\Program Files (x86)\Windows Kits\10).
[2019.05.23-03.42.05:446][ 20]CompilerResultsLog: Parsing headers for HSPGameEditor
[2019.05.23-03.42.05:446][ 20]CompilerResultsLog:   Running UnrealHeaderTool "C:\Users\gosus\Documents\CP-School\SeniorProject\gitRepos\Senior-Project-CPP-Game\HSPGame.uproject" "C:\Users\gosus\Documents\CP-School\SeniorProject\gitRepos\Senior-Project-CPP-Game\Intermediate\Build\Win64\HSPGameEditor\Development\HSPGameEditor.uhtmanifest" -LogCmds="loginit warning, logexit warning, logdatabase error" -Unattended -WarningsAsErrors -installed
[2019.05.23-03.42.05:446][ 20]CompilerResultsLog: Reflection code generated for HSPGameEditor in 8.7774154 seconds
[2019.05.23-03.42.05:446][ 20]CompilerResultsLog: Building 15 actions with 8 processes...
[2019.05.23-03.42.05:446][ 20]CompilerResultsLog:   [1/15] HSPGame.init.gen.cpp
[2019.05.23-03.42.05:446][ 20]CompilerResultsLog:   [2/15] HSPGameGameModeBase.cpp
[2019.05.23-03.42.05:446][ 20]CompilerResultsLog:   [3/15] GoblinSoldier.gen.cpp
[2019.05.23-03.42.05:447][ 20]CompilerResultsLog:   [4/15] EnemyClass.gen.cpp
[2019.05.23-03.42.05:447][ 20]CompilerResultsLog:   [5/15] HSPGameGameModeBase.gen.cpp
[2019.05.23-03.42.05:447][ 20]CompilerResultsLog:   [6/15] ProtagClass.gen.cpp
[2019.05.23-03.42.05:447][ 20]CompilerResultsLog:   [7/15] EnemySlime.gen.cpp
[2019.05.23-03.42.05:447][ 20]CompilerResultsLog:   [8/15] ProtagClass.cpp
[2019.05.23-03.42.05:447][ 20]CompilerResultsLog:   [9/15] GoblinSoldier.cpp
[2019.05.23-03.42.05:447][ 20]CompilerResultsLog:   [10/15] Base2DCharacter.cpp
[2019.05.23-03.42.05:447][ 20]CompilerResultsLog:   [11/15] EnemySlime.cpp
[2019.05.23-03.42.05:447][ 20]CompilerResultsLog:   [12/15] EnemyClass.cpp
[2019.05.23-03.42.05:447][ 20]CompilerResultsLog:   [13/15] Attacks.cpp
[2019.05.23-03.42.05:447][ 20]CompilerResultsLog:   [14/15] UE4Editor-HSPGame-2703.lib
[2019.05.23-03.42.05:447][ 20]CompilerResultsLog:      Creating library C:\Users\gosus\Documents\CP-School\SeniorProject\gitRepos\Senior-Project-CPP-Game\Intermediate\Build\Win64\UE4Editor\Development\HSPGame\UE4Editor-HSPGame-2703.lib and object C:\Users\gosus\Documents\CP-School\SeniorProject\gitRepos\Senior-Project-CPP-Game\Intermediate\Build\Win64\UE4Editor\Development\HSPGame\UE4Editor-HSPGame-2703.exp
[2019.05.23-03.42.05:447][ 20]CompilerResultsLog:   [15/15] UE4Editor-HSPGame-2703.dll
[2019.05.23-03.42.05:447][ 20]CompilerResultsLog:      Creating library C:\Users\gosus\Documents\CP-School\SeniorProject\gitRepos\Senior-Project-CPP-Game\Intermediate\Build\Win64\UE4Editor\Development\HSPGame\UE4Editor-HSPGame-2703.suppressed.lib and object C:\Users\gosus\Documents\CP-School\SeniorProject\gitRepos\Senior-Project-CPP-Game\Intermediate\Build\Win64\UE4Editor\Development\HSPGame\UE4Editor-HSPGame-2703.suppressed.exp
[2019.05.23-03.42.05:448][ 20]CompilerResultsLog: Total build time: 21.49 seconds (Parallel executor: 9.08 seconds)
[2019.05.23-03.42.05:448][ 20]LogMainFrame: MainFrame: Module compiling took 21.727 seconds
[2019.05.23-03.42.05:492][ 20]LogClass: Could not find existing class EnemyClass in package /Script/HSPGame for HotReload, assuming new class
[2019.05.23-03.42.05:492][ 20]LogClass: Function charHit is new.
[2019.05.23-03.42.05:492][ 20]LogClass: Function inSight is new.
[2019.05.23-03.42.05:492][ 20]LogClass: Could not find existing class EnemySlime in package /Script/HSPGame for HotReload, assuming new class
[2019.05.23-03.42.05:492][ 20]LogClass: Could not find existing class GoblinSoldier in package /Script/HSPGame for HotReload, assuming new class
[2019.05.23-03.42.05:509][ 20]LogHotReload: Re-instancing EnemyClass after hot-reload.
[2019.05.23-03.42.05:756][ 20]LogHotReload: Re-instancing EnemySlime after hot-reload.
[2019.05.23-03.42.05:853][ 20]LogHotReload: Re-instancing GoblinSoldier after hot-reload.
[2019.05.23-03.42.05:947][ 20]LogContentBrowser: Native class hierarchy updated for 'HSPGame' in 0.0003 seconds. Added 10 classes and 2 folders.
[2019.05.23-03.42.05:950][ 20]Display: HotReload successful (13 functions remapped  0 scriptstructs remapped)
[2019.05.23-03.42.06:280][ 20]LogContentBrowser: Native class hierarchy populated in 0.0067 seconds. Added 2662 classes and 624 folders.
[2019.05.23-03.42.06:286][ 20]Display: HotReload took 22.6s.
[2019.05.23-03.42.27:782][578]LogSlate: FSceneViewport::OnFocusLost() reason 2
[2019.05.23-03.42.36:993][667]LogSlate: FSceneViewport::OnFocusLost() reason 0
[2019.05.23-03.42.44:561][558]LogAssetEditorManager: Opening Asset editor for Blueprint /Game/Blueprints/Enemies/BP_EnemyGoblinSoldierTutorial.BP_EnemyGoblinSoldierTutorial
[2019.05.23-03.42.46:329][709]LogSlate: Window 'BP_EnemyGoblinSoldierTutorial*' being destroyed
[2019.05.23-03.42.46:413][709]LogAssetEditorManager: Opening Asset editor for Blueprint /Game/Blueprints/Enemies/BP_EnemyGoblinSoldierTutorial.BP_EnemyGoblinSoldierTutorial
[2019.05.23-03.42.56:002][751]BlueprintLog: New page: Compile BP_EnemyGoblinSoldierTutorial
[2019.05.23-03.42.56:512][787]LogSavePackage: Moving 'C:/Users/gosus/Documents/CP-School/SeniorProject/gitRepos/Senior-Project-CPP-Game/Saved/BP_EnemyGoblinSoldierTutorial99B52D2344C13882300A0CAD5AB54D67.tmp' to 'C:/Users/gosus/Documents/CP-School/SeniorProject/gitRepos/Senior-Project-CPP-Game/Content/Blueprints/Enemies/BP_EnemyGoblinSoldierTutorial.uasset'
[2019.05.23-03.42.56:691][806]LogSlate: Took 0.000129 seconds to synchronously load lazily loaded font '../../../Engine/Content/Slate/Fonts/Roboto-Italic.ttf' (157K)
[2019.05.23-03.42.57:930][951]LogTemp: Repeating last play command: Selected Viewport
[2019.05.23-03.42.57:963][951]LogBlueprintUserMessages: Early PlayInEditor Detection: Level '/Game/Levels/TutorialLevel.TutorialLevel:PersistentLevel' has LevelScriptBlueprint '/Game/Levels/TutorialLevel.TutorialLevel:PersistentLevel.TutorialLevel' with GeneratedClass '/Game/Levels/TutorialLevel.TutorialLevel_C' with ClassGeneratedBy '/Game/Levels/TutorialLevel.TutorialLevel:PersistentLevel.TutorialLevel'
[2019.05.23-03.42.57:963][951]LogPlayLevel: PlayLevel: No blueprints needed recompiling
[2019.05.23-03.42.57:963][951]PIE: New page: PIE session: TutorialLevel (May 22, 2019, 1:42:57 PM)
[2019.05.23-03.42.57:976][951]LogPlayLevel: Creating play world package: /Game/Levels/UEDPIE_0_TutorialLevel
[2019.05.23-03.42.57:984][951]LogPlayLevel: PIE: StaticDuplicateObject took: (0.008109s)
[2019.05.23-03.42.57:985][951]LogAIModule: Creating AISystem for world TutorialLevel
[2019.05.23-03.42.57:985][951]LogPlayLevel: PIE: World Init took: (0.000554s)
[2019.05.23-03.42.57:985][951]LogPlayLevel: PIE: Created PIE world by copying editor world from /Game/Levels/TutorialLevel.TutorialLevel to /Game/Levels/UEDPIE_0_TutorialLevel.TutorialLevel (0.009161s)
[2019.05.23-03.42.58:064][951]LogInit: XAudio2 using 'Speakers (Realtek(R) Audio)' : 2 channels at 48 kHz using 32 bits per sample (channel mask 0x3)
[2019.05.23-03.42.58:081][951]LogInit: FAudioDevice initialized.
[2019.05.23-03.42.58:546][951]LogLoad: Game class is 'BP_HSPGameGameModeBase_C'
[2019.05.23-03.42.58:550][951]LogWorld: Bringing World /Game/Levels/UEDPIE_0_TutorialLevel.TutorialLevel up for play (max tick rate 0) at 2019.05.22-20.42.58
[2019.05.23-03.42.58:551][951]LogWorld: Bringing up level for play took: 0.003878
[2019.05.23-03.42.58:579][951]LogContentBrowser: Native class hierarchy updated for 'MovieSceneCapture' in 0.0003 seconds. Added 20 classes and 0 folders.
[2019.05.23-03.42.58:582][951]PIE: Play in editor start time for /Game/Levels/UEDPIE_0_TutorialLevel 1.437
[2019.05.23-03.42.58:582][951]LogBlueprintUserMessages: Late PlayInEditor Detection: Level '/Game/Levels/TutorialLevel.TutorialLevel:PersistentLevel' has LevelScriptBlueprint '/Game/Levels/TutorialLevel.TutorialLevel:PersistentLevel.TutorialLevel' with GeneratedClass '/Game/Levels/TutorialLevel.TutorialLevel_C' with ClassGeneratedBy '/Game/Levels/TutorialLevel.TutorialLevel:PersistentLevel.TutorialLevel'
[2019.05.23-03.43.01:798][318]LogSlate: FSceneViewport::OnFocusLost() reason 0
[2019.05.23-03.43.08:554][106]LogSlate: FSceneViewport::OnFocusLost() reason 0
[2019.05.23-03.43.08:614][113]LogBlueprintUserMessages: Early EndPlayMap Detection: Level '/Game/Levels/TutorialLevel.TutorialLevel:PersistentLevel' has LevelScriptBlueprint '/Game/Levels/TutorialLevel.TutorialLevel:PersistentLevel.TutorialLevel' with GeneratedClass '/Game/Levels/TutorialLevel.TutorialLevel_C' with ClassGeneratedBy '/Game/Levels/TutorialLevel.TutorialLevel:PersistentLevel.TutorialLevel'
[2019.05.23-03.43.08:614][113]LogSlate: Updating window title bar state: overlay mode, drag disabled, window buttons hidden, title bar hidden
[2019.05.23-03.43.08:654][113]LogPlayLevel: Display: Shutting down PIE online subsystems
[2019.05.23-03.43.08:654][113]LogBlueprintUserMessages: Late EndPlayMap Detection: Level '/Game/Levels/TutorialLevel.TutorialLevel:PersistentLevel' has LevelScriptBlueprint '/Game/Levels/TutorialLevel.TutorialLevel:PersistentLevel.TutorialLevel' with GeneratedClass '/Game/Levels/TutorialLevel.TutorialLevel_C' with ClassGeneratedBy '/Game/Levels/TutorialLevel.TutorialLevel:PersistentLevel.TutorialLevel'
[2019.05.23-03.43.08:686][113]LogSlate: Updating window title bar state: overlay mode, drag disabled, window buttons hidden, title bar hidden
[2019.05.23-03.43.08:722][115]LogPlayLevel: Display: Destroying online subsystem :Context_6
[2019.05.23-03.43.12:865][603]LogEditorViewport: Clicking on Actor (LMB): BP_EnemyGoblinSoldier_C (BP_EnemyGoblinSoldier2)
[2019.05.23-03.43.13:195][628]Cmd: DELETE
[2019.05.23-03.43.13:195][628]Cmd: ACTOR DELETE
[2019.05.23-03.43.13:202][628]LogEditorActor: Deleted Actor: BP_EnemyGoblinSoldier_C
[2019.05.23-03.43.13:235][628]LogEditorActor: Deleted 1 Actors (0.039 secs)
[2019.05.23-03.43.13:636][674]LogEditorViewport: Clicking on Actor (LMB): BP_EnemyGoblinSoldier_C (BP_EnemyGoblinSoldier3)
[2019.05.23-03.43.13:848][688]Cmd: DELETE
[2019.05.23-03.43.13:849][688]Cmd: ACTOR DELETE
[2019.05.23-03.43.13:854][688]LogEditorActor: Deleted Actor: BP_EnemyGoblinSoldier_C
[2019.05.23-03.43.13:881][688]LogEditorActor: Deleted 1 Actors (0.032 secs)
[2019.05.23-03.43.14:332][741]LogEditorViewport: Clicking on Actor (LMB): BP_EnemyGoblinSoldier_C (BP_EnemyGoblinSoldier)
[2019.05.23-03.43.14:545][754]Cmd: DELETE
[2019.05.23-03.43.14:545][754]Cmd: ACTOR DELETE
[2019.05.23-03.43.14:550][754]LogEditorActor: Deleted Actor: BP_EnemyGoblinSoldier_C
[2019.05.23-03.43.14:581][754]LogEditorActor: Deleted 1 Actors (0.036 secs)
[2019.05.23-03.43.15:734][888]LogSlate: FSceneViewport::OnFocusLost() reason 2
[2019.05.23-03.43.16:610][984]LogSlate: FSceneViewport::OnFocusLost() reason 2
[2019.05.23-03.43.16:882][984]LogSavePackage: Moving 'C:/Users/gosus/Documents/CP-School/SeniorProject/gitRepos/Senior-Project-CPP-Game/Saved/TutorialLevel9B14666D49A6A4B3A54FBEB4424ED1B3.tmp' to 'C:/Users/gosus/Documents/CP-School/SeniorProject/gitRepos/Senior-Project-CPP-Game/Content/Levels/TutorialLevel.umap'
[2019.05.23-03.43.16:938][984]LogFileHelpers: Saving map 'TutorialLevel' took 0.324
[2019.05.23-03.43.18:070][116]LogSlate: FSceneViewport::OnFocusLost() reason 0
[2019.05.23-03.43.25:607][908]LogSlate: FSceneViewport::OnFocusLost() reason 0
[2019.05.23-03.43.25:679][915]LogTemp: Repeating last play command: Selected Viewport
[2019.05.23-03.43.25:714][915]LogBlueprintUserMessages: Early PlayInEditor Detection: Level '/Game/Levels/TutorialLevel.TutorialLevel:PersistentLevel' has LevelScriptBlueprint '/Game/Levels/TutorialLevel.TutorialLevel:PersistentLevel.TutorialLevel' with GeneratedClass '/Game/Levels/TutorialLevel.TutorialLevel_C' with ClassGeneratedBy '/Game/Levels/TutorialLevel.TutorialLevel:PersistentLevel.TutorialLevel'
[2019.05.23-03.43.25:714][915]LogPlayLevel: PlayLevel: No blueprints needed recompiling
[2019.05.23-03.43.25:715][915]PIE: New page: PIE session: TutorialLevel (May 22, 2019, 1:43:25 PM)
[2019.05.23-03.43.25:715][915]LogPlayLevel: Creating play world package: /Game/Levels/UEDPIE_0_TutorialLevel
[2019.05.23-03.43.25:723][915]LogPlayLevel: PIE: StaticDuplicateObject took: (0.008622s)
[2019.05.23-03.43.25:724][915]LogAIModule: Creating AISystem for world TutorialLevel
[2019.05.23-03.43.25:724][915]LogPlayLevel: PIE: World Init took: (0.000600s)
[2019.05.23-03.43.25:724][915]LogPlayLevel: PIE: Created PIE world by copying editor world from /Game/Levels/TutorialLevel.TutorialLevel to /Game/Levels/UEDPIE_0_TutorialLevel.TutorialLevel (0.009583s)
[2019.05.23-03.43.25:818][915]LogInit: XAudio2 using 'Speakers (Realtek(R) Audio)' : 2 channels at 48 kHz using 32 bits per sample (channel mask 0x3)
[2019.05.23-03.43.25:835][915]LogInit: FAudioDevice initialized.
[2019.05.23-03.43.25:870][915]LogLoad: Game class is 'BP_HSPGameGameModeBase_C'
[2019.05.23-03.43.25:873][915]LogWorld: Bringing World /Game/Levels/UEDPIE_0_TutorialLevel.TutorialLevel up for play (max tick rate 0) at 2019.05.22-20.43.25
[2019.05.23-03.43.25:873][915]LogWorld: Bringing up level for play took: 0.002841
[2019.05.23-03.43.25:889][915]PIE: Play in editor start time for /Game/Levels/UEDPIE_0_TutorialLevel 0.744
[2019.05.23-03.43.25:890][915]LogBlueprintUserMessages: Late PlayInEditor Detection: Level '/Game/Levels/TutorialLevel.TutorialLevel:PersistentLevel' has LevelScriptBlueprint '/Game/Levels/TutorialLevel.TutorialLevel:PersistentLevel.TutorialLevel' with GeneratedClass '/Game/Levels/TutorialLevel.TutorialLevel_C' with ClassGeneratedBy '/Game/Levels/TutorialLevel.TutorialLevel:PersistentLevel.TutorialLevel'
[2019.05.23-03.43.29:071][278]LogSlate: FSceneViewport::OnFocusLost() reason 0
[2019.05.23-03.43.34:880][954]LogSlate: FSceneViewport::OnFocusLost() reason 0
[2019.05.23-03.43.34:941][961]LogBlueprintUserMessages: Early EndPlayMap Detection: Level '/Game/Levels/TutorialLevel.TutorialLevel:PersistentLevel' has LevelScriptBlueprint '/Game/Levels/TutorialLevel.TutorialLevel:PersistentLevel.TutorialLevel' with GeneratedClass '/Game/Levels/TutorialLevel.TutorialLevel_C' with ClassGeneratedBy '/Game/Levels/TutorialLevel.TutorialLevel:PersistentLevel.TutorialLevel'
[2019.05.23-03.43.34:941][961]LogSlate: Updating window title bar state: overlay mode, drag disabled, window buttons hidden, title bar hidden
[2019.05.23-03.43.34:980][961]LogPlayLevel: Display: Shutting down PIE online subsystems
[2019.05.23-03.43.34:981][961]LogBlueprintUserMessages: Late EndPlayMap Detection: Level '/Game/Levels/TutorialLevel.TutorialLevel:PersistentLevel' has LevelScriptBlueprint '/Game/Levels/TutorialLevel.TutorialLevel:PersistentLevel.TutorialLevel' with GeneratedClass '/Game/Levels/TutorialLevel.TutorialLevel_C' with ClassGeneratedBy '/Game/Levels/TutorialLevel.TutorialLevel:PersistentLevel.TutorialLevel'
[2019.05.23-03.43.35:012][961]LogSlate: Updating window title bar state: overlay mode, drag disabled, window buttons hidden, title bar hidden
[2019.05.23-03.43.35:048][962]LogPlayLevel: Display: Destroying online subsystem :Context_7
[2019.05.23-03.43.36:113][ 85]BlueprintLog: New page: Compile BP_EnemyGoblinSoldierTutorial
[2019.05.23-03.43.36:643][122]LogSavePackage: Moving 'C:/Users/gosus/Documents/CP-School/SeniorProject/gitRepos/Senior-Project-CPP-Game/Saved/BP_EnemyGoblinSoldierTutorial5E1D1E7B41BCC940114A8F9D66611B18.tmp' to 'C:/Users/gosus/Documents/CP-School/SeniorProject/gitRepos/Senior-Project-CPP-Game/Content/Blueprints/Enemies/BP_EnemyGoblinSoldierTutorial.uasset'
[2019.05.23-03.43.42:115][764]LogSlate: FSceneViewport::OnFocusLost() reason 0
