Log file open, 04/09/19 19:59:56
LogWindows: Failed to load 'aqProf.dll' (GetLastError=126)
LogWindows: File 'aqProf.dll' does not exist
LogWindows: Failed to load 'VtuneApi.dll' (GetLastError=126)
LogWindows: File 'VtuneApi.dll' does not exist
LogWindows: Failed to load 'VtuneApi32e.dll' (GetLastError=126)
LogWindows: File 'VtuneApi32e.dll' does not exist
LogConsoleResponse: Display: Failed to find resolution value strings in scalability ini. Falling back to default.
LogInit: Display: Running engine for game: HSPGame
LogPakFile: Registered encryption key '00000000000000000000000000000000': 0 pak files mounted, 0 remain pending
LogPlatformFile: Not using cached read wrapper
LogTaskGraph: Started task graph with 5 named threads and 23 total threads with 3 sets of task threads.
LogStats: Stats thread started at 0.399234
LogD3D11RHI: Loaded GFSDK_Aftermath_Lib.x64.dll
LogICUInternationalization: ICU TimeZone Detection - Raw Offset: -8:00, Platform Override: ''
LogPluginManager: Mounting plugin Paper2D
LogPluginManager: Mounting plugin AISupport
LogPluginManager: Mounting plugin LightPropagationVolume
LogPluginManager: Mounting plugin ActorLayerUtilities
LogPluginManager: Mounting plugin CLionSourceCodeAccess
LogPluginManager: Mounting plugin CodeLiteSourceCodeAccess
LogPluginManager: Mounting plugin GitSourceControl
LogPluginManager: Mounting plugin KDevelopSourceCodeAccess
LogPluginManager: Mounting plugin NullSourceCodeAccess
LogPluginManager: Mounting plugin PerforceSourceControl
LogPluginManager: Mounting plugin SubversionSourceControl
LogPluginManager: Mounting plugin UObjectPlugin
LogPluginManager: Mounting plugin VisualStudioCodeSourceCodeAccess
LogPluginManager: Mounting plugin VisualStudioSourceCodeAccess
LogPluginManager: Mounting plugin XCodeSourceCodeAccess
LogPluginManager: Mounting plugin AssetManagerEditor
LogPluginManager: Mounting plugin CryptoKeys
LogPluginManager: Mounting plugin DataValidation
LogPluginManager: Mounting plugin FacialAnimation
LogPluginManager: Mounting plugin GameplayTagsEditor
LogPluginManager: Mounting plugin MacGraphicsSwitching
LogPluginManager: Mounting plugin MeshEditor
LogPluginManager: Mounting plugin MobileLauncherProfileWizard
LogPluginManager: Mounting plugin PluginBrowser
LogPluginManager: Mounting plugin SpeedTreeImporter
LogPluginManager: Mounting plugin DatasmithContent
LogPluginManager: Mounting plugin VariantManagerContent
LogPluginManager: Mounting plugin AlembicImporter
LogPluginManager: Mounting plugin AppleImageUtils
LogPluginManager: Mounting plugin AppleVision
LogPluginManager: Mounting plugin BackChannel
LogPluginManager: Mounting plugin CharacterAI
LogPluginManager: Mounting plugin GeometryCache
LogPluginManager: Mounting plugin HTML5Networking
LogPluginManager: Mounting plugin ProxyLODPlugin
LogPluginManager: Mounting plugin MagicLeap
LogPluginManager: Mounting plugin MagicLeapMedia
LogPluginManager: Mounting plugin AndroidMedia
LogPluginManager: Mounting plugin AvfMedia
LogPluginManager: Mounting plugin ImgMedia
LogPluginManager: Mounting plugin LinearTimecode
LogPluginManager: Mounting plugin MediaCompositing
LogPluginManager: Mounting plugin MediaPlayerEditor
LogPluginManager: Mounting plugin WebMMedia
LogPluginManager: Mounting plugin WmfMedia
LogPluginManager: Mounting plugin TcpMessaging
LogPluginManager: Mounting plugin UdpMessaging
LogPluginManager: Mounting plugin ActorSequence
LogPluginManager: Mounting plugin LevelSequenceEditor
LogPluginManager: Mounting plugin MatineeToLevelSequence
LogPluginManager: Mounting plugin NetcodeUnitTest
LogPluginManager: Mounting plugin NUTUnrealEngine4
LogPluginManager: Mounting plugin OnlineSubsystemGooglePlay
LogPluginManager: Mounting plugin OnlineSubsystemIOS
LogPluginManager: Mounting plugin OnlineSubsystem
LogPluginManager: Mounting plugin OnlineSubsystemNull
LogPluginManager: Mounting plugin OnlineSubsystemUtils
LogPluginManager: Mounting plugin LauncherChunkInstaller
LogPluginManager: Mounting plugin AndroidDeviceProfileSelector
LogPluginManager: Mounting plugin AndroidMoviePlayer
LogPluginManager: Mounting plugin AndroidPermission
LogPluginManager: Mounting plugin AppleMoviePlayer
LogPluginManager: Mounting plugin ArchVisCharacter
LogPluginManager: Mounting plugin AudioCapture
LogPluginManager: Mounting plugin CableComponent
LogPluginManager: Mounting plugin CustomMeshComponent
LogPluginManager: Mounting plugin EditableMesh
LogPluginManager: Mounting plugin ExampleDeviceProfileSelector
LogPluginManager: Mounting plugin Firebase
LogPluginManager: Mounting plugin GoogleCloudMessaging
LogPluginManager: Mounting plugin IOSDeviceProfileSelector
LogPluginManager: Mounting plugin LinuxDeviceProfileSelector
LogPluginManager: Mounting plugin LocationServicesBPLibrary
LogPluginManager: Mounting plugin MobilePatchingUtils
LogPluginManager: Mounting plugin OculusVR
LogPluginManager: Mounting plugin PhysXVehicles
LogPluginManager: Mounting plugin ProceduralMeshComponent
LogPluginManager: Mounting plugin RuntimePhysXCooking
LogPluginManager: Mounting plugin SteamVR
LogPluginManager: Mounting plugin WebMMoviePlayer
LogPluginManager: Mounting plugin WindowsMoviePlayer
LogStreaming: Display: Took  0.100s to configure plugins.
LogInit: Using libcurl 7.55.1-DEV
LogInit:  - built for x86_64-pc-win32
LogInit:  - supports SSL with OpenSSL/1.0.2h
LogInit:  - supports HTTP deflate (compression) using libz 1.2.8
LogInit:  - other features:
LogInit:      CURL_VERSION_SSL
LogInit:      CURL_VERSION_LIBZ
LogInit:      CURL_VERSION_IPV6
LogInit:      CURL_VERSION_ASYNCHDNS
LogInit:      CURL_VERSION_LARGEFILE
LogInit:      CURL_VERSION_IDN
LogInit:  CurlRequestOptions (configurable via config and command line):
LogInit:  - bVerifyPeer = true  - Libcurl will verify peer certificate
LogInit:  - bUseHttpProxy = false  - Libcurl will NOT use HTTP proxy
LogInit:  - bDontReuseConnections = false  - Libcurl will reuse connections
LogInit:  - MaxHostConnections = 16  - Libcurl will limit the number of connections to a host
LogInit:  - LocalHostAddr = Default
LogInit:  - BufferSize = 65536
LogInit: WinSock: version 1.1 (2.2), MaxSocks=32767, MaxUdp=65467
LogInit: Build: ++UE4+Release-4.21-CL-4753647
LogInit: Engine Version: 4.21.2-4753647+++UE4+Release-4.21
LogInit: Compatible Engine Version: 4.21.0-4541578+++UE4+Release-4.21
LogInit: Net CL: 4541578
LogInit: OS: Windows 10 (), CPU: Intel(R) Core(TM) i7-6700K CPU @ 4.00GHz, GPU: NVIDIA GeForce RTX 2080
LogInit: Compiled (64-bit): Jan 19 2019 02:07:31
LogInit: Compiled with Visual C++: 19.13.26129.00
LogInit: Build Configuration: Development
LogInit: Branch Name: ++UE4+Release-4.21
LogInit: Command Line:  -skipcompile
LogInit: Base Directory: G:/Games/Epic/Games/UE_4.21/Engine/Binaries/Win64/
LogInit: Installed Engine Build: 1
LogDevObjectVersion: Number of dev versions registered: 22
LogDevObjectVersion:   Dev-Blueprints (B0D832E4-1F89-4F0D-ACCF-7EB736FD4AA2): 10
LogDevObjectVersion:   Dev-Build (E1C64328-A22C-4D53-A36C-8E866417BD8C): 0
LogDevObjectVersion:   Dev-Core (375EC13C-06E4-48FB-B500-84F0262A717E): 2
LogDevObjectVersion:   Dev-Editor (E4B068ED-F494-42E9-A231-DA0B2E46BB41): 26
LogDevObjectVersion:   Dev-Framework (CFFC743F-43B0-4480-9391-14DF171D2073): 34
LogDevObjectVersion:   Dev-Mobile (B02B49B5-BB20-44E9-A304-32B752E40360): 2
LogDevObjectVersion:   Dev-Networking (A4E4105C-59A1-49B5-A7C5-40C4547EDFEE): 0
LogDevObjectVersion:   Dev-Online (39C831C9-5AE6-47DC-9A44-9C173E1C8E7C): 0
LogDevObjectVersion:   Dev-Physics (78F01B33-EBEA-4F98-B9B4-84EACCB95AA2): 0
LogDevObjectVersion:   Dev-Platform (6631380F-2D4D-43E0-8009-CF276956A95A): 0
LogDevObjectVersion:   Dev-Rendering (12F88B9F-8875-4AFC-A67C-D90C383ABD29): 27
LogDevObjectVersion:   Dev-Sequencer (7B5AE74C-D270-4C10-A958-57980B212A5A): 9
LogDevObjectVersion:   Dev-VR (D7296918-1DD6-4BDD-9DE2-64A83CC13884): 2
LogDevObjectVersion:   Dev-LoadTimes (C2A15278-BFE7-4AFE-6C17-90FF531DF755): 1
LogDevObjectVersion:   Private-Geometry (6EACA3D4-40EC-4CC1-B786-8BED09428FC5): 3
LogDevObjectVersion:   Dev-AnimPhys (29E575DD-E0A3-4627-9D10-D276232CDCEA): 17
LogDevObjectVersion:   Dev-Anim (AF43A65D-7FD3-4947-9873-3E8ED9C1BB05): 2
LogDevObjectVersion:   Dev-ReflectionCapture (6B266CEC-1EC7-4B8F-A30B-E4D90942FC07): 1
LogDevObjectVersion:   Dev-Automation (0DF73D61-A23F-47EA-B727-89E90C41499A): 1
LogDevObjectVersion:   FortniteMain (601D1886-AC64-4F84-AA16-D3DE0DEAC7D6): 17
LogDevObjectVersion:   Dev-Enterprise (9DFFBCD6-494F-0158-E221-12823C92A888): 4
LogDevObjectVersion:   Dev-Niagara (F2AED0AC-9AFE-416F-8664-AA7FFA26D6FC): 1
LogStreaming: Display: Took  0.007s to delete old logs.
LogInit: Presizing for max 8388607 objects, including 0 objects not considered by GC, pre-allocating 0 bytes for permanent pool.
LogInit: Object subsystem initialized
LogConfig: Setting CVar [[con.DebugEarlyDefault:1]]
LogConfig: Setting CVar [[r.setres:1280x720]]
[2019.04.10-02.59.57:367][  0]LogConfig: Setting CVar [[r.VSync:0]]
[2019.04.10-02.59.57:367][  0]LogConfig: Setting CVar [[r.RHICmdBypass:0]]
[2019.04.10-02.59.57:367][  0]LogConfig: Applying CVar settings from Section [/Script/Engine.RendererSettings] File [C:/Users/gosus/Documents/CP-School/SeniorProject/gitRepos/Senior-Project-CPP-Game/Saved/Config/Windows/Engine.ini]
[2019.04.10-02.59.57:367][  0]LogConfig: Setting CVar [[r.GPUCrashDebugging:0]]
[2019.04.10-02.59.57:367][  0]LogConfig: Applying CVar settings from Section [/Script/Engine.RendererOverrideSettings] File [C:/Users/gosus/Documents/CP-School/SeniorProject/gitRepos/Senior-Project-CPP-Game/Saved/Config/Windows/Engine.ini]
[2019.04.10-02.59.57:367][  0]LogConfig: Applying CVar settings from Section [/Script/Engine.StreamingSettings] File [C:/Users/gosus/Documents/CP-School/SeniorProject/gitRepos/Senior-Project-CPP-Game/Saved/Config/Windows/Engine.ini]
[2019.04.10-02.59.57:367][  0]LogConfig: Setting CVar [[s.MinBulkDataSizeForAsyncLoading:131072]]
[2019.04.10-02.59.57:367][  0]LogConfig: Setting CVar [[s.AsyncLoadingThreadEnabled:0]]
[2019.04.10-02.59.57:367][  0]LogConfig: Setting CVar [[s.EventDrivenLoaderEnabled:1]]
[2019.04.10-02.59.57:367][  0]LogConfig: Setting CVar [[s.WarnIfTimeLimitExceeded:0]]
[2019.04.10-02.59.57:367][  0]LogConfig: Setting CVar [[s.TimeLimitExceededMultiplier:1.5]]
[2019.04.10-02.59.57:367][  0]LogConfig: Setting CVar [[s.TimeLimitExceededMinTime:0.005]]
[2019.04.10-02.59.57:367][  0]LogConfig: Setting CVar [[s.UseBackgroundLevelStreaming:1]]
[2019.04.10-02.59.57:367][  0]LogConfig: Setting CVar [[s.PriorityAsyncLoadingExtraTime:15.0]]
[2019.04.10-02.59.57:367][  0]LogConfig: Setting CVar [[s.LevelStreamingActorsUpdateTimeLimit:5.0]]
[2019.04.10-02.59.57:367][  0]LogConfig: Setting CVar [[s.PriorityLevelStreamingActorsUpdateExtraTime:5.0]]
[2019.04.10-02.59.57:367][  0]LogConfig: Setting CVar [[s.LevelStreamingComponentsRegistrationGranularity:10]]
[2019.04.10-02.59.57:367][  0]LogConfig: Setting CVar [[s.UnregisterComponentsTimeLimit:1.0]]
[2019.04.10-02.59.57:367][  0]LogConfig: Setting CVar [[s.LevelStreamingComponentsUnregistrationGranularity:5]]
[2019.04.10-02.59.57:368][  0]LogConfig: Applying CVar settings from Section [/Script/Engine.GarbageCollectionSettings] File [C:/Users/gosus/Documents/CP-School/SeniorProject/gitRepos/Senior-Project-CPP-Game/Saved/Config/Windows/Engine.ini]
[2019.04.10-02.59.57:368][  0]LogConfig: Setting CVar [[gc.MaxObjectsNotConsideredByGC:1]]
[2019.04.10-02.59.57:368][  0]LogConfig: Setting CVar [[gc.SizeOfPermanentObjectPool:0]]
[2019.04.10-02.59.57:368][  0]LogConfig: Setting CVar [[gc.FlushStreamingOnGC:0]]
[2019.04.10-02.59.57:368][  0]LogConfig: Setting CVar [[gc.NumRetriesBeforeForcingGC:10]]
[2019.04.10-02.59.57:368][  0]LogConfig: Setting CVar [[gc.AllowParallelGC:1]]
[2019.04.10-02.59.57:368][  0]LogConfig: Setting CVar [[gc.TimeBetweenPurgingPendingKillObjects:61.1]]
[2019.04.10-02.59.57:368][  0]LogConfig: Setting CVar [[gc.MaxObjectsInEditor:8388607]]
[2019.04.10-02.59.57:368][  0]LogConfig: Setting CVar [[gc.IncrementalBeginDestroyEnabled:1]]
[2019.04.10-02.59.57:368][  0]LogConfig: Setting CVar [[gc.CreateGCClusters:1]]
[2019.04.10-02.59.57:368][  0]LogConfig: Setting CVar [[gc.MergeGCClusters:0]]
[2019.04.10-02.59.57:368][  0]LogConfig: Setting CVar [[gc.MinGCClusterSize:5]]
[2019.04.10-02.59.57:368][  0]LogConfig: Setting CVar [[gc.ActorClusteringEnabled:0]]
[2019.04.10-02.59.57:368][  0]LogConfig: Setting CVar [[gc.BlueprintClusteringEnabled:0]]
[2019.04.10-02.59.57:368][  0]LogConfig: Setting CVar [[gc.UseDisregardForGCOnDedicatedServers:0]]
[2019.04.10-02.59.57:368][  0]LogConfig: Applying CVar settings from Section [/Script/Engine.NetworkSettings] File [C:/Users/gosus/Documents/CP-School/SeniorProject/gitRepos/Senior-Project-CPP-Game/Saved/Config/Windows/Engine.ini]
[2019.04.10-02.59.57:368][  0]LogConfig: Applying CVar settings from Section [/Script/UnrealEd.CookerSettings] File [C:/Users/gosus/Documents/CP-School/SeniorProject/gitRepos/Senior-Project-CPP-Game/Saved/Config/Windows/Engine.ini]
[2019.04.10-02.59.57:384][  0]LogConfig: Applying CVar settings from Section [ViewDistanceQuality@3] File [C:/Users/gosus/Documents/CP-School/SeniorProject/gitRepos/Senior-Project-CPP-Game/Saved/Config/Windows/Scalability.ini]
[2019.04.10-02.59.57:384][  0]LogConfig: Setting CVar [[r.SkeletalMeshLODBias:0]]
[2019.04.10-02.59.57:384][  0]LogConfig: Setting CVar [[r.ViewDistanceScale:1.0]]
[2019.04.10-02.59.57:384][  0]LogConfig: Applying CVar settings from Section [AntiAliasingQuality@3] File [C:/Users/gosus/Documents/CP-School/SeniorProject/gitRepos/Senior-Project-CPP-Game/Saved/Config/Windows/Scalability.ini]
[2019.04.10-02.59.57:384][  0]LogConfig: Setting CVar [[r.PostProcessAAQuality:4]]
[2019.04.10-02.59.57:384][  0]LogConfig: Applying CVar settings from Section [ShadowQuality@3] File [C:/Users/gosus/Documents/CP-School/SeniorProject/gitRepos/Senior-Project-CPP-Game/Saved/Config/Windows/Scalability.ini]
[2019.04.10-02.59.57:384][  0]LogConfig: Setting CVar [[r.LightFunctionQuality:1]]
[2019.04.10-02.59.57:384][  0]LogConfig: Setting CVar [[r.ShadowQuality:5]]
[2019.04.10-02.59.57:384][  0]LogConfig: Setting CVar [[r.Shadow.CSM.MaxCascades:10]]
[2019.04.10-02.59.57:384][  0]LogConfig: Setting CVar [[r.Shadow.MaxResolution:2048]]
[2019.04.10-02.59.57:384][  0]LogConfig: Setting CVar [[r.Shadow.MaxCSMResolution:2048]]
[2019.04.10-02.59.57:384][  0]LogConfig: Setting CVar [[r.Shadow.RadiusThreshold:0.01]]
[2019.04.10-02.59.57:384][  0]LogConfig: Setting CVar [[r.Shadow.DistanceScale:1.0]]
[2019.04.10-02.59.57:384][  0]LogConfig: Setting CVar [[r.Shadow.CSM.TransitionScale:1.0]]
[2019.04.10-02.59.57:384][  0]LogConfig: Setting CVar [[r.Shadow.PreShadowResolutionFactor:1.0]]
[2019.04.10-02.59.57:384][  0]LogConfig: Setting CVar [[r.DistanceFieldShadowing:1]]
[2019.04.10-02.59.57:384][  0]LogConfig: Setting CVar [[r.DistanceFieldAO:1]]
[2019.04.10-02.59.57:385][  0]LogConfig: Setting CVar [[r.AOQuality:2]]
[2019.04.10-02.59.57:385][  0]LogConfig: Setting CVar [[r.VolumetricFog:1]]
[2019.04.10-02.59.57:385][  0]LogConfig: Setting CVar [[r.VolumetricFog.GridPixelSize:8]]
[2019.04.10-02.59.57:385][  0]LogConfig: Setting CVar [[r.VolumetricFog.GridSizeZ:128]]
[2019.04.10-02.59.57:385][  0]LogConfig: Setting CVar [[r.VolumetricFog.HistoryMissSupersampleCount:4]]
[2019.04.10-02.59.57:385][  0]LogConfig: Setting CVar [[r.LightMaxDrawDistanceScale:1]]
[2019.04.10-02.59.57:385][  0]LogConfig: Setting CVar [[r.CapsuleShadows:1]]
[2019.04.10-02.59.57:385][  0]LogConfig: Applying CVar settings from Section [PostProcessQuality@3] File [C:/Users/gosus/Documents/CP-School/SeniorProject/gitRepos/Senior-Project-CPP-Game/Saved/Config/Windows/Scalability.ini]
[2019.04.10-02.59.57:385][  0]LogConfig: Setting CVar [[r.MotionBlurQuality:4]]
[2019.04.10-02.59.57:385][  0]LogConfig: Setting CVar [[r.AmbientOcclusionMipLevelFactor:0.4]]
[2019.04.10-02.59.57:385][  0]LogConfig: Setting CVar [[r.AmbientOcclusionMaxQuality:100]]
[2019.04.10-02.59.57:385][  0]LogConfig: Setting CVar [[r.AmbientOcclusionLevels:-1]]
[2019.04.10-02.59.57:385][  0]LogConfig: Setting CVar [[r.AmbientOcclusionRadiusScale:1.0]]
[2019.04.10-02.59.57:385][  0]LogConfig: Setting CVar [[r.DepthOfFieldQuality:2]]
[2019.04.10-02.59.57:385][  0]LogConfig: Setting CVar [[r.RenderTargetPoolMin:400]]
[2019.04.10-02.59.57:385][  0]LogConfig: Setting CVar [[r.LensFlareQuality:2]]
[2019.04.10-02.59.57:385][  0]LogConfig: Setting CVar [[r.SceneColorFringeQuality:1]]
[2019.04.10-02.59.57:385][  0]LogConfig: Setting CVar [[r.EyeAdaptationQuality:2]]
[2019.04.10-02.59.57:385][  0]LogConfig: Setting CVar [[r.BloomQuality:5]]
[2019.04.10-02.59.57:386][  0]LogConfig: Setting CVar [[r.FastBlurThreshold:100]]
[2019.04.10-02.59.57:386][  0]LogConfig: Setting CVar [[r.Upscale.Quality:3]]
[2019.04.10-02.59.57:386][  0]LogConfig: Setting CVar [[r.Tonemapper.GrainQuantization:1]]
[2019.04.10-02.59.57:386][  0]LogConfig: Setting CVar [[r.LightShaftQuality:1]]
[2019.04.10-02.59.57:386][  0]LogConfig: Setting CVar [[r.Filter.SizeScale:1]]
[2019.04.10-02.59.57:386][  0]LogConfig: Setting CVar [[r.Tonemapper.Quality:5]]
[2019.04.10-02.59.57:386][  0]LogConfig: Setting CVar [[r.DOF.Gather.AccumulatorQuality:1        ; higher gathering accumulator quality]]
[2019.04.10-02.59.57:386][  0]LogConfig: Setting CVar [[r.DOF.Gather.PostfilterMethod:1          ; Median3x3 postfilering method]]
[2019.04.10-02.59.57:386][  0]LogConfig: Setting CVar [[r.DOF.Gather.EnableBokehSettings:0       ; no bokeh simulation when gathering]]
[2019.04.10-02.59.57:386][  0]LogConfig: Setting CVar [[r.DOF.Gather.RingCount:4                 ; medium number of samples when gathering]]
[2019.04.10-02.59.57:386][  0]LogConfig: Setting CVar [[r.DOF.Scatter.ForegroundCompositing:1    ; additive foreground scattering]]
[2019.04.10-02.59.57:386][  0]LogConfig: Setting CVar [[r.DOF.Scatter.BackgroundCompositing:2    ; additive background scattering]]
[2019.04.10-02.59.57:386][  0]LogConfig: Setting CVar [[r.DOF.Scatter.EnableBokehSettings:1      ; bokeh simulation when scattering]]
[2019.04.10-02.59.57:386][  0]LogConfig: Setting CVar [[r.DOF.Scatter.MaxSpriteRatio:0.1         ; only a maximum of 10% of scattered bokeh]]
[2019.04.10-02.59.57:386][  0]LogConfig: Setting CVar [[r.DOF.Recombine.Quality:1                ; cheap slight out of focus]]
[2019.04.10-02.59.57:386][  0]LogConfig: Setting CVar [[r.DOF.Recombine.EnableBokehSettings:0    ; no bokeh simulation on slight out of focus]]
[2019.04.10-02.59.57:386][  0]LogConfig: Setting CVar [[r.DOF.TemporalAAQuality:1                ; more stable temporal accumulation]]
[2019.04.10-02.59.57:387][  0]LogConfig: Setting CVar [[r.DOF.Kernel.MaxForegroundRadius:0.025]]
[2019.04.10-02.59.57:387][  0]LogConfig: Setting CVar [[r.DOF.Kernel.MaxBackgroundRadius:0.025]]
[2019.04.10-02.59.57:387][  0]LogConfig: Applying CVar settings from Section [TextureQuality@3] File [C:/Users/gosus/Documents/CP-School/SeniorProject/gitRepos/Senior-Project-CPP-Game/Saved/Config/Windows/Scalability.ini]
[2019.04.10-02.59.57:387][  0]LogConfig: Setting CVar [[r.Streaming.MipBias:0]]
[2019.04.10-02.59.57:387][  0]LogConfig: Setting CVar [[r.Streaming.AmortizeCPUToGPUCopy:0]]
[2019.04.10-02.59.57:387][  0]LogConfig: Setting CVar [[r.Streaming.MaxNumTexturesToStreamPerFrame:0]]
[2019.04.10-02.59.57:387][  0]LogConfig: Setting CVar [[r.Streaming.Boost:1]]
[2019.04.10-02.59.57:387][  0]LogConfig: Setting CVar [[r.MaxAnisotropy:8]]
[2019.04.10-02.59.57:387][  0]LogConfig: Setting CVar [[r.Streaming.LimitPoolSizeToVRAM:0]]
[2019.04.10-02.59.57:387][  0]LogConfig: Setting CVar [[r.Streaming.PoolSize:1000]]
[2019.04.10-02.59.57:387][  0]LogConfig: Setting CVar [[r.Streaming.MaxEffectiveScreenSize:0]]
[2019.04.10-02.59.57:387][  0]LogConfig: Applying CVar settings from Section [EffectsQuality@3] File [C:/Users/gosus/Documents/CP-School/SeniorProject/gitRepos/Senior-Project-CPP-Game/Saved/Config/Windows/Scalability.ini]
[2019.04.10-02.59.57:387][  0]LogConfig: Setting CVar [[r.TranslucencyLightingVolumeDim:64]]
[2019.04.10-02.59.57:387][  0]LogConfig: Setting CVar [[r.RefractionQuality:2]]
[2019.04.10-02.59.57:387][  0]LogConfig: Setting CVar [[r.SSR.Quality:3]]
[2019.04.10-02.59.57:388][  0]LogConfig: Setting CVar [[r.SceneColorFormat:4]]
[2019.04.10-02.59.57:388][  0]LogConfig: Setting CVar [[r.DetailMode:2]]
[2019.04.10-02.59.57:388][  0]LogConfig: Setting CVar [[r.TranslucencyVolumeBlur:1]]
[2019.04.10-02.59.57:388][  0]LogConfig: Setting CVar [[r.MaterialQualityLevel:1 ; High quality]]
[2019.04.10-02.59.57:388][  0]LogConfig: Setting CVar [[r.SSS.Scale:1]]
[2019.04.10-02.59.57:388][  0]LogConfig: Setting CVar [[r.SSS.SampleSet:2]]
[2019.04.10-02.59.57:388][  0]LogConfig: Setting CVar [[r.SSS.Quality:1]]
[2019.04.10-02.59.57:388][  0]LogConfig: Setting CVar [[r.SSS.HalfRes:1]]
[2019.04.10-02.59.57:388][  0]LogConfig: Setting CVar [[r.EmitterSpawnRateScale:1.0]]
[2019.04.10-02.59.57:388][  0]LogConfig: Setting CVar [[r.ParticleLightQuality:2]]
[2019.04.10-02.59.57:388][  0]LogConfig: Applying CVar settings from Section [FoliageQuality@3] File [C:/Users/gosus/Documents/CP-School/SeniorProject/gitRepos/Senior-Project-CPP-Game/Saved/Config/Windows/Scalability.ini]
[2019.04.10-02.59.57:388][  0]LogConfig: Setting CVar [[foliage.DensityScale:1.0]]
[2019.04.10-02.59.57:388][  0]LogConfig: Setting CVar [[grass.DensityScale:1.0]]
[2019.04.10-02.59.57:388][  0]LogInit: Selected Device Profile: [Windows]
[2019.04.10-02.59.57:388][  0]LogInit: Applying CVar settings loaded from the selected device profile: [Windows]
[2019.04.10-02.59.57:404][  0]LogHAL: Display: Platform has ~ 32 GB [34313105408 / 34359738368 / 32], which maps to Largest [LargestMinGB=32, LargerMinGB=12, DefaultMinGB=8, SmallerMinGB=6, SmallestMinGB=0)
[2019.04.10-02.59.57:404][  0]LogConfig: Setting CVar [[r.Vulkan.UseRealUBs:1]]
[2019.04.10-02.59.57:404][  0]LogInit: Going up to parent DeviceProfile []
[2019.04.10-02.59.57:404][  0]LogConfig: Applying CVar settings from Section [ViewDistanceQuality@3] File [C:/Users/gosus/Documents/CP-School/SeniorProject/gitRepos/Senior-Project-CPP-Game/Saved/Config/Windows/Scalability.ini]
[2019.04.10-02.59.57:404][  0]LogConfig: Setting CVar [[r.SkeletalMeshLODBias:0]]
[2019.04.10-02.59.57:404][  0]LogConfig: Setting CVar [[r.ViewDistanceScale:1.0]]
[2019.04.10-02.59.57:404][  0]LogConfig: Applying CVar settings from Section [AntiAliasingQuality@3] File [C:/Users/gosus/Documents/CP-School/SeniorProject/gitRepos/Senior-Project-CPP-Game/Saved/Config/Windows/Scalability.ini]
[2019.04.10-02.59.57:404][  0]LogConfig: Setting CVar [[r.PostProcessAAQuality:4]]
[2019.04.10-02.59.57:404][  0]LogConfig: Applying CVar settings from Section [ShadowQuality@3] File [C:/Users/gosus/Documents/CP-School/SeniorProject/gitRepos/Senior-Project-CPP-Game/Saved/Config/Windows/Scalability.ini]
[2019.04.10-02.59.57:404][  0]LogConfig: Setting CVar [[r.LightFunctionQuality:1]]
[2019.04.10-02.59.57:404][  0]LogConfig: Setting CVar [[r.ShadowQuality:5]]
[2019.04.10-02.59.57:405][  0]LogConfig: Setting CVar [[r.Shadow.CSM.MaxCascades:10]]
[2019.04.10-02.59.57:405][  0]LogConfig: Setting CVar [[r.Shadow.MaxResolution:2048]]
[2019.04.10-02.59.57:405][  0]LogConfig: Setting CVar [[r.Shadow.MaxCSMResolution:2048]]
[2019.04.10-02.59.57:405][  0]LogConfig: Setting CVar [[r.Shadow.RadiusThreshold:0.01]]
[2019.04.10-02.59.57:405][  0]LogConfig: Setting CVar [[r.Shadow.DistanceScale:1.0]]
[2019.04.10-02.59.57:405][  0]LogConfig: Setting CVar [[r.Shadow.CSM.TransitionScale:1.0]]
[2019.04.10-02.59.57:405][  0]LogConfig: Setting CVar [[r.Shadow.PreShadowResolutionFactor:1.0]]
[2019.04.10-02.59.57:405][  0]LogConfig: Setting CVar [[r.DistanceFieldShadowing:1]]
[2019.04.10-02.59.57:405][  0]LogConfig: Setting CVar [[r.DistanceFieldAO:1]]
[2019.04.10-02.59.57:405][  0]LogConfig: Setting CVar [[r.AOQuality:2]]
[2019.04.10-02.59.57:405][  0]LogConfig: Setting CVar [[r.VolumetricFog:1]]
[2019.04.10-02.59.57:405][  0]LogConfig: Setting CVar [[r.VolumetricFog.GridPixelSize:8]]
[2019.04.10-02.59.57:405][  0]LogConfig: Setting CVar [[r.VolumetricFog.GridSizeZ:128]]
[2019.04.10-02.59.57:405][  0]LogConfig: Setting CVar [[r.VolumetricFog.HistoryMissSupersampleCount:4]]
[2019.04.10-02.59.57:405][  0]LogConfig: Setting CVar [[r.LightMaxDrawDistanceScale:1]]
[2019.04.10-02.59.57:405][  0]LogConfig: Setting CVar [[r.CapsuleShadows:1]]
[2019.04.10-02.59.57:405][  0]LogConfig: Applying CVar settings from Section [PostProcessQuality@3] File [C:/Users/gosus/Documents/CP-School/SeniorProject/gitRepos/Senior-Project-CPP-Game/Saved/Config/Windows/Scalability.ini]
[2019.04.10-02.59.57:405][  0]LogConfig: Setting CVar [[r.MotionBlurQuality:4]]
[2019.04.10-02.59.57:405][  0]LogConfig: Setting CVar [[r.AmbientOcclusionMipLevelFactor:0.4]]
[2019.04.10-02.59.57:406][  0]LogConfig: Setting CVar [[r.AmbientOcclusionMaxQuality:100]]
[2019.04.10-02.59.57:406][  0]LogConfig: Setting CVar [[r.AmbientOcclusionLevels:-1]]
[2019.04.10-02.59.57:406][  0]LogConfig: Setting CVar [[r.AmbientOcclusionRadiusScale:1.0]]
[2019.04.10-02.59.57:406][  0]LogConfig: Setting CVar [[r.DepthOfFieldQuality:2]]
[2019.04.10-02.59.57:406][  0]LogConfig: Setting CVar [[r.RenderTargetPoolMin:400]]
[2019.04.10-02.59.57:406][  0]LogConfig: Setting CVar [[r.LensFlareQuality:2]]
[2019.04.10-02.59.57:406][  0]LogConfig: Setting CVar [[r.SceneColorFringeQuality:1]]
[2019.04.10-02.59.57:406][  0]LogConfig: Setting CVar [[r.EyeAdaptationQuality:2]]
[2019.04.10-02.59.57:406][  0]LogConfig: Setting CVar [[r.BloomQuality:5]]
[2019.04.10-02.59.57:406][  0]LogConfig: Setting CVar [[r.FastBlurThreshold:100]]
[2019.04.10-02.59.57:406][  0]LogConfig: Setting CVar [[r.Upscale.Quality:3]]
[2019.04.10-02.59.57:406][  0]LogConfig: Setting CVar [[r.Tonemapper.GrainQuantization:1]]
[2019.04.10-02.59.57:406][  0]LogConfig: Setting CVar [[r.LightShaftQuality:1]]
[2019.04.10-02.59.57:406][  0]LogConfig: Setting CVar [[r.Filter.SizeScale:1]]
[2019.04.10-02.59.57:406][  0]LogConfig: Setting CVar [[r.Tonemapper.Quality:5]]
[2019.04.10-02.59.57:406][  0]LogConfig: Setting CVar [[r.DOF.Gather.AccumulatorQuality:1        ; higher gathering accumulator quality]]
[2019.04.10-02.59.57:406][  0]LogConfig: Setting CVar [[r.DOF.Gather.PostfilterMethod:1          ; Median3x3 postfilering method]]
[2019.04.10-02.59.57:406][  0]LogConfig: Setting CVar [[r.DOF.Gather.EnableBokehSettings:0       ; no bokeh simulation when gathering]]
[2019.04.10-02.59.57:406][  0]LogConfig: Setting CVar [[r.DOF.Gather.RingCount:4                 ; medium number of samples when gathering]]
[2019.04.10-02.59.57:407][  0]LogConfig: Setting CVar [[r.DOF.Scatter.ForegroundCompositing:1    ; additive foreground scattering]]
[2019.04.10-02.59.57:407][  0]LogConfig: Setting CVar [[r.DOF.Scatter.BackgroundCompositing:2    ; additive background scattering]]
[2019.04.10-02.59.57:407][  0]LogConfig: Setting CVar [[r.DOF.Scatter.EnableBokehSettings:1      ; bokeh simulation when scattering]]
[2019.04.10-02.59.57:407][  0]LogConfig: Setting CVar [[r.DOF.Scatter.MaxSpriteRatio:0.1         ; only a maximum of 10% of scattered bokeh]]
[2019.04.10-02.59.57:407][  0]LogConfig: Setting CVar [[r.DOF.Recombine.Quality:1                ; cheap slight out of focus]]
[2019.04.10-02.59.57:407][  0]LogConfig: Setting CVar [[r.DOF.Recombine.EnableBokehSettings:0    ; no bokeh simulation on slight out of focus]]
[2019.04.10-02.59.57:407][  0]LogConfig: Setting CVar [[r.DOF.TemporalAAQuality:1                ; more stable temporal accumulation]]
[2019.04.10-02.59.57:407][  0]LogConfig: Setting CVar [[r.DOF.Kernel.MaxForegroundRadius:0.025]]
[2019.04.10-02.59.57:407][  0]LogConfig: Setting CVar [[r.DOF.Kernel.MaxBackgroundRadius:0.025]]
[2019.04.10-02.59.57:407][  0]LogConfig: Applying CVar settings from Section [TextureQuality@3] File [C:/Users/gosus/Documents/CP-School/SeniorProject/gitRepos/Senior-Project-CPP-Game/Saved/Config/Windows/Scalability.ini]
[2019.04.10-02.59.57:407][  0]LogConfig: Setting CVar [[r.Streaming.MipBias:0]]
[2019.04.10-02.59.57:407][  0]LogConfig: Setting CVar [[r.Streaming.AmortizeCPUToGPUCopy:0]]
[2019.04.10-02.59.57:407][  0]LogConfig: Setting CVar [[r.Streaming.MaxNumTexturesToStreamPerFrame:0]]
[2019.04.10-02.59.57:407][  0]LogConfig: Setting CVar [[r.Streaming.Boost:1]]
[2019.04.10-02.59.57:407][  0]LogConfig: Setting CVar [[r.MaxAnisotropy:8]]
[2019.04.10-02.59.57:407][  0]LogConfig: Setting CVar [[r.Streaming.LimitPoolSizeToVRAM:0]]
[2019.04.10-02.59.57:407][  0]LogConfig: Setting CVar [[r.Streaming.PoolSize:1000]]
[2019.04.10-02.59.57:408][  0]LogConfig: Setting CVar [[r.Streaming.MaxEffectiveScreenSize:0]]
[2019.04.10-02.59.57:408][  0]LogConfig: Applying CVar settings from Section [EffectsQuality@3] File [C:/Users/gosus/Documents/CP-School/SeniorProject/gitRepos/Senior-Project-CPP-Game/Saved/Config/Windows/Scalability.ini]
[2019.04.10-02.59.57:408][  0]LogConfig: Setting CVar [[r.TranslucencyLightingVolumeDim:64]]
[2019.04.10-02.59.57:408][  0]LogConfig: Setting CVar [[r.RefractionQuality:2]]
[2019.04.10-02.59.57:408][  0]LogConfig: Setting CVar [[r.SSR.Quality:3]]
[2019.04.10-02.59.57:408][  0]LogConfig: Setting CVar [[r.SceneColorFormat:4]]
[2019.04.10-02.59.57:408][  0]LogConfig: Setting CVar [[r.DetailMode:2]]
[2019.04.10-02.59.57:408][  0]LogConfig: Setting CVar [[r.TranslucencyVolumeBlur:1]]
[2019.04.10-02.59.57:408][  0]LogConfig: Setting CVar [[r.MaterialQualityLevel:1 ; High quality]]
[2019.04.10-02.59.57:408][  0]LogConfig: Setting CVar [[r.SSS.Scale:1]]
[2019.04.10-02.59.57:408][  0]LogConfig: Setting CVar [[r.SSS.SampleSet:2]]
[2019.04.10-02.59.57:408][  0]LogConfig: Setting CVar [[r.SSS.Quality:1]]
[2019.04.10-02.59.57:408][  0]LogConfig: Setting CVar [[r.SSS.HalfRes:1]]
[2019.04.10-02.59.57:408][  0]LogConfig: Setting CVar [[r.EmitterSpawnRateScale:1.0]]
[2019.04.10-02.59.57:408][  0]LogConfig: Setting CVar [[r.ParticleLightQuality:2]]
[2019.04.10-02.59.57:408][  0]LogConfig: Applying CVar settings from Section [FoliageQuality@3] File [C:/Users/gosus/Documents/CP-School/SeniorProject/gitRepos/Senior-Project-CPP-Game/Saved/Config/Windows/Scalability.ini]
[2019.04.10-02.59.57:408][  0]LogConfig: Setting CVar [[foliage.DensityScale:1.0]]
[2019.04.10-02.59.57:408][  0]LogConfig: Setting CVar [[grass.DensityScale:1.0]]
[2019.04.10-02.59.57:409][  0]LogConfig: Applying CVar settings from Section [Startup] File [../../../Engine/Config/ConsoleVariables.ini]
[2019.04.10-02.59.57:409][  0]LogConfig: Setting CVar [[net.UseAdaptiveNetUpdateFrequency:0]]
[2019.04.10-02.59.57:409][  0]LogConfig: Applying CVar settings from Section [ConsoleVariables] File [C:/Users/gosus/Documents/CP-School/SeniorProject/gitRepos/Senior-Project-CPP-Game/Saved/Config/Windows/Engine.ini]
[2019.04.10-02.59.57:409][  0]LogInit: Computer: UNIT-01
[2019.04.10-02.59.57:409][  0]LogInit: User: gosus
[2019.04.10-02.59.57:409][  0]LogInit: CPU Page size=4096, Cores=4
[2019.04.10-02.59.57:409][  0]LogInit: High frequency timer resolution =10.000000 MHz
[2019.04.10-02.59.57:409][  0]LogMemory: Memory total: Physical=32.0GB (32GB approx)
[2019.04.10-02.59.57:409][  0]LogMemory: Platform Memory Stats for Windows
[2019.04.10-02.59.57:409][  0]LogMemory: Process Physical Memory: 105.73 MB used, 105.74 MB peak
[2019.04.10-02.59.57:410][  0]LogMemory: Process Virtual Memory: 101.60 MB used, 101.60 MB peak
[2019.04.10-02.59.57:410][  0]LogMemory: Physical Memory: 6734.79 MB used,  25988.73 MB free, 32723.53 MB total
[2019.04.10-02.59.57:410][  0]LogMemory: Virtual Memory: 4659.48 MB used,  134213072.00 MB free, 134217728.00 MB total
[2019.04.10-02.59.57:565][  0]LogInit: Using OS detected language (en-US).
[2019.04.10-02.59.57:565][  0]LogInit: Using OS detected locale (en-US).
[2019.04.10-02.59.57:566][  0]LogTextLocalizationManager: No specific localization for 'en-US' exists, so the 'en' localization will be used.
[2019.04.10-02.59.57:914][  0]LogStreaming: Display: Took  0.349s to InitEngineTextLocalization.
[2019.04.10-02.59.57:914][  0]LogInit: Setting process to per monitor DPI aware
[2019.04.10-02.59.57:978][  0]LogSlate: New Slate User Created.  User Index 0, Is Virtual User: 0
[2019.04.10-02.59.57:978][  0]LogSlate: Slate User Registered.  User Index 0, Is Virtual User: 0
[2019.04.10-02.59.58:170][  0]LogHMD: Failed to initialize OpenVR with code 110
[2019.04.10-02.59.58:170][  0]LogD3D11RHI: D3D11 adapters:
[2019.04.10-02.59.58:316][  0]LogD3D11RHI:    0. 'NVIDIA GeForce RTX 2080' (Feature Level 11_0)
[2019.04.10-02.59.58:316][  0]LogD3D11RHI:       8010/0/16361 MB DedicatedVideo/DedicatedSystem/SharedSystem, Outputs:2, VendorId:0x10de
[2019.04.10-02.59.58:326][  0]LogD3D11RHI:    1. 'Microsoft Basic Render Driver' (Feature Level 11_0)
[2019.04.10-02.59.58:326][  0]LogD3D11RHI:       0/0/16361 MB DedicatedVideo/DedicatedSystem/SharedSystem, Outputs:0, VendorId:0x1414
[2019.04.10-02.59.58:326][  0]LogD3D11RHI: Chosen D3D11 Adapter: 0
[2019.04.10-02.59.58:334][  0]LogD3D11RHI: Creating new Direct3DDevice
[2019.04.10-02.59.58:334][  0]LogD3D11RHI:     GPU DeviceId: 0x1e87 (for the marketing name, search the web for "GPU Device Id")
[2019.04.10-02.59.58:334][  0]LogWindows: EnumDisplayDevices:
[2019.04.10-02.59.58:335][  0]LogWindows:    0. 'NVIDIA GeForce RTX 2080' (P:1 D:1)
[2019.04.10-02.59.58:335][  0]LogWindows:    1. 'NVIDIA GeForce RTX 2080' (P:0 D:1)
[2019.04.10-02.59.58:335][  0]LogWindows:    2. 'NVIDIA GeForce RTX 2080' (P:0 D:0)
[2019.04.10-02.59.58:335][  0]LogWindows:    3. 'NVIDIA GeForce RTX 2080' (P:0 D:0)
[2019.04.10-02.59.58:336][  0]LogWindows: DebugString: FoundDriverCount:4 
[2019.04.10-02.59.58:336][  0]LogD3D11RHI:     Adapter Name: NVIDIA GeForce RTX 2080
[2019.04.10-02.59.58:336][  0]LogD3D11RHI:   Driver Version: 419.67 (internal:25.21.14.1967, unified:419.67)
[2019.04.10-02.59.58:336][  0]LogD3D11RHI:      Driver Date: 3-17-2019
[2019.04.10-02.59.58:336][  0]LogRHI: Texture pool is 5607 MB (70% of 8010 MB)
[2019.04.10-02.59.58:388][  0]LogD3D11RHI: Async texture creation enabled
[2019.04.10-02.59.58:414][  0]LogD3D11RHI: GPU Timing Frequency: 1000.000000 (Debug: 2 1)
[2019.04.10-02.59.58:813][  0]LogTemp: Display: Loaded TP AllDesktopTargetPlatform
[2019.04.10-02.59.58:837][  0]LogTemp: Display: Loaded TP MacClientTargetPlatform
[2019.04.10-02.59.58:860][  0]LogTemp: Display: Loaded TP MacNoEditorTargetPlatform
[2019.04.10-02.59.58:883][  0]LogTemp: Display: Loaded TP MacServerTargetPlatform
[2019.04.10-02.59.58:904][  0]LogTemp: Display: Loaded TP MacTargetPlatform
[2019.04.10-02.59.58:958][  0]LogTemp: Display: Loaded TP WindowsClientTargetPlatform
[2019.04.10-02.59.58:981][  0]LogTemp: Display: Loaded TP WindowsNoEditorTargetPlatform
[2019.04.10-02.59.59:005][  0]LogTemp: Display: Loaded TP WindowsServerTargetPlatform
[2019.04.10-02.59.59:030][  0]LogTemp: Display: Loaded TP WindowsTargetPlatform
[2019.04.10-02.59.59:123][  0]LogTemp: Display: Loaded TP AndroidTargetPlatform
[2019.04.10-02.59.59:123][  0]LogTemp: Display: Loaded TP AndroidTargetPlatform
[2019.04.10-02.59.59:123][  0]LogTemp: Display: Loaded TP AndroidTargetPlatform
[2019.04.10-02.59.59:123][  0]LogTemp: Display: Loaded TP AndroidTargetPlatform
[2019.04.10-02.59.59:123][  0]LogTemp: Display: Loaded TP AndroidTargetPlatform
[2019.04.10-02.59.59:124][  0]LogTemp: Display: Loaded TP AndroidTargetPlatform
[2019.04.10-02.59.59:124][  0]LogTemp: Display: Loaded TP AndroidTargetPlatform
[2019.04.10-02.59.59:124][  0]LogTemp: Display: Loaded TP AndroidTargetPlatform
[2019.04.10-02.59.59:124][  0]LogTemp: Display: Loaded TP AndroidTargetPlatform
[2019.04.10-02.59.59:124][  0]LogTemp: Display: Loaded TP AndroidTargetPlatform
[2019.04.10-02.59.59:124][  0]LogTemp: Display: Loaded TP AndroidTargetPlatform
[2019.04.10-02.59.59:124][  0]LogTemp: Display: Loaded TP AndroidTargetPlatform
[2019.04.10-02.59.59:124][  0]LogTemp: Display: Loaded TP AndroidTargetPlatform
[2019.04.10-02.59.59:124][  0]LogTemp: Display: Loaded TP AndroidTargetPlatform
[2019.04.10-02.59.59:124][  0]LogTemp: Display: Loaded TP AndroidTargetPlatform
[2019.04.10-02.59.59:124][  0]LogTemp: Display: Loaded TP AndroidTargetPlatform
[2019.04.10-02.59.59:124][  0]LogTemp: Display: Loaded TP AndroidTargetPlatform
[2019.04.10-02.59.59:124][  0]LogTemp: Display: Loaded TP AndroidTargetPlatform
[2019.04.10-02.59.59:135][  0]LogTemp: Display: Loaded TP HTML5TargetPlatform
[2019.04.10-02.59.59:227][  0]LogTemp: Display: Loaded TP IOSTargetPlatform
[2019.04.10-02.59.59:227][  0]LogTemp: Display: Loaded TP IOSTargetPlatform
[2019.04.10-02.59.59:261][  0]LogTemp: Display: Loaded TP TVOSTargetPlatform
[2019.04.10-02.59.59:261][  0]LogTemp: Display: Loaded TP TVOSTargetPlatform
[2019.04.10-02.59.59:283][  0]LogTemp: Display: Loaded TP LinuxClientTargetPlatform
[2019.04.10-02.59.59:308][  0]LogTemp: Display: Loaded TP LinuxNoEditorTargetPlatform
[2019.04.10-02.59.59:334][  0]LogTemp: Display: Loaded TP LinuxServerTargetPlatform
[2019.04.10-02.59.59:359][  0]LogTemp: Display: Loaded TP LinuxTargetPlatform
[2019.04.10-02.59.59:420][  0]LogTemp: Display: Loaded TP LuminTargetPlatform
[2019.04.10-02.59.59:420][  0]LogTemp: Display: Loaded TP LuminTargetPlatform
[2019.04.10-02.59.59:420][  0]LogTargetPlatformManager: Display: Building Assets For Windows
[2019.04.10-02.59.59:670][  0]LogShaderCompilers: Guid format shader working directory is -35 characters bigger than the processId version (C:/Users/gosus/Documents/CP-School/SeniorProject/gitRepos/Senior-Project-CPP-Game/Intermediate/Shaders/WorkingDirectory/6720/).
[2019.04.10-02.59.59:670][  0]LogShaderCompilers: Cleaned the shader compiler working directory 'C:/Users/gosus/AppData/Local/Temp/UnrealShaderWorkingDir/8265E5EB4E7FD86073CF1083F115EC64/'.
[2019.04.10-02.59.59:672][  0]LogXGEController: Cleaning working directory: C:/Users/gosus/AppData/Local/Temp/UnrealXGEWorkingDir/
[2019.04.10-02.59.59:672][  0]LogXGEController: Cannot use XGE Controller as Incredibuild is not installed on this machine.
[2019.04.10-02.59.59:672][  0]LogShaderCompilers: Cannot use XGE Shader Compiler as Incredibuild is not installed on this machine.
[2019.04.10-02.59.59:672][  0]LogShaderCompilers: Display: Using Local Shader Compiler.
[2019.04.10-03.00.00:231][  0]LogDerivedDataCache: Display: Max Cache Size: 512 MB
[2019.04.10-03.00.00:283][  0]LogDerivedDataCache: Loaded boot cache 0.05s 71MB C:/Users/gosus/AppData/Local/UnrealEngine/4.21/DerivedDataCache/Boot.ddc.
[2019.04.10-03.00.00:283][  0]LogDerivedDataCache: Display: Loaded Boot cache: C:/Users/gosus/AppData/Local/UnrealEngine/4.21/DerivedDataCache/Boot.ddc
[2019.04.10-03.00.00:283][  0]LogDerivedDataCache: FDerivedDataBackendGraph:  Pak pak cache file C:/Users/gosus/Documents/CP-School/SeniorProject/gitRepos/Senior-Project-CPP-Game/DerivedDataCache/DDC.ddp not found, will not use a pak cache.
[2019.04.10-03.00.00:283][  0]LogDerivedDataCache: Unable to find inner node Pak for hierarchical cache Hierarchy.
[2019.04.10-03.00.00:284][  0]LogDerivedDataCache: FDerivedDataBackendGraph:  CompressedPak pak cache file C:/Users/gosus/Documents/CP-School/SeniorProject/gitRepos/Senior-Project-CPP-Game/DerivedDataCache/Compressed.ddp not found, will not use a pak cache.
[2019.04.10-03.00.00:284][  0]LogDerivedDataCache: Unable to find inner node CompressedPak for hierarchical cache Hierarchy.
[2019.04.10-03.00.00:300][  0]LogDerivedDataCache: Display: Pak cache opened for reading ../../../Engine/DerivedDataCache/Compressed.ddp.
[2019.04.10-03.00.00:300][  0]LogDerivedDataCache: FDerivedDataBackendGraph:  EnterprisePak pak cache file ../../../Enterprise/DerivedDataCache/Compressed.ddp not found, will not use a pak cache.
[2019.04.10-03.00.00:300][  0]LogDerivedDataCache: Unable to find inner node EnterprisePak for hierarchical cache Hierarchy.
[2019.04.10-03.00.00:313][  0]LogDerivedDataCache: Using Local data cache path C:/Users/gosus/AppData/Local/UnrealEngine/Common/DerivedDataCache: Writable
[2019.04.10-03.00.00:313][  0]LogDerivedDataCache: Shared data cache path not found in *engine.ini, will not use an Shared cache.
[2019.04.10-03.00.00:313][  0]LogDerivedDataCache: Unable to find inner node Shared for hierarchical cache Hierarchy.
[2019.04.10-03.00.00:340][  0]LogMaterial: Verifying Global Shaders for PCD3D_SM5
[2019.04.10-03.00.00:342][  0]LogSlate: Using FreeType 2.6.0
[2019.04.10-03.00.00:343][  0]LogSlate: SlateFontServices - WITH_FREETYPE: 1, WITH_HARFBUZZ: 1
[2019.04.10-03.00.00:439][  0]LogAssetRegistry: FAssetRegistry took 0.0426 seconds to start up
[2019.04.10-03.00.00:805][  0]LogInit: Selected Device Profile: [Windows]
[2019.04.10-03.00.01:039][  0]LogSimplygon: Simplygon DLL not present - disabling.
[2019.04.10-03.00.01:080][  0]LogMeshReduction: Using SimplygonSwarm for distributed automatic mesh merging
[2019.04.10-03.00.01:080][  0]LogMeshReduction: Using ProxyLODMeshReduction for automatic mesh merging
[2019.04.10-03.00.01:080][  0]LogMeshReduction: Using QuadricMeshReduction for automatic static mesh reduction
[2019.04.10-03.00.01:080][  0]LogMeshReduction: No automatic skeletal mesh reduction module available
[2019.04.10-03.00.01:095][  0]LogNetVersion: HSPGame 1.0.0, NetCL: 4541578, EngineNetVer: 5, GameNetVer: 0 (Checksum: 2893343623)
[2019.04.10-03.00.01:642][  0]LogPackageLocalizationCache: Processed 11 localized package path(s) for 2 prioritized culture(s) in 0.129341 seconds
[2019.04.10-03.00.01:649][  0]LogUObjectArray: 39775 objects as part of root set at end of initial load.
[2019.04.10-03.00.01:649][  0]LogUObjectAllocator: 6914656 out of 0 bytes used by permanent object pool.
[2019.04.10-03.00.01:650][  0]LogUObjectArray: CloseDisregardForGC: 0/0 objects in disregard for GC pool
[2019.04.10-03.00.03:022][  0]LogTcpMessaging: Initializing TcpMessaging bridge
[2019.04.10-03.00.03:051][  0]LogUdpMessaging: Initializing bridge on interface 0.0.0.0:0 to multicast group 230.0.0.1:6666.
[2019.04.10-03.00.03:946][  0]SourceControl: Source control is disabled
[2019.04.10-03.00.03:946][  0]SourceControl: Source control is disabled
[2019.04.10-03.00.03:977][  0]SourceControl: Source control is disabled
[2019.04.10-03.00.03:986][  0]SourceControl: Source control is disabled
[2019.04.10-03.00.05:111][  0]LogAndroidPermission: UAndroidPermissionCallbackProxy::GetInstance
[2019.04.10-03.00.05:417][  0]LogOcInput: OculusInput pre-init called
[2019.04.10-03.00.05:615][  0]LogEngine: Initializing Engine...
[2019.04.10-03.00.05:616][  0]LogHMD: Failed to initialize OpenVR with code 110
[2019.04.10-03.00.05:617][  0]LogStats: UGameplayTagsManager::ConstructGameplayTagTree: ImportINI prefixes -  0.000 s
[2019.04.10-03.00.05:617][  0]LogStats: UGameplayTagsManager::ConstructGameplayTagTree: Construct from data asset -  0.000 s
[2019.04.10-03.00.05:618][  0]LogStats: UGameplayTagsManager::ConstructGameplayTagTree: ImportINI -  0.000 s
[2019.04.10-03.00.05:618][  0]LogStats: UGameplayTagsManager::ConstructGameplayTagTree: GameplayTagTreeChangedEvent.Broadcast -  0.000 s
[2019.04.10-03.00.05:859][  0]LogInit: Initializing FReadOnlyCVARCache
[2019.04.10-03.00.05:886][  0]LogAIModule: Creating AISystem for world Untitled
[2019.04.10-03.00.05:963][  0]LogInit: XAudio2 using 'Speakers (Realtek(R) Audio)' : 2 channels at 48 kHz using 32 bits per sample (channel mask 0x3)
[2019.04.10-03.00.06:041][  0]LogInit: FAudioDevice initialized.
[2019.04.10-03.00.06:041][  0]LogNetVersion: Set ProjectVersion to 1.0.0.0. Version Checksum will be recalculated on next use.
[2019.04.10-03.00.06:087][  0]LogDerivedDataCache: Saved boot cache 0.05s 71MB C:/Users/gosus/AppData/Local/UnrealEngine/4.21/DerivedDataCache/Boot.ddc.
[2019.04.10-03.00.06:098][  0]LogInit: Texture streaming: Enabled
[2019.04.10-03.00.06:145][  0]LogEngineSessionManager: EngineSessionManager initialized
[2019.04.10-03.00.06:164][  0]LogInit: Transaction tracking system initialized
[2019.04.10-03.00.06:238][  0]BlueprintLog: New page: Editor Load
[2019.04.10-03.00.06:562][  0]LocalizationService: Localization service is disabled
[2019.04.10-03.00.07:196][  0]LogCook: Display: Max memory allowance for cook 16384mb min free memory 0mb
[2019.04.10-03.00.07:196][  0]LogCook: Display: Mobile HDR setting 1
[2019.04.10-03.00.07:196][  0]LogGameplayTags: Display: UGameplayTagsManager::DoneAddingNativeTags. DelegateIsBound: 0
[2019.04.10-03.00.07:196][  0]LogStats: UGameplayTagsManager::ConstructGameplayTagTree: ImportINI prefixes -  0.000 s
[2019.04.10-03.00.07:197][  0]LogStats: UGameplayTagsManager::ConstructGameplayTagTree: Construct from data asset -  0.000 s
[2019.04.10-03.00.07:197][  0]LogStats: UGameplayTagsManager::ConstructGameplayTagTree: ImportINI -  0.000 s
[2019.04.10-03.00.07:197][  0]LogStats: UGameplayTagsManager::ConstructGameplayTagTree: GameplayTagTreeChangedEvent.Broadcast -  0.000 s
[2019.04.10-03.00.07:605][  0]LogFileCache: Scanning file cache for directory 'C:/Users/gosus/Documents/CP-School/SeniorProject/gitRepos/Senior-Project-CPP-Game/Content/' took 0.05s
[2019.04.10-03.00.07:605][  0]SourceControl: Source control is disabled
[2019.04.10-03.00.07:606][  0]Cmd: MAP LOAD FILE="C:/Users/gosus/Documents/CP-School/SeniorProject/gitRepos/Senior-Project-CPP-Game/Content/Levels/DemoTown.umap" TEMPLATE=0 SHOWPROGRESS=1 FEATURELEVEL=3
[2019.04.10-03.00.07:606][  0]LightingResults: New page: Lighting Build
[2019.04.10-03.00.07:608][  0]MapCheck: New page: Map Check
[2019.04.10-03.00.07:608][  0]LightingResults: New page: Lighting Build
[2019.04.10-03.00.08:960][  0]LogAIModule: Creating AISystem for world DemoTown
[2019.04.10-03.00.09:179][  0]LogEditorServer: Finished looking for orphan Actors (0.000 secs)
[2019.04.10-03.00.09:202][  0]Cmd: MAP CHECKDEP NOCLEARLOG
[2019.04.10-03.00.09:202][  0]MapCheck: Map check complete: 0 Error(s), 0 Warning(s), took 0.224ms to complete.
[2019.04.10-03.00.09:202][  0]LogFileHelpers: Loading map 'DemoTown' took 1.597
[2019.04.10-03.00.09:351][  0]LogSlate: Updating window title bar state: overlay mode, drag disabled, window buttons hidden, title bar hidden
[2019.04.10-03.00.09:359][  0]LogSlate: Updating window title bar state: overlay mode, drag disabled, window buttons hidden, title bar hidden
[2019.04.10-03.00.09:369][  0]LogSlate: Updating window title bar state: overlay mode, drag disabled, window buttons hidden, title bar hidden
[2019.04.10-03.00.09:377][  0]LogSlate: Updating window title bar state: overlay mode, drag disabled, window buttons hidden, title bar hidden
[2019.04.10-03.00.09:392][  0]LogCollectionManager: Loaded 0 collections in 0.001557 seconds
[2019.04.10-03.00.09:426][  0]LogFileCache: Scanning file cache for directory 'C:/Users/gosus/Documents/CP-School/SeniorProject/gitRepos/Senior-Project-CPP-Game/Saved/Collections/' took 0.01s
[2019.04.10-03.00.09:426][  0]LogFileCache: Scanning file cache for directory 'C:/Users/gosus/Documents/CP-School/SeniorProject/gitRepos/Senior-Project-CPP-Game/Content/Developers/gosus/Collections/' took 0.00s
[2019.04.10-03.00.09:426][  0]LogFileCache: Scanning file cache for directory 'C:/Users/gosus/Documents/CP-School/SeniorProject/gitRepos/Senior-Project-CPP-Game/Content/Collections/' took 0.01s
[2019.04.10-03.00.09:426][  0]LogCollectionManager: Rebuilt the GUID cache for 0 collections in 0.000000 seconds
[2019.04.10-03.00.09:434][  0]LogContentBrowser: Native class hierarchy populated in 0.0078 seconds. Added 2660 classes and 622 folders.
[2019.04.10-03.00.09:441][  0]LogContentBrowser: Native class hierarchy updated for 'WidgetCarousel' in 0.0003 seconds. Added 0 classes and 0 folders.
[2019.04.10-03.00.09:451][  0]LogPakFile: Registered encryption key '00000000000000000000000000000000': 0 pak files mounted, 0 remain pending
[2019.04.10-03.00.09:462][  0]LogPakFile: Registered encryption key '00000000000000000000000000000000': 0 pak files mounted, 0 remain pending
[2019.04.10-03.00.09:476][  0]LogPakFile: Registered encryption key '00000000000000000000000000000000': 0 pak files mounted, 0 remain pending
[2019.04.10-03.00.09:488][  0]LogPakFile: Registered encryption key '00000000000000000000000000000000': 0 pak files mounted, 0 remain pending
[2019.04.10-03.00.09:493][  0]LogPakFile: Registered encryption key '00000000000000000000000000000000': 0 pak files mounted, 0 remain pending
[2019.04.10-03.00.09:499][  0]LogPakFile: Registered encryption key '00000000000000000000000000000000': 0 pak files mounted, 0 remain pending
[2019.04.10-03.00.09:504][  0]LogPakFile: Registered encryption key '00000000000000000000000000000000': 0 pak files mounted, 0 remain pending
[2019.04.10-03.00.09:509][  0]LogPakFile: Registered encryption key '00000000000000000000000000000000': 0 pak files mounted, 0 remain pending
[2019.04.10-03.00.09:522][  0]LogPakFile: Registered encryption key '00000000000000000000000000000000': 0 pak files mounted, 0 remain pending
[2019.04.10-03.00.09:528][  0]LogPakFile: Registered encryption key '00000000000000000000000000000000': 0 pak files mounted, 0 remain pending
[2019.04.10-03.00.09:532][  0]LogPakFile: Registered encryption key '00000000000000000000000000000000': 0 pak files mounted, 0 remain pending
[2019.04.10-03.00.09:537][  0]LogPakFile: Registered encryption key '00000000000000000000000000000000': 0 pak files mounted, 0 remain pending
[2019.04.10-03.00.09:542][  0]LogPakFile: Registered encryption key '00000000000000000000000000000000': 0 pak files mounted, 0 remain pending
[2019.04.10-03.00.09:547][  0]LogPakFile: Registered encryption key '00000000000000000000000000000000': 0 pak files mounted, 0 remain pending
[2019.04.10-03.00.09:551][  0]LogPakFile: Registered encryption key '00000000000000000000000000000000': 0 pak files mounted, 0 remain pending
[2019.04.10-03.00.09:557][  0]LogPakFile: Registered encryption key '00000000000000000000000000000000': 0 pak files mounted, 0 remain pending
[2019.04.10-03.00.09:582][  0]LogPakFile: Registered encryption key '00000000000000000000000000000000': 0 pak files mounted, 0 remain pending
[2019.04.10-03.00.09:586][  0]LogPakFile: Registered encryption key '00000000000000000000000000000000': 0 pak files mounted, 0 remain pending
[2019.04.10-03.00.09:590][  0]LogPakFile: Registered encryption key '00000000000000000000000000000000': 0 pak files mounted, 0 remain pending
[2019.04.10-03.00.09:595][  0]LogPakFile: Registered encryption key '00000000000000000000000000000000': 0 pak files mounted, 0 remain pending
[2019.04.10-03.00.09:617][  0]LogPakFile: Registered encryption key '00000000000000000000000000000000': 0 pak files mounted, 0 remain pending
[2019.04.10-03.00.09:622][  0]LogPakFile: Registered encryption key '00000000000000000000000000000000': 0 pak files mounted, 0 remain pending
[2019.04.10-03.00.09:627][  0]LogPakFile: Registered encryption key '00000000000000000000000000000000': 0 pak files mounted, 0 remain pending
[2019.04.10-03.00.09:633][  0]LogPakFile: Registered encryption key '00000000000000000000000000000000': 0 pak files mounted, 0 remain pending
[2019.04.10-03.00.09:638][  0]LogPakFile: Registered encryption key '00000000000000000000000000000000': 0 pak files mounted, 0 remain pending
[2019.04.10-03.00.09:643][  0]LogPakFile: Registered encryption key '00000000000000000000000000000000': 0 pak files mounted, 0 remain pending
[2019.04.10-03.00.09:779][  0]LogContentBrowser: Native class hierarchy updated for 'AddContentDialog' in 0.0004 seconds. Added 0 classes and 0 folders.
[2019.04.10-03.00.09:806][  0]LogContentBrowser: Native class hierarchy updated for 'SceneOutliner' in 0.0003 seconds. Added 1 classes and 2 folders.
[2019.04.10-03.00.09:855][  0]LogSlate: Took 0.000123 seconds to synchronously load lazily loaded font '../../../Engine/Content/Slate/Fonts/Roboto-Regular.ttf' (155K)
[2019.04.10-03.00.09:858][  0]LogSlate: Took 0.000147 seconds to synchronously load lazily loaded font '../../../Engine/Content/Slate/Fonts/Roboto-Bold.ttf' (160K)
[2019.04.10-03.00.09:871][  0]LogSlate: Took 0.005148 seconds to synchronously load lazily loaded font '../../../Engine/Content/Editor/Slate/Fonts/FontAwesome.ttf' (139K)
[2019.04.10-03.00.09:997][  0]LogRenderer: Reallocating scene render targets to support 1772x916 Format 10 NumSamples 1 (Frame:1).
[2019.04.10-03.00.10:205][  0]LogContentBrowser: Native class hierarchy updated for 'HierarchicalLODOutliner' in 0.0003 seconds. Added 0 classes and 0 folders.
[2019.04.10-03.00.10:205][  0]LogLoad: (Engine Initialization) Total time: 14.98 seconds
[2019.04.10-03.00.10:205][  0]LogLoad: (Engine Initialization) Total Blueprint compile time: 0.00 seconds
[2019.04.10-03.00.10:274][  0]LogContentStreaming: Texture pool size now 1000 MB
[2019.04.10-03.00.10:397][  2]LogAssetRegistry: Asset discovery search completed in 9.9828 seconds
[2019.04.10-03.00.10:400][  2]LogCollectionManager: Rebuilt the object cache for 0 collections in 0.000000 seconds (found 0 objects)
[2019.04.10-03.00.10:400][  2]LogCollectionManager: Fixed up redirectors for 0 collections in 0.000443 seconds (updated 0 objects)
[2019.04.10-03.00.13:176][326]LogSlate: FSceneViewport::OnFocusLost() reason 0
[2019.04.10-03.00.13:243][334]LogTemp: Repeating last play command: Selected Viewport
[2019.04.10-03.00.13:269][334]LogBlueprintUserMessages: Early PlayInEditor Detection: Level '/Game/Levels/DemoTown.DemoTown:PersistentLevel' has LevelScriptBlueprint '/Game/Levels/DemoTown.DemoTown:PersistentLevel.DemoTown' with GeneratedClass '/Game/Levels/DemoTown.DemoTown_C' with ClassGeneratedBy '/Game/Levels/DemoTown.DemoTown:PersistentLevel.DemoTown'
[2019.04.10-03.00.13:269][334]LogPlayLevel: PlayLevel: No blueprints needed recompiling
[2019.04.10-03.00.13:271][334]PIE: New page: PIE session: DemoTown (Apr 9, 2019, 1:00:13 PM)
[2019.04.10-03.00.13:286][334]LogPlayLevel: Creating play world package: /Game/Levels/UEDPIE_0_DemoTown
[2019.04.10-03.00.13:323][334]LogPlayLevel: PIE: StaticDuplicateObject took: (0.037219s)
[2019.04.10-03.00.13:324][334]LogAIModule: Creating AISystem for world DemoTown
[2019.04.10-03.00.13:324][334]LogPlayLevel: PIE: World Init took: (0.000666s)
[2019.04.10-03.00.13:324][334]LogPlayLevel: PIE: Created PIE world by copying editor world from /Game/Levels/DemoTown.DemoTown to /Game/Levels/UEDPIE_0_DemoTown.DemoTown (0.038523s)
[2019.04.10-03.00.13:404][334]LogInit: XAudio2 using 'Speakers (Realtek(R) Audio)' : 2 channels at 48 kHz using 32 bits per sample (channel mask 0x3)
[2019.04.10-03.00.13:422][334]LogInit: FAudioDevice initialized.
[2019.04.10-03.00.14:456][334]LogLoad: Game class is 'BP_HSPGameGameModeBase_C'
[2019.04.10-03.00.14:462][334]LogWorld: Bringing World /Game/Levels/UEDPIE_0_DemoTown.DemoTown up for play (max tick rate 0) at 2019.04.09-20.00.14
[2019.04.10-03.00.14:470][334]LogWorld: Bringing up level for play took: 0.012445
[2019.04.10-03.00.14:489][334]LogContentBrowser: Native class hierarchy updated for 'MovieSceneCapture' in 0.0003 seconds. Added 20 classes and 0 folders.
[2019.04.10-03.00.14:494][334]PIE: Play in editor start time for /Game/Levels/UEDPIE_0_DemoTown 1.345
[2019.04.10-03.00.14:495][334]LogBlueprintUserMessages: Late PlayInEditor Detection: Level '/Game/Levels/DemoTown.DemoTown:PersistentLevel' has LevelScriptBlueprint '/Game/Levels/DemoTown.DemoTown:PersistentLevel.DemoTown' with GeneratedClass '/Game/Levels/DemoTown.DemoTown_C' with ClassGeneratedBy '/Game/Levels/DemoTown.DemoTown:PersistentLevel.DemoTown'
[2019.04.10-03.00.24:456][518]LogSlate: FSceneViewport::OnFocusLost() reason 0
[2019.04.10-03.00.25:786][678]LogSlate: FSceneViewport::OnFocusLost() reason 0
[2019.04.10-03.00.33:260][573]LogSlate: FSceneViewport::OnFocusLost() reason 0
[2019.04.10-03.00.36:950][ 13]LogAssetEditorManager: Opening Asset editor for WidgetBlueprint /Game/UI/ShopScreen.shopScreen
[2019.04.10-03.00.37:444][ 13]LogContentBrowser: Native class hierarchy updated for 'BlueprintGraph' in 0.0005 seconds. Added 117 classes and 0 folders.
[2019.04.10-03.00.38:274][ 13]LogSlate: Took 0.004113 seconds to synchronously load lazily loaded font '../../../Engine/Content/Slate/Fonts/Roboto-Light.ttf' (167K)
[2019.04.10-03.00.38:278][ 13]LogSlate: Took 0.003545 seconds to synchronously load lazily loaded font '../../../Engine/Content/Slate/Fonts/Roboto-BoldCondensed.ttf' (158K)
[2019.04.10-03.00.51:590][995]LogSlate: Window 'shopScreen' being destroyed
[2019.04.10-03.00.51:594][995]LogSlate: Window 'shopScreen' being destroyed
[2019.04.10-03.00.55:666][479]LogSlate: FSceneViewport::OnFocusLost() reason 0
[2019.04.10-03.01.16:455][925]LogSlate: FSceneViewport::OnFocusLost() reason 0
[2019.04.10-03.01.28:337][345]LogSlate: FSceneViewport::OnFocusLost() reason 0
[2019.04.10-03.01.31:114][678]LogSlate: FSceneViewport::OnFocusLost() reason 0
[2019.04.10-03.01.51:636][125]LogBlueprintUserMessages: Early EndPlayMap Detection: Level '/Game/Levels/DemoTown.DemoTown:PersistentLevel' has LevelScriptBlueprint '/Game/Levels/DemoTown.DemoTown:PersistentLevel.DemoTown' with GeneratedClass '/Game/Levels/DemoTown.DemoTown_C' with ClassGeneratedBy '/Game/Levels/DemoTown.DemoTown:PersistentLevel.DemoTown'
[2019.04.10-03.01.51:637][125]LogSlate: Updating window title bar state: overlay mode, drag disabled, window buttons hidden, title bar hidden
[2019.04.10-03.01.51:681][125]LogPlayLevel: Display: Shutting down PIE online subsystems
[2019.04.10-03.01.51:681][125]LogBlueprintUserMessages: Late EndPlayMap Detection: Level '/Game/Levels/DemoTown.DemoTown:PersistentLevel' has LevelScriptBlueprint '/Game/Levels/DemoTown.DemoTown:PersistentLevel.DemoTown' with GeneratedClass '/Game/Levels/DemoTown.DemoTown_C' with ClassGeneratedBy '/Game/Levels/DemoTown.DemoTown:PersistentLevel.DemoTown'
[2019.04.10-03.01.51:706][125]LogSlate: Updating window title bar state: overlay mode, drag disabled, window buttons hidden, title bar hidden
[2019.04.10-03.01.51:736][127]LogPlayLevel: Display: Destroying online subsystem :Context_1
[2019.04.10-03.02.20:790][595]LogEditorViewport: Clicking on Actor (LMB): Landscape (Landscape)
[2019.04.10-03.02.21:615][670]LogSlate: FSceneViewport::OnFocusLost() reason 0
[2019.04.10-03.02.21:648][674]LogTemp: Repeating last play command: Selected Viewport
[2019.04.10-03.02.21:675][674]LogBlueprintUserMessages: Early PlayInEditor Detection: Level '/Game/Levels/DemoTown.DemoTown:PersistentLevel' has LevelScriptBlueprint '/Game/Levels/DemoTown.DemoTown:PersistentLevel.DemoTown' with GeneratedClass '/Game/Levels/DemoTown.DemoTown_C' with ClassGeneratedBy '/Game/Levels/DemoTown.DemoTown:PersistentLevel.DemoTown'
[2019.04.10-03.02.21:675][674]LogPlayLevel: PlayLevel: No blueprints needed recompiling
[2019.04.10-03.02.21:675][674]PIE: New page: PIE session: DemoTown (Apr 9, 2019, 1:02:21 PM)
[2019.04.10-03.02.21:676][674]LogPlayLevel: Creating play world package: /Game/Levels/UEDPIE_0_DemoTown
[2019.04.10-03.02.21:716][674]LogPlayLevel: PIE: StaticDuplicateObject took: (0.039952s)
[2019.04.10-03.02.21:717][674]LogAIModule: Creating AISystem for world DemoTown
[2019.04.10-03.02.21:717][674]LogPlayLevel: PIE: World Init took: (0.001110s)
[2019.04.10-03.02.21:717][674]LogPlayLevel: PIE: Created PIE world by copying editor world from /Game/Levels/DemoTown.DemoTown to /Game/Levels/UEDPIE_0_DemoTown.DemoTown (0.041576s)
[2019.04.10-03.02.21:809][674]LogInit: XAudio2 using 'Speakers (Realtek(R) Audio)' : 2 channels at 48 kHz using 32 bits per sample (channel mask 0x3)
[2019.04.10-03.02.21:832][674]LogInit: FAudioDevice initialized.
[2019.04.10-03.02.21:874][674]LogLoad: Game class is 'BP_HSPGameGameModeBase_C'
[2019.04.10-03.02.21:880][674]LogWorld: Bringing World /Game/Levels/UEDPIE_0_DemoTown.DemoTown up for play (max tick rate 0) at 2019.04.09-20.02.21
[2019.04.10-03.02.21:881][674]LogWorld: Bringing up level for play took: 0.006083
[2019.04.10-03.02.21:898][674]PIE: Play in editor start time for /Game/Levels/UEDPIE_0_DemoTown 0.748
[2019.04.10-03.02.21:898][674]LogBlueprintUserMessages: Late PlayInEditor Detection: Level '/Game/Levels/DemoTown.DemoTown:PersistentLevel' has LevelScriptBlueprint '/Game/Levels/DemoTown.DemoTown:PersistentLevel.DemoTown' with GeneratedClass '/Game/Levels/DemoTown.DemoTown_C' with ClassGeneratedBy '/Game/Levels/DemoTown.DemoTown:PersistentLevel.DemoTown'
[2019.04.10-03.02.26:829][261]LogSlate: FSceneViewport::OnFocusLost() reason 0
[2019.04.10-03.02.33:431][ 53]LogNet: Browse: /Game/Levels/DemoBattlefield
[2019.04.10-03.02.33:431][ 53]LogLoad: LoadMap: /Game/Levels/DemoBattlefield
[2019.04.10-03.02.33:929][ 53]LogAIModule: Creating AISystem for world DemoBattlefield
[2019.04.10-03.02.33:930][ 53]LogLoad: Game class is 'BP_HSPGameGameModeBase_C'
[2019.04.10-03.02.33:934][ 53]LogWorld: Bringing World /Game/Levels/UEDPIE_0_DemoBattlefield.DemoBattlefield up for play (max tick rate 0) at 2019.04.09-20.02.33
[2019.04.10-03.02.33:936][ 53]LogWorld: Bringing up level for play took: 0.006017
[2019.04.10-03.02.33:940][ 53]LogLoad: Took 0.509780 seconds to LoadMap(/Game/Levels/DemoBattlefield)
[2019.04.10-03.02.38:972][653]LogNet: Browse: /Game/Levels/DemoTown
[2019.04.10-03.02.38:972][653]LogLoad: LoadMap: /Game/Levels/DemoTown
[2019.04.10-03.02.39:002][653]LogPlayLevel: Creating play world package: /Game/Levels/UEDPIE_0_DemoTown
[2019.04.10-03.02.39:034][653]LogPlayLevel: PIE: StaticDuplicateObject took: (0.032366s)
[2019.04.10-03.02.39:034][653]LogAIModule: Creating AISystem for world DemoTown
[2019.04.10-03.02.39:035][653]LogPlayLevel: PIE: World Init took: (0.000721s)
[2019.04.10-03.02.39:035][653]LogPlayLevel: PIE: Created PIE world by copying editor world from /Game/Levels/DemoTown.DemoTown to /Game/Levels/UEDPIE_0_DemoTown.DemoTown (0.033514s)
[2019.04.10-03.02.39:035][653]LogLoad: Game class is 'BP_HSPGameGameModeBase_C'
[2019.04.10-03.02.39:040][653]LogWorld: Bringing World /Game/Levels/UEDPIE_0_DemoTown.DemoTown up for play (max tick rate 0) at 2019.04.09-20.02.39
[2019.04.10-03.02.39:041][653]LogWorld: Bringing up level for play took: 0.004966
[2019.04.10-03.02.39:044][653]LogLoad: Took 0.071620 seconds to LoadMap(/Game/Levels/UEDPIE_0_DemoTown)
[2019.04.10-03.02.39:728][734]LogSlate: FSceneViewport::OnFocusLost() reason 0
[2019.04.10-03.02.40:246][796]LogBlueprintUserMessages: Early EndPlayMap Detection: Level '/Game/Levels/DemoTown.DemoTown:PersistentLevel' has LevelScriptBlueprint '/Game/Levels/DemoTown.DemoTown:PersistentLevel.DemoTown' with GeneratedClass '/Game/Levels/DemoTown.DemoTown_C' with ClassGeneratedBy '/Game/Levels/DemoTown.DemoTown:PersistentLevel.DemoTown'
[2019.04.10-03.02.40:246][796]LogSlate: Updating window title bar state: overlay mode, drag disabled, window buttons hidden, title bar hidden
[2019.04.10-03.02.40:283][796]LogPlayLevel: Display: Shutting down PIE online subsystems
[2019.04.10-03.02.40:283][796]LogBlueprintUserMessages: Late EndPlayMap Detection: Level '/Game/Levels/DemoTown.DemoTown:PersistentLevel' has LevelScriptBlueprint '/Game/Levels/DemoTown.DemoTown:PersistentLevel.DemoTown' with GeneratedClass '/Game/Levels/DemoTown.DemoTown_C' with ClassGeneratedBy '/Game/Levels/DemoTown.DemoTown:PersistentLevel.DemoTown'
[2019.04.10-03.02.40:310][796]LogSlate: Updating window title bar state: overlay mode, drag disabled, window buttons hidden, title bar hidden
[2019.04.10-03.02.40:346][799]LogPlayLevel: Display: Destroying online subsystem :Context_5
[2019.04.10-03.03.15:447][990]LogSlate: FSceneViewport::OnFocusLost() reason 0
[2019.04.10-03.03.15:597][  7]LogAssetEditorManager: Opening Asset editor for WidgetBlueprint /Game/UI/playerHud.playerHud
[2019.04.10-03.03.47:366][150]LogSlate: Window 'playerHud' being destroyed
[2019.04.10-03.03.47:370][150]LogSlate: Window 'playerHud' being destroyed
[2019.04.10-03.04.23:882][323]LogAssetEditorManager: Opening Asset editor for Blueprint /Game/Blueprints/BP_HSPGameGameModeBase.BP_HSPGameGameModeBase
[2019.04.10-03.04.27:105][668]LogSlate: Window 'BP_HSPGameGameModeBase' being destroyed
[2019.04.10-03.04.27:159][668]LogAssetEditorManager: Opening Asset editor for Blueprint /Game/Blueprints/BP_HSPGameGameModeBase.BP_HSPGameGameModeBase
[2019.04.10-03.04.34:648][509]LogSlate: Window 'BP_HSPGameGameModeBase' being destroyed
[2019.04.10-03.04.34:652][509]LogSlate: Window 'BP_HSPGameGameModeBase' being destroyed
[2019.04.10-03.04.43:562][572]LogEditorViewport: Clicking on Actor (LMB): BP_ArmsDealerClass_C (BP_ArmsDealerClass)
[2019.04.10-03.04.55:642][995]LogSlate: FSceneViewport::OnFocusLost() reason 0
[2019.04.10-03.04.56:913][141]LogAssetEditorManager: Opening Asset editor for WidgetBlueprint /Game/UI/ShopScreen.shopScreen
[2019.04.10-03.04.59:235][282]LogSlate: Took 0.017148 seconds to synchronously load lazily loaded font '../../../Engine/Content/Slate/Fonts/DroidSansFallback.ttf' (3848K)
[2019.04.10-03.05.02:479][469]LogSlate: Took 0.003532 seconds to synchronously load lazily loaded font '../../../Engine/Content/Slate/Fonts/Roboto-Italic.ttf' (157K)
[2019.04.10-03.11.00:435][366]LogSlate: Window 'shopScreen' being destroyed
[2019.04.10-03.11.00:439][366]LogSlate: Window 'shopScreen' being destroyed
[2019.04.10-03.11.04:706][858]LogAssetEditorManager: Opening Asset editor for WidgetBlueprint /Game/UI/sliderControlScreen.sliderControlScreen
[2019.04.10-03.11.16:845][858]Candidate modules for hot reload:
[2019.04.10-03.11.16:845][858]  HSPGame
[2019.04.10-03.11.16:845][858]Launching UnrealBuildTool... [G:/Games/Epic/Games/UE_4.21/Engine/Binaries/DotNET/UnrealBuildTool.exe  -ModuleWithSuffix=HSPGame,5042 Win64 Development -TargetType=Editor -Project="C:/Users/gosus/Documents/CP-School/SeniorProject/gitRepos/Senior-Project-CPP-Game/HSPGame.uproject" -canskiplink "C:/Users/gosus/Documents/CP-School/SeniorProject/gitRepos/Senior-Project-CPP-Game/HSPGame.uproject" ]
[2019.04.10-03.11.16:850][858]Warning: Starting HotReload took  0.1s.
[2019.04.10-03.11.35:717][498]CompilerResultsLog: New page: Compilation - Apr 9, 2019, 1:11:35 PM
[2019.04.10-03.11.35:717][498]CompilerResultsLog: Using 'git status' to determine working set for adaptive non-unity build (C:\Users\gosus\Documents\CP-School\SeniorProject\gitRepos\Senior-Project-CPP-Game).
[2019.04.10-03.11.35:717][498]CompilerResultsLog: Creating makefile for hot reloading HSPGameEditor (source directory changed)
[2019.04.10-03.11.35:717][498]CompilerResultsLog: Compiling game modules for hot reload
[2019.04.10-03.11.35:717][498]CompilerResultsLog: Using Visual Studio 2017 14.16.27023 toolchain (C:\Program Files (x86)\Microsoft Visual Studio\2017\Community\VC\Tools\MSVC\14.16.27023) and Windows 10.0.17763.0 SDK (C:\Program Files (x86)\Windows Kits\10).
[2019.04.10-03.11.35:717][498]CompilerResultsLog: Parsing headers for HSPGameEditor
[2019.04.10-03.11.35:717][498]CompilerResultsLog:   Running UnrealHeaderTool "C:\Users\gosus\Documents\CP-School\SeniorProject\gitRepos\Senior-Project-CPP-Game\HSPGame.uproject" "C:\Users\gosus\Documents\CP-School\SeniorProject\gitRepos\Senior-Project-CPP-Game\Intermediate\Build\Win64\HSPGameEditor\Development\HSPGameEditor.uhtmanifest" -LogCmds="loginit warning, logexit warning, logdatabase error" -Unattended -WarningsAsErrors -installed
[2019.04.10-03.11.35:717][498]CompilerResultsLog: Reflection code generated for HSPGameEditor in 10.5683179 seconds
[2019.04.10-03.11.35:717][498]CompilerResultsLog: Building 10 actions with 8 processes...
[2019.04.10-03.11.35:717][498]CompilerResultsLog:   [1/10] HSPGameInstance.cpp
[2019.04.10-03.11.35:718][498]CompilerResultsLog:   [2/10] HSPGame.init.gen.cpp
[2019.04.10-03.11.35:718][498]CompilerResultsLog:   [3/10] HSPGameInstance.gen.cpp
[2019.04.10-03.11.35:718][498]CompilerResultsLog:   [4/10] EnemyClass.cpp
[2019.04.10-03.11.35:718][498]CompilerResultsLog:   [5/10] EnemySlime.gen.cpp
[2019.04.10-03.11.35:718][498]CompilerResultsLog:   [6/10] ProtagClass.cpp
[2019.04.10-03.11.35:718][498]CompilerResultsLog:   [7/10] EnemySlime.cpp
[2019.04.10-03.11.35:718][498]CompilerResultsLog:   [8/10] ProtagClass.gen.cpp
[2019.04.10-03.11.35:718][498]CompilerResultsLog:   [9/10] UE4Editor-HSPGame-5042.lib
[2019.04.10-03.11.35:718][498]CompilerResultsLog:      Creating library C:\Users\gosus\Documents\CP-School\SeniorProject\gitRepos\Senior-Project-CPP-Game\Intermediate\Build\Win64\UE4Editor\Development\HSPGame\UE4Editor-HSPGame-5042.lib and object C:\Users\gosus\Documents\CP-School\SeniorProject\gitRepos\Senior-Project-CPP-Game\Intermediate\Build\Win64\UE4Editor\Development\HSPGame\UE4Editor-HSPGame-5042.exp
[2019.04.10-03.11.35:718][498]CompilerResultsLog:   [10/10] UE4Editor-HSPGame-5042.dll
[2019.04.10-03.11.35:718][498]CompilerResultsLog:      Creating library C:\Users\gosus\Documents\CP-School\SeniorProject\gitRepos\Senior-Project-CPP-Game\Intermediate\Build\Win64\UE4Editor\Development\HSPGame\UE4Editor-HSPGame-5042.suppressed.lib and object C:\Users\gosus\Documents\CP-School\SeniorProject\gitRepos\Senior-Project-CPP-Game\Intermediate\Build\Win64\UE4Editor\Development\HSPGame\UE4Editor-HSPGame-5042.suppressed.exp
[2019.04.10-03.11.35:718][498]CompilerResultsLog: Total build time: 18.61 seconds (Parallel executor: 3.91 seconds)
[2019.04.10-03.11.35:718][498]LogMainFrame: MainFrame: Module compiling took 18.877 seconds
[2019.04.10-03.11.35:775][498]LogClass: Could not find existing class HSPGameInstance in package /Script/HSPGame for HotReload, assuming new class
[2019.04.10-03.11.35:793][498]LogHotReload: Re-instancing HSPGameInstance after hot-reload.
[2019.04.10-03.11.35:901][498]LogContentBrowser: Native class hierarchy updated for 'HSPGame' in 0.0004 seconds. Added 9 classes and 2 folders.
[2019.04.10-03.11.35:905][498]Display: HotReload successful (13 functions remapped  0 scriptstructs remapped)
[2019.04.10-03.11.36:239][498]LogContentBrowser: Native class hierarchy populated in 0.0069 seconds. Added 2661 classes and 624 folders.
[2019.04.10-03.11.36:251][498]Display: HotReload took 19.5s.
[2019.04.10-03.12.45:149][512]LogAssetEditorManager: Opening Asset editor for WidgetBlueprint /Game/UI/ShopScreen.shopScreen
[2019.04.10-03.13.24:362][946]LogEditorTransaction: Undo Create Pin Link
[2019.04.10-03.13.31:388][535]BlueprintLog: New page: Compile sliderControlScreen
[2019.04.10-03.13.31:982][575]Cmd: OBJ SAVEPACKAGE PACKAGE="/Game/UI/sliderControlScreen" FILE="C:/Users/gosus/Documents/CP-School/SeniorProject/gitRepos/Senior-Project-CPP-Game/Content/UI/sliderControlScreen.uasset" SILENT=true
[2019.04.10-03.13.32:025][575]LogSavePackage: Moving 'C:/Users/gosus/Documents/CP-School/SeniorProject/gitRepos/Senior-Project-CPP-Game/Saved/sliderControlScreenBFB9EAA44C369A596E25C8A9F908B35C.tmp' to 'C:/Users/gosus/Documents/CP-School/SeniorProject/gitRepos/Senior-Project-CPP-Game/Content/UI/sliderControlScreen.uasset'
[2019.04.10-03.16.46:186][801]Cmd: OBJ SAVEPACKAGE PACKAGE="/Game/UI/sliderControlScreen" FILE="C:/Users/gosus/Documents/CP-School/SeniorProject/gitRepos/Senior-Project-CPP-Game/Content/UI/sliderControlScreen.uasset" SILENT=true
[2019.04.10-03.16.46:220][801]LogSavePackage: Moving 'C:/Users/gosus/Documents/CP-School/SeniorProject/gitRepos/Senior-Project-CPP-Game/Saved/sliderControlScreen5984B8564513C3501A666192157CF294.tmp' to 'C:/Users/gosus/Documents/CP-School/SeniorProject/gitRepos/Senior-Project-CPP-Game/Content/UI/sliderControlScreen.uasset'
[2019.04.10-03.16.47:327][888]BlueprintLog: New page: Compile shopScreen
[2019.04.10-03.16.47:799][915]Cmd: OBJ SAVEPACKAGE PACKAGE="/Game/UI/ShopScreen" FILE="C:/Users/gosus/Documents/CP-School/SeniorProject/gitRepos/Senior-Project-CPP-Game/Content/UI/ShopScreen.uasset" SILENT=true
[2019.04.10-03.16.47:852][915]LogSavePackage: Moving 'C:/Users/gosus/Documents/CP-School/SeniorProject/gitRepos/Senior-Project-CPP-Game/Saved/ShopScreen4914700845DC87F53FDF27A732F40067.tmp' to 'C:/Users/gosus/Documents/CP-School/SeniorProject/gitRepos/Senior-Project-CPP-Game/Content/UI/ShopScreen.uasset'
[2019.04.10-03.16.48:910][998]LogSlate: Window 'shopScreen' being destroyed
[2019.04.10-03.16.48:913][998]LogSlate: Window 'shopScreen' being destroyed
[2019.04.10-03.16.50:081][123]Candidate modules for hot reload:
[2019.04.10-03.16.50:081][123]  HSPGame
[2019.04.10-03.16.50:082][123]Launching UnrealBuildTool... [G:/Games/Epic/Games/UE_4.21/Engine/Binaries/DotNET/UnrealBuildTool.exe  -ModuleWithSuffix=HSPGame,843 Win64 Development -TargetType=Editor -Project="C:/Users/gosus/Documents/CP-School/SeniorProject/gitRepos/Senior-Project-CPP-Game/HSPGame.uproject" -canskiplink "C:/Users/gosus/Documents/CP-School/SeniorProject/gitRepos/Senior-Project-CPP-Game/HSPGame.uproject" ]
[2019.04.10-03.16.50:084][123]Warning: Starting HotReload took  0.0s.
[2019.04.10-03.17.08:507][179]CompilerResultsLog: New page: Compilation - Apr 9, 2019, 1:17:08 PM
[2019.04.10-03.17.08:507][179]CompilerResultsLog: Using 'git status' to determine working set for adaptive non-unity build (C:\Users\gosus\Documents\CP-School\SeniorProject\gitRepos\Senior-Project-CPP-Game).
[2019.04.10-03.17.08:507][179]CompilerResultsLog: Creating makefile for hot reloading HSPGameEditor (source directory changed)
[2019.04.10-03.17.08:508][179]CompilerResultsLog: Compiling game modules for hot reload
[2019.04.10-03.17.08:508][179]CompilerResultsLog: Using Visual Studio 2017 14.16.27023 toolchain (C:\Program Files (x86)\Microsoft Visual Studio\2017\Community\VC\Tools\MSVC\14.16.27023) and Windows 10.0.17763.0 SDK (C:\Program Files (x86)\Windows Kits\10).
[2019.04.10-03.17.08:508][179]CompilerResultsLog: Parsing headers for HSPGameEditor
[2019.04.10-03.17.08:508][179]CompilerResultsLog:   Running UnrealHeaderTool "C:\Users\gosus\Documents\CP-School\SeniorProject\gitRepos\Senior-Project-CPP-Game\HSPGame.uproject" "C:\Users\gosus\Documents\CP-School\SeniorProject\gitRepos\Senior-Project-CPP-Game\Intermediate\Build\Win64\HSPGameEditor\Development\HSPGameEditor.uhtmanifest" -LogCmds="loginit warning, logexit warning, logdatabase error" -Unattended -WarningsAsErrors -installed
[2019.04.10-03.17.08:508][179]CompilerResultsLog: Reflection code generated for HSPGameEditor in 10.3220564 seconds
[2019.04.10-03.17.08:508][179]CompilerResultsLog: Building 9 actions with 8 processes...
[2019.04.10-03.17.08:508][179]CompilerResultsLog:   [1/9] HSPGameInstance.gen.cpp
[2019.04.10-03.17.08:508][179]CompilerResultsLog:   [2/9] HSPGameInstance.cpp
[2019.04.10-03.17.08:508][179]CompilerResultsLog:   [3/9] EnemyClass.cpp
[2019.04.10-03.17.08:508][179]CompilerResultsLog:   [4/9] EnemySlime.cpp
[2019.04.10-03.17.08:508][179]CompilerResultsLog:   [5/9] EnemySlime.gen.cpp
[2019.04.10-03.17.08:508][179]CompilerResultsLog:   [6/9] ProtagClass.gen.cpp
[2019.04.10-03.17.08:508][179]CompilerResultsLog:   [7/9] ProtagClass.cpp
[2019.04.10-03.17.08:509][179]CompilerResultsLog:   [8/9] UE4Editor-HSPGame-843.lib
[2019.04.10-03.17.08:509][179]CompilerResultsLog:      Creating library C:\Users\gosus\Documents\CP-School\SeniorProject\gitRepos\Senior-Project-CPP-Game\Intermediate\Build\Win64\UE4Editor\Development\HSPGame\UE4Editor-HSPGame-843.lib and object C:\Users\gosus\Documents\CP-School\SeniorProject\gitRepos\Senior-Project-CPP-Game\Intermediate\Build\Win64\UE4Editor\Development\HSPGame\UE4Editor-HSPGame-843.exp
[2019.04.10-03.17.08:509][179]CompilerResultsLog:   [9/9] UE4Editor-HSPGame-843.dll
[2019.04.10-03.17.08:509][179]CompilerResultsLog:      Creating library C:\Users\gosus\Documents\CP-School\SeniorProject\gitRepos\Senior-Project-CPP-Game\Intermediate\Build\Win64\UE4Editor\Development\HSPGame\UE4Editor-HSPGame-843.suppressed.lib and object C:\Users\gosus\Documents\CP-School\SeniorProject\gitRepos\Senior-Project-CPP-Game\Intermediate\Build\Win64\UE4Editor\Development\HSPGame\UE4Editor-HSPGame-843.suppressed.exp
[2019.04.10-03.17.08:509][179]CompilerResultsLog: Total build time: 18.19 seconds (Parallel executor: 3.79 seconds)
[2019.04.10-03.17.08:509][179]LogMainFrame: MainFrame: Module compiling took 18.430 seconds
[2019.04.10-03.17.08:598][179]LogHotReload: Re-instancing HSPGameInstance after hot-reload.
[2019.04.10-03.17.08:719][179]LogContentBrowser: Native class hierarchy updated for 'HSPGame' in 0.0004 seconds. Added 9 classes and 2 folders.
[2019.04.10-03.17.08:722][179]Display: HotReload successful (13 functions remapped  0 scriptstructs remapped)
[2019.04.10-03.17.09:020][179]LogContentBrowser: Native class hierarchy populated in 0.0070 seconds. Added 2661 classes and 624 folders.
[2019.04.10-03.17.09:025][179]Display: HotReload took 19.0s.
[2019.04.10-03.17.11:291][447]LogTemp: Repeating last play command: Selected Viewport
[2019.04.10-03.17.11:323][447]LogBlueprintUserMessages: Early PlayInEditor Detection: Level '/Game/Levels/DemoTown.DemoTown:PersistentLevel' has LevelScriptBlueprint '/Game/Levels/DemoTown.DemoTown:PersistentLevel.DemoTown' with GeneratedClass '/Game/Levels/DemoTown.DemoTown_C' with ClassGeneratedBy '/Game/Levels/DemoTown.DemoTown:PersistentLevel.DemoTown'
[2019.04.10-03.17.11:323][447]LogPlayLevel: PlayLevel: No blueprints needed recompiling
[2019.04.10-03.17.11:323][447]PIE: New page: PIE session: DemoTown (Apr 9, 2019, 1:17:11 PM)
[2019.04.10-03.17.11:323][447]LogPlayLevel: Creating play world package: /Game/Levels/UEDPIE_0_DemoTown
[2019.04.10-03.17.11:360][447]LogPlayLevel: PIE: StaticDuplicateObject took: (0.036816s)
[2019.04.10-03.17.11:360][447]LogAIModule: Creating AISystem for world DemoTown
[2019.04.10-03.17.11:361][447]LogPlayLevel: PIE: World Init took: (0.000638s)
[2019.04.10-03.17.11:361][447]LogPlayLevel: PIE: Created PIE world by copying editor world from /Game/Levels/DemoTown.DemoTown to /Game/Levels/UEDPIE_0_DemoTown.DemoTown (0.037815s)
[2019.04.10-03.17.11:465][447]LogInit: XAudio2 using 'Speakers (Realtek(R) Audio)' : 2 channels at 48 kHz using 32 bits per sample (channel mask 0x3)
[2019.04.10-03.17.11:483][447]LogInit: FAudioDevice initialized.
[2019.04.10-03.17.11:519][447]LogLoad: Game class is 'BP_HSPGameGameModeBase_C'
[2019.04.10-03.17.11:528][447]LogWorld: Bringing World /Game/Levels/UEDPIE_0_DemoTown.DemoTown up for play (max tick rate 0) at 2019.04.09-20.17.11
[2019.04.10-03.17.11:530][447]LogWorld: Bringing up level for play took: 0.009059
[2019.04.10-03.17.11:550][447]LogScript: Warning: Attempted to access missing property 'isCastableFB'. If this is a packaged/cooked build, are you attempting to use an editor-only property?
	playerHud_C /Engine/Transient.UnrealEdEngine_0:HSPGameInstance_0.playerHud_C_0
	Function /Game/UI/playerHud.playerHud_C:ExecuteUbergraph_playerHud:0DDE
[2019.04.10-03.17.11:550][447]PIE: Error: Blueprint Runtime Error: "Attempted to access missing property 'isCastableFB'. If this is a packaged/cooked build, are you attempting to use an editor-only property?". Blueprint:  playerHud Function:  Execute Ubergraph Player Hud Graph:  EventGraph Node:  Branch
[2019.04.10-03.17.11:550][447]LogScript: Warning: Attempted to access missing property 'isCastableLB'. If this is a packaged/cooked build, are you attempting to use an editor-only property?
	playerHud_C /Engine/Transient.UnrealEdEngine_0:HSPGameInstance_0.playerHud_C_0
	Function /Game/UI/playerHud.playerHud_C:ExecuteUbergraph_playerHud:0D92
[2019.04.10-03.17.11:550][447]PIE: Error: Blueprint Runtime Error: "Attempted to access missing property 'isCastableLB'. If this is a packaged/cooked build, are you attempting to use an editor-only property?". Blueprint:  playerHud Function:  Execute Ubergraph Player Hud Graph:  EventGraph Node:  Branch
[2019.04.10-03.17.11:551][447]PIE: Play in editor start time for /Game/Levels/UEDPIE_0_DemoTown 0.402
[2019.04.10-03.17.11:552][447]LogBlueprintUserMessages: Late PlayInEditor Detection: Level '/Game/Levels/DemoTown.DemoTown:PersistentLevel' has LevelScriptBlueprint '/Game/Levels/DemoTown.DemoTown:PersistentLevel.DemoTown' with GeneratedClass '/Game/Levels/DemoTown.DemoTown_C' with ClassGeneratedBy '/Game/Levels/DemoTown.DemoTown:PersistentLevel.DemoTown'
[2019.04.10-03.17.11:557][447]LogScript: Warning: Attempted to access missing property 'playerEXP'. If this is a packaged/cooked build, are you attempting to use an editor-only property?
	playerHud_C /Engine/Transient.UnrealEdEngine_0:HSPGameInstance_0.playerHud_C_0
	Function /Game/UI/playerHud.playerHud_C:GetEXP:00D9
[2019.04.10-03.17.11:590][448]LogScript: Warning: Attempted to access missing property 'playerEXP'. If this is a packaged/cooked build, are you attempting to use an editor-only property?
	playerHud_C /Engine/Transient.UnrealEdEngine_0:HSPGameInstance_0.playerHud_C_0
	Function /Game/UI/playerHud.playerHud_C:GetEXP:00D9
[2019.04.10-03.17.11:596][449]LogScript: Warning: Attempted to access missing property 'playerEXP'. If this is a packaged/cooked build, are you attempting to use an editor-only property?
	playerHud_C /Engine/Transient.UnrealEdEngine_0:HSPGameInstance_0.playerHud_C_0
	Function /Game/UI/playerHud.playerHud_C:GetEXP:00D9
[2019.04.10-03.17.11:605][450]LogScript: Warning: Attempted to access missing property 'playerEXP'. If this is a packaged/cooked build, are you attempting to use an editor-only property?
	playerHud_C /Engine/Transient.UnrealEdEngine_0:HSPGameInstance_0.playerHud_C_0
	Function /Game/UI/playerHud.playerHud_C:GetEXP:00D9
[2019.04.10-03.17.11:612][451]LogScript: Warning: Attempted to access missing property 'playerEXP'. If this is a packaged/cooked build, are you attempting to use an editor-only property?
	playerHud_C /Engine/Transient.UnrealEdEngine_0:HSPGameInstance_0.playerHud_C_0
	Function /Game/UI/playerHud.playerHud_C:GetEXP:00D9
[2019.04.10-03.17.11:621][452]LogScript: Warning: Attempted to access missing property 'playerEXP'. If this is a packaged/cooked build, are you attempting to use an editor-only property?
	playerHud_C /Engine/Transient.UnrealEdEngine_0:HSPGameInstance_0.playerHud_C_0
	Function /Game/UI/playerHud.playerHud_C:GetEXP:00D9
[2019.04.10-03.17.11:630][453]LogScript: Warning: Attempted to access missing property 'playerEXP'. If this is a packaged/cooked build, are you attempting to use an editor-only property?
	playerHud_C /Engine/Transient.UnrealEdEngine_0:HSPGameInstance_0.playerHud_C_0
	Function /Game/UI/playerHud.playerHud_C:GetEXP:00D9
[2019.04.10-03.17.11:638][454]LogScript: Warning: Attempted to access missing property 'playerEXP'. If this is a packaged/cooked build, are you attempting to use an editor-only property?
	playerHud_C /Engine/Transient.UnrealEdEngine_0:HSPGameInstance_0.playerHud_C_0
	Function /Game/UI/playerHud.playerHud_C:GetEXP:00D9
[2019.04.10-03.17.11:646][455]LogScript: Warning: Attempted to access missing property 'playerEXP'. If this is a packaged/cooked build, are you attempting to use an editor-only property?
	playerHud_C /Engine/Transient.UnrealEdEngine_0:HSPGameInstance_0.playerHud_C_0
	Function /Game/UI/playerHud.playerHud_C:GetEXP:00D9
[2019.04.10-03.17.11:654][456]LogScript: Warning: Attempted to access missing property 'playerEXP'. If this is a packaged/cooked build, are you attempting to use an editor-only property?
	playerHud_C /Engine/Transient.UnrealEdEngine_0:HSPGameInstance_0.playerHud_C_0
	Function /Game/UI/playerHud.playerHud_C:GetEXP:00D9
[2019.04.10-03.17.11:663][457]LogScript: Warning: Attempted to access missing property 'playerEXP'. If this is a packaged/cooked build, are you attempting to use an editor-only property?
	playerHud_C /Engine/Transient.UnrealEdEngine_0:HSPGameInstance_0.playerHud_C_0
	Function /Game/UI/playerHud.playerHud_C:GetEXP:00D9
[2019.04.10-03.17.11:671][458]LogScript: Warning: Attempted to access missing property 'playerEXP'. If this is a packaged/cooked build, are you attempting to use an editor-only property?
	playerHud_C /Engine/Transient.UnrealEdEngine_0:HSPGameInstance_0.playerHud_C_0
	Function /Game/UI/playerHud.playerHud_C:GetEXP:00D9
[2019.04.10-03.17.11:680][459]LogScript: Warning: Attempted to access missing property 'playerEXP'. If this is a packaged/cooked build, are you attempting to use an editor-only property?
	playerHud_C /Engine/Transient.UnrealEdEngine_0:HSPGameInstance_0.playerHud_C_0
	Function /Game/UI/playerHud.playerHud_C:GetEXP:00D9
[2019.04.10-03.17.11:687][460]LogScript: Warning: Attempted to access missing property 'playerEXP'. If this is a packaged/cooked build, are you attempting to use an editor-only property?
	playerHud_C /Engine/Transient.UnrealEdEngine_0:HSPGameInstance_0.playerHud_C_0
	Function /Game/UI/playerHud.playerHud_C:GetEXP:00D9
[2019.04.10-03.17.11:697][461]LogScript: Warning: Attempted to access missing property 'playerEXP'. If this is a packaged/cooked build, are you attempting to use an editor-only property?
	playerHud_C /Engine/Transient.UnrealEdEngine_0:HSPGameInstance_0.playerHud_C_0
	Function /Game/UI/playerHud.playerHud_C:GetEXP:00D9
[2019.04.10-03.17.18:022][215]LogSlate: FSceneViewport::OnFocusLost() reason 0
[2019.04.10-03.17.22:614][766]LogNet: Browse: /Game/Levels/DemoBattlefield
[2019.04.10-03.17.22:614][766]LogLoad: LoadMap: /Game/Levels/DemoBattlefield
[2019.04.10-03.17.22:698][766]LogAIModule: Creating AISystem for world DemoBattlefield
[2019.04.10-03.17.22:698][766]LogLoad: Game class is 'BP_HSPGameGameModeBase_C'
[2019.04.10-03.17.22:703][766]LogWorld: Bringing World /Game/Levels/UEDPIE_0_DemoBattlefield.DemoBattlefield up for play (max tick rate 0) at 2019.04.09-20.17.22
[2019.04.10-03.17.22:704][766]LogWorld: Bringing up level for play took: 0.004855
[2019.04.10-03.17.22:708][766]PIE: Error: Blueprint Runtime Error: "Attempted to access missing property 'isCastableFB'. If this is a packaged/cooked build, are you attempting to use an editor-only property?". Blueprint:  playerHud Function:  Execute Ubergraph Player Hud Graph:  EventGraph Node:  Branch
[2019.04.10-03.17.22:708][766]PIE: Error: Blueprint Runtime Error: "Attempted to access missing property 'isCastableLB'. If this is a packaged/cooked build, are you attempting to use an editor-only property?". Blueprint:  playerHud Function:  Execute Ubergraph Player Hud Graph:  EventGraph Node:  Branch
[2019.04.10-03.17.22:708][766]LogLoad: Took 0.093798 seconds to LoadMap(/Game/Levels/DemoBattlefield)
[2019.04.10-03.17.25:775][133]LogBlueprintUserMessages: Early EndPlayMap Detection: Level '/Game/Levels/DemoTown.DemoTown:PersistentLevel' has LevelScriptBlueprint '/Game/Levels/DemoTown.DemoTown:PersistentLevel.DemoTown' with GeneratedClass '/Game/Levels/DemoTown.DemoTown_C' with ClassGeneratedBy '/Game/Levels/DemoTown.DemoTown:PersistentLevel.DemoTown'
[2019.04.10-03.17.25:776][133]LogSlate: Updating window title bar state: overlay mode, drag disabled, window buttons hidden, title bar hidden
[2019.04.10-03.17.25:813][133]LogPlayLevel: Display: Shutting down PIE online subsystems
[2019.04.10-03.17.25:813][133]LogBlueprintUserMessages: Late EndPlayMap Detection: Level '/Game/Levels/DemoTown.DemoTown:PersistentLevel' has LevelScriptBlueprint '/Game/Levels/DemoTown.DemoTown:PersistentLevel.DemoTown' with GeneratedClass '/Game/Levels/DemoTown.DemoTown_C' with ClassGeneratedBy '/Game/Levels/DemoTown.DemoTown:PersistentLevel.DemoTown'
[2019.04.10-03.17.25:837][133]LogSlate: Updating window title bar state: overlay mode, drag disabled, window buttons hidden, title bar hidden
[2019.04.10-03.17.25:882][135]LogPlayLevel: Display: Destroying online subsystem :Context_16
[2019.04.10-03.17.32:823][965]LogSlate: Window 'Message Log' being destroyed
[2019.04.10-03.17.32:825][965]LogSlate: Window 'Message Log' being destroyed
[2019.04.10-03.17.38:544][629]LogSlate: Window 'HSPGame - Unreal Editor' being destroyed
[2019.04.10-03.17.38:546][629]LogWindowsTextInputMethodSystem: Display: IME system now deactivated.
[2019.04.10-03.17.38:767][630]Cmd: QUIT_EDITOR
[2019.04.10-03.17.39:113][630]LogExit: Preparing to exit.
[2019.04.10-03.17.40:086][630]LogExit: Editor shut down
[2019.04.10-03.17.40:087][630]LogExit: Transaction tracking system shut down
[2019.04.10-03.17.40:316][630]LogExit: Object subsystem successfully closed.
[2019.04.10-03.17.40:354][630]LogShaderCompilers: Display: Shaders left to compile 0
[2019.04.10-03.17.40:358][630]LogD3D11RHI: Shutdown
[2019.04.10-03.17.40:358][630]LogD3D11RHI: CleanupD3DDevice
[2019.04.10-03.17.40:359][630]LogD3D11RHI: ~FD3D11DynamicRHI
[2019.04.10-03.17.40:367][630]LogModuleManager: Shutting down and abandoning module HSPGame (634)
[2019.04.10-03.17.40:367][630]LogModuleManager: Shutting down and abandoning module SequencerWidgets (632)
[2019.04.10-03.17.40:368][630]LogModuleManager: Shutting down and abandoning module BlueprintGraph (630)
[2019.04.10-03.17.40:368][630]LogModuleManager: Shutting down and abandoning module MovieSceneCapture (628)
[2019.04.10-03.17.40:368][630]LogModuleManager: Shutting down and abandoning module Voice (626)
[2019.04.10-03.17.40:368][630]LogModuleManager: Shutting down and abandoning module HierarchicalLODOutliner (624)
[2019.04.10-03.17.40:368][630]LogModuleManager: Shutting down and abandoning module SceneOutliner (622)
[2019.04.10-03.17.40:368][630]LogModuleManager: Shutting down and abandoning module AddContentDialog (620)
[2019.04.10-03.17.40:368][630]LogModuleManager: Shutting down and abandoning module WidgetCarousel (619)
[2019.04.10-03.17.40:368][630]LogModuleManager: Shutting down and abandoning module EditorWidgets (616)
[2019.04.10-03.17.40:368][630]LogModuleManager: Shutting down and abandoning module CollectionManager (614)
[2019.04.10-03.17.40:369][630]LogModuleManager: Shutting down and abandoning module StatsViewer (612)
[2019.04.10-03.17.40:369][630]LogModuleManager: Shutting down and abandoning module FoliageEdit (610)
[2019.04.10-03.17.40:369][630]LogModuleManager: Shutting down and abandoning module LandscapeEditor (608)
[2019.04.10-03.17.40:369][630]LogModuleManager: Shutting down and abandoning module MeshPaintMode (606)
[2019.04.10-03.17.40:369][630]LogModuleManager: Shutting down and abandoning module SceneDepthPickerMode (604)
[2019.04.10-03.17.40:369][630]LogModuleManager: Shutting down and abandoning module ActorPickerMode (602)
[2019.04.10-03.17.40:369][630]LogModuleManager: Shutting down and abandoning module GeometryMode (600)
[2019.04.10-03.17.40:369][630]LogModuleManager: Shutting down and abandoning module TextureAlignMode (598)
[2019.04.10-03.17.40:369][630]LogModuleManager: Shutting down and abandoning module BspMode (596)
[2019.04.10-03.17.40:369][630]LogModuleManager: Shutting down and abandoning module PIEPreviewDeviceProfileSelector (594)
[2019.04.10-03.17.40:369][630]LogModuleManager: Shutting down and abandoning module SequenceRecorderSections (592)
[2019.04.10-03.17.40:369][630]LogModuleManager: Shutting down and abandoning module AutomationWorker (590)
[2019.04.10-03.17.40:369][630]LogModuleManager: Shutting down and abandoning module AudioCaptureEditor (588)
[2019.04.10-03.17.40:369][630]LogModuleManager: Shutting down and abandoning module MatineeToLevelSequence (586)
[2019.04.10-03.17.40:370][630]LogModuleManager: Shutting down and abandoning module LevelSequenceEditor (584)
[2019.04.10-03.17.40:370][630]LogModuleManager: Shutting down and abandoning module PlacementMode (583)
[2019.04.10-03.17.40:370][630]LogModuleManager: Shutting down and abandoning module MaterialEditor (582)
[2019.04.10-03.17.40:370][630]LogModuleManager: Shutting down and abandoning module WmfMediaFactory (578)
[2019.04.10-03.17.40:370][630]LogModuleManager: Shutting down and abandoning module WmfMediaEditor (576)
[2019.04.10-03.17.40:370][630]LogModuleManager: Shutting down and abandoning module WebMMediaFactory (574)
[2019.04.10-03.17.40:370][630]LogModuleManager: Shutting down and abandoning module WebMMediaEditor (572)
[2019.04.10-03.17.40:370][630]LogModuleManager: Shutting down and abandoning module WebMMedia (570)
[2019.04.10-03.17.40:370][630]LogModuleManager: Shutting down and abandoning module MediaPlayerEditor (568)
[2019.04.10-03.17.40:370][630]LogModuleManager: Shutting down and abandoning module MediaCompositingEditor (566)
[2019.04.10-03.17.40:370][630]LogModuleManager: Shutting down and abandoning module SequenceRecorder (565)
[2019.04.10-03.17.40:370][630]LogModuleManager: Shutting down and abandoning module OpenExrWrapper (562)
[2019.04.10-03.17.40:371][630]LogModuleManager: Shutting down and abandoning module ImgMediaFactory (560)
[2019.04.10-03.17.40:371][630]LogModuleManager: Shutting down and abandoning module ImgMediaEditor (558)
[2019.04.10-03.17.40:371][630]LogModuleManager: Shutting down and abandoning module AvfMediaFactory (556)
[2019.04.10-03.17.40:371][630]LogModuleManager: Shutting down and abandoning module AvfMediaEditor (554)
[2019.04.10-03.17.40:371][630]LogModuleManager: Shutting down and abandoning module AndroidMediaFactory (552)
[2019.04.10-03.17.40:371][630]LogModuleManager: Shutting down and abandoning module AndroidMediaEditor (550)
[2019.04.10-03.17.40:371][630]LogModuleManager: Shutting down and abandoning module MagicLeapCameraPreviewFactory (548)
[2019.04.10-03.17.40:371][630]LogModuleManager: Shutting down and abandoning module MagicLeapMediaFactory (546)
[2019.04.10-03.17.40:371][630]LogModuleManager: Shutting down and abandoning module MagicLeapMediaEditor (544)
[2019.04.10-03.17.40:371][630]LogModuleManager: Shutting down and abandoning module CharacterAI (542)
[2019.04.10-03.17.40:371][630]LogModuleManager: Shutting down and abandoning module SmartSnapping (540)
[2019.04.10-03.17.40:371][630]LogModuleManager: Shutting down and abandoning module SessionServices (538)
[2019.04.10-03.17.40:371][630]LogModuleManager: Shutting down and abandoning module ViewportSnapping (536)
[2019.04.10-03.17.40:371][630]LogModuleManager: Shutting down and abandoning module ViewportInteraction (534)
[2019.04.10-03.17.40:371][630]LogModuleManager: Shutting down and abandoning module ClothPainter (532)
[2019.04.10-03.17.40:372][630]LogModuleManager: Shutting down and abandoning module SkeletalMeshEditor (531)
[2019.04.10-03.17.40:372][630]LogModuleManager: Shutting down and abandoning module LogVisualizer (528)
[2019.04.10-03.17.40:372][630]LogModuleManager: Shutting down and abandoning module IntroTutorials (526)
[2019.04.10-03.17.40:372][630]LogModuleManager: Shutting down and abandoning module GameProjectGeneration (525)
[2019.04.10-03.17.40:372][630]LogModuleManager: Shutting down and abandoning module LuminPlatformEditor (522)
[2019.04.10-03.17.40:372][630]LogModuleManager: Shutting down and abandoning module IOSPlatformEditor (520)
[2019.04.10-03.17.40:372][630]LogModuleManager: Shutting down and abandoning module HTML5PlatformEditor (518)
[2019.04.10-03.17.40:372][630]LogModuleManager: Shutting down and abandoning module AndroidPlatformEditor (516)
[2019.04.10-03.17.40:372][630]LogModuleManager: Shutting down and abandoning module AndroidDeviceDetection (515)
