Log file open, 05/05/19 12:45:22
LogWindows: Failed to load 'aqProf.dll' (GetLastError=126)
LogWindows: File 'aqProf.dll' does not exist
LogWindows: Failed to load 'VtuneApi.dll' (GetLastError=126)
LogWindows: File 'VtuneApi.dll' does not exist
LogWindows: Failed to load 'VtuneApi32e.dll' (GetLastError=126)
LogWindows: File 'VtuneApi32e.dll' does not exist
LogConsoleResponse: Display: Failed to find resolution value strings in scalability ini. Falling back to default.
LogInit: Display: Running engine for game: HSPGame
LogPakFile: Registered encryption key '00000000000000000000000000000000': 0 pak files mounted, 0 remain pending
LogPlatformFile: Not using cached read wrapper
LogTaskGraph: Started task graph with 5 named threads and 35 total threads with 3 sets of task threads.
LogStats: Stats thread started at 1.340682
LogD3D11RHI: Loaded GFSDK_Aftermath_Lib.x64.dll
LogICUInternationalization: ICU TimeZone Detection - Raw Offset: -8:00, Platform Override: ''
LogPluginManager: Mounting plugin Paper2D
LogPluginManager: Mounting plugin AISupport
LogPluginManager: Mounting plugin LightPropagationVolume
LogPluginManager: Mounting plugin ActorLayerUtilities
LogPluginManager: Mounting plugin CLionSourceCodeAccess
LogPluginManager: Mounting plugin CodeLiteSourceCodeAccess
LogPluginManager: Mounting plugin GitSourceControl
LogPluginManager: Mounting plugin KDevelopSourceCodeAccess
LogPluginManager: Mounting plugin NullSourceCodeAccess
LogPluginManager: Mounting plugin PerforceSourceControl
LogPluginManager: Mounting plugin SubversionSourceControl
LogPluginManager: Mounting plugin UObjectPlugin
LogPluginManager: Mounting plugin VisualStudioCodeSourceCodeAccess
LogPluginManager: Mounting plugin VisualStudioSourceCodeAccess
LogPluginManager: Mounting plugin XCodeSourceCodeAccess
LogPluginManager: Mounting plugin AssetManagerEditor
LogPluginManager: Mounting plugin CryptoKeys
LogPluginManager: Mounting plugin DataValidation
LogPluginManager: Mounting plugin FacialAnimation
LogPluginManager: Mounting plugin GameplayTagsEditor
LogPluginManager: Mounting plugin MacGraphicsSwitching
LogPluginManager: Mounting plugin MeshEditor
LogPluginManager: Mounting plugin MobileLauncherProfileWizard
LogPluginManager: Mounting plugin PluginBrowser
LogPluginManager: Mounting plugin SpeedTreeImporter
LogPluginManager: Mounting plugin DatasmithContent
LogPluginManager: Mounting plugin VariantManagerContent
LogPluginManager: Mounting plugin AlembicImporter
LogPluginManager: Mounting plugin AppleImageUtils
LogPluginManager: Mounting plugin AppleVision
LogPluginManager: Mounting plugin BackChannel
LogPluginManager: Mounting plugin CharacterAI
LogPluginManager: Mounting plugin GeometryCache
LogPluginManager: Mounting plugin HTML5Networking
LogPluginManager: Mounting plugin ProxyLODPlugin
LogPluginManager: Mounting plugin MagicLeap
LogPluginManager: Mounting plugin MagicLeapMedia
LogPluginManager: Mounting plugin AndroidMedia
LogPluginManager: Mounting plugin AvfMedia
LogPluginManager: Mounting plugin ImgMedia
LogPluginManager: Mounting plugin LinearTimecode
LogPluginManager: Mounting plugin MediaCompositing
LogPluginManager: Mounting plugin MediaPlayerEditor
LogPluginManager: Mounting plugin WebMMedia
LogPluginManager: Mounting plugin WmfMedia
LogPluginManager: Mounting plugin TcpMessaging
LogPluginManager: Mounting plugin UdpMessaging
LogPluginManager: Mounting plugin ActorSequence
LogPluginManager: Mounting plugin LevelSequenceEditor
LogPluginManager: Mounting plugin MatineeToLevelSequence
LogPluginManager: Mounting plugin NetcodeUnitTest
LogPluginManager: Mounting plugin NUTUnrealEngine4
LogPluginManager: Mounting plugin OnlineSubsystemGooglePlay
LogPluginManager: Mounting plugin OnlineSubsystemIOS
LogPluginManager: Mounting plugin OnlineSubsystem
LogPluginManager: Mounting plugin OnlineSubsystemNull
LogPluginManager: Mounting plugin OnlineSubsystemUtils
LogPluginManager: Mounting plugin LauncherChunkInstaller
LogPluginManager: Mounting plugin AndroidDeviceProfileSelector
LogPluginManager: Mounting plugin AndroidMoviePlayer
LogPluginManager: Mounting plugin AndroidPermission
LogPluginManager: Mounting plugin AppleMoviePlayer
LogPluginManager: Mounting plugin ArchVisCharacter
LogPluginManager: Mounting plugin AudioCapture
LogPluginManager: Mounting plugin CableComponent
LogPluginManager: Mounting plugin CustomMeshComponent
LogPluginManager: Mounting plugin EditableMesh
LogPluginManager: Mounting plugin ExampleDeviceProfileSelector
LogPluginManager: Mounting plugin Firebase
LogPluginManager: Mounting plugin GoogleCloudMessaging
LogPluginManager: Mounting plugin IOSDeviceProfileSelector
LogPluginManager: Mounting plugin LinuxDeviceProfileSelector
LogPluginManager: Mounting plugin LocationServicesBPLibrary
LogPluginManager: Mounting plugin MobilePatchingUtils
LogPluginManager: Mounting plugin OculusVR
LogPluginManager: Mounting plugin PhysXVehicles
LogPluginManager: Mounting plugin ProceduralMeshComponent
LogPluginManager: Mounting plugin RuntimePhysXCooking
LogPluginManager: Mounting plugin SteamVR
LogPluginManager: Mounting plugin WebMMoviePlayer
LogPluginManager: Mounting plugin WindowsMoviePlayer
LogStreaming: Display: Took  0.121s to configure plugins.
LogInit: Using libcurl 7.55.1-DEV
LogInit:  - built for x86_64-pc-win32
LogInit:  - supports SSL with OpenSSL/1.0.2h
LogInit:  - supports HTTP deflate (compression) using libz 1.2.8
LogInit:  - other features:
LogInit:      CURL_VERSION_SSL
LogInit:      CURL_VERSION_LIBZ
LogInit:      CURL_VERSION_IPV6
LogInit:      CURL_VERSION_ASYNCHDNS
LogInit:      CURL_VERSION_LARGEFILE
LogInit:      CURL_VERSION_IDN
LogInit:  CurlRequestOptions (configurable via config and command line):
LogInit:  - bVerifyPeer = true  - Libcurl will verify peer certificate
LogInit:  - bUseHttpProxy = false  - Libcurl will NOT use HTTP proxy
LogInit:  - bDontReuseConnections = false  - Libcurl will reuse connections
LogInit:  - MaxHostConnections = 16  - Libcurl will limit the number of connections to a host
LogInit:  - LocalHostAddr = Default
LogInit:  - BufferSize = 65536
LogInit: WinSock: version 1.1 (2.2), MaxSocks=32767, MaxUdp=65467
LogInit: Build: ++UE4+Release-4.21-CL-4753647
LogInit: Engine Version: 4.21.2-4753647+++UE4+Release-4.21
LogInit: Compatible Engine Version: 4.21.0-4541578+++UE4+Release-4.21
LogInit: Net CL: 4541578
LogInit: OS: Windows 10 (), CPU: Intel(R) Core(TM) i7-8750H CPU @ 2.20GHz, GPU: Intel(R) UHD Graphics 630
LogInit: Compiled (64-bit): Jan 19 2019 02:07:31
LogInit: Compiled with Visual C++: 19.13.26129.00
LogInit: Build Configuration: Development
LogInit: Branch Name: ++UE4+Release-4.21
LogInit: Command Line: 
LogInit: Base Directory: C:/Program Files/Epic Games/UE_4.21/Engine/Binaries/Win64/
LogInit: Installed Engine Build: 1
LogDevObjectVersion: Number of dev versions registered: 22
LogDevObjectVersion:   Dev-Blueprints (B0D832E4-1F89-4F0D-ACCF-7EB736FD4AA2): 10
LogDevObjectVersion:   Dev-Build (E1C64328-A22C-4D53-A36C-8E866417BD8C): 0
LogDevObjectVersion:   Dev-Core (375EC13C-06E4-48FB-B500-84F0262A717E): 2
LogDevObjectVersion:   Dev-Editor (E4B068ED-F494-42E9-A231-DA0B2E46BB41): 26
LogDevObjectVersion:   Dev-Framework (CFFC743F-43B0-4480-9391-14DF171D2073): 34
LogDevObjectVersion:   Dev-Mobile (B02B49B5-BB20-44E9-A304-32B752E40360): 2
LogDevObjectVersion:   Dev-Networking (A4E4105C-59A1-49B5-A7C5-40C4547EDFEE): 0
LogDevObjectVersion:   Dev-Online (39C831C9-5AE6-47DC-9A44-9C173E1C8E7C): 0
LogDevObjectVersion:   Dev-Physics (78F01B33-EBEA-4F98-B9B4-84EACCB95AA2): 0
LogDevObjectVersion:   Dev-Platform (6631380F-2D4D-43E0-8009-CF276956A95A): 0
LogDevObjectVersion:   Dev-Rendering (12F88B9F-8875-4AFC-A67C-D90C383ABD29): 27
LogDevObjectVersion:   Dev-Sequencer (7B5AE74C-D270-4C10-A958-57980B212A5A): 9
LogDevObjectVersion:   Dev-VR (D7296918-1DD6-4BDD-9DE2-64A83CC13884): 2
LogDevObjectVersion:   Dev-LoadTimes (C2A15278-BFE7-4AFE-6C17-90FF531DF755): 1
LogDevObjectVersion:   Private-Geometry (6EACA3D4-40EC-4CC1-B786-8BED09428FC5): 3
LogDevObjectVersion:   Dev-AnimPhys (29E575DD-E0A3-4627-9D10-D276232CDCEA): 17
LogDevObjectVersion:   Dev-Anim (AF43A65D-7FD3-4947-9873-3E8ED9C1BB05): 2
LogDevObjectVersion:   Dev-ReflectionCapture (6B266CEC-1EC7-4B8F-A30B-E4D90942FC07): 1
LogDevObjectVersion:   Dev-Automation (0DF73D61-A23F-47EA-B727-89E90C41499A): 1
LogDevObjectVersion:   FortniteMain (601D1886-AC64-4F84-AA16-D3DE0DEAC7D6): 17
LogDevObjectVersion:   Dev-Enterprise (9DFFBCD6-494F-0158-E221-12823C92A888): 4
LogDevObjectVersion:   Dev-Niagara (F2AED0AC-9AFE-416F-8664-AA7FFA26D6FC): 1
LogStreaming: Display: Took  0.008s to delete old logs.
LogInit: Presizing for max 8388607 objects, including 0 objects not considered by GC, pre-allocating 0 bytes for permanent pool.
LogInit: Object subsystem initialized
LogConfig: Setting CVar [[con.DebugEarlyDefault:1]]
LogConfig: Setting CVar [[r.setres:1280x720]]
[2019.05.05-19.45.23:762][  0]LogConfig: Setting CVar [[r.VSync:0]]
[2019.05.05-19.45.23:762][  0]LogConfig: Setting CVar [[r.RHICmdBypass:0]]
[2019.05.05-19.45.23:766][  0]LogConfig: Applying CVar settings from Section [/Script/Engine.RendererSettings] File [C:/Users/Connor/Documents/CP-School/Senior Project/GitRepos/Senior-Project-CPP-Game/Saved/Config/Windows/Engine.ini]
[2019.05.05-19.45.23:766][  0]LogConfig: Setting CVar [[r.GPUCrashDebugging:0]]
[2019.05.05-19.45.23:766][  0]LogConfig: Applying CVar settings from Section [/Script/Engine.RendererOverrideSettings] File [C:/Users/Connor/Documents/CP-School/Senior Project/GitRepos/Senior-Project-CPP-Game/Saved/Config/Windows/Engine.ini]
[2019.05.05-19.45.23:766][  0]LogConfig: Applying CVar settings from Section [/Script/Engine.StreamingSettings] File [C:/Users/Connor/Documents/CP-School/Senior Project/GitRepos/Senior-Project-CPP-Game/Saved/Config/Windows/Engine.ini]
[2019.05.05-19.45.23:766][  0]LogConfig: Setting CVar [[s.MinBulkDataSizeForAsyncLoading:131072]]
[2019.05.05-19.45.23:766][  0]LogConfig: Setting CVar [[s.AsyncLoadingThreadEnabled:0]]
[2019.05.05-19.45.23:766][  0]LogConfig: Setting CVar [[s.EventDrivenLoaderEnabled:1]]
[2019.05.05-19.45.23:766][  0]LogConfig: Setting CVar [[s.WarnIfTimeLimitExceeded:0]]
[2019.05.05-19.45.23:766][  0]LogConfig: Setting CVar [[s.TimeLimitExceededMultiplier:1.5]]
[2019.05.05-19.45.23:766][  0]LogConfig: Setting CVar [[s.TimeLimitExceededMinTime:0.005]]
[2019.05.05-19.45.23:766][  0]LogConfig: Setting CVar [[s.UseBackgroundLevelStreaming:1]]
[2019.05.05-19.45.23:766][  0]LogConfig: Setting CVar [[s.PriorityAsyncLoadingExtraTime:15.0]]
[2019.05.05-19.45.23:766][  0]LogConfig: Setting CVar [[s.LevelStreamingActorsUpdateTimeLimit:5.0]]
[2019.05.05-19.45.23:766][  0]LogConfig: Setting CVar [[s.PriorityLevelStreamingActorsUpdateExtraTime:5.0]]
[2019.05.05-19.45.23:766][  0]LogConfig: Setting CVar [[s.LevelStreamingComponentsRegistrationGranularity:10]]
[2019.05.05-19.45.23:766][  0]LogConfig: Setting CVar [[s.UnregisterComponentsTimeLimit:1.0]]
[2019.05.05-19.45.23:766][  0]LogConfig: Setting CVar [[s.LevelStreamingComponentsUnregistrationGranularity:5]]
[2019.05.05-19.45.23:766][  0]LogConfig: Applying CVar settings from Section [/Script/Engine.GarbageCollectionSettings] File [C:/Users/Connor/Documents/CP-School/Senior Project/GitRepos/Senior-Project-CPP-Game/Saved/Config/Windows/Engine.ini]
[2019.05.05-19.45.23:766][  0]LogConfig: Setting CVar [[gc.MaxObjectsNotConsideredByGC:1]]
[2019.05.05-19.45.23:766][  0]LogConfig: Setting CVar [[gc.SizeOfPermanentObjectPool:0]]
[2019.05.05-19.45.23:766][  0]LogConfig: Setting CVar [[gc.FlushStreamingOnGC:0]]
[2019.05.05-19.45.23:766][  0]LogConfig: Setting CVar [[gc.NumRetriesBeforeForcingGC:10]]
[2019.05.05-19.45.23:766][  0]LogConfig: Setting CVar [[gc.AllowParallelGC:1]]
[2019.05.05-19.45.23:766][  0]LogConfig: Setting CVar [[gc.TimeBetweenPurgingPendingKillObjects:61.1]]
[2019.05.05-19.45.23:766][  0]LogConfig: Setting CVar [[gc.MaxObjectsInEditor:8388607]]
[2019.05.05-19.45.23:766][  0]LogConfig: Setting CVar [[gc.IncrementalBeginDestroyEnabled:1]]
[2019.05.05-19.45.23:766][  0]LogConfig: Setting CVar [[gc.CreateGCClusters:1]]
[2019.05.05-19.45.23:766][  0]LogConfig: Setting CVar [[gc.MergeGCClusters:0]]
[2019.05.05-19.45.23:766][  0]LogConfig: Setting CVar [[gc.MinGCClusterSize:5]]
[2019.05.05-19.45.23:766][  0]LogConfig: Setting CVar [[gc.ActorClusteringEnabled:0]]
[2019.05.05-19.45.23:766][  0]LogConfig: Setting CVar [[gc.BlueprintClusteringEnabled:0]]
[2019.05.05-19.45.23:766][  0]LogConfig: Setting CVar [[gc.UseDisregardForGCOnDedicatedServers:0]]
[2019.05.05-19.45.23:766][  0]LogConfig: Applying CVar settings from Section [/Script/Engine.NetworkSettings] File [C:/Users/Connor/Documents/CP-School/Senior Project/GitRepos/Senior-Project-CPP-Game/Saved/Config/Windows/Engine.ini]
[2019.05.05-19.45.23:766][  0]LogConfig: Applying CVar settings from Section [/Script/UnrealEd.CookerSettings] File [C:/Users/Connor/Documents/CP-School/Senior Project/GitRepos/Senior-Project-CPP-Game/Saved/Config/Windows/Engine.ini]
[2019.05.05-19.45.23:770][  0]LogConfig: Applying CVar settings from Section [ViewDistanceQuality@3] File [C:/Users/Connor/Documents/CP-School/Senior Project/GitRepos/Senior-Project-CPP-Game/Saved/Config/Windows/Scalability.ini]
[2019.05.05-19.45.23:770][  0]LogConfig: Setting CVar [[r.SkeletalMeshLODBias:0]]
[2019.05.05-19.45.23:770][  0]LogConfig: Setting CVar [[r.ViewDistanceScale:1.0]]
[2019.05.05-19.45.23:770][  0]LogConfig: Applying CVar settings from Section [AntiAliasingQuality@3] File [C:/Users/Connor/Documents/CP-School/Senior Project/GitRepos/Senior-Project-CPP-Game/Saved/Config/Windows/Scalability.ini]
[2019.05.05-19.45.23:770][  0]LogConfig: Setting CVar [[r.PostProcessAAQuality:4]]
[2019.05.05-19.45.23:770][  0]LogConfig: Applying CVar settings from Section [ShadowQuality@3] File [C:/Users/Connor/Documents/CP-School/Senior Project/GitRepos/Senior-Project-CPP-Game/Saved/Config/Windows/Scalability.ini]
[2019.05.05-19.45.23:770][  0]LogConfig: Setting CVar [[r.LightFunctionQuality:1]]
[2019.05.05-19.45.23:770][  0]LogConfig: Setting CVar [[r.ShadowQuality:5]]
[2019.05.05-19.45.23:770][  0]LogConfig: Setting CVar [[r.Shadow.CSM.MaxCascades:10]]
[2019.05.05-19.45.23:770][  0]LogConfig: Setting CVar [[r.Shadow.MaxResolution:2048]]
[2019.05.05-19.45.23:770][  0]LogConfig: Setting CVar [[r.Shadow.MaxCSMResolution:2048]]
[2019.05.05-19.45.23:770][  0]LogConfig: Setting CVar [[r.Shadow.RadiusThreshold:0.01]]
[2019.05.05-19.45.23:770][  0]LogConfig: Setting CVar [[r.Shadow.DistanceScale:1.0]]
[2019.05.05-19.45.23:770][  0]LogConfig: Setting CVar [[r.Shadow.CSM.TransitionScale:1.0]]
[2019.05.05-19.45.23:770][  0]LogConfig: Setting CVar [[r.Shadow.PreShadowResolutionFactor:1.0]]
[2019.05.05-19.45.23:770][  0]LogConfig: Setting CVar [[r.DistanceFieldShadowing:1]]
[2019.05.05-19.45.23:770][  0]LogConfig: Setting CVar [[r.DistanceFieldAO:1]]
[2019.05.05-19.45.23:770][  0]LogConfig: Setting CVar [[r.AOQuality:2]]
[2019.05.05-19.45.23:770][  0]LogConfig: Setting CVar [[r.VolumetricFog:1]]
[2019.05.05-19.45.23:770][  0]LogConfig: Setting CVar [[r.VolumetricFog.GridPixelSize:8]]
[2019.05.05-19.45.23:770][  0]LogConfig: Setting CVar [[r.VolumetricFog.GridSizeZ:128]]
[2019.05.05-19.45.23:770][  0]LogConfig: Setting CVar [[r.VolumetricFog.HistoryMissSupersampleCount:4]]
[2019.05.05-19.45.23:770][  0]LogConfig: Setting CVar [[r.LightMaxDrawDistanceScale:1]]
[2019.05.05-19.45.23:770][  0]LogConfig: Setting CVar [[r.CapsuleShadows:1]]
[2019.05.05-19.45.23:770][  0]LogConfig: Applying CVar settings from Section [PostProcessQuality@3] File [C:/Users/Connor/Documents/CP-School/Senior Project/GitRepos/Senior-Project-CPP-Game/Saved/Config/Windows/Scalability.ini]
[2019.05.05-19.45.23:770][  0]LogConfig: Setting CVar [[r.MotionBlurQuality:4]]
[2019.05.05-19.45.23:770][  0]LogConfig: Setting CVar [[r.AmbientOcclusionMipLevelFactor:0.4]]
[2019.05.05-19.45.23:770][  0]LogConfig: Setting CVar [[r.AmbientOcclusionMaxQuality:100]]
[2019.05.05-19.45.23:770][  0]LogConfig: Setting CVar [[r.AmbientOcclusionLevels:-1]]
[2019.05.05-19.45.23:770][  0]LogConfig: Setting CVar [[r.AmbientOcclusionRadiusScale:1.0]]
[2019.05.05-19.45.23:770][  0]LogConfig: Setting CVar [[r.DepthOfFieldQuality:2]]
[2019.05.05-19.45.23:770][  0]LogConfig: Setting CVar [[r.RenderTargetPoolMin:400]]
[2019.05.05-19.45.23:770][  0]LogConfig: Setting CVar [[r.LensFlareQuality:2]]
[2019.05.05-19.45.23:770][  0]LogConfig: Setting CVar [[r.SceneColorFringeQuality:1]]
[2019.05.05-19.45.23:770][  0]LogConfig: Setting CVar [[r.EyeAdaptationQuality:2]]
[2019.05.05-19.45.23:770][  0]LogConfig: Setting CVar [[r.BloomQuality:5]]
[2019.05.05-19.45.23:770][  0]LogConfig: Setting CVar [[r.FastBlurThreshold:100]]
[2019.05.05-19.45.23:770][  0]LogConfig: Setting CVar [[r.Upscale.Quality:3]]
[2019.05.05-19.45.23:770][  0]LogConfig: Setting CVar [[r.Tonemapper.GrainQuantization:1]]
[2019.05.05-19.45.23:774][  0]LogConfig: Setting CVar [[r.LightShaftQuality:1]]
[2019.05.05-19.45.23:774][  0]LogConfig: Setting CVar [[r.Filter.SizeScale:1]]
[2019.05.05-19.45.23:774][  0]LogConfig: Setting CVar [[r.Tonemapper.Quality:5]]
[2019.05.05-19.45.23:774][  0]LogConfig: Setting CVar [[r.DOF.Gather.AccumulatorQuality:1        ; higher gathering accumulator quality]]
[2019.05.05-19.45.23:774][  0]LogConfig: Setting CVar [[r.DOF.Gather.PostfilterMethod:1          ; Median3x3 postfilering method]]
[2019.05.05-19.45.23:774][  0]LogConfig: Setting CVar [[r.DOF.Gather.EnableBokehSettings:0       ; no bokeh simulation when gathering]]
[2019.05.05-19.45.23:774][  0]LogConfig: Setting CVar [[r.DOF.Gather.RingCount:4                 ; medium number of samples when gathering]]
[2019.05.05-19.45.23:774][  0]LogConfig: Setting CVar [[r.DOF.Scatter.ForegroundCompositing:1    ; additive foreground scattering]]
[2019.05.05-19.45.23:774][  0]LogConfig: Setting CVar [[r.DOF.Scatter.BackgroundCompositing:2    ; additive background scattering]]
[2019.05.05-19.45.23:774][  0]LogConfig: Setting CVar [[r.DOF.Scatter.EnableBokehSettings:1      ; bokeh simulation when scattering]]
[2019.05.05-19.45.23:774][  0]LogConfig: Setting CVar [[r.DOF.Scatter.MaxSpriteRatio:0.1         ; only a maximum of 10% of scattered bokeh]]
[2019.05.05-19.45.23:774][  0]LogConfig: Setting CVar [[r.DOF.Recombine.Quality:1                ; cheap slight out of focus]]
[2019.05.05-19.45.23:774][  0]LogConfig: Setting CVar [[r.DOF.Recombine.EnableBokehSettings:0    ; no bokeh simulation on slight out of focus]]
[2019.05.05-19.45.23:774][  0]LogConfig: Setting CVar [[r.DOF.TemporalAAQuality:1                ; more stable temporal accumulation]]
[2019.05.05-19.45.23:774][  0]LogConfig: Setting CVar [[r.DOF.Kernel.MaxForegroundRadius:0.025]]
[2019.05.05-19.45.23:774][  0]LogConfig: Setting CVar [[r.DOF.Kernel.MaxBackgroundRadius:0.025]]
[2019.05.05-19.45.23:774][  0]LogConfig: Applying CVar settings from Section [TextureQuality@3] File [C:/Users/Connor/Documents/CP-School/Senior Project/GitRepos/Senior-Project-CPP-Game/Saved/Config/Windows/Scalability.ini]
[2019.05.05-19.45.23:774][  0]LogConfig: Setting CVar [[r.Streaming.MipBias:0]]
[2019.05.05-19.45.23:774][  0]LogConfig: Setting CVar [[r.Streaming.AmortizeCPUToGPUCopy:0]]
[2019.05.05-19.45.23:774][  0]LogConfig: Setting CVar [[r.Streaming.MaxNumTexturesToStreamPerFrame:0]]
[2019.05.05-19.45.23:774][  0]LogConfig: Setting CVar [[r.Streaming.Boost:1]]
[2019.05.05-19.45.23:774][  0]LogConfig: Setting CVar [[r.MaxAnisotropy:8]]
[2019.05.05-19.45.23:774][  0]LogConfig: Setting CVar [[r.Streaming.LimitPoolSizeToVRAM:0]]
[2019.05.05-19.45.23:774][  0]LogConfig: Setting CVar [[r.Streaming.PoolSize:1000]]
[2019.05.05-19.45.23:774][  0]LogConfig: Setting CVar [[r.Streaming.MaxEffectiveScreenSize:0]]
[2019.05.05-19.45.23:774][  0]LogConfig: Applying CVar settings from Section [EffectsQuality@3] File [C:/Users/Connor/Documents/CP-School/Senior Project/GitRepos/Senior-Project-CPP-Game/Saved/Config/Windows/Scalability.ini]
[2019.05.05-19.45.23:774][  0]LogConfig: Setting CVar [[r.TranslucencyLightingVolumeDim:64]]
[2019.05.05-19.45.23:774][  0]LogConfig: Setting CVar [[r.RefractionQuality:2]]
[2019.05.05-19.45.23:774][  0]LogConfig: Setting CVar [[r.SSR.Quality:3]]
[2019.05.05-19.45.23:774][  0]LogConfig: Setting CVar [[r.SceneColorFormat:4]]
[2019.05.05-19.45.23:774][  0]LogConfig: Setting CVar [[r.DetailMode:2]]
[2019.05.05-19.45.23:774][  0]LogConfig: Setting CVar [[r.TranslucencyVolumeBlur:1]]
[2019.05.05-19.45.23:774][  0]LogConfig: Setting CVar [[r.MaterialQualityLevel:1 ; High quality]]
[2019.05.05-19.45.23:774][  0]LogConfig: Setting CVar [[r.SSS.Scale:1]]
[2019.05.05-19.45.23:774][  0]LogConfig: Setting CVar [[r.SSS.SampleSet:2]]
[2019.05.05-19.45.23:774][  0]LogConfig: Setting CVar [[r.SSS.Quality:1]]
[2019.05.05-19.45.23:774][  0]LogConfig: Setting CVar [[r.SSS.HalfRes:1]]
[2019.05.05-19.45.23:774][  0]LogConfig: Setting CVar [[r.EmitterSpawnRateScale:1.0]]
[2019.05.05-19.45.23:774][  0]LogConfig: Setting CVar [[r.ParticleLightQuality:2]]
[2019.05.05-19.45.23:774][  0]LogConfig: Applying CVar settings from Section [FoliageQuality@3] File [C:/Users/Connor/Documents/CP-School/Senior Project/GitRepos/Senior-Project-CPP-Game/Saved/Config/Windows/Scalability.ini]
[2019.05.05-19.45.23:774][  0]LogConfig: Setting CVar [[foliage.DensityScale:1.0]]
[2019.05.05-19.45.23:774][  0]LogConfig: Setting CVar [[grass.DensityScale:1.0]]
[2019.05.05-19.45.23:774][  0]LogInit: Selected Device Profile: [Windows]
[2019.05.05-19.45.23:774][  0]LogInit: Applying CVar settings loaded from the selected device profile: [Windows]
[2019.05.05-19.45.23:794][  0]LogHAL: Display: Platform has ~ 16 GB [17015799808 / 17179869184 / 16], which maps to Larger [LargestMinGB=32, LargerMinGB=12, DefaultMinGB=8, SmallerMinGB=6, SmallestMinGB=0)
[2019.05.05-19.45.23:794][  0]LogConfig: Setting CVar [[r.Vulkan.UseRealUBs:1]]
[2019.05.05-19.45.23:794][  0]LogInit: Going up to parent DeviceProfile []
[2019.05.05-19.45.23:794][  0]LogConfig: Applying CVar settings from Section [ViewDistanceQuality@3] File [C:/Users/Connor/Documents/CP-School/Senior Project/GitRepos/Senior-Project-CPP-Game/Saved/Config/Windows/Scalability.ini]
[2019.05.05-19.45.23:794][  0]LogConfig: Setting CVar [[r.SkeletalMeshLODBias:0]]
[2019.05.05-19.45.23:794][  0]LogConfig: Setting CVar [[r.ViewDistanceScale:1.0]]
[2019.05.05-19.45.23:794][  0]LogConfig: Applying CVar settings from Section [AntiAliasingQuality@3] File [C:/Users/Connor/Documents/CP-School/Senior Project/GitRepos/Senior-Project-CPP-Game/Saved/Config/Windows/Scalability.ini]
[2019.05.05-19.45.23:794][  0]LogConfig: Setting CVar [[r.PostProcessAAQuality:4]]
[2019.05.05-19.45.23:794][  0]LogConfig: Applying CVar settings from Section [ShadowQuality@3] File [C:/Users/Connor/Documents/CP-School/Senior Project/GitRepos/Senior-Project-CPP-Game/Saved/Config/Windows/Scalability.ini]
[2019.05.05-19.45.23:794][  0]LogConfig: Setting CVar [[r.LightFunctionQuality:1]]
[2019.05.05-19.45.23:794][  0]LogConfig: Setting CVar [[r.ShadowQuality:5]]
[2019.05.05-19.45.23:794][  0]LogConfig: Setting CVar [[r.Shadow.CSM.MaxCascades:10]]
[2019.05.05-19.45.23:794][  0]LogConfig: Setting CVar [[r.Shadow.MaxResolution:2048]]
[2019.05.05-19.45.23:794][  0]LogConfig: Setting CVar [[r.Shadow.MaxCSMResolution:2048]]
[2019.05.05-19.45.23:794][  0]LogConfig: Setting CVar [[r.Shadow.RadiusThreshold:0.01]]
[2019.05.05-19.45.23:794][  0]LogConfig: Setting CVar [[r.Shadow.DistanceScale:1.0]]
[2019.05.05-19.45.23:794][  0]LogConfig: Setting CVar [[r.Shadow.CSM.TransitionScale:1.0]]
[2019.05.05-19.45.23:794][  0]LogConfig: Setting CVar [[r.Shadow.PreShadowResolutionFactor:1.0]]
[2019.05.05-19.45.23:794][  0]LogConfig: Setting CVar [[r.DistanceFieldShadowing:1]]
[2019.05.05-19.45.23:794][  0]LogConfig: Setting CVar [[r.DistanceFieldAO:1]]
[2019.05.05-19.45.23:794][  0]LogConfig: Setting CVar [[r.AOQuality:2]]
[2019.05.05-19.45.23:794][  0]LogConfig: Setting CVar [[r.VolumetricFog:1]]
[2019.05.05-19.45.23:794][  0]LogConfig: Setting CVar [[r.VolumetricFog.GridPixelSize:8]]
[2019.05.05-19.45.23:794][  0]LogConfig: Setting CVar [[r.VolumetricFog.GridSizeZ:128]]
[2019.05.05-19.45.23:794][  0]LogConfig: Setting CVar [[r.VolumetricFog.HistoryMissSupersampleCount:4]]
[2019.05.05-19.45.23:794][  0]LogConfig: Setting CVar [[r.LightMaxDrawDistanceScale:1]]
[2019.05.05-19.45.23:794][  0]LogConfig: Setting CVar [[r.CapsuleShadows:1]]
[2019.05.05-19.45.23:794][  0]LogConfig: Applying CVar settings from Section [PostProcessQuality@3] File [C:/Users/Connor/Documents/CP-School/Senior Project/GitRepos/Senior-Project-CPP-Game/Saved/Config/Windows/Scalability.ini]
[2019.05.05-19.45.23:794][  0]LogConfig: Setting CVar [[r.MotionBlurQuality:4]]
[2019.05.05-19.45.23:794][  0]LogConfig: Setting CVar [[r.AmbientOcclusionMipLevelFactor:0.4]]
[2019.05.05-19.45.23:794][  0]LogConfig: Setting CVar [[r.AmbientOcclusionMaxQuality:100]]
[2019.05.05-19.45.23:794][  0]LogConfig: Setting CVar [[r.AmbientOcclusionLevels:-1]]
[2019.05.05-19.45.23:794][  0]LogConfig: Setting CVar [[r.AmbientOcclusionRadiusScale:1.0]]
[2019.05.05-19.45.23:794][  0]LogConfig: Setting CVar [[r.DepthOfFieldQuality:2]]
[2019.05.05-19.45.23:794][  0]LogConfig: Setting CVar [[r.RenderTargetPoolMin:400]]
[2019.05.05-19.45.23:794][  0]LogConfig: Setting CVar [[r.LensFlareQuality:2]]
[2019.05.05-19.45.23:794][  0]LogConfig: Setting CVar [[r.SceneColorFringeQuality:1]]
[2019.05.05-19.45.23:794][  0]LogConfig: Setting CVar [[r.EyeAdaptationQuality:2]]
[2019.05.05-19.45.23:794][  0]LogConfig: Setting CVar [[r.BloomQuality:5]]
[2019.05.05-19.45.23:794][  0]LogConfig: Setting CVar [[r.FastBlurThreshold:100]]
[2019.05.05-19.45.23:794][  0]LogConfig: Setting CVar [[r.Upscale.Quality:3]]
[2019.05.05-19.45.23:794][  0]LogConfig: Setting CVar [[r.Tonemapper.GrainQuantization:1]]
[2019.05.05-19.45.23:794][  0]LogConfig: Setting CVar [[r.LightShaftQuality:1]]
[2019.05.05-19.45.23:794][  0]LogConfig: Setting CVar [[r.Filter.SizeScale:1]]
[2019.05.05-19.45.23:794][  0]LogConfig: Setting CVar [[r.Tonemapper.Quality:5]]
[2019.05.05-19.45.23:794][  0]LogConfig: Setting CVar [[r.DOF.Gather.AccumulatorQuality:1        ; higher gathering accumulator quality]]
[2019.05.05-19.45.23:794][  0]LogConfig: Setting CVar [[r.DOF.Gather.PostfilterMethod:1          ; Median3x3 postfilering method]]
[2019.05.05-19.45.23:794][  0]LogConfig: Setting CVar [[r.DOF.Gather.EnableBokehSettings:0       ; no bokeh simulation when gathering]]
[2019.05.05-19.45.23:794][  0]LogConfig: Setting CVar [[r.DOF.Gather.RingCount:4                 ; medium number of samples when gathering]]
[2019.05.05-19.45.23:794][  0]LogConfig: Setting CVar [[r.DOF.Scatter.ForegroundCompositing:1    ; additive foreground scattering]]
[2019.05.05-19.45.23:794][  0]LogConfig: Setting CVar [[r.DOF.Scatter.BackgroundCompositing:2    ; additive background scattering]]
[2019.05.05-19.45.23:794][  0]LogConfig: Setting CVar [[r.DOF.Scatter.EnableBokehSettings:1      ; bokeh simulation when scattering]]
[2019.05.05-19.45.23:794][  0]LogConfig: Setting CVar [[r.DOF.Scatter.MaxSpriteRatio:0.1         ; only a maximum of 10% of scattered bokeh]]
[2019.05.05-19.45.23:794][  0]LogConfig: Setting CVar [[r.DOF.Recombine.Quality:1                ; cheap slight out of focus]]
[2019.05.05-19.45.23:794][  0]LogConfig: Setting CVar [[r.DOF.Recombine.EnableBokehSettings:0    ; no bokeh simulation on slight out of focus]]
[2019.05.05-19.45.23:794][  0]LogConfig: Setting CVar [[r.DOF.TemporalAAQuality:1                ; more stable temporal accumulation]]
[2019.05.05-19.45.23:794][  0]LogConfig: Setting CVar [[r.DOF.Kernel.MaxForegroundRadius:0.025]]
[2019.05.05-19.45.23:794][  0]LogConfig: Setting CVar [[r.DOF.Kernel.MaxBackgroundRadius:0.025]]
[2019.05.05-19.45.23:794][  0]LogConfig: Applying CVar settings from Section [TextureQuality@3] File [C:/Users/Connor/Documents/CP-School/Senior Project/GitRepos/Senior-Project-CPP-Game/Saved/Config/Windows/Scalability.ini]
[2019.05.05-19.45.23:794][  0]LogConfig: Setting CVar [[r.Streaming.MipBias:0]]
[2019.05.05-19.45.23:794][  0]LogConfig: Setting CVar [[r.Streaming.AmortizeCPUToGPUCopy:0]]
[2019.05.05-19.45.23:794][  0]LogConfig: Setting CVar [[r.Streaming.MaxNumTexturesToStreamPerFrame:0]]
[2019.05.05-19.45.23:794][  0]LogConfig: Setting CVar [[r.Streaming.Boost:1]]
[2019.05.05-19.45.23:794][  0]LogConfig: Setting CVar [[r.MaxAnisotropy:8]]
[2019.05.05-19.45.23:794][  0]LogConfig: Setting CVar [[r.Streaming.LimitPoolSizeToVRAM:0]]
[2019.05.05-19.45.23:794][  0]LogConfig: Setting CVar [[r.Streaming.PoolSize:1000]]
[2019.05.05-19.45.23:794][  0]LogConfig: Setting CVar [[r.Streaming.MaxEffectiveScreenSize:0]]
[2019.05.05-19.45.23:794][  0]LogConfig: Applying CVar settings from Section [EffectsQuality@3] File [C:/Users/Connor/Documents/CP-School/Senior Project/GitRepos/Senior-Project-CPP-Game/Saved/Config/Windows/Scalability.ini]
[2019.05.05-19.45.23:794][  0]LogConfig: Setting CVar [[r.TranslucencyLightingVolumeDim:64]]
[2019.05.05-19.45.23:794][  0]LogConfig: Setting CVar [[r.RefractionQuality:2]]
[2019.05.05-19.45.23:794][  0]LogConfig: Setting CVar [[r.SSR.Quality:3]]
[2019.05.05-19.45.23:794][  0]LogConfig: Setting CVar [[r.SceneColorFormat:4]]
[2019.05.05-19.45.23:794][  0]LogConfig: Setting CVar [[r.DetailMode:2]]
[2019.05.05-19.45.23:794][  0]LogConfig: Setting CVar [[r.TranslucencyVolumeBlur:1]]
[2019.05.05-19.45.23:794][  0]LogConfig: Setting CVar [[r.MaterialQualityLevel:1 ; High quality]]
[2019.05.05-19.45.23:794][  0]LogConfig: Setting CVar [[r.SSS.Scale:1]]
[2019.05.05-19.45.23:794][  0]LogConfig: Setting CVar [[r.SSS.SampleSet:2]]
[2019.05.05-19.45.23:794][  0]LogConfig: Setting CVar [[r.SSS.Quality:1]]
[2019.05.05-19.45.23:794][  0]LogConfig: Setting CVar [[r.SSS.HalfRes:1]]
[2019.05.05-19.45.23:794][  0]LogConfig: Setting CVar [[r.EmitterSpawnRateScale:1.0]]
[2019.05.05-19.45.23:794][  0]LogConfig: Setting CVar [[r.ParticleLightQuality:2]]
[2019.05.05-19.45.23:794][  0]LogConfig: Applying CVar settings from Section [FoliageQuality@3] File [C:/Users/Connor/Documents/CP-School/Senior Project/GitRepos/Senior-Project-CPP-Game/Saved/Config/Windows/Scalability.ini]
[2019.05.05-19.45.23:794][  0]LogConfig: Setting CVar [[foliage.DensityScale:1.0]]
[2019.05.05-19.45.23:794][  0]LogConfig: Setting CVar [[grass.DensityScale:1.0]]
[2019.05.05-19.45.23:794][  0]LogConfig: Applying CVar settings from Section [Startup] File [../../../Engine/Config/ConsoleVariables.ini]
[2019.05.05-19.45.23:798][  0]LogConfig: Setting CVar [[net.UseAdaptiveNetUpdateFrequency:0]]
[2019.05.05-19.45.23:798][  0]LogConfig: Applying CVar settings from Section [ConsoleVariables] File [C:/Users/Connor/Documents/CP-School/Senior Project/GitRepos/Senior-Project-CPP-Game/Saved/Config/Windows/Engine.ini]
[2019.05.05-19.45.23:802][  0]LogInit: Computer: UNIT-01-CON
[2019.05.05-19.45.23:802][  0]LogInit: User: Connor
[2019.05.05-19.45.23:802][  0]LogInit: CPU Page size=4096, Cores=6
[2019.05.05-19.45.23:802][  0]LogInit: High frequency timer resolution =2.156251 MHz
[2019.05.05-19.45.23:802][  0]LogMemory: Memory total: Physical=15.8GB (16GB approx)
[2019.05.05-19.45.23:802][  0]LogMemory: Platform Memory Stats for Windows
[2019.05.05-19.45.23:802][  0]LogMemory: Process Physical Memory: 107.34 MB used, 107.34 MB peak
[2019.05.05-19.45.23:802][  0]LogMemory: Process Virtual Memory: 90.39 MB used, 90.39 MB peak
[2019.05.05-19.45.23:802][  0]LogMemory: Physical Memory: 7001.69 MB used,  9225.84 MB free, 16227.53 MB total
[2019.05.05-19.45.23:802][  0]LogMemory: Virtual Memory: 4669.10 MB used,  134213056.00 MB free, 134217728.00 MB total
[2019.05.05-19.45.24:029][  0]LogInit: Using OS detected language (en-US).
[2019.05.05-19.45.24:029][  0]LogInit: Using OS detected locale (en-US).
[2019.05.05-19.45.24:030][  0]LogTextLocalizationManager: No specific localization for 'en-US' exists, so the 'en' localization will be used.
[2019.05.05-19.45.24:580][  0]LogStreaming: Display: Took  0.550s to InitEngineTextLocalization.
[2019.05.05-19.45.24:675][  0]LogSlate: New Slate User Created.  User Index 0, Is Virtual User: 0
[2019.05.05-19.45.24:675][  0]LogSlate: Slate User Registered.  User Index 0, Is Virtual User: 0
[2019.05.05-19.45.26:607][  0]LogHMD: Failed to initialize OpenVR with code 110
[2019.05.05-19.45.26:607][  0]LogD3D11RHI: D3D11 adapters:
[2019.05.05-19.45.27:137][  0]LogD3D11RHI:    0. 'NVIDIA GeForce GTX 1070 with Max-Q Design' (Feature Level 11_0)
[2019.05.05-19.45.27:137][  0]LogD3D11RHI:       8081/0/8113 MB DedicatedVideo/DedicatedSystem/SharedSystem, Outputs:1, VendorId:0x10de
[2019.05.05-19.45.27:156][  0]LogD3D11RHI:    1. 'Intel(R) UHD Graphics 630' (Feature Level 11_0)
[2019.05.05-19.45.27:156][  0]LogD3D11RHI:       128/0/8113 MB DedicatedVideo/DedicatedSystem/SharedSystem, Outputs:0, VendorId:0x8086
[2019.05.05-19.45.27:174][  0]LogD3D11RHI:    2. 'Microsoft Basic Render Driver' (Feature Level 11_0)
[2019.05.05-19.45.27:174][  0]LogD3D11RHI:       0/0/8113 MB DedicatedVideo/DedicatedSystem/SharedSystem, Outputs:0, VendorId:0x1414
[2019.05.05-19.45.27:174][  0]LogD3D11RHI: Chosen D3D11 Adapter: 0
[2019.05.05-19.45.27:200][  0]LogD3D11RHI: Creating new Direct3DDevice
[2019.05.05-19.45.27:200][  0]LogD3D11RHI:     GPU DeviceId: 0x1ba1 (for the marketing name, search the web for "GPU Device Id")
[2019.05.05-19.45.27:200][  0]LogWindows: EnumDisplayDevices:
[2019.05.05-19.45.27:200][  0]LogWindows:    0. 'Intel(R) UHD Graphics 630' (P:1 D:1)
[2019.05.05-19.45.27:200][  0]LogWindows:    1. 'Intel(R) UHD Graphics 630' (P:0 D:0)
[2019.05.05-19.45.27:200][  0]LogWindows:    2. 'Intel(R) UHD Graphics 630' (P:0 D:0)
[2019.05.05-19.45.27:201][  0]LogWindows:    3. 'NVIDIA GeForce GTX 1070 with Max-Q Design' (P:0 D:0)
[2019.05.05-19.45.27:201][  0]LogWindows:    4. 'NVIDIA GeForce GTX 1070 with Max-Q Design' (P:0 D:0)
[2019.05.05-19.45.27:201][  0]LogWindows:    5. 'NVIDIA GeForce GTX 1070 with Max-Q Design' (P:0 D:0)
[2019.05.05-19.45.27:201][  0]LogWindows:    6. 'NVIDIA GeForce GTX 1070 with Max-Q Design' (P:0 D:0)
[2019.05.05-19.45.27:201][  0]LogWindows: DebugString: PrimaryIsNotTheChoosenAdapter PrimaryIsNotTheChoosenAdapter PrimaryIsNotTheChoosenAdapter FoundDriverCount:4 
[2019.05.05-19.45.27:201][  0]LogD3D11RHI:     Adapter Name: NVIDIA GeForce GTX 1070 with Max-Q Design
[2019.05.05-19.45.27:201][  0]LogD3D11RHI:   Driver Version: 430.39 (internal:26.21.14.3039, unified:430.39)
[2019.05.05-19.45.27:201][  0]LogD3D11RHI:      Driver Date: 4-17-2019
[2019.05.05-19.45.27:202][  0]LogRHI: Texture pool is 5656 MB (70% of 8081 MB)
[2019.05.05-19.45.27:243][  0]LogD3D11RHI: Async texture creation enabled
[2019.05.05-19.45.27:273][  0]LogD3D11RHI: GPU Timing Frequency: 1000.000000 (Debug: 2 1)
[2019.05.05-19.45.27:574][  0]LogTemp: Display: Loaded TP AllDesktopTargetPlatform
[2019.05.05-19.45.27:588][  0]LogTemp: Display: Loaded TP MacClientTargetPlatform
[2019.05.05-19.45.27:604][  0]LogTemp: Display: Loaded TP MacNoEditorTargetPlatform
[2019.05.05-19.45.27:619][  0]LogTemp: Display: Loaded TP MacServerTargetPlatform
[2019.05.05-19.45.27:636][  0]LogTemp: Display: Loaded TP MacTargetPlatform
[2019.05.05-19.45.27:652][  0]LogTemp: Display: Loaded TP WindowsClientTargetPlatform
[2019.05.05-19.45.27:667][  0]LogTemp: Display: Loaded TP WindowsNoEditorTargetPlatform
[2019.05.05-19.45.27:682][  0]LogTemp: Display: Loaded TP WindowsServerTargetPlatform
[2019.05.05-19.45.27:691][  0]LogTemp: Display: Loaded TP WindowsTargetPlatform
[2019.05.05-19.45.27:761][  0]LogTemp: Display: Loaded TP AndroidTargetPlatform
[2019.05.05-19.45.27:761][  0]LogTemp: Display: Loaded TP AndroidTargetPlatform
[2019.05.05-19.45.27:761][  0]LogTemp: Display: Loaded TP AndroidTargetPlatform
[2019.05.05-19.45.27:761][  0]LogTemp: Display: Loaded TP AndroidTargetPlatform
[2019.05.05-19.45.27:761][  0]LogTemp: Display: Loaded TP AndroidTargetPlatform
[2019.05.05-19.45.27:761][  0]LogTemp: Display: Loaded TP AndroidTargetPlatform
[2019.05.05-19.45.27:762][  0]LogTemp: Display: Loaded TP AndroidTargetPlatform
[2019.05.05-19.45.27:762][  0]LogTemp: Display: Loaded TP AndroidTargetPlatform
[2019.05.05-19.45.27:762][  0]LogTemp: Display: Loaded TP AndroidTargetPlatform
[2019.05.05-19.45.27:762][  0]LogTemp: Display: Loaded TP AndroidTargetPlatform
[2019.05.05-19.45.27:762][  0]LogTemp: Display: Loaded TP AndroidTargetPlatform
[2019.05.05-19.45.27:762][  0]LogTemp: Display: Loaded TP AndroidTargetPlatform
[2019.05.05-19.45.27:762][  0]LogTemp: Display: Loaded TP AndroidTargetPlatform
[2019.05.05-19.45.27:762][  0]LogTemp: Display: Loaded TP AndroidTargetPlatform
[2019.05.05-19.45.27:762][  0]LogTemp: Display: Loaded TP AndroidTargetPlatform
[2019.05.05-19.45.27:762][  0]LogTemp: Display: Loaded TP AndroidTargetPlatform
[2019.05.05-19.45.27:762][  0]LogTemp: Display: Loaded TP AndroidTargetPlatform
[2019.05.05-19.45.27:762][  0]LogTemp: Display: Loaded TP AndroidTargetPlatform
[2019.05.05-19.45.27:766][  0]LogTemp: Display: Loaded TP HTML5TargetPlatform
[2019.05.05-19.45.27:838][  0]LogTemp: Display: Loaded TP IOSTargetPlatform
[2019.05.05-19.45.27:838][  0]LogTemp: Display: Loaded TP IOSTargetPlatform
[2019.05.05-19.45.27:860][  0]LogTemp: Display: Loaded TP TVOSTargetPlatform
[2019.05.05-19.45.27:860][  0]LogTemp: Display: Loaded TP TVOSTargetPlatform
[2019.05.05-19.45.27:875][  0]LogTemp: Display: Loaded TP LinuxClientTargetPlatform
[2019.05.05-19.45.27:889][  0]LogTemp: Display: Loaded TP LinuxNoEditorTargetPlatform
[2019.05.05-19.45.27:904][  0]LogTemp: Display: Loaded TP LinuxServerTargetPlatform
[2019.05.05-19.45.27:937][  0]LogTemp: Display: Loaded TP LinuxTargetPlatform
[2019.05.05-19.45.27:984][  0]LogTemp: Display: Loaded TP LuminTargetPlatform
[2019.05.05-19.45.27:984][  0]LogTemp: Display: Loaded TP LuminTargetPlatform
[2019.05.05-19.45.27:984][  0]LogTargetPlatformManager: Display: Building Assets For Windows
[2019.05.05-19.45.28:161][  0]LogShaderCompilers: Guid format shader working directory is -52 characters bigger than the processId version (../../../../../../Users/Connor/Documents/CP-School/Senior Project/GitRepos/Senior-Project-CPP-Game/Intermediate/Shaders/WorkingDirectory/18496/).
[2019.05.05-19.45.28:161][  0]LogShaderCompilers: Cleaned the shader compiler working directory 'C:/Users/Connor/AppData/Local/Temp/UnrealShaderWorkingDir/D7D6B1D6497931EEFE852BBEC7868335/'.
[2019.05.05-19.45.28:167][  0]LogXGEController: Cleaning working directory: C:/Users/Connor/AppData/Local/Temp/UnrealXGEWorkingDir/
[2019.05.05-19.45.28:167][  0]LogXGEController: Cannot use XGE Controller as Incredibuild is not installed on this machine.
[2019.05.05-19.45.28:167][  0]LogShaderCompilers: Cannot use XGE Shader Compiler as Incredibuild is not installed on this machine.
[2019.05.05-19.45.28:167][  0]LogShaderCompilers: Display: Using Local Shader Compiler.
[2019.05.05-19.45.29:716][  0]LogDerivedDataCache: Display: Max Cache Size: 512 MB
[2019.05.05-19.45.29:951][  0]LogDerivedDataCache: Loaded boot cache 0.23s 71MB C:/Users/Connor/AppData/Local/UnrealEngine/4.21/DerivedDataCache/Boot.ddc.
[2019.05.05-19.45.29:951][  0]LogDerivedDataCache: Display: Loaded Boot cache: C:/Users/Connor/AppData/Local/UnrealEngine/4.21/DerivedDataCache/Boot.ddc
[2019.05.05-19.45.29:951][  0]LogDerivedDataCache: FDerivedDataBackendGraph:  Pak pak cache file ../../../../../../Users/Connor/Documents/CP-School/Senior Project/GitRepos/Senior-Project-CPP-Game/DerivedDataCache/DDC.ddp not found, will not use a pak cache.
[2019.05.05-19.45.29:951][  0]LogDerivedDataCache: Unable to find inner node Pak for hierarchical cache Hierarchy.
[2019.05.05-19.45.29:951][  0]LogDerivedDataCache: FDerivedDataBackendGraph:  CompressedPak pak cache file ../../../../../../Users/Connor/Documents/CP-School/Senior Project/GitRepos/Senior-Project-CPP-Game/DerivedDataCache/Compressed.ddp not found, will not use a pak cache.
[2019.05.05-19.45.29:951][  0]LogDerivedDataCache: Unable to find inner node CompressedPak for hierarchical cache Hierarchy.
[2019.05.05-19.45.29:976][  0]LogDerivedDataCache: Display: Pak cache opened for reading ../../../Engine/DerivedDataCache/Compressed.ddp.
[2019.05.05-19.45.29:976][  0]LogDerivedDataCache: FDerivedDataBackendGraph:  EnterprisePak pak cache file ../../../Enterprise/DerivedDataCache/Compressed.ddp not found, will not use a pak cache.
[2019.05.05-19.45.29:976][  0]LogDerivedDataCache: Unable to find inner node EnterprisePak for hierarchical cache Hierarchy.
[2019.05.05-19.45.29:989][  0]LogDerivedDataCache: Using Local data cache path C:/Users/Connor/AppData/Local/UnrealEngine/Common/DerivedDataCache: Writable
[2019.05.05-19.45.29:989][  0]LogDerivedDataCache: Shared data cache path not found in *engine.ini, will not use an Shared cache.
[2019.05.05-19.45.29:989][  0]LogDerivedDataCache: Unable to find inner node Shared for hierarchical cache Hierarchy.
[2019.05.05-19.45.30:015][  0]LogMaterial: Verifying Global Shaders for PCD3D_SM5
[2019.05.05-19.45.30:023][  0]LogSlate: Using FreeType 2.6.0
[2019.05.05-19.45.30:039][  0]LogSlate: SlateFontServices - WITH_FREETYPE: 1, WITH_HARFBUZZ: 1
[2019.05.05-19.45.30:373][  0]LogAssetRegistry: FAssetRegistry took 0.0344 seconds to start up
[2019.05.05-19.45.30:768][  0]LogInit: Selected Device Profile: [Windows]
[2019.05.05-19.45.31:098][  0]LogSimplygon: Simplygon DLL not present - disabling.
[2019.05.05-19.45.31:124][  0]LogMeshReduction: Using SimplygonSwarm for distributed automatic mesh merging
[2019.05.05-19.45.31:124][  0]LogMeshReduction: Using ProxyLODMeshReduction for automatic mesh merging
[2019.05.05-19.45.31:125][  0]LogMeshReduction: Using QuadricMeshReduction for automatic static mesh reduction
[2019.05.05-19.45.31:125][  0]LogMeshReduction: No automatic skeletal mesh reduction module available
[2019.05.05-19.45.31:182][  0]LogNetVersion: HSPGame 1.0.0, NetCL: 4541578, EngineNetVer: 5, GameNetVer: 0 (Checksum: 2893343623)
[2019.05.05-19.45.32:435][  0]LogPackageLocalizationCache: Processed 11 localized package path(s) for 2 prioritized culture(s) in 0.111534 seconds
[2019.05.05-19.45.32:440][  0]LogUObjectArray: 39775 objects as part of root set at end of initial load.
[2019.05.05-19.45.32:440][  0]LogUObjectAllocator: 6914656 out of 0 bytes used by permanent object pool.
[2019.05.05-19.45.32:440][  0]LogUObjectArray: CloseDisregardForGC: 0/0 objects in disregard for GC pool
[2019.05.05-19.45.36:067][  0]LogTcpMessaging: Initializing TcpMessaging bridge
[2019.05.05-19.45.36:088][  0]LogUdpMessaging: Initializing bridge on interface 0.0.0.0:0 to multicast group 230.0.0.1:6666.
[2019.05.05-19.45.37:066][  0]SourceControl: Source control is disabled
[2019.05.05-19.45.37:067][  0]SourceControl: Source control is disabled
[2019.05.05-19.45.37:082][  0]SourceControl: Source control is disabled
[2019.05.05-19.45.37:089][  0]SourceControl: Source control is disabled
[2019.05.05-19.45.37:524][  0]LogAndroidPermission: UAndroidPermissionCallbackProxy::GetInstance
[2019.05.05-19.45.37:612][  0]LogOcInput: OculusInput pre-init called
[2019.05.05-19.45.37:855][  0]LogEngine: Initializing Engine...
[2019.05.05-19.45.37:857][  0]LogHMD: Failed to initialize OpenVR with code 110
[2019.05.05-19.45.37:861][  0]LogStats: UGameplayTagsManager::ConstructGameplayTagTree: ImportINI prefixes -  0.001 s
[2019.05.05-19.45.37:861][  0]LogStats: UGameplayTagsManager::ConstructGameplayTagTree: Construct from data asset -  0.000 s
[2019.05.05-19.45.37:861][  0]LogStats: UGameplayTagsManager::ConstructGameplayTagTree: ImportINI -  0.000 s
[2019.05.05-19.45.37:861][  0]LogStats: UGameplayTagsManager::ConstructGameplayTagTree: GameplayTagTreeChangedEvent.Broadcast -  0.000 s
[2019.05.05-19.45.38:264][  0]LogInit: Initializing FReadOnlyCVARCache
[2019.05.05-19.45.38:340][  0]LogAIModule: Creating AISystem for world Untitled
[2019.05.05-19.45.38:370][  0]LogInit: XAudio2 using 'Speakers (Realtek(R) Audio)' : 2 channels at 48 kHz using 32 bits per sample (channel mask 0x3)
[2019.05.05-19.45.38:631][  0]LogInit: FAudioDevice initialized.
[2019.05.05-19.45.38:631][  0]LogNetVersion: Set ProjectVersion to 1.0.0.0. Version Checksum will be recalculated on next use.
[2019.05.05-19.45.38:708][  0]LogDerivedDataCache: Saved boot cache 0.08s 71MB C:/Users/Connor/AppData/Local/UnrealEngine/4.21/DerivedDataCache/Boot.ddc.
[2019.05.05-19.45.38:720][  0]LogInit: Texture streaming: Enabled
[2019.05.05-19.45.38:752][  0]LogEngineSessionManager: EngineSessionManager initialized
[2019.05.05-19.45.38:781][  0]LogWindowsTextInputMethodSystem: Display: IME system now deactivated.
[2019.05.05-19.45.39:162][  0]LogInit: Transaction tracking system initialized
[2019.05.05-19.45.39:304][  0]BlueprintLog: New page: Editor Load
[2019.05.05-19.45.39:596][  0]LocalizationService: Localization service is disabled
[2019.05.05-19.45.40:403][  0]LogCook: Display: Max memory allowance for cook 16384mb min free memory 0mb
[2019.05.05-19.45.40:403][  0]LogCook: Display: Mobile HDR setting 1
[2019.05.05-19.45.40:403][  0]LogGameplayTags: Display: UGameplayTagsManager::DoneAddingNativeTags. DelegateIsBound: 0
[2019.05.05-19.45.40:403][  0]LogStats: UGameplayTagsManager::ConstructGameplayTagTree: ImportINI prefixes -  0.000 s
[2019.05.05-19.45.40:403][  0]LogStats: UGameplayTagsManager::ConstructGameplayTagTree: Construct from data asset -  0.000 s
[2019.05.05-19.45.40:403][  0]LogStats: UGameplayTagsManager::ConstructGameplayTagTree: ImportINI -  0.000 s
[2019.05.05-19.45.40:403][  0]LogStats: UGameplayTagsManager::ConstructGameplayTagTree: GameplayTagTreeChangedEvent.Broadcast -  0.000 s
[2019.05.05-19.45.40:790][  0]LogFileCache: Scanning file cache for directory 'C:/Users/Connor/Documents/CP-School/Senior Project/GitRepos/Senior-Project-CPP-Game/Content/' took 0.03s
[2019.05.05-19.45.40:790][  0]SourceControl: Source control is disabled
[2019.05.05-19.45.40:792][  0]Cmd: MAP LOAD FILE="../../../../../../Users/Connor/Documents/CP-School/Senior Project/GitRepos/Senior-Project-CPP-Game/Content/Levels/DemoTown.umap" TEMPLATE=0 SHOWPROGRESS=1 FEATURELEVEL=3
[2019.05.05-19.45.40:793][  0]LightingResults: New page: Lighting Build
[2019.05.05-19.45.40:805][  0]MapCheck: New page: Map Check
[2019.05.05-19.45.40:805][  0]LightingResults: New page: Lighting Build
[2019.05.05-19.45.42:825][  0]LogAIModule: Creating AISystem for world DemoTown
[2019.05.05-19.45.43:091][  0]LogEditorServer: Finished looking for orphan Actors (0.000 secs)
[2019.05.05-19.45.43:123][  0]Cmd: MAP CHECKDEP NOCLEARLOG
[2019.05.05-19.45.43:123][  0]MapCheck: Map check complete: 0 Error(s), 0 Warning(s), took 0.229ms to complete.
[2019.05.05-19.45.43:123][  0]LogFileHelpers: Loading map 'DemoTown' took 2.333
[2019.05.05-19.45.43:294][  0]LogSlate: Updating window title bar state: overlay mode, drag disabled, window buttons hidden, title bar hidden
[2019.05.05-19.45.43:301][  0]LogSlate: Updating window title bar state: overlay mode, drag disabled, window buttons hidden, title bar hidden
[2019.05.05-19.45.43:308][  0]LogSlate: Updating window title bar state: overlay mode, drag disabled, window buttons hidden, title bar hidden
[2019.05.05-19.45.43:316][  0]LogSlate: Updating window title bar state: overlay mode, drag disabled, window buttons hidden, title bar hidden
[2019.05.05-19.45.43:340][  0]LogCollectionManager: Loaded 0 collections in 0.002470 seconds
[2019.05.05-19.45.43:388][  0]LogFileCache: Scanning file cache for directory 'C:/Users/Connor/Documents/CP-School/Senior Project/GitRepos/Senior-Project-CPP-Game/Saved/Collections/' took 0.01s
[2019.05.05-19.45.43:388][  0]LogFileCache: Scanning file cache for directory 'C:/Users/Connor/Documents/CP-School/Senior Project/GitRepos/Senior-Project-CPP-Game/Content/Developers/Connor/Collections/' took 0.01s
[2019.05.05-19.45.43:388][  0]LogFileCache: Scanning file cache for directory 'C:/Users/Connor/Documents/CP-School/Senior Project/GitRepos/Senior-Project-CPP-Game/Content/Collections/' took 0.00s
[2019.05.05-19.45.43:388][  0]LogCollectionManager: Rebuilt the GUID cache for 0 collections in 0.000000 seconds
[2019.05.05-19.45.43:401][  0]LogContentBrowser: Native class hierarchy populated in 0.0107 seconds. Added 2661 classes and 622 folders.
[2019.05.05-19.45.43:419][  0]LogContentBrowser: Native class hierarchy updated for 'WidgetCarousel' in 0.0003 seconds. Added 0 classes and 0 folders.
[2019.05.05-19.45.43:430][  0]LogPakFile: Registered encryption key '00000000000000000000000000000000': 0 pak files mounted, 0 remain pending
[2019.05.05-19.45.43:437][  0]LogPakFile: Registered encryption key '00000000000000000000000000000000': 0 pak files mounted, 0 remain pending
[2019.05.05-19.45.43:454][  0]LogPakFile: Registered encryption key '00000000000000000000000000000000': 0 pak files mounted, 0 remain pending
[2019.05.05-19.45.43:471][  0]LogPakFile: Registered encryption key '00000000000000000000000000000000': 0 pak files mounted, 0 remain pending
[2019.05.05-19.45.43:476][  0]LogPakFile: Registered encryption key '00000000000000000000000000000000': 0 pak files mounted, 0 remain pending
[2019.05.05-19.45.43:481][  0]LogPakFile: Registered encryption key '00000000000000000000000000000000': 0 pak files mounted, 0 remain pending
[2019.05.05-19.45.43:485][  0]LogPakFile: Registered encryption key '00000000000000000000000000000000': 0 pak files mounted, 0 remain pending
[2019.05.05-19.45.43:491][  0]LogPakFile: Registered encryption key '00000000000000000000000000000000': 0 pak files mounted, 0 remain pending
[2019.05.05-19.45.43:497][  0]LogPakFile: Registered encryption key '00000000000000000000000000000000': 0 pak files mounted, 0 remain pending
[2019.05.05-19.45.43:504][  0]LogPakFile: Registered encryption key '00000000000000000000000000000000': 0 pak files mounted, 0 remain pending
[2019.05.05-19.45.43:509][  0]LogPakFile: Registered encryption key '00000000000000000000000000000000': 0 pak files mounted, 0 remain pending
[2019.05.05-19.45.43:514][  0]LogPakFile: Registered encryption key '00000000000000000000000000000000': 0 pak files mounted, 0 remain pending
[2019.05.05-19.45.43:520][  0]LogPakFile: Registered encryption key '00000000000000000000000000000000': 0 pak files mounted, 0 remain pending
[2019.05.05-19.45.43:525][  0]LogPakFile: Registered encryption key '00000000000000000000000000000000': 0 pak files mounted, 0 remain pending
[2019.05.05-19.45.43:530][  0]LogPakFile: Registered encryption key '00000000000000000000000000000000': 0 pak files mounted, 0 remain pending
[2019.05.05-19.45.43:535][  0]LogPakFile: Registered encryption key '00000000000000000000000000000000': 0 pak files mounted, 0 remain pending
[2019.05.05-19.45.43:553][  0]LogPakFile: Registered encryption key '00000000000000000000000000000000': 0 pak files mounted, 0 remain pending
[2019.05.05-19.45.43:559][  0]LogPakFile: Registered encryption key '00000000000000000000000000000000': 0 pak files mounted, 0 remain pending
[2019.05.05-19.45.43:564][  0]LogPakFile: Registered encryption key '00000000000000000000000000000000': 0 pak files mounted, 0 remain pending
[2019.05.05-19.45.43:570][  0]LogPakFile: Registered encryption key '00000000000000000000000000000000': 0 pak files mounted, 0 remain pending
[2019.05.05-19.45.43:591][  0]LogPakFile: Registered encryption key '00000000000000000000000000000000': 0 pak files mounted, 0 remain pending
[2019.05.05-19.45.43:597][  0]LogPakFile: Registered encryption key '00000000000000000000000000000000': 0 pak files mounted, 0 remain pending
[2019.05.05-19.45.43:602][  0]LogPakFile: Registered encryption key '00000000000000000000000000000000': 0 pak files mounted, 0 remain pending
[2019.05.05-19.45.43:608][  0]LogPakFile: Registered encryption key '00000000000000000000000000000000': 0 pak files mounted, 0 remain pending
[2019.05.05-19.45.43:615][  0]LogPakFile: Registered encryption key '00000000000000000000000000000000': 0 pak files mounted, 0 remain pending
[2019.05.05-19.45.43:621][  0]LogPakFile: Registered encryption key '00000000000000000000000000000000': 0 pak files mounted, 0 remain pending
[2019.05.05-19.45.43:786][  0]LogContentBrowser: Native class hierarchy updated for 'AddContentDialog' in 0.0004 seconds. Added 0 classes and 0 folders.
[2019.05.05-19.45.43:806][  0]LogContentBrowser: Native class hierarchy updated for 'SceneOutliner' in 0.0004 seconds. Added 1 classes and 2 folders.
[2019.05.05-19.45.43:889][  0]LogSlate: Took 0.006230 seconds to synchronously load lazily loaded font '../../../Engine/Content/Slate/Fonts/Roboto-Regular.ttf' (155K)
[2019.05.05-19.45.43:898][  0]LogSlate: Took 0.006948 seconds to synchronously load lazily loaded font '../../../Engine/Content/Slate/Fonts/Roboto-Bold.ttf' (160K)
[2019.05.05-19.45.43:913][  0]LogSlate: Took 0.007220 seconds to synchronously load lazily loaded font '../../../Engine/Content/Editor/Slate/Fonts/FontAwesome.ttf' (139K)
[2019.05.05-19.45.44:090][  0]LogRenderer: Reallocating scene render targets to support 964x460 Format 10 NumSamples 1 (Frame:1).
[2019.05.05-19.45.44:305][  0]LogContentBrowser: Native class hierarchy updated for 'HierarchicalLODOutliner' in 0.0004 seconds. Added 0 classes and 0 folders.
[2019.05.05-19.45.44:305][  0]LogLoad: (Engine Initialization) Total time: 24.35 seconds
[2019.05.05-19.45.44:305][  0]LogLoad: (Engine Initialization) Total Blueprint compile time: 0.00 seconds
[2019.05.05-19.45.44:383][  0]LogContentStreaming: Texture pool size now 1000 MB
[2019.05.05-19.45.44:415][  0]LogSlate: Took 0.005511 seconds to synchronously load lazily loaded font '../../../Engine/Content/Slate/Fonts/Roboto-Light.ttf' (167K)
[2019.05.05-19.45.44:517][  2]LogAssetRegistry: Asset discovery search completed in 14.1664 seconds
[2019.05.05-19.45.44:519][  2]LogCollectionManager: Rebuilt the object cache for 0 collections in 0.000000 seconds (found 0 objects)
[2019.05.05-19.45.44:519][  2]LogCollectionManager: Fixed up redirectors for 0 collections in 0.000044 seconds (updated 0 objects)
[2019.05.05-19.45.58:558][843]LogSlate: FSceneViewport::OnFocusLost() reason 0
[2019.05.05-19.46.20:664][163]LogSlate: FSceneViewport::OnFocusLost() reason 0
[2019.05.05-19.47.05:101][800]LogSlate: Took 0.003334 seconds to synchronously load lazily loaded font '../../../Engine/Content/Slate/Fonts/Roboto-Light.ttf' (167K)
[2019.05.05-19.47.05:110][800]LogAssetEditorManager: Opening Asset editor for Blueprint /Game/Blueprints/Enemies/BP_EnemyClass.BP_EnemyClass
[2019.05.05-19.47.05:655][800]LogContentBrowser: Native class hierarchy updated for 'BlueprintGraph' in 0.0007 seconds. Added 117 classes and 0 folders.
[2019.05.05-19.47.06:475][800]LogSlate: Took 0.005025 seconds to synchronously load lazily loaded font '../../../Engine/Content/Slate/Fonts/Roboto-BoldCondensed.ttf' (158K)
[2019.05.05-19.47.06:694][801]LogSlate: Took 0.003651 seconds to synchronously load lazily loaded font '../../../Engine/Content/Slate/Fonts/Roboto-Italic.ttf' (157K)
[2019.05.05-19.47.15:559][327]LogAssetEditorManager: Opening Asset editor for Blueprint /Game/Blueprints/Enemies/BP_EnemySlime.BP_EnemySlime
[2019.05.05-19.47.17:973][445]LogSlate: Window 'BP_EnemySlime' being destroyed
[2019.05.05-19.47.18:088][445]LogAssetEditorManager: Opening Asset editor for Blueprint /Game/Blueprints/Enemies/BP_EnemySlime.BP_EnemySlime
[2019.05.05-19.47.25:361][854]LogSlate: Window 'BP_EnemySlime' being destroyed
[2019.05.05-19.47.25:365][854]LogRenderer: Reallocating scene render targets to support 1196x572 Format 10 NumSamples 1 (Frame:116).
[2019.05.05-19.49.11:583][192]BlueprintLog: New page: Compile BP_EnemyClass
[2019.05.05-19.49.25:073][965]BlueprintLog: New page: Compile BP_EnemyClass
[2019.05.05-19.49.25:678][982]LogSavePackage: Moving '../../../../../../Users/Connor/Documents/CP-School/Senior Project/GitRepos/Senior-Project-CPP-Game/Saved/BP_EnemyClass7257A81D4EF54DAE0E5F5A93068714AD.tmp' to '../../../../../../Users/Connor/Documents/CP-School/Senior Project/GitRepos/Senior-Project-CPP-Game/Content/Blueprints/Enemies/BP_EnemyClass.uasset'
[2019.05.05-19.49.28:876][173]LogTemp: Repeating last play command: Selected Viewport
[2019.05.05-19.49.28:932][173]LogBlueprintUserMessages: Early PlayInEditor Detection: Level '/Game/Levels/DemoTown.DemoTown:PersistentLevel' has LevelScriptBlueprint '/Game/Levels/DemoTown.DemoTown:PersistentLevel.DemoTown' with GeneratedClass '/Game/Levels/DemoTown.DemoTown_C' with ClassGeneratedBy '/Game/Levels/DemoTown.DemoTown:PersistentLevel.DemoTown'
[2019.05.05-19.49.28:933][173]LogPlayLevel: PlayLevel: No blueprints needed recompiling
[2019.05.05-19.49.28:935][173]PIE: New page: PIE session: DemoTown (May 5, 2019, 5:49:28 AM)
[2019.05.05-19.49.28:950][173]LogPlayLevel: Creating play world package: /Game/Levels/UEDPIE_0_DemoTown
[2019.05.05-19.49.29:003][173]LogPlayLevel: PIE: StaticDuplicateObject took: (0.053236s)
[2019.05.05-19.49.29:003][173]LogAIModule: Creating AISystem for world DemoTown
[2019.05.05-19.49.29:004][173]LogPlayLevel: PIE: World Init took: (0.000520s)
[2019.05.05-19.49.29:004][173]LogPlayLevel: PIE: Created PIE world by copying editor world from /Game/Levels/DemoTown.DemoTown to /Game/Levels/UEDPIE_0_DemoTown.DemoTown (0.054080s)
[2019.05.05-19.49.29:036][173]LogInit: XAudio2 using 'Speakers (Realtek(R) Audio)' : 2 channels at 48 kHz using 32 bits per sample (channel mask 0x3)
[2019.05.05-19.49.29:075][173]LogInit: FAudioDevice initialized.
[2019.05.05-19.49.30:032][173]LogBlueprint: Warning: [Compiler sliderControlScreen] Could not find a variable named "playerBaseDMG" in 'HSPGameInstance'.
Make sure 'HSPGameInstance' has been compiled for  Set playerBaseDMG
[2019.05.05-19.49.30:032][173]LogBlueprint: Warning: [Compiler sliderControlScreen] Could not find a variable named "EXplayerBaseDMG" in 'HSPGameInstance'.
Make sure 'HSPGameInstance' has been compiled for  Get EXplayerBaseDMG
[2019.05.05-19.49.30:033][173]LogBlueprint: Warning: [Compiler sliderControlScreen] Could not find a variable named "playerBaseDMG" in 'HSPGameInstance'.
Make sure 'HSPGameInstance' has been compiled for  Get playerBaseDMG
[2019.05.05-19.49.30:046][173]LogBlueprint: Error: [Compiler sliderControlScreen] The property associated with  EXplayer Base DMG  could not be found in '/Game/UI/sliderControlScreen.sliderControlScreen_C'
[2019.05.05-19.49.30:046][173]LogBlueprint: Error: [Compiler sliderControlScreen] The property associated with  Player Base DMG  could not be found in '/Game/UI/sliderControlScreen.sliderControlScreen_C'
[2019.05.05-19.49.30:047][173]LogBlueprint: Error: [Compiler sliderControlScreen] The property associated with  Player Base DMG  could not be found in '/Game/UI/sliderControlScreen.sliderControlScreen_C'
[2019.05.05-19.49.30:056][173]LogBlueprint: Warning: [Compiler sliderControlScreen] [0250.11] Compile of sliderControlScreen failed. 3 Fatal Issue(s) 3 Warning(s) [in 35 ms] (/Game/UI/sliderControlScreen.sliderControlScreen)
[2019.05.05-19.49.30:464][173]LogLoad: Game class is 'BP_HSPGameGameModeBase_C'
[2019.05.05-19.49.30:470][173]LogWorld: Bringing World /Game/Levels/UEDPIE_0_DemoTown.DemoTown up for play (max tick rate 60) at 2019.05.05-12.49.30
[2019.05.05-19.49.30:480][173]LogWorld: Bringing up level for play took: 0.012997
[2019.05.05-19.49.30:508][173]LogContentBrowser: Native class hierarchy updated for 'MovieSceneCapture' in 0.0005 seconds. Added 20 classes and 0 folders.
[2019.05.05-19.49.30:516][173]PIE: Play in editor start time for /Game/Levels/UEDPIE_0_DemoTown 1.42
[2019.05.05-19.49.30:516][173]LogBlueprintUserMessages: Late PlayInEditor Detection: Level '/Game/Levels/DemoTown.DemoTown:PersistentLevel' has LevelScriptBlueprint '/Game/Levels/DemoTown.DemoTown:PersistentLevel.DemoTown' with GeneratedClass '/Game/Levels/DemoTown.DemoTown_C' with ClassGeneratedBy '/Game/Levels/DemoTown.DemoTown:PersistentLevel.DemoTown'
[2019.05.05-19.49.34:407][401]LogNet: Browse: /Game/Levels/Dungeon1
[2019.05.05-19.49.34:407][401]LogLoad: LoadMap: /Game/Levels/Dungeon1
[2019.05.05-19.49.35:532][401]LogLinker: Warning: Can't find file '/Game/Levels/Dungeon1_BuiltData'
[2019.05.05-19.49.35:533][401]LogLinker: Warning: Can't find file for asset '/Game/Levels/Dungeon1_BuiltData' while loading ../../../../../../Users/Connor/Documents/CP-School/Senior Project/GitRepos/Senior-Project-CPP-Game/Content/Levels/Dungeon1.umap.
[2019.05.05-19.49.35:533][401]LoadErrors: Error: /Game/Levels/Dungeon1 : Can't find file for asset. /Game/Levels/Dungeon1_BuiltData
[2019.05.05-19.49.35:534][401]LogLinker: Warning: Can't find file '/Game/Levels/Dungeon1_BuiltData'
[2019.05.05-19.49.35:534][401]LogLinker: Warning: Can't find file for asset '/Game/Levels/Dungeon1_BuiltData' while loading ../../../../../../Users/Connor/Documents/CP-School/Senior Project/GitRepos/Senior-Project-CPP-Game/Content/Levels/Dungeon1.umap.
[2019.05.05-19.49.35:540][401]LogLinker: Warning: Can't find file '/Game/Levels/Dungeon1_BuiltData'
[2019.05.05-19.49.35:540][401]LogLinker: Warning: Can't find file for asset '/Game/Levels/Dungeon1_BuiltData' while loading NULL.
[2019.05.05-19.49.35:540][401]LogLinker: Warning: Can't find file '/Game/Levels/Dungeon1_BuiltData'
[2019.05.05-19.49.35:541][401]LogLinker: Warning: Can't find file for asset '/Game/Levels/Dungeon1_BuiltData' while loading NULL.
[2019.05.05-19.49.35:585][401]LogLinker: Warning: Can't find file '/Game/Levels/Dungeon1_BuiltData'
[2019.05.05-19.49.35:585][401]LoadErrors: Failed to load /Game/Levels/Dungeon1_BuiltData.Dungeon1_BuiltData Referenced by PersistentLevel
[2019.05.05-19.49.35:586][401]LogLinker: Warning: Can't find file for asset '/Game/Levels/Dungeon1_BuiltData' while loading NULL.
[2019.05.05-19.49.36:331][401]LogAIModule: Creating AISystem for world Dungeon1
[2019.05.05-19.49.36:331][401]LogLoad: Game class is 'BP_HSPGameGameModeBase_C'
[2019.05.05-19.49.36:349][401]LogWorld: Bringing World /Game/Levels/UEDPIE_0_Dungeon1.Dungeon1 up for play (max tick rate 60) at 2019.05.05-12.49.36
[2019.05.05-19.49.36:369][401]LogWorld: Bringing up level for play took: 0.037007
[2019.05.05-19.49.36:375][401]LogLoad: Took 1.968237 seconds to LoadMap(/Game/Levels/Dungeon1)
[2019.05.05-19.50.08:740][341]LogSlate: FSceneViewport::OnFocusLost() reason 0
[2019.05.05-19.50.12:657][576]LogSlate: FSceneViewport::OnFocusLost() reason 0
[2019.05.05-19.50.14:009][657]LogBlueprintUserMessages: Early EndPlayMap Detection: Level '/Game/Levels/DemoTown.DemoTown:PersistentLevel' has LevelScriptBlueprint '/Game/Levels/DemoTown.DemoTown:PersistentLevel.DemoTown' with GeneratedClass '/Game/Levels/DemoTown.DemoTown_C' with ClassGeneratedBy '/Game/Levels/DemoTown.DemoTown:PersistentLevel.DemoTown'
[2019.05.05-19.50.14:009][657]LogSlate: Updating window title bar state: overlay mode, drag disabled, window buttons hidden, title bar hidden
[2019.05.05-19.50.14:049][657]LogPlayLevel: Display: Shutting down PIE online subsystems
[2019.05.05-19.50.14:049][657]LogBlueprintUserMessages: Late EndPlayMap Detection: Level '/Game/Levels/DemoTown.DemoTown:PersistentLevel' has LevelScriptBlueprint '/Game/Levels/DemoTown.DemoTown:PersistentLevel.DemoTown' with GeneratedClass '/Game/Levels/DemoTown.DemoTown_C' with ClassGeneratedBy '/Game/Levels/DemoTown.DemoTown:PersistentLevel.DemoTown'
[2019.05.05-19.50.14:093][657]LogSlate: Updating window title bar state: overlay mode, drag disabled, window buttons hidden, title bar hidden
[2019.05.05-19.50.14:118][658]LogPlayLevel: Display: Destroying online subsystem :Context_5
[2019.05.05-19.50.23:038][167]LogActorComponent: UnregisterComponent: (/Engine/Transient.EditorFloorComp) Not registered. Aborting.
[2019.05.05-19.50.23:090][167]LogSlate: Window 'HSPGame - Unreal Editor' being destroyed
[2019.05.05-19.50.23:090][167]LogWindowsTextInputMethodSystem: Display: IME system now deactivated.
[2019.05.05-19.50.23:386][168]Cmd: QUIT_EDITOR
[2019.05.05-19.50.23:565][168]LogExit: Preparing to exit.
[2019.05.05-19.50.24:300][168]LogExit: Editor shut down
[2019.05.05-19.50.24:300][168]LogExit: Transaction tracking system shut down
[2019.05.05-19.50.24:567][168]LogExit: Object subsystem successfully closed.
[2019.05.05-19.50.24:602][168]LogShaderCompilers: Display: Shaders left to compile 0
[2019.05.05-19.50.24:606][168]LogD3D11RHI: Shutdown
[2019.05.05-19.50.24:606][168]LogD3D11RHI: CleanupD3DDevice
[2019.05.05-19.50.24:608][168]LogD3D11RHI: ~FD3D11DynamicRHI
[2019.05.05-19.50.24:651][168]LogModuleManager: Shutting down and abandoning module MovieSceneCapture (630)
[2019.05.05-19.50.24:652][168]LogModuleManager: Shutting down and abandoning module Voice (628)
[2019.05.05-19.50.24:652][168]LogModuleManager: Shutting down and abandoning module BlueprintGraph (626)
[2019.05.05-19.50.24:652][168]LogModuleManager: Shutting down and abandoning module HierarchicalLODOutliner (624)
[2019.05.05-19.50.24:652][168]LogModuleManager: Shutting down and abandoning module SceneOutliner (622)
[2019.05.05-19.50.24:652][168]LogModuleManager: Shutting down and abandoning module AddContentDialog (620)
[2019.05.05-19.50.24:652][168]LogModuleManager: Shutting down and abandoning module WidgetCarousel (619)
[2019.05.05-19.50.24:652][168]LogModuleManager: Shutting down and abandoning module EditorWidgets (616)
[2019.05.05-19.50.24:652][168]LogModuleManager: Shutting down and abandoning module CollectionManager (614)
[2019.05.05-19.50.24:653][168]LogModuleManager: Shutting down and abandoning module StatsViewer (612)
[2019.05.05-19.50.24:653][168]LogModuleManager: Shutting down and abandoning module FoliageEdit (610)
[2019.05.05-19.50.24:653][168]LogModuleManager: Shutting down and abandoning module LandscapeEditor (608)
[2019.05.05-19.50.24:655][168]LogModuleManager: Shutting down and abandoning module MeshPaintMode (606)
[2019.05.05-19.50.24:655][168]LogModuleManager: Shutting down and abandoning module SceneDepthPickerMode (604)
[2019.05.05-19.50.24:655][168]LogModuleManager: Shutting down and abandoning module ActorPickerMode (602)
[2019.05.05-19.50.24:655][168]LogModuleManager: Shutting down and abandoning module GeometryMode (600)
[2019.05.05-19.50.24:655][168]LogModuleManager: Shutting down and abandoning module TextureAlignMode (598)
[2019.05.05-19.50.24:655][168]LogModuleManager: Shutting down and abandoning module BspMode (596)
[2019.05.05-19.50.24:655][168]LogModuleManager: Shutting down and abandoning module PIEPreviewDeviceProfileSelector (594)
[2019.05.05-19.50.24:655][168]LogModuleManager: Shutting down and abandoning module SequenceRecorderSections (592)
[2019.05.05-19.50.24:655][168]LogModuleManager: Shutting down and abandoning module AutomationWorker (590)
[2019.05.05-19.50.24:655][168]LogModuleManager: Shutting down and abandoning module AudioCaptureEditor (588)
[2019.05.05-19.50.24:655][168]LogModuleManager: Shutting down and abandoning module MatineeToLevelSequence (586)
[2019.05.05-19.50.24:655][168]LogModuleManager: Shutting down and abandoning module LevelSequenceEditor (584)
[2019.05.05-19.50.24:655][168]LogModuleManager: Shutting down and abandoning module PlacementMode (583)
[2019.05.05-19.50.24:655][168]LogModuleManager: Shutting down and abandoning module MaterialEditor (582)
[2019.05.05-19.50.24:657][168]LogModuleManager: Shutting down and abandoning module WmfMediaFactory (578)
[2019.05.05-19.50.24:657][168]LogModuleManager: Shutting down and abandoning module WmfMediaEditor (576)
[2019.05.05-19.50.24:657][168]LogModuleManager: Shutting down and abandoning module WebMMediaFactory (574)
[2019.05.05-19.50.24:657][168]LogModuleManager: Shutting down and abandoning module WebMMediaEditor (572)
[2019.05.05-19.50.24:657][168]LogModuleManager: Shutting down and abandoning module WebMMedia (570)
[2019.05.05-19.50.24:657][168]LogModuleManager: Shutting down and abandoning module MediaPlayerEditor (568)
[2019.05.05-19.50.24:657][168]LogModuleManager: Shutting down and abandoning module MediaCompositingEditor (566)
[2019.05.05-19.50.24:657][168]LogModuleManager: Shutting down and abandoning module SequenceRecorder (565)
[2019.05.05-19.50.24:657][168]LogModuleManager: Shutting down and abandoning module OpenExrWrapper (562)
[2019.05.05-19.50.24:657][168]LogModuleManager: Shutting down and abandoning module ImgMediaFactory (560)
[2019.05.05-19.50.24:657][168]LogModuleManager: Shutting down and abandoning module ImgMediaEditor (558)
[2019.05.05-19.50.24:657][168]LogModuleManager: Shutting down and abandoning module AvfMediaFactory (556)
[2019.05.05-19.50.24:657][168]LogModuleManager: Shutting down and abandoning module AvfMediaEditor (554)
[2019.05.05-19.50.24:657][168]LogModuleManager: Shutting down and abandoning module AndroidMediaFactory (552)
[2019.05.05-19.50.24:657][168]LogModuleManager: Shutting down and abandoning module AndroidMediaEditor (550)
[2019.05.05-19.50.24:657][168]LogModuleManager: Shutting down and abandoning module MagicLeapCameraPreviewFactory (548)
[2019.05.05-19.50.24:657][168]LogModuleManager: Shutting down and abandoning module MagicLeapMediaFactory (546)
[2019.05.05-19.50.24:657][168]LogModuleManager: Shutting down and abandoning module MagicLeapMediaEditor (544)
[2019.05.05-19.50.24:657][168]LogModuleManager: Shutting down and abandoning module CharacterAI (542)
[2019.05.05-19.50.24:657][168]LogModuleManager: Shutting down and abandoning module SmartSnapping (540)
[2019.05.05-19.50.24:657][168]LogModuleManager: Shutting down and abandoning module SessionServices (538)
[2019.05.05-19.50.24:658][168]LogModuleManager: Shutting down and abandoning module ViewportSnapping (536)
[2019.05.05-19.50.24:658][168]LogModuleManager: Shutting down and abandoning module ViewportInteraction (534)
[2019.05.05-19.50.24:658][168]LogModuleManager: Shutting down and abandoning module ClothPainter (532)
[2019.05.05-19.50.24:659][168]LogModuleManager: Shutting down and abandoning module SkeletalMeshEditor (531)
[2019.05.05-19.50.24:660][168]LogModuleManager: Shutting down and abandoning module LogVisualizer (528)
[2019.05.05-19.50.24:660][168]LogModuleManager: Shutting down and abandoning module IntroTutorials (526)
[2019.05.05-19.50.24:660][168]LogModuleManager: Shutting down and abandoning module GameProjectGeneration (525)
[2019.05.05-19.50.24:661][168]LogModuleManager: Shutting down and abandoning module LuminPlatformEditor (522)
[2019.05.05-19.50.24:661][168]LogModuleManager: Shutting down and abandoning module IOSPlatformEditor (520)
[2019.05.05-19.50.24:661][168]LogModuleManager: Shutting down and abandoning module HTML5PlatformEditor (518)
[2019.05.05-19.50.24:661][168]LogModuleManager: Shutting down and abandoning module AndroidPlatformEditor (516)
[2019.05.05-19.50.24:661][168]LogModuleManager: Shutting down and abandoning module AndroidDeviceDetection (515)
[2019.05.05-19.50.24:998][168]LogModuleManager: Shutting down and abandoning module WindowsPlatformEditor (512)
[2019.05.05-19.50.24:998][168]LogModuleManager: Shutting down and abandoning module LuminRuntimeSettings (510)
[2019.05.05-19.50.24:998][168]LogModuleManager: Shutting down and abandoning module IOSRuntimeSettings (508)
[2019.05.05-19.50.24:998][168]LogModuleManager: Shutting down and abandoning module AndroidRuntimeSettings (506)
[2019.05.05-19.50.24:999][168]LogModuleManager: Shutting down and abandoning module TimeManagementEditor (504)
[2019.05.05-19.50.24:999][168]LogModuleManager: Shutting down and abandoning module InputBindingEditor (502)
[2019.05.05-19.50.25:004][168]LogModuleManager: Shutting down and abandoning module MergeActors (500)
[2019.05.05-19.50.25:004][168]LogModuleManager: Shutting down and abandoning module LocalizationDashboard (498)
[2019.05.05-19.50.25:004][168]LogModuleManager: Shutting down and abandoning module LocalizationService (497)
[2019.05.05-19.50.25:004][168]LogModuleManager: Shutting down and abandoning module HardwareTargeting (494)
[2019.05.05-19.50.25:004][168]LogModuleManager: Shutting down and abandoning module DeviceProfileEditor (492)
[2019.05.05-19.50.25:004][168]LogModuleManager: Shutting down and abandoning module UndoHistory (490)
[2019.05.05-19.50.25:004][168]LogModuleManager: Shutting down and abandoning module XmlParser (488)
[2019.05.05-19.50.25:004][168]LogModuleManager: Shutting down and abandoning module Blutility (486)
[2019.05.05-19.50.25:004][168]LogModuleManager: Shutting down and abandoning module ProjectSettingsViewer (484)
[2019.05.05-19.50.25:004][168]LogModuleManager: Shutting down and abandoning module ProjectTargetPlatformEditor (483)
[2019.05.05-19.50.25:004][168]LogModuleManager: Shutting down and abandoning module EditorSettingsViewer (480)
[2019.05.05-19.50.25:004][168]LogModuleManager: Shutting down and abandoning module SettingsEditor (478)
[2019.05.05-19.50.25:004][168]LogModuleManager: Shutting down and abandoning module ProjectLauncher (476)
[2019.05.05-19.50.25:005][168]LogModuleManager: Shutting down and abandoning module SessionFrontend (474)
[2019.05.05-19.50.25:005][168]LogModuleManager: Shutting down and abandoning module ProfilerClient (472)
[2019.05.05-19.50.25:006][168]LogModuleManager: Shutting down and abandoning module DeviceManager (470)
[2019.05.05-19.50.25:006][168]LogModuleManager: Shutting down and abandoning module TargetDeviceServices (469)
[2019.05.05-19.50.25:071][168]LogModuleManager: Shutting down and abandoning module AutomationController (466)
[2019.05.05-19.50.25:071][168]LogModuleManager: Shutting down and abandoning module AutomationWindow (464)
[2019.05.05-19.50.25:076][168]LogModuleManager: Shutting down and abandoning module Layers (462)
[2019.05.05-19.50.25:078][168]LogModuleManager: Shutting down and abandoning module ComponentVisualizers (460)
[2019.05.05-19.50.25:079][168]LogModuleManager: Shutting down and abandoning module DetailCustomizations (458)
[2019.05.05-19.50.25:079][168]LogModuleManager: Shutting down and abandoning module PackagesDialog (456)
[2019.05.05-19.50.25:079][168]LogModuleManager: Shutting down and abandoning module Persona (454)
[2019.05.05-19.50.25:079][168]LogModuleManager: Shutting down and abandoning module AdvancedPreviewScene (453)
[2019.05.05-19.50.25:079][168]LogModuleManager: Shutting down and abandoning module AnimGraph (451)
[2019.05.05-19.50.25:079][168]LogModuleManager: Shutting down and abandoning module Kismet (448)
[2019.05.05-19.50.25:083][168]LogModuleManager: Shutting down and abandoning module GraphEditor (446)
[2019.05.05-19.50.25:083][168]LogModuleManager: Shutting down and abandoning module ClassViewer (444)
[2019.05.05-19.50.25:083][168]LogModuleManager: Shutting down and abandoning module Toolbox (442)
[2019.05.05-19.50.25:083][168]LogModuleManager: Shutting down and abandoning module DesktopPlatform (441)
[2019.05.05-19.50.25:084][168]LogModuleManager: Shutting down and abandoning module ModuleUI (438)
[2019.05.05-19.50.25:084][168]LogModuleManager: Shutting down and abandoning module MovieSceneTools (436)
[2019.05.05-19.50.25:084][168]LogModuleManager: Shutting down and abandoning module OutputLog (434)
[2019.05.05-19.50.25:084][168]LogModuleManager: Shutting down and abandoning module GammaUI (432)
[2019.05.05-19.50.25:085][168]LogModuleManager: Shutting down and abandoning module Documentation (430)
[2019.05.05-19.50.25:085][168]LogModuleManager: Shutting down and abandoning module MovieSceneTracks (428)
[2019.05.05-19.50.25:085][168]LogModuleManager: Shutting down and abandoning module MovieScene (426)
[2019.05.05-19.50.25:085][168]LogModuleManager: Shutting down and abandoning module StreamingPauseRendering (424)
[2019.05.05-19.50.25:085][168]LogModuleManager: Shutting down and abandoning module LauncherPlatform (422)
[2019.05.05-19.50.25:085][168]LogModuleManager: Shutting down and abandoning module AnalyticsET (420)
[2019.05.05-19.50.25:085][168]LogModuleManager: Shutting down and abandoning module PortalServices (418)
[2019.05.05-19.50.25:085][168]LogModuleManager: Shutting down and abandoning module PortalRpc (416)
[2019.05.05-19.50.25:085][168]LogModuleManager: Shutting down and abandoning module MessagingRpc (414)
[2019.05.05-19.50.25:085][168]LogModuleManager: Shutting down and abandoning module AIModule (412)
[2019.05.05-19.50.25:085][168]LogModuleManager: Shutting down and abandoning module GameplayDebugger (411)
[2019.05.05-19.50.25:085][168]LogModuleManager: Shutting down and abandoning module AITestSuite (409)
[2019.05.05-19.50.25:085][168]LogModuleManager: Shutting down and abandoning module NavigationSystem (407)
[2019.05.05-19.50.25:085][168]LogModuleManager: Shutting down and abandoning module ImageWriteQueue (404)
[2019.05.05-19.50.25:088][168]LogModuleManager: Shutting down and abandoning module ProfilerService (402)
[2019.05.05-19.50.25:101][168]LogModuleManager: Shutting down and abandoning module TaskGraph (400)
[2019.05.05-19.50.25:101][168]LogModuleManager: Shutting down and abandoning module SteamVRController (398)
[2019.05.05-19.50.25:101][168]LogModuleManager: Shutting down and abandoning module ProceduralMeshComponentEditor (396)
[2019.05.05-19.50.25:101][168]LogModuleManager: Shutting down and abandoning module ProceduralMeshComponent (394)
[2019.05.05-19.50.25:101][168]LogModuleManager: Shutting down and abandoning module OculusInput (392)
[2019.05.05-19.50.25:101][168]LogModuleManager: Shutting down and abandoning module MobilePatchingUtils (390)
[2019.05.05-19.50.25:101][168]LogModuleManager: Shutting down and abandoning module EditableMesh (388)
[2019.05.05-19.50.25:101][168]LogModuleManager: Shutting down and abandoning module CustomMeshComponent (386)
[2019.05.05-19.50.25:101][168]LogModuleManager: Shutting down and abandoning module CableComponent (384)
[2019.05.05-19.50.25:101][168]LogModuleManager: Shutting down and abandoning module AudioCapture (382)
[2019.05.05-19.50.25:101][168]LogModuleManager: Shutting down and abandoning module ArchVisCharacter (380)
[2019.05.05-19.50.25:101][168]LogModuleManager: Shutting down and abandoning module AndroidPermission (378)
[2019.05.05-19.50.25:101][168]LogModuleManager: Shutting down and abandoning module NUTUnrealEngine4 (376)
[2019.05.05-19.50.25:102][168]LogModuleManager: Shutting down and abandoning module NetcodeUnitTest (374)
[2019.05.05-19.50.25:102][168]LogModuleManager: Shutting down and abandoning module MediaCompositing (372)
[2019.05.05-19.50.25:102][168]LogModuleManager: Shutting down and abandoning module LinearTimecode (370)
[2019.05.05-19.50.25:102][168]LogModuleManager: Shutting down and abandoning module ImgMedia (368)
[2019.05.05-19.50.25:105][168]LogModuleManager: Shutting down and abandoning module HTML5Networking (366)
[2019.05.05-19.50.25:105][168]LogModuleManager: Shutting down and abandoning module GeometryCacheTracks (364)
[2019.05.05-19.50.25:105][168]LogModuleManager: Shutting down and abandoning module GeometryCacheSequencer (362)
[2019.05.05-19.50.25:105][168]LogModuleManager: Shutting down and abandoning module BackChannel (360)
[2019.05.05-19.50.25:105][168]LogModuleManager: Shutting down and abandoning module AppleVision (358)
[2019.05.05-19.50.25:105][168]LogModuleManager: Shutting down and abandoning module AppleImageUtilsBlueprintSupport (356)
[2019.05.05-19.50.25:105][168]LogModuleManager: Shutting down and abandoning module AppleImageUtils (354)
[2019.05.05-19.50.25:105][168]LogModuleManager: Shutting down and abandoning module AlembicImporter (352)
[2019.05.05-19.50.25:105][168]LogModuleManager: Shutting down and abandoning module AlembicLibrary (351)
[2019.05.05-19.50.25:106][168]LogModuleManager: Shutting down and abandoning module GeometryCache (350)
[2019.05.05-19.50.25:106][168]LogModuleManager: Shutting down and abandoning module GeometryCacheEd (349)
[2019.05.05-19.50.25:106][168]LogModuleManager: Shutting down and abandoning module VariantManagerContent (344)
[2019.05.05-19.50.25:106][168]LogModuleManager: Shutting down and abandoning module DatasmithContentEditor (342)
[2019.05.05-19.50.25:106][168]LogModuleManager: Shutting down and abandoning module SpeedTreeImporter (340)
[2019.05.05-19.50.25:106][168]LogModuleManager: Shutting down and abandoning module PluginBrowser (338)
[2019.05.05-19.50.25:106][168]LogModuleManager: Shutting down and abandoning module MobileLauncherProfileWizard (336)
[2019.05.05-19.50.25:107][168]LogModuleManager: Shutting down and abandoning module PolygonModeling (334)
[2019.05.05-19.50.25:107][168]LogModuleManager: Shutting down and abandoning module MeshEditor (332)
[2019.05.05-19.50.25:107][168]LogModuleManager: Shutting down and abandoning module CryptoKeysOpenSSL (330)
[2019.05.05-19.50.25:107][168]LogModuleManager: Shutting down and abandoning module CryptoKeys (328)
[2019.05.05-19.50.25:107][168]LogModuleManager: Shutting down and abandoning module VisualStudioSourceCodeAccess (326)
[2019.05.05-19.50.25:107][168]LogModuleManager: Shutting down and abandoning module VisualStudioCodeSourceCodeAccess (324)
[2019.05.05-19.50.25:107][168]LogModuleManager: Shutting down and abandoning module UObjectPlugin (322)
[2019.05.05-19.50.25:107][168]LogModuleManager: Shutting down and abandoning module SubversionSourceControl (320)
[2019.05.05-19.50.25:107][168]LogModuleManager: Shutting down and abandoning module PerforceSourceControl (318)
[2019.05.05-19.50.25:107][168]LogModuleManager: Shutting down and abandoning module GitSourceControl (316)
[2019.05.05-19.50.25:107][168]LogModuleManager: Shutting down and abandoning module SourceControl (315)
[2019.05.05-19.50.25:107][168]LogModuleManager: Shutting down and abandoning module CLionSourceCodeAccess (312)
[2019.05.05-19.50.25:107][168]LogModuleManager: Shutting down and abandoning module ActorLayerUtilitiesEditor (310)
[2019.05.05-19.50.25:107][168]LogModuleManager: Shutting down and abandoning module ActorLayerUtilities (308)
[2019.05.05-19.50.25:107][168]LogModuleManager: Shutting down and abandoning module LightPropagationVolumeEditor (306)
[2019.05.05-19.50.25:107][168]LogModuleManager: Shutting down and abandoning module PaperTiledImporter (304)
[2019.05.05-19.50.25:107][168]LogModuleManager: Shutting down and abandoning module PaperSpriteSheetImporter (302)
[2019.05.05-19.50.25:107][168]LogModuleManager: Shutting down and abandoning module Paper2DEditor (300)
[2019.05.05-19.50.25:108][168]LogModuleManager: Shutting down and abandoning module MeshPaint (299)
[2019.05.05-19.50.25:108][168]LogModuleManager: Shutting down and abandoning module HSPGame (296)
[2019.05.05-19.50.25:108][168]LogModuleManager: Shutting down and abandoning module RuntimePhysXCooking (294)
[2019.05.05-19.50.25:108][168]LogModuleManager: Shutting down and abandoning module PhysXVehiclesEditor (292)
[2019.05.05-19.50.25:108][168]LogModuleManager: Shutting down and abandoning module PhysXVehicles (290)
[2019.05.05-19.50.25:108][168]LogModuleManager: Shutting down and abandoning module OculusEditor (288)
[2019.05.05-19.50.25:108][168]LogModuleManager: Shutting down and abandoning module LocationServicesBPLibrary (286)
[2019.05.05-19.50.25:108][168]LogModuleManager: Shutting down and abandoning module ActorSequence (284)
[2019.05.05-19.50.25:108][168]LogModuleManager: Shutting down and abandoning module UdpMessaging (282)
[2019.05.05-19.50.25:209][168]LogModuleManager: Shutting down and abandoning module TcpMessaging (280)
[2019.05.05-19.50.25:310][168]LogModuleManager: Shutting down and abandoning module MagicLeapAudio (278)
[2019.05.05-19.50.25:310][168]LogModuleManager: Shutting down and abandoning module GameplayTagsEditor (276)
[2019.05.05-19.50.25:315][168]LogModuleManager: Shutting down and abandoning module FacialAnimationEditor (274)
[2019.05.05-19.50.25:315][168]LogModuleManager: Shutting down and abandoning module FacialAnimation (272)
[2019.05.05-19.50.25:315][168]LogModuleManager: Shutting down and abandoning module DataValidation (270)
[2019.05.05-19.50.25:315][168]LogModuleManager: Shutting down and abandoning module AssetManagerEditor (268)
[2019.05.05-19.50.25:316][168]LogModuleManager: Shutting down and abandoning module LevelEditor (267)
[2019.05.05-19.50.25:317][168]LogModuleManager: Shutting down and abandoning module PixelInspectorModule (266)
[2019.05.05-19.50.25:317][168]LogModuleManager: Shutting down and abandoning module CommonMenuExtensions (264)
[2019.05.05-19.50.25:317][168]LogModuleManager: Shutting down and abandoning module MainFrame (262)
[2019.05.05-19.50.25:317][168]LogModuleManager: Shutting down and abandoning module HotReload (261)
[2019.05.05-19.50.25:318][168]LogModuleManager: Shutting down and abandoning module ContentBrowser (257)
[2019.05.05-19.50.25:319][168]LogModuleManager: Shutting down and abandoning module TreeMap (255)
[2019.05.05-19.50.25:319][168]LogModuleManager: Shutting down and abandoning module LightPropagationVolumeRuntime (252)
[2019.05.05-19.50.25:319][168]LogModuleManager: Shutting down and abandoning module AISupportModule (250)
[2019.05.05-19.50.25:319][168]LogModuleManager: Shutting down and abandoning module Paper2D (248)
[2019.05.05-19.50.25:319][168]LogModuleManager: Shutting down and abandoning module WindowsMoviePlayer (246)
[2019.05.05-19.50.25:319][168]LogModuleManager: Shutting down and abandoning module WebMMoviePlayer (244)
[2019.05.05-19.50.25:319][168]LogModuleManager: Shutting down and abandoning module WmfMedia (242)
[2019.05.05-19.50.25:321][168]LogModuleManager: Shutting down and abandoning module Media (241)
[2019.05.05-19.50.25:328][168]LogModuleManager: Shutting down and abandoning module PacketHandler (238)
[2019.05.05-19.50.25:328][168]LogModuleManager: Shutting down and abandoning module ClothingSystemEditor (236)
[2019.05.05-19.50.25:328][168]LogModuleManager: Shutting down and abandoning module ClothingSystemRuntime (234)
[2019.05.05-19.50.25:328][168]LogModuleManager: Shutting down and abandoning module MediaAssets (232)
[2019.05.05-19.50.25:328][168]LogModuleManager: Shutting down and abandoning module Overlay (230)
[2019.05.05-19.50.25:328][168]LogModuleManager: Shutting down and abandoning module OverlayEditor (229)
[2019.05.05-19.50.25:328][168]LogModuleManager: Shutting down and abandoning module VREditor (226)
[2019.05.05-19.50.25:328][168]LogModuleManager: Shutting down and abandoning module StringTableEditor (224)
[2019.05.05-19.50.25:329][168]LogModuleManager: Shutting down and abandoning module GameplayTasksEditor (222)
[2019.05.05-19.50.25:329][168]LogModuleManager: Shutting down and abandoning module BehaviorTreeEditor (220)
[2019.05.05-19.50.25:329][168]LogModuleManager: Shutting down and abandoning module FunctionalTesting (218)
[2019.05.05-19.50.25:330][168]LogModuleManager: Shutting down and abandoning module CollisionAnalyzer (216)
[2019.05.05-19.50.25:330][168]LogModuleManager: Shutting down and abandoning module WorkspaceMenuStructure (215)
[2019.05.05-19.50.25:330][168]LogModuleManager: Shutting down and abandoning module UMG (212)
[2019.05.05-19.50.25:330][168]LogModuleManager: Shutting down and abandoning module UMGEditor (211)
[2019.05.05-19.50.25:330][168]LogModuleManager: Shutting down and abandoning module Sequencer (210)
[2019.05.05-19.50.25:331][168]LogModuleManager: Shutting down and abandoning module MessageLog (207)
[2019.05.05-19.50.25:331][168]LogModuleManager: Shutting down and abandoning module SlateReflector (202)
[2019.05.05-19.50.25:334][168]LogModuleManager: Shutting down and abandoning module Slate (200)
[2019.05.05-19.50.25:334][168]LogModuleManager: Shutting down and abandoning module EditorStyle (198)
[2019.05.05-19.50.25:336][168]LogModuleManager: Shutting down and abandoning module MRMesh (196)
[2019.05.05-19.50.25:336][168]LogModuleManager: Shutting down and abandoning module SourceCodeAccess (194)
[2019.05.05-19.50.25:336][168]LogModuleManager: Shutting down and abandoning module HeadMountedDisplay (192)
[2019.05.05-19.50.25:336][168]LogModuleManager: Shutting down and abandoning module XAudio2 (190)
[2019.05.05-19.50.25:336][168]LogModuleManager: Shutting down and abandoning module Networking (188)
[2019.05.05-19.50.25:336][168]LogModuleManager: Shutting down and abandoning module Core (186)
[2019.05.05-19.50.25:336][168]LogModuleManager: Shutting down and abandoning module LevelSequence (184)
[2019.05.05-19.50.25:336][168]LogModuleManager: Shutting down and abandoning module KismetCompiler (182)
[2019.05.05-19.50.25:336][168]LogModuleManager: Shutting down and abandoning module MeshUtilities (180)
[2019.05.05-19.50.25:336][168]LogModuleManager: Shutting down and abandoning module MeshMergeUtilities (179)
[2019.05.05-19.50.25:336][168]LogModuleManager: Shutting down and abandoning module MeshReductionInterface (178)
[2019.05.05-19.50.25:336][168]LogModuleManager: Shutting down and abandoning module SimplygonSwarm (177)
[2019.05.05-19.50.25:336][168]LogModuleManager: Shutting down and abandoning module ProxyLODMeshReduction (175)
[2019.05.05-19.50.25:337][168]LogModuleManager: Shutting down and abandoning module SimplygonMeshReduction (173)
[2019.05.05-19.50.25:337][168]LogModuleManager: Shutting down and abandoning module QuadricMeshReduction (171)
[2019.05.05-19.50.25:337][168]LogModuleManager: Shutting down and abandoning module MaterialBaking (167)
[2019.05.05-19.50.25:338][168]LogModuleManager: Shutting down and abandoning module DirectoryWatcher (163)
[2019.05.05-19.50.25:338][168]LogModuleManager: Shutting down and abandoning module DerivedDataCache (160)
[2019.05.05-19.50.25:366][168]LogDerivedDataCache: Shutdown
[2019.05.05-19.50.25:366][168]LogModuleManager: Shutting down and abandoning module XGEController (158)
[2019.05.05-19.50.25:366][168]LogXGEController: Cleaning working directory: C:/Users/Connor/AppData/Local/Temp/UnrealXGEWorkingDir/
[2019.05.05-19.50.25:366][168]LogModuleManager: Shutting down and abandoning module TargetPlatform (156)
[2019.05.05-19.50.25:366][168]LogModuleManager: Shutting down and abandoning module VulkanShaderFormat (155)
[2019.05.05-19.50.25:366][168]LogModuleManager: Shutting down and abandoning module ShaderFormatVectorVM (153)
[2019.05.05-19.50.25:366][168]LogModuleManager: Shutting down and abandoning module ShaderFormatOpenGL (151)
[2019.05.05-19.50.25:367][168]LogModuleManager: Shutting down and abandoning module ShaderFormatD3D (149)
[2019.05.05-19.50.25:367][168]LogModuleManager: Shutting down and abandoning module MetalShaderFormat (147)
[2019.05.05-19.50.25:367][168]LogModuleManager: Shutting down and abandoning module TextureFormatUncompressed (145)
[2019.05.05-19.50.25:367][168]LogModuleManager: Shutting down and abandoning module TextureFormatPVR (143)
[2019.05.05-19.50.25:367][168]LogModuleManager: Shutting down and abandoning module TextureFormatDXT (141)
[2019.05.05-19.50.25:367][168]LogModuleManager: Shutting down and abandoning module TextureFormatIntelISPCTexComp (139)
[2019.05.05-19.50.25:367][168]LogModuleManager: Shutting down and abandoning module TextureFormatASTC (137)
[2019.05.05-19.50.25:367][168]LogModuleManager: Shutting down and abandoning module ImageWrapper (136)
[2019.05.05-19.50.25:367][168]LogModuleManager: Shutting down and abandoning module TextureFormatAndroid (133)
[2019.05.05-19.50.25:367][168]LogModuleManager: Shutting down and abandoning module AudioFormatOpus (131)
[2019.05.05-19.50.25:367][168]LogModuleManager: Shutting down and abandoning module AudioFormatOgg (129)
[2019.05.05-19.50.25:367][168]LogModuleManager: Shutting down and abandoning module AudioFormatADPCM (127)
[2019.05.05-19.50.25:368][168]LogModuleManager: Shutting down and abandoning module LuminTargetPlatform (125)
[2019.05.05-19.50.25:368][168]LogModuleManager: Shutting down and abandoning module LinuxTargetPlatform (123)
[2019.05.05-19.50.25:368][168]LogModuleManager: Shutting down and abandoning module LinuxServerTargetPlatform (121)
[2019.05.05-19.50.25:368][168]LogModuleManager: Shutting down and abandoning module LinuxNoEditorTargetPlatform (119)
[2019.05.05-19.50.25:368][168]LogModuleManager: Shutting down and abandoning module LinuxClientTargetPlatform (117)
[2019.05.05-19.50.25:368][168]LogModuleManager: Shutting down and abandoning module TVOSTargetPlatform (115)
[2019.05.05-19.50.25:369][168]LogModuleManager: Shutting down and abandoning module Messaging (113)
[2019.05.05-19.50.25:369][168]LogModuleManager: Shutting down and abandoning module IOSTargetPlatform (111)
[2019.05.05-19.50.25:369][168]LogModuleManager: Shutting down and abandoning module HTML5TargetPlatform (109)
[2019.05.05-19.50.25:369][168]LogModuleManager: Shutting down and abandoning module AndroidTargetPlatform (107)
[2019.05.05-19.50.25:373][168]LogModuleManager: Shutting down and abandoning module WindowsTargetPlatform (105)
[2019.05.05-19.50.25:373][168]LogModuleManager: Shutting down and abandoning module WindowsServerTargetPlatform (103)
[2019.05.05-19.50.25:373][168]LogModuleManager: Shutting down and abandoning module WindowsNoEditorTargetPlatform (101)
[2019.05.05-19.50.25:373][168]LogModuleManager: Shutting down and abandoning module WindowsClientTargetPlatform (99)
[2019.05.05-19.50.25:373][168]LogModuleManager: Shutting down and abandoning module MacTargetPlatform (97)
[2019.05.05-19.50.25:373][168]LogModuleManager: Shutting down and abandoning module MacServerTargetPlatform (95)
[2019.05.05-19.50.25:373][168]LogModuleManager: Shutting down and abandoning module MacNoEditorTargetPlatform (93)
[2019.05.05-19.50.25:373][168]LogModuleManager: Shutting down and abandoning module MacClientTargetPlatform (91)
[2019.05.05-19.50.25:373][168]LogModuleManager: Shutting down and abandoning module AllDesktopTargetPlatform (89)
[2019.05.05-19.50.25:373][168]LogModuleManager: Shutting down and abandoning module InputCore (86)
[2019.05.05-19.50.25:373][168]LogModuleManager: Shutting down and abandoning module Settings (84)
[2019.05.05-19.50.25:373][168]LogModuleManager: Shutting down and abandoning module PhysXCooking (82)
[2019.05.05-19.50.25:373][168]LogModuleManager: Shutting down and abandoning module SteamVR (80)
[2019.05.05-19.50.25:373][168]LogHMD: Freeing OpenVRDLLHandle.
[2019.05.05-19.50.25:373][168]LogModuleManager: Shutting down and abandoning module OculusHMD (78)
[2019.05.05-19.50.25:373][168]LogModuleManager: Shutting down and abandoning module ExampleDeviceProfileSelector (76)
[2019.05.05-19.50.25:373][168]LogModuleManager: Shutting down and abandoning module LauncherChunkInstaller (74)
[2019.05.05-19.50.25:373][168]LogModuleManager: Shutting down and abandoning module OnlineBlueprintSupport (72)
[2019.05.05-19.50.25:373][168]LogModuleManager: Shutting down and abandoning module OnlineSubsystem (68)
[2019.05.05-19.50.25:374][168]LogModuleManager: Shutting down and abandoning module XMPP (63)
[2019.05.05-19.50.25:375][168]LogModuleManager: Shutting down and abandoning module WebSockets (62)
[2019.05.05-19.50.25:386][168]LogModuleManager: Shutting down and abandoning module HTTP (59)
[2019.05.05-19.50.25:386][168]LogHttp: Display: Http module shutting down, but needs to wait on 1 outstanding Http requests:
[2019.05.05-19.50.25:386][168]LogHttp: Display: 	verb=[POST] url=[https://datarouter.ol.epicgames.com/datarouter/api/v1/public/data?SessionID=%7B98239380-4D35-C5AD-22DE-65A0861828D1%7D&AppID=UEEditor.Rocket.Release&AppVersion=4.21.2-4753647%2B%2B%2BUE4%2BRelease-4.21&UserID=7eb2dd694336d8a8cfcf5ab71fb10cf9%7Cab42ae2a85794cd9ae0bb9c5fc3e9425%7Ca8b7700d-07ad-483a-aa91-89ea717a33bc&AppEnvironment=datacollector-binary&UploadType=eteventstream] status=Processing
[2019.05.05-19.50.25:415][168]LogModuleManager: Shutting down and abandoning module SSL (58)
[2019.05.05-19.50.25:416][168]LogModuleManager: Shutting down and abandoning module MagicLeapIdentity (54)
[2019.05.05-19.50.25:416][168]LogModuleManager: Shutting down and abandoning module MagicLeapHelperVulkan (52)
[2019.05.05-19.50.25:416][168]LogModuleManager: Shutting down and abandoning module MagicLeapHelperOpenGL (50)
[2019.05.05-19.50.25:416][168]LogModuleManager: Shutting down and abandoning module MagicLeapSecureStorage (48)
[2019.05.05-19.50.25:416][168]LogModuleManager: Shutting down and abandoning module MagicLeapHandTracking (46)
[2019.05.05-19.50.25:416][168]LogModuleManager: Shutting down and abandoning module MagicLeapEyeTracker (44)
[2019.05.05-19.50.25:416][168]LogModuleManager: Shutting down and abandoning module MagicLeapController (42)
[2019.05.05-19.50.25:416][168]LogSlate: Slate User Destroyed.  User Index 0, Is Virtual User: 0
[2019.05.05-19.50.25:416][168]LogModuleManager: Shutting down and abandoning module MagicLeap (40)
[2019.05.05-19.50.25:416][168]LogModuleManager: Shutting down and abandoning module DatasmithContent (38)
[2019.05.05-19.50.25:416][168]LogModuleManager: Shutting down and abandoning module AnimationModifiers (36)
[2019.05.05-19.50.25:417][168]LogModuleManager: Shutting down and abandoning module PropertyEditor (35)
[2019.05.05-19.50.25:417][168]LogModuleManager: Shutting down and abandoning module AudioEditor (32)
[2019.05.05-19.50.25:417][168]LogModuleManager: Shutting down and abandoning module TextureCompressor (30)
[2019.05.05-19.50.25:417][168]LogModuleManager: Shutting down and abandoning module ShaderCore (28)
[2019.05.05-19.50.25:417][168]LogModuleManager: Shutting down and abandoning module Landscape (26)
[2019.05.05-19.50.25:418][168]LogModuleManager: Shutting down and abandoning module SlateRHIRenderer (24)
[2019.05.05-19.50.25:418][168]LogModuleManager: Shutting down and abandoning module OpenGLDrv (22)
[2019.05.05-19.50.25:419][168]LogModuleManager: Shutting down and abandoning module D3D11RHI (20)
[2019.05.05-19.50.25:419][168]LogModuleManager: Shutting down and abandoning module AnimGraphRuntime (18)
[2019.05.05-19.50.25:419][168]LogModuleManager: Shutting down and abandoning module Renderer (16)
[2019.05.05-19.50.25:419][168]LogModuleManager: Shutting down and abandoning module Engine (14)
[2019.05.05-19.50.25:419][168]LogModuleManager: Shutting down and abandoning module CoreUObject (12)
[2019.05.05-19.50.25:419][168]LogModuleManager: Shutting down and abandoning module NetworkFile (10)
[2019.05.05-19.50.25:419][168]LogModuleManager: Shutting down and abandoning module CookedIterativeFile (8)
[2019.05.05-19.50.25:419][168]LogModuleManager: Shutting down and abandoning module StreamingFile (6)
[2019.05.05-19.50.25:419][168]LogModuleManager: Shutting down and abandoning module SandboxFile (4)
[2019.05.05-19.50.25:419][168]LogModuleManager: Shutting down and abandoning module PakFile (2)
[2019.05.05-19.50.25:432][168]LogExit: Exiting.
[2019.05.05-19.50.25:444][168]Log file closed, 05/05/19 12:50:25
