Log file open, 02/20/19 18:59:11
LogWindows: Failed to load 'aqProf.dll' (GetLastError=126)
LogWindows: File 'aqProf.dll' does not exist
LogWindows: Failed to load 'VtuneApi.dll' (GetLastError=126)
LogWindows: File 'VtuneApi.dll' does not exist
LogWindows: Failed to load 'VtuneApi32e.dll' (GetLastError=126)
LogWindows: File 'VtuneApi32e.dll' does not exist
LogConsoleResponse: Display: Failed to find resolution value strings in scalability ini. Falling back to default.
LogInit: Display: Running engine for game: HSPGame
LogPakFile: Registered encryption key '00000000000000000000000000000000': 0 pak files mounted, 0 remain pending
LogPlatformFile: Not using cached read wrapper
LogTaskGraph: Started task graph with 5 named threads and 35 total threads with 3 sets of task threads.
LogStats: Stats thread started at 0.528353
LogD3D11RHI: Loaded GFSDK_Aftermath_Lib.x64.dll
LogICUInternationalization: ICU TimeZone Detection - Raw Offset: -8:00, Platform Override: ''
LogPluginManager: Mounting plugin Paper2D
LogPluginManager: Mounting plugin AISupport
LogPluginManager: Mounting plugin LightPropagationVolume
LogPluginManager: Mounting plugin ActorLayerUtilities
LogPluginManager: Mounting plugin CLionSourceCodeAccess
LogPluginManager: Mounting plugin CodeLiteSourceCodeAccess
LogPluginManager: Mounting plugin GitSourceControl
LogPluginManager: Mounting plugin KDevelopSourceCodeAccess
LogPluginManager: Mounting plugin NullSourceCodeAccess
LogPluginManager: Mounting plugin PerforceSourceControl
LogPluginManager: Mounting plugin SubversionSourceControl
LogPluginManager: Mounting plugin UObjectPlugin
LogPluginManager: Mounting plugin VisualStudioCodeSourceCodeAccess
LogPluginManager: Mounting plugin VisualStudioSourceCodeAccess
LogPluginManager: Mounting plugin XCodeSourceCodeAccess
LogPluginManager: Mounting plugin AssetManagerEditor
LogPluginManager: Mounting plugin CryptoKeys
LogPluginManager: Mounting plugin DataValidation
LogPluginManager: Mounting plugin FacialAnimation
LogPluginManager: Mounting plugin GameplayTagsEditor
LogPluginManager: Mounting plugin MacGraphicsSwitching
LogPluginManager: Mounting plugin MeshEditor
LogPluginManager: Mounting plugin MobileLauncherProfileWizard
LogPluginManager: Mounting plugin PluginBrowser
LogPluginManager: Mounting plugin SpeedTreeImporter
LogPluginManager: Mounting plugin DatasmithContent
LogPluginManager: Mounting plugin VariantManagerContent
LogPluginManager: Mounting plugin AlembicImporter
LogPluginManager: Mounting plugin AppleImageUtils
LogPluginManager: Mounting plugin AppleVision
LogPluginManager: Mounting plugin BackChannel
LogPluginManager: Mounting plugin CharacterAI
LogPluginManager: Mounting plugin GeometryCache
LogPluginManager: Mounting plugin HTML5Networking
LogPluginManager: Mounting plugin ProxyLODPlugin
LogPluginManager: Mounting plugin MagicLeap
LogPluginManager: Mounting plugin MagicLeapMedia
LogPluginManager: Mounting plugin AndroidMedia
LogPluginManager: Mounting plugin AvfMedia
LogPluginManager: Mounting plugin ImgMedia
LogPluginManager: Mounting plugin LinearTimecode
LogPluginManager: Mounting plugin MediaCompositing
LogPluginManager: Mounting plugin MediaPlayerEditor
LogPluginManager: Mounting plugin WebMMedia
LogPluginManager: Mounting plugin WmfMedia
LogPluginManager: Mounting plugin TcpMessaging
LogPluginManager: Mounting plugin UdpMessaging
LogPluginManager: Mounting plugin ActorSequence
LogPluginManager: Mounting plugin LevelSequenceEditor
LogPluginManager: Mounting plugin MatineeToLevelSequence
LogPluginManager: Mounting plugin NetcodeUnitTest
LogPluginManager: Mounting plugin NUTUnrealEngine4
LogPluginManager: Mounting plugin OnlineSubsystemGooglePlay
LogPluginManager: Mounting plugin OnlineSubsystemIOS
LogPluginManager: Mounting plugin OnlineSubsystem
LogPluginManager: Mounting plugin OnlineSubsystemNull
LogPluginManager: Mounting plugin OnlineSubsystemUtils
LogPluginManager: Mounting plugin LauncherChunkInstaller
LogPluginManager: Mounting plugin AndroidDeviceProfileSelector
LogPluginManager: Mounting plugin AndroidMoviePlayer
LogPluginManager: Mounting plugin AndroidPermission
LogPluginManager: Mounting plugin AppleMoviePlayer
LogPluginManager: Mounting plugin ArchVisCharacter
LogPluginManager: Mounting plugin AudioCapture
LogPluginManager: Mounting plugin CableComponent
LogPluginManager: Mounting plugin CustomMeshComponent
LogPluginManager: Mounting plugin EditableMesh
LogPluginManager: Mounting plugin ExampleDeviceProfileSelector
LogPluginManager: Mounting plugin Firebase
LogPluginManager: Mounting plugin GoogleCloudMessaging
LogPluginManager: Mounting plugin IOSDeviceProfileSelector
LogPluginManager: Mounting plugin LinuxDeviceProfileSelector
LogPluginManager: Mounting plugin LocationServicesBPLibrary
LogPluginManager: Mounting plugin MobilePatchingUtils
LogPluginManager: Mounting plugin OculusVR
LogPluginManager: Mounting plugin PhysXVehicles
LogPluginManager: Mounting plugin ProceduralMeshComponent
LogPluginManager: Mounting plugin RuntimePhysXCooking
LogPluginManager: Mounting plugin SteamVR
LogPluginManager: Mounting plugin WebMMoviePlayer
LogPluginManager: Mounting plugin WindowsMoviePlayer
LogStreaming: Display: Took  0.092s to configure plugins.
LogInit: Using libcurl 7.55.1-DEV
LogInit:  - built for x86_64-pc-win32
LogInit:  - supports SSL with OpenSSL/1.0.2h
LogInit:  - supports HTTP deflate (compression) using libz 1.2.8
LogInit:  - other features:
LogInit:      CURL_VERSION_SSL
LogInit:      CURL_VERSION_LIBZ
LogInit:      CURL_VERSION_IPV6
LogInit:      CURL_VERSION_ASYNCHDNS
LogInit:      CURL_VERSION_LARGEFILE
LogInit:      CURL_VERSION_IDN
LogInit:  CurlRequestOptions (configurable via config and command line):
LogInit:  - bVerifyPeer = true  - Libcurl will verify peer certificate
LogInit:  - bUseHttpProxy = false  - Libcurl will NOT use HTTP proxy
LogInit:  - bDontReuseConnections = false  - Libcurl will reuse connections
LogInit:  - MaxHostConnections = 16  - Libcurl will limit the number of connections to a host
LogInit:  - LocalHostAddr = Default
LogInit:  - BufferSize = 65536
LogInit: WinSock: version 1.1 (2.2), MaxSocks=32767, MaxUdp=65467
LogInit: Build: ++UE4+Release-4.21-CL-4753647
LogInit: Engine Version: 4.21.2-4753647+++UE4+Release-4.21
LogInit: Compatible Engine Version: 4.21.0-4541578+++UE4+Release-4.21
LogInit: Net CL: 4541578
LogInit: OS: Windows 10 (), CPU: Intel(R) Core(TM) i7-8750H CPU @ 2.20GHz, GPU: Intel(R) UHD Graphics 630
LogInit: Compiled (64-bit): Jan 19 2019 02:07:31
LogInit: Compiled with Visual C++: 19.13.26129.00
LogInit: Build Configuration: Development
LogInit: Branch Name: ++UE4+Release-4.21
LogInit: Command Line:  -skipcompile
LogInit: Base Directory: C:/Program Files/Epic Games/UE_4.21/Engine/Binaries/Win64/
LogInit: Installed Engine Build: 1
LogDevObjectVersion: Number of dev versions registered: 22
LogDevObjectVersion:   Dev-Blueprints (B0D832E4-1F89-4F0D-ACCF-7EB736FD4AA2): 10
LogDevObjectVersion:   Dev-Build (E1C64328-A22C-4D53-A36C-8E866417BD8C): 0
LogDevObjectVersion:   Dev-Core (375EC13C-06E4-48FB-B500-84F0262A717E): 2
LogDevObjectVersion:   Dev-Editor (E4B068ED-F494-42E9-A231-DA0B2E46BB41): 26
LogDevObjectVersion:   Dev-Framework (CFFC743F-43B0-4480-9391-14DF171D2073): 34
LogDevObjectVersion:   Dev-Mobile (B02B49B5-BB20-44E9-A304-32B752E40360): 2
LogDevObjectVersion:   Dev-Networking (A4E4105C-59A1-49B5-A7C5-40C4547EDFEE): 0
LogDevObjectVersion:   Dev-Online (39C831C9-5AE6-47DC-9A44-9C173E1C8E7C): 0
LogDevObjectVersion:   Dev-Physics (78F01B33-EBEA-4F98-B9B4-84EACCB95AA2): 0
LogDevObjectVersion:   Dev-Platform (6631380F-2D4D-43E0-8009-CF276956A95A): 0
LogDevObjectVersion:   Dev-Rendering (12F88B9F-8875-4AFC-A67C-D90C383ABD29): 27
LogDevObjectVersion:   Dev-Sequencer (7B5AE74C-D270-4C10-A958-57980B212A5A): 9
LogDevObjectVersion:   Dev-VR (D7296918-1DD6-4BDD-9DE2-64A83CC13884): 2
LogDevObjectVersion:   Dev-LoadTimes (C2A15278-BFE7-4AFE-6C17-90FF531DF755): 1
LogDevObjectVersion:   Private-Geometry (6EACA3D4-40EC-4CC1-B786-8BED09428FC5): 3
LogDevObjectVersion:   Dev-AnimPhys (29E575DD-E0A3-4627-9D10-D276232CDCEA): 17
LogDevObjectVersion:   Dev-Anim (AF43A65D-7FD3-4947-9873-3E8ED9C1BB05): 2
LogDevObjectVersion:   Dev-ReflectionCapture (6B266CEC-1EC7-4B8F-A30B-E4D90942FC07): 1
LogDevObjectVersion:   Dev-Automation (0DF73D61-A23F-47EA-B727-89E90C41499A): 1
LogDevObjectVersion:   FortniteMain (601D1886-AC64-4F84-AA16-D3DE0DEAC7D6): 17
LogDevObjectVersion:   Dev-Enterprise (9DFFBCD6-494F-0158-E221-12823C92A888): 4
LogDevObjectVersion:   Dev-Niagara (F2AED0AC-9AFE-416F-8664-AA7FFA26D6FC): 1
LogStreaming: Display: Took  0.004s to delete old logs.
LogInit: Presizing for max 8388607 objects, including 0 objects not considered by GC, pre-allocating 0 bytes for permanent pool.
LogInit: Object subsystem initialized
LogConfig: Setting CVar [[con.DebugEarlyDefault:1]]
LogConfig: Setting CVar [[r.setres:1280x720]]
[2019.02.21-02.59.12:475][  0]LogConfig: Setting CVar [[r.VSync:0]]
[2019.02.21-02.59.12:475][  0]LogConfig: Setting CVar [[r.RHICmdBypass:0]]
[2019.02.21-02.59.12:475][  0]LogConfig: Applying CVar settings from Section [/Script/Engine.RendererSettings] File [C:/Users/Connor/Documents/CP-School/Senior Project/GitRepos/Senior-Project-CPP-Testground/Saved/Config/Windows/Engine.ini]
[2019.02.21-02.59.12:475][  0]LogConfig: Setting CVar [[r.GPUCrashDebugging:0]]
[2019.02.21-02.59.12:475][  0]LogConfig: Applying CVar settings from Section [/Script/Engine.RendererOverrideSettings] File [C:/Users/Connor/Documents/CP-School/Senior Project/GitRepos/Senior-Project-CPP-Testground/Saved/Config/Windows/Engine.ini]
[2019.02.21-02.59.12:475][  0]LogConfig: Applying CVar settings from Section [/Script/Engine.StreamingSettings] File [C:/Users/Connor/Documents/CP-School/Senior Project/GitRepos/Senior-Project-CPP-Testground/Saved/Config/Windows/Engine.ini]
[2019.02.21-02.59.12:475][  0]LogConfig: Setting CVar [[s.MinBulkDataSizeForAsyncLoading:131072]]
[2019.02.21-02.59.12:475][  0]LogConfig: Setting CVar [[s.AsyncLoadingThreadEnabled:0]]
[2019.02.21-02.59.12:475][  0]LogConfig: Setting CVar [[s.EventDrivenLoaderEnabled:1]]
[2019.02.21-02.59.12:475][  0]LogConfig: Setting CVar [[s.WarnIfTimeLimitExceeded:0]]
[2019.02.21-02.59.12:476][  0]LogConfig: Setting CVar [[s.TimeLimitExceededMultiplier:1.5]]
[2019.02.21-02.59.12:476][  0]LogConfig: Setting CVar [[s.TimeLimitExceededMinTime:0.005]]
[2019.02.21-02.59.12:476][  0]LogConfig: Setting CVar [[s.UseBackgroundLevelStreaming:1]]
[2019.02.21-02.59.12:476][  0]LogConfig: Setting CVar [[s.PriorityAsyncLoadingExtraTime:15.0]]
[2019.02.21-02.59.12:476][  0]LogConfig: Setting CVar [[s.LevelStreamingActorsUpdateTimeLimit:5.0]]
[2019.02.21-02.59.12:476][  0]LogConfig: Setting CVar [[s.PriorityLevelStreamingActorsUpdateExtraTime:5.0]]
[2019.02.21-02.59.12:476][  0]LogConfig: Setting CVar [[s.LevelStreamingComponentsRegistrationGranularity:10]]
[2019.02.21-02.59.12:476][  0]LogConfig: Setting CVar [[s.UnregisterComponentsTimeLimit:1.0]]
[2019.02.21-02.59.12:476][  0]LogConfig: Setting CVar [[s.LevelStreamingComponentsUnregistrationGranularity:5]]
[2019.02.21-02.59.12:476][  0]LogConfig: Applying CVar settings from Section [/Script/Engine.GarbageCollectionSettings] File [C:/Users/Connor/Documents/CP-School/Senior Project/GitRepos/Senior-Project-CPP-Testground/Saved/Config/Windows/Engine.ini]
[2019.02.21-02.59.12:476][  0]LogConfig: Setting CVar [[gc.MaxObjectsNotConsideredByGC:1]]
[2019.02.21-02.59.12:476][  0]LogConfig: Setting CVar [[gc.SizeOfPermanentObjectPool:0]]
[2019.02.21-02.59.12:476][  0]LogConfig: Setting CVar [[gc.FlushStreamingOnGC:0]]
[2019.02.21-02.59.12:476][  0]LogConfig: Setting CVar [[gc.NumRetriesBeforeForcingGC:10]]
[2019.02.21-02.59.12:476][  0]LogConfig: Setting CVar [[gc.AllowParallelGC:1]]
[2019.02.21-02.59.12:477][  0]LogConfig: Setting CVar [[gc.TimeBetweenPurgingPendingKillObjects:61.1]]
[2019.02.21-02.59.12:477][  0]LogConfig: Setting CVar [[gc.MaxObjectsInEditor:8388607]]
[2019.02.21-02.59.12:477][  0]LogConfig: Setting CVar [[gc.IncrementalBeginDestroyEnabled:1]]
[2019.02.21-02.59.12:477][  0]LogConfig: Setting CVar [[gc.CreateGCClusters:1]]
[2019.02.21-02.59.12:477][  0]LogConfig: Setting CVar [[gc.MergeGCClusters:0]]
[2019.02.21-02.59.12:477][  0]LogConfig: Setting CVar [[gc.MinGCClusterSize:5]]
[2019.02.21-02.59.12:477][  0]LogConfig: Setting CVar [[gc.ActorClusteringEnabled:0]]
[2019.02.21-02.59.12:477][  0]LogConfig: Setting CVar [[gc.BlueprintClusteringEnabled:0]]
[2019.02.21-02.59.12:477][  0]LogConfig: Setting CVar [[gc.UseDisregardForGCOnDedicatedServers:0]]
[2019.02.21-02.59.12:477][  0]LogConfig: Applying CVar settings from Section [/Script/Engine.NetworkSettings] File [C:/Users/Connor/Documents/CP-School/Senior Project/GitRepos/Senior-Project-CPP-Testground/Saved/Config/Windows/Engine.ini]
[2019.02.21-02.59.12:477][  0]LogConfig: Applying CVar settings from Section [/Script/UnrealEd.CookerSettings] File [C:/Users/Connor/Documents/CP-School/Senior Project/GitRepos/Senior-Project-CPP-Testground/Saved/Config/Windows/Engine.ini]
[2019.02.21-02.59.12:484][  0]LogConfig: Applying CVar settings from Section [ViewDistanceQuality@3] File [C:/Users/Connor/Documents/CP-School/Senior Project/GitRepos/Senior-Project-CPP-Testground/Saved/Config/Windows/Scalability.ini]
[2019.02.21-02.59.12:484][  0]LogConfig: Setting CVar [[r.SkeletalMeshLODBias:0]]
[2019.02.21-02.59.12:484][  0]LogConfig: Setting CVar [[r.ViewDistanceScale:1.0]]
[2019.02.21-02.59.12:484][  0]LogConfig: Applying CVar settings from Section [AntiAliasingQuality@3] File [C:/Users/Connor/Documents/CP-School/Senior Project/GitRepos/Senior-Project-CPP-Testground/Saved/Config/Windows/Scalability.ini]
[2019.02.21-02.59.12:484][  0]LogConfig: Setting CVar [[r.PostProcessAAQuality:4]]
[2019.02.21-02.59.12:484][  0]LogConfig: Applying CVar settings from Section [ShadowQuality@3] File [C:/Users/Connor/Documents/CP-School/Senior Project/GitRepos/Senior-Project-CPP-Testground/Saved/Config/Windows/Scalability.ini]
[2019.02.21-02.59.12:484][  0]LogConfig: Setting CVar [[r.LightFunctionQuality:1]]
[2019.02.21-02.59.12:484][  0]LogConfig: Setting CVar [[r.ShadowQuality:5]]
[2019.02.21-02.59.12:484][  0]LogConfig: Setting CVar [[r.Shadow.CSM.MaxCascades:10]]
[2019.02.21-02.59.12:484][  0]LogConfig: Setting CVar [[r.Shadow.MaxResolution:2048]]
[2019.02.21-02.59.12:485][  0]LogConfig: Setting CVar [[r.Shadow.MaxCSMResolution:2048]]
[2019.02.21-02.59.12:485][  0]LogConfig: Setting CVar [[r.Shadow.RadiusThreshold:0.01]]
[2019.02.21-02.59.12:485][  0]LogConfig: Setting CVar [[r.Shadow.DistanceScale:1.0]]
[2019.02.21-02.59.12:485][  0]LogConfig: Setting CVar [[r.Shadow.CSM.TransitionScale:1.0]]
[2019.02.21-02.59.12:485][  0]LogConfig: Setting CVar [[r.Shadow.PreShadowResolutionFactor:1.0]]
[2019.02.21-02.59.12:485][  0]LogConfig: Setting CVar [[r.DistanceFieldShadowing:1]]
[2019.02.21-02.59.12:485][  0]LogConfig: Setting CVar [[r.DistanceFieldAO:1]]
[2019.02.21-02.59.12:485][  0]LogConfig: Setting CVar [[r.AOQuality:2]]
[2019.02.21-02.59.12:485][  0]LogConfig: Setting CVar [[r.VolumetricFog:1]]
[2019.02.21-02.59.12:485][  0]LogConfig: Setting CVar [[r.VolumetricFog.GridPixelSize:8]]
[2019.02.21-02.59.12:485][  0]LogConfig: Setting CVar [[r.VolumetricFog.GridSizeZ:128]]
[2019.02.21-02.59.12:485][  0]LogConfig: Setting CVar [[r.VolumetricFog.HistoryMissSupersampleCount:4]]
[2019.02.21-02.59.12:485][  0]LogConfig: Setting CVar [[r.LightMaxDrawDistanceScale:1]]
[2019.02.21-02.59.12:485][  0]LogConfig: Setting CVar [[r.CapsuleShadows:1]]
[2019.02.21-02.59.12:485][  0]LogConfig: Applying CVar settings from Section [PostProcessQuality@3] File [C:/Users/Connor/Documents/CP-School/Senior Project/GitRepos/Senior-Project-CPP-Testground/Saved/Config/Windows/Scalability.ini]
[2019.02.21-02.59.12:485][  0]LogConfig: Setting CVar [[r.MotionBlurQuality:4]]
[2019.02.21-02.59.12:486][  0]LogConfig: Setting CVar [[r.AmbientOcclusionMipLevelFactor:0.4]]
[2019.02.21-02.59.12:486][  0]LogConfig: Setting CVar [[r.AmbientOcclusionMaxQuality:100]]
[2019.02.21-02.59.12:486][  0]LogConfig: Setting CVar [[r.AmbientOcclusionLevels:-1]]
[2019.02.21-02.59.12:486][  0]LogConfig: Setting CVar [[r.AmbientOcclusionRadiusScale:1.0]]
[2019.02.21-02.59.12:486][  0]LogConfig: Setting CVar [[r.DepthOfFieldQuality:2]]
[2019.02.21-02.59.12:486][  0]LogConfig: Setting CVar [[r.RenderTargetPoolMin:400]]
[2019.02.21-02.59.12:486][  0]LogConfig: Setting CVar [[r.LensFlareQuality:2]]
[2019.02.21-02.59.12:486][  0]LogConfig: Setting CVar [[r.SceneColorFringeQuality:1]]
[2019.02.21-02.59.12:486][  0]LogConfig: Setting CVar [[r.EyeAdaptationQuality:2]]
[2019.02.21-02.59.12:486][  0]LogConfig: Setting CVar [[r.BloomQuality:5]]
[2019.02.21-02.59.12:486][  0]LogConfig: Setting CVar [[r.FastBlurThreshold:100]]
[2019.02.21-02.59.12:486][  0]LogConfig: Setting CVar [[r.Upscale.Quality:3]]
[2019.02.21-02.59.12:486][  0]LogConfig: Setting CVar [[r.Tonemapper.GrainQuantization:1]]
[2019.02.21-02.59.12:486][  0]LogConfig: Setting CVar [[r.LightShaftQuality:1]]
[2019.02.21-02.59.12:486][  0]LogConfig: Setting CVar [[r.Filter.SizeScale:1]]
[2019.02.21-02.59.12:486][  0]LogConfig: Setting CVar [[r.Tonemapper.Quality:5]]
[2019.02.21-02.59.12:486][  0]LogConfig: Setting CVar [[r.DOF.Gather.AccumulatorQuality:1        ; higher gathering accumulator quality]]
[2019.02.21-02.59.12:486][  0]LogConfig: Setting CVar [[r.DOF.Gather.PostfilterMethod:1          ; Median3x3 postfilering method]]
[2019.02.21-02.59.12:487][  0]LogConfig: Setting CVar [[r.DOF.Gather.EnableBokehSettings:0       ; no bokeh simulation when gathering]]
[2019.02.21-02.59.12:487][  0]LogConfig: Setting CVar [[r.DOF.Gather.RingCount:4                 ; medium number of samples when gathering]]
[2019.02.21-02.59.12:487][  0]LogConfig: Setting CVar [[r.DOF.Scatter.ForegroundCompositing:1    ; additive foreground scattering]]
[2019.02.21-02.59.12:487][  0]LogConfig: Setting CVar [[r.DOF.Scatter.BackgroundCompositing:2    ; additive background scattering]]
[2019.02.21-02.59.12:487][  0]LogConfig: Setting CVar [[r.DOF.Scatter.EnableBokehSettings:1      ; bokeh simulation when scattering]]
[2019.02.21-02.59.12:487][  0]LogConfig: Setting CVar [[r.DOF.Scatter.MaxSpriteRatio:0.1         ; only a maximum of 10% of scattered bokeh]]
[2019.02.21-02.59.12:487][  0]LogConfig: Setting CVar [[r.DOF.Recombine.Quality:1                ; cheap slight out of focus]]
[2019.02.21-02.59.12:487][  0]LogConfig: Setting CVar [[r.DOF.Recombine.EnableBokehSettings:0    ; no bokeh simulation on slight out of focus]]
[2019.02.21-02.59.12:487][  0]LogConfig: Setting CVar [[r.DOF.TemporalAAQuality:1                ; more stable temporal accumulation]]
[2019.02.21-02.59.12:487][  0]LogConfig: Setting CVar [[r.DOF.Kernel.MaxForegroundRadius:0.025]]
[2019.02.21-02.59.12:487][  0]LogConfig: Setting CVar [[r.DOF.Kernel.MaxBackgroundRadius:0.025]]
[2019.02.21-02.59.12:487][  0]LogConfig: Applying CVar settings from Section [TextureQuality@3] File [C:/Users/Connor/Documents/CP-School/Senior Project/GitRepos/Senior-Project-CPP-Testground/Saved/Config/Windows/Scalability.ini]
[2019.02.21-02.59.12:487][  0]LogConfig: Setting CVar [[r.Streaming.MipBias:0]]
[2019.02.21-02.59.12:487][  0]LogConfig: Setting CVar [[r.Streaming.AmortizeCPUToGPUCopy:0]]
[2019.02.21-02.59.12:487][  0]LogConfig: Setting CVar [[r.Streaming.MaxNumTexturesToStreamPerFrame:0]]
[2019.02.21-02.59.12:487][  0]LogConfig: Setting CVar [[r.Streaming.Boost:1]]
[2019.02.21-02.59.12:488][  0]LogConfig: Setting CVar [[r.MaxAnisotropy:8]]
[2019.02.21-02.59.12:488][  0]LogConfig: Setting CVar [[r.Streaming.LimitPoolSizeToVRAM:0]]
[2019.02.21-02.59.12:488][  0]LogConfig: Setting CVar [[r.Streaming.PoolSize:1000]]
[2019.02.21-02.59.12:488][  0]LogConfig: Setting CVar [[r.Streaming.MaxEffectiveScreenSize:0]]
[2019.02.21-02.59.12:488][  0]LogConfig: Applying CVar settings from Section [EffectsQuality@3] File [C:/Users/Connor/Documents/CP-School/Senior Project/GitRepos/Senior-Project-CPP-Testground/Saved/Config/Windows/Scalability.ini]
[2019.02.21-02.59.12:488][  0]LogConfig: Setting CVar [[r.TranslucencyLightingVolumeDim:64]]
[2019.02.21-02.59.12:488][  0]LogConfig: Setting CVar [[r.RefractionQuality:2]]
[2019.02.21-02.59.12:488][  0]LogConfig: Setting CVar [[r.SSR.Quality:3]]
[2019.02.21-02.59.12:488][  0]LogConfig: Setting CVar [[r.SceneColorFormat:4]]
[2019.02.21-02.59.12:488][  0]LogConfig: Setting CVar [[r.DetailMode:2]]
[2019.02.21-02.59.12:488][  0]LogConfig: Setting CVar [[r.TranslucencyVolumeBlur:1]]
[2019.02.21-02.59.12:488][  0]LogConfig: Setting CVar [[r.MaterialQualityLevel:1 ; High quality]]
[2019.02.21-02.59.12:488][  0]LogConfig: Setting CVar [[r.SSS.Scale:1]]
[2019.02.21-02.59.12:488][  0]LogConfig: Setting CVar [[r.SSS.SampleSet:2]]
[2019.02.21-02.59.12:488][  0]LogConfig: Setting CVar [[r.SSS.Quality:1]]
[2019.02.21-02.59.12:488][  0]LogConfig: Setting CVar [[r.SSS.HalfRes:1]]
[2019.02.21-02.59.12:488][  0]LogConfig: Setting CVar [[r.EmitterSpawnRateScale:1.0]]
[2019.02.21-02.59.12:488][  0]LogConfig: Setting CVar [[r.ParticleLightQuality:2]]
[2019.02.21-02.59.12:489][  0]LogConfig: Applying CVar settings from Section [FoliageQuality@3] File [C:/Users/Connor/Documents/CP-School/Senior Project/GitRepos/Senior-Project-CPP-Testground/Saved/Config/Windows/Scalability.ini]
[2019.02.21-02.59.12:489][  0]LogConfig: Setting CVar [[foliage.DensityScale:1.0]]
[2019.02.21-02.59.12:489][  0]LogConfig: Setting CVar [[grass.DensityScale:1.0]]
[2019.02.21-02.59.12:489][  0]LogInit: Selected Device Profile: [Windows]
[2019.02.21-02.59.12:489][  0]LogInit: Applying CVar settings loaded from the selected device profile: [Windows]
[2019.02.21-02.59.12:503][  0]LogHAL: Display: Platform has ~ 16 GB [17015799808 / 17179869184 / 16], which maps to Larger [LargestMinGB=32, LargerMinGB=12, DefaultMinGB=8, SmallerMinGB=6, SmallestMinGB=0)
[2019.02.21-02.59.12:503][  0]LogConfig: Setting CVar [[r.Vulkan.UseRealUBs:1]]
[2019.02.21-02.59.12:503][  0]LogInit: Going up to parent DeviceProfile []
[2019.02.21-02.59.12:503][  0]LogConfig: Applying CVar settings from Section [ViewDistanceQuality@3] File [C:/Users/Connor/Documents/CP-School/Senior Project/GitRepos/Senior-Project-CPP-Testground/Saved/Config/Windows/Scalability.ini]
[2019.02.21-02.59.12:503][  0]LogConfig: Setting CVar [[r.SkeletalMeshLODBias:0]]
[2019.02.21-02.59.12:503][  0]LogConfig: Setting CVar [[r.ViewDistanceScale:1.0]]
[2019.02.21-02.59.12:503][  0]LogConfig: Applying CVar settings from Section [AntiAliasingQuality@3] File [C:/Users/Connor/Documents/CP-School/Senior Project/GitRepos/Senior-Project-CPP-Testground/Saved/Config/Windows/Scalability.ini]
[2019.02.21-02.59.12:503][  0]LogConfig: Setting CVar [[r.PostProcessAAQuality:4]]
[2019.02.21-02.59.12:504][  0]LogConfig: Applying CVar settings from Section [ShadowQuality@3] File [C:/Users/Connor/Documents/CP-School/Senior Project/GitRepos/Senior-Project-CPP-Testground/Saved/Config/Windows/Scalability.ini]
[2019.02.21-02.59.12:504][  0]LogConfig: Setting CVar [[r.LightFunctionQuality:1]]
[2019.02.21-02.59.12:504][  0]LogConfig: Setting CVar [[r.ShadowQuality:5]]
[2019.02.21-02.59.12:504][  0]LogConfig: Setting CVar [[r.Shadow.CSM.MaxCascades:10]]
[2019.02.21-02.59.12:504][  0]LogConfig: Setting CVar [[r.Shadow.MaxResolution:2048]]
[2019.02.21-02.59.12:504][  0]LogConfig: Setting CVar [[r.Shadow.MaxCSMResolution:2048]]
[2019.02.21-02.59.12:504][  0]LogConfig: Setting CVar [[r.Shadow.RadiusThreshold:0.01]]
[2019.02.21-02.59.12:504][  0]LogConfig: Setting CVar [[r.Shadow.DistanceScale:1.0]]
[2019.02.21-02.59.12:504][  0]LogConfig: Setting CVar [[r.Shadow.CSM.TransitionScale:1.0]]
[2019.02.21-02.59.12:504][  0]LogConfig: Setting CVar [[r.Shadow.PreShadowResolutionFactor:1.0]]
[2019.02.21-02.59.12:504][  0]LogConfig: Setting CVar [[r.DistanceFieldShadowing:1]]
[2019.02.21-02.59.12:504][  0]LogConfig: Setting CVar [[r.DistanceFieldAO:1]]
[2019.02.21-02.59.12:504][  0]LogConfig: Setting CVar [[r.AOQuality:2]]
[2019.02.21-02.59.12:504][  0]LogConfig: Setting CVar [[r.VolumetricFog:1]]
[2019.02.21-02.59.12:504][  0]LogConfig: Setting CVar [[r.VolumetricFog.GridPixelSize:8]]
[2019.02.21-02.59.12:505][  0]LogConfig: Setting CVar [[r.VolumetricFog.GridSizeZ:128]]
[2019.02.21-02.59.12:505][  0]LogConfig: Setting CVar [[r.VolumetricFog.HistoryMissSupersampleCount:4]]
[2019.02.21-02.59.12:505][  0]LogConfig: Setting CVar [[r.LightMaxDrawDistanceScale:1]]
[2019.02.21-02.59.12:505][  0]LogConfig: Setting CVar [[r.CapsuleShadows:1]]
[2019.02.21-02.59.12:505][  0]LogConfig: Applying CVar settings from Section [PostProcessQuality@3] File [C:/Users/Connor/Documents/CP-School/Senior Project/GitRepos/Senior-Project-CPP-Testground/Saved/Config/Windows/Scalability.ini]
[2019.02.21-02.59.12:505][  0]LogConfig: Setting CVar [[r.MotionBlurQuality:4]]
[2019.02.21-02.59.12:505][  0]LogConfig: Setting CVar [[r.AmbientOcclusionMipLevelFactor:0.4]]
[2019.02.21-02.59.12:505][  0]LogConfig: Setting CVar [[r.AmbientOcclusionMaxQuality:100]]
[2019.02.21-02.59.12:505][  0]LogConfig: Setting CVar [[r.AmbientOcclusionLevels:-1]]
[2019.02.21-02.59.12:505][  0]LogConfig: Setting CVar [[r.AmbientOcclusionRadiusScale:1.0]]
[2019.02.21-02.59.12:505][  0]LogConfig: Setting CVar [[r.DepthOfFieldQuality:2]]
[2019.02.21-02.59.12:505][  0]LogConfig: Setting CVar [[r.RenderTargetPoolMin:400]]
[2019.02.21-02.59.12:505][  0]LogConfig: Setting CVar [[r.LensFlareQuality:2]]
[2019.02.21-02.59.12:505][  0]LogConfig: Setting CVar [[r.SceneColorFringeQuality:1]]
[2019.02.21-02.59.12:505][  0]LogConfig: Setting CVar [[r.EyeAdaptationQuality:2]]
[2019.02.21-02.59.12:505][  0]LogConfig: Setting CVar [[r.BloomQuality:5]]
[2019.02.21-02.59.12:506][  0]LogConfig: Setting CVar [[r.FastBlurThreshold:100]]
[2019.02.21-02.59.12:506][  0]LogConfig: Setting CVar [[r.Upscale.Quality:3]]
[2019.02.21-02.59.12:506][  0]LogConfig: Setting CVar [[r.Tonemapper.GrainQuantization:1]]
[2019.02.21-02.59.12:506][  0]LogConfig: Setting CVar [[r.LightShaftQuality:1]]
[2019.02.21-02.59.12:506][  0]LogConfig: Setting CVar [[r.Filter.SizeScale:1]]
[2019.02.21-02.59.12:506][  0]LogConfig: Setting CVar [[r.Tonemapper.Quality:5]]
[2019.02.21-02.59.12:506][  0]LogConfig: Setting CVar [[r.DOF.Gather.AccumulatorQuality:1        ; higher gathering accumulator quality]]
[2019.02.21-02.59.12:506][  0]LogConfig: Setting CVar [[r.DOF.Gather.PostfilterMethod:1          ; Median3x3 postfilering method]]
[2019.02.21-02.59.12:506][  0]LogConfig: Setting CVar [[r.DOF.Gather.EnableBokehSettings:0       ; no bokeh simulation when gathering]]
[2019.02.21-02.59.12:506][  0]LogConfig: Setting CVar [[r.DOF.Gather.RingCount:4                 ; medium number of samples when gathering]]
[2019.02.21-02.59.12:506][  0]LogConfig: Setting CVar [[r.DOF.Scatter.ForegroundCompositing:1    ; additive foreground scattering]]
[2019.02.21-02.59.12:506][  0]LogConfig: Setting CVar [[r.DOF.Scatter.BackgroundCompositing:2    ; additive background scattering]]
[2019.02.21-02.59.12:507][  0]LogConfig: Setting CVar [[r.DOF.Scatter.EnableBokehSettings:1      ; bokeh simulation when scattering]]
[2019.02.21-02.59.12:507][  0]LogConfig: Setting CVar [[r.DOF.Scatter.MaxSpriteRatio:0.1         ; only a maximum of 10% of scattered bokeh]]
[2019.02.21-02.59.12:507][  0]LogConfig: Setting CVar [[r.DOF.Recombine.Quality:1                ; cheap slight out of focus]]
[2019.02.21-02.59.12:507][  0]LogConfig: Setting CVar [[r.DOF.Recombine.EnableBokehSettings:0    ; no bokeh simulation on slight out of focus]]
[2019.02.21-02.59.12:507][  0]LogConfig: Setting CVar [[r.DOF.TemporalAAQuality:1                ; more stable temporal accumulation]]
[2019.02.21-02.59.12:507][  0]LogConfig: Setting CVar [[r.DOF.Kernel.MaxForegroundRadius:0.025]]
[2019.02.21-02.59.12:507][  0]LogConfig: Setting CVar [[r.DOF.Kernel.MaxBackgroundRadius:0.025]]
[2019.02.21-02.59.12:507][  0]LogConfig: Applying CVar settings from Section [TextureQuality@3] File [C:/Users/Connor/Documents/CP-School/Senior Project/GitRepos/Senior-Project-CPP-Testground/Saved/Config/Windows/Scalability.ini]
[2019.02.21-02.59.12:507][  0]LogConfig: Setting CVar [[r.Streaming.MipBias:0]]
[2019.02.21-02.59.12:507][  0]LogConfig: Setting CVar [[r.Streaming.AmortizeCPUToGPUCopy:0]]
[2019.02.21-02.59.12:507][  0]LogConfig: Setting CVar [[r.Streaming.MaxNumTexturesToStreamPerFrame:0]]
[2019.02.21-02.59.12:507][  0]LogConfig: Setting CVar [[r.Streaming.Boost:1]]
[2019.02.21-02.59.12:507][  0]LogConfig: Setting CVar [[r.MaxAnisotropy:8]]
[2019.02.21-02.59.12:507][  0]LogConfig: Setting CVar [[r.Streaming.LimitPoolSizeToVRAM:0]]
[2019.02.21-02.59.12:507][  0]LogConfig: Setting CVar [[r.Streaming.PoolSize:1000]]
[2019.02.21-02.59.12:508][  0]LogConfig: Setting CVar [[r.Streaming.MaxEffectiveScreenSize:0]]
[2019.02.21-02.59.12:508][  0]LogConfig: Applying CVar settings from Section [EffectsQuality@3] File [C:/Users/Connor/Documents/CP-School/Senior Project/GitRepos/Senior-Project-CPP-Testground/Saved/Config/Windows/Scalability.ini]
[2019.02.21-02.59.12:508][  0]LogConfig: Setting CVar [[r.TranslucencyLightingVolumeDim:64]]
[2019.02.21-02.59.12:508][  0]LogConfig: Setting CVar [[r.RefractionQuality:2]]
[2019.02.21-02.59.12:508][  0]LogConfig: Setting CVar [[r.SSR.Quality:3]]
[2019.02.21-02.59.12:508][  0]LogConfig: Setting CVar [[r.SceneColorFormat:4]]
[2019.02.21-02.59.12:508][  0]LogConfig: Setting CVar [[r.DetailMode:2]]
[2019.02.21-02.59.12:508][  0]LogConfig: Setting CVar [[r.TranslucencyVolumeBlur:1]]
[2019.02.21-02.59.12:508][  0]LogConfig: Setting CVar [[r.MaterialQualityLevel:1 ; High quality]]
[2019.02.21-02.59.12:508][  0]LogConfig: Setting CVar [[r.SSS.Scale:1]]
[2019.02.21-02.59.12:508][  0]LogConfig: Setting CVar [[r.SSS.SampleSet:2]]
[2019.02.21-02.59.12:508][  0]LogConfig: Setting CVar [[r.SSS.Quality:1]]
[2019.02.21-02.59.12:508][  0]LogConfig: Setting CVar [[r.SSS.HalfRes:1]]
[2019.02.21-02.59.12:508][  0]LogConfig: Setting CVar [[r.EmitterSpawnRateScale:1.0]]
[2019.02.21-02.59.12:508][  0]LogConfig: Setting CVar [[r.ParticleLightQuality:2]]
[2019.02.21-02.59.12:509][  0]LogConfig: Applying CVar settings from Section [FoliageQuality@3] File [C:/Users/Connor/Documents/CP-School/Senior Project/GitRepos/Senior-Project-CPP-Testground/Saved/Config/Windows/Scalability.ini]
[2019.02.21-02.59.12:509][  0]LogConfig: Setting CVar [[foliage.DensityScale:1.0]]
[2019.02.21-02.59.12:509][  0]LogConfig: Setting CVar [[grass.DensityScale:1.0]]
[2019.02.21-02.59.12:509][  0]LogConfig: Applying CVar settings from Section [Startup] File [../../../Engine/Config/ConsoleVariables.ini]
[2019.02.21-02.59.12:509][  0]LogConfig: Setting CVar [[net.UseAdaptiveNetUpdateFrequency:0]]
[2019.02.21-02.59.12:509][  0]LogConfig: Applying CVar settings from Section [ConsoleVariables] File [C:/Users/Connor/Documents/CP-School/Senior Project/GitRepos/Senior-Project-CPP-Testground/Saved/Config/Windows/Engine.ini]
[2019.02.21-02.59.12:509][  0]LogInit: Computer: UNIT-01-CON
[2019.02.21-02.59.12:509][  0]LogInit: User: Connor
[2019.02.21-02.59.12:509][  0]LogInit: CPU Page size=4096, Cores=6
[2019.02.21-02.59.12:509][  0]LogInit: High frequency timer resolution =2.156251 MHz
[2019.02.21-02.59.12:510][  0]LogMemory: Memory total: Physical=15.8GB (16GB approx)
[2019.02.21-02.59.12:510][  0]LogMemory: Platform Memory Stats for Windows
[2019.02.21-02.59.12:510][  0]LogMemory: Process Physical Memory: 104.77 MB used, 104.77 MB peak
[2019.02.21-02.59.12:510][  0]LogMemory: Process Virtual Memory: 99.12 MB used, 99.12 MB peak
[2019.02.21-02.59.12:510][  0]LogMemory: Physical Memory: 7883.26 MB used,  8344.27 MB free, 16227.53 MB total
[2019.02.21-02.59.12:510][  0]LogMemory: Virtual Memory: 4677.05 MB used,  134213048.00 MB free, 134217728.00 MB total
[2019.02.21-02.59.12:622][  0]LogInit: Using OS detected language (en-US).
[2019.02.21-02.59.12:622][  0]LogInit: Using OS detected locale (en-US).
[2019.02.21-02.59.12:623][  0]LogTextLocalizationManager: No specific localization for 'en-US' exists, so the 'en' localization will be used.
[2019.02.21-02.59.12:972][  0]LogStreaming: Display: Took  0.350s to InitEngineTextLocalization.
[2019.02.21-02.59.13:041][  0]LogSlate: New Slate User Created.  User Index 0, Is Virtual User: 0
[2019.02.21-02.59.13:041][  0]LogSlate: Slate User Registered.  User Index 0, Is Virtual User: 0
[2019.02.21-02.59.13:259][  0]LogHMD: Failed to initialize OpenVR with code 110
[2019.02.21-02.59.13:259][  0]LogD3D11RHI: D3D11 adapters:
[2019.02.21-02.59.14:271][  0]LogD3D11RHI:    0. 'NVIDIA GeForce GTX 1070 with Max-Q Design' (Feature Level 11_0)
[2019.02.21-02.59.14:271][  0]LogD3D11RHI:       8081/0/8113 MB DedicatedVideo/DedicatedSystem/SharedSystem, Outputs:1, VendorId:0x10de
[2019.02.21-02.59.14:294][  0]LogD3D11RHI:    1. 'Intel(R) UHD Graphics 630' (Feature Level 11_0)
[2019.02.21-02.59.14:294][  0]LogD3D11RHI:       128/0/8113 MB DedicatedVideo/DedicatedSystem/SharedSystem, Outputs:0, VendorId:0x8086
[2019.02.21-02.59.14:298][  0]LogD3D11RHI:    2. 'Microsoft Basic Render Driver' (Feature Level 11_0)
[2019.02.21-02.59.14:298][  0]LogD3D11RHI:       0/0/8113 MB DedicatedVideo/DedicatedSystem/SharedSystem, Outputs:0, VendorId:0x1414
[2019.02.21-02.59.14:298][  0]LogD3D11RHI: Chosen D3D11 Adapter: 0
[2019.02.21-02.59.14:326][  0]LogD3D11RHI: Creating new Direct3DDevice
[2019.02.21-02.59.14:327][  0]LogD3D11RHI:     GPU DeviceId: 0x1ba1 (for the marketing name, search the web for "GPU Device Id")
[2019.02.21-02.59.14:327][  0]LogWindows: EnumDisplayDevices:
[2019.02.21-02.59.14:327][  0]LogWindows:    0. 'Intel(R) UHD Graphics 630' (P:1 D:1)
[2019.02.21-02.59.14:328][  0]LogWindows:    1. 'Intel(R) UHD Graphics 630' (P:0 D:0)
[2019.02.21-02.59.14:328][  0]LogWindows:    2. 'Intel(R) UHD Graphics 630' (P:0 D:0)
[2019.02.21-02.59.14:328][  0]LogWindows:    3. 'NVIDIA GeForce GTX 1070 with Max-Q Design' (P:0 D:0)
[2019.02.21-02.59.14:329][  0]LogWindows:    4. 'NVIDIA GeForce GTX 1070 with Max-Q Design' (P:0 D:0)
[2019.02.21-02.59.14:329][  0]LogWindows:    5. 'NVIDIA GeForce GTX 1070 with Max-Q Design' (P:0 D:0)
[2019.02.21-02.59.14:329][  0]LogWindows:    6. 'NVIDIA GeForce GTX 1070 with Max-Q Design' (P:0 D:0)
[2019.02.21-02.59.14:329][  0]LogWindows: DebugString: PrimaryIsNotTheChoosenAdapter PrimaryIsNotTheChoosenAdapter PrimaryIsNotTheChoosenAdapter FoundDriverCount:4 
[2019.02.21-02.59.14:329][  0]LogD3D11RHI:     Adapter Name: NVIDIA GeForce GTX 1070 with Max-Q Design
[2019.02.21-02.59.14:329][  0]LogD3D11RHI:   Driver Version: 416.34 (internal:25.21.14.1634, unified:416.34)
[2019.02.21-02.59.14:329][  0]LogD3D11RHI:      Driver Date: 10-10-2018
[2019.02.21-02.59.14:330][  0]LogRHI: Texture pool is 5656 MB (70% of 8081 MB)
[2019.02.21-02.59.14:383][  0]LogD3D11RHI: Async texture creation enabled
[2019.02.21-02.59.14:415][  0]LogD3D11RHI: GPU Timing Frequency: 1000.000000 (Debug: 2 2)
[2019.02.21-02.59.14:731][  0]LogTemp: Display: Loaded TP AllDesktopTargetPlatform
[2019.02.21-02.59.14:749][  0]LogTemp: Display: Loaded TP MacClientTargetPlatform
[2019.02.21-02.59.14:769][  0]LogTemp: Display: Loaded TP MacNoEditorTargetPlatform
[2019.02.21-02.59.14:789][  0]LogTemp: Display: Loaded TP MacServerTargetPlatform
[2019.02.21-02.59.14:808][  0]LogTemp: Display: Loaded TP MacTargetPlatform
[2019.02.21-02.59.14:826][  0]LogTemp: Display: Loaded TP WindowsClientTargetPlatform
[2019.02.21-02.59.14:847][  0]LogTemp: Display: Loaded TP WindowsNoEditorTargetPlatform
[2019.02.21-02.59.14:864][  0]LogTemp: Display: Loaded TP WindowsServerTargetPlatform
[2019.02.21-02.59.14:878][  0]LogTemp: Display: Loaded TP WindowsTargetPlatform
[2019.02.21-02.59.14:953][  0]LogTemp: Display: Loaded TP AndroidTargetPlatform
[2019.02.21-02.59.14:953][  0]LogTemp: Display: Loaded TP AndroidTargetPlatform
[2019.02.21-02.59.14:953][  0]LogTemp: Display: Loaded TP AndroidTargetPlatform
[2019.02.21-02.59.14:953][  0]LogTemp: Display: Loaded TP AndroidTargetPlatform
[2019.02.21-02.59.14:953][  0]LogTemp: Display: Loaded TP AndroidTargetPlatform
[2019.02.21-02.59.14:953][  0]LogTemp: Display: Loaded TP AndroidTargetPlatform
[2019.02.21-02.59.14:954][  0]LogTemp: Display: Loaded TP AndroidTargetPlatform
[2019.02.21-02.59.14:954][  0]LogTemp: Display: Loaded TP AndroidTargetPlatform
[2019.02.21-02.59.14:954][  0]LogTemp: Display: Loaded TP AndroidTargetPlatform
[2019.02.21-02.59.14:954][  0]LogTemp: Display: Loaded TP AndroidTargetPlatform
[2019.02.21-02.59.14:954][  0]LogTemp: Display: Loaded TP AndroidTargetPlatform
[2019.02.21-02.59.14:954][  0]LogTemp: Display: Loaded TP AndroidTargetPlatform
[2019.02.21-02.59.14:954][  0]LogTemp: Display: Loaded TP AndroidTargetPlatform
[2019.02.21-02.59.14:954][  0]LogTemp: Display: Loaded TP AndroidTargetPlatform
[2019.02.21-02.59.14:954][  0]LogTemp: Display: Loaded TP AndroidTargetPlatform
[2019.02.21-02.59.14:954][  0]LogTemp: Display: Loaded TP AndroidTargetPlatform
[2019.02.21-02.59.14:954][  0]LogTemp: Display: Loaded TP AndroidTargetPlatform
[2019.02.21-02.59.14:954][  0]LogTemp: Display: Loaded TP AndroidTargetPlatform
[2019.02.21-02.59.14:959][  0]LogTemp: Display: Loaded TP HTML5TargetPlatform
[2019.02.21-02.59.15:034][  0]LogTemp: Display: Loaded TP IOSTargetPlatform
[2019.02.21-02.59.15:034][  0]LogTemp: Display: Loaded TP IOSTargetPlatform
[2019.02.21-02.59.15:059][  0]LogTemp: Display: Loaded TP TVOSTargetPlatform
[2019.02.21-02.59.15:059][  0]LogTemp: Display: Loaded TP TVOSTargetPlatform
[2019.02.21-02.59.15:074][  0]LogTemp: Display: Loaded TP LinuxClientTargetPlatform
[2019.02.21-02.59.15:090][  0]LogTemp: Display: Loaded TP LinuxNoEditorTargetPlatform
[2019.02.21-02.59.15:106][  0]LogTemp: Display: Loaded TP LinuxServerTargetPlatform
[2019.02.21-02.59.15:123][  0]LogTemp: Display: Loaded TP LinuxTargetPlatform
[2019.02.21-02.59.15:170][  0]LogTemp: Display: Loaded TP LuminTargetPlatform
[2019.02.21-02.59.15:170][  0]LogTemp: Display: Loaded TP LuminTargetPlatform
[2019.02.21-02.59.15:170][  0]LogTargetPlatformManager: Display: Building Assets For Windows
[2019.02.21-02.59.15:351][  0]LogShaderCompilers: Guid format shader working directory is -57 characters bigger than the processId version (../../../../../../Users/Connor/Documents/CP-School/Senior Project/GitRepos/Senior-Project-CPP-Testground/Intermediate/Shaders/WorkingDirectory/9268/).
[2019.02.21-02.59.15:351][  0]LogShaderCompilers: Cleaned the shader compiler working directory 'C:/Users/Connor/AppData/Local/Temp/UnrealShaderWorkingDir/3E33C6E542BD39D58BA73A84A8EE1971/'.
[2019.02.21-02.59.15:355][  0]LogXGEController: Cleaning working directory: C:/Users/Connor/AppData/Local/Temp/UnrealXGEWorkingDir/
[2019.02.21-02.59.15:355][  0]LogXGEController: Cannot use XGE Controller as Incredibuild is not installed on this machine.
[2019.02.21-02.59.15:355][  0]LogShaderCompilers: Cannot use XGE Shader Compiler as Incredibuild is not installed on this machine.
[2019.02.21-02.59.15:355][  0]LogShaderCompilers: Display: Using Local Shader Compiler.
[2019.02.21-02.59.15:861][  0]LogDerivedDataCache: Display: Max Cache Size: 512 MB
[2019.02.21-02.59.15:910][  0]LogDerivedDataCache: Loaded boot cache 0.05s 71MB C:/Users/Connor/AppData/Local/UnrealEngine/4.21/DerivedDataCache/Boot.ddc.
[2019.02.21-02.59.15:910][  0]LogDerivedDataCache: Display: Loaded Boot cache: C:/Users/Connor/AppData/Local/UnrealEngine/4.21/DerivedDataCache/Boot.ddc
[2019.02.21-02.59.15:911][  0]LogDerivedDataCache: FDerivedDataBackendGraph:  Pak pak cache file ../../../../../../Users/Connor/Documents/CP-School/Senior Project/GitRepos/Senior-Project-CPP-Testground/DerivedDataCache/DDC.ddp not found, will not use a pak cache.
[2019.02.21-02.59.15:911][  0]LogDerivedDataCache: Unable to find inner node Pak for hierarchical cache Hierarchy.
[2019.02.21-02.59.15:911][  0]LogDerivedDataCache: FDerivedDataBackendGraph:  CompressedPak pak cache file ../../../../../../Users/Connor/Documents/CP-School/Senior Project/GitRepos/Senior-Project-CPP-Testground/DerivedDataCache/Compressed.ddp not found, will not use a pak cache.
[2019.02.21-02.59.15:911][  0]LogDerivedDataCache: Unable to find inner node CompressedPak for hierarchical cache Hierarchy.
[2019.02.21-02.59.15:923][  0]LogDerivedDataCache: Display: Pak cache opened for reading ../../../Engine/DerivedDataCache/Compressed.ddp.
[2019.02.21-02.59.15:923][  0]LogDerivedDataCache: FDerivedDataBackendGraph:  EnterprisePak pak cache file ../../../Enterprise/DerivedDataCache/Compressed.ddp not found, will not use a pak cache.
[2019.02.21-02.59.15:923][  0]LogDerivedDataCache: Unable to find inner node EnterprisePak for hierarchical cache Hierarchy.
[2019.02.21-02.59.15:936][  0]LogDerivedDataCache: Using Local data cache path C:/Users/Connor/AppData/Local/UnrealEngine/Common/DerivedDataCache: Writable
[2019.02.21-02.59.15:936][  0]LogDerivedDataCache: Shared data cache path not found in *engine.ini, will not use an Shared cache.
[2019.02.21-02.59.15:936][  0]LogDerivedDataCache: Unable to find inner node Shared for hierarchical cache Hierarchy.
[2019.02.21-02.59.15:962][  0]LogMaterial: Verifying Global Shaders for PCD3D_SM5
[2019.02.21-02.59.15:964][  0]LogSlate: Using FreeType 2.6.0
[2019.02.21-02.59.15:964][  0]LogSlate: SlateFontServices - WITH_FREETYPE: 1, WITH_HARFBUZZ: 1
[2019.02.21-02.59.16:052][  0]LogAssetRegistry: FAssetRegistry took 0.0360 seconds to start up
[2019.02.21-02.59.16:368][  0]LogInit: Selected Device Profile: [Windows]
[2019.02.21-02.59.16:561][  0]LogSimplygon: Simplygon DLL not present - disabling.
[2019.02.21-02.59.16:582][  0]LogMeshReduction: Using SimplygonSwarm for distributed automatic mesh merging
[2019.02.21-02.59.16:582][  0]LogMeshReduction: Using ProxyLODMeshReduction for automatic mesh merging
[2019.02.21-02.59.16:582][  0]LogMeshReduction: Using QuadricMeshReduction for automatic static mesh reduction
[2019.02.21-02.59.16:582][  0]LogMeshReduction: No automatic skeletal mesh reduction module available
[2019.02.21-02.59.16:597][  0]LogNetVersion: HSPGame 1.0.0, NetCL: 4541578, EngineNetVer: 5, GameNetVer: 0 (Checksum: 2893343623)
[2019.02.21-02.59.17:165][  0]LogPackageLocalizationCache: Processed 11 localized package path(s) for 2 prioritized culture(s) in 0.105044 seconds
[2019.02.21-02.59.17:171][  0]LogUObjectArray: 39775 objects as part of root set at end of initial load.
[2019.02.21-02.59.17:171][  0]LogUObjectAllocator: 6914656 out of 0 bytes used by permanent object pool.
[2019.02.21-02.59.17:171][  0]LogUObjectArray: CloseDisregardForGC: 0/0 objects in disregard for GC pool
[2019.02.21-02.59.18:352][  0]LogTcpMessaging: Initializing TcpMessaging bridge
[2019.02.21-02.59.18:372][  0]LogUdpMessaging: Initializing bridge on interface 0.0.0.0:0 to multicast group 230.0.0.1:6666.
[2019.02.21-02.59.19:218][  0]SourceControl: Source control is disabled
[2019.02.21-02.59.19:218][  0]SourceControl: Source control is disabled
[2019.02.21-02.59.19:232][  0]SourceControl: Source control is disabled
[2019.02.21-02.59.19:238][  0]SourceControl: Source control is disabled
[2019.02.21-02.59.19:672][  0]LogAndroidPermission: UAndroidPermissionCallbackProxy::GetInstance
[2019.02.21-02.59.19:799][  0]LogOcInput: OculusInput pre-init called
[2019.02.21-02.59.19:978][  0]LogEngine: Initializing Engine...
[2019.02.21-02.59.19:979][  0]LogHMD: Failed to initialize OpenVR with code 110
[2019.02.21-02.59.19:980][  0]LogStats: UGameplayTagsManager::ConstructGameplayTagTree: ImportINI prefixes -  0.000 s
[2019.02.21-02.59.19:980][  0]LogStats: UGameplayTagsManager::ConstructGameplayTagTree: Construct from data asset -  0.000 s
[2019.02.21-02.59.19:981][  0]LogStats: UGameplayTagsManager::ConstructGameplayTagTree: ImportINI -  0.000 s
[2019.02.21-02.59.19:981][  0]LogStats: UGameplayTagsManager::ConstructGameplayTagTree: GameplayTagTreeChangedEvent.Broadcast -  0.000 s
[2019.02.21-02.59.20:288][  0]LogInit: Initializing FReadOnlyCVARCache
[2019.02.21-02.59.20:313][  0]LogAIModule: Creating AISystem for world Untitled
[2019.02.21-02.59.20:332][  0]LogInit: XAudio2 using 'Speakers (Realtek(R) Audio)' : 2 channels at 48 kHz using 32 bits per sample (channel mask 0x3)
[2019.02.21-02.59.20:365][  0]LogInit: FAudioDevice initialized.
[2019.02.21-02.59.20:365][  0]LogNetVersion: Set ProjectVersion to 1.0.0.0. Version Checksum will be recalculated on next use.
[2019.02.21-02.59.20:446][  0]LogDerivedDataCache: Saved boot cache 0.08s 71MB C:/Users/Connor/AppData/Local/UnrealEngine/4.21/DerivedDataCache/Boot.ddc.
[2019.02.21-02.59.20:450][  0]LogInit: Texture streaming: Enabled
[2019.02.21-02.59.20:504][  0]LogEngineSessionManager: EngineSessionManager initialized
[2019.02.21-02.59.20:527][  0]LogInit: Transaction tracking system initialized
[2019.02.21-02.59.20:599][  0]BlueprintLog: New page: Editor Load
[2019.02.21-02.59.20:836][  0]LocalizationService: Localization service is disabled
[2019.02.21-02.59.21:441][  0]LogFileCache: Scanning file cache for directory 'C:/Users/Connor/Documents/CP-School/Senior Project/GitRepos/Senior-Project-CPP-Testground/Content/' took 0.02s
[2019.02.21-02.59.21:442][  0]LogCook: Display: Max memory allowance for cook 16384mb min free memory 0mb
[2019.02.21-02.59.21:442][  0]LogCook: Display: Mobile HDR setting 1
[2019.02.21-02.59.21:442][  0]LogGameplayTags: Display: UGameplayTagsManager::DoneAddingNativeTags. DelegateIsBound: 0
[2019.02.21-02.59.21:442][  0]LogStats: UGameplayTagsManager::ConstructGameplayTagTree: ImportINI prefixes -  0.000 s
[2019.02.21-02.59.21:442][  0]LogStats: UGameplayTagsManager::ConstructGameplayTagTree: Construct from data asset -  0.000 s
[2019.02.21-02.59.21:442][  0]LogStats: UGameplayTagsManager::ConstructGameplayTagTree: ImportINI -  0.000 s
[2019.02.21-02.59.21:442][  0]LogStats: UGameplayTagsManager::ConstructGameplayTagTree: GameplayTagTreeChangedEvent.Broadcast -  0.000 s
[2019.02.21-02.59.21:790][  0]SourceControl: Source control is disabled
[2019.02.21-02.59.21:791][  0]LightingResults: New page: Lighting Build
[2019.02.21-02.59.21:795][  0]MapCheck: New page: Map Check
[2019.02.21-02.59.21:795][  0]LightingResults: New page: Lighting Build
[2019.02.21-02.59.21:989][  0]LogLinker: Warning: Can't find file '/Game/StarterContent/Maps/Minimal_Default_BuiltData'
[2019.02.21-02.59.21:990][  0]LogLinker: Warning: Can't find file for asset '/Game/StarterContent/Maps/Minimal_Default_BuiltData' while loading ../../../../../../Users/Connor/Documents/CP-School/Senior Project/GitRepos/Senior-Project-CPP-Testground/Content/StarterContent/Maps/Minimal_Default.umap.
[2019.02.21-02.59.21:990][  0]LoadErrors: Error: /Game/StarterContent/Maps/Minimal_Default : Can't find file for asset. /Game/StarterContent/Maps/Minimal_Default_BuiltData
[2019.02.21-02.59.22:040][  0]LogLinker: Warning: Can't find file '/Game/StarterContent/Maps/Minimal_Default_BuiltData'
[2019.02.21-02.59.22:040][  0]LogLinker: Warning: Can't find file for asset '/Game/StarterContent/Maps/Minimal_Default_BuiltData' while loading ../../../../../../Users/Connor/Documents/CP-School/Senior Project/GitRepos/Senior-Project-CPP-Testground/Content/StarterContent/Maps/Minimal_Default.umap.
[2019.02.21-02.59.22:040][  0]LoadErrors: Error: /Game/StarterContent/Maps/Minimal_Default : Can't find file for asset. /Game/StarterContent/Maps/Minimal_Default_BuiltData
[2019.02.21-02.59.22:058][  0]LogLinker: Warning: Can't find file '/Game/StarterContent/Maps/Minimal_Default_BuiltData'
[2019.02.21-02.59.22:058][  0]LogLinker: Warning: Can't find file for asset '/Game/StarterContent/Maps/Minimal_Default_BuiltData' while loading NULL.
[2019.02.21-02.59.22:058][  0]LogLinker: Warning: Can't find file '/Game/StarterContent/Maps/Minimal_Default_BuiltData'
[2019.02.21-02.59.22:058][  0]LogLinker: Warning: Can't find file for asset '/Game/StarterContent/Maps/Minimal_Default_BuiltData' while loading NULL.
[2019.02.21-02.59.22:172][  0]LogLinker: Warning: Can't find file '/Game/StarterContent/Maps/Minimal_Default_BuiltData'
[2019.02.21-02.59.22:172][  0]LoadErrors: Failed to load /Game/StarterContent/Maps/Minimal_Default_BuiltData.Minimal_Default_BuiltData Referenced by PersistentLevel
[2019.02.21-02.59.22:173][  0]LogLinker: Warning: Can't find file for asset '/Game/StarterContent/Maps/Minimal_Default_BuiltData' while loading NULL.
[2019.02.21-02.59.22:173][  0]LoadErrors: Failed to load /Game/StarterContent/Maps/Minimal_Default_BuiltData.Minimal_Default_BuiltData Referenced by PersistentLevel
[2019.02.21-02.59.22:432][  0]LogAIModule: Creating AISystem for world Minimal_Default
[2019.02.21-02.59.22:543][  0]LogEditorServer: Finished looking for orphan Actors (0.000 secs)
[2019.02.21-02.59.22:582][  0]Cmd: MAP CHECKDEP NOCLEARLOG
[2019.02.21-02.59.22:583][  0]MapCheck: Map check complete: 0 Error(s), 0 Warning(s), took 0.214ms to complete.
[2019.02.21-02.59.22:583][  0]LogFileHelpers: Loading map 'Minimal_Default' took 0.792
[2019.02.21-02.59.22:708][  0]LogSlate: Updating window title bar state: overlay mode, drag disabled, window buttons hidden, title bar hidden
[2019.02.21-02.59.22:717][  0]LogSlate: Updating window title bar state: overlay mode, drag disabled, window buttons hidden, title bar hidden
[2019.02.21-02.59.22:725][  0]LogSlate: Updating window title bar state: overlay mode, drag disabled, window buttons hidden, title bar hidden
[2019.02.21-02.59.22:734][  0]LogSlate: Updating window title bar state: overlay mode, drag disabled, window buttons hidden, title bar hidden
[2019.02.21-02.59.22:750][  0]LogCollectionManager: Loaded 0 collections in 0.003762 seconds
[2019.02.21-02.59.22:785][  0]LogFileCache: Scanning file cache for directory 'C:/Users/Connor/Documents/CP-School/Senior Project/GitRepos/Senior-Project-CPP-Testground/Saved/Collections/' took 0.01s
[2019.02.21-02.59.22:785][  0]LogFileCache: Scanning file cache for directory 'C:/Users/Connor/Documents/CP-School/Senior Project/GitRepos/Senior-Project-CPP-Testground/Content/Developers/Connor/Collections/' took 0.01s
[2019.02.21-02.59.22:785][  0]LogFileCache: Scanning file cache for directory 'C:/Users/Connor/Documents/CP-School/Senior Project/GitRepos/Senior-Project-CPP-Testground/Content/Collections/' took 0.00s
[2019.02.21-02.59.22:785][  0]LogCollectionManager: Rebuilt the GUID cache for 0 collections in 0.000000 seconds
[2019.02.21-02.59.22:796][  0]LogContentBrowser: Native class hierarchy populated in 0.0105 seconds. Added 2656 classes and 622 folders.
[2019.02.21-02.59.22:807][  0]LogContentBrowser: Native class hierarchy updated for 'WidgetCarousel' in 0.0004 seconds. Added 0 classes and 0 folders.
[2019.02.21-02.59.22:809][  0]LogPakFile: Registered encryption key '00000000000000000000000000000000': 0 pak files mounted, 0 remain pending
[2019.02.21-02.59.22:810][  0]LogPakFile: Registered encryption key '00000000000000000000000000000000': 0 pak files mounted, 0 remain pending
[2019.02.21-02.59.22:810][  0]LogPakFile: Registered encryption key '00000000000000000000000000000000': 0 pak files mounted, 0 remain pending
[2019.02.21-02.59.22:811][  0]LogPakFile: Registered encryption key '00000000000000000000000000000000': 0 pak files mounted, 0 remain pending
[2019.02.21-02.59.22:812][  0]LogPakFile: Registered encryption key '00000000000000000000000000000000': 0 pak files mounted, 0 remain pending
[2019.02.21-02.59.22:813][  0]LogPakFile: Registered encryption key '00000000000000000000000000000000': 0 pak files mounted, 0 remain pending
[2019.02.21-02.59.22:813][  0]LogPakFile: Registered encryption key '00000000000000000000000000000000': 0 pak files mounted, 0 remain pending
[2019.02.21-02.59.22:814][  0]LogPakFile: Registered encryption key '00000000000000000000000000000000': 0 pak files mounted, 0 remain pending
[2019.02.21-02.59.22:815][  0]LogPakFile: Registered encryption key '00000000000000000000000000000000': 0 pak files mounted, 0 remain pending
[2019.02.21-02.59.22:815][  0]LogPakFile: Registered encryption key '00000000000000000000000000000000': 0 pak files mounted, 0 remain pending
[2019.02.21-02.59.22:816][  0]LogPakFile: Registered encryption key '00000000000000000000000000000000': 0 pak files mounted, 0 remain pending
[2019.02.21-02.59.22:816][  0]LogPakFile: Registered encryption key '00000000000000000000000000000000': 0 pak files mounted, 0 remain pending
[2019.02.21-02.59.22:817][  0]LogPakFile: Registered encryption key '00000000000000000000000000000000': 0 pak files mounted, 0 remain pending
[2019.02.21-02.59.22:818][  0]LogPakFile: Registered encryption key '00000000000000000000000000000000': 0 pak files mounted, 0 remain pending
[2019.02.21-02.59.22:819][  0]LogPakFile: Registered encryption key '00000000000000000000000000000000': 0 pak files mounted, 0 remain pending
[2019.02.21-02.59.22:820][  0]LogPakFile: Registered encryption key '00000000000000000000000000000000': 0 pak files mounted, 0 remain pending
[2019.02.21-02.59.22:820][  0]LogPakFile: Registered encryption key '00000000000000000000000000000000': 0 pak files mounted, 0 remain pending
[2019.02.21-02.59.22:821][  0]LogPakFile: Registered encryption key '00000000000000000000000000000000': 0 pak files mounted, 0 remain pending
[2019.02.21-02.59.22:822][  0]LogPakFile: Registered encryption key '00000000000000000000000000000000': 0 pak files mounted, 0 remain pending
[2019.02.21-02.59.22:823][  0]LogPakFile: Registered encryption key '00000000000000000000000000000000': 0 pak files mounted, 0 remain pending
[2019.02.21-02.59.22:823][  0]LogPakFile: Registered encryption key '00000000000000000000000000000000': 0 pak files mounted, 0 remain pending
[2019.02.21-02.59.22:824][  0]LogPakFile: Registered encryption key '00000000000000000000000000000000': 0 pak files mounted, 0 remain pending
[2019.02.21-02.59.22:825][  0]LogPakFile: Registered encryption key '00000000000000000000000000000000': 0 pak files mounted, 0 remain pending
[2019.02.21-02.59.22:826][  0]LogPakFile: Registered encryption key '00000000000000000000000000000000': 0 pak files mounted, 0 remain pending
[2019.02.21-02.59.22:827][  0]LogPakFile: Registered encryption key '00000000000000000000000000000000': 0 pak files mounted, 0 remain pending
[2019.02.21-02.59.22:827][  0]LogPakFile: Registered encryption key '00000000000000000000000000000000': 0 pak files mounted, 0 remain pending
[2019.02.21-02.59.22:872][  0]LogContentBrowser: Native class hierarchy updated for 'AddContentDialog' in 0.0004 seconds. Added 0 classes and 0 folders.
[2019.02.21-02.59.22:884][  0]LogContentBrowser: Native class hierarchy updated for 'SceneOutliner' in 0.0005 seconds. Added 1 classes and 2 folders.
[2019.02.21-02.59.22:898][  0]LogSlate: Took 0.000141 seconds to synchronously load lazily loaded font '../../../Engine/Content/Slate/Fonts/Roboto-Regular.ttf' (155K)
[2019.02.21-02.59.22:902][  0]LogSlate: Took 0.000646 seconds to synchronously load lazily loaded font '../../../Engine/Content/Slate/Fonts/Roboto-Bold.ttf' (160K)
[2019.02.21-02.59.22:911][  0]LogSlate: Took 0.000180 seconds to synchronously load lazily loaded font '../../../Engine/Content/Editor/Slate/Fonts/FontAwesome.ttf' (139K)
[2019.02.21-02.59.23:023][  0]LogRenderer: Reallocating scene render targets to support 964x436 Format 10 NumSamples 1 (Frame:1).
[2019.02.21-02.59.23:283][  0]LogContentBrowser: Native class hierarchy updated for 'HierarchicalLODOutliner' in 0.0004 seconds. Added 0 classes and 0 folders.
[2019.02.21-02.59.23:283][  0]LogLoad: (Engine Initialization) Total time: 13.17 seconds
[2019.02.21-02.59.23:283][  0]LogLoad: (Engine Initialization) Total Blueprint compile time: 0.00 seconds
[2019.02.21-02.59.23:294][  0]LogWindowsTextInputMethodSystem: Display: IME system now deactivated.
[2019.02.21-02.59.23:369][  0]LogContentStreaming: Texture pool size now 1000 MB
[2019.02.21-02.59.23:372][  0]LogSlate: FSceneViewport::OnFocusLost() reason 2
[2019.02.21-02.59.23:404][  0]LogSlate: Took 0.000166 seconds to synchronously load lazily loaded font '../../../Engine/Content/Slate/Fonts/Roboto-Light.ttf' (167K)
[2019.02.21-02.59.23:458][  1]LogAssetRegistry: Asset discovery search completed in 7.4303 seconds
[2019.02.21-02.59.23:461][  1]LogCollectionManager: Rebuilt the object cache for 0 collections in 0.000000 seconds (found 0 objects)
[2019.02.21-02.59.23:461][  1]LogCollectionManager: Fixed up redirectors for 0 collections in 0.000186 seconds (updated 0 objects)
[2019.02.21-02.59.26:646][337]LogSlate: Window 'Message Log' being destroyed
[2019.02.21-02.59.26:652][337]LogSlate: Window 'Message Log' being destroyed
[2019.02.21-02.59.27:897][485]LogSlate: FSceneViewport::OnFocusLost() reason 0
[2019.02.21-02.59.27:972][494]MapCheck: New page: Map Check
[2019.02.21-02.59.28:003][494]Cmd: MAP REBUILD ALLVISIBLE
[2019.02.21-02.59.28:003][494]LogEditorServer: Rebuildmap Clear paths rebuilt
[2019.02.21-02.59.28:205][494]LogMaterial: Display: Missing cached shader map for material FDebugViewModeMaterialProxy M_Wood_Floor_Walnut_Polished, compiling. 
[2019.02.21-02.59.28:221][494]LogMaterial: Display: Missing cached shader map for material FDebugViewModeMaterialProxy M_TableRound, compiling. 
[2019.02.21-02.59.28:228][494]LogShaderCompilers: Display: Shaders left to compile 2
[2019.02.21-02.59.28:228][494]LogShaderCompilers: Display: Shaders left to compile 1
[2019.02.21-02.59.28:229][494]LogMaterial: Display: Missing cached shader map for material FDebugViewModeMaterialProxy M_Chair, compiling. 
[2019.02.21-02.59.28:238][494]LogMaterial: Display: Missing cached shader map for material FDebugViewModeMaterialProxy M_Wood_Walnut, compiling. 
[2019.02.21-02.59.28:245][494]LogMaterial: Display: Missing cached shader map for material FDebugViewModeMaterialProxy M_StatueGlass, compiling. 
[2019.02.21-02.59.28:255][494]LogShaderCompilers: Display: Shaders left to compile 2
[2019.02.21-02.59.28:256][494]LogShaderCompilers: Display: Shaders left to compile 1
[2019.02.21-02.59.28:256][494]LogMaterial: Display: Missing cached shader map for material FDebugViewModeMaterialProxy M_Metal_Burnished_Steel, compiling. 
[2019.02.21-02.59.28:263][494]LogMaterial: Display: Missing cached shader map for material FDebugViewModeMaterialProxy MaterialInstanceDynamic_0, compiling. 
[2019.02.21-02.59.28:271][494]LogMaterial: Display: Missing cached shader map for material FDebugViewModeMaterialProxy LandscapeGizmo_Mat, compiling. 
[2019.02.21-02.59.28:283][494]LogMaterial: Display: Missing cached shader map for material FDebugViewModeMaterialProxy brickMat, compiling. 
[2019.02.21-02.59.28:294][494]LogShaderCompilers: Display: Shaders left to compile 4
[2019.02.21-02.59.28:294][494]LogShaderCompilers: Display: Shaders left to compile 3
[2019.02.21-02.59.28:295][494]LogShaderCompilers: Display: Shaders left to compile 2
[2019.02.21-02.59.28:295][494]LogShaderCompilers: Display: Shaders left to compile 1
[2019.02.21-02.59.28:295][494]LogMaterial: Display: Missing cached shader map for material FDebugViewModeMaterialProxy M_AssetPlatform, compiling. 
[2019.02.21-02.59.28:307][494]LogMaterial: Display: Missing cached shader map for material FDebugViewModeMaterialProxy M_Basic_Wall, compiling. 
[2019.02.21-02.59.28:320][494]LogMaterial: Display: Missing cached shader map for material FDebugViewModeMaterialProxy MaskedLitSpriteMaterial, compiling. 
[2019.02.21-02.59.28:334][494]LogMaterial: Display: Missing cached shader map for material FDebugViewModeMaterialProxy MatineeCam_mat, compiling. 
[2019.02.21-02.59.29:197][494]LogShaderCompilers: Display: Shaders left to compile 5
[2019.02.21-02.59.29:197][494]LogShaderCompilers: Display: Shaders left to compile 4
[2019.02.21-02.59.29:197][494]LogShaderCompilers: Display: Shaders left to compile 3
[2019.02.21-02.59.29:197][494]LogShaderCompilers: Display: Shaders left to compile 2
[2019.02.21-02.59.29:197][494]LogShaderCompilers: Display: Shaders left to compile 1
[2019.02.21-02.59.29:197][494]TextureStreamingBuild: Display: Compiling optional shaders took 1.000 seconds.
[2019.02.21-02.59.29:222][494]LogLevel: Display: Export Material TexCoord Scales took 0.026 seconds.
[2019.02.21-02.59.29:237][494]TextureStreamingBuild: Display: Build Texture Streaming took 0.015 seconds.
[2019.02.21-02.59.29:268][494]LightingResults: New page: Lighting Build - Feb 20, 2019, 10:59:29 AM
[2019.02.21-02.59.29:446][494]LogSwarmInterface: [OpenConnection] Registering TCP channel ...
[2019.02.21-02.59.29:571][494]LogSwarmInterface: [OpenConnection] Connecting to agent ...
[2019.02.21-02.59.29:627][494]LogSwarmInterface: [TryOpenConnection] Testing the Agent
[2019.02.21-02.59.30:143][494]LogSwarmInterface: [TryOpenConnection] Opening Connection to Agent
[2019.02.21-02.59.30:143][494]LogSwarmInterface: [TryOpenConnection] Local Process ID is 9268
[2019.02.21-02.59.34:768][494]LightingResults: Warning: No importance volume found and the scene is so large that the automatically synthesized volume will not yield good results.  Please add a tightly bounding lightmass importance volume to optimize your scene's quality and lighting build times.
[2019.02.21-02.59.34:770][494]LogStaticLightingSystem: Running Lightmass w/ ImmediateImport mode ENABLED
[2019.02.21-02.59.34:770][494]LogStaticLightingSystem: Running Lightmass w/ ImmediateProcess mode ENABLED
[2019.02.21-02.59.34:770][494]LogStaticLightingSystem: Running Lightmass w/ Sorting mode ENABLED
[2019.02.21-02.59.34:770][494]LogStaticLightingSystem: Running Lightmass w/ Mapping paddings ENABLED
[2019.02.21-02.59.34:770][494]LogStaticLightingSystem: Running Lightmass w/ Mapping debug paddings DISABLED
[2019.02.21-02.59.35:001][494]Cmd: MAP CHECK DONTDISPLAYDIALOG
[2019.02.21-02.59.35:001][494]MapCheck: New page: Minimal_Default - Feb 20, 2019, 10:59:35 AM
[2019.02.21-02.59.35:002][494]MapCheck: Error: WorldSettings_1 Maps need lighting rebuilt 
[2019.02.21-02.59.35:008][494]MapCheck: Warning: whiteHairMan_Sprite_2 'whiteHairMan_Sprite' has simple collision but is being scaled non-uniformly - collision creation will fail 
[2019.02.21-02.59.35:008][494]MapCheck: Warning: SlimeAnimation_00000_Sprite_2 'SlimeAnimation_00000_Sprite' has simple collision but is being scaled non-uniformly - collision creation will fail 
[2019.02.21-02.59.35:009][494]MapCheck: Map check complete: 1 Error(s), 2 Warning(s), took 8.384ms to complete.
[2019.02.21-02.59.35:035][494]LogEditorBuildUtils: Build time 0:07
[2019.02.21-02.59.40:514][906]LogSlate: Window 'Message Log' being destroyed
[2019.02.21-02.59.40:524][906]LogSlate: Window 'Message Log' being destroyed
[2019.02.21-02.59.50:421][806]LogEditorViewport: Clicking on Actor (LMB): Landscape (Landscape2)
[2019.02.21-02.59.51:467][879]Job is a success!
[2019.02.21-02.59.51:484][880]LogSlate: Took 0.000182 seconds to synchronously load lazily loaded font '../../../Engine/Content/Slate/Fonts/Roboto-Light.ttf' (167K)
[2019.02.21-02.59.51:486][880]LogSlate: FSceneViewport::OnFocusLost() reason 2
[2019.02.21-02.59.51:695][880]LogVolumetricLightmapImport: Imported Volumetric Lightmap in 0.183s
[2019.02.21-02.59.51:695][880]LogVolumetricLightmapImport:      Indirection Texture 32x32x32 = 0.1Mb
[2019.02.21-02.59.51:695][880]LogVolumetricLightmapImport:      BrickData 1280x15x5 = 3.8Mb (trimmed 0.0Mb due to 0.010000 MinBrickError)
[2019.02.21-02.59.51:695][880]LogVolumetricLightmapImport:      Bricks at Level
[2019.02.21-02.59.51:695][880]LogVolumetricLightmapImport:          0: 1.1% covering 100.0% of volume
[2019.02.21-02.59.51:695][880]LogVolumetricLightmapImport:          1: 7.2% covering 10.5% of volume
[2019.02.21-02.59.51:696][880]LogVolumetricLightmapImport:          2: 91.7% covering 2.1% of volume
[2019.02.21-02.59.52:427][880]LogTexture: Display: Building textures: SkyOcclusion0_1 (AutoDXT, 1024X512)
[2019.02.21-02.59.52:427][880]LogTexture: Display: Building textures: HQ_Lightmap0_1 (AutoDXT, 1024X1024)
[2019.02.21-02.59.52:427][880]LogTexture: Display: Building textures: LQ_Lightmap_0_1 (DXT1, 1024X1024)
[2019.02.21-02.59.52:427][880]LogTexture: Display: Building textures: HQ_Lightmap0_2 (AutoDXT, 256X256)
[2019.02.21-02.59.52:427][880]LogTexture: Display: Building textures: SkyOcclusion0_2 (AutoDXT, 256X128)
[2019.02.21-02.59.52:427][880]LogTexture: Display: Building textures: LQ_Lightmap_0_2 (DXT1, 256X256)
[2019.02.21-02.59.52:427][880]LogTexture: Display: Building textures: SkyOcclusion0_3 (AutoDXT, 256X128)
[2019.02.21-02.59.52:427][880]LogTexture: Display: Building textures: HQ_Lightmap0_3 (AutoDXT, 256X256)
[2019.02.21-02.59.52:427][880]LogTexture: Display: Building textures: LQ_Lightmap_0_3 (DXT1, 256X256)
[2019.02.21-02.59.52:428][880]LogTexture: Display: Building textures: HQ_Lightmap0_4 (AutoDXT, 1024X1024)
[2019.02.21-02.59.52:428][880]LogTexture: Display: Building textures: SkyOcclusion0_4 (AutoDXT, 1024X512)
[2019.02.21-02.59.52:428][880]LogTexture: Display: Building textures: LQ_Lightmap_0_4 (DXT1, 1024X1024)
[2019.02.21-02.59.52:428][880]LogTexture: Display: Building textures: SkyOcclusion0_5 (AutoDXT, 64X32)
[2019.02.21-02.59.52:428][880]LogTexture: Display: Building textures: HQ_Lightmap0_5 (AutoDXT, 64X64)
[2019.02.21-02.59.52:428][880]LogTexture: Display: Building textures: LQ_Lightmap_0_5 (DXT1, 64X64)
[2019.02.21-02.59.52:508][880]LogTexture: Display: Building textures: ShadowMapTexture2D_4 (G8, 32X32)
[2019.02.21-02.59.52:508][880]LogTexture: Display: Building textures: ShadowMapTexture2D_1 (G8, 512X32)
[2019.02.21-02.59.52:508][880]LogTexture: Display: Building textures: ShadowMapTexture2D_2 (G8, 1024X32)
[2019.02.21-02.59.52:508][880]LogTexture: Display: Building textures: ShadowMapTexture2D_0 (G8, 1024X256)
[2019.02.21-02.59.52:509][880]LogTexture: Display: Building textures: ShadowMapTexture2D_3 (G8, 1024X256)
[2019.02.21-02.59.52:553][880]Lightmass on UNIT-01-CON: 16.5 sec total, 2.59 sec importing, 472 ms setup, 3.66 sec photons, 9.79 sec processing, 0 ms extra exporting [272/272 mappings]. Threads: 1:47 min total, 49.9 sec processing.
[2019.02.21-02.59.52:635][880]LogStaticLightingSystem: Illumination: 23.3 sec (613 ms encoding lightmaps, 73 ms encoding shadowmaps)
[2019.02.21-02.59.52:635][880]LogStaticLightingSystem: Lightmap texture memory:  5.7 MB (5.7 MB streaming, 0.0 MB non-streaming), 10 textures
[2019.02.21-02.59.52:636][880]LogStaticLightingSystem: Shadowmap texture memory: 0.7 MB (0.7 MB streaming, 0.0 MB non-streaming), 5 textures
[2019.02.21-02.59.52:800][880]DumpUnbuiltLightIteractions
[2019.02.21-02.59.52:800][880]Lights with unbuilt interactions: 0
[2019.02.21-02.59.52:800][880]
[2019.02.21-02.59.52:800][880]Primitives with unbuilt interactions: 0
[2019.02.21-02.59.53:009][881]Cmd: MAP CHECK NOTIFYRESULTS
[2019.02.21-02.59.53:009][881]MapCheck: New page: Minimal_Default - Feb 20, 2019, 10:59:53 AM
[2019.02.21-02.59.53:011][881]MapCheck: Warning: whiteHairMan_Sprite_2 'whiteHairMan_Sprite' has simple collision but is being scaled non-uniformly - collision creation will fail 
[2019.02.21-02.59.53:011][881]MapCheck: Warning: SlimeAnimation_00000_Sprite_2 'SlimeAnimation_00000_Sprite' has simple collision but is being scaled non-uniformly - collision creation will fail 
[2019.02.21-02.59.53:012][881]MapCheck: Map check complete: 0 Error(s), 2 Warning(s), took 2.858ms to complete.
[2019.02.21-02.59.57:640][371]LogSlate: FSceneViewport::OnFocusLost() reason 0
[2019.02.21-02.59.57:720][380]LogSlate: Window 'Message Log' being destroyed
[2019.02.21-02.59.57:727][380]LogSlate: Window 'Message Log' being destroyed
[2019.02.21-02.59.58:302][447]LogEditorViewport: Clicking Background
[2019.02.21-03.00.00:547][711]LogSlate: FSceneViewport::OnFocusLost() reason 0
[2019.02.21-03.00.00:655][720]Candidate modules for hot reload:
[2019.02.21-03.00.00:655][720]  HSPGame
[2019.02.21-03.00.00:656][720]Launching UnrealBuildTool... [C:/Program Files/Epic Games/UE_4.21/Engine/Binaries/DotNET/UnrealBuildTool.exe  -ModuleWithSuffix=HSPGame,223 Win64 Development -TargetType=Editor -Project="../../../../../../Users/Connor/Documents/CP-School/Senior Project/GitRepos/Senior-Project-CPP-Testground/HSPGame.uproject" -canskiplink "C:/Users/Connor/Documents/CP-School/Senior Project/GitRepos/Senior-Project-CPP-Testground/HSPGame.uproject" ]
[2019.02.21-03.00.00:664][720]Warning: Starting HotReload took  0.0s.
[2019.02.21-03.00.08:199][597]CompilerResultsLog: New page: Compilation - Feb 20, 2019, 11:00:08 AM
[2019.02.21-03.00.08:200][597]CompilerResultsLog: Using 'git status' to determine working set for adaptive non-unity build (C:\Users\Connor\Documents\CP-School\Senior Project\GitRepos\Senior-Project-CPP-Testground).
[2019.02.21-03.00.08:200][597]CompilerResultsLog: Creating makefile for hot reloading HSPGameEditor (.uproject file is newer)
[2019.02.21-03.00.08:200][597]CompilerResultsLog: Compiling game modules for hot reload
[2019.02.21-03.00.08:200][597]CompilerResultsLog: Using Visual Studio 2017 14.16.27023 toolchain (C:\Program Files (x86)\Microsoft Visual Studio\2017\Community\VC\Tools\MSVC\14.16.27023) and Windows 10.0.17763.0 SDK (C:\Program Files (x86)\Windows Kits\10).
[2019.02.21-03.00.08:200][597]CompilerResultsLog: Target is up to date
[2019.02.21-03.00.08:200][597]CompilerResultsLog: Total build time: 7.15 seconds (NoActionsToExecute executor: 0.00 seconds)
[2019.02.21-03.00.08:201][597]LogMainFrame: MainFrame: Module compiling took 7.552 seconds
[2019.02.21-03.00.08:239][597]LogContentBrowser: Native class hierarchy populated in 0.0089 seconds. Added 2657 classes and 624 folders.
[2019.02.21-03.00.08:241][597]Display: HotReload took  7.6s.
[2019.02.21-03.00.10:119][724]LogSavePackage: Moving '../../../../../../Users/Connor/Documents/CP-School/Senior Project/GitRepos/Senior-Project-CPP-Testground/Saved/Minimal_DefaultB616B962430EA207E06742B9FB61273C.tmp' to '../../../../../../Users/Connor/Documents/CP-School/Senior Project/GitRepos/Senior-Project-CPP-Testground/Content/StarterContent/Maps/Minimal_Default.umap'
[2019.02.21-03.00.10:353][724]LogSavePackage: Moving '../../../../../../Users/Connor/Documents/CP-School/Senior Project/GitRepos/Senior-Project-CPP-Testground/Saved/Minimal_Default_BuiltData9C280BB34DDED25A8C03FD8B3B59F037.tmp' to '../../../../../../Users/Connor/Documents/CP-School/Senior Project/GitRepos/Senior-Project-CPP-Testground/Content/StarterContent/Maps/Minimal_Default_BuiltData.uasset'
[2019.02.21-03.00.11:667][791]LogSavePackage: Moving '../../../../../../Users/Connor/Documents/CP-School/Senior Project/GitRepos/Senior-Project-CPP-Testground/Saved/Minimal_DefaultF758697C47C68F86F30763BCAD3F5703.tmp' to '../../../../../../Users/Connor/Documents/CP-School/Senior Project/GitRepos/Senior-Project-CPP-Testground/Content/StarterContent/Maps/Minimal_Default.umap'
[2019.02.21-03.00.11:945][791]LogSavePackage: Moving '../../../../../../Users/Connor/Documents/CP-School/Senior Project/GitRepos/Senior-Project-CPP-Testground/Saved/Minimal_Default_BuiltData2DA7B93344AA1CEC8BD016924FDFBE7F.tmp' to '../../../../../../Users/Connor/Documents/CP-School/Senior Project/GitRepos/Senior-Project-CPP-Testground/Content/StarterContent/Maps/Minimal_Default_BuiltData.uasset'
[2019.02.21-03.00.13:183][848]LogSavePackage: Moving '../../../../../../Users/Connor/Documents/CP-School/Senior Project/GitRepos/Senior-Project-CPP-Testground/Saved/Minimal_Default7E46636C474DF4019EF83CAFBF464EC4.tmp' to '../../../../../../Users/Connor/Documents/CP-School/Senior Project/GitRepos/Senior-Project-CPP-Testground/Content/StarterContent/Maps/Minimal_Default.umap'
[2019.02.21-03.00.13:429][848]LogSavePackage: Moving '../../../../../../Users/Connor/Documents/CP-School/Senior Project/GitRepos/Senior-Project-CPP-Testground/Saved/Minimal_Default_BuiltData4250DEB14F33D570020216833A0D1E02.tmp' to '../../../../../../Users/Connor/Documents/CP-School/Senior Project/GitRepos/Senior-Project-CPP-Testground/Content/StarterContent/Maps/Minimal_Default_BuiltData.uasset'
[2019.02.21-03.00.14:813][925]LogSavePackage: Moving '../../../../../../Users/Connor/Documents/CP-School/Senior Project/GitRepos/Senior-Project-CPP-Testground/Saved/Minimal_Default7AC957424687156EF41A888B3C9EADAC.tmp' to '../../../../../../Users/Connor/Documents/CP-School/Senior Project/GitRepos/Senior-Project-CPP-Testground/Content/StarterContent/Maps/Minimal_Default.umap'
[2019.02.21-03.00.15:069][925]LogSavePackage: Moving '../../../../../../Users/Connor/Documents/CP-School/Senior Project/GitRepos/Senior-Project-CPP-Testground/Saved/Minimal_Default_BuiltData380B467B462DEA4507B501A943D82175.tmp' to '../../../../../../Users/Connor/Documents/CP-School/Senior Project/GitRepos/Senior-Project-CPP-Testground/Content/StarterContent/Maps/Minimal_Default_BuiltData.uasset'
[2019.02.21-03.00.16:205][971]LogSavePackage: Moving '../../../../../../Users/Connor/Documents/CP-School/Senior Project/GitRepos/Senior-Project-CPP-Testground/Saved/Minimal_Default945103944FA213A37284A383F67FEE6A.tmp' to '../../../../../../Users/Connor/Documents/CP-School/Senior Project/GitRepos/Senior-Project-CPP-Testground/Content/StarterContent/Maps/Minimal_Default.umap'
[2019.02.21-03.00.16:469][971]LogSavePackage: Moving '../../../../../../Users/Connor/Documents/CP-School/Senior Project/GitRepos/Senior-Project-CPP-Testground/Saved/Minimal_Default_BuiltData0214C4CF432C562C1196048ED881E223.tmp' to '../../../../../../Users/Connor/Documents/CP-School/Senior Project/GitRepos/Senior-Project-CPP-Testground/Content/StarterContent/Maps/Minimal_Default_BuiltData.uasset'
[2019.02.21-03.00.17:748][104]LogSlate: Window 'HSPGame - Unreal Editor' being destroyed
[2019.02.21-03.00.17:748][104]LogWindowsTextInputMethodSystem: Display: IME system now deactivated.
[2019.02.21-03.00.17:990][105]Cmd: QUIT_EDITOR
[2019.02.21-03.00.18:020][105]LogExit: Preparing to exit.
[2019.02.21-03.00.18:647][105]LogExit: Editor shut down
[2019.02.21-03.00.18:647][105]LogExit: Transaction tracking system shut down
[2019.02.21-03.00.18:909][105]LogExit: Object subsystem successfully closed.
[2019.02.21-03.00.19:191][105]LogShaderCompilers: Display: Shaders left to compile 0
[2019.02.21-03.00.19:195][105]LogD3D11RHI: Shutdown
[2019.02.21-03.00.19:195][105]LogD3D11RHI: CleanupD3DDevice
[2019.02.21-03.00.19:202][105]LogD3D11RHI: ~FD3D11DynamicRHI
[2019.02.21-03.00.19:227][105]LogModuleManager: Shutting down and abandoning module HierarchicalLODUtilities (626)
[2019.02.21-03.00.19:227][105]LogModuleManager: Shutting down and abandoning module HierarchicalLODOutliner (624)
[2019.02.21-03.00.19:227][105]LogModuleManager: Shutting down and abandoning module SceneOutliner (622)
[2019.02.21-03.00.19:228][105]LogModuleManager: Shutting down and abandoning module AddContentDialog (620)
[2019.02.21-03.00.19:228][105]LogModuleManager: Shutting down and abandoning module WidgetCarousel (619)
[2019.02.21-03.00.19:228][105]LogModuleManager: Shutting down and abandoning module EditorWidgets (616)
[2019.02.21-03.00.19:228][105]LogModuleManager: Shutting down and abandoning module CollectionManager (614)
[2019.02.21-03.00.19:228][105]LogModuleManager: Shutting down and abandoning module StatsViewer (612)
[2019.02.21-03.00.19:228][105]LogModuleManager: Shutting down and abandoning module FoliageEdit (610)
[2019.02.21-03.00.19:229][105]LogModuleManager: Shutting down and abandoning module LandscapeEditor (608)
[2019.02.21-03.00.19:229][105]LogModuleManager: Shutting down and abandoning module MeshPaintMode (606)
[2019.02.21-03.00.19:229][105]LogModuleManager: Shutting down and abandoning module SceneDepthPickerMode (604)
[2019.02.21-03.00.19:229][105]LogModuleManager: Shutting down and abandoning module ActorPickerMode (602)
[2019.02.21-03.00.19:229][105]LogModuleManager: Shutting down and abandoning module GeometryMode (600)
[2019.02.21-03.00.19:229][105]LogModuleManager: Shutting down and abandoning module TextureAlignMode (598)
[2019.02.21-03.00.19:229][105]LogModuleManager: Shutting down and abandoning module BspMode (596)
[2019.02.21-03.00.19:229][105]LogModuleManager: Shutting down and abandoning module PIEPreviewDeviceProfileSelector (594)
[2019.02.21-03.00.19:229][105]LogModuleManager: Shutting down and abandoning module SequenceRecorderSections (592)
[2019.02.21-03.00.19:229][105]LogModuleManager: Shutting down and abandoning module AutomationWorker (590)
[2019.02.21-03.00.19:229][105]LogModuleManager: Shutting down and abandoning module AudioCaptureEditor (588)
[2019.02.21-03.00.19:229][105]LogModuleManager: Shutting down and abandoning module MatineeToLevelSequence (586)
[2019.02.21-03.00.19:229][105]LogModuleManager: Shutting down and abandoning module LevelSequenceEditor (584)
[2019.02.21-03.00.19:229][105]LogModuleManager: Shutting down and abandoning module PlacementMode (583)
[2019.02.21-03.00.19:229][105]LogModuleManager: Shutting down and abandoning module MaterialEditor (582)
[2019.02.21-03.00.19:229][105]LogModuleManager: Shutting down and abandoning module WmfMediaFactory (578)
[2019.02.21-03.00.19:229][105]LogModuleManager: Shutting down and abandoning module WmfMediaEditor (576)
[2019.02.21-03.00.19:229][105]LogModuleManager: Shutting down and abandoning module WebMMediaFactory (574)
[2019.02.21-03.00.19:229][105]LogModuleManager: Shutting down and abandoning module WebMMediaEditor (572)
[2019.02.21-03.00.19:229][105]LogModuleManager: Shutting down and abandoning module WebMMedia (570)
[2019.02.21-03.00.19:229][105]LogModuleManager: Shutting down and abandoning module MediaPlayerEditor (568)
[2019.02.21-03.00.19:230][105]LogModuleManager: Shutting down and abandoning module MediaCompositingEditor (566)
[2019.02.21-03.00.19:230][105]LogModuleManager: Shutting down and abandoning module SequenceRecorder (565)
[2019.02.21-03.00.19:230][105]LogModuleManager: Shutting down and abandoning module OpenExrWrapper (562)
[2019.02.21-03.00.19:230][105]LogModuleManager: Shutting down and abandoning module ImgMediaFactory (560)
[2019.02.21-03.00.19:230][105]LogModuleManager: Shutting down and abandoning module ImgMediaEditor (558)
[2019.02.21-03.00.19:230][105]LogModuleManager: Shutting down and abandoning module AvfMediaFactory (556)
[2019.02.21-03.00.19:230][105]LogModuleManager: Shutting down and abandoning module AvfMediaEditor (554)
[2019.02.21-03.00.19:230][105]LogModuleManager: Shutting down and abandoning module AndroidMediaFactory (552)
[2019.02.21-03.00.19:230][105]LogModuleManager: Shutting down and abandoning module AndroidMediaEditor (550)
[2019.02.21-03.00.19:230][105]LogModuleManager: Shutting down and abandoning module MagicLeapCameraPreviewFactory (548)
[2019.02.21-03.00.19:230][105]LogModuleManager: Shutting down and abandoning module MagicLeapMediaFactory (546)
[2019.02.21-03.00.19:230][105]LogModuleManager: Shutting down and abandoning module MagicLeapMediaEditor (544)
[2019.02.21-03.00.19:231][105]LogModuleManager: Shutting down and abandoning module CharacterAI (542)
[2019.02.21-03.00.19:231][105]LogModuleManager: Shutting down and abandoning module SmartSnapping (540)
[2019.02.21-03.00.19:231][105]LogModuleManager: Shutting down and abandoning module SessionServices (538)
[2019.02.21-03.00.19:231][105]LogModuleManager: Shutting down and abandoning module ViewportSnapping (536)
[2019.02.21-03.00.19:231][105]LogModuleManager: Shutting down and abandoning module ViewportInteraction (534)
[2019.02.21-03.00.19:231][105]LogModuleManager: Shutting down and abandoning module ClothPainter (532)
[2019.02.21-03.00.19:231][105]LogModuleManager: Shutting down and abandoning module SkeletalMeshEditor (531)
[2019.02.21-03.00.19:231][105]LogModuleManager: Shutting down and abandoning module LogVisualizer (528)
[2019.02.21-03.00.19:231][105]LogModuleManager: Shutting down and abandoning module IntroTutorials (526)
[2019.02.21-03.00.19:232][105]LogModuleManager: Shutting down and abandoning module GameProjectGeneration (525)
[2019.02.21-03.00.19:232][105]LogModuleManager: Shutting down and abandoning module LuminPlatformEditor (522)
[2019.02.21-03.00.19:232][105]LogModuleManager: Shutting down and abandoning module IOSPlatformEditor (520)
[2019.02.21-03.00.19:232][105]LogModuleManager: Shutting down and abandoning module HTML5PlatformEditor (518)
[2019.02.21-03.00.19:232][105]LogModuleManager: Shutting down and abandoning module AndroidPlatformEditor (516)
[2019.02.21-03.00.19:232][105]LogModuleManager: Shutting down and abandoning module AndroidDeviceDetection (515)
