Log file open, 05/01/19 02:11:32
LogWindows: Failed to load 'aqProf.dll' (GetLastError=126)
LogWindows: File 'aqProf.dll' does not exist
LogWindows: Failed to load 'VtuneApi.dll' (GetLastError=126)
LogWindows: File 'VtuneApi.dll' does not exist
LogWindows: Failed to load 'VtuneApi32e.dll' (GetLastError=126)
LogWindows: File 'VtuneApi32e.dll' does not exist
LogConsoleResponse: Display: Failed to find resolution value strings in scalability ini. Falling back to default.
LogInit: Display: Running engine for game: HSPGame
LogPakFile: Registered encryption key '00000000000000000000000000000000': 0 pak files mounted, 0 remain pending
LogPlatformFile: Not using cached read wrapper
LogTaskGraph: Started task graph with 5 named threads and 23 total threads with 3 sets of task threads.
LogStats: Stats thread started at 0.352131
LogD3D11RHI: Loaded GFSDK_Aftermath_Lib.x64.dll
LogICUInternationalization: ICU TimeZone Detection - Raw Offset: -8:00, Platform Override: ''
LogPluginManager: Mounting plugin Paper2D
LogPluginManager: Mounting plugin AISupport
LogPluginManager: Mounting plugin LightPropagationVolume
LogPluginManager: Mounting plugin ActorLayerUtilities
LogPluginManager: Mounting plugin CLionSourceCodeAccess
LogPluginManager: Mounting plugin CodeLiteSourceCodeAccess
LogPluginManager: Mounting plugin GitSourceControl
LogPluginManager: Mounting plugin KDevelopSourceCodeAccess
LogPluginManager: Mounting plugin NullSourceCodeAccess
LogPluginManager: Mounting plugin PerforceSourceControl
LogPluginManager: Mounting plugin SubversionSourceControl
LogPluginManager: Mounting plugin UObjectPlugin
LogPluginManager: Mounting plugin VisualStudioCodeSourceCodeAccess
LogPluginManager: Mounting plugin VisualStudioSourceCodeAccess
LogPluginManager: Mounting plugin XCodeSourceCodeAccess
LogPluginManager: Mounting plugin AssetManagerEditor
LogPluginManager: Mounting plugin CryptoKeys
LogPluginManager: Mounting plugin DataValidation
LogPluginManager: Mounting plugin FacialAnimation
LogPluginManager: Mounting plugin GameplayTagsEditor
LogPluginManager: Mounting plugin MacGraphicsSwitching
LogPluginManager: Mounting plugin MeshEditor
LogPluginManager: Mounting plugin MobileLauncherProfileWizard
LogPluginManager: Mounting plugin PluginBrowser
LogPluginManager: Mounting plugin SpeedTreeImporter
LogPluginManager: Mounting plugin DatasmithContent
LogPluginManager: Mounting plugin VariantManagerContent
LogPluginManager: Mounting plugin AlembicImporter
LogPluginManager: Mounting plugin AppleImageUtils
LogPluginManager: Mounting plugin AppleVision
LogPluginManager: Mounting plugin BackChannel
LogPluginManager: Mounting plugin CharacterAI
LogPluginManager: Mounting plugin GeometryCache
LogPluginManager: Mounting plugin HTML5Networking
LogPluginManager: Mounting plugin ProxyLODPlugin
LogPluginManager: Mounting plugin MagicLeap
LogPluginManager: Mounting plugin MagicLeapMedia
LogPluginManager: Mounting plugin AndroidMedia
LogPluginManager: Mounting plugin AvfMedia
LogPluginManager: Mounting plugin ImgMedia
LogPluginManager: Mounting plugin LinearTimecode
LogPluginManager: Mounting plugin MediaCompositing
LogPluginManager: Mounting plugin MediaPlayerEditor
LogPluginManager: Mounting plugin WebMMedia
LogPluginManager: Mounting plugin WmfMedia
LogPluginManager: Mounting plugin TcpMessaging
LogPluginManager: Mounting plugin UdpMessaging
LogPluginManager: Mounting plugin ActorSequence
LogPluginManager: Mounting plugin LevelSequenceEditor
LogPluginManager: Mounting plugin MatineeToLevelSequence
LogPluginManager: Mounting plugin NetcodeUnitTest
LogPluginManager: Mounting plugin NUTUnrealEngine4
LogPluginManager: Mounting plugin OnlineSubsystemGooglePlay
LogPluginManager: Mounting plugin OnlineSubsystemIOS
LogPluginManager: Mounting plugin OnlineSubsystem
LogPluginManager: Mounting plugin OnlineSubsystemNull
LogPluginManager: Mounting plugin OnlineSubsystemUtils
LogPluginManager: Mounting plugin LauncherChunkInstaller
LogPluginManager: Mounting plugin AndroidDeviceProfileSelector
LogPluginManager: Mounting plugin AndroidMoviePlayer
LogPluginManager: Mounting plugin AndroidPermission
LogPluginManager: Mounting plugin AppleMoviePlayer
LogPluginManager: Mounting plugin ArchVisCharacter
LogPluginManager: Mounting plugin AudioCapture
LogPluginManager: Mounting plugin CableComponent
LogPluginManager: Mounting plugin CustomMeshComponent
LogPluginManager: Mounting plugin EditableMesh
LogPluginManager: Mounting plugin ExampleDeviceProfileSelector
LogPluginManager: Mounting plugin Firebase
LogPluginManager: Mounting plugin GoogleCloudMessaging
LogPluginManager: Mounting plugin IOSDeviceProfileSelector
LogPluginManager: Mounting plugin LinuxDeviceProfileSelector
LogPluginManager: Mounting plugin LocationServicesBPLibrary
LogPluginManager: Mounting plugin MobilePatchingUtils
LogPluginManager: Mounting plugin OculusVR
LogPluginManager: Mounting plugin PhysXVehicles
LogPluginManager: Mounting plugin ProceduralMeshComponent
LogPluginManager: Mounting plugin RuntimePhysXCooking
LogPluginManager: Mounting plugin SteamVR
LogPluginManager: Mounting plugin WebMMoviePlayer
LogPluginManager: Mounting plugin WindowsMoviePlayer
LogStreaming: Display: Took  0.071s to configure plugins.
LogInit: Using libcurl 7.55.1-DEV
LogInit:  - built for x86_64-pc-win32
LogInit:  - supports SSL with OpenSSL/1.0.2h
LogInit:  - supports HTTP deflate (compression) using libz 1.2.8
LogInit:  - other features:
LogInit:      CURL_VERSION_SSL
LogInit:      CURL_VERSION_LIBZ
LogInit:      CURL_VERSION_IPV6
LogInit:      CURL_VERSION_ASYNCHDNS
LogInit:      CURL_VERSION_LARGEFILE
LogInit:      CURL_VERSION_IDN
LogInit:  CurlRequestOptions (configurable via config and command line):
LogInit:  - bVerifyPeer = true  - Libcurl will verify peer certificate
LogInit:  - bUseHttpProxy = false  - Libcurl will NOT use HTTP proxy
LogInit:  - bDontReuseConnections = false  - Libcurl will reuse connections
LogInit:  - MaxHostConnections = 16  - Libcurl will limit the number of connections to a host
LogInit:  - LocalHostAddr = Default
LogInit:  - BufferSize = 65536
LogInit: WinSock: version 1.1 (2.2), MaxSocks=32767, MaxUdp=65467
LogInit: Build: ++UE4+Release-4.21-CL-4753647
LogInit: Engine Version: 4.21.2-4753647+++UE4+Release-4.21
LogInit: Compatible Engine Version: 4.21.0-4541578+++UE4+Release-4.21
LogInit: Net CL: 4541578
LogInit: OS: Windows 10 (), CPU: Intel(R) Core(TM) i7-6700K CPU @ 4.00GHz, GPU: NVIDIA GeForce RTX 2080
LogInit: Compiled (64-bit): Jan 19 2019 02:07:31
LogInit: Compiled with Visual C++: 19.13.26129.00
LogInit: Build Configuration: Development
LogInit: Branch Name: ++UE4+Release-4.21
LogInit: Command Line:  -skipcompile
LogInit: Base Directory: G:/Games/Epic/Games/UE_4.21/Engine/Binaries/Win64/
LogInit: Installed Engine Build: 1
LogDevObjectVersion: Number of dev versions registered: 22
LogDevObjectVersion:   Dev-Blueprints (B0D832E4-1F89-4F0D-ACCF-7EB736FD4AA2): 10
LogDevObjectVersion:   Dev-Build (E1C64328-A22C-4D53-A36C-8E866417BD8C): 0
LogDevObjectVersion:   Dev-Core (375EC13C-06E4-48FB-B500-84F0262A717E): 2
LogDevObjectVersion:   Dev-Editor (E4B068ED-F494-42E9-A231-DA0B2E46BB41): 26
LogDevObjectVersion:   Dev-Framework (CFFC743F-43B0-4480-9391-14DF171D2073): 34
LogDevObjectVersion:   Dev-Mobile (B02B49B5-BB20-44E9-A304-32B752E40360): 2
LogDevObjectVersion:   Dev-Networking (A4E4105C-59A1-49B5-A7C5-40C4547EDFEE): 0
LogDevObjectVersion:   Dev-Online (39C831C9-5AE6-47DC-9A44-9C173E1C8E7C): 0
LogDevObjectVersion:   Dev-Physics (78F01B33-EBEA-4F98-B9B4-84EACCB95AA2): 0
LogDevObjectVersion:   Dev-Platform (6631380F-2D4D-43E0-8009-CF276956A95A): 0
LogDevObjectVersion:   Dev-Rendering (12F88B9F-8875-4AFC-A67C-D90C383ABD29): 27
LogDevObjectVersion:   Dev-Sequencer (7B5AE74C-D270-4C10-A958-57980B212A5A): 9
LogDevObjectVersion:   Dev-VR (D7296918-1DD6-4BDD-9DE2-64A83CC13884): 2
LogDevObjectVersion:   Dev-LoadTimes (C2A15278-BFE7-4AFE-6C17-90FF531DF755): 1
LogDevObjectVersion:   Private-Geometry (6EACA3D4-40EC-4CC1-B786-8BED09428FC5): 3
LogDevObjectVersion:   Dev-AnimPhys (29E575DD-E0A3-4627-9D10-D276232CDCEA): 17
LogDevObjectVersion:   Dev-Anim (AF43A65D-7FD3-4947-9873-3E8ED9C1BB05): 2
LogDevObjectVersion:   Dev-ReflectionCapture (6B266CEC-1EC7-4B8F-A30B-E4D90942FC07): 1
LogDevObjectVersion:   Dev-Automation (0DF73D61-A23F-47EA-B727-89E90C41499A): 1
LogDevObjectVersion:   FortniteMain (601D1886-AC64-4F84-AA16-D3DE0DEAC7D6): 17
LogDevObjectVersion:   Dev-Enterprise (9DFFBCD6-494F-0158-E221-12823C92A888): 4
LogDevObjectVersion:   Dev-Niagara (F2AED0AC-9AFE-416F-8664-AA7FFA26D6FC): 1
LogStreaming: Display: Took  0.004s to delete old logs.
LogInit: Presizing for max 8388607 objects, including 0 objects not considered by GC, pre-allocating 0 bytes for permanent pool.
LogInit: Object subsystem initialized
LogConfig: Setting CVar [[con.DebugEarlyDefault:1]]
LogConfig: Setting CVar [[r.setres:1280x720]]
[2019.05.01-09.11.32:963][  0]LogConfig: Setting CVar [[r.VSync:0]]
[2019.05.01-09.11.32:963][  0]LogConfig: Setting CVar [[r.RHICmdBypass:0]]
[2019.05.01-09.11.32:963][  0]LogConfig: Applying CVar settings from Section [/Script/Engine.RendererSettings] File [C:/Users/gosus/Documents/CP-School/SeniorProject/gitRepos/Senior-Project-CPP-Game/Saved/Config/Windows/Engine.ini]
[2019.05.01-09.11.32:963][  0]LogConfig: Setting CVar [[r.GPUCrashDebugging:0]]
[2019.05.01-09.11.32:963][  0]LogConfig: Applying CVar settings from Section [/Script/Engine.RendererOverrideSettings] File [C:/Users/gosus/Documents/CP-School/SeniorProject/gitRepos/Senior-Project-CPP-Game/Saved/Config/Windows/Engine.ini]
[2019.05.01-09.11.32:963][  0]LogConfig: Applying CVar settings from Section [/Script/Engine.StreamingSettings] File [C:/Users/gosus/Documents/CP-School/SeniorProject/gitRepos/Senior-Project-CPP-Game/Saved/Config/Windows/Engine.ini]
[2019.05.01-09.11.32:964][  0]LogConfig: Setting CVar [[s.MinBulkDataSizeForAsyncLoading:131072]]
[2019.05.01-09.11.32:964][  0]LogConfig: Setting CVar [[s.AsyncLoadingThreadEnabled:0]]
[2019.05.01-09.11.32:964][  0]LogConfig: Setting CVar [[s.EventDrivenLoaderEnabled:1]]
[2019.05.01-09.11.32:964][  0]LogConfig: Setting CVar [[s.WarnIfTimeLimitExceeded:0]]
[2019.05.01-09.11.32:964][  0]LogConfig: Setting CVar [[s.TimeLimitExceededMultiplier:1.5]]
[2019.05.01-09.11.32:964][  0]LogConfig: Setting CVar [[s.TimeLimitExceededMinTime:0.005]]
[2019.05.01-09.11.32:964][  0]LogConfig: Setting CVar [[s.UseBackgroundLevelStreaming:1]]
[2019.05.01-09.11.32:964][  0]LogConfig: Setting CVar [[s.PriorityAsyncLoadingExtraTime:15.0]]
[2019.05.01-09.11.32:964][  0]LogConfig: Setting CVar [[s.LevelStreamingActorsUpdateTimeLimit:5.0]]
[2019.05.01-09.11.32:965][  0]LogConfig: Setting CVar [[s.PriorityLevelStreamingActorsUpdateExtraTime:5.0]]
[2019.05.01-09.11.32:965][  0]LogConfig: Setting CVar [[s.LevelStreamingComponentsRegistrationGranularity:10]]
[2019.05.01-09.11.32:965][  0]LogConfig: Setting CVar [[s.UnregisterComponentsTimeLimit:1.0]]
[2019.05.01-09.11.32:965][  0]LogConfig: Setting CVar [[s.LevelStreamingComponentsUnregistrationGranularity:5]]
[2019.05.01-09.11.32:965][  0]LogConfig: Applying CVar settings from Section [/Script/Engine.GarbageCollectionSettings] File [C:/Users/gosus/Documents/CP-School/SeniorProject/gitRepos/Senior-Project-CPP-Game/Saved/Config/Windows/Engine.ini]
[2019.05.01-09.11.32:965][  0]LogConfig: Setting CVar [[gc.MaxObjectsNotConsideredByGC:1]]
[2019.05.01-09.11.32:965][  0]LogConfig: Setting CVar [[gc.SizeOfPermanentObjectPool:0]]
[2019.05.01-09.11.32:965][  0]LogConfig: Setting CVar [[gc.FlushStreamingOnGC:0]]
[2019.05.01-09.11.32:966][  0]LogConfig: Setting CVar [[gc.NumRetriesBeforeForcingGC:10]]
[2019.05.01-09.11.32:966][  0]LogConfig: Setting CVar [[gc.AllowParallelGC:1]]
[2019.05.01-09.11.32:966][  0]LogConfig: Setting CVar [[gc.TimeBetweenPurgingPendingKillObjects:61.1]]
[2019.05.01-09.11.32:966][  0]LogConfig: Setting CVar [[gc.MaxObjectsInEditor:8388607]]
[2019.05.01-09.11.32:966][  0]LogConfig: Setting CVar [[gc.IncrementalBeginDestroyEnabled:1]]
[2019.05.01-09.11.32:966][  0]LogConfig: Setting CVar [[gc.CreateGCClusters:1]]
[2019.05.01-09.11.32:966][  0]LogConfig: Setting CVar [[gc.MergeGCClusters:0]]
[2019.05.01-09.11.32:966][  0]LogConfig: Setting CVar [[gc.MinGCClusterSize:5]]
[2019.05.01-09.11.32:966][  0]LogConfig: Setting CVar [[gc.ActorClusteringEnabled:0]]
[2019.05.01-09.11.32:967][  0]LogConfig: Setting CVar [[gc.BlueprintClusteringEnabled:0]]
[2019.05.01-09.11.32:967][  0]LogConfig: Setting CVar [[gc.UseDisregardForGCOnDedicatedServers:0]]
[2019.05.01-09.11.32:967][  0]LogConfig: Applying CVar settings from Section [/Script/Engine.NetworkSettings] File [C:/Users/gosus/Documents/CP-School/SeniorProject/gitRepos/Senior-Project-CPP-Game/Saved/Config/Windows/Engine.ini]
[2019.05.01-09.11.32:967][  0]LogConfig: Applying CVar settings from Section [/Script/UnrealEd.CookerSettings] File [C:/Users/gosus/Documents/CP-School/SeniorProject/gitRepos/Senior-Project-CPP-Game/Saved/Config/Windows/Engine.ini]
[2019.05.01-09.11.32:985][  0]LogConfig: Applying CVar settings from Section [ViewDistanceQuality@3] File [C:/Users/gosus/Documents/CP-School/SeniorProject/gitRepos/Senior-Project-CPP-Game/Saved/Config/Windows/Scalability.ini]
[2019.05.01-09.11.32:985][  0]LogConfig: Setting CVar [[r.SkeletalMeshLODBias:0]]
[2019.05.01-09.11.32:985][  0]LogConfig: Setting CVar [[r.ViewDistanceScale:1.0]]
[2019.05.01-09.11.32:985][  0]LogConfig: Applying CVar settings from Section [AntiAliasingQuality@3] File [C:/Users/gosus/Documents/CP-School/SeniorProject/gitRepos/Senior-Project-CPP-Game/Saved/Config/Windows/Scalability.ini]
[2019.05.01-09.11.32:985][  0]LogConfig: Setting CVar [[r.PostProcessAAQuality:4]]
[2019.05.01-09.11.32:985][  0]LogConfig: Applying CVar settings from Section [ShadowQuality@3] File [C:/Users/gosus/Documents/CP-School/SeniorProject/gitRepos/Senior-Project-CPP-Game/Saved/Config/Windows/Scalability.ini]
[2019.05.01-09.11.32:985][  0]LogConfig: Setting CVar [[r.LightFunctionQuality:1]]
[2019.05.01-09.11.32:985][  0]LogConfig: Setting CVar [[r.ShadowQuality:5]]
[2019.05.01-09.11.32:986][  0]LogConfig: Setting CVar [[r.Shadow.CSM.MaxCascades:10]]
[2019.05.01-09.11.32:986][  0]LogConfig: Setting CVar [[r.Shadow.MaxResolution:2048]]
[2019.05.01-09.11.32:986][  0]LogConfig: Setting CVar [[r.Shadow.MaxCSMResolution:2048]]
[2019.05.01-09.11.32:986][  0]LogConfig: Setting CVar [[r.Shadow.RadiusThreshold:0.01]]
[2019.05.01-09.11.32:986][  0]LogConfig: Setting CVar [[r.Shadow.DistanceScale:1.0]]
[2019.05.01-09.11.32:986][  0]LogConfig: Setting CVar [[r.Shadow.CSM.TransitionScale:1.0]]
[2019.05.01-09.11.32:986][  0]LogConfig: Setting CVar [[r.Shadow.PreShadowResolutionFactor:1.0]]
[2019.05.01-09.11.32:986][  0]LogConfig: Setting CVar [[r.DistanceFieldShadowing:1]]
[2019.05.01-09.11.32:987][  0]LogConfig: Setting CVar [[r.DistanceFieldAO:1]]
[2019.05.01-09.11.32:987][  0]LogConfig: Setting CVar [[r.AOQuality:2]]
[2019.05.01-09.11.32:987][  0]LogConfig: Setting CVar [[r.VolumetricFog:1]]
[2019.05.01-09.11.32:987][  0]LogConfig: Setting CVar [[r.VolumetricFog.GridPixelSize:8]]
[2019.05.01-09.11.32:987][  0]LogConfig: Setting CVar [[r.VolumetricFog.GridSizeZ:128]]
[2019.05.01-09.11.32:987][  0]LogConfig: Setting CVar [[r.VolumetricFog.HistoryMissSupersampleCount:4]]
[2019.05.01-09.11.32:987][  0]LogConfig: Setting CVar [[r.LightMaxDrawDistanceScale:1]]
[2019.05.01-09.11.32:987][  0]LogConfig: Setting CVar [[r.CapsuleShadows:1]]
[2019.05.01-09.11.32:987][  0]LogConfig: Applying CVar settings from Section [PostProcessQuality@3] File [C:/Users/gosus/Documents/CP-School/SeniorProject/gitRepos/Senior-Project-CPP-Game/Saved/Config/Windows/Scalability.ini]
[2019.05.01-09.11.32:988][  0]LogConfig: Setting CVar [[r.MotionBlurQuality:4]]
[2019.05.01-09.11.32:988][  0]LogConfig: Setting CVar [[r.AmbientOcclusionMipLevelFactor:0.4]]
[2019.05.01-09.11.32:988][  0]LogConfig: Setting CVar [[r.AmbientOcclusionMaxQuality:100]]
[2019.05.01-09.11.32:988][  0]LogConfig: Setting CVar [[r.AmbientOcclusionLevels:-1]]
[2019.05.01-09.11.32:988][  0]LogConfig: Setting CVar [[r.AmbientOcclusionRadiusScale:1.0]]
[2019.05.01-09.11.32:988][  0]LogConfig: Setting CVar [[r.DepthOfFieldQuality:2]]
[2019.05.01-09.11.32:988][  0]LogConfig: Setting CVar [[r.RenderTargetPoolMin:400]]
[2019.05.01-09.11.32:988][  0]LogConfig: Setting CVar [[r.LensFlareQuality:2]]
[2019.05.01-09.11.32:988][  0]LogConfig: Setting CVar [[r.SceneColorFringeQuality:1]]
[2019.05.01-09.11.32:988][  0]LogConfig: Setting CVar [[r.EyeAdaptationQuality:2]]
[2019.05.01-09.11.32:989][  0]LogConfig: Setting CVar [[r.BloomQuality:5]]
[2019.05.01-09.11.32:989][  0]LogConfig: Setting CVar [[r.FastBlurThreshold:100]]
[2019.05.01-09.11.32:989][  0]LogConfig: Setting CVar [[r.Upscale.Quality:3]]
[2019.05.01-09.11.32:989][  0]LogConfig: Setting CVar [[r.Tonemapper.GrainQuantization:1]]
[2019.05.01-09.11.32:989][  0]LogConfig: Setting CVar [[r.LightShaftQuality:1]]
[2019.05.01-09.11.32:989][  0]LogConfig: Setting CVar [[r.Filter.SizeScale:1]]
[2019.05.01-09.11.32:989][  0]LogConfig: Setting CVar [[r.Tonemapper.Quality:5]]
[2019.05.01-09.11.32:989][  0]LogConfig: Setting CVar [[r.DOF.Gather.AccumulatorQuality:1        ; higher gathering accumulator quality]]
[2019.05.01-09.11.32:989][  0]LogConfig: Setting CVar [[r.DOF.Gather.PostfilterMethod:1          ; Median3x3 postfilering method]]
[2019.05.01-09.11.32:990][  0]LogConfig: Setting CVar [[r.DOF.Gather.EnableBokehSettings:0       ; no bokeh simulation when gathering]]
[2019.05.01-09.11.32:990][  0]LogConfig: Setting CVar [[r.DOF.Gather.RingCount:4                 ; medium number of samples when gathering]]
[2019.05.01-09.11.32:990][  0]LogConfig: Setting CVar [[r.DOF.Scatter.ForegroundCompositing:1    ; additive foreground scattering]]
[2019.05.01-09.11.32:990][  0]LogConfig: Setting CVar [[r.DOF.Scatter.BackgroundCompositing:2    ; additive background scattering]]
[2019.05.01-09.11.32:990][  0]LogConfig: Setting CVar [[r.DOF.Scatter.EnableBokehSettings:1      ; bokeh simulation when scattering]]
[2019.05.01-09.11.32:990][  0]LogConfig: Setting CVar [[r.DOF.Scatter.MaxSpriteRatio:0.1         ; only a maximum of 10% of scattered bokeh]]
[2019.05.01-09.11.32:990][  0]LogConfig: Setting CVar [[r.DOF.Recombine.Quality:1                ; cheap slight out of focus]]
[2019.05.01-09.11.32:990][  0]LogConfig: Setting CVar [[r.DOF.Recombine.EnableBokehSettings:0    ; no bokeh simulation on slight out of focus]]
[2019.05.01-09.11.32:990][  0]LogConfig: Setting CVar [[r.DOF.TemporalAAQuality:1                ; more stable temporal accumulation]]
[2019.05.01-09.11.32:991][  0]LogConfig: Setting CVar [[r.DOF.Kernel.MaxForegroundRadius:0.025]]
[2019.05.01-09.11.32:991][  0]LogConfig: Setting CVar [[r.DOF.Kernel.MaxBackgroundRadius:0.025]]
[2019.05.01-09.11.32:991][  0]LogConfig: Applying CVar settings from Section [TextureQuality@3] File [C:/Users/gosus/Documents/CP-School/SeniorProject/gitRepos/Senior-Project-CPP-Game/Saved/Config/Windows/Scalability.ini]
[2019.05.01-09.11.32:991][  0]LogConfig: Setting CVar [[r.Streaming.MipBias:0]]
[2019.05.01-09.11.32:991][  0]LogConfig: Setting CVar [[r.Streaming.AmortizeCPUToGPUCopy:0]]
[2019.05.01-09.11.32:991][  0]LogConfig: Setting CVar [[r.Streaming.MaxNumTexturesToStreamPerFrame:0]]
[2019.05.01-09.11.32:991][  0]LogConfig: Setting CVar [[r.Streaming.Boost:1]]
[2019.05.01-09.11.32:991][  0]LogConfig: Setting CVar [[r.MaxAnisotropy:8]]
[2019.05.01-09.11.32:991][  0]LogConfig: Setting CVar [[r.Streaming.LimitPoolSizeToVRAM:0]]
[2019.05.01-09.11.32:991][  0]LogConfig: Setting CVar [[r.Streaming.PoolSize:1000]]
[2019.05.01-09.11.32:992][  0]LogConfig: Setting CVar [[r.Streaming.MaxEffectiveScreenSize:0]]
[2019.05.01-09.11.32:992][  0]LogConfig: Applying CVar settings from Section [EffectsQuality@3] File [C:/Users/gosus/Documents/CP-School/SeniorProject/gitRepos/Senior-Project-CPP-Game/Saved/Config/Windows/Scalability.ini]
[2019.05.01-09.11.32:992][  0]LogConfig: Setting CVar [[r.TranslucencyLightingVolumeDim:64]]
[2019.05.01-09.11.32:992][  0]LogConfig: Setting CVar [[r.RefractionQuality:2]]
[2019.05.01-09.11.32:992][  0]LogConfig: Setting CVar [[r.SSR.Quality:3]]
[2019.05.01-09.11.32:992][  0]LogConfig: Setting CVar [[r.SceneColorFormat:4]]
[2019.05.01-09.11.32:992][  0]LogConfig: Setting CVar [[r.DetailMode:2]]
[2019.05.01-09.11.32:992][  0]LogConfig: Setting CVar [[r.TranslucencyVolumeBlur:1]]
[2019.05.01-09.11.32:992][  0]LogConfig: Setting CVar [[r.MaterialQualityLevel:1 ; High quality]]
[2019.05.01-09.11.32:992][  0]LogConfig: Setting CVar [[r.SSS.Scale:1]]
[2019.05.01-09.11.32:993][  0]LogConfig: Setting CVar [[r.SSS.SampleSet:2]]
[2019.05.01-09.11.32:993][  0]LogConfig: Setting CVar [[r.SSS.Quality:1]]
[2019.05.01-09.11.32:993][  0]LogConfig: Setting CVar [[r.SSS.HalfRes:1]]
[2019.05.01-09.11.32:993][  0]LogConfig: Setting CVar [[r.EmitterSpawnRateScale:1.0]]
[2019.05.01-09.11.32:993][  0]LogConfig: Setting CVar [[r.ParticleLightQuality:2]]
[2019.05.01-09.11.32:993][  0]LogConfig: Applying CVar settings from Section [FoliageQuality@3] File [C:/Users/gosus/Documents/CP-School/SeniorProject/gitRepos/Senior-Project-CPP-Game/Saved/Config/Windows/Scalability.ini]
[2019.05.01-09.11.32:993][  0]LogConfig: Setting CVar [[foliage.DensityScale:1.0]]
[2019.05.01-09.11.32:993][  0]LogConfig: Setting CVar [[grass.DensityScale:1.0]]
[2019.05.01-09.11.32:993][  0]LogInit: Selected Device Profile: [Windows]
[2019.05.01-09.11.32:994][  0]LogInit: Applying CVar settings loaded from the selected device profile: [Windows]
[2019.05.01-09.11.33:013][  0]LogHAL: Display: Platform has ~ 32 GB [34313105408 / 34359738368 / 32], which maps to Largest [LargestMinGB=32, LargerMinGB=12, DefaultMinGB=8, SmallerMinGB=6, SmallestMinGB=0)
[2019.05.01-09.11.33:013][  0]LogConfig: Setting CVar [[r.Vulkan.UseRealUBs:1]]
[2019.05.01-09.11.33:013][  0]LogInit: Going up to parent DeviceProfile []
[2019.05.01-09.11.33:013][  0]LogConfig: Applying CVar settings from Section [ViewDistanceQuality@3] File [C:/Users/gosus/Documents/CP-School/SeniorProject/gitRepos/Senior-Project-CPP-Game/Saved/Config/Windows/Scalability.ini]
[2019.05.01-09.11.33:013][  0]LogConfig: Setting CVar [[r.SkeletalMeshLODBias:0]]
[2019.05.01-09.11.33:013][  0]LogConfig: Setting CVar [[r.ViewDistanceScale:1.0]]
[2019.05.01-09.11.33:013][  0]LogConfig: Applying CVar settings from Section [AntiAliasingQuality@3] File [C:/Users/gosus/Documents/CP-School/SeniorProject/gitRepos/Senior-Project-CPP-Game/Saved/Config/Windows/Scalability.ini]
[2019.05.01-09.11.33:013][  0]LogConfig: Setting CVar [[r.PostProcessAAQuality:4]]
[2019.05.01-09.11.33:013][  0]LogConfig: Applying CVar settings from Section [ShadowQuality@3] File [C:/Users/gosus/Documents/CP-School/SeniorProject/gitRepos/Senior-Project-CPP-Game/Saved/Config/Windows/Scalability.ini]
[2019.05.01-09.11.33:014][  0]LogConfig: Setting CVar [[r.LightFunctionQuality:1]]
[2019.05.01-09.11.33:014][  0]LogConfig: Setting CVar [[r.ShadowQuality:5]]
[2019.05.01-09.11.33:014][  0]LogConfig: Setting CVar [[r.Shadow.CSM.MaxCascades:10]]
[2019.05.01-09.11.33:014][  0]LogConfig: Setting CVar [[r.Shadow.MaxResolution:2048]]
[2019.05.01-09.11.33:014][  0]LogConfig: Setting CVar [[r.Shadow.MaxCSMResolution:2048]]
[2019.05.01-09.11.33:014][  0]LogConfig: Setting CVar [[r.Shadow.RadiusThreshold:0.01]]
[2019.05.01-09.11.33:014][  0]LogConfig: Setting CVar [[r.Shadow.DistanceScale:1.0]]
[2019.05.01-09.11.33:014][  0]LogConfig: Setting CVar [[r.Shadow.CSM.TransitionScale:1.0]]
[2019.05.01-09.11.33:014][  0]LogConfig: Setting CVar [[r.Shadow.PreShadowResolutionFactor:1.0]]
[2019.05.01-09.11.33:014][  0]LogConfig: Setting CVar [[r.DistanceFieldShadowing:1]]
[2019.05.01-09.11.33:014][  0]LogConfig: Setting CVar [[r.DistanceFieldAO:1]]
[2019.05.01-09.11.33:014][  0]LogConfig: Setting CVar [[r.AOQuality:2]]
[2019.05.01-09.11.33:014][  0]LogConfig: Setting CVar [[r.VolumetricFog:1]]
[2019.05.01-09.11.33:014][  0]LogConfig: Setting CVar [[r.VolumetricFog.GridPixelSize:8]]
[2019.05.01-09.11.33:014][  0]LogConfig: Setting CVar [[r.VolumetricFog.GridSizeZ:128]]
[2019.05.01-09.11.33:015][  0]LogConfig: Setting CVar [[r.VolumetricFog.HistoryMissSupersampleCount:4]]
[2019.05.01-09.11.33:015][  0]LogConfig: Setting CVar [[r.LightMaxDrawDistanceScale:1]]
[2019.05.01-09.11.33:015][  0]LogConfig: Setting CVar [[r.CapsuleShadows:1]]
[2019.05.01-09.11.33:015][  0]LogConfig: Applying CVar settings from Section [PostProcessQuality@3] File [C:/Users/gosus/Documents/CP-School/SeniorProject/gitRepos/Senior-Project-CPP-Game/Saved/Config/Windows/Scalability.ini]
[2019.05.01-09.11.33:015][  0]LogConfig: Setting CVar [[r.MotionBlurQuality:4]]
[2019.05.01-09.11.33:015][  0]LogConfig: Setting CVar [[r.AmbientOcclusionMipLevelFactor:0.4]]
[2019.05.01-09.11.33:015][  0]LogConfig: Setting CVar [[r.AmbientOcclusionMaxQuality:100]]
[2019.05.01-09.11.33:015][  0]LogConfig: Setting CVar [[r.AmbientOcclusionLevels:-1]]
[2019.05.01-09.11.33:015][  0]LogConfig: Setting CVar [[r.AmbientOcclusionRadiusScale:1.0]]
[2019.05.01-09.11.33:015][  0]LogConfig: Setting CVar [[r.DepthOfFieldQuality:2]]
[2019.05.01-09.11.33:015][  0]LogConfig: Setting CVar [[r.RenderTargetPoolMin:400]]
[2019.05.01-09.11.33:015][  0]LogConfig: Setting CVar [[r.LensFlareQuality:2]]
[2019.05.01-09.11.33:015][  0]LogConfig: Setting CVar [[r.SceneColorFringeQuality:1]]
[2019.05.01-09.11.33:015][  0]LogConfig: Setting CVar [[r.EyeAdaptationQuality:2]]
[2019.05.01-09.11.33:015][  0]LogConfig: Setting CVar [[r.BloomQuality:5]]
[2019.05.01-09.11.33:015][  0]LogConfig: Setting CVar [[r.FastBlurThreshold:100]]
[2019.05.01-09.11.33:016][  0]LogConfig: Setting CVar [[r.Upscale.Quality:3]]
[2019.05.01-09.11.33:016][  0]LogConfig: Setting CVar [[r.Tonemapper.GrainQuantization:1]]
[2019.05.01-09.11.33:016][  0]LogConfig: Setting CVar [[r.LightShaftQuality:1]]
[2019.05.01-09.11.33:016][  0]LogConfig: Setting CVar [[r.Filter.SizeScale:1]]
[2019.05.01-09.11.33:016][  0]LogConfig: Setting CVar [[r.Tonemapper.Quality:5]]
[2019.05.01-09.11.33:016][  0]LogConfig: Setting CVar [[r.DOF.Gather.AccumulatorQuality:1        ; higher gathering accumulator quality]]
[2019.05.01-09.11.33:016][  0]LogConfig: Setting CVar [[r.DOF.Gather.PostfilterMethod:1          ; Median3x3 postfilering method]]
[2019.05.01-09.11.33:016][  0]LogConfig: Setting CVar [[r.DOF.Gather.EnableBokehSettings:0       ; no bokeh simulation when gathering]]
[2019.05.01-09.11.33:016][  0]LogConfig: Setting CVar [[r.DOF.Gather.RingCount:4                 ; medium number of samples when gathering]]
[2019.05.01-09.11.33:016][  0]LogConfig: Setting CVar [[r.DOF.Scatter.ForegroundCompositing:1    ; additive foreground scattering]]
[2019.05.01-09.11.33:016][  0]LogConfig: Setting CVar [[r.DOF.Scatter.BackgroundCompositing:2    ; additive background scattering]]
[2019.05.01-09.11.33:016][  0]LogConfig: Setting CVar [[r.DOF.Scatter.EnableBokehSettings:1      ; bokeh simulation when scattering]]
[2019.05.01-09.11.33:016][  0]LogConfig: Setting CVar [[r.DOF.Scatter.MaxSpriteRatio:0.1         ; only a maximum of 10% of scattered bokeh]]
[2019.05.01-09.11.33:016][  0]LogConfig: Setting CVar [[r.DOF.Recombine.Quality:1                ; cheap slight out of focus]]
[2019.05.01-09.11.33:016][  0]LogConfig: Setting CVar [[r.DOF.Recombine.EnableBokehSettings:0    ; no bokeh simulation on slight out of focus]]
[2019.05.01-09.11.33:016][  0]LogConfig: Setting CVar [[r.DOF.TemporalAAQuality:1                ; more stable temporal accumulation]]
[2019.05.01-09.11.33:017][  0]LogConfig: Setting CVar [[r.DOF.Kernel.MaxForegroundRadius:0.025]]
[2019.05.01-09.11.33:017][  0]LogConfig: Setting CVar [[r.DOF.Kernel.MaxBackgroundRadius:0.025]]
[2019.05.01-09.11.33:017][  0]LogConfig: Applying CVar settings from Section [TextureQuality@3] File [C:/Users/gosus/Documents/CP-School/SeniorProject/gitRepos/Senior-Project-CPP-Game/Saved/Config/Windows/Scalability.ini]
[2019.05.01-09.11.33:017][  0]LogConfig: Setting CVar [[r.Streaming.MipBias:0]]
[2019.05.01-09.11.33:017][  0]LogConfig: Setting CVar [[r.Streaming.AmortizeCPUToGPUCopy:0]]
[2019.05.01-09.11.33:017][  0]LogConfig: Setting CVar [[r.Streaming.MaxNumTexturesToStreamPerFrame:0]]
[2019.05.01-09.11.33:017][  0]LogConfig: Setting CVar [[r.Streaming.Boost:1]]
[2019.05.01-09.11.33:017][  0]LogConfig: Setting CVar [[r.MaxAnisotropy:8]]
[2019.05.01-09.11.33:017][  0]LogConfig: Setting CVar [[r.Streaming.LimitPoolSizeToVRAM:0]]
[2019.05.01-09.11.33:017][  0]LogConfig: Setting CVar [[r.Streaming.PoolSize:1000]]
[2019.05.01-09.11.33:017][  0]LogConfig: Setting CVar [[r.Streaming.MaxEffectiveScreenSize:0]]
[2019.05.01-09.11.33:017][  0]LogConfig: Applying CVar settings from Section [EffectsQuality@3] File [C:/Users/gosus/Documents/CP-School/SeniorProject/gitRepos/Senior-Project-CPP-Game/Saved/Config/Windows/Scalability.ini]
[2019.05.01-09.11.33:017][  0]LogConfig: Setting CVar [[r.TranslucencyLightingVolumeDim:64]]
[2019.05.01-09.11.33:017][  0]LogConfig: Setting CVar [[r.RefractionQuality:2]]
[2019.05.01-09.11.33:017][  0]LogConfig: Setting CVar [[r.SSR.Quality:3]]
[2019.05.01-09.11.33:018][  0]LogConfig: Setting CVar [[r.SceneColorFormat:4]]
[2019.05.01-09.11.33:018][  0]LogConfig: Setting CVar [[r.DetailMode:2]]
[2019.05.01-09.11.33:018][  0]LogConfig: Setting CVar [[r.TranslucencyVolumeBlur:1]]
[2019.05.01-09.11.33:018][  0]LogConfig: Setting CVar [[r.MaterialQualityLevel:1 ; High quality]]
[2019.05.01-09.11.33:018][  0]LogConfig: Setting CVar [[r.SSS.Scale:1]]
[2019.05.01-09.11.33:018][  0]LogConfig: Setting CVar [[r.SSS.SampleSet:2]]
[2019.05.01-09.11.33:018][  0]LogConfig: Setting CVar [[r.SSS.Quality:1]]
[2019.05.01-09.11.33:018][  0]LogConfig: Setting CVar [[r.SSS.HalfRes:1]]
[2019.05.01-09.11.33:018][  0]LogConfig: Setting CVar [[r.EmitterSpawnRateScale:1.0]]
[2019.05.01-09.11.33:018][  0]LogConfig: Setting CVar [[r.ParticleLightQuality:2]]
[2019.05.01-09.11.33:018][  0]LogConfig: Applying CVar settings from Section [FoliageQuality@3] File [C:/Users/gosus/Documents/CP-School/SeniorProject/gitRepos/Senior-Project-CPP-Game/Saved/Config/Windows/Scalability.ini]
[2019.05.01-09.11.33:018][  0]LogConfig: Setting CVar [[foliage.DensityScale:1.0]]
[2019.05.01-09.11.33:018][  0]LogConfig: Setting CVar [[grass.DensityScale:1.0]]
[2019.05.01-09.11.33:018][  0]LogConfig: Applying CVar settings from Section [Startup] File [../../../Engine/Config/ConsoleVariables.ini]
[2019.05.01-09.11.33:019][  0]LogConfig: Setting CVar [[net.UseAdaptiveNetUpdateFrequency:0]]
[2019.05.01-09.11.33:019][  0]LogConfig: Applying CVar settings from Section [ConsoleVariables] File [C:/Users/gosus/Documents/CP-School/SeniorProject/gitRepos/Senior-Project-CPP-Game/Saved/Config/Windows/Engine.ini]
[2019.05.01-09.11.33:019][  0]LogInit: Computer: UNIT-01
[2019.05.01-09.11.33:019][  0]LogInit: User: gosus
[2019.05.01-09.11.33:019][  0]LogInit: CPU Page size=4096, Cores=4
[2019.05.01-09.11.33:019][  0]LogInit: High frequency timer resolution =10.000000 MHz
[2019.05.01-09.11.33:019][  0]LogMemory: Memory total: Physical=32.0GB (32GB approx)
[2019.05.01-09.11.33:020][  0]LogMemory: Platform Memory Stats for Windows
[2019.05.01-09.11.33:020][  0]LogMemory: Process Physical Memory: 104.82 MB used, 104.82 MB peak
[2019.05.01-09.11.33:020][  0]LogMemory: Process Virtual Memory: 103.02 MB used, 103.02 MB peak
[2019.05.01-09.11.33:020][  0]LogMemory: Physical Memory: 7596.31 MB used,  25127.22 MB free, 32723.53 MB total
[2019.05.01-09.11.33:020][  0]LogMemory: Virtual Memory: 4661.01 MB used,  134213064.00 MB free, 134217728.00 MB total
[2019.05.01-09.11.33:114][  0]LogInit: Using OS detected language (en-US).
[2019.05.01-09.11.33:114][  0]LogInit: Using OS detected locale (en-US).
[2019.05.01-09.11.33:114][  0]LogTextLocalizationManager: No specific localization for 'en-US' exists, so the 'en' localization will be used.
[2019.05.01-09.11.33:404][  0]LogStreaming: Display: Took  0.290s to InitEngineTextLocalization.
[2019.05.01-09.11.33:404][  0]LogInit: Setting process to per monitor DPI aware
[2019.05.01-09.11.33:459][  0]LogSlate: New Slate User Created.  User Index 0, Is Virtual User: 0
[2019.05.01-09.11.33:459][  0]LogSlate: Slate User Registered.  User Index 0, Is Virtual User: 0
[2019.05.01-09.11.33:613][  0]LogHMD: Failed to initialize OpenVR with code 110
[2019.05.01-09.11.33:613][  0]LogD3D11RHI: D3D11 adapters:
[2019.05.01-09.11.33:745][  0]LogD3D11RHI:    0. 'NVIDIA GeForce RTX 2080' (Feature Level 11_0)
[2019.05.01-09.11.33:745][  0]LogD3D11RHI:       8010/0/16361 MB DedicatedVideo/DedicatedSystem/SharedSystem, Outputs:2, VendorId:0x10de
[2019.05.01-09.11.33:750][  0]LogD3D11RHI:    1. 'Microsoft Basic Render Driver' (Feature Level 11_0)
[2019.05.01-09.11.33:750][  0]LogD3D11RHI:       0/0/16361 MB DedicatedVideo/DedicatedSystem/SharedSystem, Outputs:0, VendorId:0x1414
[2019.05.01-09.11.33:750][  0]LogD3D11RHI: Chosen D3D11 Adapter: 0
[2019.05.01-09.11.33:756][  0]LogD3D11RHI: Creating new Direct3DDevice
[2019.05.01-09.11.33:756][  0]LogD3D11RHI:     GPU DeviceId: 0x1e87 (for the marketing name, search the web for "GPU Device Id")
[2019.05.01-09.11.33:756][  0]LogWindows: EnumDisplayDevices:
[2019.05.01-09.11.33:756][  0]LogWindows:    0. 'NVIDIA GeForce RTX 2080' (P:1 D:1)
[2019.05.01-09.11.33:757][  0]LogWindows:    1. 'NVIDIA GeForce RTX 2080' (P:0 D:1)
[2019.05.01-09.11.33:757][  0]LogWindows:    2. 'NVIDIA GeForce RTX 2080' (P:0 D:0)
[2019.05.01-09.11.33:757][  0]LogWindows:    3. 'NVIDIA GeForce RTX 2080' (P:0 D:0)
[2019.05.01-09.11.33:757][  0]LogWindows: DebugString: FoundDriverCount:4 
[2019.05.01-09.11.33:757][  0]LogD3D11RHI:     Adapter Name: NVIDIA GeForce RTX 2080
[2019.05.01-09.11.33:757][  0]LogD3D11RHI:   Driver Version: 430.39 (internal:26.21.14.3039, unified:430.39)
[2019.05.01-09.11.33:757][  0]LogD3D11RHI:      Driver Date: 4-17-2019
[2019.05.01-09.11.33:758][  0]LogRHI: Texture pool is 5607 MB (70% of 8010 MB)
[2019.05.01-09.11.33:799][  0]LogD3D11RHI: Async texture creation enabled
[2019.05.01-09.11.33:824][  0]LogD3D11RHI: GPU Timing Frequency: 1000.000000 (Debug: 2 2)
[2019.05.01-09.11.34:178][  0]LogTemp: Display: Loaded TP AllDesktopTargetPlatform
[2019.05.01-09.11.34:191][  0]LogTemp: Display: Loaded TP MacClientTargetPlatform
[2019.05.01-09.11.34:204][  0]LogTemp: Display: Loaded TP MacNoEditorTargetPlatform
[2019.05.01-09.11.34:218][  0]LogTemp: Display: Loaded TP MacServerTargetPlatform
[2019.05.01-09.11.34:232][  0]LogTemp: Display: Loaded TP MacTargetPlatform
[2019.05.01-09.11.34:245][  0]LogTemp: Display: Loaded TP WindowsClientTargetPlatform
[2019.05.01-09.11.34:259][  0]LogTemp: Display: Loaded TP WindowsNoEditorTargetPlatform
[2019.05.01-09.11.34:273][  0]LogTemp: Display: Loaded TP WindowsServerTargetPlatform
[2019.05.01-09.11.34:282][  0]LogTemp: Display: Loaded TP WindowsTargetPlatform
[2019.05.01-09.11.34:339][  0]LogTemp: Display: Loaded TP AndroidTargetPlatform
[2019.05.01-09.11.34:339][  0]LogTemp: Display: Loaded TP AndroidTargetPlatform
[2019.05.01-09.11.34:339][  0]LogTemp: Display: Loaded TP AndroidTargetPlatform
[2019.05.01-09.11.34:340][  0]LogTemp: Display: Loaded TP AndroidTargetPlatform
[2019.05.01-09.11.34:340][  0]LogTemp: Display: Loaded TP AndroidTargetPlatform
[2019.05.01-09.11.34:340][  0]LogTemp: Display: Loaded TP AndroidTargetPlatform
[2019.05.01-09.11.34:340][  0]LogTemp: Display: Loaded TP AndroidTargetPlatform
[2019.05.01-09.11.34:340][  0]LogTemp: Display: Loaded TP AndroidTargetPlatform
[2019.05.01-09.11.34:340][  0]LogTemp: Display: Loaded TP AndroidTargetPlatform
[2019.05.01-09.11.34:340][  0]LogTemp: Display: Loaded TP AndroidTargetPlatform
[2019.05.01-09.11.34:340][  0]LogTemp: Display: Loaded TP AndroidTargetPlatform
[2019.05.01-09.11.34:340][  0]LogTemp: Display: Loaded TP AndroidTargetPlatform
[2019.05.01-09.11.34:340][  0]LogTemp: Display: Loaded TP AndroidTargetPlatform
[2019.05.01-09.11.34:340][  0]LogTemp: Display: Loaded TP AndroidTargetPlatform
[2019.05.01-09.11.34:340][  0]LogTemp: Display: Loaded TP AndroidTargetPlatform
[2019.05.01-09.11.34:340][  0]LogTemp: Display: Loaded TP AndroidTargetPlatform
[2019.05.01-09.11.34:340][  0]LogTemp: Display: Loaded TP AndroidTargetPlatform
[2019.05.01-09.11.34:340][  0]LogTemp: Display: Loaded TP AndroidTargetPlatform
[2019.05.01-09.11.34:344][  0]LogTemp: Display: Loaded TP HTML5TargetPlatform
[2019.05.01-09.11.34:419][  0]LogTemp: Display: Loaded TP IOSTargetPlatform
[2019.05.01-09.11.34:419][  0]LogTemp: Display: Loaded TP IOSTargetPlatform
[2019.05.01-09.11.34:446][  0]LogTemp: Display: Loaded TP TVOSTargetPlatform
[2019.05.01-09.11.34:446][  0]LogTemp: Display: Loaded TP TVOSTargetPlatform
[2019.05.01-09.11.34:459][  0]LogTemp: Display: Loaded TP LinuxClientTargetPlatform
[2019.05.01-09.11.34:470][  0]LogTemp: Display: Loaded TP LinuxNoEditorTargetPlatform
[2019.05.01-09.11.34:482][  0]LogTemp: Display: Loaded TP LinuxServerTargetPlatform
[2019.05.01-09.11.34:495][  0]LogTemp: Display: Loaded TP LinuxTargetPlatform
[2019.05.01-09.11.34:530][  0]LogTemp: Display: Loaded TP LuminTargetPlatform
[2019.05.01-09.11.34:530][  0]LogTemp: Display: Loaded TP LuminTargetPlatform
[2019.05.01-09.11.34:530][  0]LogTargetPlatformManager: Display: Building Assets For Windows
[2019.05.01-09.11.34:652][  0]LogShaderCompilers: Guid format shader working directory is -36 characters bigger than the processId version (C:/Users/gosus/Documents/CP-School/SeniorProject/gitRepos/Senior-Project-CPP-Game/Intermediate/Shaders/WorkingDirectory/13072/).
[2019.05.01-09.11.34:653][  0]LogShaderCompilers: Cleaned the shader compiler working directory 'C:/Users/gosus/AppData/Local/Temp/UnrealShaderWorkingDir/EDBCD42746C59498B41DF8A500B77834/'.
[2019.05.01-09.11.34:654][  0]LogXGEController: Cleaning working directory: C:/Users/gosus/AppData/Local/Temp/UnrealXGEWorkingDir/
[2019.05.01-09.11.34:654][  0]LogXGEController: Cannot use XGE Controller as Incredibuild is not installed on this machine.
[2019.05.01-09.11.34:654][  0]LogShaderCompilers: Cannot use XGE Shader Compiler as Incredibuild is not installed on this machine.
[2019.05.01-09.11.34:654][  0]LogShaderCompilers: Display: Using Local Shader Compiler.
[2019.05.01-09.11.35:085][  0]LogDerivedDataCache: Display: Max Cache Size: 512 MB
[2019.05.01-09.11.35:124][  0]LogDerivedDataCache: Loaded boot cache 0.04s 71MB C:/Users/gosus/AppData/Local/UnrealEngine/4.21/DerivedDataCache/Boot.ddc.
[2019.05.01-09.11.35:124][  0]LogDerivedDataCache: Display: Loaded Boot cache: C:/Users/gosus/AppData/Local/UnrealEngine/4.21/DerivedDataCache/Boot.ddc
[2019.05.01-09.11.35:124][  0]LogDerivedDataCache: FDerivedDataBackendGraph:  Pak pak cache file C:/Users/gosus/Documents/CP-School/SeniorProject/gitRepos/Senior-Project-CPP-Game/DerivedDataCache/DDC.ddp not found, will not use a pak cache.
[2019.05.01-09.11.35:124][  0]LogDerivedDataCache: Unable to find inner node Pak for hierarchical cache Hierarchy.
[2019.05.01-09.11.35:124][  0]LogDerivedDataCache: FDerivedDataBackendGraph:  CompressedPak pak cache file C:/Users/gosus/Documents/CP-School/SeniorProject/gitRepos/Senior-Project-CPP-Game/DerivedDataCache/Compressed.ddp not found, will not use a pak cache.
[2019.05.01-09.11.35:124][  0]LogDerivedDataCache: Unable to find inner node CompressedPak for hierarchical cache Hierarchy.
[2019.05.01-09.11.35:136][  0]LogDerivedDataCache: Display: Pak cache opened for reading ../../../Engine/DerivedDataCache/Compressed.ddp.
[2019.05.01-09.11.35:136][  0]LogDerivedDataCache: FDerivedDataBackendGraph:  EnterprisePak pak cache file ../../../Enterprise/DerivedDataCache/Compressed.ddp not found, will not use a pak cache.
[2019.05.01-09.11.35:137][  0]LogDerivedDataCache: Unable to find inner node EnterprisePak for hierarchical cache Hierarchy.
[2019.05.01-09.11.35:149][  0]LogDerivedDataCache: Using Local data cache path C:/Users/gosus/AppData/Local/UnrealEngine/Common/DerivedDataCache: Writable
[2019.05.01-09.11.35:149][  0]LogDerivedDataCache: Shared data cache path not found in *engine.ini, will not use an Shared cache.
[2019.05.01-09.11.35:149][  0]LogDerivedDataCache: Unable to find inner node Shared for hierarchical cache Hierarchy.
[2019.05.01-09.11.35:167][  0]LogMaterial: Verifying Global Shaders for PCD3D_SM5
[2019.05.01-09.11.35:169][  0]LogSlate: Using FreeType 2.6.0
[2019.05.01-09.11.35:169][  0]LogSlate: SlateFontServices - WITH_FREETYPE: 1, WITH_HARFBUZZ: 1
[2019.05.01-09.11.35:240][  0]LogAssetRegistry: FAssetRegistry took 0.0340 seconds to start up
[2019.05.01-09.11.35:487][  0]LogInit: Selected Device Profile: [Windows]
[2019.05.01-09.11.35:645][  0]LogSimplygon: Simplygon DLL not present - disabling.
[2019.05.01-09.11.35:657][  0]LogMeshReduction: Using SimplygonSwarm for distributed automatic mesh merging
[2019.05.01-09.11.35:657][  0]LogMeshReduction: Using ProxyLODMeshReduction for automatic mesh merging
[2019.05.01-09.11.35:657][  0]LogMeshReduction: Using QuadricMeshReduction for automatic static mesh reduction
[2019.05.01-09.11.35:657][  0]LogMeshReduction: No automatic skeletal mesh reduction module available
[2019.05.01-09.11.35:667][  0]LogNetVersion: HSPGame 1.0.0, NetCL: 4541578, EngineNetVer: 5, GameNetVer: 0 (Checksum: 2893343623)
[2019.05.01-09.11.36:069][  0]LogPackageLocalizationCache: Processed 11 localized package path(s) for 2 prioritized culture(s) in 0.083066 seconds
[2019.05.01-09.11.36:073][  0]LogUObjectArray: 39775 objects as part of root set at end of initial load.
[2019.05.01-09.11.36:074][  0]LogUObjectAllocator: 6914656 out of 0 bytes used by permanent object pool.
[2019.05.01-09.11.36:074][  0]LogUObjectArray: CloseDisregardForGC: 0/0 objects in disregard for GC pool
[2019.05.01-09.11.36:965][  0]LogTcpMessaging: Initializing TcpMessaging bridge
[2019.05.01-09.11.36:982][  0]LogUdpMessaging: Initializing bridge on interface 0.0.0.0:0 to multicast group 230.0.0.1:6666.
[2019.05.01-09.11.37:570][  0]SourceControl: Source control is disabled
[2019.05.01-09.11.37:570][  0]SourceControl: Source control is disabled
[2019.05.01-09.11.37:580][  0]SourceControl: Source control is disabled
[2019.05.01-09.11.37:584][  0]SourceControl: Source control is disabled
[2019.05.01-09.11.37:898][  0]LogAndroidPermission: UAndroidPermissionCallbackProxy::GetInstance
[2019.05.01-09.11.38:122][  0]LogOcInput: OculusInput pre-init called
[2019.05.01-09.11.38:293][  0]LogEngine: Initializing Engine...
[2019.05.01-09.11.38:294][  0]LogHMD: Failed to initialize OpenVR with code 110
[2019.05.01-09.11.38:295][  0]LogStats: UGameplayTagsManager::ConstructGameplayTagTree: ImportINI prefixes -  0.000 s
[2019.05.01-09.11.38:295][  0]LogStats: UGameplayTagsManager::ConstructGameplayTagTree: Construct from data asset -  0.000 s
[2019.05.01-09.11.38:295][  0]LogStats: UGameplayTagsManager::ConstructGameplayTagTree: ImportINI -  0.000 s
[2019.05.01-09.11.38:296][  0]LogStats: UGameplayTagsManager::ConstructGameplayTagTree: GameplayTagTreeChangedEvent.Broadcast -  0.000 s
[2019.05.01-09.11.38:477][  0]LogInit: Initializing FReadOnlyCVARCache
[2019.05.01-09.11.38:490][  0]LogAIModule: Creating AISystem for world Untitled
[2019.05.01-09.11.38:546][  0]LogInit: XAudio2 using 'LG ULTRAWIDE (NVIDIA High Definition Audio)' : 2 channels at 48 kHz using 16 bits per sample (channel mask 0x3)
[2019.05.01-09.11.38:628][  0]LogInit: FAudioDevice initialized.
[2019.05.01-09.11.38:628][  0]LogNetVersion: Set ProjectVersion to 1.0.0.0. Version Checksum will be recalculated on next use.
[2019.05.01-09.11.38:667][  0]LogDerivedDataCache: Saved boot cache 0.04s 71MB C:/Users/gosus/AppData/Local/UnrealEngine/4.21/DerivedDataCache/Boot.ddc.
[2019.05.01-09.11.38:671][  0]LogInit: Texture streaming: Enabled
[2019.05.01-09.11.38:698][  0]LogEngineSessionManager: EngineSessionManager initialized
[2019.05.01-09.11.38:698][  0]LogEngineSessionManager: EngineSessionManager sent abnormal shutdown report. Type=Debugger, SessionId={E4BA9D1E-499F-B6BA-B807-2EBF82044DF6}
[2019.05.01-09.11.38:708][  0]LogInit: Transaction tracking system initialized
[2019.05.01-09.11.38:743][  0]BlueprintLog: New page: Editor Load
[2019.05.01-09.11.38:885][  0]LocalizationService: Localization service is disabled
[2019.05.01-09.11.39:351][  0]LogCook: Display: Max memory allowance for cook 16384mb min free memory 0mb
[2019.05.01-09.11.39:351][  0]LogCook: Display: Mobile HDR setting 1
[2019.05.01-09.11.39:351][  0]LogGameplayTags: Display: UGameplayTagsManager::DoneAddingNativeTags. DelegateIsBound: 0
[2019.05.01-09.11.39:351][  0]LogStats: UGameplayTagsManager::ConstructGameplayTagTree: ImportINI prefixes -  0.000 s
[2019.05.01-09.11.39:352][  0]LogStats: UGameplayTagsManager::ConstructGameplayTagTree: Construct from data asset -  0.000 s
[2019.05.01-09.11.39:352][  0]LogStats: UGameplayTagsManager::ConstructGameplayTagTree: ImportINI -  0.000 s
[2019.05.01-09.11.39:352][  0]LogStats: UGameplayTagsManager::ConstructGameplayTagTree: GameplayTagTreeChangedEvent.Broadcast -  0.000 s
[2019.05.01-09.11.39:564][  0]LogFileCache: Scanning file cache for directory 'C:/Users/gosus/Documents/CP-School/SeniorProject/gitRepos/Senior-Project-CPP-Game/Content/' took 0.03s
[2019.05.01-09.11.39:564][  0]SourceControl: Source control is disabled
[2019.05.01-09.11.39:564][  0]Cmd: MAP LOAD FILE="C:/Users/gosus/Documents/CP-School/SeniorProject/gitRepos/Senior-Project-CPP-Game/Content/Levels/DemoTown.umap" TEMPLATE=0 SHOWPROGRESS=1 FEATURELEVEL=3
[2019.05.01-09.11.39:565][  0]LightingResults: New page: Lighting Build
[2019.05.01-09.11.39:566][  0]MapCheck: New page: Map Check
[2019.05.01-09.11.39:566][  0]LightingResults: New page: Lighting Build
[2019.05.01-09.11.40:155][  0]LogAIModule: Creating AISystem for world DemoTown
[2019.05.01-09.11.40:182][  0]LogEditorServer: Finished looking for orphan Actors (0.000 secs)
[2019.05.01-09.11.40:201][  0]Cmd: MAP CHECKDEP NOCLEARLOG
[2019.05.01-09.11.40:202][  0]MapCheck: Map check complete: 0 Error(s), 0 Warning(s), took 0.157ms to complete.
[2019.05.01-09.11.40:202][  0]LogFileHelpers: Loading map 'DemoTown' took 0.638
[2019.05.01-09.11.40:302][  0]LogSlate: Updating window title bar state: overlay mode, drag disabled, window buttons hidden, title bar hidden
[2019.05.01-09.11.40:309][  0]LogSlate: Updating window title bar state: overlay mode, drag disabled, window buttons hidden, title bar hidden
[2019.05.01-09.11.40:315][  0]LogSlate: Updating window title bar state: overlay mode, drag disabled, window buttons hidden, title bar hidden
[2019.05.01-09.11.40:324][  0]LogSlate: Updating window title bar state: overlay mode, drag disabled, window buttons hidden, title bar hidden
[2019.05.01-09.11.40:332][  0]LogCollectionManager: Loaded 0 collections in 0.000858 seconds
[2019.05.01-09.11.40:348][  0]LogFileCache: Scanning file cache for directory 'C:/Users/gosus/Documents/CP-School/SeniorProject/gitRepos/Senior-Project-CPP-Game/Saved/Collections/' took 0.01s
[2019.05.01-09.11.40:348][  0]LogFileCache: Scanning file cache for directory 'C:/Users/gosus/Documents/CP-School/SeniorProject/gitRepos/Senior-Project-CPP-Game/Content/Developers/gosus/Collections/' took 0.00s
[2019.05.01-09.11.40:348][  0]LogFileCache: Scanning file cache for directory 'C:/Users/gosus/Documents/CP-School/SeniorProject/gitRepos/Senior-Project-CPP-Game/Content/Collections/' took 0.00s
[2019.05.01-09.11.40:348][  0]LogCollectionManager: Rebuilt the GUID cache for 0 collections in 0.000000 seconds
[2019.05.01-09.11.40:358][  0]LogContentBrowser: Native class hierarchy populated in 0.0097 seconds. Added 2661 classes and 622 folders.
[2019.05.01-09.11.40:364][  0]LogContentBrowser: Native class hierarchy updated for 'WidgetCarousel' in 0.0003 seconds. Added 0 classes and 0 folders.
[2019.05.01-09.11.40:365][  0]LogPakFile: Registered encryption key '00000000000000000000000000000000': 0 pak files mounted, 0 remain pending
[2019.05.01-09.11.40:365][  0]LogPakFile: Registered encryption key '00000000000000000000000000000000': 0 pak files mounted, 0 remain pending
[2019.05.01-09.11.40:366][  0]LogPakFile: Registered encryption key '00000000000000000000000000000000': 0 pak files mounted, 0 remain pending
[2019.05.01-09.11.40:366][  0]LogPakFile: Registered encryption key '00000000000000000000000000000000': 0 pak files mounted, 0 remain pending
[2019.05.01-09.11.40:367][  0]LogPakFile: Registered encryption key '00000000000000000000000000000000': 0 pak files mounted, 0 remain pending
[2019.05.01-09.11.40:367][  0]LogPakFile: Registered encryption key '00000000000000000000000000000000': 0 pak files mounted, 0 remain pending
[2019.05.01-09.11.40:367][  0]LogPakFile: Registered encryption key '00000000000000000000000000000000': 0 pak files mounted, 0 remain pending
[2019.05.01-09.11.40:368][  0]LogPakFile: Registered encryption key '00000000000000000000000000000000': 0 pak files mounted, 0 remain pending
[2019.05.01-09.11.40:368][  0]LogPakFile: Registered encryption key '00000000000000000000000000000000': 0 pak files mounted, 0 remain pending
[2019.05.01-09.11.40:368][  0]LogPakFile: Registered encryption key '00000000000000000000000000000000': 0 pak files mounted, 0 remain pending
[2019.05.01-09.11.40:369][  0]LogPakFile: Registered encryption key '00000000000000000000000000000000': 0 pak files mounted, 0 remain pending
[2019.05.01-09.11.40:369][  0]LogPakFile: Registered encryption key '00000000000000000000000000000000': 0 pak files mounted, 0 remain pending
[2019.05.01-09.11.40:370][  0]LogPakFile: Registered encryption key '00000000000000000000000000000000': 0 pak files mounted, 0 remain pending
[2019.05.01-09.11.40:370][  0]LogPakFile: Registered encryption key '00000000000000000000000000000000': 0 pak files mounted, 0 remain pending
[2019.05.01-09.11.40:370][  0]LogPakFile: Registered encryption key '00000000000000000000000000000000': 0 pak files mounted, 0 remain pending
[2019.05.01-09.11.40:371][  0]LogPakFile: Registered encryption key '00000000000000000000000000000000': 0 pak files mounted, 0 remain pending
[2019.05.01-09.11.40:371][  0]LogPakFile: Registered encryption key '00000000000000000000000000000000': 0 pak files mounted, 0 remain pending
[2019.05.01-09.11.40:372][  0]LogPakFile: Registered encryption key '00000000000000000000000000000000': 0 pak files mounted, 0 remain pending
[2019.05.01-09.11.40:372][  0]LogPakFile: Registered encryption key '00000000000000000000000000000000': 0 pak files mounted, 0 remain pending
[2019.05.01-09.11.40:373][  0]LogPakFile: Registered encryption key '00000000000000000000000000000000': 0 pak files mounted, 0 remain pending
[2019.05.01-09.11.40:373][  0]LogPakFile: Registered encryption key '00000000000000000000000000000000': 0 pak files mounted, 0 remain pending
[2019.05.01-09.11.40:373][  0]LogPakFile: Registered encryption key '00000000000000000000000000000000': 0 pak files mounted, 0 remain pending
[2019.05.01-09.11.40:374][  0]LogPakFile: Registered encryption key '00000000000000000000000000000000': 0 pak files mounted, 0 remain pending
[2019.05.01-09.11.40:374][  0]LogPakFile: Registered encryption key '00000000000000000000000000000000': 0 pak files mounted, 0 remain pending
[2019.05.01-09.11.40:375][  0]LogPakFile: Registered encryption key '00000000000000000000000000000000': 0 pak files mounted, 0 remain pending
[2019.05.01-09.11.40:375][  0]LogPakFile: Registered encryption key '00000000000000000000000000000000': 0 pak files mounted, 0 remain pending
[2019.05.01-09.11.40:393][  0]LogContentBrowser: Native class hierarchy updated for 'AddContentDialog' in 0.0003 seconds. Added 0 classes and 0 folders.
[2019.05.01-09.11.40:401][  0]LogContentBrowser: Native class hierarchy updated for 'SceneOutliner' in 0.0003 seconds. Added 1 classes and 2 folders.
[2019.05.01-09.11.40:466][  0]LogSlate: Updating window title bar state: overlay mode, drag disabled, window buttons hidden, title bar hidden
[2019.05.01-09.11.40:473][  0]LogSlate: Updating window title bar state: overlay mode, drag disabled, window buttons hidden, title bar hidden
[2019.05.01-09.11.40:480][  0]LogSlate: Updating window title bar state: overlay mode, drag disabled, window buttons hidden, title bar hidden
[2019.05.01-09.11.40:486][  0]LogSlate: Updating window title bar state: overlay mode, drag disabled, window buttons hidden, title bar hidden
[2019.05.01-09.11.40:492][  0]LogSlate: Took 0.000100 seconds to synchronously load lazily loaded font '../../../Engine/Content/Slate/Fonts/Roboto-Regular.ttf' (155K)
[2019.05.01-09.11.40:494][  0]LogSlate: Took 0.000106 seconds to synchronously load lazily loaded font '../../../Engine/Content/Slate/Fonts/Roboto-Bold.ttf' (160K)
[2019.05.01-09.11.40:499][  0]LogSlate: Took 0.000140 seconds to synchronously load lazily loaded font '../../../Engine/Content/Editor/Slate/Fonts/FontAwesome.ttf' (139K)
[2019.05.01-09.11.40:541][  0]LogRenderer: Reallocating scene render targets to support 1772x792 Format 10 NumSamples 1 (Frame:1).
[2019.05.01-09.11.40:621][  0]LogRenderer: Reallocating scene render targets to support 2556x1056 Format 10 NumSamples 1 (Frame:2).
[2019.05.01-09.11.40:681][  0]LogContentBrowser: Native class hierarchy updated for 'HierarchicalLODOutliner' in 0.0003 seconds. Added 0 classes and 0 folders.
[2019.05.01-09.11.40:682][  0]LogLoad: (Engine Initialization) Total time: 9.25 seconds
[2019.05.01-09.11.40:682][  0]LogLoad: (Engine Initialization) Total Blueprint compile time: 0.00 seconds
[2019.05.01-09.11.40:752][  0]LogContentStreaming: Texture pool size now 1000 MB
[2019.05.01-09.11.40:880][  2]LogAssetRegistry: Asset discovery search completed in 5.6646 seconds
[2019.05.01-09.11.40:882][  2]LogCollectionManager: Rebuilt the object cache for 0 collections in 0.000001 seconds (found 0 objects)
[2019.05.01-09.11.40:883][  2]LogCollectionManager: Fixed up redirectors for 0 collections in 0.000164 seconds (updated 0 objects)
[2019.05.01-09.11.45:961][600]LogSlate: FSceneViewport::OnFocusLost() reason 0
[2019.05.01-09.11.46:158][616]LogSlate: Took 0.000170 seconds to synchronously load lazily loaded font '../../../Engine/Content/Slate/Fonts/Roboto-Light.ttf' (167K)
[2019.05.01-09.11.46:164][616]LogAssetEditorManager: Opening Asset editor for Blueprint /Game/Blueprints/Attacks/BP_DarkWhirl.BP_DarkWhirl
[2019.05.01-09.11.46:499][616]LogContentBrowser: Native class hierarchy updated for 'BlueprintGraph' in 0.0005 seconds. Added 117 classes and 0 folders.
[2019.05.01-09.11.47:145][616]LogSlate: Took 0.000123 seconds to synchronously load lazily loaded font '../../../Engine/Content/Slate/Fonts/Roboto-BoldCondensed.ttf' (158K)
[2019.05.01-09.11.47:206][617]LogSlate: Took 0.000173 seconds to synchronously load lazily loaded font '../../../Engine/Content/Slate/Fonts/Roboto-Italic.ttf' (157K)
[2019.05.01-09.12.09:675][155]MapCheck: New page: Map Check
[2019.05.01-09.12.09:690][155]Cmd: MAP REBUILD ALLVISIBLE
[2019.05.01-09.12.09:690][155]LogEditorServer: Rebuildmap Clear paths rebuilt
[2019.05.01-09.12.09:792][155]LogMaterial: Display: Missing cached shader map for material FDebugViewModeMaterialProxy M_Wood_Oak, compiling. 
[2019.05.01-09.12.09:799][155]LogMaterial: Display: Missing cached shader map for material FDebugViewModeMaterialProxy LandscapeGizmo_Mat, compiling. 
[2019.05.01-09.12.09:805][155]LogShaderCompilers: Display: Shaders left to compile 2
[2019.05.01-09.12.09:805][155]LogShaderCompilers: Display: Shaders left to compile 1
[2019.05.01-09.12.09:805][155]LogMaterial: Display: Missing cached shader map for material FDebugViewModeMaterialProxy brickMat, compiling. 
[2019.05.01-09.12.09:813][155]LogMaterial: Display: Missing cached shader map for material FDebugViewModeMaterialProxy M_Lamp, compiling. 
[2019.05.01-09.12.09:820][155]LogShaderCompilers: Display: Shaders left to compile 2
[2019.05.01-09.12.09:820][155]LogShaderCompilers: Display: Shaders left to compile 1
[2019.05.01-09.12.09:820][155]LogMaterial: Display: Missing cached shader map for material FDebugViewModeMaterialProxy M_Chair, compiling. 
[2019.05.01-09.12.09:831][155]LogMaterial: Display: Missing cached shader map for material FDebugViewModeMaterialProxy M_TableRound, compiling. 
[2019.05.01-09.12.09:839][155]LogMaterial: Display: Missing cached shader map for material FDebugViewModeMaterialProxy M_StatueGlass, compiling. 
[2019.05.01-09.12.09:850][155]LogMaterial: Display: Missing cached shader map for material FDebugViewModeMaterialProxy M_Statue, compiling. 
[2019.05.01-09.12.09:861][155]LogMaterial: Display: Missing cached shader map for material FDebugViewModeMaterialProxy M_Rock, compiling. 
[2019.05.01-09.12.09:872][155]LogMaterial: Display: Missing cached shader map for material FDebugViewModeMaterialProxy M_Water_Ocean, compiling. 
[2019.05.01-09.12.09:884][155]LogMaterial: Display: Missing cached shader map for material FDebugViewModeMaterialProxy M_Bush, compiling. 
[2019.05.01-09.12.09:896][155]LogMaterial: Display: Missing cached shader map for material FDebugViewModeMaterialProxy M_Shelf, compiling. 
[2019.05.01-09.12.09:908][155]LogMaterial: Display: Missing cached shader map for material FDebugViewModeMaterialProxy M_MaterialSphere_Plain, compiling. 
[2019.05.01-09.12.09:915][155]LogMaterial: Display: Missing cached shader map for material FDebugViewModeMaterialProxy M_MaterialSphere, compiling. 
[2019.05.01-09.12.09:924][155]LogMaterial: Display: Missing cached shader map for material FDebugViewModeMaterialProxy M_Ground_Gravel, compiling. 
[2019.05.01-09.12.09:930][155]LogMaterial: Display: Missing cached shader map for material FDebugViewModeMaterialProxy M_Frame, compiling. 
[2019.05.01-09.12.09:942][155]LogMaterial: Display: Missing cached shader map for material FDebugViewModeMaterialProxy WorldGridMaterial, compiling. Is special engine material.
[2019.05.01-09.12.09:948][155]LogMaterial: Display: Missing cached shader map for material FDebugViewModeMaterialProxy MaskedUnlitSpriteMaterial, compiling. 
[2019.05.01-09.12.09:956][155]LogMaterial: Display: Missing cached shader map for material FDebugViewModeMaterialProxy MaterialInstanceDynamic_0, compiling. 
[2019.05.01-09.12.09:966][155]LogMaterial: Display: Missing cached shader map for material FDebugViewModeMaterialProxy Base_01_Inst, compiling. 
[2019.05.01-09.12.09:974][155]LogMaterial: Display: Missing cached shader map for material FDebugViewModeMaterialProxy MI_ky_starDust_dis, compiling. 
[2019.05.01-09.12.09:983][155]LogMaterial: Display: Missing cached shader map for material FDebugViewModeMaterialProxy MI_ky_circle9_4x4c2, compiling. 
[2019.05.01-09.12.09:992][155]LogMaterial: Display: Missing cached shader map for material FDebugViewModeMaterialProxy MI_ky_primitive_dynB_nonD, compiling. 
[2019.05.01-09.12.10:001][155]LogMaterial: Display: Missing cached shader map for material FDebugViewModeMaterialProxy MI_ky_auraWall02_two, compiling. 
[2019.05.01-09.12.10:009][155]LogMaterial: Display: Missing cached shader map for material FDebugViewModeMaterialProxy MI_ky_aura011_4x4_nonD, compiling. 
[2019.05.01-09.12.10:016][155]LogMaterial: Display: Missing cached shader map for material FDebugViewModeMaterialProxy M_ky_dust01_4x4, compiling. 
[2019.05.01-09.12.10:023][155]LogMaterial: Display: Missing cached shader map for material FDebugViewModeMaterialProxy M_ky_empty, compiling. 
[2019.05.01-09.12.10:031][155]LogMaterial: Display: Missing cached shader map for material FDebugViewModeMaterialProxy MaskedLitSpriteMaterial, compiling. 
[2019.05.01-09.12.11:256][155]LogShaderCompilers: Display: Shaders left to compile 24
[2019.05.01-09.12.11:256][155]LogShaderCompilers: Display: Shaders left to compile 23
[2019.05.01-09.12.11:256][155]LogShaderCompilers: Display: Shaders left to compile 22
[2019.05.01-09.12.11:256][155]LogShaderCompilers: Display: Shaders left to compile 21
[2019.05.01-09.12.11:256][155]LogShaderCompilers: Display: Shaders left to compile 20
[2019.05.01-09.12.11:256][155]LogShaderCompilers: Display: Shaders left to compile 19
[2019.05.01-09.12.11:256][155]LogShaderCompilers: Display: Shaders left to compile 18
[2019.05.01-09.12.11:256][155]LogShaderCompilers: Display: Shaders left to compile 17
[2019.05.01-09.12.11:256][155]LogShaderCompilers: Display: Shaders left to compile 16
[2019.05.01-09.12.11:256][155]LogShaderCompilers: Display: Shaders left to compile 15
[2019.05.01-09.12.11:256][155]LogShaderCompilers: Display: Shaders left to compile 14
[2019.05.01-09.12.11:256][155]LogShaderCompilers: Display: Shaders left to compile 13
[2019.05.01-09.12.11:256][155]LogShaderCompilers: Display: Shaders left to compile 12
[2019.05.01-09.12.11:256][155]LogShaderCompilers: Display: Shaders left to compile 11
[2019.05.01-09.12.11:256][155]LogShaderCompilers: Display: Shaders left to compile 10
[2019.05.01-09.12.11:256][155]LogShaderCompilers: Display: Shaders left to compile 9
[2019.05.01-09.12.11:256][155]LogShaderCompilers: Display: Shaders left to compile 8
[2019.05.01-09.12.11:257][155]LogShaderCompilers: Display: Shaders left to compile 7
[2019.05.01-09.12.11:257][155]LogShaderCompilers: Display: Shaders left to compile 6
[2019.05.01-09.12.11:257][155]LogShaderCompilers: Display: Shaders left to compile 5
[2019.05.01-09.12.11:257][155]LogShaderCompilers: Display: Shaders left to compile 4
[2019.05.01-09.12.11:257][155]LogShaderCompilers: Display: Shaders left to compile 3
[2019.05.01-09.12.11:257][155]LogShaderCompilers: Display: Shaders left to compile 2
[2019.05.01-09.12.11:257][155]LogShaderCompilers: Display: Shaders left to compile 1
[2019.05.01-09.12.11:257][155]TextureStreamingBuild: Display: Compiling optional shaders took 1.468 seconds.
[2019.05.01-09.12.11:279][155]LogLevel: Display: Export Material TexCoord Scales took 0.023 seconds.
[2019.05.01-09.12.11:319][155]TextureStreamingBuild: Display: Build Texture Streaming took 0.040 seconds.
[2019.05.01-09.12.11:347][155]LightingResults: New page: Lighting Build - Apr 30, 2019, 7:12:11 PM
[2019.05.01-09.12.11:390][155]LogSwarmInterface: [OpenConnection] Registering TCP channel ...
[2019.05.01-09.12.11:506][155]LogSwarmInterface: [OpenConnection] Connecting to agent ...
[2019.05.01-09.12.11:519][155]LogSwarmInterface: [TryOpenConnection] Testing the Agent
[2019.05.01-09.12.12:029][155]LogSwarmInterface: [TryOpenConnection] Opening Connection to Agent
[2019.05.01-09.12.12:029][155]LogSwarmInterface: [TryOpenConnection] Local Process ID is 13072
[2019.05.01-09.12.14:363][155]LogStaticLightingSystem: Warning: No importance volume found, so the scene bounding box was used.  You can optimize your scene's quality and lighting build times by adding importance volumes.
[2019.05.01-09.12.14:363][155]LogStaticLightingSystem: Running Lightmass w/ ImmediateImport mode ENABLED
[2019.05.01-09.12.14:364][155]LogStaticLightingSystem: Running Lightmass w/ ImmediateProcess mode ENABLED
[2019.05.01-09.12.14:364][155]LogStaticLightingSystem: Running Lightmass w/ Sorting mode ENABLED
[2019.05.01-09.12.14:364][155]LogStaticLightingSystem: Running Lightmass w/ Mapping paddings ENABLED
[2019.05.01-09.12.14:364][155]LogStaticLightingSystem: Running Lightmass w/ Mapping debug paddings DISABLED
[2019.05.01-09.12.14:477][155]Cmd: MAP CHECK DONTDISPLAYDIALOG
[2019.05.01-09.12.14:477][155]MapCheck: New page: DemoTown - Apr 30, 2019, 7:12:14 PM
[2019.05.01-09.12.14:480][155]MapCheck: Map check complete: 0 Error(s), 0 Warning(s), took 2.83ms to complete.
[2019.05.01-09.12.14:504][155]LogEditorBuildUtils: Build time 0:04
[2019.05.01-09.12.16:877][267]Candidate modules for hot reload:
[2019.05.01-09.12.16:877][267]  HSPGame
[2019.05.01-09.12.16:878][267]Launching UnrealBuildTool... [G:/Games/Epic/Games/UE_4.21/Engine/Binaries/DotNET/UnrealBuildTool.exe  -ModuleWithSuffix=HSPGame,5360 Win64 Development -TargetType=Editor -Project="C:/Users/gosus/Documents/CP-School/SeniorProject/gitRepos/Senior-Project-CPP-Game/HSPGame.uproject" -canskiplink "C:/Users/gosus/Documents/CP-School/SeniorProject/gitRepos/Senior-Project-CPP-Game/HSPGame.uproject" ]
[2019.05.01-09.12.16:885][267]Warning: Starting HotReload took  0.1s.
[2019.05.01-09.12.27:126][738]Job is a success!
[2019.05.01-09.12.27:265][740]LogVolumetricLightmapImport: Imported Volumetric Lightmap in 0.073s
[2019.05.01-09.12.27:265][740]LogVolumetricLightmapImport:      Indirection Texture 32x32x32 = 0.1Mb
[2019.05.01-09.12.27:265][740]LogVolumetricLightmapImport:      BrickData 1280x10x5 = 2.5Mb
[2019.05.01-09.12.27:265][740]LogVolumetricLightmapImport:      Bricks at Level
[2019.05.01-09.12.27:265][740]LogVolumetricLightmapImport:          0: 2.6% covering 100.0% of volume
[2019.05.01-09.12.27:265][740]LogVolumetricLightmapImport:          1: 8.1% covering 4.9% of volume
[2019.05.01-09.12.27:265][740]LogVolumetricLightmapImport:          2: 89.3% covering 0.8% of volume
[2019.05.01-09.12.28:222][740]LogTexture: Display: Building textures: SkyOcclusion0_1 (AutoDXT, 512X256)
[2019.05.01-09.12.28:223][740]LogTexture: Display: Building textures: HQ_Lightmap0_1 (AutoDXT, 512X512)
[2019.05.01-09.12.28:224][740]LogTexture: Display: Building textures: LQ_Lightmap_0_1 (DXT1, 512X512)
[2019.05.01-09.12.28:224][740]LogTexture: Display: Building textures: SkyOcclusion0_2 (AutoDXT, 1024X512)
[2019.05.01-09.12.28:224][740]LogTexture: Display: Building textures: HQ_Lightmap0_2 (AutoDXT, 1024X1024)
[2019.05.01-09.12.28:224][740]LogTexture: Display: Building textures: LQ_Lightmap_0_2 (DXT1, 1024X1024)
[2019.05.01-09.12.28:224][740]LogTexture: Display: Building textures: SkyOcclusion0_3 (AutoDXT, 1024X512)
[2019.05.01-09.12.28:224][740]LogTexture: Display: Building textures: HQ_Lightmap0_3 (AutoDXT, 1024X1024)
[2019.05.01-09.12.28:224][740]LogTexture: Display: Building textures: LQ_Lightmap_0_3 (DXT1, 1024X1024)
[2019.05.01-09.12.28:224][740]LogTexture: Display: Building textures: SkyOcclusion0_4 (AutoDXT, 64X32)
[2019.05.01-09.12.28:224][740]LogTexture: Display: Building textures: HQ_Lightmap0_4 (AutoDXT, 64X64)
[2019.05.01-09.12.28:224][740]LogTexture: Display: Building textures: LQ_Lightmap_0_4 (DXT1, 64X64)
[2019.05.01-09.12.28:423][740]LogTexture: Display: Building textures: ShadowMapTexture2D_2 (G8, 32X32)
[2019.05.01-09.12.28:423][740]LogTexture: Display: Building textures: ShadowMapTexture2D_0 (BGRA8, 128X256)
[2019.05.01-09.12.28:476][740]LogTexture: Display: Building textures: ShadowMapTexture2D_1 (BGRA8, 1024X1024)
[2019.05.01-09.12.28:506][740]Lightmass on UNIT-01: 13.3 sec total, 218 ms importing, 114 ms setup, 3.86 sec photons, 9.15 sec processing, 0 ms extra exporting [155/155 mappings]. Threads: 1:03 min total, 36.0 sec processing.
[2019.05.01-09.12.28:555][740]LogStaticLightingSystem: Illumination: 17.1 sec (870 ms encoding lightmaps, 242 ms encoding shadowmaps)
[2019.05.01-09.12.28:555][740]LogStaticLightingSystem: Lightmap texture memory:  6.0 MB (5.3 MB streaming, 0.7 MB non-streaming), 8 textures
[2019.05.01-09.12.28:556][740]LogStaticLightingSystem: Shadowmap texture memory: 5.5 MB (5.3 MB streaming, 0.2 MB non-streaming), 3 textures
[2019.05.01-09.12.29:386][740]DumpUnbuiltLightIteractions
[2019.05.01-09.12.29:386][740]Lights with unbuilt interactions: 0
[2019.05.01-09.12.29:386][740]
[2019.05.01-09.12.29:386][740]Primitives with unbuilt interactions: 0
[2019.05.01-09.12.29:426][741]CompilerResultsLog: New page: Compilation - Apr 30, 2019, 7:12:29 PM
[2019.05.01-09.12.29:426][741]CompilerResultsLog: Using 'git status' to determine working set for adaptive non-unity build (C:\Users\gosus\Documents\CP-School\SeniorProject\gitRepos\Senior-Project-CPP-Game).
[2019.05.01-09.12.29:426][741]CompilerResultsLog: Creating makefile for hot reloading HSPGameEditor (source directory changed)
[2019.05.01-09.12.29:426][741]CompilerResultsLog: Compiling game modules for hot reload
[2019.05.01-09.12.29:426][741]CompilerResultsLog: Using Visual Studio 2017 14.16.27023 toolchain (C:\Program Files (x86)\Microsoft Visual Studio\2017\Community\VC\Tools\MSVC\14.16.27023) and Windows 10.0.17763.0 SDK (C:\Program Files (x86)\Windows Kits\10).
[2019.05.01-09.12.29:426][741]CompilerResultsLog: Building 3 actions with 8 processes...
[2019.05.01-09.12.29:426][741]CompilerResultsLog:   [1/3] Attacks.cpp
[2019.05.01-09.12.29:426][741]CompilerResultsLog:   [2/3] UE4Editor-HSPGame-5360.lib
[2019.05.01-09.12.29:426][741]CompilerResultsLog:      Creating library C:\Users\gosus\Documents\CP-School\SeniorProject\gitRepos\Senior-Project-CPP-Game\Intermediate\Build\Win64\UE4Editor\Development\HSPGame\UE4Editor-HSPGame-5360.lib and object C:\Users\gosus\Documents\CP-School\SeniorProject\gitRepos\Senior-Project-CPP-Game\Intermediate\Build\Win64\UE4Editor\Development\HSPGame\UE4Editor-HSPGame-5360.exp
[2019.05.01-09.12.29:427][741]CompilerResultsLog:   [3/3] UE4Editor-HSPGame-5360.dll
[2019.05.01-09.12.29:427][741]CompilerResultsLog:      Creating library C:\Users\gosus\Documents\CP-School\SeniorProject\gitRepos\Senior-Project-CPP-Game\Intermediate\Build\Win64\UE4Editor\Development\HSPGame\UE4Editor-HSPGame-5360.suppressed.lib and object C:\Users\gosus\Documents\CP-School\SeniorProject\gitRepos\Senior-Project-CPP-Game\Intermediate\Build\Win64\UE4Editor\Development\HSPGame\UE4Editor-HSPGame-5360.suppressed.exp
[2019.05.01-09.12.29:427][741]CompilerResultsLog: Total build time: 12.13 seconds (Parallel executor: 6.43 seconds)
[2019.05.01-09.12.29:427][741]LogMainFrame: MainFrame: Module compiling took 12.553 seconds
[2019.05.01-09.12.29:486][741]LogHotReload: Re-instancing Attacks after hot-reload.
[2019.05.01-09.12.29:698][741]LogContentBrowser: Native class hierarchy updated for 'HSPGame' in 0.0003 seconds. Added 10 classes and 2 folders.
[2019.05.01-09.12.29:701][741]Display: HotReload successful (14 functions remapped  0 scriptstructs remapped)
[2019.05.01-09.12.30:063][741]LogContentBrowser: Native class hierarchy populated in 0.0077 seconds. Added 2662 classes and 624 folders.
[2019.05.01-09.12.30:070][741]Display: HotReload took 13.2s.
[2019.05.01-09.12.30:070][741]Cmd: MAP CHECK NOTIFYRESULTS
[2019.05.01-09.12.30:070][741]MapCheck: New page: DemoTown - Apr 30, 2019, 7:12:30 PM
[2019.05.01-09.12.30:073][741]MapCheck: Map check complete: 0 Error(s), 0 Warning(s), took 2.836ms to complete.
[2019.05.01-09.12.30:074][741]LogHotReload: New module detected: UE4Editor-HSPGame-5360.dll
[2019.05.01-09.12.30:134][742]LogHotReload: Starting Hot-Reload from IDE
[2019.05.01-09.12.30:185][742]LogContentBrowser: Native class hierarchy updated for 'HSPGame' in 0.0003 seconds. Added 10 classes and 2 folders.
[2019.05.01-09.12.30:188][742]Display: HotReload successful (0 functions remapped  0 scriptstructs remapped)
[2019.05.01-09.12.30:412][742]LogContentBrowser: Native class hierarchy populated in 0.0067 seconds. Added 2662 classes and 624 folders.
[2019.05.01-09.12.30:420][742]Display: HotReload took  0.3s.
[2019.05.01-09.13.40:011][977]LogAssetEditorManager: Opening Asset editor for Blueprint /Game/Blueprints/Attacks/BP_Fireball.BP_Fireball
[2019.05.01-09.13.59:134][193]LogAssetEditorManager: Opening Asset editor for WidgetBlueprint /Game/UI/sliderControlScreen.sliderControlScreen
[2019.05.01-09.14.07:715][ 80]LogSlate: Took 0.019205 seconds to synchronously load lazily loaded font '../../../Engine/Content/Slate/Fonts/DroidSansFallback.ttf' (3848K)
[2019.05.01-09.14.12:922][626]LogUObjectHash: Warning: Ambiguous search, could be CanvasPanel /Game/UI/floatTalkPrompt.floatTalkPrompt:WidgetTree.CanvasPanel_0 or CanvasPanel /Game/UI/floatTalkPrompt.floatTalkPrompt_C:WidgetTree.CanvasPanel_0
[2019.05.01-09.14.12:923][626]LogUObjectHash: Warning: Ambiguous search, could be CanvasPanel /Game/UI/floatTalkPrompt.floatTalkPrompt:WidgetTree.CanvasPanel_0 or CanvasPanel /Game/UI/playerHud.playerHud_C:WidgetTree.CanvasPanel_0
[2019.05.01-09.14.12:923][626]LogUObjectHash: Warning: Ambiguous search, could be CanvasPanel /Game/UI/floatTalkPrompt.floatTalkPrompt:WidgetTree.CanvasPanel_0 or CanvasPanel /Game/UI/playerHud.playerHud:WidgetTree.CanvasPanel_0
[2019.05.01-09.14.12:923][626]LogUObjectHash: Warning: Ambiguous search, could be CanvasPanel /Game/UI/floatTalkPrompt.floatTalkPrompt:WidgetTree.CanvasPanel_0 or CanvasPanel /Game/Levels/DemoTown.DemoTown:floatTalkPrompt_C_6.WidgetTree_0.CanvasPanel_0
[2019.05.01-09.14.12:923][626]LogUObjectHash: Warning: Ambiguous search, could be CanvasPanel /Game/UI/floatTalkPrompt.floatTalkPrompt:WidgetTree.CanvasPanel_0 or CanvasPanel /Game/Levels/DemoTown.DemoTown:floatTalkPrompt_C_7.WidgetTree_0.CanvasPanel_0
[2019.05.01-09.14.12:923][626]LogUObjectHash: Warning: Ambiguous search, could be CanvasPanel /Game/UI/floatTalkPrompt.floatTalkPrompt:WidgetTree.CanvasPanel_0 or CanvasPanel /Game/UI/ShopScreen.shopScreen:WidgetTree.CanvasPanel_0
[2019.05.01-09.14.12:923][626]LogUObjectHash: Warning: Ambiguous search, could be CanvasPanel /Game/UI/floatTalkPrompt.floatTalkPrompt:WidgetTree.CanvasPanel_0 or CanvasPanel /Game/UI/sliderControlScreen.sliderControlScreen:WidgetTree.CanvasPanel_0
[2019.05.01-09.14.12:923][626]LogUObjectHash: Warning: Ambiguous search, could be CanvasPanel /Game/UI/floatTalkPrompt.floatTalkPrompt:WidgetTree.CanvasPanel_0 or CanvasPanel /Game/UI/ShopScreen.shopScreen_C:WidgetTree.CanvasPanel_0
[2019.05.01-09.14.12:923][626]LogUObjectHash: Warning: Ambiguous search, could be CanvasPanel /Game/UI/floatTalkPrompt.floatTalkPrompt:WidgetTree.CanvasPanel_0 or CanvasPanel /Game/UI/sliderControlScreen.sliderControlScreen_C:WidgetTree.CanvasPanel_0
[2019.05.01-09.14.12:923][626]LogUObjectHash: Warning: Ambiguous search, could be CanvasPanel /Game/UI/floatTalkPrompt.floatTalkPrompt:WidgetTree.CanvasPanel_0 or CanvasPanel /Engine/Transient.World_3:sliderControlScreen_C_0.WidgetTree_0.CanvasPanel_0
[2019.05.01-09.14.12:923][626]LogUObjectHash: Warning: Ambiguous search, could be CanvasPanel /Game/UI/floatTalkPrompt.floatTalkPrompt:WidgetTree.CanvasPanel_0 or CanvasPanel /Engine/Transient.World_3:sliderControlScreen_C_1.WidgetTree_0.CanvasPanel_0
[2019.05.01-09.14.12:923][626]LogUObjectHash: Warning: Ambiguous search, could be CanvasPanelSlot /Game/UI/playerHud.playerHud:WidgetTree.CanvasPanel_0.CanvasPanelSlot_5 or CanvasPanelSlot /Game/UI/playerHud.playerHud_C:WidgetTree.CanvasPanel_0.CanvasPanelSlot_5
[2019.05.01-09.14.12:923][626]LogUObjectHash: Warning: Ambiguous search, could be CanvasPanelSlot /Game/UI/playerHud.playerHud:WidgetTree.CanvasPanel_0.CanvasPanelSlot_5 or CanvasPanelSlot /Game/UI/sliderControlScreen.sliderControlScreen:WidgetTree.CanvasPanel_0.CanvasPanelSlot_5
[2019.05.01-09.14.12:924][626]LogUObjectHash: Warning: Ambiguous search, could be CanvasPanelSlot /Game/UI/playerHud.playerHud:WidgetTree.CanvasPanel_0.CanvasPanelSlot_5 or CanvasPanelSlot /Game/UI/sliderControlScreen.sliderControlScreen_C:WidgetTree.CanvasPanel_0.CanvasPanelSlot_5
[2019.05.01-09.14.12:924][626]LogUObjectHash: Warning: Ambiguous search, could be CanvasPanelSlot /Game/UI/playerHud.playerHud:WidgetTree.CanvasPanel_0.CanvasPanelSlot_5 or CanvasPanelSlot /Engine/Transient.World_3:sliderControlScreen_C_0.WidgetTree_0.CanvasPanel_0.CanvasPanelSlot_5
[2019.05.01-09.14.12:924][626]LogUObjectHash: Warning: Ambiguous search, could be CanvasPanelSlot /Game/UI/playerHud.playerHud:WidgetTree.CanvasPanel_0.CanvasPanelSlot_5 or CanvasPanelSlot /Engine/Transient.World_3:sliderControlScreen_C_1.WidgetTree_0.CanvasPanel_0.CanvasPanelSlot_5
[2019.05.01-09.14.12:924][626]LogProperty: Warning: Illegal TEXT reference to a private object in external package (CanvasPanelSlot /Game/UI/playerHud.playerHud:WidgetTree.CanvasPanel_0.CanvasPanelSlot_5) from referencer (VerticalBox /Engine/UMG/Editor/Transient.VerticalBox_0).  Import failed...
[2019.05.01-09.14.12:924][626]LogProperty: Warning: ObjectProperty /Script/UMG.Widget:Slot: unresolved reference to 'CanvasPanelSlot'"CanvasPanel_0.CanvasPanelSlot_5"''
[2019.05.01-09.20.13:451][563]LogEditorTransaction: Undo Add Node
[2019.05.01-09.21.44:346][307]LogSavePackage: Moving 'C:/Users/gosus/Documents/CP-School/SeniorProject/gitRepos/Senior-Project-CPP-Game/Saved/DemoTown_Auto15B9F3F6F40A3B7F3A36FBE9C7B177FE3.tmp' to 'C:/Users/gosus/Documents/CP-School/SeniorProject/gitRepos/Senior-Project-CPP-Game/Saved/Autosaves/Game/Levels/DemoTown_Auto1.umap'
[2019.05.01-09.21.44:351][307]LogFileHelpers: Editor autosave (incl. sublevels) for '/Game/Levels/DemoTown' took 0.472
[2019.05.01-09.21.44:352][307]LogFileHelpers: Editor autosave (incl. sublevels) for all levels took 0.472
[2019.05.01-09.21.44:354][307]OBJ SavePackage: Generating thumbnails for [0] asset(s) in package [/Game/UI/sliderControlScreen] ([1] browsable assets)...
[2019.05.01-09.21.44:354][307]OBJ SavePackage: Finished generating thumbnails for package [/Game/UI/sliderControlScreen]
[2019.05.01-09.21.44:393][307]LogSavePackage: Moving 'C:/Users/gosus/Documents/CP-School/SeniorProject/gitRepos/Senior-Project-CPP-Game/Saved/sliderControlScreen_Auto1F66741A3459C73F446E82EBA49E46820.tmp' to 'C:/Users/gosus/Documents/CP-School/SeniorProject/gitRepos/Senior-Project-CPP-Game/Saved/Autosaves/Game/UI/sliderControlScreen_Auto1.uasset'
[2019.05.01-09.21.44:394][307]LogFileHelpers: Auto-saving content packages took 0.042
[2019.05.01-09.22.46:347][592]LogEditorTransaction: Undo Add Node
