Log file open, 05/01/19 23:46:09
LogWindows: Failed to load 'aqProf.dll' (GetLastError=126)
LogWindows: File 'aqProf.dll' does not exist
LogWindows: Failed to load 'VtuneApi.dll' (GetLastError=126)
LogWindows: File 'VtuneApi.dll' does not exist
LogWindows: Failed to load 'VtuneApi32e.dll' (GetLastError=126)
LogWindows: File 'VtuneApi32e.dll' does not exist
LogConsoleResponse: Display: Failed to find resolution value strings in scalability ini. Falling back to default.
LogInit: Display: Running engine for game: HSPGame
LogPakFile: Registered encryption key '00000000000000000000000000000000': 0 pak files mounted, 0 remain pending
LogPlatformFile: Not using cached read wrapper
LogTaskGraph: Started task graph with 5 named threads and 23 total threads with 3 sets of task threads.
LogStats: Stats thread started at 0.397900
LogD3D11RHI: Loaded GFSDK_Aftermath_Lib.x64.dll
LogICUInternationalization: ICU TimeZone Detection - Raw Offset: -8:00, Platform Override: ''
LogPluginManager: Mounting plugin Paper2D
LogPluginManager: Mounting plugin AISupport
LogPluginManager: Mounting plugin LightPropagationVolume
LogPluginManager: Mounting plugin ActorLayerUtilities
LogPluginManager: Mounting plugin CLionSourceCodeAccess
LogPluginManager: Mounting plugin CodeLiteSourceCodeAccess
LogPluginManager: Mounting plugin GitSourceControl
LogPluginManager: Mounting plugin KDevelopSourceCodeAccess
LogPluginManager: Mounting plugin NullSourceCodeAccess
LogPluginManager: Mounting plugin PerforceSourceControl
LogPluginManager: Mounting plugin SubversionSourceControl
LogPluginManager: Mounting plugin UObjectPlugin
LogPluginManager: Mounting plugin VisualStudioCodeSourceCodeAccess
LogPluginManager: Mounting plugin VisualStudioSourceCodeAccess
LogPluginManager: Mounting plugin XCodeSourceCodeAccess
LogPluginManager: Mounting plugin AssetManagerEditor
LogPluginManager: Mounting plugin CryptoKeys
LogPluginManager: Mounting plugin DataValidation
LogPluginManager: Mounting plugin FacialAnimation
LogPluginManager: Mounting plugin GameplayTagsEditor
LogPluginManager: Mounting plugin MacGraphicsSwitching
LogPluginManager: Mounting plugin MeshEditor
LogPluginManager: Mounting plugin MobileLauncherProfileWizard
LogPluginManager: Mounting plugin PluginBrowser
LogPluginManager: Mounting plugin SpeedTreeImporter
LogPluginManager: Mounting plugin DatasmithContent
LogPluginManager: Mounting plugin VariantManagerContent
LogPluginManager: Mounting plugin AlembicImporter
LogPluginManager: Mounting plugin AppleImageUtils
LogPluginManager: Mounting plugin AppleVision
LogPluginManager: Mounting plugin BackChannel
LogPluginManager: Mounting plugin CharacterAI
LogPluginManager: Mounting plugin GeometryCache
LogPluginManager: Mounting plugin HTML5Networking
LogPluginManager: Mounting plugin ProxyLODPlugin
LogPluginManager: Mounting plugin MagicLeap
LogPluginManager: Mounting plugin MagicLeapMedia
LogPluginManager: Mounting plugin AndroidMedia
LogPluginManager: Mounting plugin AvfMedia
LogPluginManager: Mounting plugin ImgMedia
LogPluginManager: Mounting plugin LinearTimecode
LogPluginManager: Mounting plugin MediaCompositing
LogPluginManager: Mounting plugin MediaPlayerEditor
LogPluginManager: Mounting plugin WebMMedia
LogPluginManager: Mounting plugin WmfMedia
LogPluginManager: Mounting plugin TcpMessaging
LogPluginManager: Mounting plugin UdpMessaging
LogPluginManager: Mounting plugin ActorSequence
LogPluginManager: Mounting plugin LevelSequenceEditor
LogPluginManager: Mounting plugin MatineeToLevelSequence
LogPluginManager: Mounting plugin NetcodeUnitTest
LogPluginManager: Mounting plugin NUTUnrealEngine4
LogPluginManager: Mounting plugin OnlineSubsystemGooglePlay
LogPluginManager: Mounting plugin OnlineSubsystemIOS
LogPluginManager: Mounting plugin OnlineSubsystem
LogPluginManager: Mounting plugin OnlineSubsystemNull
LogPluginManager: Mounting plugin OnlineSubsystemUtils
LogPluginManager: Mounting plugin LauncherChunkInstaller
LogPluginManager: Mounting plugin AndroidDeviceProfileSelector
LogPluginManager: Mounting plugin AndroidMoviePlayer
LogPluginManager: Mounting plugin AndroidPermission
LogPluginManager: Mounting plugin AppleMoviePlayer
LogPluginManager: Mounting plugin ArchVisCharacter
LogPluginManager: Mounting plugin AudioCapture
LogPluginManager: Mounting plugin CableComponent
LogPluginManager: Mounting plugin CustomMeshComponent
LogPluginManager: Mounting plugin EditableMesh
LogPluginManager: Mounting plugin ExampleDeviceProfileSelector
LogPluginManager: Mounting plugin Firebase
LogPluginManager: Mounting plugin GoogleCloudMessaging
LogPluginManager: Mounting plugin IOSDeviceProfileSelector
LogPluginManager: Mounting plugin LinuxDeviceProfileSelector
LogPluginManager: Mounting plugin LocationServicesBPLibrary
LogPluginManager: Mounting plugin MobilePatchingUtils
LogPluginManager: Mounting plugin OculusVR
LogPluginManager: Mounting plugin PhysXVehicles
LogPluginManager: Mounting plugin ProceduralMeshComponent
LogPluginManager: Mounting plugin RuntimePhysXCooking
LogPluginManager: Mounting plugin SteamVR
LogPluginManager: Mounting plugin WebMMoviePlayer
LogPluginManager: Mounting plugin WindowsMoviePlayer
LogStreaming: Display: Took  0.116s to configure plugins.
LogInit: Using libcurl 7.55.1-DEV
LogInit:  - built for x86_64-pc-win32
LogInit:  - supports SSL with OpenSSL/1.0.2h
LogInit:  - supports HTTP deflate (compression) using libz 1.2.8
LogInit:  - other features:
LogInit:      CURL_VERSION_SSL
LogInit:      CURL_VERSION_LIBZ
LogInit:      CURL_VERSION_IPV6
LogInit:      CURL_VERSION_ASYNCHDNS
LogInit:      CURL_VERSION_LARGEFILE
LogInit:      CURL_VERSION_IDN
LogInit:  CurlRequestOptions (configurable via config and command line):
LogInit:  - bVerifyPeer = true  - Libcurl will verify peer certificate
LogInit:  - bUseHttpProxy = false  - Libcurl will NOT use HTTP proxy
LogInit:  - bDontReuseConnections = false  - Libcurl will reuse connections
LogInit:  - MaxHostConnections = 16  - Libcurl will limit the number of connections to a host
LogInit:  - LocalHostAddr = Default
LogInit:  - BufferSize = 65536
LogInit: WinSock: version 1.1 (2.2), MaxSocks=32767, MaxUdp=65467
LogInit: Build: ++UE4+Release-4.21-CL-4753647
LogInit: Engine Version: 4.21.2-4753647+++UE4+Release-4.21
LogInit: Compatible Engine Version: 4.21.0-4541578+++UE4+Release-4.21
LogInit: Net CL: 4541578
LogInit: OS: Windows 10 (), CPU: Intel(R) Core(TM) i7-6700K CPU @ 4.00GHz, GPU: NVIDIA GeForce RTX 2080
LogInit: Compiled (64-bit): Jan 19 2019 02:07:31
LogInit: Compiled with Visual C++: 19.13.26129.00
LogInit: Build Configuration: Development
LogInit: Branch Name: ++UE4+Release-4.21
LogInit: Command Line:  -skipcompile
LogInit: Base Directory: G:/Games/Epic/Games/UE_4.21/Engine/Binaries/Win64/
LogInit: Installed Engine Build: 1
LogDevObjectVersion: Number of dev versions registered: 22
LogDevObjectVersion:   Dev-Blueprints (B0D832E4-1F89-4F0D-ACCF-7EB736FD4AA2): 10
LogDevObjectVersion:   Dev-Build (E1C64328-A22C-4D53-A36C-8E866417BD8C): 0
LogDevObjectVersion:   Dev-Core (375EC13C-06E4-48FB-B500-84F0262A717E): 2
LogDevObjectVersion:   Dev-Editor (E4B068ED-F494-42E9-A231-DA0B2E46BB41): 26
LogDevObjectVersion:   Dev-Framework (CFFC743F-43B0-4480-9391-14DF171D2073): 34
LogDevObjectVersion:   Dev-Mobile (B02B49B5-BB20-44E9-A304-32B752E40360): 2
LogDevObjectVersion:   Dev-Networking (A4E4105C-59A1-49B5-A7C5-40C4547EDFEE): 0
LogDevObjectVersion:   Dev-Online (39C831C9-5AE6-47DC-9A44-9C173E1C8E7C): 0
LogDevObjectVersion:   Dev-Physics (78F01B33-EBEA-4F98-B9B4-84EACCB95AA2): 0
LogDevObjectVersion:   Dev-Platform (6631380F-2D4D-43E0-8009-CF276956A95A): 0
LogDevObjectVersion:   Dev-Rendering (12F88B9F-8875-4AFC-A67C-D90C383ABD29): 27
LogDevObjectVersion:   Dev-Sequencer (7B5AE74C-D270-4C10-A958-57980B212A5A): 9
LogDevObjectVersion:   Dev-VR (D7296918-1DD6-4BDD-9DE2-64A83CC13884): 2
LogDevObjectVersion:   Dev-LoadTimes (C2A15278-BFE7-4AFE-6C17-90FF531DF755): 1
LogDevObjectVersion:   Private-Geometry (6EACA3D4-40EC-4CC1-B786-8BED09428FC5): 3
LogDevObjectVersion:   Dev-AnimPhys (29E575DD-E0A3-4627-9D10-D276232CDCEA): 17
LogDevObjectVersion:   Dev-Anim (AF43A65D-7FD3-4947-9873-3E8ED9C1BB05): 2
LogDevObjectVersion:   Dev-ReflectionCapture (6B266CEC-1EC7-4B8F-A30B-E4D90942FC07): 1
LogDevObjectVersion:   Dev-Automation (0DF73D61-A23F-47EA-B727-89E90C41499A): 1
LogDevObjectVersion:   FortniteMain (601D1886-AC64-4F84-AA16-D3DE0DEAC7D6): 17
LogDevObjectVersion:   Dev-Enterprise (9DFFBCD6-494F-0158-E221-12823C92A888): 4
LogDevObjectVersion:   Dev-Niagara (F2AED0AC-9AFE-416F-8664-AA7FFA26D6FC): 1
LogStreaming: Display: Took  0.007s to delete old logs.
LogInit: Presizing for max 8388607 objects, including 0 objects not considered by GC, pre-allocating 0 bytes for permanent pool.
LogInit: Object subsystem initialized
LogConfig: Setting CVar [[con.DebugEarlyDefault:1]]
LogConfig: Setting CVar [[r.setres:1280x720]]
[2019.05.02-06.46.10:778][  0]LogConfig: Setting CVar [[r.VSync:0]]
[2019.05.02-06.46.10:778][  0]LogConfig: Setting CVar [[r.RHICmdBypass:0]]
[2019.05.02-06.46.10:779][  0]LogConfig: Applying CVar settings from Section [/Script/Engine.RendererSettings] File [C:/Users/gosus/Documents/CP-School/SeniorProject/gitRepos/Senior-Project-CPP-Game/Saved/Config/Windows/Engine.ini]
[2019.05.02-06.46.10:779][  0]LogConfig: Setting CVar [[r.GPUCrashDebugging:0]]
[2019.05.02-06.46.10:779][  0]LogConfig: Applying CVar settings from Section [/Script/Engine.RendererOverrideSettings] File [C:/Users/gosus/Documents/CP-School/SeniorProject/gitRepos/Senior-Project-CPP-Game/Saved/Config/Windows/Engine.ini]
[2019.05.02-06.46.10:779][  0]LogConfig: Applying CVar settings from Section [/Script/Engine.StreamingSettings] File [C:/Users/gosus/Documents/CP-School/SeniorProject/gitRepos/Senior-Project-CPP-Game/Saved/Config/Windows/Engine.ini]
[2019.05.02-06.46.10:779][  0]LogConfig: Setting CVar [[s.MinBulkDataSizeForAsyncLoading:131072]]
[2019.05.02-06.46.10:779][  0]LogConfig: Setting CVar [[s.AsyncLoadingThreadEnabled:0]]
[2019.05.02-06.46.10:779][  0]LogConfig: Setting CVar [[s.EventDrivenLoaderEnabled:1]]
[2019.05.02-06.46.10:779][  0]LogConfig: Setting CVar [[s.WarnIfTimeLimitExceeded:0]]
[2019.05.02-06.46.10:779][  0]LogConfig: Setting CVar [[s.TimeLimitExceededMultiplier:1.5]]
[2019.05.02-06.46.10:779][  0]LogConfig: Setting CVar [[s.TimeLimitExceededMinTime:0.005]]
[2019.05.02-06.46.10:779][  0]LogConfig: Setting CVar [[s.UseBackgroundLevelStreaming:1]]
[2019.05.02-06.46.10:779][  0]LogConfig: Setting CVar [[s.PriorityAsyncLoadingExtraTime:15.0]]
[2019.05.02-06.46.10:779][  0]LogConfig: Setting CVar [[s.LevelStreamingActorsUpdateTimeLimit:5.0]]
[2019.05.02-06.46.10:779][  0]LogConfig: Setting CVar [[s.PriorityLevelStreamingActorsUpdateExtraTime:5.0]]
[2019.05.02-06.46.10:779][  0]LogConfig: Setting CVar [[s.LevelStreamingComponentsRegistrationGranularity:10]]
[2019.05.02-06.46.10:779][  0]LogConfig: Setting CVar [[s.UnregisterComponentsTimeLimit:1.0]]
[2019.05.02-06.46.10:779][  0]LogConfig: Setting CVar [[s.LevelStreamingComponentsUnregistrationGranularity:5]]
[2019.05.02-06.46.10:780][  0]LogConfig: Applying CVar settings from Section [/Script/Engine.GarbageCollectionSettings] File [C:/Users/gosus/Documents/CP-School/SeniorProject/gitRepos/Senior-Project-CPP-Game/Saved/Config/Windows/Engine.ini]
[2019.05.02-06.46.10:780][  0]LogConfig: Setting CVar [[gc.MaxObjectsNotConsideredByGC:1]]
[2019.05.02-06.46.10:780][  0]LogConfig: Setting CVar [[gc.SizeOfPermanentObjectPool:0]]
[2019.05.02-06.46.10:780][  0]LogConfig: Setting CVar [[gc.FlushStreamingOnGC:0]]
[2019.05.02-06.46.10:780][  0]LogConfig: Setting CVar [[gc.NumRetriesBeforeForcingGC:10]]
[2019.05.02-06.46.10:780][  0]LogConfig: Setting CVar [[gc.AllowParallelGC:1]]
[2019.05.02-06.46.10:780][  0]LogConfig: Setting CVar [[gc.TimeBetweenPurgingPendingKillObjects:61.1]]
[2019.05.02-06.46.10:780][  0]LogConfig: Setting CVar [[gc.MaxObjectsInEditor:8388607]]
[2019.05.02-06.46.10:780][  0]LogConfig: Setting CVar [[gc.IncrementalBeginDestroyEnabled:1]]
[2019.05.02-06.46.10:780][  0]LogConfig: Setting CVar [[gc.CreateGCClusters:1]]
[2019.05.02-06.46.10:780][  0]LogConfig: Setting CVar [[gc.MergeGCClusters:0]]
[2019.05.02-06.46.10:780][  0]LogConfig: Setting CVar [[gc.MinGCClusterSize:5]]
[2019.05.02-06.46.10:780][  0]LogConfig: Setting CVar [[gc.ActorClusteringEnabled:0]]
[2019.05.02-06.46.10:780][  0]LogConfig: Setting CVar [[gc.BlueprintClusteringEnabled:0]]
[2019.05.02-06.46.10:780][  0]LogConfig: Setting CVar [[gc.UseDisregardForGCOnDedicatedServers:0]]
[2019.05.02-06.46.10:780][  0]LogConfig: Applying CVar settings from Section [/Script/Engine.NetworkSettings] File [C:/Users/gosus/Documents/CP-School/SeniorProject/gitRepos/Senior-Project-CPP-Game/Saved/Config/Windows/Engine.ini]
[2019.05.02-06.46.10:780][  0]LogConfig: Applying CVar settings from Section [/Script/UnrealEd.CookerSettings] File [C:/Users/gosus/Documents/CP-School/SeniorProject/gitRepos/Senior-Project-CPP-Game/Saved/Config/Windows/Engine.ini]
[2019.05.02-06.46.10:793][  0]LogConfig: Applying CVar settings from Section [ViewDistanceQuality@3] File [C:/Users/gosus/Documents/CP-School/SeniorProject/gitRepos/Senior-Project-CPP-Game/Saved/Config/Windows/Scalability.ini]
[2019.05.02-06.46.10:793][  0]LogConfig: Setting CVar [[r.SkeletalMeshLODBias:0]]
[2019.05.02-06.46.10:793][  0]LogConfig: Setting CVar [[r.ViewDistanceScale:1.0]]
[2019.05.02-06.46.10:793][  0]LogConfig: Applying CVar settings from Section [AntiAliasingQuality@3] File [C:/Users/gosus/Documents/CP-School/SeniorProject/gitRepos/Senior-Project-CPP-Game/Saved/Config/Windows/Scalability.ini]
[2019.05.02-06.46.10:793][  0]LogConfig: Setting CVar [[r.PostProcessAAQuality:4]]
[2019.05.02-06.46.10:793][  0]LogConfig: Applying CVar settings from Section [ShadowQuality@3] File [C:/Users/gosus/Documents/CP-School/SeniorProject/gitRepos/Senior-Project-CPP-Game/Saved/Config/Windows/Scalability.ini]
[2019.05.02-06.46.10:793][  0]LogConfig: Setting CVar [[r.LightFunctionQuality:1]]
[2019.05.02-06.46.10:794][  0]LogConfig: Setting CVar [[r.ShadowQuality:5]]
[2019.05.02-06.46.10:794][  0]LogConfig: Setting CVar [[r.Shadow.CSM.MaxCascades:10]]
[2019.05.02-06.46.10:794][  0]LogConfig: Setting CVar [[r.Shadow.MaxResolution:2048]]
[2019.05.02-06.46.10:794][  0]LogConfig: Setting CVar [[r.Shadow.MaxCSMResolution:2048]]
[2019.05.02-06.46.10:794][  0]LogConfig: Setting CVar [[r.Shadow.RadiusThreshold:0.01]]
[2019.05.02-06.46.10:794][  0]LogConfig: Setting CVar [[r.Shadow.DistanceScale:1.0]]
[2019.05.02-06.46.10:794][  0]LogConfig: Setting CVar [[r.Shadow.CSM.TransitionScale:1.0]]
[2019.05.02-06.46.10:794][  0]LogConfig: Setting CVar [[r.Shadow.PreShadowResolutionFactor:1.0]]
[2019.05.02-06.46.10:794][  0]LogConfig: Setting CVar [[r.DistanceFieldShadowing:1]]
[2019.05.02-06.46.10:794][  0]LogConfig: Setting CVar [[r.DistanceFieldAO:1]]
[2019.05.02-06.46.10:794][  0]LogConfig: Setting CVar [[r.AOQuality:2]]
[2019.05.02-06.46.10:794][  0]LogConfig: Setting CVar [[r.VolumetricFog:1]]
[2019.05.02-06.46.10:794][  0]LogConfig: Setting CVar [[r.VolumetricFog.GridPixelSize:8]]
[2019.05.02-06.46.10:794][  0]LogConfig: Setting CVar [[r.VolumetricFog.GridSizeZ:128]]
[2019.05.02-06.46.10:794][  0]LogConfig: Setting CVar [[r.VolumetricFog.HistoryMissSupersampleCount:4]]
[2019.05.02-06.46.10:794][  0]LogConfig: Setting CVar [[r.LightMaxDrawDistanceScale:1]]
[2019.05.02-06.46.10:794][  0]LogConfig: Setting CVar [[r.CapsuleShadows:1]]
[2019.05.02-06.46.10:794][  0]LogConfig: Applying CVar settings from Section [PostProcessQuality@3] File [C:/Users/gosus/Documents/CP-School/SeniorProject/gitRepos/Senior-Project-CPP-Game/Saved/Config/Windows/Scalability.ini]
[2019.05.02-06.46.10:794][  0]LogConfig: Setting CVar [[r.MotionBlurQuality:4]]
[2019.05.02-06.46.10:794][  0]LogConfig: Setting CVar [[r.AmbientOcclusionMipLevelFactor:0.4]]
[2019.05.02-06.46.10:795][  0]LogConfig: Setting CVar [[r.AmbientOcclusionMaxQuality:100]]
[2019.05.02-06.46.10:795][  0]LogConfig: Setting CVar [[r.AmbientOcclusionLevels:-1]]
[2019.05.02-06.46.10:795][  0]LogConfig: Setting CVar [[r.AmbientOcclusionRadiusScale:1.0]]
[2019.05.02-06.46.10:795][  0]LogConfig: Setting CVar [[r.DepthOfFieldQuality:2]]
[2019.05.02-06.46.10:795][  0]LogConfig: Setting CVar [[r.RenderTargetPoolMin:400]]
[2019.05.02-06.46.10:795][  0]LogConfig: Setting CVar [[r.LensFlareQuality:2]]
[2019.05.02-06.46.10:795][  0]LogConfig: Setting CVar [[r.SceneColorFringeQuality:1]]
[2019.05.02-06.46.10:795][  0]LogConfig: Setting CVar [[r.EyeAdaptationQuality:2]]
[2019.05.02-06.46.10:795][  0]LogConfig: Setting CVar [[r.BloomQuality:5]]
[2019.05.02-06.46.10:795][  0]LogConfig: Setting CVar [[r.FastBlurThreshold:100]]
[2019.05.02-06.46.10:795][  0]LogConfig: Setting CVar [[r.Upscale.Quality:3]]
[2019.05.02-06.46.10:795][  0]LogConfig: Setting CVar [[r.Tonemapper.GrainQuantization:1]]
[2019.05.02-06.46.10:795][  0]LogConfig: Setting CVar [[r.LightShaftQuality:1]]
[2019.05.02-06.46.10:795][  0]LogConfig: Setting CVar [[r.Filter.SizeScale:1]]
[2019.05.02-06.46.10:795][  0]LogConfig: Setting CVar [[r.Tonemapper.Quality:5]]
[2019.05.02-06.46.10:795][  0]LogConfig: Setting CVar [[r.DOF.Gather.AccumulatorQuality:1        ; higher gathering accumulator quality]]
[2019.05.02-06.46.10:795][  0]LogConfig: Setting CVar [[r.DOF.Gather.PostfilterMethod:1          ; Median3x3 postfilering method]]
[2019.05.02-06.46.10:795][  0]LogConfig: Setting CVar [[r.DOF.Gather.EnableBokehSettings:0       ; no bokeh simulation when gathering]]
[2019.05.02-06.46.10:795][  0]LogConfig: Setting CVar [[r.DOF.Gather.RingCount:4                 ; medium number of samples when gathering]]
[2019.05.02-06.46.10:795][  0]LogConfig: Setting CVar [[r.DOF.Scatter.ForegroundCompositing:1    ; additive foreground scattering]]
[2019.05.02-06.46.10:795][  0]LogConfig: Setting CVar [[r.DOF.Scatter.BackgroundCompositing:2    ; additive background scattering]]
[2019.05.02-06.46.10:796][  0]LogConfig: Setting CVar [[r.DOF.Scatter.EnableBokehSettings:1      ; bokeh simulation when scattering]]
[2019.05.02-06.46.10:796][  0]LogConfig: Setting CVar [[r.DOF.Scatter.MaxSpriteRatio:0.1         ; only a maximum of 10% of scattered bokeh]]
[2019.05.02-06.46.10:796][  0]LogConfig: Setting CVar [[r.DOF.Recombine.Quality:1                ; cheap slight out of focus]]
[2019.05.02-06.46.10:796][  0]LogConfig: Setting CVar [[r.DOF.Recombine.EnableBokehSettings:0    ; no bokeh simulation on slight out of focus]]
[2019.05.02-06.46.10:796][  0]LogConfig: Setting CVar [[r.DOF.TemporalAAQuality:1                ; more stable temporal accumulation]]
[2019.05.02-06.46.10:796][  0]LogConfig: Setting CVar [[r.DOF.Kernel.MaxForegroundRadius:0.025]]
[2019.05.02-06.46.10:796][  0]LogConfig: Setting CVar [[r.DOF.Kernel.MaxBackgroundRadius:0.025]]
[2019.05.02-06.46.10:796][  0]LogConfig: Applying CVar settings from Section [TextureQuality@3] File [C:/Users/gosus/Documents/CP-School/SeniorProject/gitRepos/Senior-Project-CPP-Game/Saved/Config/Windows/Scalability.ini]
[2019.05.02-06.46.10:796][  0]LogConfig: Setting CVar [[r.Streaming.MipBias:0]]
[2019.05.02-06.46.10:796][  0]LogConfig: Setting CVar [[r.Streaming.AmortizeCPUToGPUCopy:0]]
[2019.05.02-06.46.10:796][  0]LogConfig: Setting CVar [[r.Streaming.MaxNumTexturesToStreamPerFrame:0]]
[2019.05.02-06.46.10:796][  0]LogConfig: Setting CVar [[r.Streaming.Boost:1]]
[2019.05.02-06.46.10:796][  0]LogConfig: Setting CVar [[r.MaxAnisotropy:8]]
[2019.05.02-06.46.10:796][  0]LogConfig: Setting CVar [[r.Streaming.LimitPoolSizeToVRAM:0]]
[2019.05.02-06.46.10:796][  0]LogConfig: Setting CVar [[r.Streaming.PoolSize:1000]]
[2019.05.02-06.46.10:796][  0]LogConfig: Setting CVar [[r.Streaming.MaxEffectiveScreenSize:0]]
[2019.05.02-06.46.10:796][  0]LogConfig: Applying CVar settings from Section [EffectsQuality@3] File [C:/Users/gosus/Documents/CP-School/SeniorProject/gitRepos/Senior-Project-CPP-Game/Saved/Config/Windows/Scalability.ini]
[2019.05.02-06.46.10:796][  0]LogConfig: Setting CVar [[r.TranslucencyLightingVolumeDim:64]]
[2019.05.02-06.46.10:796][  0]LogConfig: Setting CVar [[r.RefractionQuality:2]]
[2019.05.02-06.46.10:796][  0]LogConfig: Setting CVar [[r.SSR.Quality:3]]
[2019.05.02-06.46.10:796][  0]LogConfig: Setting CVar [[r.SceneColorFormat:4]]
[2019.05.02-06.46.10:796][  0]LogConfig: Setting CVar [[r.DetailMode:2]]
[2019.05.02-06.46.10:796][  0]LogConfig: Setting CVar [[r.TranslucencyVolumeBlur:1]]
[2019.05.02-06.46.10:797][  0]LogConfig: Setting CVar [[r.MaterialQualityLevel:1 ; High quality]]
[2019.05.02-06.46.10:797][  0]LogConfig: Setting CVar [[r.SSS.Scale:1]]
[2019.05.02-06.46.10:797][  0]LogConfig: Setting CVar [[r.SSS.SampleSet:2]]
[2019.05.02-06.46.10:797][  0]LogConfig: Setting CVar [[r.SSS.Quality:1]]
[2019.05.02-06.46.10:797][  0]LogConfig: Setting CVar [[r.SSS.HalfRes:1]]
[2019.05.02-06.46.10:797][  0]LogConfig: Setting CVar [[r.EmitterSpawnRateScale:1.0]]
[2019.05.02-06.46.10:797][  0]LogConfig: Setting CVar [[r.ParticleLightQuality:2]]
[2019.05.02-06.46.10:797][  0]LogConfig: Applying CVar settings from Section [FoliageQuality@3] File [C:/Users/gosus/Documents/CP-School/SeniorProject/gitRepos/Senior-Project-CPP-Game/Saved/Config/Windows/Scalability.ini]
[2019.05.02-06.46.10:797][  0]LogConfig: Setting CVar [[foliage.DensityScale:1.0]]
[2019.05.02-06.46.10:797][  0]LogConfig: Setting CVar [[grass.DensityScale:1.0]]
[2019.05.02-06.46.10:798][  0]LogInit: Selected Device Profile: [Windows]
[2019.05.02-06.46.10:798][  0]LogInit: Applying CVar settings loaded from the selected device profile: [Windows]
[2019.05.02-06.46.10:820][  0]LogHAL: Display: Platform has ~ 32 GB [34313105408 / 34359738368 / 32], which maps to Largest [LargestMinGB=32, LargerMinGB=12, DefaultMinGB=8, SmallerMinGB=6, SmallestMinGB=0)
[2019.05.02-06.46.10:821][  0]LogConfig: Setting CVar [[r.Vulkan.UseRealUBs:1]]
[2019.05.02-06.46.10:821][  0]LogInit: Going up to parent DeviceProfile []
[2019.05.02-06.46.10:822][  0]LogConfig: Applying CVar settings from Section [ViewDistanceQuality@3] File [C:/Users/gosus/Documents/CP-School/SeniorProject/gitRepos/Senior-Project-CPP-Game/Saved/Config/Windows/Scalability.ini]
[2019.05.02-06.46.10:822][  0]LogConfig: Setting CVar [[r.SkeletalMeshLODBias:0]]
[2019.05.02-06.46.10:822][  0]LogConfig: Setting CVar [[r.ViewDistanceScale:1.0]]
[2019.05.02-06.46.10:822][  0]LogConfig: Applying CVar settings from Section [AntiAliasingQuality@3] File [C:/Users/gosus/Documents/CP-School/SeniorProject/gitRepos/Senior-Project-CPP-Game/Saved/Config/Windows/Scalability.ini]
[2019.05.02-06.46.10:822][  0]LogConfig: Setting CVar [[r.PostProcessAAQuality:4]]
[2019.05.02-06.46.10:822][  0]LogConfig: Applying CVar settings from Section [ShadowQuality@3] File [C:/Users/gosus/Documents/CP-School/SeniorProject/gitRepos/Senior-Project-CPP-Game/Saved/Config/Windows/Scalability.ini]
[2019.05.02-06.46.10:822][  0]LogConfig: Setting CVar [[r.LightFunctionQuality:1]]
[2019.05.02-06.46.10:822][  0]LogConfig: Setting CVar [[r.ShadowQuality:5]]
[2019.05.02-06.46.10:822][  0]LogConfig: Setting CVar [[r.Shadow.CSM.MaxCascades:10]]
[2019.05.02-06.46.10:822][  0]LogConfig: Setting CVar [[r.Shadow.MaxResolution:2048]]
[2019.05.02-06.46.10:823][  0]LogConfig: Setting CVar [[r.Shadow.MaxCSMResolution:2048]]
[2019.05.02-06.46.10:823][  0]LogConfig: Setting CVar [[r.Shadow.RadiusThreshold:0.01]]
[2019.05.02-06.46.10:823][  0]LogConfig: Setting CVar [[r.Shadow.DistanceScale:1.0]]
[2019.05.02-06.46.10:823][  0]LogConfig: Setting CVar [[r.Shadow.CSM.TransitionScale:1.0]]
[2019.05.02-06.46.10:823][  0]LogConfig: Setting CVar [[r.Shadow.PreShadowResolutionFactor:1.0]]
[2019.05.02-06.46.10:823][  0]LogConfig: Setting CVar [[r.DistanceFieldShadowing:1]]
[2019.05.02-06.46.10:823][  0]LogConfig: Setting CVar [[r.DistanceFieldAO:1]]
[2019.05.02-06.46.10:823][  0]LogConfig: Setting CVar [[r.AOQuality:2]]
[2019.05.02-06.46.10:823][  0]LogConfig: Setting CVar [[r.VolumetricFog:1]]
[2019.05.02-06.46.10:823][  0]LogConfig: Setting CVar [[r.VolumetricFog.GridPixelSize:8]]
[2019.05.02-06.46.10:823][  0]LogConfig: Setting CVar [[r.VolumetricFog.GridSizeZ:128]]
[2019.05.02-06.46.10:823][  0]LogConfig: Setting CVar [[r.VolumetricFog.HistoryMissSupersampleCount:4]]
[2019.05.02-06.46.10:823][  0]LogConfig: Setting CVar [[r.LightMaxDrawDistanceScale:1]]
[2019.05.02-06.46.10:823][  0]LogConfig: Setting CVar [[r.CapsuleShadows:1]]
[2019.05.02-06.46.10:823][  0]LogConfig: Applying CVar settings from Section [PostProcessQuality@3] File [C:/Users/gosus/Documents/CP-School/SeniorProject/gitRepos/Senior-Project-CPP-Game/Saved/Config/Windows/Scalability.ini]
[2019.05.02-06.46.10:823][  0]LogConfig: Setting CVar [[r.MotionBlurQuality:4]]
[2019.05.02-06.46.10:823][  0]LogConfig: Setting CVar [[r.AmbientOcclusionMipLevelFactor:0.4]]
[2019.05.02-06.46.10:823][  0]LogConfig: Setting CVar [[r.AmbientOcclusionMaxQuality:100]]
[2019.05.02-06.46.10:823][  0]LogConfig: Setting CVar [[r.AmbientOcclusionLevels:-1]]
[2019.05.02-06.46.10:824][  0]LogConfig: Setting CVar [[r.AmbientOcclusionRadiusScale:1.0]]
[2019.05.02-06.46.10:824][  0]LogConfig: Setting CVar [[r.DepthOfFieldQuality:2]]
[2019.05.02-06.46.10:824][  0]LogConfig: Setting CVar [[r.RenderTargetPoolMin:400]]
[2019.05.02-06.46.10:824][  0]LogConfig: Setting CVar [[r.LensFlareQuality:2]]
[2019.05.02-06.46.10:824][  0]LogConfig: Setting CVar [[r.SceneColorFringeQuality:1]]
[2019.05.02-06.46.10:824][  0]LogConfig: Setting CVar [[r.EyeAdaptationQuality:2]]
[2019.05.02-06.46.10:824][  0]LogConfig: Setting CVar [[r.BloomQuality:5]]
[2019.05.02-06.46.10:824][  0]LogConfig: Setting CVar [[r.FastBlurThreshold:100]]
[2019.05.02-06.46.10:824][  0]LogConfig: Setting CVar [[r.Upscale.Quality:3]]
[2019.05.02-06.46.10:824][  0]LogConfig: Setting CVar [[r.Tonemapper.GrainQuantization:1]]
[2019.05.02-06.46.10:824][  0]LogConfig: Setting CVar [[r.LightShaftQuality:1]]
[2019.05.02-06.46.10:824][  0]LogConfig: Setting CVar [[r.Filter.SizeScale:1]]
[2019.05.02-06.46.10:824][  0]LogConfig: Setting CVar [[r.Tonemapper.Quality:5]]
[2019.05.02-06.46.10:824][  0]LogConfig: Setting CVar [[r.DOF.Gather.AccumulatorQuality:1        ; higher gathering accumulator quality]]
[2019.05.02-06.46.10:824][  0]LogConfig: Setting CVar [[r.DOF.Gather.PostfilterMethod:1          ; Median3x3 postfilering method]]
[2019.05.02-06.46.10:824][  0]LogConfig: Setting CVar [[r.DOF.Gather.EnableBokehSettings:0       ; no bokeh simulation when gathering]]
[2019.05.02-06.46.10:824][  0]LogConfig: Setting CVar [[r.DOF.Gather.RingCount:4                 ; medium number of samples when gathering]]
[2019.05.02-06.46.10:824][  0]LogConfig: Setting CVar [[r.DOF.Scatter.ForegroundCompositing:1    ; additive foreground scattering]]
[2019.05.02-06.46.10:824][  0]LogConfig: Setting CVar [[r.DOF.Scatter.BackgroundCompositing:2    ; additive background scattering]]
[2019.05.02-06.46.10:824][  0]LogConfig: Setting CVar [[r.DOF.Scatter.EnableBokehSettings:1      ; bokeh simulation when scattering]]
[2019.05.02-06.46.10:824][  0]LogConfig: Setting CVar [[r.DOF.Scatter.MaxSpriteRatio:0.1         ; only a maximum of 10% of scattered bokeh]]
[2019.05.02-06.46.10:824][  0]LogConfig: Setting CVar [[r.DOF.Recombine.Quality:1                ; cheap slight out of focus]]
[2019.05.02-06.46.10:824][  0]LogConfig: Setting CVar [[r.DOF.Recombine.EnableBokehSettings:0    ; no bokeh simulation on slight out of focus]]
[2019.05.02-06.46.10:824][  0]LogConfig: Setting CVar [[r.DOF.TemporalAAQuality:1                ; more stable temporal accumulation]]
[2019.05.02-06.46.10:825][  0]LogConfig: Setting CVar [[r.DOF.Kernel.MaxForegroundRadius:0.025]]
[2019.05.02-06.46.10:825][  0]LogConfig: Setting CVar [[r.DOF.Kernel.MaxBackgroundRadius:0.025]]
[2019.05.02-06.46.10:825][  0]LogConfig: Applying CVar settings from Section [TextureQuality@3] File [C:/Users/gosus/Documents/CP-School/SeniorProject/gitRepos/Senior-Project-CPP-Game/Saved/Config/Windows/Scalability.ini]
[2019.05.02-06.46.10:825][  0]LogConfig: Setting CVar [[r.Streaming.MipBias:0]]
[2019.05.02-06.46.10:825][  0]LogConfig: Setting CVar [[r.Streaming.AmortizeCPUToGPUCopy:0]]
[2019.05.02-06.46.10:825][  0]LogConfig: Setting CVar [[r.Streaming.MaxNumTexturesToStreamPerFrame:0]]
[2019.05.02-06.46.10:825][  0]LogConfig: Setting CVar [[r.Streaming.Boost:1]]
[2019.05.02-06.46.10:825][  0]LogConfig: Setting CVar [[r.MaxAnisotropy:8]]
[2019.05.02-06.46.10:825][  0]LogConfig: Setting CVar [[r.Streaming.LimitPoolSizeToVRAM:0]]
[2019.05.02-06.46.10:825][  0]LogConfig: Setting CVar [[r.Streaming.PoolSize:1000]]
[2019.05.02-06.46.10:825][  0]LogConfig: Setting CVar [[r.Streaming.MaxEffectiveScreenSize:0]]
[2019.05.02-06.46.10:825][  0]LogConfig: Applying CVar settings from Section [EffectsQuality@3] File [C:/Users/gosus/Documents/CP-School/SeniorProject/gitRepos/Senior-Project-CPP-Game/Saved/Config/Windows/Scalability.ini]
[2019.05.02-06.46.10:825][  0]LogConfig: Setting CVar [[r.TranslucencyLightingVolumeDim:64]]
[2019.05.02-06.46.10:825][  0]LogConfig: Setting CVar [[r.RefractionQuality:2]]
[2019.05.02-06.46.10:825][  0]LogConfig: Setting CVar [[r.SSR.Quality:3]]
[2019.05.02-06.46.10:825][  0]LogConfig: Setting CVar [[r.SceneColorFormat:4]]
[2019.05.02-06.46.10:825][  0]LogConfig: Setting CVar [[r.DetailMode:2]]
[2019.05.02-06.46.10:825][  0]LogConfig: Setting CVar [[r.TranslucencyVolumeBlur:1]]
[2019.05.02-06.46.10:825][  0]LogConfig: Setting CVar [[r.MaterialQualityLevel:1 ; High quality]]
[2019.05.02-06.46.10:825][  0]LogConfig: Setting CVar [[r.SSS.Scale:1]]
[2019.05.02-06.46.10:825][  0]LogConfig: Setting CVar [[r.SSS.SampleSet:2]]
[2019.05.02-06.46.10:826][  0]LogConfig: Setting CVar [[r.SSS.Quality:1]]
[2019.05.02-06.46.10:826][  0]LogConfig: Setting CVar [[r.SSS.HalfRes:1]]
[2019.05.02-06.46.10:826][  0]LogConfig: Setting CVar [[r.EmitterSpawnRateScale:1.0]]
[2019.05.02-06.46.10:826][  0]LogConfig: Setting CVar [[r.ParticleLightQuality:2]]
[2019.05.02-06.46.10:826][  0]LogConfig: Applying CVar settings from Section [FoliageQuality@3] File [C:/Users/gosus/Documents/CP-School/SeniorProject/gitRepos/Senior-Project-CPP-Game/Saved/Config/Windows/Scalability.ini]
[2019.05.02-06.46.10:826][  0]LogConfig: Setting CVar [[foliage.DensityScale:1.0]]
[2019.05.02-06.46.10:826][  0]LogConfig: Setting CVar [[grass.DensityScale:1.0]]
[2019.05.02-06.46.10:826][  0]LogConfig: Applying CVar settings from Section [Startup] File [../../../Engine/Config/ConsoleVariables.ini]
[2019.05.02-06.46.10:830][  0]LogConfig: Setting CVar [[net.UseAdaptiveNetUpdateFrequency:0]]
[2019.05.02-06.46.10:830][  0]LogConfig: Applying CVar settings from Section [ConsoleVariables] File [C:/Users/gosus/Documents/CP-School/SeniorProject/gitRepos/Senior-Project-CPP-Game/Saved/Config/Windows/Engine.ini]
[2019.05.02-06.46.10:832][  0]LogInit: Computer: UNIT-01
[2019.05.02-06.46.10:832][  0]LogInit: User: gosus
[2019.05.02-06.46.10:832][  0]LogInit: CPU Page size=4096, Cores=4
[2019.05.02-06.46.10:832][  0]LogInit: High frequency timer resolution =10.000000 MHz
[2019.05.02-06.46.10:833][  0]LogMemory: Memory total: Physical=32.0GB (32GB approx)
[2019.05.02-06.46.10:833][  0]LogMemory: Platform Memory Stats for Windows
[2019.05.02-06.46.10:833][  0]LogMemory: Process Physical Memory: 104.62 MB used, 104.62 MB peak
[2019.05.02-06.46.10:833][  0]LogMemory: Process Virtual Memory: 86.80 MB used, 86.80 MB peak
[2019.05.02-06.46.10:833][  0]LogMemory: Physical Memory: 6601.82 MB used,  26121.70 MB free, 32723.53 MB total
[2019.05.02-06.46.10:833][  0]LogMemory: Virtual Memory: 4645.01 MB used,  134213080.00 MB free, 134217728.00 MB total
[2019.05.02-06.46.11:175][  0]LogInit: Using OS detected language (en-US).
[2019.05.02-06.46.11:175][  0]LogInit: Using OS detected locale (en-US).
[2019.05.02-06.46.11:179][  0]LogTextLocalizationManager: No specific localization for 'en-US' exists, so the 'en' localization will be used.
[2019.05.02-06.46.11:686][  0]LogStreaming: Display: Took  0.511s to InitEngineTextLocalization.
[2019.05.02-06.46.11:686][  0]LogInit: Setting process to per monitor DPI aware
[2019.05.02-06.46.11:801][  0]LogSlate: New Slate User Created.  User Index 0, Is Virtual User: 0
[2019.05.02-06.46.11:801][  0]LogSlate: Slate User Registered.  User Index 0, Is Virtual User: 0
[2019.05.02-06.46.13:663][  0]LogHMD: Failed to initialize OpenVR with code 110
[2019.05.02-06.46.13:663][  0]LogD3D11RHI: D3D11 adapters:
[2019.05.02-06.46.13:806][  0]LogD3D11RHI:    0. 'NVIDIA GeForce RTX 2080' (Feature Level 11_0)
[2019.05.02-06.46.13:806][  0]LogD3D11RHI:       8010/0/16361 MB DedicatedVideo/DedicatedSystem/SharedSystem, Outputs:2, VendorId:0x10de
[2019.05.02-06.46.13:813][  0]LogD3D11RHI:    1. 'Microsoft Basic Render Driver' (Feature Level 11_0)
[2019.05.02-06.46.13:813][  0]LogD3D11RHI:       0/0/16361 MB DedicatedVideo/DedicatedSystem/SharedSystem, Outputs:0, VendorId:0x1414
[2019.05.02-06.46.13:813][  0]LogD3D11RHI: Chosen D3D11 Adapter: 0
[2019.05.02-06.46.13:827][  0]LogD3D11RHI: Creating new Direct3DDevice
[2019.05.02-06.46.13:827][  0]LogD3D11RHI:     GPU DeviceId: 0x1e87 (for the marketing name, search the web for "GPU Device Id")
[2019.05.02-06.46.13:827][  0]LogWindows: EnumDisplayDevices:
[2019.05.02-06.46.13:827][  0]LogWindows:    0. 'NVIDIA GeForce RTX 2080' (P:1 D:1)
[2019.05.02-06.46.13:828][  0]LogWindows:    1. 'NVIDIA GeForce RTX 2080' (P:0 D:1)
[2019.05.02-06.46.13:828][  0]LogWindows:    2. 'NVIDIA GeForce RTX 2080' (P:0 D:0)
[2019.05.02-06.46.13:828][  0]LogWindows:    3. 'NVIDIA GeForce RTX 2080' (P:0 D:0)
[2019.05.02-06.46.13:828][  0]LogWindows: DebugString: FoundDriverCount:4 
[2019.05.02-06.46.13:828][  0]LogD3D11RHI:     Adapter Name: NVIDIA GeForce RTX 2080
[2019.05.02-06.46.13:829][  0]LogD3D11RHI:   Driver Version: 430.39 (internal:26.21.14.3039, unified:430.39)
[2019.05.02-06.46.13:829][  0]LogD3D11RHI:      Driver Date: 4-17-2019
[2019.05.02-06.46.13:829][  0]LogRHI: Texture pool is 5607 MB (70% of 8010 MB)
[2019.05.02-06.46.13:874][  0]LogD3D11RHI: Async texture creation enabled
[2019.05.02-06.46.13:918][  0]LogD3D11RHI: GPU Timing Frequency: 1000.000000 (Debug: 2 1)
[2019.05.02-06.46.14:315][  0]LogTemp: Display: Loaded TP AllDesktopTargetPlatform
[2019.05.02-06.46.14:348][  0]LogTemp: Display: Loaded TP MacClientTargetPlatform
[2019.05.02-06.46.14:382][  0]LogTemp: Display: Loaded TP MacNoEditorTargetPlatform
[2019.05.02-06.46.14:411][  0]LogTemp: Display: Loaded TP MacServerTargetPlatform
[2019.05.02-06.46.14:444][  0]LogTemp: Display: Loaded TP MacTargetPlatform
[2019.05.02-06.46.14:469][  0]LogTemp: Display: Loaded TP WindowsClientTargetPlatform
[2019.05.02-06.46.14:495][  0]LogTemp: Display: Loaded TP WindowsNoEditorTargetPlatform
[2019.05.02-06.46.14:524][  0]LogTemp: Display: Loaded TP WindowsServerTargetPlatform
[2019.05.02-06.46.14:548][  0]LogTemp: Display: Loaded TP WindowsTargetPlatform
[2019.05.02-06.46.14:637][  0]LogTemp: Display: Loaded TP AndroidTargetPlatform
[2019.05.02-06.46.14:637][  0]LogTemp: Display: Loaded TP AndroidTargetPlatform
[2019.05.02-06.46.14:637][  0]LogTemp: Display: Loaded TP AndroidTargetPlatform
[2019.05.02-06.46.14:637][  0]LogTemp: Display: Loaded TP AndroidTargetPlatform
[2019.05.02-06.46.14:637][  0]LogTemp: Display: Loaded TP AndroidTargetPlatform
[2019.05.02-06.46.14:637][  0]LogTemp: Display: Loaded TP AndroidTargetPlatform
[2019.05.02-06.46.14:637][  0]LogTemp: Display: Loaded TP AndroidTargetPlatform
[2019.05.02-06.46.14:637][  0]LogTemp: Display: Loaded TP AndroidTargetPlatform
[2019.05.02-06.46.14:637][  0]LogTemp: Display: Loaded TP AndroidTargetPlatform
[2019.05.02-06.46.14:637][  0]LogTemp: Display: Loaded TP AndroidTargetPlatform
[2019.05.02-06.46.14:638][  0]LogTemp: Display: Loaded TP AndroidTargetPlatform
[2019.05.02-06.46.14:638][  0]LogTemp: Display: Loaded TP AndroidTargetPlatform
[2019.05.02-06.46.14:638][  0]LogTemp: Display: Loaded TP AndroidTargetPlatform
[2019.05.02-06.46.14:638][  0]LogTemp: Display: Loaded TP AndroidTargetPlatform
[2019.05.02-06.46.14:638][  0]LogTemp: Display: Loaded TP AndroidTargetPlatform
[2019.05.02-06.46.14:638][  0]LogTemp: Display: Loaded TP AndroidTargetPlatform
[2019.05.02-06.46.14:638][  0]LogTemp: Display: Loaded TP AndroidTargetPlatform
[2019.05.02-06.46.14:638][  0]LogTemp: Display: Loaded TP AndroidTargetPlatform
[2019.05.02-06.46.14:662][  0]LogTemp: Display: Loaded TP HTML5TargetPlatform
[2019.05.02-06.46.14:778][  0]LogTemp: Display: Loaded TP IOSTargetPlatform
[2019.05.02-06.46.14:778][  0]LogTemp: Display: Loaded TP IOSTargetPlatform
[2019.05.02-06.46.14:812][  0]LogTemp: Display: Loaded TP TVOSTargetPlatform
[2019.05.02-06.46.14:812][  0]LogTemp: Display: Loaded TP TVOSTargetPlatform
[2019.05.02-06.46.14:842][  0]LogTemp: Display: Loaded TP LinuxClientTargetPlatform
[2019.05.02-06.46.14:869][  0]LogTemp: Display: Loaded TP LinuxNoEditorTargetPlatform
[2019.05.02-06.46.14:897][  0]LogTemp: Display: Loaded TP LinuxServerTargetPlatform
[2019.05.02-06.46.14:935][  0]LogTemp: Display: Loaded TP LinuxTargetPlatform
[2019.05.02-06.46.14:996][  0]LogTemp: Display: Loaded TP LuminTargetPlatform
[2019.05.02-06.46.14:996][  0]LogTemp: Display: Loaded TP LuminTargetPlatform
[2019.05.02-06.46.14:996][  0]LogTargetPlatformManager: Display: Building Assets For Windows
[2019.05.02-06.46.15:471][  0]LogShaderCompilers: Guid format shader working directory is -36 characters bigger than the processId version (C:/Users/gosus/Documents/CP-School/SeniorProject/gitRepos/Senior-Project-CPP-Game/Intermediate/Shaders/WorkingDirectory/18032/).
[2019.05.02-06.46.15:471][  0]LogShaderCompilers: Cleaned the shader compiler working directory 'C:/Users/gosus/AppData/Local/Temp/UnrealShaderWorkingDir/A6E505DF40141684317AD181F82A5CA4/'.
[2019.05.02-06.46.15:473][  0]LogXGEController: Cleaning working directory: C:/Users/gosus/AppData/Local/Temp/UnrealXGEWorkingDir/
[2019.05.02-06.46.15:474][  0]LogXGEController: Cannot use XGE Controller as Incredibuild is not installed on this machine.
[2019.05.02-06.46.15:474][  0]LogShaderCompilers: Cannot use XGE Shader Compiler as Incredibuild is not installed on this machine.
[2019.05.02-06.46.15:474][  0]LogShaderCompilers: Display: Using Local Shader Compiler.
[2019.05.02-06.46.16:888][  0]LogDerivedDataCache: Display: Max Cache Size: 512 MB
[2019.05.02-06.46.16:977][  0]LogDerivedDataCache: Loaded boot cache 0.09s 71MB C:/Users/gosus/AppData/Local/UnrealEngine/4.21/DerivedDataCache/Boot.ddc.
[2019.05.02-06.46.16:977][  0]LogDerivedDataCache: Display: Loaded Boot cache: C:/Users/gosus/AppData/Local/UnrealEngine/4.21/DerivedDataCache/Boot.ddc
[2019.05.02-06.46.16:977][  0]LogDerivedDataCache: FDerivedDataBackendGraph:  Pak pak cache file C:/Users/gosus/Documents/CP-School/SeniorProject/gitRepos/Senior-Project-CPP-Game/DerivedDataCache/DDC.ddp not found, will not use a pak cache.
[2019.05.02-06.46.16:977][  0]LogDerivedDataCache: Unable to find inner node Pak for hierarchical cache Hierarchy.
[2019.05.02-06.46.16:977][  0]LogDerivedDataCache: FDerivedDataBackendGraph:  CompressedPak pak cache file C:/Users/gosus/Documents/CP-School/SeniorProject/gitRepos/Senior-Project-CPP-Game/DerivedDataCache/Compressed.ddp not found, will not use a pak cache.
[2019.05.02-06.46.16:977][  0]LogDerivedDataCache: Unable to find inner node CompressedPak for hierarchical cache Hierarchy.
[2019.05.02-06.46.17:002][  0]LogDerivedDataCache: Display: Pak cache opened for reading ../../../Engine/DerivedDataCache/Compressed.ddp.
[2019.05.02-06.46.17:003][  0]LogDerivedDataCache: FDerivedDataBackendGraph:  EnterprisePak pak cache file ../../../Enterprise/DerivedDataCache/Compressed.ddp not found, will not use a pak cache.
[2019.05.02-06.46.17:003][  0]LogDerivedDataCache: Unable to find inner node EnterprisePak for hierarchical cache Hierarchy.
[2019.05.02-06.46.17:016][  0]LogDerivedDataCache: Using Local data cache path C:/Users/gosus/AppData/Local/UnrealEngine/Common/DerivedDataCache: Writable
[2019.05.02-06.46.17:016][  0]LogDerivedDataCache: Shared data cache path not found in *engine.ini, will not use an Shared cache.
[2019.05.02-06.46.17:016][  0]LogDerivedDataCache: Unable to find inner node Shared for hierarchical cache Hierarchy.
[2019.05.02-06.46.17:039][  0]LogMaterial: Verifying Global Shaders for PCD3D_SM5
[2019.05.02-06.46.17:046][  0]LogSlate: Using FreeType 2.6.0
[2019.05.02-06.46.17:059][  0]LogSlate: SlateFontServices - WITH_FREETYPE: 1, WITH_HARFBUZZ: 1
[2019.05.02-06.46.17:320][  0]LogAssetRegistry: FAssetRegistry took 0.0364 seconds to start up
[2019.05.02-06.46.17:770][  0]LogInit: Selected Device Profile: [Windows]
[2019.05.02-06.46.18:251][  0]LogSimplygon: Simplygon DLL not present - disabling.
[2019.05.02-06.46.18:336][  0]LogMeshReduction: Using SimplygonSwarm for distributed automatic mesh merging
[2019.05.02-06.46.18:337][  0]LogMeshReduction: Using ProxyLODMeshReduction for automatic mesh merging
[2019.05.02-06.46.18:338][  0]LogMeshReduction: Using QuadricMeshReduction for automatic static mesh reduction
[2019.05.02-06.46.18:338][  0]LogMeshReduction: No automatic skeletal mesh reduction module available
[2019.05.02-06.46.18:386][  0]LogNetVersion: HSPGame 1.0.0, NetCL: 4541578, EngineNetVer: 5, GameNetVer: 0 (Checksum: 2893343623)
[2019.05.02-06.46.19:436][  0]LogPackageLocalizationCache: Processed 11 localized package path(s) for 2 prioritized culture(s) in 0.090703 seconds
[2019.05.02-06.46.19:446][  0]LogUObjectArray: 39775 objects as part of root set at end of initial load.
[2019.05.02-06.46.19:446][  0]LogUObjectAllocator: 6914656 out of 0 bytes used by permanent object pool.
[2019.05.02-06.46.19:446][  0]LogUObjectArray: CloseDisregardForGC: 0/0 objects in disregard for GC pool
[2019.05.02-06.46.23:000][  0]LogTcpMessaging: Initializing TcpMessaging bridge
[2019.05.02-06.46.23:038][  0]LogUdpMessaging: Initializing bridge on interface 0.0.0.0:0 to multicast group 230.0.0.1:6666.
[2019.05.02-06.46.24:067][  0]SourceControl: Source control is disabled
[2019.05.02-06.46.24:068][  0]SourceControl: Source control is disabled
[2019.05.02-06.46.24:106][  0]SourceControl: Source control is disabled
[2019.05.02-06.46.24:128][  0]SourceControl: Source control is disabled
[2019.05.02-06.46.25:097][  0]LogAndroidPermission: UAndroidPermissionCallbackProxy::GetInstance
[2019.05.02-06.46.25:396][  0]LogOcInput: OculusInput pre-init called
[2019.05.02-06.46.25:785][  0]LogEngine: Initializing Engine...
[2019.05.02-06.46.25:788][  0]LogHMD: Failed to initialize OpenVR with code 110
[2019.05.02-06.46.25:793][  0]LogStats: UGameplayTagsManager::ConstructGameplayTagTree: ImportINI prefixes -  0.001 s
[2019.05.02-06.46.25:793][  0]LogStats: UGameplayTagsManager::ConstructGameplayTagTree: Construct from data asset -  0.000 s
[2019.05.02-06.46.25:793][  0]LogStats: UGameplayTagsManager::ConstructGameplayTagTree: ImportINI -  0.000 s
[2019.05.02-06.46.25:793][  0]LogStats: UGameplayTagsManager::ConstructGameplayTagTree: GameplayTagTreeChangedEvent.Broadcast -  0.000 s
[2019.05.02-06.46.26:123][  0]LogInit: Initializing FReadOnlyCVARCache
[2019.05.02-06.46.26:215][  0]LogAIModule: Creating AISystem for world Untitled
[2019.05.02-06.46.26:291][  0]LogInit: XAudio2 using 'LG ULTRAWIDE (NVIDIA High Definition Audio)' : 2 channels at 48 kHz using 16 bits per sample (channel mask 0x3)
[2019.05.02-06.46.26:432][  0]LogInit: FAudioDevice initialized.
[2019.05.02-06.46.26:433][  0]LogNetVersion: Set ProjectVersion to 1.0.0.0. Version Checksum will be recalculated on next use.
[2019.05.02-06.46.26:472][  0]LogDerivedDataCache: Saved boot cache 0.04s 71MB C:/Users/gosus/AppData/Local/UnrealEngine/4.21/DerivedDataCache/Boot.ddc.
[2019.05.02-06.46.26:477][  0]LogInit: Texture streaming: Enabled
[2019.05.02-06.46.26:567][  0]LogEngineSessionManager: EngineSessionManager initialized
[2019.05.02-06.46.26:567][  0]LogEngineSessionManager: EngineSessionManager sent abnormal shutdown report. Type=Debugger, SessionId={B4CBBAD5-4695-EC69-1B63-7A8CEA245A9B}
[2019.05.02-06.46.26:596][  0]LogInit: Transaction tracking system initialized
[2019.05.02-06.46.26:720][  0]BlueprintLog: New page: Editor Load
[2019.05.02-06.46.27:276][  0]LocalizationService: Localization service is disabled
[2019.05.02-06.46.28:376][  0]LogCook: Display: Max memory allowance for cook 16384mb min free memory 0mb
[2019.05.02-06.46.28:376][  0]LogCook: Display: Mobile HDR setting 1
[2019.05.02-06.46.28:376][  0]LogGameplayTags: Display: UGameplayTagsManager::DoneAddingNativeTags. DelegateIsBound: 0
[2019.05.02-06.46.28:377][  0]LogStats: UGameplayTagsManager::ConstructGameplayTagTree: ImportINI prefixes -  0.000 s
[2019.05.02-06.46.28:377][  0]LogStats: UGameplayTagsManager::ConstructGameplayTagTree: Construct from data asset -  0.000 s
[2019.05.02-06.46.28:377][  0]LogStats: UGameplayTagsManager::ConstructGameplayTagTree: ImportINI -  0.000 s
[2019.05.02-06.46.28:377][  0]LogStats: UGameplayTagsManager::ConstructGameplayTagTree: GameplayTagTreeChangedEvent.Broadcast -  0.000 s
[2019.05.02-06.46.29:140][  0]LogFileCache: Scanning file cache for directory 'C:/Users/gosus/Documents/CP-School/SeniorProject/gitRepos/Senior-Project-CPP-Game/Content/' took 0.03s
[2019.05.02-06.46.29:190][  0]SourceControl: Source control is disabled
[2019.05.02-06.46.29:192][  0]Cmd: MAP LOAD FILE="C:/Users/gosus/Documents/CP-School/SeniorProject/gitRepos/Senior-Project-CPP-Game/Content/Levels/DemoTown.umap" TEMPLATE=0 SHOWPROGRESS=1 FEATURELEVEL=3
[2019.05.02-06.46.29:196][  0]LightingResults: New page: Lighting Build
[2019.05.02-06.46.29:204][  0]MapCheck: New page: Map Check
[2019.05.02-06.46.29:204][  0]LightingResults: New page: Lighting Build
[2019.05.02-06.46.30:235][  0]LogTexture: Display: Building textures: HQ_Lightmap1_4 (AutoDXT, 64X64)
[2019.05.02-06.46.30:235][  0]LogTexture: Display: Building textures: HQ_Lightmap1_1 (AutoDXT, 512X512)
[2019.05.02-06.46.30:235][  0]LogTexture: Display: Building textures: LQ_Lightmap_1_1 (DXT1, 512X512)
[2019.05.02-06.46.30:235][  0]LogTexture: Display: Building textures: LQ_Lightmap_1_4 (DXT1, 64X64)
[2019.05.02-06.46.30:235][  0]LogTexture: Display: Building textures: HQ_Lightmap1_2 (AutoDXT, 1024X1024)
[2019.05.02-06.46.30:236][  0]LogTexture: Display: Building textures: HQ_Lightmap1_3 (AutoDXT, 1024X1024)
[2019.05.02-06.46.30:236][  0]LogTexture: Display: Building textures: LQ_Lightmap_1_2 (DXT1, 1024X1024)
[2019.05.02-06.46.30:236][  0]LogTexture: Display: Building textures: SkyOcclusion1_1 (AutoDXT, 512X256)
[2019.05.02-06.46.30:236][  0]LogTexture: Display: Building textures: LQ_Lightmap_1_3 (DXT1, 1024X1024)
[2019.05.02-06.46.30:236][  0]LogTexture: Display: Building textures: SkyOcclusion1_2 (AutoDXT, 1024X512)
[2019.05.02-06.46.30:236][  0]LogTexture: Display: Building textures: SkyOcclusion1_3 (AutoDXT, 1024X512)
[2019.05.02-06.46.31:093][  0]LogTexture: Display: Building textures: SkyOcclusion1_4 (AutoDXT, 64X32)
[2019.05.02-06.46.31:362][  0]LogAIModule: Creating AISystem for world DemoTown
[2019.05.02-06.46.31:546][  0]LogEditorServer: Finished looking for orphan Actors (0.000 secs)
[2019.05.02-06.46.31:571][  0]Cmd: MAP CHECKDEP NOCLEARLOG
[2019.05.02-06.46.31:572][  0]MapCheck: Map check complete: 0 Error(s), 0 Warning(s), took 0.251ms to complete.
[2019.05.02-06.46.31:572][  0]LogFileHelpers: Loading map 'DemoTown' took 2.381
[2019.05.02-06.46.31:807][  0]LogSlate: Updating window title bar state: overlay mode, drag disabled, window buttons hidden, title bar hidden
[2019.05.02-06.46.31:814][  0]LogSlate: Updating window title bar state: overlay mode, drag disabled, window buttons hidden, title bar hidden
[2019.05.02-06.46.31:819][  0]LogSlate: Updating window title bar state: overlay mode, drag disabled, window buttons hidden, title bar hidden
[2019.05.02-06.46.31:825][  0]LogSlate: Updating window title bar state: overlay mode, drag disabled, window buttons hidden, title bar hidden
[2019.05.02-06.46.31:848][  0]LogCollectionManager: Loaded 0 collections in 0.000990 seconds
[2019.05.02-06.46.31:885][  0]LogFileCache: Scanning file cache for directory 'C:/Users/gosus/Documents/CP-School/SeniorProject/gitRepos/Senior-Project-CPP-Game/Saved/Collections/' took 0.01s
[2019.05.02-06.46.31:885][  0]LogFileCache: Scanning file cache for directory 'C:/Users/gosus/Documents/CP-School/SeniorProject/gitRepos/Senior-Project-CPP-Game/Content/Developers/gosus/Collections/' took 0.00s
[2019.05.02-06.46.31:885][  0]LogFileCache: Scanning file cache for directory 'C:/Users/gosus/Documents/CP-School/SeniorProject/gitRepos/Senior-Project-CPP-Game/Content/Collections/' took 0.01s
[2019.05.02-06.46.31:885][  0]LogCollectionManager: Rebuilt the GUID cache for 0 collections in 0.000001 seconds
[2019.05.02-06.46.31:907][  0]LogContentBrowser: Native class hierarchy populated in 0.0205 seconds. Added 2661 classes and 622 folders.
[2019.05.02-06.46.31:920][  0]LogContentBrowser: Native class hierarchy updated for 'WidgetCarousel' in 0.0004 seconds. Added 0 classes and 0 folders.
[2019.05.02-06.46.31:932][  0]LogPakFile: Registered encryption key '00000000000000000000000000000000': 0 pak files mounted, 0 remain pending
[2019.05.02-06.46.31:940][  0]LogPakFile: Registered encryption key '00000000000000000000000000000000': 0 pak files mounted, 0 remain pending
[2019.05.02-06.46.31:957][  0]LogPakFile: Registered encryption key '00000000000000000000000000000000': 0 pak files mounted, 0 remain pending
[2019.05.02-06.46.31:964][  0]LogPakFile: Registered encryption key '00000000000000000000000000000000': 0 pak files mounted, 0 remain pending
[2019.05.02-06.46.31:979][  0]LogPakFile: Registered encryption key '00000000000000000000000000000000': 0 pak files mounted, 0 remain pending
[2019.05.02-06.46.31:987][  0]LogPakFile: Registered encryption key '00000000000000000000000000000000': 0 pak files mounted, 0 remain pending
[2019.05.02-06.46.31:993][  0]LogPakFile: Registered encryption key '00000000000000000000000000000000': 0 pak files mounted, 0 remain pending
[2019.05.02-06.46.31:998][  0]LogPakFile: Registered encryption key '00000000000000000000000000000000': 0 pak files mounted, 0 remain pending
[2019.05.02-06.46.32:008][  0]LogPakFile: Registered encryption key '00000000000000000000000000000000': 0 pak files mounted, 0 remain pending
[2019.05.02-06.46.32:015][  0]LogPakFile: Registered encryption key '00000000000000000000000000000000': 0 pak files mounted, 0 remain pending
[2019.05.02-06.46.32:020][  0]LogPakFile: Registered encryption key '00000000000000000000000000000000': 0 pak files mounted, 0 remain pending
[2019.05.02-06.46.32:025][  0]LogPakFile: Registered encryption key '00000000000000000000000000000000': 0 pak files mounted, 0 remain pending
[2019.05.02-06.46.32:031][  0]LogPakFile: Registered encryption key '00000000000000000000000000000000': 0 pak files mounted, 0 remain pending
[2019.05.02-06.46.32:036][  0]LogPakFile: Registered encryption key '00000000000000000000000000000000': 0 pak files mounted, 0 remain pending
[2019.05.02-06.46.32:041][  0]LogPakFile: Registered encryption key '00000000000000000000000000000000': 0 pak files mounted, 0 remain pending
[2019.05.02-06.46.32:046][  0]LogPakFile: Registered encryption key '00000000000000000000000000000000': 0 pak files mounted, 0 remain pending
[2019.05.02-06.46.32:068][  0]LogPakFile: Registered encryption key '00000000000000000000000000000000': 0 pak files mounted, 0 remain pending
[2019.05.02-06.46.32:075][  0]LogPakFile: Registered encryption key '00000000000000000000000000000000': 0 pak files mounted, 0 remain pending
[2019.05.02-06.46.32:081][  0]LogPakFile: Registered encryption key '00000000000000000000000000000000': 0 pak files mounted, 0 remain pending
[2019.05.02-06.46.32:086][  0]LogPakFile: Registered encryption key '00000000000000000000000000000000': 0 pak files mounted, 0 remain pending
[2019.05.02-06.46.32:113][  0]LogPakFile: Registered encryption key '00000000000000000000000000000000': 0 pak files mounted, 0 remain pending
[2019.05.02-06.46.32:118][  0]LogPakFile: Registered encryption key '00000000000000000000000000000000': 0 pak files mounted, 0 remain pending
[2019.05.02-06.46.32:124][  0]LogPakFile: Registered encryption key '00000000000000000000000000000000': 0 pak files mounted, 0 remain pending
[2019.05.02-06.46.32:134][  0]LogPakFile: Registered encryption key '00000000000000000000000000000000': 0 pak files mounted, 0 remain pending
[2019.05.02-06.46.32:145][  0]LogPakFile: Registered encryption key '00000000000000000000000000000000': 0 pak files mounted, 0 remain pending
[2019.05.02-06.46.32:156][  0]LogPakFile: Registered encryption key '00000000000000000000000000000000': 0 pak files mounted, 0 remain pending
[2019.05.02-06.46.32:367][  0]LogContentBrowser: Native class hierarchy updated for 'AddContentDialog' in 0.0005 seconds. Added 0 classes and 0 folders.
[2019.05.02-06.46.32:408][  0]LogContentBrowser: Native class hierarchy updated for 'SceneOutliner' in 0.0008 seconds. Added 1 classes and 2 folders.
[2019.05.02-06.46.32:606][  0]LogSlate: Updating window title bar state: overlay mode, drag disabled, window buttons hidden, title bar hidden
[2019.05.02-06.46.32:612][  0]LogSlate: Updating window title bar state: overlay mode, drag disabled, window buttons hidden, title bar hidden
[2019.05.02-06.46.32:617][  0]LogSlate: Updating window title bar state: overlay mode, drag disabled, window buttons hidden, title bar hidden
[2019.05.02-06.46.32:623][  0]LogSlate: Updating window title bar state: overlay mode, drag disabled, window buttons hidden, title bar hidden
[2019.05.02-06.46.32:635][  0]LogSlate: Took 0.004045 seconds to synchronously load lazily loaded font '../../../Engine/Content/Slate/Fonts/Roboto-Regular.ttf' (155K)
[2019.05.02-06.46.32:641][  0]LogSlate: Took 0.004158 seconds to synchronously load lazily loaded font '../../../Engine/Content/Slate/Fonts/Roboto-Bold.ttf' (160K)
[2019.05.02-06.46.32:653][  0]LogSlate: Took 0.004486 seconds to synchronously load lazily loaded font '../../../Engine/Content/Editor/Slate/Fonts/FontAwesome.ttf' (139K)
[2019.05.02-06.46.32:744][  0]LogRenderer: Reallocating scene render targets to support 1772x792 Format 10 NumSamples 1 (Frame:1).
[2019.05.02-06.46.32:847][  0]LogRenderer: Reallocating scene render targets to support 2556x1056 Format 10 NumSamples 1 (Frame:2).
[2019.05.02-06.46.32:953][  0]LogContentBrowser: Native class hierarchy updated for 'HierarchicalLODOutliner' in 0.0004 seconds. Added 0 classes and 0 folders.
[2019.05.02-06.46.32:953][  0]LogLoad: (Engine Initialization) Total time: 25.31 seconds
[2019.05.02-06.46.32:953][  0]LogLoad: (Engine Initialization) Total Blueprint compile time: 0.00 seconds
[2019.05.02-06.46.33:032][  0]LogContentStreaming: Texture pool size now 1000 MB
[2019.05.02-06.46.33:117][  1]LogAssetRegistry: Asset discovery search completed in 15.8234 seconds
[2019.05.02-06.46.33:119][  1]LogCollectionManager: Rebuilt the object cache for 0 collections in 0.000000 seconds (found 0 objects)
[2019.05.02-06.46.33:119][  1]LogCollectionManager: Fixed up redirectors for 0 collections in 0.000240 seconds (updated 0 objects)
[2019.05.02-06.47.22:468][907]LogSlate: FSceneViewport::OnFocusLost() reason 2
[2019.05.02-06.50.14:341][532]LogSlate: FSceneViewport::OnFocusLost() reason 0
[2019.05.02-06.50.21:495][276]LogSlate: Took 0.004372 seconds to synchronously load lazily loaded font '../../../Engine/Content/Slate/Fonts/Roboto-Light.ttf' (167K)
[2019.05.02-06.50.21:506][276]LogAssetEditorManager: Opening Asset editor for WidgetBlueprint /Game/UI/sliderControlScreen.sliderControlScreen
[2019.05.02-06.50.21:990][276]LogContentBrowser: Native class hierarchy updated for 'BlueprintGraph' in 0.0005 seconds. Added 117 classes and 0 folders.
[2019.05.02-06.50.22:827][276]LogSlate: Took 0.007310 seconds to synchronously load lazily loaded font '../../../Engine/Content/Slate/Fonts/Roboto-BoldCondensed.ttf' (158K)
[2019.05.02-06.50.28:876][991]LogSlate: Took 0.014665 seconds to synchronously load lazily loaded font '../../../Engine/Content/Slate/Fonts/DroidSansFallback.ttf' (3848K)
[2019.05.02-06.50.41:922][528]LogUObjectHash: Warning: Ambiguous search, could be CanvasPanel /Game/UI/floatTalkPrompt.floatTalkPrompt:WidgetTree.CanvasPanel_0 or CanvasPanel /Game/UI/floatTalkPrompt.floatTalkPrompt_C:WidgetTree.CanvasPanel_0
[2019.05.02-06.50.41:922][528]LogUObjectHash: Warning: Ambiguous search, could be CanvasPanel /Game/UI/floatTalkPrompt.floatTalkPrompt:WidgetTree.CanvasPanel_0 or CanvasPanel /Game/UI/playerHud.playerHud:WidgetTree.CanvasPanel_0
[2019.05.02-06.50.41:922][528]LogUObjectHash: Warning: Ambiguous search, could be CanvasPanel /Game/UI/floatTalkPrompt.floatTalkPrompt:WidgetTree.CanvasPanel_0 or CanvasPanel /Game/Levels/DemoTown.DemoTown:floatTalkPrompt_C_2.WidgetTree_0.CanvasPanel_0
[2019.05.02-06.50.41:922][528]LogUObjectHash: Warning: Ambiguous search, could be CanvasPanel /Game/UI/floatTalkPrompt.floatTalkPrompt:WidgetTree.CanvasPanel_0 or CanvasPanel /Game/Levels/DemoTown.DemoTown:floatTalkPrompt_C_3.WidgetTree_0.CanvasPanel_0
[2019.05.02-06.50.41:922][528]LogUObjectHash: Warning: Ambiguous search, could be CanvasPanel /Game/UI/floatTalkPrompt.floatTalkPrompt:WidgetTree.CanvasPanel_0 or CanvasPanel /Game/UI/playerHud.playerHud_C:WidgetTree.CanvasPanel_0
[2019.05.02-06.50.41:922][528]LogUObjectHash: Warning: Ambiguous search, could be CanvasPanel /Game/UI/floatTalkPrompt.floatTalkPrompt:WidgetTree.CanvasPanel_0 or CanvasPanel /Game/UI/ShopScreen.shopScreen:WidgetTree.CanvasPanel_0
[2019.05.02-06.50.41:922][528]LogUObjectHash: Warning: Ambiguous search, could be CanvasPanel /Game/UI/floatTalkPrompt.floatTalkPrompt:WidgetTree.CanvasPanel_0 or CanvasPanel /Game/UI/sliderControlScreen.sliderControlScreen:WidgetTree.CanvasPanel_0
[2019.05.02-06.50.41:922][528]LogUObjectHash: Warning: Ambiguous search, could be CanvasPanel /Game/UI/floatTalkPrompt.floatTalkPrompt:WidgetTree.CanvasPanel_0 or CanvasPanel /Game/UI/ShopScreen.shopScreen_C:WidgetTree.CanvasPanel_0
[2019.05.02-06.50.41:922][528]LogUObjectHash: Warning: Ambiguous search, could be CanvasPanel /Game/UI/floatTalkPrompt.floatTalkPrompt:WidgetTree.CanvasPanel_0 or CanvasPanel /Game/UI/sliderControlScreen.sliderControlScreen_C:WidgetTree.CanvasPanel_0
[2019.05.02-06.50.41:922][528]LogUObjectHash: Warning: Ambiguous search, could be CanvasPanel /Game/UI/floatTalkPrompt.floatTalkPrompt:WidgetTree.CanvasPanel_0 or CanvasPanel /Engine/Transient.World_1:sliderControlScreen_C_0.WidgetTree_0.CanvasPanel_0
[2019.05.02-06.50.41:922][528]LogUObjectHash: Warning: Ambiguous search, could be CanvasPanel /Game/UI/floatTalkPrompt.floatTalkPrompt:WidgetTree.CanvasPanel_0 or CanvasPanel /Engine/Transient.World_1:sliderControlScreen_C_1.WidgetTree_0.CanvasPanel_0
[2019.05.02-06.50.41:922][528]LogUObjectHash: Warning: Ambiguous search, could be CanvasPanelSlot /Game/UI/playerHud.playerHud:WidgetTree.CanvasPanel_0.CanvasPanelSlot_5 or CanvasPanelSlot /Game/UI/playerHud.playerHud_C:WidgetTree.CanvasPanel_0.CanvasPanelSlot_5
[2019.05.02-06.50.41:923][528]LogUObjectHash: Warning: Ambiguous search, could be CanvasPanelSlot /Game/UI/playerHud.playerHud:WidgetTree.CanvasPanel_0.CanvasPanelSlot_5 or CanvasPanelSlot /Game/UI/sliderControlScreen.sliderControlScreen:WidgetTree.CanvasPanel_0.CanvasPanelSlot_5
[2019.05.02-06.50.41:923][528]LogUObjectHash: Warning: Ambiguous search, could be CanvasPanelSlot /Game/UI/playerHud.playerHud:WidgetTree.CanvasPanel_0.CanvasPanelSlot_5 or CanvasPanelSlot /Game/UI/sliderControlScreen.sliderControlScreen_C:WidgetTree.CanvasPanel_0.CanvasPanelSlot_5
[2019.05.02-06.50.41:923][528]LogUObjectHash: Warning: Ambiguous search, could be CanvasPanelSlot /Game/UI/playerHud.playerHud:WidgetTree.CanvasPanel_0.CanvasPanelSlot_5 or CanvasPanelSlot /Engine/Transient.World_1:sliderControlScreen_C_0.WidgetTree_0.CanvasPanel_0.CanvasPanelSlot_5
[2019.05.02-06.50.41:923][528]LogUObjectHash: Warning: Ambiguous search, could be CanvasPanelSlot /Game/UI/playerHud.playerHud:WidgetTree.CanvasPanel_0.CanvasPanelSlot_5 or CanvasPanelSlot /Engine/Transient.World_1:sliderControlScreen_C_1.WidgetTree_0.CanvasPanel_0.CanvasPanelSlot_5
[2019.05.02-06.50.41:923][528]LogProperty: Warning: Illegal TEXT reference to a private object in external package (CanvasPanelSlot /Game/UI/playerHud.playerHud:WidgetTree.CanvasPanel_0.CanvasPanelSlot_5) from referencer (VerticalBox /Engine/UMG/Editor/Transient.VerticalBox_0).  Import failed...
[2019.05.02-06.50.41:923][528]LogProperty: Warning: ObjectProperty /Script/UMG.Widget:Slot: unresolved reference to 'CanvasPanelSlot'"CanvasPanel_0.CanvasPanelSlot_5"''
[2019.05.02-06.51.12:412][874]LogSlate: Took 0.003763 seconds to synchronously load lazily loaded font '../../../Engine/Content/Slate/Fonts/Roboto-Italic.ttf' (157K)
