Log file open, 04/28/19 15:00:27
LogWindows: Failed to load 'aqProf.dll' (GetLastError=126)
LogWindows: File 'aqProf.dll' does not exist
LogWindows: Failed to load 'VtuneApi.dll' (GetLastError=126)
LogWindows: File 'VtuneApi.dll' does not exist
LogWindows: Failed to load 'VtuneApi32e.dll' (GetLastError=126)
LogWindows: File 'VtuneApi32e.dll' does not exist
LogConsoleResponse: Display: Failed to find resolution value strings in scalability ini. Falling back to default.
LogInit: Display: Running engine for game: HSPGame
LogPakFile: Registered encryption key '00000000000000000000000000000000': 0 pak files mounted, 0 remain pending
LogPlatformFile: Not using cached read wrapper
LogTaskGraph: Started task graph with 5 named threads and 35 total threads with 3 sets of task threads.
LogStats: Stats thread started at 1.500267
LogD3D11RHI: Loaded GFSDK_Aftermath_Lib.x64.dll
LogICUInternationalization: ICU TimeZone Detection - Raw Offset: -8:00, Platform Override: ''
LogPluginManager: Mounting plugin Paper2D
LogPluginManager: Mounting plugin AISupport
LogPluginManager: Mounting plugin LightPropagationVolume
LogPluginManager: Mounting plugin ActorLayerUtilities
LogPluginManager: Mounting plugin CLionSourceCodeAccess
LogPluginManager: Mounting plugin CodeLiteSourceCodeAccess
LogPluginManager: Mounting plugin GitSourceControl
LogPluginManager: Mounting plugin KDevelopSourceCodeAccess
LogPluginManager: Mounting plugin NullSourceCodeAccess
LogPluginManager: Mounting plugin PerforceSourceControl
LogPluginManager: Mounting plugin SubversionSourceControl
LogPluginManager: Mounting plugin UObjectPlugin
LogPluginManager: Mounting plugin VisualStudioCodeSourceCodeAccess
LogPluginManager: Mounting plugin VisualStudioSourceCodeAccess
LogPluginManager: Mounting plugin XCodeSourceCodeAccess
LogPluginManager: Mounting plugin AssetManagerEditor
LogPluginManager: Mounting plugin CryptoKeys
LogPluginManager: Mounting plugin DataValidation
LogPluginManager: Mounting plugin FacialAnimation
LogPluginManager: Mounting plugin GameplayTagsEditor
LogPluginManager: Mounting plugin MacGraphicsSwitching
LogPluginManager: Mounting plugin MeshEditor
LogPluginManager: Mounting plugin MobileLauncherProfileWizard
LogPluginManager: Mounting plugin PluginBrowser
LogPluginManager: Mounting plugin SpeedTreeImporter
LogPluginManager: Mounting plugin DatasmithContent
LogPluginManager: Mounting plugin VariantManagerContent
LogPluginManager: Mounting plugin AlembicImporter
LogPluginManager: Mounting plugin AppleImageUtils
LogPluginManager: Mounting plugin AppleVision
LogPluginManager: Mounting plugin BackChannel
LogPluginManager: Mounting plugin CharacterAI
LogPluginManager: Mounting plugin GeometryCache
LogPluginManager: Mounting plugin HTML5Networking
LogPluginManager: Mounting plugin ProxyLODPlugin
LogPluginManager: Mounting plugin MagicLeap
LogPluginManager: Mounting plugin MagicLeapMedia
LogPluginManager: Mounting plugin AndroidMedia
LogPluginManager: Mounting plugin AvfMedia
LogPluginManager: Mounting plugin ImgMedia
LogPluginManager: Mounting plugin LinearTimecode
LogPluginManager: Mounting plugin MediaCompositing
LogPluginManager: Mounting plugin MediaPlayerEditor
LogPluginManager: Mounting plugin WebMMedia
LogPluginManager: Mounting plugin WmfMedia
LogPluginManager: Mounting plugin TcpMessaging
LogPluginManager: Mounting plugin UdpMessaging
LogPluginManager: Mounting plugin ActorSequence
LogPluginManager: Mounting plugin LevelSequenceEditor
LogPluginManager: Mounting plugin MatineeToLevelSequence
LogPluginManager: Mounting plugin NetcodeUnitTest
LogPluginManager: Mounting plugin NUTUnrealEngine4
LogPluginManager: Mounting plugin OnlineSubsystemGooglePlay
LogPluginManager: Mounting plugin OnlineSubsystemIOS
LogPluginManager: Mounting plugin OnlineSubsystem
LogPluginManager: Mounting plugin OnlineSubsystemNull
LogPluginManager: Mounting plugin OnlineSubsystemUtils
LogPluginManager: Mounting plugin LauncherChunkInstaller
LogPluginManager: Mounting plugin AndroidDeviceProfileSelector
LogPluginManager: Mounting plugin AndroidMoviePlayer
LogPluginManager: Mounting plugin AndroidPermission
LogPluginManager: Mounting plugin AppleMoviePlayer
LogPluginManager: Mounting plugin ArchVisCharacter
LogPluginManager: Mounting plugin AudioCapture
LogPluginManager: Mounting plugin CableComponent
LogPluginManager: Mounting plugin CustomMeshComponent
LogPluginManager: Mounting plugin EditableMesh
LogPluginManager: Mounting plugin ExampleDeviceProfileSelector
LogPluginManager: Mounting plugin Firebase
LogPluginManager: Mounting plugin GoogleCloudMessaging
LogPluginManager: Mounting plugin IOSDeviceProfileSelector
LogPluginManager: Mounting plugin LinuxDeviceProfileSelector
LogPluginManager: Mounting plugin LocationServicesBPLibrary
LogPluginManager: Mounting plugin MobilePatchingUtils
LogPluginManager: Mounting plugin OculusVR
LogPluginManager: Mounting plugin PhysXVehicles
LogPluginManager: Mounting plugin ProceduralMeshComponent
LogPluginManager: Mounting plugin RuntimePhysXCooking
LogPluginManager: Mounting plugin SteamVR
LogPluginManager: Mounting plugin WebMMoviePlayer
LogPluginManager: Mounting plugin WindowsMoviePlayer
LogStreaming: Display: Took  0.117s to configure plugins.
LogInit: Using libcurl 7.55.1-DEV
LogInit:  - built for x86_64-pc-win32
LogInit:  - supports SSL with OpenSSL/1.0.2h
LogInit:  - supports HTTP deflate (compression) using libz 1.2.8
LogInit:  - other features:
LogInit:      CURL_VERSION_SSL
LogInit:      CURL_VERSION_LIBZ
LogInit:      CURL_VERSION_IPV6
LogInit:      CURL_VERSION_ASYNCHDNS
LogInit:      CURL_VERSION_LARGEFILE
LogInit:      CURL_VERSION_IDN
LogInit:  CurlRequestOptions (configurable via config and command line):
LogInit:  - bVerifyPeer = true  - Libcurl will verify peer certificate
LogInit:  - bUseHttpProxy = false  - Libcurl will NOT use HTTP proxy
LogInit:  - bDontReuseConnections = false  - Libcurl will reuse connections
LogInit:  - MaxHostConnections = 16  - Libcurl will limit the number of connections to a host
LogInit:  - LocalHostAddr = Default
LogInit:  - BufferSize = 65536
LogInit: WinSock: version 1.1 (2.2), MaxSocks=32767, MaxUdp=65467
LogInit: Build: ++UE4+Release-4.21-CL-4753647
LogInit: Engine Version: 4.21.2-4753647+++UE4+Release-4.21
LogInit: Compatible Engine Version: 4.21.0-4541578+++UE4+Release-4.21
LogInit: Net CL: 4541578
LogInit: OS: Windows 10 (), CPU: Intel(R) Core(TM) i7-8086K CPU @ 4.00GHz, GPU: NVIDIA GeForce GTX 1660 Ti
LogInit: Compiled (64-bit): Jan 19 2019 02:07:31
LogInit: Compiled with Visual C++: 19.13.26129.00
LogInit: Build Configuration: Development
LogInit: Branch Name: ++UE4+Release-4.21
LogInit: Command Line:  -skipcompile
LogInit: Base Directory: C:/Program Files/Epic Games/UE_4.21/Engine/Binaries/Win64/
LogInit: Installed Engine Build: 1
LogDevObjectVersion: Number of dev versions registered: 22
LogDevObjectVersion:   Dev-Blueprints (B0D832E4-1F89-4F0D-ACCF-7EB736FD4AA2): 10
LogDevObjectVersion:   Dev-Build (E1C64328-A22C-4D53-A36C-8E866417BD8C): 0
LogDevObjectVersion:   Dev-Core (375EC13C-06E4-48FB-B500-84F0262A717E): 2
LogDevObjectVersion:   Dev-Editor (E4B068ED-F494-42E9-A231-DA0B2E46BB41): 26
LogDevObjectVersion:   Dev-Framework (CFFC743F-43B0-4480-9391-14DF171D2073): 34
LogDevObjectVersion:   Dev-Mobile (B02B49B5-BB20-44E9-A304-32B752E40360): 2
LogDevObjectVersion:   Dev-Networking (A4E4105C-59A1-49B5-A7C5-40C4547EDFEE): 0
LogDevObjectVersion:   Dev-Online (39C831C9-5AE6-47DC-9A44-9C173E1C8E7C): 0
LogDevObjectVersion:   Dev-Physics (78F01B33-EBEA-4F98-B9B4-84EACCB95AA2): 0
LogDevObjectVersion:   Dev-Platform (6631380F-2D4D-43E0-8009-CF276956A95A): 0
LogDevObjectVersion:   Dev-Rendering (12F88B9F-8875-4AFC-A67C-D90C383ABD29): 27
LogDevObjectVersion:   Dev-Sequencer (7B5AE74C-D270-4C10-A958-57980B212A5A): 9
LogDevObjectVersion:   Dev-VR (D7296918-1DD6-4BDD-9DE2-64A83CC13884): 2
LogDevObjectVersion:   Dev-LoadTimes (C2A15278-BFE7-4AFE-6C17-90FF531DF755): 1
LogDevObjectVersion:   Private-Geometry (6EACA3D4-40EC-4CC1-B786-8BED09428FC5): 3
LogDevObjectVersion:   Dev-AnimPhys (29E575DD-E0A3-4627-9D10-D276232CDCEA): 17
LogDevObjectVersion:   Dev-Anim (AF43A65D-7FD3-4947-9873-3E8ED9C1BB05): 2
LogDevObjectVersion:   Dev-ReflectionCapture (6B266CEC-1EC7-4B8F-A30B-E4D90942FC07): 1
LogDevObjectVersion:   Dev-Automation (0DF73D61-A23F-47EA-B727-89E90C41499A): 1
LogDevObjectVersion:   FortniteMain (601D1886-AC64-4F84-AA16-D3DE0DEAC7D6): 17
LogDevObjectVersion:   Dev-Enterprise (9DFFBCD6-494F-0158-E221-12823C92A888): 4
LogDevObjectVersion:   Dev-Niagara (F2AED0AC-9AFE-416F-8664-AA7FFA26D6FC): 1
LogStreaming: Display: Took  0.007s to delete old logs.
LogInit: Presizing for max 8388607 objects, including 0 objects not considered by GC, pre-allocating 0 bytes for permanent pool.
LogInit: Object subsystem initialized
LogConfig: Setting CVar [[con.DebugEarlyDefault:1]]
LogConfig: Setting CVar [[r.setres:1280x720]]
[2019.04.28-22.00.27:617][  0]LogConfig: Setting CVar [[r.VSync:0]]
[2019.04.28-22.00.27:617][  0]LogConfig: Setting CVar [[r.RHICmdBypass:0]]
[2019.04.28-22.00.27:617][  0]LogConfig: Applying CVar settings from Section [/Script/Engine.RendererSettings] File [C:/Users/chris/Documents/GitHub/Senior-Project-CPP-Game/Saved/Config/Windows/Engine.ini]
[2019.04.28-22.00.27:617][  0]LogConfig: Setting CVar [[r.GPUCrashDebugging:0]]
[2019.04.28-22.00.27:618][  0]LogConfig: Applying CVar settings from Section [/Script/Engine.RendererOverrideSettings] File [C:/Users/chris/Documents/GitHub/Senior-Project-CPP-Game/Saved/Config/Windows/Engine.ini]
[2019.04.28-22.00.27:618][  0]LogConfig: Applying CVar settings from Section [/Script/Engine.StreamingSettings] File [C:/Users/chris/Documents/GitHub/Senior-Project-CPP-Game/Saved/Config/Windows/Engine.ini]
[2019.04.28-22.00.27:618][  0]LogConfig: Setting CVar [[s.MinBulkDataSizeForAsyncLoading:131072]]
[2019.04.28-22.00.27:618][  0]LogConfig: Setting CVar [[s.AsyncLoadingThreadEnabled:0]]
[2019.04.28-22.00.27:618][  0]LogConfig: Setting CVar [[s.EventDrivenLoaderEnabled:1]]
[2019.04.28-22.00.27:618][  0]LogConfig: Setting CVar [[s.WarnIfTimeLimitExceeded:0]]
[2019.04.28-22.00.27:618][  0]LogConfig: Setting CVar [[s.TimeLimitExceededMultiplier:1.5]]
[2019.04.28-22.00.27:618][  0]LogConfig: Setting CVar [[s.TimeLimitExceededMinTime:0.005]]
[2019.04.28-22.00.27:618][  0]LogConfig: Setting CVar [[s.UseBackgroundLevelStreaming:1]]
[2019.04.28-22.00.27:618][  0]LogConfig: Setting CVar [[s.PriorityAsyncLoadingExtraTime:15.0]]
[2019.04.28-22.00.27:618][  0]LogConfig: Setting CVar [[s.LevelStreamingActorsUpdateTimeLimit:5.0]]
[2019.04.28-22.00.27:618][  0]LogConfig: Setting CVar [[s.PriorityLevelStreamingActorsUpdateExtraTime:5.0]]
[2019.04.28-22.00.27:618][  0]LogConfig: Setting CVar [[s.LevelStreamingComponentsRegistrationGranularity:10]]
[2019.04.28-22.00.27:618][  0]LogConfig: Setting CVar [[s.UnregisterComponentsTimeLimit:1.0]]
[2019.04.28-22.00.27:618][  0]LogConfig: Setting CVar [[s.LevelStreamingComponentsUnregistrationGranularity:5]]
[2019.04.28-22.00.27:619][  0]LogConfig: Applying CVar settings from Section [/Script/Engine.GarbageCollectionSettings] File [C:/Users/chris/Documents/GitHub/Senior-Project-CPP-Game/Saved/Config/Windows/Engine.ini]
[2019.04.28-22.00.27:619][  0]LogConfig: Setting CVar [[gc.MaxObjectsNotConsideredByGC:1]]
[2019.04.28-22.00.27:619][  0]LogConfig: Setting CVar [[gc.SizeOfPermanentObjectPool:0]]
[2019.04.28-22.00.27:619][  0]LogConfig: Setting CVar [[gc.FlushStreamingOnGC:0]]
[2019.04.28-22.00.27:619][  0]LogConfig: Setting CVar [[gc.NumRetriesBeforeForcingGC:10]]
[2019.04.28-22.00.27:619][  0]LogConfig: Setting CVar [[gc.AllowParallelGC:1]]
[2019.04.28-22.00.27:619][  0]LogConfig: Setting CVar [[gc.TimeBetweenPurgingPendingKillObjects:61.1]]
[2019.04.28-22.00.27:619][  0]LogConfig: Setting CVar [[gc.MaxObjectsInEditor:8388607]]
[2019.04.28-22.00.27:619][  0]LogConfig: Setting CVar [[gc.IncrementalBeginDestroyEnabled:1]]
[2019.04.28-22.00.27:619][  0]LogConfig: Setting CVar [[gc.CreateGCClusters:1]]
[2019.04.28-22.00.27:619][  0]LogConfig: Setting CVar [[gc.MergeGCClusters:0]]
[2019.04.28-22.00.27:619][  0]LogConfig: Setting CVar [[gc.MinGCClusterSize:5]]
[2019.04.28-22.00.27:619][  0]LogConfig: Setting CVar [[gc.ActorClusteringEnabled:0]]
[2019.04.28-22.00.27:619][  0]LogConfig: Setting CVar [[gc.BlueprintClusteringEnabled:0]]
[2019.04.28-22.00.27:619][  0]LogConfig: Setting CVar [[gc.UseDisregardForGCOnDedicatedServers:0]]
[2019.04.28-22.00.27:619][  0]LogConfig: Applying CVar settings from Section [/Script/Engine.NetworkSettings] File [C:/Users/chris/Documents/GitHub/Senior-Project-CPP-Game/Saved/Config/Windows/Engine.ini]
[2019.04.28-22.00.27:619][  0]LogConfig: Applying CVar settings from Section [/Script/UnrealEd.CookerSettings] File [C:/Users/chris/Documents/GitHub/Senior-Project-CPP-Game/Saved/Config/Windows/Engine.ini]
[2019.04.28-22.00.27:628][  0]LogConfig: Applying CVar settings from Section [ViewDistanceQuality@3] File [C:/Users/chris/Documents/GitHub/Senior-Project-CPP-Game/Saved/Config/Windows/Scalability.ini]
[2019.04.28-22.00.27:628][  0]LogConfig: Setting CVar [[r.SkeletalMeshLODBias:0]]
[2019.04.28-22.00.27:629][  0]LogConfig: Setting CVar [[r.ViewDistanceScale:1.0]]
[2019.04.28-22.00.27:629][  0]LogConfig: Applying CVar settings from Section [AntiAliasingQuality@3] File [C:/Users/chris/Documents/GitHub/Senior-Project-CPP-Game/Saved/Config/Windows/Scalability.ini]
[2019.04.28-22.00.27:629][  0]LogConfig: Setting CVar [[r.PostProcessAAQuality:4]]
[2019.04.28-22.00.27:629][  0]LogConfig: Applying CVar settings from Section [ShadowQuality@3] File [C:/Users/chris/Documents/GitHub/Senior-Project-CPP-Game/Saved/Config/Windows/Scalability.ini]
[2019.04.28-22.00.27:629][  0]LogConfig: Setting CVar [[r.LightFunctionQuality:1]]
[2019.04.28-22.00.27:629][  0]LogConfig: Setting CVar [[r.ShadowQuality:5]]
[2019.04.28-22.00.27:629][  0]LogConfig: Setting CVar [[r.Shadow.CSM.MaxCascades:10]]
[2019.04.28-22.00.27:629][  0]LogConfig: Setting CVar [[r.Shadow.MaxResolution:2048]]
[2019.04.28-22.00.27:629][  0]LogConfig: Setting CVar [[r.Shadow.MaxCSMResolution:2048]]
[2019.04.28-22.00.27:629][  0]LogConfig: Setting CVar [[r.Shadow.RadiusThreshold:0.01]]
[2019.04.28-22.00.27:629][  0]LogConfig: Setting CVar [[r.Shadow.DistanceScale:1.0]]
[2019.04.28-22.00.27:629][  0]LogConfig: Setting CVar [[r.Shadow.CSM.TransitionScale:1.0]]
[2019.04.28-22.00.27:629][  0]LogConfig: Setting CVar [[r.Shadow.PreShadowResolutionFactor:1.0]]
[2019.04.28-22.00.27:629][  0]LogConfig: Setting CVar [[r.DistanceFieldShadowing:1]]
[2019.04.28-22.00.27:629][  0]LogConfig: Setting CVar [[r.DistanceFieldAO:1]]
[2019.04.28-22.00.27:629][  0]LogConfig: Setting CVar [[r.AOQuality:2]]
[2019.04.28-22.00.27:629][  0]LogConfig: Setting CVar [[r.VolumetricFog:1]]
[2019.04.28-22.00.27:629][  0]LogConfig: Setting CVar [[r.VolumetricFog.GridPixelSize:8]]
[2019.04.28-22.00.27:630][  0]LogConfig: Setting CVar [[r.VolumetricFog.GridSizeZ:128]]
[2019.04.28-22.00.27:630][  0]LogConfig: Setting CVar [[r.VolumetricFog.HistoryMissSupersampleCount:4]]
[2019.04.28-22.00.27:630][  0]LogConfig: Setting CVar [[r.LightMaxDrawDistanceScale:1]]
[2019.04.28-22.00.27:630][  0]LogConfig: Setting CVar [[r.CapsuleShadows:1]]
[2019.04.28-22.00.27:630][  0]LogConfig: Applying CVar settings from Section [PostProcessQuality@3] File [C:/Users/chris/Documents/GitHub/Senior-Project-CPP-Game/Saved/Config/Windows/Scalability.ini]
[2019.04.28-22.00.27:630][  0]LogConfig: Setting CVar [[r.MotionBlurQuality:4]]
[2019.04.28-22.00.27:630][  0]LogConfig: Setting CVar [[r.AmbientOcclusionMipLevelFactor:0.4]]
[2019.04.28-22.00.27:630][  0]LogConfig: Setting CVar [[r.AmbientOcclusionMaxQuality:100]]
[2019.04.28-22.00.27:630][  0]LogConfig: Setting CVar [[r.AmbientOcclusionLevels:-1]]
[2019.04.28-22.00.27:630][  0]LogConfig: Setting CVar [[r.AmbientOcclusionRadiusScale:1.0]]
[2019.04.28-22.00.27:630][  0]LogConfig: Setting CVar [[r.DepthOfFieldQuality:2]]
[2019.04.28-22.00.27:630][  0]LogConfig: Setting CVar [[r.RenderTargetPoolMin:400]]
[2019.04.28-22.00.27:630][  0]LogConfig: Setting CVar [[r.LensFlareQuality:2]]
[2019.04.28-22.00.27:630][  0]LogConfig: Setting CVar [[r.SceneColorFringeQuality:1]]
[2019.04.28-22.00.27:630][  0]LogConfig: Setting CVar [[r.EyeAdaptationQuality:2]]
[2019.04.28-22.00.27:630][  0]LogConfig: Setting CVar [[r.BloomQuality:5]]
[2019.04.28-22.00.27:631][  0]LogConfig: Setting CVar [[r.FastBlurThreshold:100]]
[2019.04.28-22.00.27:631][  0]LogConfig: Setting CVar [[r.Upscale.Quality:3]]
[2019.04.28-22.00.27:631][  0]LogConfig: Setting CVar [[r.Tonemapper.GrainQuantization:1]]
[2019.04.28-22.00.27:631][  0]LogConfig: Setting CVar [[r.LightShaftQuality:1]]
[2019.04.28-22.00.27:631][  0]LogConfig: Setting CVar [[r.Filter.SizeScale:1]]
[2019.04.28-22.00.27:631][  0]LogConfig: Setting CVar [[r.Tonemapper.Quality:5]]
[2019.04.28-22.00.27:631][  0]LogConfig: Setting CVar [[r.DOF.Gather.AccumulatorQuality:1        ; higher gathering accumulator quality]]
[2019.04.28-22.00.27:631][  0]LogConfig: Setting CVar [[r.DOF.Gather.PostfilterMethod:1          ; Median3x3 postfilering method]]
[2019.04.28-22.00.27:631][  0]LogConfig: Setting CVar [[r.DOF.Gather.EnableBokehSettings:0       ; no bokeh simulation when gathering]]
[2019.04.28-22.00.27:631][  0]LogConfig: Setting CVar [[r.DOF.Gather.RingCount:4                 ; medium number of samples when gathering]]
[2019.04.28-22.00.27:631][  0]LogConfig: Setting CVar [[r.DOF.Scatter.ForegroundCompositing:1    ; additive foreground scattering]]
[2019.04.28-22.00.27:631][  0]LogConfig: Setting CVar [[r.DOF.Scatter.BackgroundCompositing:2    ; additive background scattering]]
[2019.04.28-22.00.27:631][  0]LogConfig: Setting CVar [[r.DOF.Scatter.EnableBokehSettings:1      ; bokeh simulation when scattering]]
[2019.04.28-22.00.27:631][  0]LogConfig: Setting CVar [[r.DOF.Scatter.MaxSpriteRatio:0.1         ; only a maximum of 10% of scattered bokeh]]
[2019.04.28-22.00.27:631][  0]LogConfig: Setting CVar [[r.DOF.Recombine.Quality:1                ; cheap slight out of focus]]
[2019.04.28-22.00.27:631][  0]LogConfig: Setting CVar [[r.DOF.Recombine.EnableBokehSettings:0    ; no bokeh simulation on slight out of focus]]
[2019.04.28-22.00.27:631][  0]LogConfig: Setting CVar [[r.DOF.TemporalAAQuality:1                ; more stable temporal accumulation]]
[2019.04.28-22.00.27:631][  0]LogConfig: Setting CVar [[r.DOF.Kernel.MaxForegroundRadius:0.025]]
[2019.04.28-22.00.27:631][  0]LogConfig: Setting CVar [[r.DOF.Kernel.MaxBackgroundRadius:0.025]]
[2019.04.28-22.00.27:631][  0]LogConfig: Applying CVar settings from Section [TextureQuality@3] File [C:/Users/chris/Documents/GitHub/Senior-Project-CPP-Game/Saved/Config/Windows/Scalability.ini]
[2019.04.28-22.00.27:631][  0]LogConfig: Setting CVar [[r.Streaming.MipBias:0]]
[2019.04.28-22.00.27:632][  0]LogConfig: Setting CVar [[r.Streaming.AmortizeCPUToGPUCopy:0]]
[2019.04.28-22.00.27:632][  0]LogConfig: Setting CVar [[r.Streaming.MaxNumTexturesToStreamPerFrame:0]]
[2019.04.28-22.00.27:632][  0]LogConfig: Setting CVar [[r.Streaming.Boost:1]]
[2019.04.28-22.00.27:632][  0]LogConfig: Setting CVar [[r.MaxAnisotropy:8]]
[2019.04.28-22.00.27:632][  0]LogConfig: Setting CVar [[r.Streaming.LimitPoolSizeToVRAM:0]]
[2019.04.28-22.00.27:632][  0]LogConfig: Setting CVar [[r.Streaming.PoolSize:1000]]
[2019.04.28-22.00.27:632][  0]LogConfig: Setting CVar [[r.Streaming.MaxEffectiveScreenSize:0]]
[2019.04.28-22.00.27:632][  0]LogConfig: Applying CVar settings from Section [EffectsQuality@3] File [C:/Users/chris/Documents/GitHub/Senior-Project-CPP-Game/Saved/Config/Windows/Scalability.ini]
[2019.04.28-22.00.27:632][  0]LogConfig: Setting CVar [[r.TranslucencyLightingVolumeDim:64]]
[2019.04.28-22.00.27:632][  0]LogConfig: Setting CVar [[r.RefractionQuality:2]]
[2019.04.28-22.00.27:632][  0]LogConfig: Setting CVar [[r.SSR.Quality:3]]
[2019.04.28-22.00.27:632][  0]LogConfig: Setting CVar [[r.SceneColorFormat:4]]
[2019.04.28-22.00.27:632][  0]LogConfig: Setting CVar [[r.DetailMode:2]]
[2019.04.28-22.00.27:632][  0]LogConfig: Setting CVar [[r.TranslucencyVolumeBlur:1]]
[2019.04.28-22.00.27:632][  0]LogConfig: Setting CVar [[r.MaterialQualityLevel:1 ; High quality]]
[2019.04.28-22.00.27:632][  0]LogConfig: Setting CVar [[r.SSS.Scale:1]]
[2019.04.28-22.00.27:632][  0]LogConfig: Setting CVar [[r.SSS.SampleSet:2]]
[2019.04.28-22.00.27:632][  0]LogConfig: Setting CVar [[r.SSS.Quality:1]]
[2019.04.28-22.00.27:632][  0]LogConfig: Setting CVar [[r.SSS.HalfRes:1]]
[2019.04.28-22.00.27:632][  0]LogConfig: Setting CVar [[r.EmitterSpawnRateScale:1.0]]
[2019.04.28-22.00.27:633][  0]LogConfig: Setting CVar [[r.ParticleLightQuality:2]]
[2019.04.28-22.00.27:633][  0]LogConfig: Applying CVar settings from Section [FoliageQuality@3] File [C:/Users/chris/Documents/GitHub/Senior-Project-CPP-Game/Saved/Config/Windows/Scalability.ini]
[2019.04.28-22.00.27:633][  0]LogConfig: Setting CVar [[foliage.DensityScale:1.0]]
[2019.04.28-22.00.27:633][  0]LogConfig: Setting CVar [[grass.DensityScale:1.0]]
[2019.04.28-22.00.27:633][  0]LogInit: Selected Device Profile: [Windows]
[2019.04.28-22.00.27:634][  0]LogInit: Applying CVar settings loaded from the selected device profile: [Windows]
[2019.04.28-22.00.27:656][  0]LogHAL: Display: Platform has ~ 16 GB [17119334400 / 17179869184 / 16], which maps to Larger [LargestMinGB=32, LargerMinGB=12, DefaultMinGB=8, SmallerMinGB=6, SmallestMinGB=0)
[2019.04.28-22.00.27:657][  0]LogConfig: Setting CVar [[r.Vulkan.UseRealUBs:1]]
[2019.04.28-22.00.27:657][  0]LogInit: Going up to parent DeviceProfile []
[2019.04.28-22.00.27:657][  0]LogConfig: Applying CVar settings from Section [ViewDistanceQuality@3] File [C:/Users/chris/Documents/GitHub/Senior-Project-CPP-Game/Saved/Config/Windows/Scalability.ini]
[2019.04.28-22.00.27:657][  0]LogConfig: Setting CVar [[r.SkeletalMeshLODBias:0]]
[2019.04.28-22.00.27:657][  0]LogConfig: Setting CVar [[r.ViewDistanceScale:1.0]]
[2019.04.28-22.00.27:657][  0]LogConfig: Applying CVar settings from Section [AntiAliasingQuality@3] File [C:/Users/chris/Documents/GitHub/Senior-Project-CPP-Game/Saved/Config/Windows/Scalability.ini]
[2019.04.28-22.00.27:657][  0]LogConfig: Setting CVar [[r.PostProcessAAQuality:4]]
[2019.04.28-22.00.27:657][  0]LogConfig: Applying CVar settings from Section [ShadowQuality@3] File [C:/Users/chris/Documents/GitHub/Senior-Project-CPP-Game/Saved/Config/Windows/Scalability.ini]
[2019.04.28-22.00.27:657][  0]LogConfig: Setting CVar [[r.LightFunctionQuality:1]]
[2019.04.28-22.00.27:658][  0]LogConfig: Setting CVar [[r.ShadowQuality:5]]
[2019.04.28-22.00.27:658][  0]LogConfig: Setting CVar [[r.Shadow.CSM.MaxCascades:10]]
[2019.04.28-22.00.27:658][  0]LogConfig: Setting CVar [[r.Shadow.MaxResolution:2048]]
[2019.04.28-22.00.27:658][  0]LogConfig: Setting CVar [[r.Shadow.MaxCSMResolution:2048]]
[2019.04.28-22.00.27:658][  0]LogConfig: Setting CVar [[r.Shadow.RadiusThreshold:0.01]]
[2019.04.28-22.00.27:658][  0]LogConfig: Setting CVar [[r.Shadow.DistanceScale:1.0]]
[2019.04.28-22.00.27:658][  0]LogConfig: Setting CVar [[r.Shadow.CSM.TransitionScale:1.0]]
[2019.04.28-22.00.27:658][  0]LogConfig: Setting CVar [[r.Shadow.PreShadowResolutionFactor:1.0]]
[2019.04.28-22.00.27:658][  0]LogConfig: Setting CVar [[r.DistanceFieldShadowing:1]]
[2019.04.28-22.00.27:658][  0]LogConfig: Setting CVar [[r.DistanceFieldAO:1]]
[2019.04.28-22.00.27:658][  0]LogConfig: Setting CVar [[r.AOQuality:2]]
[2019.04.28-22.00.27:658][  0]LogConfig: Setting CVar [[r.VolumetricFog:1]]
[2019.04.28-22.00.27:658][  0]LogConfig: Setting CVar [[r.VolumetricFog.GridPixelSize:8]]
[2019.04.28-22.00.27:658][  0]LogConfig: Setting CVar [[r.VolumetricFog.GridSizeZ:128]]
[2019.04.28-22.00.27:659][  0]LogConfig: Setting CVar [[r.VolumetricFog.HistoryMissSupersampleCount:4]]
[2019.04.28-22.00.27:659][  0]LogConfig: Setting CVar [[r.LightMaxDrawDistanceScale:1]]
[2019.04.28-22.00.27:659][  0]LogConfig: Setting CVar [[r.CapsuleShadows:1]]
[2019.04.28-22.00.27:659][  0]LogConfig: Applying CVar settings from Section [PostProcessQuality@3] File [C:/Users/chris/Documents/GitHub/Senior-Project-CPP-Game/Saved/Config/Windows/Scalability.ini]
[2019.04.28-22.00.27:659][  0]LogConfig: Setting CVar [[r.MotionBlurQuality:4]]
[2019.04.28-22.00.27:659][  0]LogConfig: Setting CVar [[r.AmbientOcclusionMipLevelFactor:0.4]]
[2019.04.28-22.00.27:659][  0]LogConfig: Setting CVar [[r.AmbientOcclusionMaxQuality:100]]
[2019.04.28-22.00.27:659][  0]LogConfig: Setting CVar [[r.AmbientOcclusionLevels:-1]]
[2019.04.28-22.00.27:659][  0]LogConfig: Setting CVar [[r.AmbientOcclusionRadiusScale:1.0]]
[2019.04.28-22.00.27:659][  0]LogConfig: Setting CVar [[r.DepthOfFieldQuality:2]]
[2019.04.28-22.00.27:659][  0]LogConfig: Setting CVar [[r.RenderTargetPoolMin:400]]
[2019.04.28-22.00.27:659][  0]LogConfig: Setting CVar [[r.LensFlareQuality:2]]
[2019.04.28-22.00.27:659][  0]LogConfig: Setting CVar [[r.SceneColorFringeQuality:1]]
[2019.04.28-22.00.27:659][  0]LogConfig: Setting CVar [[r.EyeAdaptationQuality:2]]
[2019.04.28-22.00.27:659][  0]LogConfig: Setting CVar [[r.BloomQuality:5]]
[2019.04.28-22.00.27:659][  0]LogConfig: Setting CVar [[r.FastBlurThreshold:100]]
[2019.04.28-22.00.27:659][  0]LogConfig: Setting CVar [[r.Upscale.Quality:3]]
[2019.04.28-22.00.27:659][  0]LogConfig: Setting CVar [[r.Tonemapper.GrainQuantization:1]]
[2019.04.28-22.00.27:659][  0]LogConfig: Setting CVar [[r.LightShaftQuality:1]]
[2019.04.28-22.00.27:660][  0]LogConfig: Setting CVar [[r.Filter.SizeScale:1]]
[2019.04.28-22.00.27:660][  0]LogConfig: Setting CVar [[r.Tonemapper.Quality:5]]
[2019.04.28-22.00.27:660][  0]LogConfig: Setting CVar [[r.DOF.Gather.AccumulatorQuality:1        ; higher gathering accumulator quality]]
[2019.04.28-22.00.27:660][  0]LogConfig: Setting CVar [[r.DOF.Gather.PostfilterMethod:1          ; Median3x3 postfilering method]]
[2019.04.28-22.00.27:660][  0]LogConfig: Setting CVar [[r.DOF.Gather.EnableBokehSettings:0       ; no bokeh simulation when gathering]]
[2019.04.28-22.00.27:660][  0]LogConfig: Setting CVar [[r.DOF.Gather.RingCount:4                 ; medium number of samples when gathering]]
[2019.04.28-22.00.27:660][  0]LogConfig: Setting CVar [[r.DOF.Scatter.ForegroundCompositing:1    ; additive foreground scattering]]
[2019.04.28-22.00.27:660][  0]LogConfig: Setting CVar [[r.DOF.Scatter.BackgroundCompositing:2    ; additive background scattering]]
[2019.04.28-22.00.27:660][  0]LogConfig: Setting CVar [[r.DOF.Scatter.EnableBokehSettings:1      ; bokeh simulation when scattering]]
[2019.04.28-22.00.27:660][  0]LogConfig: Setting CVar [[r.DOF.Scatter.MaxSpriteRatio:0.1         ; only a maximum of 10% of scattered bokeh]]
[2019.04.28-22.00.27:660][  0]LogConfig: Setting CVar [[r.DOF.Recombine.Quality:1                ; cheap slight out of focus]]
[2019.04.28-22.00.27:660][  0]LogConfig: Setting CVar [[r.DOF.Recombine.EnableBokehSettings:0    ; no bokeh simulation on slight out of focus]]
[2019.04.28-22.00.27:660][  0]LogConfig: Setting CVar [[r.DOF.TemporalAAQuality:1                ; more stable temporal accumulation]]
[2019.04.28-22.00.27:660][  0]LogConfig: Setting CVar [[r.DOF.Kernel.MaxForegroundRadius:0.025]]
[2019.04.28-22.00.27:660][  0]LogConfig: Setting CVar [[r.DOF.Kernel.MaxBackgroundRadius:0.025]]
[2019.04.28-22.00.27:660][  0]LogConfig: Applying CVar settings from Section [TextureQuality@3] File [C:/Users/chris/Documents/GitHub/Senior-Project-CPP-Game/Saved/Config/Windows/Scalability.ini]
[2019.04.28-22.00.27:660][  0]LogConfig: Setting CVar [[r.Streaming.MipBias:0]]
[2019.04.28-22.00.27:660][  0]LogConfig: Setting CVar [[r.Streaming.AmortizeCPUToGPUCopy:0]]
[2019.04.28-22.00.27:661][  0]LogConfig: Setting CVar [[r.Streaming.MaxNumTexturesToStreamPerFrame:0]]
[2019.04.28-22.00.27:661][  0]LogConfig: Setting CVar [[r.Streaming.Boost:1]]
[2019.04.28-22.00.27:661][  0]LogConfig: Setting CVar [[r.MaxAnisotropy:8]]
[2019.04.28-22.00.27:661][  0]LogConfig: Setting CVar [[r.Streaming.LimitPoolSizeToVRAM:0]]
[2019.04.28-22.00.27:661][  0]LogConfig: Setting CVar [[r.Streaming.PoolSize:1000]]
[2019.04.28-22.00.27:661][  0]LogConfig: Setting CVar [[r.Streaming.MaxEffectiveScreenSize:0]]
[2019.04.28-22.00.27:661][  0]LogConfig: Applying CVar settings from Section [EffectsQuality@3] File [C:/Users/chris/Documents/GitHub/Senior-Project-CPP-Game/Saved/Config/Windows/Scalability.ini]
[2019.04.28-22.00.27:661][  0]LogConfig: Setting CVar [[r.TranslucencyLightingVolumeDim:64]]
[2019.04.28-22.00.27:661][  0]LogConfig: Setting CVar [[r.RefractionQuality:2]]
[2019.04.28-22.00.27:661][  0]LogConfig: Setting CVar [[r.SSR.Quality:3]]
[2019.04.28-22.00.27:661][  0]LogConfig: Setting CVar [[r.SceneColorFormat:4]]
[2019.04.28-22.00.27:661][  0]LogConfig: Setting CVar [[r.DetailMode:2]]
[2019.04.28-22.00.27:661][  0]LogConfig: Setting CVar [[r.TranslucencyVolumeBlur:1]]
[2019.04.28-22.00.27:661][  0]LogConfig: Setting CVar [[r.MaterialQualityLevel:1 ; High quality]]
[2019.04.28-22.00.27:661][  0]LogConfig: Setting CVar [[r.SSS.Scale:1]]
[2019.04.28-22.00.27:661][  0]LogConfig: Setting CVar [[r.SSS.SampleSet:2]]
[2019.04.28-22.00.27:662][  0]LogConfig: Setting CVar [[r.SSS.Quality:1]]
[2019.04.28-22.00.27:662][  0]LogConfig: Setting CVar [[r.SSS.HalfRes:1]]
[2019.04.28-22.00.27:662][  0]LogConfig: Setting CVar [[r.EmitterSpawnRateScale:1.0]]
[2019.04.28-22.00.27:662][  0]LogConfig: Setting CVar [[r.ParticleLightQuality:2]]
[2019.04.28-22.00.27:662][  0]LogConfig: Applying CVar settings from Section [FoliageQuality@3] File [C:/Users/chris/Documents/GitHub/Senior-Project-CPP-Game/Saved/Config/Windows/Scalability.ini]
[2019.04.28-22.00.27:662][  0]LogConfig: Setting CVar [[foliage.DensityScale:1.0]]
[2019.04.28-22.00.27:662][  0]LogConfig: Setting CVar [[grass.DensityScale:1.0]]
[2019.04.28-22.00.27:662][  0]LogConfig: Applying CVar settings from Section [Startup] File [../../../Engine/Config/ConsoleVariables.ini]
[2019.04.28-22.00.27:662][  0]LogConfig: Setting CVar [[net.UseAdaptiveNetUpdateFrequency:0]]
[2019.04.28-22.00.27:662][  0]LogConfig: Applying CVar settings from Section [ConsoleVariables] File [C:/Users/chris/Documents/GitHub/Senior-Project-CPP-Game/Saved/Config/Windows/Engine.ini]
[2019.04.28-22.00.27:664][  0]LogInit: Computer: ALL-MIGHT
[2019.04.28-22.00.27:664][  0]LogInit: User: chris
[2019.04.28-22.00.27:664][  0]LogInit: CPU Page size=4096, Cores=6
[2019.04.28-22.00.27:664][  0]LogInit: High frequency timer resolution =10.000000 MHz
[2019.04.28-22.00.27:665][  0]LogMemory: Memory total: Physical=15.9GB (16GB approx)
[2019.04.28-22.00.27:665][  0]LogMemory: Platform Memory Stats for Windows
[2019.04.28-22.00.27:665][  0]LogMemory: Process Physical Memory: 106.70 MB used, 106.70 MB peak
[2019.04.28-22.00.27:665][  0]LogMemory: Process Virtual Memory: 101.64 MB used, 101.64 MB peak
[2019.04.28-22.00.27:665][  0]LogMemory: Physical Memory: 6950.31 MB used,  9375.96 MB free, 16326.27 MB total
[2019.04.28-22.00.27:665][  0]LogMemory: Virtual Memory: 4677.76 MB used,  134213048.00 MB free, 134217728.00 MB total
[2019.04.28-22.00.28:072][  0]LogInit: Using OS detected language (en-US).
[2019.04.28-22.00.28:072][  0]LogInit: Using OS detected locale (en-US).
[2019.04.28-22.00.28:073][  0]LogTextLocalizationManager: No specific localization for 'en-US' exists, so the 'en' localization will be used.
[2019.04.28-22.00.28:477][  0]LogStreaming: Display: Took  0.405s to InitEngineTextLocalization.
[2019.04.28-22.00.28:477][  0]LogInit: Setting process to per monitor DPI aware
[2019.04.28-22.00.28:554][  0]LogSlate: New Slate User Created.  User Index 0, Is Virtual User: 0
[2019.04.28-22.00.28:554][  0]LogSlate: Slate User Registered.  User Index 0, Is Virtual User: 0
[2019.04.28-22.00.30:264][  0]LogHMD: Failed to initialize OpenVR with code 110
[2019.04.28-22.00.30:265][  0]LogD3D11RHI: D3D11 adapters:
[2019.04.28-22.00.30:362][  0]LogD3D11RHI:    0. 'NVIDIA GeForce GTX 1660 Ti' (Feature Level 11_0)
[2019.04.28-22.00.30:362][  0]LogD3D11RHI:       5991/0/8163 MB DedicatedVideo/DedicatedSystem/SharedSystem, Outputs:1, VendorId:0x10de
[2019.04.28-22.00.30:369][  0]LogD3D11RHI:    1. 'Microsoft Basic Render Driver' (Feature Level 11_0)
[2019.04.28-22.00.30:369][  0]LogD3D11RHI:       0/0/8163 MB DedicatedVideo/DedicatedSystem/SharedSystem, Outputs:0, VendorId:0x1414
[2019.04.28-22.00.30:369][  0]LogD3D11RHI: Chosen D3D11 Adapter: 0
[2019.04.28-22.00.30:378][  0]LogD3D11RHI: Creating new Direct3DDevice
[2019.04.28-22.00.30:378][  0]LogD3D11RHI:     GPU DeviceId: 0x2182 (for the marketing name, search the web for "GPU Device Id")
[2019.04.28-22.00.30:378][  0]LogWindows: EnumDisplayDevices:
[2019.04.28-22.00.30:378][  0]LogWindows:    0. 'NVIDIA GeForce GTX 1660 Ti' (P:1 D:1)
[2019.04.28-22.00.30:378][  0]LogWindows:    1. 'NVIDIA GeForce GTX 1660 Ti' (P:0 D:0)
[2019.04.28-22.00.30:379][  0]LogWindows:    2. 'NVIDIA GeForce GTX 1660 Ti' (P:0 D:0)
[2019.04.28-22.00.30:379][  0]LogWindows:    3. 'NVIDIA GeForce GTX 1660 Ti' (P:0 D:0)
[2019.04.28-22.00.30:379][  0]LogWindows: DebugString: FoundDriverCount:4 
[2019.04.28-22.00.30:379][  0]LogD3D11RHI:     Adapter Name: NVIDIA GeForce GTX 1660 Ti
[2019.04.28-22.00.30:379][  0]LogD3D11RHI:   Driver Version: 430.39 (internal:26.21.14.3039, unified:430.39)
[2019.04.28-22.00.30:379][  0]LogD3D11RHI:      Driver Date: 4-17-2019
[2019.04.28-22.00.30:380][  0]LogRHI: Texture pool is 4193 MB (70% of 5991 MB)
[2019.04.28-22.00.30:419][  0]LogD3D11RHI: Async texture creation enabled
[2019.04.28-22.00.30:451][  0]LogD3D11RHI: GPU Timing Frequency: 1000.000000 (Debug: 2 1)
[2019.04.28-22.00.30:747][  0]LogTemp: Display: Loaded TP AllDesktopTargetPlatform
[2019.04.28-22.00.30:760][  0]LogTemp: Display: Loaded TP MacClientTargetPlatform
[2019.04.28-22.00.30:780][  0]LogTemp: Display: Loaded TP MacNoEditorTargetPlatform
[2019.04.28-22.00.30:793][  0]LogTemp: Display: Loaded TP MacServerTargetPlatform
[2019.04.28-22.00.30:812][  0]LogTemp: Display: Loaded TP MacTargetPlatform
[2019.04.28-22.00.30:828][  0]LogTemp: Display: Loaded TP WindowsClientTargetPlatform
[2019.04.28-22.00.30:842][  0]LogTemp: Display: Loaded TP WindowsNoEditorTargetPlatform
[2019.04.28-22.00.30:856][  0]LogTemp: Display: Loaded TP WindowsServerTargetPlatform
[2019.04.28-22.00.30:863][  0]LogTemp: Display: Loaded TP WindowsTargetPlatform
[2019.04.28-22.00.30:930][  0]LogTemp: Display: Loaded TP AndroidTargetPlatform
[2019.04.28-22.00.30:930][  0]LogTemp: Display: Loaded TP AndroidTargetPlatform
[2019.04.28-22.00.30:930][  0]LogTemp: Display: Loaded TP AndroidTargetPlatform
[2019.04.28-22.00.30:930][  0]LogTemp: Display: Loaded TP AndroidTargetPlatform
[2019.04.28-22.00.30:930][  0]LogTemp: Display: Loaded TP AndroidTargetPlatform
[2019.04.28-22.00.30:930][  0]LogTemp: Display: Loaded TP AndroidTargetPlatform
[2019.04.28-22.00.30:930][  0]LogTemp: Display: Loaded TP AndroidTargetPlatform
[2019.04.28-22.00.30:930][  0]LogTemp: Display: Loaded TP AndroidTargetPlatform
[2019.04.28-22.00.30:930][  0]LogTemp: Display: Loaded TP AndroidTargetPlatform
[2019.04.28-22.00.30:930][  0]LogTemp: Display: Loaded TP AndroidTargetPlatform
[2019.04.28-22.00.30:931][  0]LogTemp: Display: Loaded TP AndroidTargetPlatform
[2019.04.28-22.00.30:931][  0]LogTemp: Display: Loaded TP AndroidTargetPlatform
[2019.04.28-22.00.30:931][  0]LogTemp: Display: Loaded TP AndroidTargetPlatform
[2019.04.28-22.00.30:931][  0]LogTemp: Display: Loaded TP AndroidTargetPlatform
[2019.04.28-22.00.30:931][  0]LogTemp: Display: Loaded TP AndroidTargetPlatform
[2019.04.28-22.00.30:931][  0]LogTemp: Display: Loaded TP AndroidTargetPlatform
[2019.04.28-22.00.30:931][  0]LogTemp: Display: Loaded TP AndroidTargetPlatform
[2019.04.28-22.00.30:931][  0]LogTemp: Display: Loaded TP AndroidTargetPlatform
[2019.04.28-22.00.30:935][  0]LogTemp: Display: Loaded TP HTML5TargetPlatform
[2019.04.28-22.00.31:008][  0]LogTemp: Display: Loaded TP IOSTargetPlatform
[2019.04.28-22.00.31:008][  0]LogTemp: Display: Loaded TP IOSTargetPlatform
[2019.04.28-22.00.31:029][  0]LogTemp: Display: Loaded TP TVOSTargetPlatform
[2019.04.28-22.00.31:029][  0]LogTemp: Display: Loaded TP TVOSTargetPlatform
[2019.04.28-22.00.31:042][  0]LogTemp: Display: Loaded TP LinuxClientTargetPlatform
[2019.04.28-22.00.31:055][  0]LogTemp: Display: Loaded TP LinuxNoEditorTargetPlatform
[2019.04.28-22.00.31:068][  0]LogTemp: Display: Loaded TP LinuxServerTargetPlatform
[2019.04.28-22.00.31:086][  0]LogTemp: Display: Loaded TP LinuxTargetPlatform
[2019.04.28-22.00.31:126][  0]LogTemp: Display: Loaded TP LuminTargetPlatform
[2019.04.28-22.00.31:126][  0]LogTemp: Display: Loaded TP LuminTargetPlatform
[2019.04.28-22.00.31:126][  0]LogTargetPlatformManager: Display: Building Assets For Windows
[2019.04.28-22.00.31:303][  0]LogShaderCompilers: Guid format shader working directory is -24 characters bigger than the processId version (../../../../../../Users/chris/Documents/GitHub/Senior-Project-CPP-Game/Intermediate/Shaders/WorkingDirectory/3360/).
[2019.04.28-22.00.31:304][  0]LogShaderCompilers: Cleaned the shader compiler working directory 'C:/Users/chris/AppData/Local/Temp/UnrealShaderWorkingDir/6E0BF8454ED221510F072883A658F732/'.
[2019.04.28-22.00.31:307][  0]LogXGEController: Cleaning working directory: C:/Users/chris/AppData/Local/Temp/UnrealXGEWorkingDir/
[2019.04.28-22.00.31:307][  0]LogXGEController: Cannot use XGE Controller as Incredibuild is not installed on this machine.
[2019.04.28-22.00.31:307][  0]LogShaderCompilers: Cannot use XGE Shader Compiler as Incredibuild is not installed on this machine.
[2019.04.28-22.00.31:307][  0]LogShaderCompilers: Display: Using Local Shader Compiler.
[2019.04.28-22.00.32:742][  0]LogDerivedDataCache: Display: Max Cache Size: 512 MB
[2019.04.28-22.00.32:969][  0]LogDerivedDataCache: Loaded boot cache 0.23s 71MB C:/Users/chris/AppData/Local/UnrealEngine/4.21/DerivedDataCache/Boot.ddc.
[2019.04.28-22.00.32:969][  0]LogDerivedDataCache: Display: Loaded Boot cache: C:/Users/chris/AppData/Local/UnrealEngine/4.21/DerivedDataCache/Boot.ddc
[2019.04.28-22.00.32:969][  0]LogDerivedDataCache: FDerivedDataBackendGraph:  Pak pak cache file ../../../../../../Users/chris/Documents/GitHub/Senior-Project-CPP-Game/DerivedDataCache/DDC.ddp not found, will not use a pak cache.
[2019.04.28-22.00.32:970][  0]LogDerivedDataCache: Unable to find inner node Pak for hierarchical cache Hierarchy.
[2019.04.28-22.00.32:970][  0]LogDerivedDataCache: FDerivedDataBackendGraph:  CompressedPak pak cache file ../../../../../../Users/chris/Documents/GitHub/Senior-Project-CPP-Game/DerivedDataCache/Compressed.ddp not found, will not use a pak cache.
[2019.04.28-22.00.32:970][  0]LogDerivedDataCache: Unable to find inner node CompressedPak for hierarchical cache Hierarchy.
[2019.04.28-22.00.32:989][  0]LogDerivedDataCache: Display: Pak cache opened for reading ../../../Engine/DerivedDataCache/Compressed.ddp.
[2019.04.28-22.00.32:989][  0]LogDerivedDataCache: FDerivedDataBackendGraph:  EnterprisePak pak cache file ../../../Enterprise/DerivedDataCache/Compressed.ddp not found, will not use a pak cache.
[2019.04.28-22.00.32:989][  0]LogDerivedDataCache: Unable to find inner node EnterprisePak for hierarchical cache Hierarchy.
[2019.04.28-22.00.33:003][  0]LogDerivedDataCache: Using Local data cache path C:/Users/chris/AppData/Local/UnrealEngine/Common/DerivedDataCache: Writable
[2019.04.28-22.00.33:003][  0]LogDerivedDataCache: Shared data cache path not found in *engine.ini, will not use an Shared cache.
[2019.04.28-22.00.33:003][  0]LogDerivedDataCache: Unable to find inner node Shared for hierarchical cache Hierarchy.
[2019.04.28-22.00.33:027][  0]LogMaterial: Verifying Global Shaders for PCD3D_SM5
[2019.04.28-22.00.33:034][  0]LogSlate: Using FreeType 2.6.0
[2019.04.28-22.00.33:047][  0]LogSlate: SlateFontServices - WITH_FREETYPE: 1, WITH_HARFBUZZ: 1
[2019.04.28-22.00.33:333][  0]LogAssetRegistry: FAssetRegistry took 0.0351 seconds to start up
[2019.04.28-22.00.33:679][  0]LogInit: Selected Device Profile: [Windows]
[2019.04.28-22.00.33:997][  0]LogSimplygon: Simplygon DLL not present - disabling.
[2019.04.28-22.00.34:022][  0]LogMeshReduction: Using SimplygonSwarm for distributed automatic mesh merging
[2019.04.28-22.00.34:022][  0]LogMeshReduction: Using ProxyLODMeshReduction for automatic mesh merging
[2019.04.28-22.00.34:024][  0]LogMeshReduction: Using QuadricMeshReduction for automatic static mesh reduction
[2019.04.28-22.00.34:024][  0]LogMeshReduction: No automatic skeletal mesh reduction module available
[2019.04.28-22.00.34:077][  0]LogNetVersion: HSPGame 1.0.0, NetCL: 4541578, EngineNetVer: 5, GameNetVer: 0 (Checksum: 2893343623)
[2019.04.28-22.00.35:275][  0]LogPackageLocalizationCache: Processed 11 localized package path(s) for 2 prioritized culture(s) in 0.111434 seconds
[2019.04.28-22.00.35:284][  0]LogUObjectArray: 39775 objects as part of root set at end of initial load.
[2019.04.28-22.00.35:284][  0]LogUObjectAllocator: 6914656 out of 0 bytes used by permanent object pool.
[2019.04.28-22.00.35:284][  0]LogUObjectArray: CloseDisregardForGC: 0/0 objects in disregard for GC pool
[2019.04.28-22.00.38:591][  0]LogTcpMessaging: Initializing TcpMessaging bridge
[2019.04.28-22.00.38:611][  0]LogUdpMessaging: Initializing bridge on interface 0.0.0.0:0 to multicast group 230.0.0.1:6666.
[2019.04.28-22.00.39:451][  0]SourceControl: Source control is disabled
[2019.04.28-22.00.39:452][  0]SourceControl: Source control is disabled
[2019.04.28-22.00.39:468][  0]SourceControl: Source control is disabled
[2019.04.28-22.00.39:476][  0]SourceControl: Source control is disabled
[2019.04.28-22.00.39:874][  0]LogAndroidPermission: UAndroidPermissionCallbackProxy::GetInstance
[2019.04.28-22.00.39:973][  0]LogOcInput: OculusInput pre-init called
[2019.04.28-22.00.40:198][  0]LogEngine: Initializing Engine...
[2019.04.28-22.00.40:200][  0]LogHMD: Failed to initialize OpenVR with code 110
[2019.04.28-22.00.40:203][  0]LogStats: UGameplayTagsManager::ConstructGameplayTagTree: ImportINI prefixes -  0.001 s
[2019.04.28-22.00.40:203][  0]LogStats: UGameplayTagsManager::ConstructGameplayTagTree: Construct from data asset -  0.000 s
[2019.04.28-22.00.40:203][  0]LogStats: UGameplayTagsManager::ConstructGameplayTagTree: ImportINI -  0.000 s
[2019.04.28-22.00.40:204][  0]LogStats: UGameplayTagsManager::ConstructGameplayTagTree: GameplayTagTreeChangedEvent.Broadcast -  0.001 s
[2019.04.28-22.00.40:553][  0]LogInit: Initializing FReadOnlyCVARCache
[2019.04.28-22.00.40:605][  0]LogAIModule: Creating AISystem for world Untitled
[2019.04.28-22.00.40:633][  0]LogInit: XAudio2 using 'Speakers (Realtek(R) Audio)' : 2 channels at 48 kHz using 32 bits per sample (channel mask 0x3)
[2019.04.28-22.00.40:668][  0]LogInit: FAudioDevice initialized.
[2019.04.28-22.00.40:668][  0]LogNetVersion: Set ProjectVersion to 1.0.0.0. Version Checksum will be recalculated on next use.
[2019.04.28-22.00.40:766][  0]LogDerivedDataCache: Saved boot cache 0.10s 71MB C:/Users/chris/AppData/Local/UnrealEngine/4.21/DerivedDataCache/Boot.ddc.
[2019.04.28-22.00.40:776][  0]LogInit: Texture streaming: Enabled
[2019.04.28-22.00.40:811][  0]LogEngineSessionManager: EngineSessionManager initialized
[2019.04.28-22.00.40:831][  0]LogInit: Transaction tracking system initialized
[2019.04.28-22.00.40:903][  0]BlueprintLog: New page: Editor Load
[2019.04.28-22.00.41:162][  0]LocalizationService: Localization service is disabled
[2019.04.28-22.00.42:006][  0]LogCook: Display: Max memory allowance for cook 16384mb min free memory 0mb
[2019.04.28-22.00.42:006][  0]LogCook: Display: Mobile HDR setting 1
[2019.04.28-22.00.42:006][  0]LogGameplayTags: Display: UGameplayTagsManager::DoneAddingNativeTags. DelegateIsBound: 0
[2019.04.28-22.00.42:006][  0]LogStats: UGameplayTagsManager::ConstructGameplayTagTree: ImportINI prefixes -  0.000 s
[2019.04.28-22.00.42:006][  0]LogStats: UGameplayTagsManager::ConstructGameplayTagTree: Construct from data asset -  0.000 s
[2019.04.28-22.00.42:006][  0]LogStats: UGameplayTagsManager::ConstructGameplayTagTree: ImportINI -  0.000 s
[2019.04.28-22.00.42:006][  0]LogStats: UGameplayTagsManager::ConstructGameplayTagTree: GameplayTagTreeChangedEvent.Broadcast -  0.000 s
[2019.04.28-22.00.42:097][  0]LogFileCache: Scanning file cache for directory 'C:/Users/chris/Documents/GitHub/Senior-Project-CPP-Game/Content/' took 0.03s
[2019.04.28-22.00.42:419][  0]SourceControl: Source control is disabled
[2019.04.28-22.00.42:421][  0]Cmd: MAP LOAD FILE="../../../../../../Users/chris/Documents/GitHub/Senior-Project-CPP-Game/Content/Levels/DemoTown.umap" TEMPLATE=0 SHOWPROGRESS=1 FEATURELEVEL=3
[2019.04.28-22.00.42:422][  0]LightingResults: New page: Lighting Build
[2019.04.28-22.00.42:433][  0]MapCheck: New page: Map Check
[2019.04.28-22.00.42:433][  0]LightingResults: New page: Lighting Build
[2019.04.28-22.00.43:401][  0]LogTexture: Display: Building textures: stillIdle (BGRA8, 25X32)
[2019.04.28-22.00.43:892][  0]LogAIModule: Creating AISystem for world DemoTown
[2019.04.28-22.00.44:121][  0]LogEditorServer: Finished looking for orphan Actors (0.000 secs)
[2019.04.28-22.00.44:148][  0]Cmd: MAP CHECKDEP NOCLEARLOG
[2019.04.28-22.00.44:149][  0]MapCheck: Map check complete: 0 Error(s), 0 Warning(s), took 0.149ms to complete.
[2019.04.28-22.00.44:149][  0]LogFileHelpers: Loading map 'DemoTown' took 1.729
[2019.04.28-22.00.44:353][  0]LogSlate: Updating window title bar state: overlay mode, drag disabled, window buttons hidden, title bar hidden
[2019.04.28-22.00.44:360][  0]LogSlate: Updating window title bar state: overlay mode, drag disabled, window buttons hidden, title bar hidden
[2019.04.28-22.00.44:367][  0]LogSlate: Updating window title bar state: overlay mode, drag disabled, window buttons hidden, title bar hidden
[2019.04.28-22.00.44:372][  0]LogSlate: Updating window title bar state: overlay mode, drag disabled, window buttons hidden, title bar hidden
[2019.04.28-22.00.44:397][  0]LogCollectionManager: Loaded 0 collections in 0.001466 seconds
[2019.04.28-22.00.44:451][  0]LogFileCache: Scanning file cache for directory 'C:/Users/chris/Documents/GitHub/Senior-Project-CPP-Game/Saved/Collections/' took 0.01s
[2019.04.28-22.00.44:451][  0]LogFileCache: Scanning file cache for directory 'C:/Users/chris/Documents/GitHub/Senior-Project-CPP-Game/Content/Developers/chris/Collections/' took 0.01s
[2019.04.28-22.00.44:451][  0]LogFileCache: Scanning file cache for directory 'C:/Users/chris/Documents/GitHub/Senior-Project-CPP-Game/Content/Collections/' took 0.00s
[2019.04.28-22.00.44:451][  0]LogCollectionManager: Rebuilt the GUID cache for 0 collections in 0.000000 seconds
[2019.04.28-22.00.44:464][  0]LogContentBrowser: Native class hierarchy populated in 0.0106 seconds. Added 2661 classes and 622 folders.
[2019.04.28-22.00.44:481][  0]LogContentBrowser: Native class hierarchy updated for 'WidgetCarousel' in 0.0003 seconds. Added 0 classes and 0 folders.
[2019.04.28-22.00.44:491][  0]LogPakFile: Registered encryption key '00000000000000000000000000000000': 0 pak files mounted, 0 remain pending
[2019.04.28-22.00.44:497][  0]LogPakFile: Registered encryption key '00000000000000000000000000000000': 0 pak files mounted, 0 remain pending
[2019.04.28-22.00.44:509][  0]LogPakFile: Registered encryption key '00000000000000000000000000000000': 0 pak files mounted, 0 remain pending
[2019.04.28-22.00.44:514][  0]LogPakFile: Registered encryption key '00000000000000000000000000000000': 0 pak files mounted, 0 remain pending
[2019.04.28-22.00.44:520][  0]LogPakFile: Registered encryption key '00000000000000000000000000000000': 0 pak files mounted, 0 remain pending
[2019.04.28-22.00.44:524][  0]LogPakFile: Registered encryption key '00000000000000000000000000000000': 0 pak files mounted, 0 remain pending
[2019.04.28-22.00.44:529][  0]LogPakFile: Registered encryption key '00000000000000000000000000000000': 0 pak files mounted, 0 remain pending
[2019.04.28-22.00.44:534][  0]LogPakFile: Registered encryption key '00000000000000000000000000000000': 0 pak files mounted, 0 remain pending
[2019.04.28-22.00.44:539][  0]LogPakFile: Registered encryption key '00000000000000000000000000000000': 0 pak files mounted, 0 remain pending
[2019.04.28-22.00.44:545][  0]LogPakFile: Registered encryption key '00000000000000000000000000000000': 0 pak files mounted, 0 remain pending
[2019.04.28-22.00.44:550][  0]LogPakFile: Registered encryption key '00000000000000000000000000000000': 0 pak files mounted, 0 remain pending
[2019.04.28-22.00.44:563][  0]LogPakFile: Registered encryption key '00000000000000000000000000000000': 0 pak files mounted, 0 remain pending
[2019.04.28-22.00.44:568][  0]LogPakFile: Registered encryption key '00000000000000000000000000000000': 0 pak files mounted, 0 remain pending
[2019.04.28-22.00.44:573][  0]LogPakFile: Registered encryption key '00000000000000000000000000000000': 0 pak files mounted, 0 remain pending
[2019.04.28-22.00.44:577][  0]LogPakFile: Registered encryption key '00000000000000000000000000000000': 0 pak files mounted, 0 remain pending
[2019.04.28-22.00.44:582][  0]LogPakFile: Registered encryption key '00000000000000000000000000000000': 0 pak files mounted, 0 remain pending
[2019.04.28-22.00.44:598][  0]LogPakFile: Registered encryption key '00000000000000000000000000000000': 0 pak files mounted, 0 remain pending
[2019.04.28-22.00.44:604][  0]LogPakFile: Registered encryption key '00000000000000000000000000000000': 0 pak files mounted, 0 remain pending
[2019.04.28-22.00.44:612][  0]LogPakFile: Registered encryption key '00000000000000000000000000000000': 0 pak files mounted, 0 remain pending
[2019.04.28-22.00.44:618][  0]LogPakFile: Registered encryption key '00000000000000000000000000000000': 0 pak files mounted, 0 remain pending
[2019.04.28-22.00.44:636][  0]LogPakFile: Registered encryption key '00000000000000000000000000000000': 0 pak files mounted, 0 remain pending
[2019.04.28-22.00.44:650][  0]LogPakFile: Registered encryption key '00000000000000000000000000000000': 0 pak files mounted, 0 remain pending
[2019.04.28-22.00.44:660][  0]LogPakFile: Registered encryption key '00000000000000000000000000000000': 0 pak files mounted, 0 remain pending
[2019.04.28-22.00.44:671][  0]LogPakFile: Registered encryption key '00000000000000000000000000000000': 0 pak files mounted, 0 remain pending
[2019.04.28-22.00.44:677][  0]LogPakFile: Registered encryption key '00000000000000000000000000000000': 0 pak files mounted, 0 remain pending
[2019.04.28-22.00.44:682][  0]LogPakFile: Registered encryption key '00000000000000000000000000000000': 0 pak files mounted, 0 remain pending
[2019.04.28-22.00.44:807][  0]LogContentBrowser: Native class hierarchy updated for 'AddContentDialog' in 0.0004 seconds. Added 0 classes and 0 folders.
[2019.04.28-22.00.44:821][  0]LogContentBrowser: Native class hierarchy updated for 'SceneOutliner' in 0.0003 seconds. Added 1 classes and 2 folders.
[2019.04.28-22.00.44:885][  0]LogSlate: Took 0.004729 seconds to synchronously load lazily loaded font '../../../Engine/Content/Slate/Fonts/Roboto-Regular.ttf' (155K)
[2019.04.28-22.00.44:893][  0]LogSlate: Took 0.005523 seconds to synchronously load lazily loaded font '../../../Engine/Content/Slate/Fonts/Roboto-Bold.ttf' (160K)
[2019.04.28-22.00.44:904][  0]LogSlate: Took 0.005774 seconds to synchronously load lazily loaded font '../../../Engine/Content/Editor/Slate/Fonts/FontAwesome.ttf' (139K)
[2019.04.28-22.00.45:035][  0]LogRenderer: Reallocating scene render targets to support 1208x576 Format 10 NumSamples 1 (Frame:1).
[2019.04.28-22.00.45:225][  0]LogContentBrowser: Native class hierarchy updated for 'HierarchicalLODOutliner' in 0.0003 seconds. Added 0 classes and 0 folders.
[2019.04.28-22.00.45:226][  0]LogLoad: (Engine Initialization) Total time: 21.07 seconds
[2019.04.28-22.00.45:226][  0]LogLoad: (Engine Initialization) Total Blueprint compile time: 0.00 seconds
[2019.04.28-22.00.45:310][  0]LogContentStreaming: Texture pool size now 1000 MB
[2019.04.28-22.00.45:406][  1]LogSlate: Took 0.004864 seconds to synchronously load lazily loaded font '../../../Engine/Content/Slate/Fonts/Roboto-Light.ttf' (167K)
[2019.04.28-22.00.45:493][  2]LogAssetRegistry: Asset discovery search completed in 12.1844 seconds
[2019.04.28-22.00.45:496][  2]LogCollectionManager: Rebuilt the object cache for 0 collections in 0.000000 seconds (found 0 objects)
[2019.04.28-22.00.45:496][  2]LogCollectionManager: Fixed up redirectors for 0 collections in 0.000186 seconds (updated 0 objects)
[2019.04.28-22.00.56:292][275]LogSlate: FSceneViewport::OnFocusLost() reason 0
[2019.04.28-22.00.56:376][281]MapCheck: New page: Map Check
[2019.04.28-22.00.56:480][281]Cmd: MAP REBUILD ALLVISIBLE
[2019.04.28-22.00.56:480][281]LogEditorServer: Rebuildmap Clear paths rebuilt
[2019.04.28-22.00.56:602][281]LogMaterial: Display: Missing cached shader map for material FDebugViewModeMaterialProxy M_Wood_Oak, compiling. 
[2019.04.28-22.00.56:612][281]LogMaterial: Display: Missing cached shader map for material FDebugViewModeMaterialProxy LandscapeGizmo_Mat, compiling. 
[2019.04.28-22.00.56:619][281]LogShaderCompilers: Display: Shaders left to compile 1
[2019.04.28-22.00.56:619][281]LogMaterial: Display: Missing cached shader map for material FDebugViewModeMaterialProxy brickMat, compiling. 
[2019.04.28-22.00.56:626][281]LogMaterial: Display: Missing cached shader map for material FDebugViewModeMaterialProxy M_Lamp, compiling. 
[2019.04.28-22.00.56:634][281]LogShaderCompilers: Display: Shaders left to compile 3
[2019.04.28-22.00.56:634][281]LogShaderCompilers: Display: Shaders left to compile 2
[2019.04.28-22.00.56:634][281]LogShaderCompilers: Display: Shaders left to compile 1
[2019.04.28-22.00.56:634][281]LogMaterial: Display: Missing cached shader map for material FDebugViewModeMaterialProxy M_Chair, compiling. 
[2019.04.28-22.00.56:643][281]LogMaterial: Display: Missing cached shader map for material FDebugViewModeMaterialProxy M_TableRound, compiling. 
[2019.04.28-22.00.56:652][281]LogMaterial: Display: Missing cached shader map for material FDebugViewModeMaterialProxy M_StatueGlass, compiling. 
[2019.04.28-22.00.56:660][281]LogShaderCompilers: Display: Shaders left to compile 3
[2019.04.28-22.00.56:661][281]LogShaderCompilers: Display: Shaders left to compile 2
[2019.04.28-22.00.56:661][281]LogShaderCompilers: Display: Shaders left to compile 1
[2019.04.28-22.00.56:661][281]LogMaterial: Display: Missing cached shader map for material FDebugViewModeMaterialProxy M_Statue, compiling. 
[2019.04.28-22.00.56:671][281]LogMaterial: Display: Missing cached shader map for material FDebugViewModeMaterialProxy M_Rock, compiling. 
[2019.04.28-22.00.56:679][281]LogMaterial: Display: Missing cached shader map for material FDebugViewModeMaterialProxy M_Water_Ocean, compiling. 
[2019.04.28-22.00.56:687][281]LogMaterial: Display: Missing cached shader map for material FDebugViewModeMaterialProxy M_Bush, compiling. 
[2019.04.28-22.00.56:698][281]LogShaderCompilers: Display: Shaders left to compile 4
[2019.04.28-22.00.56:698][281]LogMaterial: Display: Missing cached shader map for material FDebugViewModeMaterialProxy M_Shelf, compiling. 
[2019.04.28-22.00.56:708][281]LogMaterial: Display: Missing cached shader map for material FDebugViewModeMaterialProxy M_MaterialSphere_Plain, compiling. 
[2019.04.28-22.00.56:719][281]LogMaterial: Display: Missing cached shader map for material FDebugViewModeMaterialProxy M_MaterialSphere, compiling. 
[2019.04.28-22.00.56:728][281]LogMaterial: Display: Missing cached shader map for material FDebugViewModeMaterialProxy M_Ground_Gravel, compiling. 
[2019.04.28-22.00.56:735][281]LogMaterial: Display: Missing cached shader map for material FDebugViewModeMaterialProxy M_Frame, compiling. 
[2019.04.28-22.00.56:744][281]LogMaterial: Display: Missing cached shader map for material FDebugViewModeMaterialProxy WorldGridMaterial, compiling. Is special engine material.
[2019.04.28-22.00.56:754][281]LogMaterial: Display: Missing cached shader map for material FDebugViewModeMaterialProxy MaskedUnlitSpriteMaterial, compiling. 
[2019.04.28-22.00.56:765][281]LogMaterial: Display: Missing cached shader map for material FDebugViewModeMaterialProxy MaterialInstanceDynamic_0, compiling. 
[2019.04.28-22.00.56:777][281]LogMaterial: Display: Missing cached shader map for material FDebugViewModeMaterialProxy MaskedLitSpriteMaterial, compiling. 
[2019.04.28-22.00.57:760][281]LogShaderCompilers: Display: Shaders left to compile 12
[2019.04.28-22.00.57:760][281]LogShaderCompilers: Display: Shaders left to compile 11
[2019.04.28-22.00.57:760][281]LogShaderCompilers: Display: Shaders left to compile 10
[2019.04.28-22.00.57:760][281]LogShaderCompilers: Display: Shaders left to compile 9
[2019.04.28-22.00.57:760][281]LogShaderCompilers: Display: Shaders left to compile 8
[2019.04.28-22.00.57:760][281]LogShaderCompilers: Display: Shaders left to compile 7
[2019.04.28-22.00.57:761][281]LogShaderCompilers: Display: Shaders left to compile 6
[2019.04.28-22.00.57:761][281]LogShaderCompilers: Display: Shaders left to compile 5
[2019.04.28-22.00.57:761][281]LogShaderCompilers: Display: Shaders left to compile 4
[2019.04.28-22.00.57:761][281]LogShaderCompilers: Display: Shaders left to compile 3
[2019.04.28-22.00.57:761][281]LogShaderCompilers: Display: Shaders left to compile 2
[2019.04.28-22.00.57:761][281]LogShaderCompilers: Display: Shaders left to compile 1
[2019.04.28-22.00.57:761][281]TextureStreamingBuild: Display: Compiling optional shaders took 1.163 seconds.
[2019.04.28-22.00.57:867][281]LogLevel: Display: Export Material TexCoord Scales took 0.105 seconds.
[2019.04.28-22.00.57:904][281]TextureStreamingBuild: Display: Build Texture Streaming took 0.037 seconds.
[2019.04.28-22.00.57:929][281]LightingResults: New page: Lighting Build - Apr 28, 2019, 8:00:57 AM
[2019.04.28-22.00.57:989][281]LogSwarmInterface: [OpenConnection] Registering TCP channel ...
[2019.04.28-22.00.58:068][281]LogSwarmInterface: [OpenConnection] Connecting to agent ...
[2019.04.28-22.00.58:085][281]LogSwarmInterface: [TryOpenConnection] Testing the Agent
[2019.04.28-22.00.58:598][281]LogSwarmInterface: [TryOpenConnection] Opening Connection to Agent
[2019.04.28-22.00.58:598][281]LogSwarmInterface: [TryOpenConnection] Local Process ID is 3360
[2019.04.28-22.01.03:190][281]LogStaticLightingSystem: Warning: No importance volume found, so the scene bounding box was used.  You can optimize your scene's quality and lighting build times by adding importance volumes.
[2019.04.28-22.01.03:191][281]LogStaticLightingSystem: Running Lightmass w/ ImmediateImport mode ENABLED
[2019.04.28-22.01.03:191][281]LogStaticLightingSystem: Running Lightmass w/ ImmediateProcess mode ENABLED
[2019.04.28-22.01.03:191][281]LogStaticLightingSystem: Running Lightmass w/ Sorting mode ENABLED
[2019.04.28-22.01.03:191][281]LogStaticLightingSystem: Running Lightmass w/ Mapping paddings ENABLED
[2019.04.28-22.01.03:191][281]LogStaticLightingSystem: Running Lightmass w/ Mapping debug paddings DISABLED
[2019.04.28-22.01.03:357][281]Cmd: MAP CHECK DONTDISPLAYDIALOG
[2019.04.28-22.01.03:357][281]MapCheck: New page: DemoTown - Apr 28, 2019, 8:01:03 AM
[2019.04.28-22.01.03:358][281]MapCheck: Error: WorldSettings Maps need lighting rebuilt 
[2019.04.28-22.01.03:364][281]MapCheck: Map check complete: 1 Error(s), 0 Warning(s), took 6.89ms to complete.
[2019.04.28-22.01.03:389][281]LogEditorBuildUtils: Build time 0:06
[2019.04.28-22.01.03:418][281]LogMaterial: Display: Missing cached shader map for material FLightmassMaterialRenderer MaterialInstanceDynamic_0, compiling. 
[2019.04.28-22.01.03:428][281]LogMaterial: Display: Missing cached shader map for material FLightmassMaterialRenderer MaterialInstanceDynamic_0, compiling. 
[2019.04.28-22.01.03:472][281]LogShaderCompilers: Display: Shaders left to compile 2
[2019.04.28-22.01.03:472][281]LogShaderCompilers: Display: Shaders left to compile 2
[2019.04.28-22.01.09:441][464]LogSlate: Window 'Message Log' being destroyed
[2019.04.28-22.01.09:464][464]LogSlate: Window 'Message Log' being destroyed
[2019.04.28-22.01.14:532][820]Job is a success!
[2019.04.28-22.01.14:570][821]LogSlate: Took 0.000133 seconds to synchronously load lazily loaded font '../../../Engine/Content/Slate/Fonts/Roboto-Light.ttf' (167K)
[2019.04.28-22.01.14:585][821]LogSlate: FSceneViewport::OnFocusLost() reason 2
[2019.04.28-22.01.14:673][821]LogVolumetricLightmapImport: Imported Volumetric Lightmap in 0.072s
[2019.04.28-22.01.14:673][821]LogVolumetricLightmapImport:      Indirection Texture 32x32x32 = 0.1Mb
[2019.04.28-22.01.14:673][821]LogVolumetricLightmapImport:      BrickData 1280x10x5 = 2.5Mb
[2019.04.28-22.01.14:673][821]LogVolumetricLightmapImport:      Bricks at Level
[2019.04.28-22.01.14:673][821]LogVolumetricLightmapImport:          0: 2.6% covering 100.0% of volume
[2019.04.28-22.01.14:674][821]LogVolumetricLightmapImport:          1: 8.3% covering 4.9% of volume
[2019.04.28-22.01.14:674][821]LogVolumetricLightmapImport:          2: 89.1% covering 0.8% of volume
[2019.04.28-22.01.15:430][821]LogTexture: Display: Building textures: SkyOcclusion0_1 (AutoDXT, 512X256)
[2019.04.28-22.01.15:430][821]LogTexture: Display: Building textures: HQ_Lightmap0_1 (AutoDXT, 512X512)
[2019.04.28-22.01.15:430][821]LogTexture: Display: Building textures: LQ_Lightmap_0_1 (DXT1, 512X512)
[2019.04.28-22.01.15:430][821]LogTexture: Display: Building textures: SkyOcclusion0_2 (AutoDXT, 1024X512)
[2019.04.28-22.01.15:430][821]LogTexture: Display: Building textures: HQ_Lightmap0_2 (AutoDXT, 1024X1024)
[2019.04.28-22.01.15:431][821]LogTexture: Display: Building textures: LQ_Lightmap_0_2 (DXT1, 1024X1024)
[2019.04.28-22.01.15:431][821]LogTexture: Display: Building textures: SkyOcclusion0_3 (AutoDXT, 1024X512)
[2019.04.28-22.01.15:431][821]LogTexture: Display: Building textures: HQ_Lightmap0_3 (AutoDXT, 1024X1024)
[2019.04.28-22.01.15:431][821]LogTexture: Display: Building textures: LQ_Lightmap_0_3 (DXT1, 1024X1024)
[2019.04.28-22.01.15:431][821]LogTexture: Display: Building textures: SkyOcclusion0_4 (AutoDXT, 64X32)
[2019.04.28-22.01.15:431][821]LogTexture: Display: Building textures: HQ_Lightmap0_4 (AutoDXT, 64X64)
[2019.04.28-22.01.15:431][821]LogTexture: Display: Building textures: LQ_Lightmap_0_4 (DXT1, 64X64)
[2019.04.28-22.01.15:640][821]LogTexture: Display: Building textures: ShadowMapTexture2D_2 (G8, 32X32)
[2019.04.28-22.01.15:641][821]LogTexture: Display: Building textures: ShadowMapTexture2D_0 (BGRA8, 128X256)
[2019.04.28-22.01.15:641][821]LogTexture: Display: Building textures: ShadowMapTexture2D_1 (BGRA8, 1024X1024)
[2019.04.28-22.01.15:694][821]Lightmass on ALL-MIGHT: 11.0 sec total, 622 ms importing, 109 ms setup, 3.02 sec photons, 6.99 sec processing, 0 ms extra exporting [154/154 mappings]. Threads: 1:16 min total, 41.5 sec processing.
[2019.04.28-22.01.15:755][821]LogStaticLightingSystem: Illumination: 17.7 sec (645 ms encoding lightmaps, 206 ms encoding shadowmaps)
[2019.04.28-22.01.15:755][821]LogStaticLightingSystem: Lightmap texture memory:  6.0 MB (5.3 MB streaming, 0.7 MB non-streaming), 8 textures
[2019.04.28-22.01.15:755][821]LogStaticLightingSystem: Shadowmap texture memory: 5.5 MB (5.3 MB streaming, 0.2 MB non-streaming), 3 textures
[2019.04.28-22.01.16:210][821]DumpUnbuiltLightIteractions
[2019.04.28-22.01.16:210][821]Lights with unbuilt interactions: 0
[2019.04.28-22.01.16:210][821]
[2019.04.28-22.01.16:210][821]Primitives with unbuilt interactions: 0
[2019.04.28-22.01.16:213][821]LogSlate: FSceneViewport::OnFocusLost() reason 2
[2019.04.28-22.01.16:262][822]Cmd: MAP CHECK NOTIFYRESULTS
[2019.04.28-22.01.16:262][822]MapCheck: New page: DemoTown - Apr 28, 2019, 8:01:16 AM
[2019.04.28-22.01.16:267][822]MapCheck: Map check complete: 0 Error(s), 0 Warning(s), took 5.33ms to complete.
[2019.04.28-22.01.18:543][946]LogSlate: FSceneViewport::OnFocusLost() reason 0
[2019.04.28-22.01.18:606][949]LogTemp: Repeating last play command: Selected Viewport
[2019.04.28-22.01.18:636][949]LogBlueprintUserMessages: Early PlayInEditor Detection: Level '/Game/Levels/DemoTown.DemoTown:PersistentLevel' has LevelScriptBlueprint '/Game/Levels/DemoTown.DemoTown:PersistentLevel.DemoTown' with GeneratedClass '/Game/Levels/DemoTown.DemoTown_C' with ClassGeneratedBy '/Game/Levels/DemoTown.DemoTown:PersistentLevel.DemoTown'
[2019.04.28-22.01.18:637][949]LogPlayLevel: PlayLevel: No blueprints needed recompiling
[2019.04.28-22.01.18:637][949]PIE: New page: PIE session: DemoTown (Apr 28, 2019, 8:01:18 AM)
[2019.04.28-22.01.18:652][949]LogPlayLevel: Creating play world package: /Game/Levels/UEDPIE_0_DemoTown
[2019.04.28-22.01.18:699][949]LogPlayLevel: PIE: StaticDuplicateObject took: (0.046978s)
[2019.04.28-22.01.18:700][949]LogAIModule: Creating AISystem for world DemoTown
[2019.04.28-22.01.18:701][949]LogPlayLevel: PIE: World Init took: (0.000646s)
[2019.04.28-22.01.18:701][949]LogPlayLevel: PIE: Created PIE world by copying editor world from /Game/Levels/DemoTown.DemoTown to /Game/Levels/UEDPIE_0_DemoTown.DemoTown (0.048856s)
[2019.04.28-22.01.18:733][949]LogInit: XAudio2 using 'Speakers (Realtek(R) Audio)' : 2 channels at 48 kHz using 32 bits per sample (channel mask 0x3)
[2019.04.28-22.01.18:751][949]LogInit: FAudioDevice initialized.
[2019.04.28-22.01.36:907][949]LogTexture: Display: Building textures: LightningBolt (BGRA8, 20X20)
[2019.04.28-22.01.36:907][949]LogTexture: Display: Building textures: SkipTurn (BGRA8, 20X20)
[2019.04.28-22.01.36:907][949]LogTexture: Display: Building textures: skillBarBG (AutoDXT, 1400X60)
[2019.04.28-22.01.36:907][949]LogTexture: Display: Building textures: DummyAttackMat (BGRA8, 20X20)
[2019.04.28-22.01.36:907][949]LogTexture: Display: Building textures: playerSkillsBg (AutoDXT, 1200X120)
[2019.04.28-22.01.36:907][949]LogTexture: Display: Building textures: ProtagonistIcon (BGRA8, 200X200)
[2019.04.28-22.01.36:907][949]LogTexture: Display: Building textures: CarrizoPlainFlowers (AutoDXT, 6240X4160)
[2019.04.28-22.01.36:908][949]LogMaterial: Display: Missing cached shader map for material Mat_DummyAttack, compiling. 
[2019.04.28-22.01.37:065][949]LogShaderCompilers: Display: Shaders left to compile 31
[2019.04.28-22.01.37:065][949]LogShaderCompilers: Display: Shaders left to compile 21
[2019.04.28-22.01.37:065][949]LogShaderCompilers: Display: Shaders left to compile 11
[2019.04.28-22.01.37:066][949]LogShaderCompilers: Display: Shaders left to compile 1
[2019.04.28-22.01.37:066][949]LogLoad: Game class is 'BP_HSPGameGameModeBase_C'
[2019.04.28-22.01.37:073][949]LogWorld: Bringing World /Game/Levels/UEDPIE_0_DemoTown.DemoTown up for play (max tick rate 0) at 2019.04.28-15.01.37
[2019.04.28-22.01.37:079][949]LogWorld: Bringing up level for play took: 0.011665
[2019.04.28-22.01.37:101][949]LogContentBrowser: Native class hierarchy updated for 'MovieSceneCapture' in 0.0006 seconds. Added 20 classes and 0 folders.
[2019.04.28-22.01.37:110][949]PIE: Play in editor start time for /Game/Levels/UEDPIE_0_DemoTown 18.964
[2019.04.28-22.01.37:111][949]LogBlueprintUserMessages: Late PlayInEditor Detection: Level '/Game/Levels/DemoTown.DemoTown:PersistentLevel' has LevelScriptBlueprint '/Game/Levels/DemoTown.DemoTown:PersistentLevel.DemoTown' with GeneratedClass '/Game/Levels/DemoTown.DemoTown_C' with ClassGeneratedBy '/Game/Levels/DemoTown.DemoTown:PersistentLevel.DemoTown'
[2019.04.28-22.01.42:666][550]LogNet: Browse: /Game/Levels/DemoBattlefield
[2019.04.28-22.01.42:666][550]LogLoad: LoadMap: /Game/Levels/DemoBattlefield
[2019.04.28-22.01.43:132][550]LogTexture: Display: Building textures: GoblinWalkCycleSS (BGRA8, 125X30)
[2019.04.28-22.01.43:132][550]LogTexture: Display: Building textures: idle (BGRA8, 25X30)
[2019.04.28-22.01.43:132][550]LogTexture: Display: Building textures: eyeMonster (BGRA8, 50X50)
[2019.04.28-22.01.43:146][550]LogAIModule: Creating AISystem for world DemoBattlefield
[2019.04.28-22.01.43:147][550]LogLoad: Game class is 'BP_HSPGameGameModeBase_C'
[2019.04.28-22.01.43:175][550]LogWorld: Bringing World /Game/Levels/UEDPIE_0_DemoBattlefield.DemoBattlefield up for play (max tick rate 0) at 2019.04.28-15.01.43
[2019.04.28-22.01.43:183][550]LogWorld: Bringing up level for play took: 0.035569
[2019.04.28-22.01.43:196][550]LogLoad: Took 0.529646 seconds to LoadMap(/Game/Levels/DemoBattlefield)
[2019.04.28-22.01.55:392][989]LogSlate: FSceneViewport::OnFocusLost() reason 0
[2019.04.28-22.01.59:583][490]LogSlate: FSceneViewport::OnFocusLost() reason 0
[2019.04.28-22.02.12:494][992]LogBlueprintUserMessages: Early EndPlayMap Detection: Level '/Game/Levels/DemoTown.DemoTown:PersistentLevel' has LevelScriptBlueprint '/Game/Levels/DemoTown.DemoTown:PersistentLevel.DemoTown' with GeneratedClass '/Game/Levels/DemoTown.DemoTown_C' with ClassGeneratedBy '/Game/Levels/DemoTown.DemoTown:PersistentLevel.DemoTown'
[2019.04.28-22.02.12:494][992]LogSlate: Updating window title bar state: overlay mode, drag disabled, window buttons hidden, title bar hidden
[2019.04.28-22.02.12:532][992]LogPlayLevel: Display: Shutting down PIE online subsystems
[2019.04.28-22.02.12:532][992]LogBlueprintUserMessages: Late EndPlayMap Detection: Level '/Game/Levels/DemoTown.DemoTown:PersistentLevel' has LevelScriptBlueprint '/Game/Levels/DemoTown.DemoTown:PersistentLevel.DemoTown' with GeneratedClass '/Game/Levels/DemoTown.DemoTown_C' with ClassGeneratedBy '/Game/Levels/DemoTown.DemoTown:PersistentLevel.DemoTown'
[2019.04.28-22.02.12:558][992]LogSlate: Updating window title bar state: overlay mode, drag disabled, window buttons hidden, title bar hidden
[2019.04.28-22.02.12:597][995]LogPlayLevel: Display: Destroying online subsystem :Context_1
[2019.04.28-22.02.14:696][ 95]LogAssetEditorManager: Opening Asset editor for Blueprint /Game/Blueprints/Enemies/BP_EnemyRanged.BP_EnemyRanged
[2019.04.28-22.02.15:606][ 95]LogContentBrowser: Native class hierarchy updated for 'BlueprintGraph' in 0.0006 seconds. Added 117 classes and 0 folders.
[2019.04.28-22.02.16:335][ 95]LogSlate: Took 0.004684 seconds to synchronously load lazily loaded font '../../../Engine/Content/Slate/Fonts/Roboto-BoldCondensed.ttf' (158K)
[2019.04.28-22.02.16:633][ 96]LogSlate: Took 0.003784 seconds to synchronously load lazily loaded font '../../../Engine/Content/Slate/Fonts/Roboto-Italic.ttf' (157K)
[2019.04.28-22.02.45:368][ 89]LogHttp: Warning: 0000021DA50E3C40: request has been successfully processed. URL: https://datarouter.ol.epicgames.com/datarouter/api/v1/public/data?SessionID=%7B52BC1DC4-448F-A00C-D787-BA8C252EE55E%7D&AppID=UEEditor.Rocket.Release&AppVersion=4.21.2-4753647%2B%2B%2BUE4%2BRelease-4.21&UserID=5fd2391a48f352b099b89fb6be4bac41%7C44128ad082a84add9b2741ea9856f905%7Ccf9d959b-f3cd-493e-af1b-40ad43ceaa49&AppEnvironment=datacollector-binary&UploadType=eteventstream, HTTP code: 502, content length: 138, actual payload size: 138
[2019.04.28-22.02.45:368][ 89]LogHttp: Warning: 0000021DA50E3C40 Response Header Server: awselb/2.0
[2019.04.28-22.02.45:368][ 89]LogHttp: Warning: 0000021DA50E3C40 Response Header Date: Sun, 28 Apr 2019 22:02:32 GMT
[2019.04.28-22.02.45:368][ 89]LogHttp: Warning: 0000021DA50E3C40 Response Header Content-Type: text/html
[2019.04.28-22.02.45:368][ 89]LogHttp: Warning: 0000021DA50E3C40 Response Header Content-Length: 138
[2019.04.28-22.02.45:368][ 89]LogHttp: Warning: 0000021DA50E3C40 Response Header Connection: keep-alive
[2019.04.28-22.04.21:558][375]LogSavePackage: Moving '../../../../../../Users/chris/Documents/GitHub/Senior-Project-CPP-Game/Saved/BP_EnemyRangedB09E039D4E5ABBF44361CAB8DA8556F4.tmp' to '../../../../../../Users/chris/Documents/GitHub/Senior-Project-CPP-Game/Content/Blueprints/Enemies/BP_EnemyRanged.uasset'
[2019.04.28-22.05.08:746][624]BlueprintLog: New page: Compile BP_EnemyRanged
[2019.04.28-22.05.09:817][712]LogSavePackage: Moving '../../../../../../Users/chris/Documents/GitHub/Senior-Project-CPP-Game/Saved/BP_EnemyRanged7D9A056941934D7B21357093EFEA9CAF.tmp' to '../../../../../../Users/chris/Documents/GitHub/Senior-Project-CPP-Game/Content/Blueprints/Enemies/BP_EnemyRanged.uasset'
[2019.04.28-22.05.12:213][980]LogTemp: Repeating last play command: Selected Viewport
[2019.04.28-22.05.12:243][980]LogBlueprintUserMessages: Early PlayInEditor Detection: Level '/Game/Levels/DemoTown.DemoTown:PersistentLevel' has LevelScriptBlueprint '/Game/Levels/DemoTown.DemoTown:PersistentLevel.DemoTown' with GeneratedClass '/Game/Levels/DemoTown.DemoTown_C' with ClassGeneratedBy '/Game/Levels/DemoTown.DemoTown:PersistentLevel.DemoTown'
[2019.04.28-22.05.12:243][980]LogPlayLevel: PlayLevel: No blueprints needed recompiling
[2019.04.28-22.05.12:243][980]PIE: New page: PIE session: DemoTown (Apr 28, 2019, 8:05:12 AM)
[2019.04.28-22.05.12:244][980]LogPlayLevel: Creating play world package: /Game/Levels/UEDPIE_0_DemoTown
[2019.04.28-22.05.12:277][980]LogPlayLevel: PIE: StaticDuplicateObject took: (0.033264s)
[2019.04.28-22.05.12:278][980]LogAIModule: Creating AISystem for world DemoTown
[2019.04.28-22.05.12:278][980]LogPlayLevel: PIE: World Init took: (0.000821s)
[2019.04.28-22.05.12:278][980]LogPlayLevel: PIE: Created PIE world by copying editor world from /Game/Levels/DemoTown.DemoTown to /Game/Levels/UEDPIE_0_DemoTown.DemoTown (0.034486s)
[2019.04.28-22.05.12:311][980]LogInit: XAudio2 using 'Speakers (Realtek(R) Audio)' : 2 channels at 48 kHz using 32 bits per sample (channel mask 0x3)
[2019.04.28-22.05.12:328][980]LogInit: FAudioDevice initialized.
[2019.04.28-22.05.12:367][980]LogLoad: Game class is 'BP_HSPGameGameModeBase_C'
[2019.04.28-22.05.12:371][980]LogWorld: Bringing World /Game/Levels/UEDPIE_0_DemoTown.DemoTown up for play (max tick rate 0) at 2019.04.28-15.05.12
[2019.04.28-22.05.12:372][980]LogWorld: Bringing up level for play took: 0.003920
[2019.04.28-22.05.12:387][980]PIE: Play in editor start time for /Game/Levels/UEDPIE_0_DemoTown 0.241
[2019.04.28-22.05.12:387][980]LogBlueprintUserMessages: Late PlayInEditor Detection: Level '/Game/Levels/DemoTown.DemoTown:PersistentLevel' has LevelScriptBlueprint '/Game/Levels/DemoTown.DemoTown:PersistentLevel.DemoTown' with GeneratedClass '/Game/Levels/DemoTown.DemoTown_C' with ClassGeneratedBy '/Game/Levels/DemoTown.DemoTown:PersistentLevel.DemoTown'
[2019.04.28-22.05.34:125][439]LogSlate: Window 'BP_EnemyRanged' being destroyed
[2019.04.28-22.05.37:816][881]LogNet: Browse: /Game/Levels/DemoBattlefield
[2019.04.28-22.05.37:816][881]LogLoad: LoadMap: /Game/Levels/DemoBattlefield
[2019.04.28-22.05.37:915][881]LogAIModule: Creating AISystem for world DemoBattlefield
[2019.04.28-22.05.37:915][881]LogLoad: Game class is 'BP_HSPGameGameModeBase_C'
[2019.04.28-22.05.37:921][881]LogWorld: Bringing World /Game/Levels/UEDPIE_0_DemoBattlefield.DemoBattlefield up for play (max tick rate 0) at 2019.04.28-15.05.37
[2019.04.28-22.05.37:923][881]LogWorld: Bringing up level for play took: 0.007038
[2019.04.28-22.05.37:929][881]LogLoad: Took 0.112634 seconds to LoadMap(/Game/Levels/DemoBattlefield)
[2019.04.28-22.06.51:068][634]LogSlate: FSceneViewport::OnFocusLost() reason 0
[2019.04.28-22.06.58:161][466]LogSlate: FSceneViewport::OnFocusLost() reason 0
[2019.04.28-22.06.58:229][474]LogBlueprintUserMessages: Early EndPlayMap Detection: Level '/Game/Levels/DemoTown.DemoTown:PersistentLevel' has LevelScriptBlueprint '/Game/Levels/DemoTown.DemoTown:PersistentLevel.DemoTown' with GeneratedClass '/Game/Levels/DemoTown.DemoTown_C' with ClassGeneratedBy '/Game/Levels/DemoTown.DemoTown:PersistentLevel.DemoTown'
[2019.04.28-22.06.58:230][474]LogSlate: Updating window title bar state: overlay mode, drag disabled, window buttons hidden, title bar hidden
[2019.04.28-22.06.58:265][474]LogPlayLevel: Display: Shutting down PIE online subsystems
[2019.04.28-22.06.58:265][474]LogBlueprintUserMessages: Late EndPlayMap Detection: Level '/Game/Levels/DemoTown.DemoTown:PersistentLevel' has LevelScriptBlueprint '/Game/Levels/DemoTown.DemoTown:PersistentLevel.DemoTown' with GeneratedClass '/Game/Levels/DemoTown.DemoTown_C' with ClassGeneratedBy '/Game/Levels/DemoTown.DemoTown:PersistentLevel.DemoTown'
[2019.04.28-22.06.58:291][474]LogSlate: Updating window title bar state: overlay mode, drag disabled, window buttons hidden, title bar hidden
[2019.04.28-22.06.58:329][477]LogPlayLevel: Display: Destroying online subsystem :Context_3
[2019.04.28-22.07.05:011][ 22]Cmd: OBJ SAVEPACKAGE PACKAGE="/Game/Levels/DemoTown" FILE="../../../../../../Users/chris/Documents/GitHub/Senior-Project-CPP-Game/Content/Levels/DemoTown.umap" SILENT=true AUTOSAVING=false KEEPDIRTY=false
[2019.04.28-22.07.05:405][ 22]LogSavePackage: Moving '../../../../../../Users/chris/Documents/GitHub/Senior-Project-CPP-Game/Saved/DemoTown9ACCC7294148CD920B52F1A627394573.tmp' to '../../../../../../Users/chris/Documents/GitHub/Senior-Project-CPP-Game/Content/Levels/DemoTown.umap'
[2019.04.28-22.07.05:464][ 22]LogFileHelpers: Saving map 'DemoTown' took 0.453
[2019.04.28-22.07.05:574][ 22]LogTexture: Display: Building textures: LQ_Lightmap_1_2 (DXT1, 1024X1024)
[2019.04.28-22.07.05:576][ 22]Cmd: OBJ SAVEPACKAGE PACKAGE="/Game/Levels/DemoTown_BuiltData" FILE="../../../../../../Users/chris/Documents/GitHub/Senior-Project-CPP-Game/Content/Levels/DemoTown_BuiltData.uasset" SILENT=true
[2019.04.28-22.07.05:844][ 22]LogSavePackage: Moving '../../../../../../Users/chris/Documents/GitHub/Senior-Project-CPP-Game/Saved/DemoTown_BuiltData08A54F734A6DDB3F2A03758932EE321C.tmp' to '../../../../../../Users/chris/Documents/GitHub/Senior-Project-CPP-Game/Content/Levels/DemoTown_BuiltData.uasset'
[2019.04.28-22.07.08:280][296]LogSavePackage: Moving '../../../../../../Users/chris/Documents/GitHub/Senior-Project-CPP-Game/Saved/BP_EnemyRangedFF19D59D43B5A353992F39B4776036A5.tmp' to '../../../../../../Users/chris/Documents/GitHub/Senior-Project-CPP-Game/Content/Blueprints/Enemies/BP_EnemyRanged.uasset'
[2019.04.28-22.07.08:598][333]BlueprintLog: New page: Compile BP_EnemyRanged
[2019.04.28-22.07.11:034][565]LogSlate: Window 'HSPGame - Unreal Editor' being destroyed
[2019.04.28-22.07.11:239][566]Cmd: QUIT_EDITOR
[2019.04.28-22.07.11:824][566]LogWindowsTextInputMethodSystem: Display: IME system now deactivated.
[2019.04.28-22.07.11:836][566]LogExit: Preparing to exit.
[2019.04.28-22.07.12:344][566]LogExit: Editor shut down
[2019.04.28-22.07.12:344][566]LogExit: Transaction tracking system shut down
[2019.04.28-22.07.12:618][566]LogExit: Object subsystem successfully closed.
[2019.04.28-22.07.12:647][566]LogShaderCompilers: Display: Shaders left to compile 0
[2019.04.28-22.07.12:650][566]LogD3D11RHI: Shutdown
[2019.04.28-22.07.12:650][566]LogD3D11RHI: CleanupD3DDevice
[2019.04.28-22.07.12:652][566]LogD3D11RHI: ~FD3D11DynamicRHI
[2019.04.28-22.07.12:684][566]LogModuleManager: Shutting down and abandoning module BlueprintGraph (632)
[2019.04.28-22.07.12:685][566]LogModuleManager: Shutting down and abandoning module MovieSceneCapture (630)
[2019.04.28-22.07.12:685][566]LogModuleManager: Shutting down and abandoning module Voice (628)
[2019.04.28-22.07.12:685][566]LogModuleManager: Shutting down and abandoning module HierarchicalLODUtilities (626)
[2019.04.28-22.07.12:685][566]LogModuleManager: Shutting down and abandoning module HierarchicalLODOutliner (624)
[2019.04.28-22.07.12:685][566]LogModuleManager: Shutting down and abandoning module SceneOutliner (622)
[2019.04.28-22.07.12:685][566]LogModuleManager: Shutting down and abandoning module AddContentDialog (620)
[2019.04.28-22.07.12:685][566]LogModuleManager: Shutting down and abandoning module WidgetCarousel (619)
[2019.04.28-22.07.12:685][566]LogModuleManager: Shutting down and abandoning module EditorWidgets (616)
[2019.04.28-22.07.12:685][566]LogModuleManager: Shutting down and abandoning module CollectionManager (614)
[2019.04.28-22.07.12:686][566]LogModuleManager: Shutting down and abandoning module StatsViewer (612)
[2019.04.28-22.07.12:686][566]LogModuleManager: Shutting down and abandoning module FoliageEdit (610)
[2019.04.28-22.07.12:686][566]LogModuleManager: Shutting down and abandoning module LandscapeEditor (608)
[2019.04.28-22.07.12:688][566]LogModuleManager: Shutting down and abandoning module MeshPaintMode (606)
[2019.04.28-22.07.12:688][566]LogModuleManager: Shutting down and abandoning module SceneDepthPickerMode (604)
[2019.04.28-22.07.12:688][566]LogModuleManager: Shutting down and abandoning module ActorPickerMode (602)
[2019.04.28-22.07.12:688][566]LogModuleManager: Shutting down and abandoning module GeometryMode (600)
[2019.04.28-22.07.12:688][566]LogModuleManager: Shutting down and abandoning module TextureAlignMode (598)
[2019.04.28-22.07.12:688][566]LogModuleManager: Shutting down and abandoning module BspMode (596)
[2019.04.28-22.07.12:688][566]LogModuleManager: Shutting down and abandoning module PIEPreviewDeviceProfileSelector (594)
[2019.04.28-22.07.12:688][566]LogModuleManager: Shutting down and abandoning module SequenceRecorderSections (592)
[2019.04.28-22.07.12:688][566]LogModuleManager: Shutting down and abandoning module AutomationWorker (590)
[2019.04.28-22.07.12:688][566]LogModuleManager: Shutting down and abandoning module AudioCaptureEditor (588)
[2019.04.28-22.07.12:688][566]LogModuleManager: Shutting down and abandoning module MatineeToLevelSequence (586)
[2019.04.28-22.07.12:688][566]LogModuleManager: Shutting down and abandoning module LevelSequenceEditor (584)
[2019.04.28-22.07.12:689][566]LogModuleManager: Shutting down and abandoning module PlacementMode (583)
[2019.04.28-22.07.12:689][566]LogModuleManager: Shutting down and abandoning module MaterialEditor (582)
[2019.04.28-22.07.12:691][566]LogModuleManager: Shutting down and abandoning module WmfMediaFactory (578)
[2019.04.28-22.07.12:691][566]LogModuleManager: Shutting down and abandoning module WmfMediaEditor (576)
[2019.04.28-22.07.12:691][566]LogModuleManager: Shutting down and abandoning module WebMMediaFactory (574)
[2019.04.28-22.07.12:691][566]LogModuleManager: Shutting down and abandoning module WebMMediaEditor (572)
[2019.04.28-22.07.12:691][566]LogModuleManager: Shutting down and abandoning module WebMMedia (570)
[2019.04.28-22.07.12:691][566]LogModuleManager: Shutting down and abandoning module MediaPlayerEditor (568)
[2019.04.28-22.07.12:691][566]LogModuleManager: Shutting down and abandoning module MediaCompositingEditor (566)
[2019.04.28-22.07.12:691][566]LogModuleManager: Shutting down and abandoning module SequenceRecorder (565)
[2019.04.28-22.07.12:691][566]LogModuleManager: Shutting down and abandoning module OpenExrWrapper (562)
[2019.04.28-22.07.12:691][566]LogModuleManager: Shutting down and abandoning module ImgMediaFactory (560)
[2019.04.28-22.07.12:691][566]LogModuleManager: Shutting down and abandoning module ImgMediaEditor (558)
[2019.04.28-22.07.12:691][566]LogModuleManager: Shutting down and abandoning module AvfMediaFactory (556)
[2019.04.28-22.07.12:691][566]LogModuleManager: Shutting down and abandoning module AvfMediaEditor (554)
[2019.04.28-22.07.12:691][566]LogModuleManager: Shutting down and abandoning module AndroidMediaFactory (552)
[2019.04.28-22.07.12:692][566]LogModuleManager: Shutting down and abandoning module AndroidMediaEditor (550)
[2019.04.28-22.07.12:692][566]LogModuleManager: Shutting down and abandoning module MagicLeapCameraPreviewFactory (548)
[2019.04.28-22.07.12:692][566]LogModuleManager: Shutting down and abandoning module MagicLeapMediaFactory (546)
[2019.04.28-22.07.12:692][566]LogModuleManager: Shutting down and abandoning module MagicLeapMediaEditor (544)
[2019.04.28-22.07.12:692][566]LogModuleManager: Shutting down and abandoning module CharacterAI (542)
[2019.04.28-22.07.12:692][566]LogModuleManager: Shutting down and abandoning module SmartSnapping (540)
[2019.04.28-22.07.12:692][566]LogModuleManager: Shutting down and abandoning module SessionServices (538)
[2019.04.28-22.07.12:692][566]LogModuleManager: Shutting down and abandoning module ViewportSnapping (536)
[2019.04.28-22.07.12:692][566]LogModuleManager: Shutting down and abandoning module ViewportInteraction (534)
[2019.04.28-22.07.12:692][566]LogModuleManager: Shutting down and abandoning module ClothPainter (532)
[2019.04.28-22.07.12:693][566]LogModuleManager: Shutting down and abandoning module SkeletalMeshEditor (531)
[2019.04.28-22.07.12:694][566]LogModuleManager: Shutting down and abandoning module LogVisualizer (528)
[2019.04.28-22.07.12:694][566]LogModuleManager: Shutting down and abandoning module IntroTutorials (526)
[2019.04.28-22.07.12:694][566]LogModuleManager: Shutting down and abandoning module GameProjectGeneration (525)
[2019.04.28-22.07.12:695][566]LogModuleManager: Shutting down and abandoning module LuminPlatformEditor (522)
[2019.04.28-22.07.12:695][566]LogModuleManager: Shutting down and abandoning module IOSPlatformEditor (520)
[2019.04.28-22.07.12:695][566]LogModuleManager: Shutting down and abandoning module HTML5PlatformEditor (518)
[2019.04.28-22.07.12:695][566]LogModuleManager: Shutting down and abandoning module AndroidPlatformEditor (516)
[2019.04.28-22.07.12:695][566]LogModuleManager: Shutting down and abandoning module AndroidDeviceDetection (515)
[2019.04.28-22.07.12:920][566]LogModuleManager: Shutting down and abandoning module WindowsPlatformEditor (512)
[2019.04.28-22.07.12:920][566]LogModuleManager: Shutting down and abandoning module LuminRuntimeSettings (510)
[2019.04.28-22.07.12:920][566]LogModuleManager: Shutting down and abandoning module IOSRuntimeSettings (508)
[2019.04.28-22.07.12:920][566]LogModuleManager: Shutting down and abandoning module AndroidRuntimeSettings (506)
[2019.04.28-22.07.12:920][566]LogModuleManager: Shutting down and abandoning module TimeManagementEditor (504)
[2019.04.28-22.07.12:920][566]LogModuleManager: Shutting down and abandoning module InputBindingEditor (502)
[2019.04.28-22.07.12:921][566]LogModuleManager: Shutting down and abandoning module MergeActors (500)
[2019.04.28-22.07.12:921][566]LogModuleManager: Shutting down and abandoning module LocalizationDashboard (498)
[2019.04.28-22.07.12:921][566]LogModuleManager: Shutting down and abandoning module LocalizationService (497)
[2019.04.28-22.07.12:921][566]LogModuleManager: Shutting down and abandoning module HardwareTargeting (494)
[2019.04.28-22.07.12:921][566]LogModuleManager: Shutting down and abandoning module DeviceProfileEditor (492)
[2019.04.28-22.07.12:921][566]LogModuleManager: Shutting down and abandoning module UndoHistory (490)
[2019.04.28-22.07.12:921][566]LogModuleManager: Shutting down and abandoning module XmlParser (488)
[2019.04.28-22.07.12:921][566]LogModuleManager: Shutting down and abandoning module Blutility (486)
[2019.04.28-22.07.12:921][566]LogModuleManager: Shutting down and abandoning module ProjectSettingsViewer (484)
[2019.04.28-22.07.12:921][566]LogModuleManager: Shutting down and abandoning module ProjectTargetPlatformEditor (483)
[2019.04.28-22.07.12:921][566]LogModuleManager: Shutting down and abandoning module EditorSettingsViewer (480)
[2019.04.28-22.07.12:922][566]LogModuleManager: Shutting down and abandoning module SettingsEditor (478)
[2019.04.28-22.07.12:922][566]LogModuleManager: Shutting down and abandoning module ProjectLauncher (476)
[2019.04.28-22.07.12:922][566]LogModuleManager: Shutting down and abandoning module SessionFrontend (474)
[2019.04.28-22.07.12:922][566]LogModuleManager: Shutting down and abandoning module ProfilerClient (472)
[2019.04.28-22.07.12:923][566]LogModuleManager: Shutting down and abandoning module DeviceManager (470)
[2019.04.28-22.07.12:923][566]LogModuleManager: Shutting down and abandoning module TargetDeviceServices (469)
