Log file open, 04/28/19 15:25:17
LogWindows: Failed to load 'aqProf.dll' (GetLastError=126)
LogWindows: File 'aqProf.dll' does not exist
LogWindows: Failed to load 'VtuneApi.dll' (GetLastError=126)
LogWindows: File 'VtuneApi.dll' does not exist
LogWindows: Failed to load 'VtuneApi32e.dll' (GetLastError=126)
LogWindows: File 'VtuneApi32e.dll' does not exist
LogConsoleResponse: Display: Failed to find resolution value strings in scalability ini. Falling back to default.
LogInit: Display: Running engine for game: HSPGame
LogPakFile: Registered encryption key '00000000000000000000000000000000': 0 pak files mounted, 0 remain pending
LogPlatformFile: Not using cached read wrapper
LogTaskGraph: Started task graph with 5 named threads and 35 total threads with 3 sets of task threads.
LogStats: Stats thread started at 0.488947
LogD3D11RHI: Loaded GFSDK_Aftermath_Lib.x64.dll
LogICUInternationalization: ICU TimeZone Detection - Raw Offset: -8:00, Platform Override: ''
LogPluginManager: Mounting plugin Paper2D
LogPluginManager: Mounting plugin AISupport
LogPluginManager: Mounting plugin LightPropagationVolume
LogPluginManager: Mounting plugin ActorLayerUtilities
LogPluginManager: Mounting plugin CLionSourceCodeAccess
LogPluginManager: Mounting plugin CodeLiteSourceCodeAccess
LogPluginManager: Mounting plugin GitSourceControl
LogPluginManager: Mounting plugin KDevelopSourceCodeAccess
LogPluginManager: Mounting plugin NullSourceCodeAccess
LogPluginManager: Mounting plugin PerforceSourceControl
LogPluginManager: Mounting plugin SubversionSourceControl
LogPluginManager: Mounting plugin UObjectPlugin
LogPluginManager: Mounting plugin VisualStudioCodeSourceCodeAccess
LogPluginManager: Mounting plugin VisualStudioSourceCodeAccess
LogPluginManager: Mounting plugin XCodeSourceCodeAccess
LogPluginManager: Mounting plugin AssetManagerEditor
LogPluginManager: Mounting plugin CryptoKeys
LogPluginManager: Mounting plugin DataValidation
LogPluginManager: Mounting plugin FacialAnimation
LogPluginManager: Mounting plugin GameplayTagsEditor
LogPluginManager: Mounting plugin MacGraphicsSwitching
LogPluginManager: Mounting plugin MeshEditor
LogPluginManager: Mounting plugin MobileLauncherProfileWizard
LogPluginManager: Mounting plugin PluginBrowser
LogPluginManager: Mounting plugin SpeedTreeImporter
LogPluginManager: Mounting plugin DatasmithContent
LogPluginManager: Mounting plugin VariantManagerContent
LogPluginManager: Mounting plugin AlembicImporter
LogPluginManager: Mounting plugin AppleImageUtils
LogPluginManager: Mounting plugin AppleVision
LogPluginManager: Mounting plugin BackChannel
LogPluginManager: Mounting plugin CharacterAI
LogPluginManager: Mounting plugin GeometryCache
LogPluginManager: Mounting plugin HTML5Networking
LogPluginManager: Mounting plugin ProxyLODPlugin
LogPluginManager: Mounting plugin MagicLeap
LogPluginManager: Mounting plugin MagicLeapMedia
LogPluginManager: Mounting plugin AndroidMedia
LogPluginManager: Mounting plugin AvfMedia
LogPluginManager: Mounting plugin ImgMedia
LogPluginManager: Mounting plugin LinearTimecode
LogPluginManager: Mounting plugin MediaCompositing
LogPluginManager: Mounting plugin MediaPlayerEditor
LogPluginManager: Mounting plugin WebMMedia
LogPluginManager: Mounting plugin WmfMedia
LogPluginManager: Mounting plugin TcpMessaging
LogPluginManager: Mounting plugin UdpMessaging
LogPluginManager: Mounting plugin ActorSequence
LogPluginManager: Mounting plugin LevelSequenceEditor
LogPluginManager: Mounting plugin MatineeToLevelSequence
LogPluginManager: Mounting plugin NetcodeUnitTest
LogPluginManager: Mounting plugin NUTUnrealEngine4
LogPluginManager: Mounting plugin OnlineSubsystemGooglePlay
LogPluginManager: Mounting plugin OnlineSubsystemIOS
LogPluginManager: Mounting plugin OnlineSubsystem
LogPluginManager: Mounting plugin OnlineSubsystemNull
LogPluginManager: Mounting plugin OnlineSubsystemUtils
LogPluginManager: Mounting plugin LauncherChunkInstaller
LogPluginManager: Mounting plugin AndroidDeviceProfileSelector
LogPluginManager: Mounting plugin AndroidMoviePlayer
LogPluginManager: Mounting plugin AndroidPermission
LogPluginManager: Mounting plugin AppleMoviePlayer
LogPluginManager: Mounting plugin ArchVisCharacter
LogPluginManager: Mounting plugin AudioCapture
LogPluginManager: Mounting plugin CableComponent
LogPluginManager: Mounting plugin CustomMeshComponent
LogPluginManager: Mounting plugin EditableMesh
LogPluginManager: Mounting plugin ExampleDeviceProfileSelector
LogPluginManager: Mounting plugin Firebase
LogPluginManager: Mounting plugin GoogleCloudMessaging
LogPluginManager: Mounting plugin IOSDeviceProfileSelector
LogPluginManager: Mounting plugin LinuxDeviceProfileSelector
LogPluginManager: Mounting plugin LocationServicesBPLibrary
LogPluginManager: Mounting plugin MobilePatchingUtils
LogPluginManager: Mounting plugin OculusVR
LogPluginManager: Mounting plugin PhysXVehicles
LogPluginManager: Mounting plugin ProceduralMeshComponent
LogPluginManager: Mounting plugin RuntimePhysXCooking
LogPluginManager: Mounting plugin SteamVR
LogPluginManager: Mounting plugin WebMMoviePlayer
LogPluginManager: Mounting plugin WindowsMoviePlayer
LogStreaming: Display: Took  0.073s to configure plugins.
LogInit: Using libcurl 7.55.1-DEV
LogInit:  - built for x86_64-pc-win32
LogInit:  - supports SSL with OpenSSL/1.0.2h
LogInit:  - supports HTTP deflate (compression) using libz 1.2.8
LogInit:  - other features:
LogInit:      CURL_VERSION_SSL
LogInit:      CURL_VERSION_LIBZ
LogInit:      CURL_VERSION_IPV6
LogInit:      CURL_VERSION_ASYNCHDNS
LogInit:      CURL_VERSION_LARGEFILE
LogInit:      CURL_VERSION_IDN
LogInit:  CurlRequestOptions (configurable via config and command line):
LogInit:  - bVerifyPeer = true  - Libcurl will verify peer certificate
LogInit:  - bUseHttpProxy = false  - Libcurl will NOT use HTTP proxy
LogInit:  - bDontReuseConnections = false  - Libcurl will reuse connections
LogInit:  - MaxHostConnections = 16  - Libcurl will limit the number of connections to a host
LogInit:  - LocalHostAddr = Default
LogInit:  - BufferSize = 65536
LogInit: WinSock: version 1.1 (2.2), MaxSocks=32767, MaxUdp=65467
LogInit: Build: ++UE4+Release-4.21-CL-4753647
LogInit: Engine Version: 4.21.2-4753647+++UE4+Release-4.21
LogInit: Compatible Engine Version: 4.21.0-4541578+++UE4+Release-4.21
LogInit: Net CL: 4541578
LogInit: OS: Windows 10 (), CPU: Intel(R) Core(TM) i7-8086K CPU @ 4.00GHz, GPU: NVIDIA GeForce GTX 1660 Ti
LogInit: Compiled (64-bit): Jan 19 2019 02:07:31
LogInit: Compiled with Visual C++: 19.13.26129.00
LogInit: Build Configuration: Development
LogInit: Branch Name: ++UE4+Release-4.21
LogInit: Command Line:  -skipcompile
LogInit: Base Directory: C:/Program Files/Epic Games/UE_4.21/Engine/Binaries/Win64/
LogInit: Installed Engine Build: 1
LogDevObjectVersion: Number of dev versions registered: 22
LogDevObjectVersion:   Dev-Blueprints (B0D832E4-1F89-4F0D-ACCF-7EB736FD4AA2): 10
LogDevObjectVersion:   Dev-Build (E1C64328-A22C-4D53-A36C-8E866417BD8C): 0
LogDevObjectVersion:   Dev-Core (375EC13C-06E4-48FB-B500-84F0262A717E): 2
LogDevObjectVersion:   Dev-Editor (E4B068ED-F494-42E9-A231-DA0B2E46BB41): 26
LogDevObjectVersion:   Dev-Framework (CFFC743F-43B0-4480-9391-14DF171D2073): 34
LogDevObjectVersion:   Dev-Mobile (B02B49B5-BB20-44E9-A304-32B752E40360): 2
LogDevObjectVersion:   Dev-Networking (A4E4105C-59A1-49B5-A7C5-40C4547EDFEE): 0
LogDevObjectVersion:   Dev-Online (39C831C9-5AE6-47DC-9A44-9C173E1C8E7C): 0
LogDevObjectVersion:   Dev-Physics (78F01B33-EBEA-4F98-B9B4-84EACCB95AA2): 0
LogDevObjectVersion:   Dev-Platform (6631380F-2D4D-43E0-8009-CF276956A95A): 0
LogDevObjectVersion:   Dev-Rendering (12F88B9F-8875-4AFC-A67C-D90C383ABD29): 27
LogDevObjectVersion:   Dev-Sequencer (7B5AE74C-D270-4C10-A958-57980B212A5A): 9
LogDevObjectVersion:   Dev-VR (D7296918-1DD6-4BDD-9DE2-64A83CC13884): 2
LogDevObjectVersion:   Dev-LoadTimes (C2A15278-BFE7-4AFE-6C17-90FF531DF755): 1
LogDevObjectVersion:   Private-Geometry (6EACA3D4-40EC-4CC1-B786-8BED09428FC5): 3
LogDevObjectVersion:   Dev-AnimPhys (29E575DD-E0A3-4627-9D10-D276232CDCEA): 17
LogDevObjectVersion:   Dev-Anim (AF43A65D-7FD3-4947-9873-3E8ED9C1BB05): 2
LogDevObjectVersion:   Dev-ReflectionCapture (6B266CEC-1EC7-4B8F-A30B-E4D90942FC07): 1
LogDevObjectVersion:   Dev-Automation (0DF73D61-A23F-47EA-B727-89E90C41499A): 1
LogDevObjectVersion:   FortniteMain (601D1886-AC64-4F84-AA16-D3DE0DEAC7D6): 17
LogDevObjectVersion:   Dev-Enterprise (9DFFBCD6-494F-0158-E221-12823C92A888): 4
LogDevObjectVersion:   Dev-Niagara (F2AED0AC-9AFE-416F-8664-AA7FFA26D6FC): 1
LogStreaming: Display: Took  0.003s to delete old logs.
LogInit: Presizing for max 8388607 objects, including 0 objects not considered by GC, pre-allocating 0 bytes for permanent pool.
LogInit: Object subsystem initialized
LogConfig: Setting CVar [[con.DebugEarlyDefault:1]]
LogConfig: Setting CVar [[r.setres:1280x720]]
[2019.04.28-22.25.17:573][  0]LogConfig: Setting CVar [[r.VSync:0]]
[2019.04.28-22.25.17:573][  0]LogConfig: Setting CVar [[r.RHICmdBypass:0]]
[2019.04.28-22.25.17:573][  0]LogConfig: Applying CVar settings from Section [/Script/Engine.RendererSettings] File [C:/Users/chris/Documents/GitHub/Senior-Project-CPP-Game/Saved/Config/Windows/Engine.ini]
[2019.04.28-22.25.17:573][  0]LogConfig: Setting CVar [[r.GPUCrashDebugging:0]]
[2019.04.28-22.25.17:573][  0]LogConfig: Applying CVar settings from Section [/Script/Engine.RendererOverrideSettings] File [C:/Users/chris/Documents/GitHub/Senior-Project-CPP-Game/Saved/Config/Windows/Engine.ini]
[2019.04.28-22.25.17:573][  0]LogConfig: Applying CVar settings from Section [/Script/Engine.StreamingSettings] File [C:/Users/chris/Documents/GitHub/Senior-Project-CPP-Game/Saved/Config/Windows/Engine.ini]
[2019.04.28-22.25.17:573][  0]LogConfig: Setting CVar [[s.MinBulkDataSizeForAsyncLoading:131072]]
[2019.04.28-22.25.17:573][  0]LogConfig: Setting CVar [[s.AsyncLoadingThreadEnabled:0]]
[2019.04.28-22.25.17:573][  0]LogConfig: Setting CVar [[s.EventDrivenLoaderEnabled:1]]
[2019.04.28-22.25.17:573][  0]LogConfig: Setting CVar [[s.WarnIfTimeLimitExceeded:0]]
[2019.04.28-22.25.17:573][  0]LogConfig: Setting CVar [[s.TimeLimitExceededMultiplier:1.5]]
[2019.04.28-22.25.17:573][  0]LogConfig: Setting CVar [[s.TimeLimitExceededMinTime:0.005]]
[2019.04.28-22.25.17:574][  0]LogConfig: Setting CVar [[s.UseBackgroundLevelStreaming:1]]
[2019.04.28-22.25.17:574][  0]LogConfig: Setting CVar [[s.PriorityAsyncLoadingExtraTime:15.0]]
[2019.04.28-22.25.17:574][  0]LogConfig: Setting CVar [[s.LevelStreamingActorsUpdateTimeLimit:5.0]]
[2019.04.28-22.25.17:574][  0]LogConfig: Setting CVar [[s.PriorityLevelStreamingActorsUpdateExtraTime:5.0]]
[2019.04.28-22.25.17:574][  0]LogConfig: Setting CVar [[s.LevelStreamingComponentsRegistrationGranularity:10]]
[2019.04.28-22.25.17:574][  0]LogConfig: Setting CVar [[s.UnregisterComponentsTimeLimit:1.0]]
[2019.04.28-22.25.17:574][  0]LogConfig: Setting CVar [[s.LevelStreamingComponentsUnregistrationGranularity:5]]
[2019.04.28-22.25.17:574][  0]LogConfig: Applying CVar settings from Section [/Script/Engine.GarbageCollectionSettings] File [C:/Users/chris/Documents/GitHub/Senior-Project-CPP-Game/Saved/Config/Windows/Engine.ini]
[2019.04.28-22.25.17:574][  0]LogConfig: Setting CVar [[gc.MaxObjectsNotConsideredByGC:1]]
[2019.04.28-22.25.17:574][  0]LogConfig: Setting CVar [[gc.SizeOfPermanentObjectPool:0]]
[2019.04.28-22.25.17:574][  0]LogConfig: Setting CVar [[gc.FlushStreamingOnGC:0]]
[2019.04.28-22.25.17:574][  0]LogConfig: Setting CVar [[gc.NumRetriesBeforeForcingGC:10]]
[2019.04.28-22.25.17:574][  0]LogConfig: Setting CVar [[gc.AllowParallelGC:1]]
[2019.04.28-22.25.17:574][  0]LogConfig: Setting CVar [[gc.TimeBetweenPurgingPendingKillObjects:61.1]]
[2019.04.28-22.25.17:574][  0]LogConfig: Setting CVar [[gc.MaxObjectsInEditor:8388607]]
[2019.04.28-22.25.17:574][  0]LogConfig: Setting CVar [[gc.IncrementalBeginDestroyEnabled:1]]
[2019.04.28-22.25.17:574][  0]LogConfig: Setting CVar [[gc.CreateGCClusters:1]]
[2019.04.28-22.25.17:574][  0]LogConfig: Setting CVar [[gc.MergeGCClusters:0]]
[2019.04.28-22.25.17:574][  0]LogConfig: Setting CVar [[gc.MinGCClusterSize:5]]
[2019.04.28-22.25.17:574][  0]LogConfig: Setting CVar [[gc.ActorClusteringEnabled:0]]
[2019.04.28-22.25.17:574][  0]LogConfig: Setting CVar [[gc.BlueprintClusteringEnabled:0]]
[2019.04.28-22.25.17:574][  0]LogConfig: Setting CVar [[gc.UseDisregardForGCOnDedicatedServers:0]]
[2019.04.28-22.25.17:574][  0]LogConfig: Applying CVar settings from Section [/Script/Engine.NetworkSettings] File [C:/Users/chris/Documents/GitHub/Senior-Project-CPP-Game/Saved/Config/Windows/Engine.ini]
[2019.04.28-22.25.17:574][  0]LogConfig: Applying CVar settings from Section [/Script/UnrealEd.CookerSettings] File [C:/Users/chris/Documents/GitHub/Senior-Project-CPP-Game/Saved/Config/Windows/Engine.ini]
[2019.04.28-22.25.17:577][  0]LogConfig: Applying CVar settings from Section [ViewDistanceQuality@3] File [C:/Users/chris/Documents/GitHub/Senior-Project-CPP-Game/Saved/Config/Windows/Scalability.ini]
[2019.04.28-22.25.17:577][  0]LogConfig: Setting CVar [[r.SkeletalMeshLODBias:0]]
[2019.04.28-22.25.17:577][  0]LogConfig: Setting CVar [[r.ViewDistanceScale:1.0]]
[2019.04.28-22.25.17:577][  0]LogConfig: Applying CVar settings from Section [AntiAliasingQuality@3] File [C:/Users/chris/Documents/GitHub/Senior-Project-CPP-Game/Saved/Config/Windows/Scalability.ini]
[2019.04.28-22.25.17:577][  0]LogConfig: Setting CVar [[r.PostProcessAAQuality:4]]
[2019.04.28-22.25.17:577][  0]LogConfig: Applying CVar settings from Section [ShadowQuality@3] File [C:/Users/chris/Documents/GitHub/Senior-Project-CPP-Game/Saved/Config/Windows/Scalability.ini]
[2019.04.28-22.25.17:577][  0]LogConfig: Setting CVar [[r.LightFunctionQuality:1]]
[2019.04.28-22.25.17:577][  0]LogConfig: Setting CVar [[r.ShadowQuality:5]]
[2019.04.28-22.25.17:577][  0]LogConfig: Setting CVar [[r.Shadow.CSM.MaxCascades:10]]
[2019.04.28-22.25.17:577][  0]LogConfig: Setting CVar [[r.Shadow.MaxResolution:2048]]
[2019.04.28-22.25.17:577][  0]LogConfig: Setting CVar [[r.Shadow.MaxCSMResolution:2048]]
[2019.04.28-22.25.17:577][  0]LogConfig: Setting CVar [[r.Shadow.RadiusThreshold:0.01]]
[2019.04.28-22.25.17:578][  0]LogConfig: Setting CVar [[r.Shadow.DistanceScale:1.0]]
[2019.04.28-22.25.17:578][  0]LogConfig: Setting CVar [[r.Shadow.CSM.TransitionScale:1.0]]
[2019.04.28-22.25.17:578][  0]LogConfig: Setting CVar [[r.Shadow.PreShadowResolutionFactor:1.0]]
[2019.04.28-22.25.17:578][  0]LogConfig: Setting CVar [[r.DistanceFieldShadowing:1]]
[2019.04.28-22.25.17:578][  0]LogConfig: Setting CVar [[r.DistanceFieldAO:1]]
[2019.04.28-22.25.17:578][  0]LogConfig: Setting CVar [[r.AOQuality:2]]
[2019.04.28-22.25.17:578][  0]LogConfig: Setting CVar [[r.VolumetricFog:1]]
[2019.04.28-22.25.17:578][  0]LogConfig: Setting CVar [[r.VolumetricFog.GridPixelSize:8]]
[2019.04.28-22.25.17:578][  0]LogConfig: Setting CVar [[r.VolumetricFog.GridSizeZ:128]]
[2019.04.28-22.25.17:578][  0]LogConfig: Setting CVar [[r.VolumetricFog.HistoryMissSupersampleCount:4]]
[2019.04.28-22.25.17:578][  0]LogConfig: Setting CVar [[r.LightMaxDrawDistanceScale:1]]
[2019.04.28-22.25.17:578][  0]LogConfig: Setting CVar [[r.CapsuleShadows:1]]
[2019.04.28-22.25.17:578][  0]LogConfig: Applying CVar settings from Section [PostProcessQuality@3] File [C:/Users/chris/Documents/GitHub/Senior-Project-CPP-Game/Saved/Config/Windows/Scalability.ini]
[2019.04.28-22.25.17:578][  0]LogConfig: Setting CVar [[r.MotionBlurQuality:4]]
[2019.04.28-22.25.17:578][  0]LogConfig: Setting CVar [[r.AmbientOcclusionMipLevelFactor:0.4]]
[2019.04.28-22.25.17:578][  0]LogConfig: Setting CVar [[r.AmbientOcclusionMaxQuality:100]]
[2019.04.28-22.25.17:578][  0]LogConfig: Setting CVar [[r.AmbientOcclusionLevels:-1]]
[2019.04.28-22.25.17:578][  0]LogConfig: Setting CVar [[r.AmbientOcclusionRadiusScale:1.0]]
[2019.04.28-22.25.17:578][  0]LogConfig: Setting CVar [[r.DepthOfFieldQuality:2]]
[2019.04.28-22.25.17:578][  0]LogConfig: Setting CVar [[r.RenderTargetPoolMin:400]]
[2019.04.28-22.25.17:579][  0]LogConfig: Setting CVar [[r.LensFlareQuality:2]]
[2019.04.28-22.25.17:579][  0]LogConfig: Setting CVar [[r.SceneColorFringeQuality:1]]
[2019.04.28-22.25.17:579][  0]LogConfig: Setting CVar [[r.EyeAdaptationQuality:2]]
[2019.04.28-22.25.17:579][  0]LogConfig: Setting CVar [[r.BloomQuality:5]]
[2019.04.28-22.25.17:579][  0]LogConfig: Setting CVar [[r.FastBlurThreshold:100]]
[2019.04.28-22.25.17:579][  0]LogConfig: Setting CVar [[r.Upscale.Quality:3]]
[2019.04.28-22.25.17:579][  0]LogConfig: Setting CVar [[r.Tonemapper.GrainQuantization:1]]
[2019.04.28-22.25.17:579][  0]LogConfig: Setting CVar [[r.LightShaftQuality:1]]
[2019.04.28-22.25.17:579][  0]LogConfig: Setting CVar [[r.Filter.SizeScale:1]]
[2019.04.28-22.25.17:579][  0]LogConfig: Setting CVar [[r.Tonemapper.Quality:5]]
[2019.04.28-22.25.17:579][  0]LogConfig: Setting CVar [[r.DOF.Gather.AccumulatorQuality:1        ; higher gathering accumulator quality]]
[2019.04.28-22.25.17:579][  0]LogConfig: Setting CVar [[r.DOF.Gather.PostfilterMethod:1          ; Median3x3 postfilering method]]
[2019.04.28-22.25.17:579][  0]LogConfig: Setting CVar [[r.DOF.Gather.EnableBokehSettings:0       ; no bokeh simulation when gathering]]
[2019.04.28-22.25.17:579][  0]LogConfig: Setting CVar [[r.DOF.Gather.RingCount:4                 ; medium number of samples when gathering]]
[2019.04.28-22.25.17:579][  0]LogConfig: Setting CVar [[r.DOF.Scatter.ForegroundCompositing:1    ; additive foreground scattering]]
[2019.04.28-22.25.17:579][  0]LogConfig: Setting CVar [[r.DOF.Scatter.BackgroundCompositing:2    ; additive background scattering]]
[2019.04.28-22.25.17:579][  0]LogConfig: Setting CVar [[r.DOF.Scatter.EnableBokehSettings:1      ; bokeh simulation when scattering]]
[2019.04.28-22.25.17:579][  0]LogConfig: Setting CVar [[r.DOF.Scatter.MaxSpriteRatio:0.1         ; only a maximum of 10% of scattered bokeh]]
[2019.04.28-22.25.17:579][  0]LogConfig: Setting CVar [[r.DOF.Recombine.Quality:1                ; cheap slight out of focus]]
[2019.04.28-22.25.17:579][  0]LogConfig: Setting CVar [[r.DOF.Recombine.EnableBokehSettings:0    ; no bokeh simulation on slight out of focus]]
[2019.04.28-22.25.17:579][  0]LogConfig: Setting CVar [[r.DOF.TemporalAAQuality:1                ; more stable temporal accumulation]]
[2019.04.28-22.25.17:579][  0]LogConfig: Setting CVar [[r.DOF.Kernel.MaxForegroundRadius:0.025]]
[2019.04.28-22.25.17:580][  0]LogConfig: Setting CVar [[r.DOF.Kernel.MaxBackgroundRadius:0.025]]
[2019.04.28-22.25.17:580][  0]LogConfig: Applying CVar settings from Section [TextureQuality@3] File [C:/Users/chris/Documents/GitHub/Senior-Project-CPP-Game/Saved/Config/Windows/Scalability.ini]
[2019.04.28-22.25.17:580][  0]LogConfig: Setting CVar [[r.Streaming.MipBias:0]]
[2019.04.28-22.25.17:580][  0]LogConfig: Setting CVar [[r.Streaming.AmortizeCPUToGPUCopy:0]]
[2019.04.28-22.25.17:580][  0]LogConfig: Setting CVar [[r.Streaming.MaxNumTexturesToStreamPerFrame:0]]
[2019.04.28-22.25.17:580][  0]LogConfig: Setting CVar [[r.Streaming.Boost:1]]
[2019.04.28-22.25.17:580][  0]LogConfig: Setting CVar [[r.MaxAnisotropy:8]]
[2019.04.28-22.25.17:580][  0]LogConfig: Setting CVar [[r.Streaming.LimitPoolSizeToVRAM:0]]
[2019.04.28-22.25.17:580][  0]LogConfig: Setting CVar [[r.Streaming.PoolSize:1000]]
[2019.04.28-22.25.17:580][  0]LogConfig: Setting CVar [[r.Streaming.MaxEffectiveScreenSize:0]]
[2019.04.28-22.25.17:580][  0]LogConfig: Applying CVar settings from Section [EffectsQuality@3] File [C:/Users/chris/Documents/GitHub/Senior-Project-CPP-Game/Saved/Config/Windows/Scalability.ini]
[2019.04.28-22.25.17:580][  0]LogConfig: Setting CVar [[r.TranslucencyLightingVolumeDim:64]]
[2019.04.28-22.25.17:580][  0]LogConfig: Setting CVar [[r.RefractionQuality:2]]
[2019.04.28-22.25.17:580][  0]LogConfig: Setting CVar [[r.SSR.Quality:3]]
[2019.04.28-22.25.17:580][  0]LogConfig: Setting CVar [[r.SceneColorFormat:4]]
[2019.04.28-22.25.17:580][  0]LogConfig: Setting CVar [[r.DetailMode:2]]
[2019.04.28-22.25.17:580][  0]LogConfig: Setting CVar [[r.TranslucencyVolumeBlur:1]]
[2019.04.28-22.25.17:580][  0]LogConfig: Setting CVar [[r.MaterialQualityLevel:1 ; High quality]]
[2019.04.28-22.25.17:580][  0]LogConfig: Setting CVar [[r.SSS.Scale:1]]
[2019.04.28-22.25.17:580][  0]LogConfig: Setting CVar [[r.SSS.SampleSet:2]]
[2019.04.28-22.25.17:580][  0]LogConfig: Setting CVar [[r.SSS.Quality:1]]
[2019.04.28-22.25.17:580][  0]LogConfig: Setting CVar [[r.SSS.HalfRes:1]]
[2019.04.28-22.25.17:580][  0]LogConfig: Setting CVar [[r.EmitterSpawnRateScale:1.0]]
[2019.04.28-22.25.17:581][  0]LogConfig: Setting CVar [[r.ParticleLightQuality:2]]
[2019.04.28-22.25.17:581][  0]LogConfig: Applying CVar settings from Section [FoliageQuality@3] File [C:/Users/chris/Documents/GitHub/Senior-Project-CPP-Game/Saved/Config/Windows/Scalability.ini]
[2019.04.28-22.25.17:581][  0]LogConfig: Setting CVar [[foliage.DensityScale:1.0]]
[2019.04.28-22.25.17:581][  0]LogConfig: Setting CVar [[grass.DensityScale:1.0]]
[2019.04.28-22.25.17:581][  0]LogInit: Selected Device Profile: [Windows]
[2019.04.28-22.25.17:581][  0]LogInit: Applying CVar settings loaded from the selected device profile: [Windows]
[2019.04.28-22.25.17:590][  0]LogHAL: Display: Platform has ~ 16 GB [17119334400 / 17179869184 / 16], which maps to Larger [LargestMinGB=32, LargerMinGB=12, DefaultMinGB=8, SmallerMinGB=6, SmallestMinGB=0)
[2019.04.28-22.25.17:590][  0]LogConfig: Setting CVar [[r.Vulkan.UseRealUBs:1]]
[2019.04.28-22.25.17:590][  0]LogInit: Going up to parent DeviceProfile []
[2019.04.28-22.25.17:590][  0]LogConfig: Applying CVar settings from Section [ViewDistanceQuality@3] File [C:/Users/chris/Documents/GitHub/Senior-Project-CPP-Game/Saved/Config/Windows/Scalability.ini]
[2019.04.28-22.25.17:590][  0]LogConfig: Setting CVar [[r.SkeletalMeshLODBias:0]]
[2019.04.28-22.25.17:590][  0]LogConfig: Setting CVar [[r.ViewDistanceScale:1.0]]
[2019.04.28-22.25.17:590][  0]LogConfig: Applying CVar settings from Section [AntiAliasingQuality@3] File [C:/Users/chris/Documents/GitHub/Senior-Project-CPP-Game/Saved/Config/Windows/Scalability.ini]
[2019.04.28-22.25.17:590][  0]LogConfig: Setting CVar [[r.PostProcessAAQuality:4]]
[2019.04.28-22.25.17:591][  0]LogConfig: Applying CVar settings from Section [ShadowQuality@3] File [C:/Users/chris/Documents/GitHub/Senior-Project-CPP-Game/Saved/Config/Windows/Scalability.ini]
[2019.04.28-22.25.17:591][  0]LogConfig: Setting CVar [[r.LightFunctionQuality:1]]
[2019.04.28-22.25.17:591][  0]LogConfig: Setting CVar [[r.ShadowQuality:5]]
[2019.04.28-22.25.17:591][  0]LogConfig: Setting CVar [[r.Shadow.CSM.MaxCascades:10]]
[2019.04.28-22.25.17:591][  0]LogConfig: Setting CVar [[r.Shadow.MaxResolution:2048]]
[2019.04.28-22.25.17:591][  0]LogConfig: Setting CVar [[r.Shadow.MaxCSMResolution:2048]]
[2019.04.28-22.25.17:591][  0]LogConfig: Setting CVar [[r.Shadow.RadiusThreshold:0.01]]
[2019.04.28-22.25.17:591][  0]LogConfig: Setting CVar [[r.Shadow.DistanceScale:1.0]]
[2019.04.28-22.25.17:591][  0]LogConfig: Setting CVar [[r.Shadow.CSM.TransitionScale:1.0]]
[2019.04.28-22.25.17:591][  0]LogConfig: Setting CVar [[r.Shadow.PreShadowResolutionFactor:1.0]]
[2019.04.28-22.25.17:591][  0]LogConfig: Setting CVar [[r.DistanceFieldShadowing:1]]
[2019.04.28-22.25.17:591][  0]LogConfig: Setting CVar [[r.DistanceFieldAO:1]]
[2019.04.28-22.25.17:591][  0]LogConfig: Setting CVar [[r.AOQuality:2]]
[2019.04.28-22.25.17:591][  0]LogConfig: Setting CVar [[r.VolumetricFog:1]]
[2019.04.28-22.25.17:591][  0]LogConfig: Setting CVar [[r.VolumetricFog.GridPixelSize:8]]
[2019.04.28-22.25.17:591][  0]LogConfig: Setting CVar [[r.VolumetricFog.GridSizeZ:128]]
[2019.04.28-22.25.17:591][  0]LogConfig: Setting CVar [[r.VolumetricFog.HistoryMissSupersampleCount:4]]
[2019.04.28-22.25.17:592][  0]LogConfig: Setting CVar [[r.LightMaxDrawDistanceScale:1]]
[2019.04.28-22.25.17:592][  0]LogConfig: Setting CVar [[r.CapsuleShadows:1]]
[2019.04.28-22.25.17:592][  0]LogConfig: Applying CVar settings from Section [PostProcessQuality@3] File [C:/Users/chris/Documents/GitHub/Senior-Project-CPP-Game/Saved/Config/Windows/Scalability.ini]
[2019.04.28-22.25.17:592][  0]LogConfig: Setting CVar [[r.MotionBlurQuality:4]]
[2019.04.28-22.25.17:592][  0]LogConfig: Setting CVar [[r.AmbientOcclusionMipLevelFactor:0.4]]
[2019.04.28-22.25.17:592][  0]LogConfig: Setting CVar [[r.AmbientOcclusionMaxQuality:100]]
[2019.04.28-22.25.17:592][  0]LogConfig: Setting CVar [[r.AmbientOcclusionLevels:-1]]
[2019.04.28-22.25.17:592][  0]LogConfig: Setting CVar [[r.AmbientOcclusionRadiusScale:1.0]]
[2019.04.28-22.25.17:592][  0]LogConfig: Setting CVar [[r.DepthOfFieldQuality:2]]
[2019.04.28-22.25.17:592][  0]LogConfig: Setting CVar [[r.RenderTargetPoolMin:400]]
[2019.04.28-22.25.17:592][  0]LogConfig: Setting CVar [[r.LensFlareQuality:2]]
[2019.04.28-22.25.17:592][  0]LogConfig: Setting CVar [[r.SceneColorFringeQuality:1]]
[2019.04.28-22.25.17:592][  0]LogConfig: Setting CVar [[r.EyeAdaptationQuality:2]]
[2019.04.28-22.25.17:592][  0]LogConfig: Setting CVar [[r.BloomQuality:5]]
[2019.04.28-22.25.17:592][  0]LogConfig: Setting CVar [[r.FastBlurThreshold:100]]
[2019.04.28-22.25.17:592][  0]LogConfig: Setting CVar [[r.Upscale.Quality:3]]
[2019.04.28-22.25.17:592][  0]LogConfig: Setting CVar [[r.Tonemapper.GrainQuantization:1]]
[2019.04.28-22.25.17:592][  0]LogConfig: Setting CVar [[r.LightShaftQuality:1]]
[2019.04.28-22.25.17:593][  0]LogConfig: Setting CVar [[r.Filter.SizeScale:1]]
[2019.04.28-22.25.17:593][  0]LogConfig: Setting CVar [[r.Tonemapper.Quality:5]]
[2019.04.28-22.25.17:593][  0]LogConfig: Setting CVar [[r.DOF.Gather.AccumulatorQuality:1        ; higher gathering accumulator quality]]
[2019.04.28-22.25.17:593][  0]LogConfig: Setting CVar [[r.DOF.Gather.PostfilterMethod:1          ; Median3x3 postfilering method]]
[2019.04.28-22.25.17:593][  0]LogConfig: Setting CVar [[r.DOF.Gather.EnableBokehSettings:0       ; no bokeh simulation when gathering]]
[2019.04.28-22.25.17:593][  0]LogConfig: Setting CVar [[r.DOF.Gather.RingCount:4                 ; medium number of samples when gathering]]
[2019.04.28-22.25.17:593][  0]LogConfig: Setting CVar [[r.DOF.Scatter.ForegroundCompositing:1    ; additive foreground scattering]]
[2019.04.28-22.25.17:593][  0]LogConfig: Setting CVar [[r.DOF.Scatter.BackgroundCompositing:2    ; additive background scattering]]
[2019.04.28-22.25.17:593][  0]LogConfig: Setting CVar [[r.DOF.Scatter.EnableBokehSettings:1      ; bokeh simulation when scattering]]
[2019.04.28-22.25.17:593][  0]LogConfig: Setting CVar [[r.DOF.Scatter.MaxSpriteRatio:0.1         ; only a maximum of 10% of scattered bokeh]]
[2019.04.28-22.25.17:593][  0]LogConfig: Setting CVar [[r.DOF.Recombine.Quality:1                ; cheap slight out of focus]]
[2019.04.28-22.25.17:593][  0]LogConfig: Setting CVar [[r.DOF.Recombine.EnableBokehSettings:0    ; no bokeh simulation on slight out of focus]]
[2019.04.28-22.25.17:593][  0]LogConfig: Setting CVar [[r.DOF.TemporalAAQuality:1                ; more stable temporal accumulation]]
[2019.04.28-22.25.17:593][  0]LogConfig: Setting CVar [[r.DOF.Kernel.MaxForegroundRadius:0.025]]
[2019.04.28-22.25.17:593][  0]LogConfig: Setting CVar [[r.DOF.Kernel.MaxBackgroundRadius:0.025]]
[2019.04.28-22.25.17:593][  0]LogConfig: Applying CVar settings from Section [TextureQuality@3] File [C:/Users/chris/Documents/GitHub/Senior-Project-CPP-Game/Saved/Config/Windows/Scalability.ini]
[2019.04.28-22.25.17:593][  0]LogConfig: Setting CVar [[r.Streaming.MipBias:0]]
[2019.04.28-22.25.17:593][  0]LogConfig: Setting CVar [[r.Streaming.AmortizeCPUToGPUCopy:0]]
[2019.04.28-22.25.17:593][  0]LogConfig: Setting CVar [[r.Streaming.MaxNumTexturesToStreamPerFrame:0]]
[2019.04.28-22.25.17:593][  0]LogConfig: Setting CVar [[r.Streaming.Boost:1]]
[2019.04.28-22.25.17:593][  0]LogConfig: Setting CVar [[r.MaxAnisotropy:8]]
[2019.04.28-22.25.17:593][  0]LogConfig: Setting CVar [[r.Streaming.LimitPoolSizeToVRAM:0]]
[2019.04.28-22.25.17:593][  0]LogConfig: Setting CVar [[r.Streaming.PoolSize:1000]]
[2019.04.28-22.25.17:594][  0]LogConfig: Setting CVar [[r.Streaming.MaxEffectiveScreenSize:0]]
[2019.04.28-22.25.17:594][  0]LogConfig: Applying CVar settings from Section [EffectsQuality@3] File [C:/Users/chris/Documents/GitHub/Senior-Project-CPP-Game/Saved/Config/Windows/Scalability.ini]
[2019.04.28-22.25.17:594][  0]LogConfig: Setting CVar [[r.TranslucencyLightingVolumeDim:64]]
[2019.04.28-22.25.17:594][  0]LogConfig: Setting CVar [[r.RefractionQuality:2]]
[2019.04.28-22.25.17:594][  0]LogConfig: Setting CVar [[r.SSR.Quality:3]]
[2019.04.28-22.25.17:594][  0]LogConfig: Setting CVar [[r.SceneColorFormat:4]]
[2019.04.28-22.25.17:594][  0]LogConfig: Setting CVar [[r.DetailMode:2]]
[2019.04.28-22.25.17:594][  0]LogConfig: Setting CVar [[r.TranslucencyVolumeBlur:1]]
[2019.04.28-22.25.17:594][  0]LogConfig: Setting CVar [[r.MaterialQualityLevel:1 ; High quality]]
[2019.04.28-22.25.17:594][  0]LogConfig: Setting CVar [[r.SSS.Scale:1]]
[2019.04.28-22.25.17:594][  0]LogConfig: Setting CVar [[r.SSS.SampleSet:2]]
[2019.04.28-22.25.17:594][  0]LogConfig: Setting CVar [[r.SSS.Quality:1]]
[2019.04.28-22.25.17:594][  0]LogConfig: Setting CVar [[r.SSS.HalfRes:1]]
[2019.04.28-22.25.17:594][  0]LogConfig: Setting CVar [[r.EmitterSpawnRateScale:1.0]]
[2019.04.28-22.25.17:594][  0]LogConfig: Setting CVar [[r.ParticleLightQuality:2]]
[2019.04.28-22.25.17:594][  0]LogConfig: Applying CVar settings from Section [FoliageQuality@3] File [C:/Users/chris/Documents/GitHub/Senior-Project-CPP-Game/Saved/Config/Windows/Scalability.ini]
[2019.04.28-22.25.17:594][  0]LogConfig: Setting CVar [[foliage.DensityScale:1.0]]
[2019.04.28-22.25.17:594][  0]LogConfig: Setting CVar [[grass.DensityScale:1.0]]
[2019.04.28-22.25.17:594][  0]LogConfig: Applying CVar settings from Section [Startup] File [../../../Engine/Config/ConsoleVariables.ini]
[2019.04.28-22.25.17:595][  0]LogConfig: Setting CVar [[net.UseAdaptiveNetUpdateFrequency:0]]
[2019.04.28-22.25.17:595][  0]LogConfig: Applying CVar settings from Section [ConsoleVariables] File [C:/Users/chris/Documents/GitHub/Senior-Project-CPP-Game/Saved/Config/Windows/Engine.ini]
[2019.04.28-22.25.17:595][  0]LogInit: Computer: ALL-MIGHT
[2019.04.28-22.25.17:595][  0]LogInit: User: chris
[2019.04.28-22.25.17:595][  0]LogInit: CPU Page size=4096, Cores=6
[2019.04.28-22.25.17:595][  0]LogInit: High frequency timer resolution =10.000000 MHz
[2019.04.28-22.25.17:595][  0]LogMemory: Memory total: Physical=15.9GB (16GB approx)
[2019.04.28-22.25.17:595][  0]LogMemory: Platform Memory Stats for Windows
[2019.04.28-22.25.17:595][  0]LogMemory: Process Physical Memory: 106.44 MB used, 106.44 MB peak
[2019.04.28-22.25.17:595][  0]LogMemory: Process Virtual Memory: 101.63 MB used, 101.63 MB peak
[2019.04.28-22.25.17:596][  0]LogMemory: Physical Memory: 7027.95 MB used,  9298.32 MB free, 16326.27 MB total
[2019.04.28-22.25.17:596][  0]LogMemory: Virtual Memory: 4677.76 MB used,  134213048.00 MB free, 134217728.00 MB total
[2019.04.28-22.25.17:679][  0]LogInit: Using OS detected language (en-US).
[2019.04.28-22.25.17:679][  0]LogInit: Using OS detected locale (en-US).
[2019.04.28-22.25.17:679][  0]LogTextLocalizationManager: No specific localization for 'en-US' exists, so the 'en' localization will be used.
[2019.04.28-22.25.17:969][  0]LogStreaming: Display: Took  0.291s to InitEngineTextLocalization.
[2019.04.28-22.25.17:970][  0]LogInit: Setting process to per monitor DPI aware
[2019.04.28-22.25.18:014][  0]LogSlate: New Slate User Created.  User Index 0, Is Virtual User: 0
[2019.04.28-22.25.18:014][  0]LogSlate: Slate User Registered.  User Index 0, Is Virtual User: 0
[2019.04.28-22.25.18:149][  0]LogHMD: Failed to initialize OpenVR with code 110
[2019.04.28-22.25.18:149][  0]LogD3D11RHI: D3D11 adapters:
[2019.04.28-22.25.18:225][  0]LogD3D11RHI:    0. 'NVIDIA GeForce GTX 1660 Ti' (Feature Level 11_0)
[2019.04.28-22.25.18:225][  0]LogD3D11RHI:       5991/0/8163 MB DedicatedVideo/DedicatedSystem/SharedSystem, Outputs:1, VendorId:0x10de
[2019.04.28-22.25.18:229][  0]LogD3D11RHI:    1. 'Microsoft Basic Render Driver' (Feature Level 11_0)
[2019.04.28-22.25.18:229][  0]LogD3D11RHI:       0/0/8163 MB DedicatedVideo/DedicatedSystem/SharedSystem, Outputs:0, VendorId:0x1414
[2019.04.28-22.25.18:229][  0]LogD3D11RHI: Chosen D3D11 Adapter: 0
[2019.04.28-22.25.18:236][  0]LogD3D11RHI: Creating new Direct3DDevice
[2019.04.28-22.25.18:236][  0]LogD3D11RHI:     GPU DeviceId: 0x2182 (for the marketing name, search the web for "GPU Device Id")
[2019.04.28-22.25.18:236][  0]LogWindows: EnumDisplayDevices:
[2019.04.28-22.25.18:236][  0]LogWindows:    0. 'NVIDIA GeForce GTX 1660 Ti' (P:1 D:1)
[2019.04.28-22.25.18:236][  0]LogWindows:    1. 'NVIDIA GeForce GTX 1660 Ti' (P:0 D:0)
[2019.04.28-22.25.18:237][  0]LogWindows:    2. 'NVIDIA GeForce GTX 1660 Ti' (P:0 D:0)
[2019.04.28-22.25.18:237][  0]LogWindows:    3. 'NVIDIA GeForce GTX 1660 Ti' (P:0 D:0)
[2019.04.28-22.25.18:237][  0]LogWindows: DebugString: FoundDriverCount:4 
[2019.04.28-22.25.18:237][  0]LogD3D11RHI:     Adapter Name: NVIDIA GeForce GTX 1660 Ti
[2019.04.28-22.25.18:237][  0]LogD3D11RHI:   Driver Version: 430.39 (internal:26.21.14.3039, unified:430.39)
[2019.04.28-22.25.18:237][  0]LogD3D11RHI:      Driver Date: 4-17-2019
[2019.04.28-22.25.18:237][  0]LogRHI: Texture pool is 4193 MB (70% of 5991 MB)
[2019.04.28-22.25.18:280][  0]LogD3D11RHI: Async texture creation enabled
[2019.04.28-22.25.18:299][  0]LogD3D11RHI: GPU Timing Frequency: 1000.000000 (Debug: 2 1)
[2019.04.28-22.25.18:548][  0]LogTemp: Display: Loaded TP AllDesktopTargetPlatform
[2019.04.28-22.25.18:559][  0]LogTemp: Display: Loaded TP MacClientTargetPlatform
[2019.04.28-22.25.18:570][  0]LogTemp: Display: Loaded TP MacNoEditorTargetPlatform
[2019.04.28-22.25.18:584][  0]LogTemp: Display: Loaded TP MacServerTargetPlatform
[2019.04.28-22.25.18:595][  0]LogTemp: Display: Loaded TP MacTargetPlatform
[2019.04.28-22.25.18:607][  0]LogTemp: Display: Loaded TP WindowsClientTargetPlatform
[2019.04.28-22.25.18:618][  0]LogTemp: Display: Loaded TP WindowsNoEditorTargetPlatform
[2019.04.28-22.25.18:629][  0]LogTemp: Display: Loaded TP WindowsServerTargetPlatform
[2019.04.28-22.25.18:636][  0]LogTemp: Display: Loaded TP WindowsTargetPlatform
[2019.04.28-22.25.18:693][  0]LogTemp: Display: Loaded TP AndroidTargetPlatform
[2019.04.28-22.25.18:693][  0]LogTemp: Display: Loaded TP AndroidTargetPlatform
[2019.04.28-22.25.18:693][  0]LogTemp: Display: Loaded TP AndroidTargetPlatform
[2019.04.28-22.25.18:693][  0]LogTemp: Display: Loaded TP AndroidTargetPlatform
[2019.04.28-22.25.18:693][  0]LogTemp: Display: Loaded TP AndroidTargetPlatform
[2019.04.28-22.25.18:693][  0]LogTemp: Display: Loaded TP AndroidTargetPlatform
[2019.04.28-22.25.18:693][  0]LogTemp: Display: Loaded TP AndroidTargetPlatform
[2019.04.28-22.25.18:693][  0]LogTemp: Display: Loaded TP AndroidTargetPlatform
[2019.04.28-22.25.18:693][  0]LogTemp: Display: Loaded TP AndroidTargetPlatform
[2019.04.28-22.25.18:694][  0]LogTemp: Display: Loaded TP AndroidTargetPlatform
[2019.04.28-22.25.18:694][  0]LogTemp: Display: Loaded TP AndroidTargetPlatform
[2019.04.28-22.25.18:694][  0]LogTemp: Display: Loaded TP AndroidTargetPlatform
[2019.04.28-22.25.18:694][  0]LogTemp: Display: Loaded TP AndroidTargetPlatform
[2019.04.28-22.25.18:694][  0]LogTemp: Display: Loaded TP AndroidTargetPlatform
[2019.04.28-22.25.18:694][  0]LogTemp: Display: Loaded TP AndroidTargetPlatform
[2019.04.28-22.25.18:694][  0]LogTemp: Display: Loaded TP AndroidTargetPlatform
[2019.04.28-22.25.18:694][  0]LogTemp: Display: Loaded TP AndroidTargetPlatform
[2019.04.28-22.25.18:694][  0]LogTemp: Display: Loaded TP AndroidTargetPlatform
[2019.04.28-22.25.18:697][  0]LogTemp: Display: Loaded TP HTML5TargetPlatform
[2019.04.28-22.25.18:760][  0]LogTemp: Display: Loaded TP IOSTargetPlatform
[2019.04.28-22.25.18:760][  0]LogTemp: Display: Loaded TP IOSTargetPlatform
[2019.04.28-22.25.18:780][  0]LogTemp: Display: Loaded TP TVOSTargetPlatform
[2019.04.28-22.25.18:780][  0]LogTemp: Display: Loaded TP TVOSTargetPlatform
[2019.04.28-22.25.18:791][  0]LogTemp: Display: Loaded TP LinuxClientTargetPlatform
[2019.04.28-22.25.18:801][  0]LogTemp: Display: Loaded TP LinuxNoEditorTargetPlatform
[2019.04.28-22.25.18:811][  0]LogTemp: Display: Loaded TP LinuxServerTargetPlatform
[2019.04.28-22.25.18:824][  0]LogTemp: Display: Loaded TP LinuxTargetPlatform
[2019.04.28-22.25.18:861][  0]LogTemp: Display: Loaded TP LuminTargetPlatform
[2019.04.28-22.25.18:861][  0]LogTemp: Display: Loaded TP LuminTargetPlatform
[2019.04.28-22.25.18:861][  0]LogTargetPlatformManager: Display: Building Assets For Windows
[2019.04.28-22.25.18:953][  0]LogShaderCompilers: Guid format shader working directory is -23 characters bigger than the processId version (../../../../../../Users/chris/Documents/GitHub/Senior-Project-CPP-Game/Intermediate/Shaders/WorkingDirectory/916/).
[2019.04.28-22.25.18:953][  0]LogShaderCompilers: Cleaned the shader compiler working directory 'C:/Users/chris/AppData/Local/Temp/UnrealShaderWorkingDir/3D51326841B15D0971812183DB841CA7/'.
[2019.04.28-22.25.18:954][  0]LogXGEController: Cleaning working directory: C:/Users/chris/AppData/Local/Temp/UnrealXGEWorkingDir/
[2019.04.28-22.25.18:955][  0]LogXGEController: Cannot use XGE Controller as Incredibuild is not installed on this machine.
[2019.04.28-22.25.18:955][  0]LogShaderCompilers: Cannot use XGE Shader Compiler as Incredibuild is not installed on this machine.
[2019.04.28-22.25.18:955][  0]LogShaderCompilers: Display: Using Local Shader Compiler.
[2019.04.28-22.25.19:371][  0]LogDerivedDataCache: Display: Max Cache Size: 512 MB
[2019.04.28-22.25.19:412][  0]LogDerivedDataCache: Loaded boot cache 0.04s 71MB C:/Users/chris/AppData/Local/UnrealEngine/4.21/DerivedDataCache/Boot.ddc.
[2019.04.28-22.25.19:412][  0]LogDerivedDataCache: Display: Loaded Boot cache: C:/Users/chris/AppData/Local/UnrealEngine/4.21/DerivedDataCache/Boot.ddc
[2019.04.28-22.25.19:412][  0]LogDerivedDataCache: FDerivedDataBackendGraph:  Pak pak cache file ../../../../../../Users/chris/Documents/GitHub/Senior-Project-CPP-Game/DerivedDataCache/DDC.ddp not found, will not use a pak cache.
[2019.04.28-22.25.19:412][  0]LogDerivedDataCache: Unable to find inner node Pak for hierarchical cache Hierarchy.
[2019.04.28-22.25.19:412][  0]LogDerivedDataCache: FDerivedDataBackendGraph:  CompressedPak pak cache file ../../../../../../Users/chris/Documents/GitHub/Senior-Project-CPP-Game/DerivedDataCache/Compressed.ddp not found, will not use a pak cache.
[2019.04.28-22.25.19:412][  0]LogDerivedDataCache: Unable to find inner node CompressedPak for hierarchical cache Hierarchy.
[2019.04.28-22.25.19:424][  0]LogDerivedDataCache: Display: Pak cache opened for reading ../../../Engine/DerivedDataCache/Compressed.ddp.
[2019.04.28-22.25.19:424][  0]LogDerivedDataCache: FDerivedDataBackendGraph:  EnterprisePak pak cache file ../../../Enterprise/DerivedDataCache/Compressed.ddp not found, will not use a pak cache.
[2019.04.28-22.25.19:424][  0]LogDerivedDataCache: Unable to find inner node EnterprisePak for hierarchical cache Hierarchy.
[2019.04.28-22.25.19:437][  0]LogDerivedDataCache: Using Local data cache path C:/Users/chris/AppData/Local/UnrealEngine/Common/DerivedDataCache: Writable
[2019.04.28-22.25.19:437][  0]LogDerivedDataCache: Shared data cache path not found in *engine.ini, will not use an Shared cache.
[2019.04.28-22.25.19:437][  0]LogDerivedDataCache: Unable to find inner node Shared for hierarchical cache Hierarchy.
[2019.04.28-22.25.19:454][  0]LogMaterial: Verifying Global Shaders for PCD3D_SM5
[2019.04.28-22.25.19:456][  0]LogSlate: Using FreeType 2.6.0
[2019.04.28-22.25.19:456][  0]LogSlate: SlateFontServices - WITH_FREETYPE: 1, WITH_HARFBUZZ: 1
[2019.04.28-22.25.19:526][  0]LogAssetRegistry: FAssetRegistry took 0.0326 seconds to start up
[2019.04.28-22.25.19:766][  0]LogInit: Selected Device Profile: [Windows]
[2019.04.28-22.25.19:903][  0]LogSimplygon: Simplygon DLL not present - disabling.
[2019.04.28-22.25.19:909][  0]LogMeshReduction: Using SimplygonSwarm for distributed automatic mesh merging
[2019.04.28-22.25.19:909][  0]LogMeshReduction: Using ProxyLODMeshReduction for automatic mesh merging
[2019.04.28-22.25.19:909][  0]LogMeshReduction: Using QuadricMeshReduction for automatic static mesh reduction
[2019.04.28-22.25.19:909][  0]LogMeshReduction: No automatic skeletal mesh reduction module available
[2019.04.28-22.25.19:922][  0]LogNetVersion: HSPGame 1.0.0, NetCL: 4541578, EngineNetVer: 5, GameNetVer: 0 (Checksum: 2893343623)
[2019.04.28-22.25.20:310][  0]LogPackageLocalizationCache: Processed 11 localized package path(s) for 2 prioritized culture(s) in 0.081311 seconds
[2019.04.28-22.25.20:315][  0]LogUObjectArray: 39775 objects as part of root set at end of initial load.
[2019.04.28-22.25.20:315][  0]LogUObjectAllocator: 6914656 out of 0 bytes used by permanent object pool.
[2019.04.28-22.25.20:315][  0]LogUObjectArray: CloseDisregardForGC: 0/0 objects in disregard for GC pool
[2019.04.28-22.25.21:074][  0]LogTcpMessaging: Initializing TcpMessaging bridge
[2019.04.28-22.25.21:090][  0]LogUdpMessaging: Initializing bridge on interface 0.0.0.0:0 to multicast group 230.0.0.1:6666.
[2019.04.28-22.25.21:642][  0]SourceControl: Source control is disabled
[2019.04.28-22.25.21:642][  0]SourceControl: Source control is disabled
[2019.04.28-22.25.21:644][  0]SourceControl: Source control is disabled
[2019.04.28-22.25.21:646][  0]SourceControl: Source control is disabled
[2019.04.28-22.25.21:850][  0]LogAndroidPermission: UAndroidPermissionCallbackProxy::GetInstance
[2019.04.28-22.25.21:934][  0]LogOcInput: OculusInput pre-init called
[2019.04.28-22.25.22:074][  0]LogEngine: Initializing Engine...
[2019.04.28-22.25.22:074][  0]LogHMD: Failed to initialize OpenVR with code 110
[2019.04.28-22.25.22:075][  0]LogStats: UGameplayTagsManager::ConstructGameplayTagTree: ImportINI prefixes -  0.000 s
[2019.04.28-22.25.22:075][  0]LogStats: UGameplayTagsManager::ConstructGameplayTagTree: Construct from data asset -  0.000 s
[2019.04.28-22.25.22:075][  0]LogStats: UGameplayTagsManager::ConstructGameplayTagTree: ImportINI -  0.000 s
[2019.04.28-22.25.22:075][  0]LogStats: UGameplayTagsManager::ConstructGameplayTagTree: GameplayTagTreeChangedEvent.Broadcast -  0.000 s
[2019.04.28-22.25.22:250][  0]LogInit: Initializing FReadOnlyCVARCache
[2019.04.28-22.25.22:261][  0]LogAIModule: Creating AISystem for world Untitled
[2019.04.28-22.25.22:314][  0]LogInit: XAudio2 using 'Speakers (Realtek(R) Audio)' : 2 channels at 48 kHz using 32 bits per sample (channel mask 0x3)
[2019.04.28-22.25.22:340][  0]LogInit: FAudioDevice initialized.
[2019.04.28-22.25.22:340][  0]LogNetVersion: Set ProjectVersion to 1.0.0.0. Version Checksum will be recalculated on next use.
[2019.04.28-22.25.22:407][  0]LogDerivedDataCache: Saved boot cache 0.07s 71MB C:/Users/chris/AppData/Local/UnrealEngine/4.21/DerivedDataCache/Boot.ddc.
[2019.04.28-22.25.22:411][  0]LogInit: Texture streaming: Enabled
[2019.04.28-22.25.22:430][  0]LogEngineSessionManager: EngineSessionManager initialized
[2019.04.28-22.25.22:438][  0]LogInit: Transaction tracking system initialized
[2019.04.28-22.25.22:466][  0]BlueprintLog: New page: Editor Load
[2019.04.28-22.25.22:553][  0]LocalizationService: Localization service is disabled
[2019.04.28-22.25.22:944][  0]LogCook: Display: Max memory allowance for cook 16384mb min free memory 0mb
[2019.04.28-22.25.22:944][  0]LogCook: Display: Mobile HDR setting 1
[2019.04.28-22.25.22:944][  0]LogGameplayTags: Display: UGameplayTagsManager::DoneAddingNativeTags. DelegateIsBound: 0
[2019.04.28-22.25.22:944][  0]LogStats: UGameplayTagsManager::ConstructGameplayTagTree: ImportINI prefixes -  0.000 s
[2019.04.28-22.25.22:944][  0]LogStats: UGameplayTagsManager::ConstructGameplayTagTree: Construct from data asset -  0.000 s
[2019.04.28-22.25.22:945][  0]LogStats: UGameplayTagsManager::ConstructGameplayTagTree: ImportINI -  0.000 s
[2019.04.28-22.25.22:945][  0]LogStats: UGameplayTagsManager::ConstructGameplayTagTree: GameplayTagTreeChangedEvent.Broadcast -  0.000 s
[2019.04.28-22.25.23:097][  0]LogFileCache: Scanning file cache for directory 'C:/Users/chris/Documents/GitHub/Senior-Project-CPP-Game/Content/' took 0.02s
[2019.04.28-22.25.23:097][  0]SourceControl: Source control is disabled
[2019.04.28-22.25.23:098][  0]Cmd: MAP LOAD FILE="../../../../../../Users/chris/Documents/GitHub/Senior-Project-CPP-Game/Content/Levels/DemoTown.umap" TEMPLATE=0 SHOWPROGRESS=1 FEATURELEVEL=3
[2019.04.28-22.25.23:098][  0]LightingResults: New page: Lighting Build
[2019.04.28-22.25.23:102][  0]MapCheck: New page: Map Check
[2019.04.28-22.25.23:102][  0]LightingResults: New page: Lighting Build
[2019.04.28-22.25.23:593][  0]LogAIModule: Creating AISystem for world DemoTown
[2019.04.28-22.25.23:617][  0]LogEditorServer: Finished looking for orphan Actors (0.000 secs)
[2019.04.28-22.25.23:638][  0]Cmd: MAP CHECKDEP NOCLEARLOG
[2019.04.28-22.25.23:639][  0]MapCheck: Map check complete: 0 Error(s), 0 Warning(s), took 0.135ms to complete.
[2019.04.28-22.25.23:639][  0]LogFileHelpers: Loading map 'DemoTown' took 0.542
[2019.04.28-22.25.23:721][  0]LogSlate: Updating window title bar state: overlay mode, drag disabled, window buttons hidden, title bar hidden
[2019.04.28-22.25.23:727][  0]LogSlate: Updating window title bar state: overlay mode, drag disabled, window buttons hidden, title bar hidden
[2019.04.28-22.25.23:733][  0]LogSlate: Updating window title bar state: overlay mode, drag disabled, window buttons hidden, title bar hidden
[2019.04.28-22.25.23:738][  0]LogSlate: Updating window title bar state: overlay mode, drag disabled, window buttons hidden, title bar hidden
[2019.04.28-22.25.23:744][  0]LogCollectionManager: Loaded 0 collections in 0.001216 seconds
[2019.04.28-22.25.23:761][  0]LogFileCache: Scanning file cache for directory 'C:/Users/chris/Documents/GitHub/Senior-Project-CPP-Game/Saved/Collections/' took 0.01s
[2019.04.28-22.25.23:761][  0]LogFileCache: Scanning file cache for directory 'C:/Users/chris/Documents/GitHub/Senior-Project-CPP-Game/Content/Developers/chris/Collections/' took 0.00s
[2019.04.28-22.25.23:761][  0]LogFileCache: Scanning file cache for directory 'C:/Users/chris/Documents/GitHub/Senior-Project-CPP-Game/Content/Collections/' took 0.00s
[2019.04.28-22.25.23:761][  0]LogCollectionManager: Rebuilt the GUID cache for 0 collections in 0.000000 seconds
[2019.04.28-22.25.23:768][  0]LogContentBrowser: Native class hierarchy populated in 0.0068 seconds. Added 2661 classes and 622 folders.
[2019.04.28-22.25.23:773][  0]LogContentBrowser: Native class hierarchy updated for 'WidgetCarousel' in 0.0003 seconds. Added 0 classes and 0 folders.
[2019.04.28-22.25.23:774][  0]LogPakFile: Registered encryption key '00000000000000000000000000000000': 0 pak files mounted, 0 remain pending
[2019.04.28-22.25.23:775][  0]LogPakFile: Registered encryption key '00000000000000000000000000000000': 0 pak files mounted, 0 remain pending
[2019.04.28-22.25.23:775][  0]LogPakFile: Registered encryption key '00000000000000000000000000000000': 0 pak files mounted, 0 remain pending
[2019.04.28-22.25.23:776][  0]LogPakFile: Registered encryption key '00000000000000000000000000000000': 0 pak files mounted, 0 remain pending
[2019.04.28-22.25.23:776][  0]LogPakFile: Registered encryption key '00000000000000000000000000000000': 0 pak files mounted, 0 remain pending
[2019.04.28-22.25.23:776][  0]LogPakFile: Registered encryption key '00000000000000000000000000000000': 0 pak files mounted, 0 remain pending
[2019.04.28-22.25.23:777][  0]LogPakFile: Registered encryption key '00000000000000000000000000000000': 0 pak files mounted, 0 remain pending
[2019.04.28-22.25.23:777][  0]LogPakFile: Registered encryption key '00000000000000000000000000000000': 0 pak files mounted, 0 remain pending
[2019.04.28-22.25.23:778][  0]LogPakFile: Registered encryption key '00000000000000000000000000000000': 0 pak files mounted, 0 remain pending
[2019.04.28-22.25.23:778][  0]LogPakFile: Registered encryption key '00000000000000000000000000000000': 0 pak files mounted, 0 remain pending
[2019.04.28-22.25.23:778][  0]LogPakFile: Registered encryption key '00000000000000000000000000000000': 0 pak files mounted, 0 remain pending
[2019.04.28-22.25.23:779][  0]LogPakFile: Registered encryption key '00000000000000000000000000000000': 0 pak files mounted, 0 remain pending
[2019.04.28-22.25.23:779][  0]LogPakFile: Registered encryption key '00000000000000000000000000000000': 0 pak files mounted, 0 remain pending
[2019.04.28-22.25.23:780][  0]LogPakFile: Registered encryption key '00000000000000000000000000000000': 0 pak files mounted, 0 remain pending
[2019.04.28-22.25.23:780][  0]LogPakFile: Registered encryption key '00000000000000000000000000000000': 0 pak files mounted, 0 remain pending
[2019.04.28-22.25.23:780][  0]LogPakFile: Registered encryption key '00000000000000000000000000000000': 0 pak files mounted, 0 remain pending
[2019.04.28-22.25.23:781][  0]LogPakFile: Registered encryption key '00000000000000000000000000000000': 0 pak files mounted, 0 remain pending
[2019.04.28-22.25.23:781][  0]LogPakFile: Registered encryption key '00000000000000000000000000000000': 0 pak files mounted, 0 remain pending
[2019.04.28-22.25.23:782][  0]LogPakFile: Registered encryption key '00000000000000000000000000000000': 0 pak files mounted, 0 remain pending
[2019.04.28-22.25.23:782][  0]LogPakFile: Registered encryption key '00000000000000000000000000000000': 0 pak files mounted, 0 remain pending
[2019.04.28-22.25.23:782][  0]LogPakFile: Registered encryption key '00000000000000000000000000000000': 0 pak files mounted, 0 remain pending
[2019.04.28-22.25.23:783][  0]LogPakFile: Registered encryption key '00000000000000000000000000000000': 0 pak files mounted, 0 remain pending
[2019.04.28-22.25.23:783][  0]LogPakFile: Registered encryption key '00000000000000000000000000000000': 0 pak files mounted, 0 remain pending
[2019.04.28-22.25.23:784][  0]LogPakFile: Registered encryption key '00000000000000000000000000000000': 0 pak files mounted, 0 remain pending
[2019.04.28-22.25.23:784][  0]LogPakFile: Registered encryption key '00000000000000000000000000000000': 0 pak files mounted, 0 remain pending
[2019.04.28-22.25.23:785][  0]LogPakFile: Registered encryption key '00000000000000000000000000000000': 0 pak files mounted, 0 remain pending
[2019.04.28-22.25.23:805][  0]LogContentBrowser: Native class hierarchy updated for 'AddContentDialog' in 0.0003 seconds. Added 0 classes and 0 folders.
[2019.04.28-22.25.23:811][  0]LogContentBrowser: Native class hierarchy updated for 'SceneOutliner' in 0.0004 seconds. Added 1 classes and 2 folders.
[2019.04.28-22.25.23:822][  0]LogSlate: Took 0.000139 seconds to synchronously load lazily loaded font '../../../Engine/Content/Slate/Fonts/Roboto-Regular.ttf' (155K)
[2019.04.28-22.25.23:823][  0]LogSlate: Took 0.000117 seconds to synchronously load lazily loaded font '../../../Engine/Content/Slate/Fonts/Roboto-Bold.ttf' (160K)
[2019.04.28-22.25.23:827][  0]LogSlate: Took 0.000182 seconds to synchronously load lazily loaded font '../../../Engine/Content/Editor/Slate/Fonts/FontAwesome.ttf' (139K)
[2019.04.28-22.25.23:893][  0]LogRenderer: Reallocating scene render targets to support 1208x576 Format 10 NumSamples 1 (Frame:1).
[2019.04.28-22.25.24:062][  0]LogContentBrowser: Native class hierarchy updated for 'HierarchicalLODOutliner' in 0.0003 seconds. Added 0 classes and 0 folders.
[2019.04.28-22.25.24:062][  0]LogLoad: (Engine Initialization) Total time: 8.14 seconds
[2019.04.28-22.25.24:062][  0]LogLoad: (Engine Initialization) Total Blueprint compile time: 0.00 seconds
[2019.04.28-22.25.24:125][  0]LogContentStreaming: Texture pool size now 1000 MB
[2019.04.28-22.25.24:146][  0]LogSlate: Took 0.000129 seconds to synchronously load lazily loaded font '../../../Engine/Content/Slate/Fonts/Roboto-Light.ttf' (167K)
[2019.04.28-22.25.24:217][  2]LogAssetRegistry: Asset discovery search completed in 4.7157 seconds
[2019.04.28-22.25.24:219][  2]LogCollectionManager: Rebuilt the object cache for 0 collections in 0.000001 seconds (found 0 objects)
[2019.04.28-22.25.24:220][  2]LogCollectionManager: Fixed up redirectors for 0 collections in 0.000164 seconds (updated 0 objects)
[2019.04.28-22.25.56:936][321]LogSlate: FSceneViewport::OnFocusLost() reason 0
[2019.04.28-22.25.56:995][328]LogTemp: Repeating last play command: Selected Viewport
[2019.04.28-22.25.57:032][328]LogBlueprintUserMessages: Early PlayInEditor Detection: Level '/Game/Levels/DemoTown.DemoTown:PersistentLevel' has LevelScriptBlueprint '/Game/Levels/DemoTown.DemoTown:PersistentLevel.DemoTown' with GeneratedClass '/Game/Levels/DemoTown.DemoTown_C' with ClassGeneratedBy '/Game/Levels/DemoTown.DemoTown:PersistentLevel.DemoTown'
[2019.04.28-22.25.57:032][328]LogPlayLevel: PlayLevel: No blueprints needed recompiling
[2019.04.28-22.25.57:033][328]PIE: New page: PIE session: DemoTown (Apr 28, 2019, 8:25:57 AM)
[2019.04.28-22.25.57:046][328]LogPlayLevel: Creating play world package: /Game/Levels/UEDPIE_0_DemoTown
[2019.04.28-22.25.57:086][328]LogPlayLevel: PIE: StaticDuplicateObject took: (0.039350s)
[2019.04.28-22.25.57:086][328]LogAIModule: Creating AISystem for world DemoTown
[2019.04.28-22.25.57:086][328]LogPlayLevel: PIE: World Init took: (0.000631s)
[2019.04.28-22.25.57:087][328]LogPlayLevel: PIE: Created PIE world by copying editor world from /Game/Levels/DemoTown.DemoTown to /Game/Levels/UEDPIE_0_DemoTown.DemoTown (0.040471s)
[2019.04.28-22.25.57:116][328]LogInit: XAudio2 using 'Speakers (Realtek(R) Audio)' : 2 channels at 48 kHz using 32 bits per sample (channel mask 0x3)
[2019.04.28-22.25.57:130][328]LogInit: FAudioDevice initialized.
[2019.04.28-22.25.57:574][328]LogLoad: Game class is 'BP_HSPGameGameModeBase_C'
[2019.04.28-22.25.57:579][328]LogWorld: Bringing World /Game/Levels/UEDPIE_0_DemoTown.DemoTown up for play (max tick rate 0) at 2019.04.28-15.25.57
[2019.04.28-22.25.57:580][328]LogWorld: Bringing up level for play took: 0.004411
[2019.04.28-22.25.57:596][328]LogContentBrowser: Native class hierarchy updated for 'MovieSceneCapture' in 0.0004 seconds. Added 20 classes and 0 folders.
[2019.04.28-22.25.57:599][328]PIE: Play in editor start time for /Game/Levels/UEDPIE_0_DemoTown 1.453
[2019.04.28-22.25.57:599][328]LogBlueprintUserMessages: Late PlayInEditor Detection: Level '/Game/Levels/DemoTown.DemoTown:PersistentLevel' has LevelScriptBlueprint '/Game/Levels/DemoTown.DemoTown:PersistentLevel.DemoTown' with GeneratedClass '/Game/Levels/DemoTown.DemoTown_C' with ClassGeneratedBy '/Game/Levels/DemoTown.DemoTown:PersistentLevel.DemoTown'
[2019.04.28-22.26.01:030][732]LogSlate: FSceneViewport::OnFocusLost() reason 0
[2019.04.28-22.26.19:523][951]LogNet: Browse: /Game/Levels/DemoBattlefield
[2019.04.28-22.26.19:523][951]LogLoad: LoadMap: /Game/Levels/DemoBattlefield
[2019.04.28-22.26.19:815][951]LogAIModule: Creating AISystem for world DemoBattlefield
[2019.04.28-22.26.19:815][951]LogLoad: Game class is 'BP_HSPGameGameModeBase_C'
[2019.04.28-22.26.19:822][951]LogWorld: Bringing World /Game/Levels/UEDPIE_0_DemoBattlefield.DemoBattlefield up for play (max tick rate 0) at 2019.04.28-15.26.19
[2019.04.28-22.26.19:824][951]LogWorld: Bringing up level for play took: 0.007652
[2019.04.28-22.26.19:830][951]LogLoad: Took 0.307369 seconds to LoadMap(/Game/Levels/DemoBattlefield)
[2019.04.28-22.26.21:786][183]LogBlueprintUserMessages: Early EndPlayMap Detection: Level '/Game/Levels/DemoTown.DemoTown:PersistentLevel' has LevelScriptBlueprint '/Game/Levels/DemoTown.DemoTown:PersistentLevel.DemoTown' with GeneratedClass '/Game/Levels/DemoTown.DemoTown_C' with ClassGeneratedBy '/Game/Levels/DemoTown.DemoTown:PersistentLevel.DemoTown'
[2019.04.28-22.26.21:786][183]LogSlate: Updating window title bar state: overlay mode, drag disabled, window buttons hidden, title bar hidden
[2019.04.28-22.26.21:822][183]LogPlayLevel: Display: Shutting down PIE online subsystems
[2019.04.28-22.26.21:823][183]LogBlueprintUserMessages: Late EndPlayMap Detection: Level '/Game/Levels/DemoTown.DemoTown:PersistentLevel' has LevelScriptBlueprint '/Game/Levels/DemoTown.DemoTown:PersistentLevel.DemoTown' with GeneratedClass '/Game/Levels/DemoTown.DemoTown_C' with ClassGeneratedBy '/Game/Levels/DemoTown.DemoTown:PersistentLevel.DemoTown'
[2019.04.28-22.26.21:846][183]LogSlate: Updating window title bar state: overlay mode, drag disabled, window buttons hidden, title bar hidden
[2019.04.28-22.26.21:888][186]LogPlayLevel: Display: Destroying online subsystem :Context_1
[2019.04.28-22.27.00:755][477]LogSlate: FSceneViewport::OnFocusLost() reason 0
[2019.04.28-22.27.04:060][872]LogSlate: Took 0.000137 seconds to synchronously load lazily loaded font '../../../Engine/Content/Slate/Fonts/Roboto-Light.ttf' (167K)
[2019.04.28-22.27.04:066][872]LogAssetEditorManager: Opening Asset editor for Blueprint /Game/Blueprints/Characters/BP_ProtagClass.BP_ProtagClass
[2019.04.28-22.27.04:389][872]LogContentBrowser: Native class hierarchy updated for 'BlueprintGraph' in 0.0005 seconds. Added 117 classes and 0 folders.
[2019.04.28-22.27.05:044][872]LogSlate: Took 0.000112 seconds to synchronously load lazily loaded font '../../../Engine/Content/Slate/Fonts/Roboto-BoldCondensed.ttf' (158K)
[2019.04.28-22.27.05:185][873]LogSlate: Took 0.000168 seconds to synchronously load lazily loaded font '../../../Engine/Content/Slate/Fonts/Roboto-Italic.ttf' (157K)
[2019.04.28-22.27.59:855][583]LogRenderer: Reallocating scene render targets to support 1208x712 Format 10 NumSamples 1 (Frame:1).
[2019.04.28-22.28.06:830][366]LogSlate: Window 'BP_ProtagClass' being destroyed
[2019.04.28-22.28.06:833][366]LogSlate: Window 'BP_ProtagClass' being destroyed
[2019.04.28-22.28.13:088][105]LogAssetEditorManager: Opening Asset editor for WidgetBlueprint /Game/UI/ShopScreen.shopScreen
[2019.04.28-22.28.42:449][ 91]LogSlate: Window 'shopScreen' being destroyed
[2019.04.28-22.28.42:452][ 91]LogSlate: Window 'shopScreen' being destroyed
[2019.04.28-22.28.46:755][602]LogAssetEditorManager: Opening Asset editor for WidgetBlueprint /Game/UI/sliderControlScreen.sliderControlScreen
[2019.04.28-22.28.57:752][756]Cmd: OBJ SAVEPACKAGE PACKAGE="/Game/UI/sliderControlScreen" FILE="../../../../../../Users/chris/Documents/GitHub/Senior-Project-CPP-Game/Content/UI/sliderControlScreen.uasset" SILENT=true
[2019.04.28-22.28.57:795][756]LogSavePackage: Moving '../../../../../../Users/chris/Documents/GitHub/Senior-Project-CPP-Game/Saved/sliderControlScreen2E47A7C449734BD7AE6815AF29206E60.tmp' to '../../../../../../Users/chris/Documents/GitHub/Senior-Project-CPP-Game/Content/UI/sliderControlScreen.uasset'
[2019.04.28-22.29.14:717][693]LogSlate: Window 'sliderControlScreen' being destroyed
[2019.04.28-22.29.20:372][349]LogAssetEditorManager: Opening Asset editor for Blueprint /Game/Blueprints/Enemies/BP_EnemyRanged.BP_EnemyRanged
[2019.04.28-22.31.03:726][654]BlueprintLog: New page: Compile BP_EnemyRanged
[2019.04.28-22.31.04:366][695]LogSavePackage: Moving '../../../../../../Users/chris/Documents/GitHub/Senior-Project-CPP-Game/Saved/BP_EnemyRangedE124DC1A4B7FB5E1183A6D8459291D31.tmp' to '../../../../../../Users/chris/Documents/GitHub/Senior-Project-CPP-Game/Content/Blueprints/Enemies/BP_EnemyRanged.uasset'
[2019.04.28-22.33.54:969][389]BlueprintLog: New page: Compile BP_EnemyRanged
[2019.04.28-22.33.55:502][420]LogSavePackage: Moving '../../../../../../Users/chris/Documents/GitHub/Senior-Project-CPP-Game/Saved/BP_EnemyRangedDA555A384B4092E82D77639A58EBD71A.tmp' to '../../../../../../Users/chris/Documents/GitHub/Senior-Project-CPP-Game/Content/Blueprints/Enemies/BP_EnemyRanged.uasset'
[2019.04.28-22.34.00:691][749]Candidate modules for hot reload:
[2019.04.28-22.34.00:691][749]  HSPGame
[2019.04.28-22.34.00:691][749]Launching UnrealBuildTool... [C:/Program Files/Epic Games/UE_4.21/Engine/Binaries/DotNET/UnrealBuildTool.exe  -ModuleWithSuffix=HSPGame,5428 Win64 Development -TargetType=Editor -Project="../../../../../../Users/chris/Documents/GitHub/Senior-Project-CPP-Game/HSPGame.uproject" -canskiplink "C:/Users/chris/Documents/GitHub/Senior-Project-CPP-Game/HSPGame.uproject" ]
[2019.04.28-22.34.00:693][749]Warning: Starting HotReload took  0.0s.
[2019.04.28-22.34.19:044][909]CompilerResultsLog: New page: Compilation - Apr 28, 2019, 8:34:19 AM
[2019.04.28-22.34.19:045][909]CompilerResultsLog: Performing full C++ include scan (hot reloading a new target)
[2019.04.28-22.34.19:045][909]CompilerResultsLog: Using 'git status' to determine working set for adaptive non-unity build (C:\Users\chris\Documents\GitHub\Senior-Project-CPP-Game).
[2019.04.28-22.34.19:045][909]CompilerResultsLog: Creating makefile for hot reloading HSPGameEditor (no existing makefile)
[2019.04.28-22.34.19:045][909]CompilerResultsLog: Compiling game modules for hot reload
[2019.04.28-22.34.19:045][909]CompilerResultsLog: Using Visual Studio 2017 14.16.27023 toolchain (C:\Program Files (x86)\Microsoft Visual Studio\2017\Community\VC\Tools\MSVC\14.16.27023) and Windows 10.0.16299.0 SDK (C:\Program Files (x86)\Windows Kits\10).
[2019.04.28-22.34.19:045][909]CompilerResultsLog: Parsing headers for HSPGameEditor
[2019.04.28-22.34.19:045][909]CompilerResultsLog:   Running UnrealHeaderTool "C:\Users\chris\Documents\GitHub\Senior-Project-CPP-Game\HSPGame.uproject" "C:\Users\chris\Documents\GitHub\Senior-Project-CPP-Game\Intermediate\Build\Win64\HSPGameEditor\Development\HSPGameEditor.uhtmanifest" -LogCmds="loginit warning, logexit warning, logdatabase error" -Unattended -WarningsAsErrors -installed
[2019.04.28-22.34.19:045][909]CompilerResultsLog: Reflection code generated for HSPGameEditor in 8.8779317 seconds
[2019.04.28-22.34.19:045][909]CompilerResultsLog: Building 11 actions with 12 processes...
[2019.04.28-22.34.19:046][909]CompilerResultsLog:   [1/11] HSPGameInstance.cpp
[2019.04.28-22.34.19:046][909]CompilerResultsLog:   [2/11] HSPGame.init.gen.cpp
[2019.04.28-22.34.19:046][909]CompilerResultsLog:   [3/11] HSPGameInstance.gen.cpp
[2019.04.28-22.34.19:046][909]CompilerResultsLog:   [4/11] GoblinSoldier.cpp
[2019.04.28-22.34.19:046][909]CompilerResultsLog:   [5/11] EnemySlime.cpp
[2019.04.28-22.34.19:046][909]CompilerResultsLog:   [6/11] EnemySlime.gen.cpp
[2019.04.28-22.34.19:046][909]CompilerResultsLog:   [7/11] EnemyClass.cpp
[2019.04.28-22.34.19:046][909]CompilerResultsLog:   [8/11] ProtagClass.gen.cpp
[2019.04.28-22.34.19:046][909]CompilerResultsLog:   [9/11] ProtagClass.cpp
[2019.04.28-22.34.19:046][909]CompilerResultsLog:   [10/11] UE4Editor-HSPGame-5428.lib
[2019.04.28-22.34.19:046][909]CompilerResultsLog:      Creating library C:\Users\chris\Documents\GitHub\Senior-Project-CPP-Game\Intermediate\Build\Win64\UE4Editor\Development\HSPGame\UE4Editor-HSPGame-5428.lib and object C:\Users\chris\Documents\GitHub\Senior-Project-CPP-Game\Intermediate\Build\Win64\UE4Editor\Development\HSPGame\UE4Editor-HSPGame-5428.exp
[2019.04.28-22.34.19:047][909]CompilerResultsLog:   [11/11] UE4Editor-HSPGame-5428.dll
[2019.04.28-22.34.19:047][909]CompilerResultsLog:      Creating library C:\Users\chris\Documents\GitHub\Senior-Project-CPP-Game\Intermediate\Build\Win64\UE4Editor\Development\HSPGame\UE4Editor-HSPGame-5428.suppressed.lib and object C:\Users\chris\Documents\GitHub\Senior-Project-CPP-Game\Intermediate\Build\Win64\UE4Editor\Development\HSPGame\UE4Editor-HSPGame-5428.suppressed.exp
[2019.04.28-22.34.19:047][909]CompilerResultsLog: Total build time: 18.13 seconds (Parallel executor: 4.82 seconds)
[2019.04.28-22.34.19:047][909]LogMainFrame: MainFrame: Module compiling took 18.358 seconds
[2019.04.28-22.34.19:109][909]LogClass: Could not find existing class HSPGameInstance in package /Script/HSPGame for HotReload, assuming new class
[2019.04.28-22.34.19:128][909]LogHotReload: Re-instancing HSPGameInstance after hot-reload.
[2019.04.28-22.34.19:230][909]LogContentBrowser: Native class hierarchy updated for 'HSPGame' in 0.0003 seconds. Added 10 classes and 2 folders.
[2019.04.28-22.34.19:233][909]Display: HotReload successful (14 functions remapped  0 scriptstructs remapped)
[2019.04.28-22.34.19:617][909]LogContentBrowser: Native class hierarchy populated in 0.0098 seconds. Added 2662 classes and 624 folders.
[2019.04.28-22.34.19:625][909]Display: HotReload took 19.0s.
[2019.04.28-22.35.09:434][798]BlueprintLog: New page: Compile BP_EnemyRanged
[2019.04.28-22.35.09:987][828]LogSavePackage: Moving '../../../../../../Users/chris/Documents/GitHub/Senior-Project-CPP-Game/Saved/BP_EnemyRanged8BAF9BE947A42D65416DCDA45C4203CF.tmp' to '../../../../../../Users/chris/Documents/GitHub/Senior-Project-CPP-Game/Content/Blueprints/Enemies/BP_EnemyRanged.uasset'
[2019.04.28-22.35.27:424][900]LogSlate: Took 0.000140 seconds to synchronously load lazily loaded font '../../../Engine/Content/Slate/Fonts/Roboto-BoldCondensedItalic.ttf' (160K)
[2019.04.28-22.35.53:599][992]BlueprintLog: New page: Compile BP_EnemyRanged
[2019.04.28-22.35.54:097][ 18]LogSavePackage: Moving '../../../../../../Users/chris/Documents/GitHub/Senior-Project-CPP-Game/Saved/BP_EnemyRanged8A9BC9F9400BEFDE2008E7B84907F7F2.tmp' to '../../../../../../Users/chris/Documents/GitHub/Senior-Project-CPP-Game/Content/Blueprints/Enemies/BP_EnemyRanged.uasset'
[2019.04.28-22.36.19:740][ 51]BlueprintLog: New page: Compile BP_EnemyRanged
[2019.04.28-22.36.20:202][ 70]LogSavePackage: Moving '../../../../../../Users/chris/Documents/GitHub/Senior-Project-CPP-Game/Saved/BP_EnemyRanged3115E189495B755FF9590480AB3033BC.tmp' to '../../../../../../Users/chris/Documents/GitHub/Senior-Project-CPP-Game/Content/Blueprints/Enemies/BP_EnemyRanged.uasset'
[2019.04.28-22.37.41:659][823]LogSavePackage: Moving '../../../../../../Users/chris/Documents/GitHub/Senior-Project-CPP-Game/Saved/BP_EnemyRanged4013DE5149AAD72A8F5672B5E98BBB3D.tmp' to '../../../../../../Users/chris/Documents/GitHub/Senior-Project-CPP-Game/Content/Blueprints/Enemies/BP_EnemyRanged.uasset'
[2019.04.28-22.38.20:263][373]LogEditorTransaction: Undo Animatable Property Changed
[2019.04.28-22.38.23:700][785]LogEditorTransaction: Undo Animatable Property Changed
[2019.04.28-22.38.24:052][821]LogEditorTransaction: Undo Animatable Property Changed
[2019.04.28-22.38.24:349][856]LogEditorTransaction: Undo Animatable Property Changed
[2019.04.28-22.38.24:599][886]LogEditorTransaction: Undo Move Widget
[2019.04.28-22.38.25:204][955]LogEditorTransaction: Undo Move Node
[2019.04.28-22.38.25:638][  6]LogEditorTransaction: Undo Move Node
[2019.04.28-22.38.25:906][ 37]LogEditorTransaction: Undo Move Node
[2019.04.28-22.38.26:112][ 61]LogEditorTransaction: Undo Move Node
[2019.04.28-22.38.26:307][ 84]LogEditorTransaction: Undo Comment Changed
[2019.04.28-22.38.26:521][109]LogEditorTransaction: Undo Comment Bubble Visibility
[2019.04.28-22.38.26:727][133]LogEditorTransaction: Undo Move Node
[2019.04.28-22.38.26:924][156]LogEditorTransaction: Undo Rename Node
[2019.04.28-22.38.27:131][180]LogEditorTransaction: Undo Rename Node
[2019.04.28-22.38.29:514][459]Cmd: TRANSACTION REDO
[2019.04.28-22.38.29:515][459]LogEditorTransaction: Redo Rename Node
[2019.04.28-22.38.30:641][589]Cmd: TRANSACTION REDO
[2019.04.28-22.38.30:642][589]LogEditorTransaction: Redo Rename Node
[2019.04.28-22.38.30:830][606]Cmd: TRANSACTION REDO
[2019.04.28-22.38.30:830][606]LogEditorTransaction: Redo Move Node
[2019.04.28-22.38.30:964][616]Cmd: TRANSACTION REDO
[2019.04.28-22.38.30:964][616]LogEditorTransaction: Redo Comment Bubble Visibility
[2019.04.28-22.38.31:086][625]Cmd: TRANSACTION REDO
[2019.04.28-22.38.31:086][625]LogEditorTransaction: Redo Comment Changed
[2019.04.28-22.38.31:209][634]Cmd: TRANSACTION REDO
[2019.04.28-22.38.31:209][634]LogEditorTransaction: Redo Move Node
[2019.04.28-22.38.31:348][645]Cmd: TRANSACTION REDO
[2019.04.28-22.38.31:348][645]LogEditorTransaction: Redo Move Node
[2019.04.28-22.38.31:495][657]Cmd: TRANSACTION REDO
[2019.04.28-22.38.31:495][657]LogEditorTransaction: Redo Move Node
[2019.04.28-22.38.31:618][666]Cmd: TRANSACTION REDO
[2019.04.28-22.38.31:618][666]LogEditorTransaction: Redo Move Node
[2019.04.28-22.38.31:755][676]Cmd: TRANSACTION REDO
[2019.04.28-22.38.31:755][676]LogEditorTransaction: Redo Move Widget
[2019.04.28-22.38.31:903][691]Cmd: TRANSACTION REDO
[2019.04.28-22.38.31:904][691]LogEditorTransaction: Redo Animatable Property Changed
[2019.04.28-22.38.32:045][708]Cmd: TRANSACTION REDO
[2019.04.28-22.38.32:045][708]LogEditorTransaction: Redo Animatable Property Changed
[2019.04.28-22.38.32:187][725]Cmd: TRANSACTION REDO
[2019.04.28-22.38.32:187][725]LogEditorTransaction: Redo Animatable Property Changed
[2019.04.28-22.38.32:329][742]Cmd: TRANSACTION REDO
[2019.04.28-22.38.32:329][742]LogEditorTransaction: Redo Animatable Property Changed
[2019.04.28-22.38.35:465][110]LogSavePackage: Moving '../../../../../../Users/chris/Documents/GitHub/Senior-Project-CPP-Game/Saved/BP_EnemyRanged0B3122E94E1903827EA793B6FF39E0A9.tmp' to '../../../../../../Users/chris/Documents/GitHub/Senior-Project-CPP-Game/Content/Blueprints/Enemies/BP_EnemyRanged.uasset'
[2019.04.28-22.38.35:916][161]BlueprintLog: New page: Compile BP_EnemyRanged
[2019.04.28-22.38.43:028][891]LogEditorTransaction: Undo Animatable Property Changed
[2019.04.28-22.38.46:504][306]Cmd: TRANSACTION REDO
[2019.04.28-22.38.46:505][306]LogEditorTransaction: Redo Animatable Property Changed
[2019.04.28-22.38.56:016][190]LogSlate: Window 'Save Content' being destroyed
[2019.04.28-22.38.56:227][190]LogSlate: Window 'HSPGame - Unreal Editor' being destroyed
[2019.04.28-22.38.56:415][191]Cmd: QUIT_EDITOR
[2019.04.28-22.38.56:827][191]LogWindowsTextInputMethodSystem: Display: IME system now deactivated.
[2019.04.28-22.38.56:837][191]LogExit: Preparing to exit.
