Log file open, 04/15/19 03:25:40
LogWindows: Failed to load 'aqProf.dll' (GetLastError=126)
LogWindows: File 'aqProf.dll' does not exist
LogWindows: Failed to load 'VtuneApi.dll' (GetLastError=126)
LogWindows: File 'VtuneApi.dll' does not exist
LogWindows: Failed to load 'VtuneApi32e.dll' (GetLastError=126)
LogWindows: File 'VtuneApi32e.dll' does not exist
LogConsoleResponse: Display: Failed to find resolution value strings in scalability ini. Falling back to default.
LogInit: Display: Running engine for game: HSPGame
LogPakFile: Registered encryption key '00000000000000000000000000000000': 0 pak files mounted, 0 remain pending
LogPlatformFile: Not using cached read wrapper
LogTaskGraph: Started task graph with 5 named threads and 23 total threads with 3 sets of task threads.
LogStats: Stats thread started at 0.348654
LogD3D11RHI: Loaded GFSDK_Aftermath_Lib.x64.dll
LogICUInternationalization: ICU TimeZone Detection - Raw Offset: -8:00, Platform Override: ''
LogPluginManager: Mounting plugin Paper2D
LogPluginManager: Mounting plugin AISupport
LogPluginManager: Mounting plugin LightPropagationVolume
LogPluginManager: Mounting plugin ActorLayerUtilities
LogPluginManager: Mounting plugin CLionSourceCodeAccess
LogPluginManager: Mounting plugin CodeLiteSourceCodeAccess
LogPluginManager: Mounting plugin GitSourceControl
LogPluginManager: Mounting plugin KDevelopSourceCodeAccess
LogPluginManager: Mounting plugin NullSourceCodeAccess
LogPluginManager: Mounting plugin PerforceSourceControl
LogPluginManager: Mounting plugin SubversionSourceControl
LogPluginManager: Mounting plugin UObjectPlugin
LogPluginManager: Mounting plugin VisualStudioCodeSourceCodeAccess
LogPluginManager: Mounting plugin VisualStudioSourceCodeAccess
LogPluginManager: Mounting plugin XCodeSourceCodeAccess
LogPluginManager: Mounting plugin AssetManagerEditor
LogPluginManager: Mounting plugin CryptoKeys
LogPluginManager: Mounting plugin DataValidation
LogPluginManager: Mounting plugin FacialAnimation
LogPluginManager: Mounting plugin GameplayTagsEditor
LogPluginManager: Mounting plugin MacGraphicsSwitching
LogPluginManager: Mounting plugin MeshEditor
LogPluginManager: Mounting plugin MobileLauncherProfileWizard
LogPluginManager: Mounting plugin PluginBrowser
LogPluginManager: Mounting plugin SpeedTreeImporter
LogPluginManager: Mounting plugin DatasmithContent
LogPluginManager: Mounting plugin VariantManagerContent
LogPluginManager: Mounting plugin AlembicImporter
LogPluginManager: Mounting plugin AppleImageUtils
LogPluginManager: Mounting plugin AppleVision
LogPluginManager: Mounting plugin BackChannel
LogPluginManager: Mounting plugin CharacterAI
LogPluginManager: Mounting plugin GeometryCache
LogPluginManager: Mounting plugin HTML5Networking
LogPluginManager: Mounting plugin ProxyLODPlugin
LogPluginManager: Mounting plugin MagicLeap
LogPluginManager: Mounting plugin MagicLeapMedia
LogPluginManager: Mounting plugin AndroidMedia
LogPluginManager: Mounting plugin AvfMedia
LogPluginManager: Mounting plugin ImgMedia
LogPluginManager: Mounting plugin LinearTimecode
LogPluginManager: Mounting plugin MediaCompositing
LogPluginManager: Mounting plugin MediaPlayerEditor
LogPluginManager: Mounting plugin WebMMedia
LogPluginManager: Mounting plugin WmfMedia
LogPluginManager: Mounting plugin TcpMessaging
LogPluginManager: Mounting plugin UdpMessaging
LogPluginManager: Mounting plugin ActorSequence
LogPluginManager: Mounting plugin LevelSequenceEditor
LogPluginManager: Mounting plugin MatineeToLevelSequence
LogPluginManager: Mounting plugin NetcodeUnitTest
LogPluginManager: Mounting plugin NUTUnrealEngine4
LogPluginManager: Mounting plugin OnlineSubsystemGooglePlay
LogPluginManager: Mounting plugin OnlineSubsystemIOS
LogPluginManager: Mounting plugin OnlineSubsystem
LogPluginManager: Mounting plugin OnlineSubsystemNull
LogPluginManager: Mounting plugin OnlineSubsystemUtils
LogPluginManager: Mounting plugin LauncherChunkInstaller
LogPluginManager: Mounting plugin AndroidDeviceProfileSelector
LogPluginManager: Mounting plugin AndroidMoviePlayer
LogPluginManager: Mounting plugin AndroidPermission
LogPluginManager: Mounting plugin AppleMoviePlayer
LogPluginManager: Mounting plugin ArchVisCharacter
LogPluginManager: Mounting plugin AudioCapture
LogPluginManager: Mounting plugin CableComponent
LogPluginManager: Mounting plugin CustomMeshComponent
LogPluginManager: Mounting plugin EditableMesh
LogPluginManager: Mounting plugin ExampleDeviceProfileSelector
LogPluginManager: Mounting plugin Firebase
LogPluginManager: Mounting plugin GoogleCloudMessaging
LogPluginManager: Mounting plugin IOSDeviceProfileSelector
LogPluginManager: Mounting plugin LinuxDeviceProfileSelector
LogPluginManager: Mounting plugin LocationServicesBPLibrary
LogPluginManager: Mounting plugin MobilePatchingUtils
LogPluginManager: Mounting plugin OculusVR
LogPluginManager: Mounting plugin PhysXVehicles
LogPluginManager: Mounting plugin ProceduralMeshComponent
LogPluginManager: Mounting plugin RuntimePhysXCooking
LogPluginManager: Mounting plugin SteamVR
LogPluginManager: Mounting plugin WebMMoviePlayer
LogPluginManager: Mounting plugin WindowsMoviePlayer
LogStreaming: Display: Took  0.085s to configure plugins.
LogInit: Using libcurl 7.55.1-DEV
LogInit:  - built for x86_64-pc-win32
LogInit:  - supports SSL with OpenSSL/1.0.2h
LogInit:  - supports HTTP deflate (compression) using libz 1.2.8
LogInit:  - other features:
LogInit:      CURL_VERSION_SSL
LogInit:      CURL_VERSION_LIBZ
LogInit:      CURL_VERSION_IPV6
LogInit:      CURL_VERSION_ASYNCHDNS
LogInit:      CURL_VERSION_LARGEFILE
LogInit:      CURL_VERSION_IDN
LogInit:  CurlRequestOptions (configurable via config and command line):
LogInit:  - bVerifyPeer = true  - Libcurl will verify peer certificate
LogInit:  - bUseHttpProxy = false  - Libcurl will NOT use HTTP proxy
LogInit:  - bDontReuseConnections = false  - Libcurl will reuse connections
LogInit:  - MaxHostConnections = 16  - Libcurl will limit the number of connections to a host
LogInit:  - LocalHostAddr = Default
LogInit:  - BufferSize = 65536
LogInit: WinSock: version 1.1 (2.2), MaxSocks=32767, MaxUdp=65467
LogInit: Build: ++UE4+Release-4.21-CL-4753647
LogInit: Engine Version: 4.21.2-4753647+++UE4+Release-4.21
LogInit: Compatible Engine Version: 4.21.0-4541578+++UE4+Release-4.21
LogInit: Net CL: 4541578
LogInit: OS: Windows 10 (), CPU: Intel(R) Core(TM) i7-6700K CPU @ 4.00GHz, GPU: NVIDIA GeForce RTX 2080
LogInit: Compiled (64-bit): Jan 19 2019 02:07:31
LogInit: Compiled with Visual C++: 19.13.26129.00
LogInit: Build Configuration: Development
LogInit: Branch Name: ++UE4+Release-4.21
LogInit: Command Line:  -skipcompile
LogInit: Base Directory: G:/Games/Epic/Games/UE_4.21/Engine/Binaries/Win64/
LogInit: Installed Engine Build: 1
LogDevObjectVersion: Number of dev versions registered: 22
LogDevObjectVersion:   Dev-Blueprints (B0D832E4-1F89-4F0D-ACCF-7EB736FD4AA2): 10
LogDevObjectVersion:   Dev-Build (E1C64328-A22C-4D53-A36C-8E866417BD8C): 0
LogDevObjectVersion:   Dev-Core (375EC13C-06E4-48FB-B500-84F0262A717E): 2
LogDevObjectVersion:   Dev-Editor (E4B068ED-F494-42E9-A231-DA0B2E46BB41): 26
LogDevObjectVersion:   Dev-Framework (CFFC743F-43B0-4480-9391-14DF171D2073): 34
LogDevObjectVersion:   Dev-Mobile (B02B49B5-BB20-44E9-A304-32B752E40360): 2
LogDevObjectVersion:   Dev-Networking (A4E4105C-59A1-49B5-A7C5-40C4547EDFEE): 0
LogDevObjectVersion:   Dev-Online (39C831C9-5AE6-47DC-9A44-9C173E1C8E7C): 0
LogDevObjectVersion:   Dev-Physics (78F01B33-EBEA-4F98-B9B4-84EACCB95AA2): 0
LogDevObjectVersion:   Dev-Platform (6631380F-2D4D-43E0-8009-CF276956A95A): 0
LogDevObjectVersion:   Dev-Rendering (12F88B9F-8875-4AFC-A67C-D90C383ABD29): 27
LogDevObjectVersion:   Dev-Sequencer (7B5AE74C-D270-4C10-A958-57980B212A5A): 9
LogDevObjectVersion:   Dev-VR (D7296918-1DD6-4BDD-9DE2-64A83CC13884): 2
LogDevObjectVersion:   Dev-LoadTimes (C2A15278-BFE7-4AFE-6C17-90FF531DF755): 1
LogDevObjectVersion:   Private-Geometry (6EACA3D4-40EC-4CC1-B786-8BED09428FC5): 3
LogDevObjectVersion:   Dev-AnimPhys (29E575DD-E0A3-4627-9D10-D276232CDCEA): 17
LogDevObjectVersion:   Dev-Anim (AF43A65D-7FD3-4947-9873-3E8ED9C1BB05): 2
LogDevObjectVersion:   Dev-ReflectionCapture (6B266CEC-1EC7-4B8F-A30B-E4D90942FC07): 1
LogDevObjectVersion:   Dev-Automation (0DF73D61-A23F-47EA-B727-89E90C41499A): 1
LogDevObjectVersion:   FortniteMain (601D1886-AC64-4F84-AA16-D3DE0DEAC7D6): 17
LogDevObjectVersion:   Dev-Enterprise (9DFFBCD6-494F-0158-E221-12823C92A888): 4
LogDevObjectVersion:   Dev-Niagara (F2AED0AC-9AFE-416F-8664-AA7FFA26D6FC): 1
LogStreaming: Display: Took  0.006s to delete old logs.
LogInit: Presizing for max 8388607 objects, including 0 objects not considered by GC, pre-allocating 0 bytes for permanent pool.
LogInit: Object subsystem initialized
LogConfig: Setting CVar [[con.DebugEarlyDefault:1]]
LogConfig: Setting CVar [[r.setres:1280x720]]
[2019.04.15-10.25.40:544][  0]LogConfig: Setting CVar [[r.VSync:0]]
[2019.04.15-10.25.40:544][  0]LogConfig: Setting CVar [[r.RHICmdBypass:0]]
[2019.04.15-10.25.40:544][  0]LogConfig: Applying CVar settings from Section [/Script/Engine.RendererSettings] File [C:/Users/gosus/Documents/CP-School/SeniorProject/gitRepos/Senior-Project-CPP-Game/Saved/Config/Windows/Engine.ini]
[2019.04.15-10.25.40:544][  0]LogConfig: Setting CVar [[r.GPUCrashDebugging:0]]
[2019.04.15-10.25.40:544][  0]LogConfig: Applying CVar settings from Section [/Script/Engine.RendererOverrideSettings] File [C:/Users/gosus/Documents/CP-School/SeniorProject/gitRepos/Senior-Project-CPP-Game/Saved/Config/Windows/Engine.ini]
[2019.04.15-10.25.40:544][  0]LogConfig: Applying CVar settings from Section [/Script/Engine.StreamingSettings] File [C:/Users/gosus/Documents/CP-School/SeniorProject/gitRepos/Senior-Project-CPP-Game/Saved/Config/Windows/Engine.ini]
[2019.04.15-10.25.40:544][  0]LogConfig: Setting CVar [[s.MinBulkDataSizeForAsyncLoading:131072]]
[2019.04.15-10.25.40:544][  0]LogConfig: Setting CVar [[s.AsyncLoadingThreadEnabled:0]]
[2019.04.15-10.25.40:544][  0]LogConfig: Setting CVar [[s.EventDrivenLoaderEnabled:1]]
[2019.04.15-10.25.40:544][  0]LogConfig: Setting CVar [[s.WarnIfTimeLimitExceeded:0]]
[2019.04.15-10.25.40:544][  0]LogConfig: Setting CVar [[s.TimeLimitExceededMultiplier:1.5]]
[2019.04.15-10.25.40:544][  0]LogConfig: Setting CVar [[s.TimeLimitExceededMinTime:0.005]]
[2019.04.15-10.25.40:545][  0]LogConfig: Setting CVar [[s.UseBackgroundLevelStreaming:1]]
[2019.04.15-10.25.40:545][  0]LogConfig: Setting CVar [[s.PriorityAsyncLoadingExtraTime:15.0]]
[2019.04.15-10.25.40:545][  0]LogConfig: Setting CVar [[s.LevelStreamingActorsUpdateTimeLimit:5.0]]
[2019.04.15-10.25.40:545][  0]LogConfig: Setting CVar [[s.PriorityLevelStreamingActorsUpdateExtraTime:5.0]]
[2019.04.15-10.25.40:545][  0]LogConfig: Setting CVar [[s.LevelStreamingComponentsRegistrationGranularity:10]]
[2019.04.15-10.25.40:545][  0]LogConfig: Setting CVar [[s.UnregisterComponentsTimeLimit:1.0]]
[2019.04.15-10.25.40:545][  0]LogConfig: Setting CVar [[s.LevelStreamingComponentsUnregistrationGranularity:5]]
[2019.04.15-10.25.40:545][  0]LogConfig: Applying CVar settings from Section [/Script/Engine.GarbageCollectionSettings] File [C:/Users/gosus/Documents/CP-School/SeniorProject/gitRepos/Senior-Project-CPP-Game/Saved/Config/Windows/Engine.ini]
[2019.04.15-10.25.40:545][  0]LogConfig: Setting CVar [[gc.MaxObjectsNotConsideredByGC:1]]
[2019.04.15-10.25.40:545][  0]LogConfig: Setting CVar [[gc.SizeOfPermanentObjectPool:0]]
[2019.04.15-10.25.40:545][  0]LogConfig: Setting CVar [[gc.FlushStreamingOnGC:0]]
[2019.04.15-10.25.40:545][  0]LogConfig: Setting CVar [[gc.NumRetriesBeforeForcingGC:10]]
[2019.04.15-10.25.40:545][  0]LogConfig: Setting CVar [[gc.AllowParallelGC:1]]
[2019.04.15-10.25.40:545][  0]LogConfig: Setting CVar [[gc.TimeBetweenPurgingPendingKillObjects:61.1]]
[2019.04.15-10.25.40:545][  0]LogConfig: Setting CVar [[gc.MaxObjectsInEditor:8388607]]
[2019.04.15-10.25.40:545][  0]LogConfig: Setting CVar [[gc.IncrementalBeginDestroyEnabled:1]]
[2019.04.15-10.25.40:545][  0]LogConfig: Setting CVar [[gc.CreateGCClusters:1]]
[2019.04.15-10.25.40:545][  0]LogConfig: Setting CVar [[gc.MergeGCClusters:0]]
[2019.04.15-10.25.40:546][  0]LogConfig: Setting CVar [[gc.MinGCClusterSize:5]]
[2019.04.15-10.25.40:546][  0]LogConfig: Setting CVar [[gc.ActorClusteringEnabled:0]]
[2019.04.15-10.25.40:546][  0]LogConfig: Setting CVar [[gc.BlueprintClusteringEnabled:0]]
[2019.04.15-10.25.40:546][  0]LogConfig: Setting CVar [[gc.UseDisregardForGCOnDedicatedServers:0]]
[2019.04.15-10.25.40:546][  0]LogConfig: Applying CVar settings from Section [/Script/Engine.NetworkSettings] File [C:/Users/gosus/Documents/CP-School/SeniorProject/gitRepos/Senior-Project-CPP-Game/Saved/Config/Windows/Engine.ini]
[2019.04.15-10.25.40:546][  0]LogConfig: Applying CVar settings from Section [/Script/UnrealEd.CookerSettings] File [C:/Users/gosus/Documents/CP-School/SeniorProject/gitRepos/Senior-Project-CPP-Game/Saved/Config/Windows/Engine.ini]
[2019.04.15-10.25.40:559][  0]LogConfig: Applying CVar settings from Section [ViewDistanceQuality@3] File [C:/Users/gosus/Documents/CP-School/SeniorProject/gitRepos/Senior-Project-CPP-Game/Saved/Config/Windows/Scalability.ini]
[2019.04.15-10.25.40:559][  0]LogConfig: Setting CVar [[r.SkeletalMeshLODBias:0]]
[2019.04.15-10.25.40:559][  0]LogConfig: Setting CVar [[r.ViewDistanceScale:1.0]]
[2019.04.15-10.25.40:559][  0]LogConfig: Applying CVar settings from Section [AntiAliasingQuality@3] File [C:/Users/gosus/Documents/CP-School/SeniorProject/gitRepos/Senior-Project-CPP-Game/Saved/Config/Windows/Scalability.ini]
[2019.04.15-10.25.40:559][  0]LogConfig: Setting CVar [[r.PostProcessAAQuality:4]]
[2019.04.15-10.25.40:559][  0]LogConfig: Applying CVar settings from Section [ShadowQuality@3] File [C:/Users/gosus/Documents/CP-School/SeniorProject/gitRepos/Senior-Project-CPP-Game/Saved/Config/Windows/Scalability.ini]
[2019.04.15-10.25.40:559][  0]LogConfig: Setting CVar [[r.LightFunctionQuality:1]]
[2019.04.15-10.25.40:559][  0]LogConfig: Setting CVar [[r.ShadowQuality:5]]
[2019.04.15-10.25.40:559][  0]LogConfig: Setting CVar [[r.Shadow.CSM.MaxCascades:10]]
[2019.04.15-10.25.40:559][  0]LogConfig: Setting CVar [[r.Shadow.MaxResolution:2048]]
[2019.04.15-10.25.40:559][  0]LogConfig: Setting CVar [[r.Shadow.MaxCSMResolution:2048]]
[2019.04.15-10.25.40:559][  0]LogConfig: Setting CVar [[r.Shadow.RadiusThreshold:0.01]]
[2019.04.15-10.25.40:560][  0]LogConfig: Setting CVar [[r.Shadow.DistanceScale:1.0]]
[2019.04.15-10.25.40:560][  0]LogConfig: Setting CVar [[r.Shadow.CSM.TransitionScale:1.0]]
[2019.04.15-10.25.40:560][  0]LogConfig: Setting CVar [[r.Shadow.PreShadowResolutionFactor:1.0]]
[2019.04.15-10.25.40:560][  0]LogConfig: Setting CVar [[r.DistanceFieldShadowing:1]]
[2019.04.15-10.25.40:560][  0]LogConfig: Setting CVar [[r.DistanceFieldAO:1]]
[2019.04.15-10.25.40:560][  0]LogConfig: Setting CVar [[r.AOQuality:2]]
[2019.04.15-10.25.40:560][  0]LogConfig: Setting CVar [[r.VolumetricFog:1]]
[2019.04.15-10.25.40:560][  0]LogConfig: Setting CVar [[r.VolumetricFog.GridPixelSize:8]]
[2019.04.15-10.25.40:560][  0]LogConfig: Setting CVar [[r.VolumetricFog.GridSizeZ:128]]
[2019.04.15-10.25.40:560][  0]LogConfig: Setting CVar [[r.VolumetricFog.HistoryMissSupersampleCount:4]]
[2019.04.15-10.25.40:560][  0]LogConfig: Setting CVar [[r.LightMaxDrawDistanceScale:1]]
[2019.04.15-10.25.40:560][  0]LogConfig: Setting CVar [[r.CapsuleShadows:1]]
[2019.04.15-10.25.40:560][  0]LogConfig: Applying CVar settings from Section [PostProcessQuality@3] File [C:/Users/gosus/Documents/CP-School/SeniorProject/gitRepos/Senior-Project-CPP-Game/Saved/Config/Windows/Scalability.ini]
[2019.04.15-10.25.40:560][  0]LogConfig: Setting CVar [[r.MotionBlurQuality:4]]
[2019.04.15-10.25.40:560][  0]LogConfig: Setting CVar [[r.AmbientOcclusionMipLevelFactor:0.4]]
[2019.04.15-10.25.40:560][  0]LogConfig: Setting CVar [[r.AmbientOcclusionMaxQuality:100]]
[2019.04.15-10.25.40:560][  0]LogConfig: Setting CVar [[r.AmbientOcclusionLevels:-1]]
[2019.04.15-10.25.40:560][  0]LogConfig: Setting CVar [[r.AmbientOcclusionRadiusScale:1.0]]
[2019.04.15-10.25.40:560][  0]LogConfig: Setting CVar [[r.DepthOfFieldQuality:2]]
[2019.04.15-10.25.40:560][  0]LogConfig: Setting CVar [[r.RenderTargetPoolMin:400]]
[2019.04.15-10.25.40:560][  0]LogConfig: Setting CVar [[r.LensFlareQuality:2]]
[2019.04.15-10.25.40:561][  0]LogConfig: Setting CVar [[r.SceneColorFringeQuality:1]]
[2019.04.15-10.25.40:561][  0]LogConfig: Setting CVar [[r.EyeAdaptationQuality:2]]
[2019.04.15-10.25.40:561][  0]LogConfig: Setting CVar [[r.BloomQuality:5]]
[2019.04.15-10.25.40:561][  0]LogConfig: Setting CVar [[r.FastBlurThreshold:100]]
[2019.04.15-10.25.40:561][  0]LogConfig: Setting CVar [[r.Upscale.Quality:3]]
[2019.04.15-10.25.40:561][  0]LogConfig: Setting CVar [[r.Tonemapper.GrainQuantization:1]]
[2019.04.15-10.25.40:561][  0]LogConfig: Setting CVar [[r.LightShaftQuality:1]]
[2019.04.15-10.25.40:561][  0]LogConfig: Setting CVar [[r.Filter.SizeScale:1]]
[2019.04.15-10.25.40:561][  0]LogConfig: Setting CVar [[r.Tonemapper.Quality:5]]
[2019.04.15-10.25.40:561][  0]LogConfig: Setting CVar [[r.DOF.Gather.AccumulatorQuality:1        ; higher gathering accumulator quality]]
[2019.04.15-10.25.40:561][  0]LogConfig: Setting CVar [[r.DOF.Gather.PostfilterMethod:1          ; Median3x3 postfilering method]]
[2019.04.15-10.25.40:561][  0]LogConfig: Setting CVar [[r.DOF.Gather.EnableBokehSettings:0       ; no bokeh simulation when gathering]]
[2019.04.15-10.25.40:561][  0]LogConfig: Setting CVar [[r.DOF.Gather.RingCount:4                 ; medium number of samples when gathering]]
[2019.04.15-10.25.40:561][  0]LogConfig: Setting CVar [[r.DOF.Scatter.ForegroundCompositing:1    ; additive foreground scattering]]
[2019.04.15-10.25.40:561][  0]LogConfig: Setting CVar [[r.DOF.Scatter.BackgroundCompositing:2    ; additive background scattering]]
[2019.04.15-10.25.40:561][  0]LogConfig: Setting CVar [[r.DOF.Scatter.EnableBokehSettings:1      ; bokeh simulation when scattering]]
[2019.04.15-10.25.40:561][  0]LogConfig: Setting CVar [[r.DOF.Scatter.MaxSpriteRatio:0.1         ; only a maximum of 10% of scattered bokeh]]
[2019.04.15-10.25.40:561][  0]LogConfig: Setting CVar [[r.DOF.Recombine.Quality:1                ; cheap slight out of focus]]
[2019.04.15-10.25.40:561][  0]LogConfig: Setting CVar [[r.DOF.Recombine.EnableBokehSettings:0    ; no bokeh simulation on slight out of focus]]
[2019.04.15-10.25.40:561][  0]LogConfig: Setting CVar [[r.DOF.TemporalAAQuality:1                ; more stable temporal accumulation]]
[2019.04.15-10.25.40:561][  0]LogConfig: Setting CVar [[r.DOF.Kernel.MaxForegroundRadius:0.025]]
[2019.04.15-10.25.40:561][  0]LogConfig: Setting CVar [[r.DOF.Kernel.MaxBackgroundRadius:0.025]]
[2019.04.15-10.25.40:561][  0]LogConfig: Applying CVar settings from Section [TextureQuality@3] File [C:/Users/gosus/Documents/CP-School/SeniorProject/gitRepos/Senior-Project-CPP-Game/Saved/Config/Windows/Scalability.ini]
[2019.04.15-10.25.40:562][  0]LogConfig: Setting CVar [[r.Streaming.MipBias:0]]
[2019.04.15-10.25.40:562][  0]LogConfig: Setting CVar [[r.Streaming.AmortizeCPUToGPUCopy:0]]
[2019.04.15-10.25.40:562][  0]LogConfig: Setting CVar [[r.Streaming.MaxNumTexturesToStreamPerFrame:0]]
[2019.04.15-10.25.40:562][  0]LogConfig: Setting CVar [[r.Streaming.Boost:1]]
[2019.04.15-10.25.40:562][  0]LogConfig: Setting CVar [[r.MaxAnisotropy:8]]
[2019.04.15-10.25.40:562][  0]LogConfig: Setting CVar [[r.Streaming.LimitPoolSizeToVRAM:0]]
[2019.04.15-10.25.40:562][  0]LogConfig: Setting CVar [[r.Streaming.PoolSize:1000]]
[2019.04.15-10.25.40:562][  0]LogConfig: Setting CVar [[r.Streaming.MaxEffectiveScreenSize:0]]
[2019.04.15-10.25.40:562][  0]LogConfig: Applying CVar settings from Section [EffectsQuality@3] File [C:/Users/gosus/Documents/CP-School/SeniorProject/gitRepos/Senior-Project-CPP-Game/Saved/Config/Windows/Scalability.ini]
[2019.04.15-10.25.40:562][  0]LogConfig: Setting CVar [[r.TranslucencyLightingVolumeDim:64]]
[2019.04.15-10.25.40:562][  0]LogConfig: Setting CVar [[r.RefractionQuality:2]]
[2019.04.15-10.25.40:562][  0]LogConfig: Setting CVar [[r.SSR.Quality:3]]
[2019.04.15-10.25.40:562][  0]LogConfig: Setting CVar [[r.SceneColorFormat:4]]
[2019.04.15-10.25.40:562][  0]LogConfig: Setting CVar [[r.DetailMode:2]]
[2019.04.15-10.25.40:562][  0]LogConfig: Setting CVar [[r.TranslucencyVolumeBlur:1]]
[2019.04.15-10.25.40:562][  0]LogConfig: Setting CVar [[r.MaterialQualityLevel:1 ; High quality]]
[2019.04.15-10.25.40:562][  0]LogConfig: Setting CVar [[r.SSS.Scale:1]]
[2019.04.15-10.25.40:562][  0]LogConfig: Setting CVar [[r.SSS.SampleSet:2]]
[2019.04.15-10.25.40:562][  0]LogConfig: Setting CVar [[r.SSS.Quality:1]]
[2019.04.15-10.25.40:562][  0]LogConfig: Setting CVar [[r.SSS.HalfRes:1]]
[2019.04.15-10.25.40:563][  0]LogConfig: Setting CVar [[r.EmitterSpawnRateScale:1.0]]
[2019.04.15-10.25.40:563][  0]LogConfig: Setting CVar [[r.ParticleLightQuality:2]]
[2019.04.15-10.25.40:563][  0]LogConfig: Applying CVar settings from Section [FoliageQuality@3] File [C:/Users/gosus/Documents/CP-School/SeniorProject/gitRepos/Senior-Project-CPP-Game/Saved/Config/Windows/Scalability.ini]
[2019.04.15-10.25.40:563][  0]LogConfig: Setting CVar [[foliage.DensityScale:1.0]]
[2019.04.15-10.25.40:563][  0]LogConfig: Setting CVar [[grass.DensityScale:1.0]]
[2019.04.15-10.25.40:563][  0]LogInit: Selected Device Profile: [Windows]
[2019.04.15-10.25.40:563][  0]LogInit: Applying CVar settings loaded from the selected device profile: [Windows]
[2019.04.15-10.25.40:573][  0]LogHAL: Display: Platform has ~ 32 GB [34313105408 / 34359738368 / 32], which maps to Largest [LargestMinGB=32, LargerMinGB=12, DefaultMinGB=8, SmallerMinGB=6, SmallestMinGB=0)
[2019.04.15-10.25.40:573][  0]LogConfig: Setting CVar [[r.Vulkan.UseRealUBs:1]]
[2019.04.15-10.25.40:573][  0]LogInit: Going up to parent DeviceProfile []
[2019.04.15-10.25.40:573][  0]LogConfig: Applying CVar settings from Section [ViewDistanceQuality@3] File [C:/Users/gosus/Documents/CP-School/SeniorProject/gitRepos/Senior-Project-CPP-Game/Saved/Config/Windows/Scalability.ini]
[2019.04.15-10.25.40:573][  0]LogConfig: Setting CVar [[r.SkeletalMeshLODBias:0]]
[2019.04.15-10.25.40:573][  0]LogConfig: Setting CVar [[r.ViewDistanceScale:1.0]]
[2019.04.15-10.25.40:573][  0]LogConfig: Applying CVar settings from Section [AntiAliasingQuality@3] File [C:/Users/gosus/Documents/CP-School/SeniorProject/gitRepos/Senior-Project-CPP-Game/Saved/Config/Windows/Scalability.ini]
[2019.04.15-10.25.40:573][  0]LogConfig: Setting CVar [[r.PostProcessAAQuality:4]]
[2019.04.15-10.25.40:573][  0]LogConfig: Applying CVar settings from Section [ShadowQuality@3] File [C:/Users/gosus/Documents/CP-School/SeniorProject/gitRepos/Senior-Project-CPP-Game/Saved/Config/Windows/Scalability.ini]
[2019.04.15-10.25.40:573][  0]LogConfig: Setting CVar [[r.LightFunctionQuality:1]]
[2019.04.15-10.25.40:573][  0]LogConfig: Setting CVar [[r.ShadowQuality:5]]
[2019.04.15-10.25.40:573][  0]LogConfig: Setting CVar [[r.Shadow.CSM.MaxCascades:10]]
[2019.04.15-10.25.40:573][  0]LogConfig: Setting CVar [[r.Shadow.MaxResolution:2048]]
[2019.04.15-10.25.40:573][  0]LogConfig: Setting CVar [[r.Shadow.MaxCSMResolution:2048]]
[2019.04.15-10.25.40:573][  0]LogConfig: Setting CVar [[r.Shadow.RadiusThreshold:0.01]]
[2019.04.15-10.25.40:574][  0]LogConfig: Setting CVar [[r.Shadow.DistanceScale:1.0]]
[2019.04.15-10.25.40:574][  0]LogConfig: Setting CVar [[r.Shadow.CSM.TransitionScale:1.0]]
[2019.04.15-10.25.40:574][  0]LogConfig: Setting CVar [[r.Shadow.PreShadowResolutionFactor:1.0]]
[2019.04.15-10.25.40:574][  0]LogConfig: Setting CVar [[r.DistanceFieldShadowing:1]]
[2019.04.15-10.25.40:574][  0]LogConfig: Setting CVar [[r.DistanceFieldAO:1]]
[2019.04.15-10.25.40:574][  0]LogConfig: Setting CVar [[r.AOQuality:2]]
[2019.04.15-10.25.40:574][  0]LogConfig: Setting CVar [[r.VolumetricFog:1]]
[2019.04.15-10.25.40:574][  0]LogConfig: Setting CVar [[r.VolumetricFog.GridPixelSize:8]]
[2019.04.15-10.25.40:574][  0]LogConfig: Setting CVar [[r.VolumetricFog.GridSizeZ:128]]
[2019.04.15-10.25.40:574][  0]LogConfig: Setting CVar [[r.VolumetricFog.HistoryMissSupersampleCount:4]]
[2019.04.15-10.25.40:574][  0]LogConfig: Setting CVar [[r.LightMaxDrawDistanceScale:1]]
[2019.04.15-10.25.40:574][  0]LogConfig: Setting CVar [[r.CapsuleShadows:1]]
[2019.04.15-10.25.40:574][  0]LogConfig: Applying CVar settings from Section [PostProcessQuality@3] File [C:/Users/gosus/Documents/CP-School/SeniorProject/gitRepos/Senior-Project-CPP-Game/Saved/Config/Windows/Scalability.ini]
[2019.04.15-10.25.40:574][  0]LogConfig: Setting CVar [[r.MotionBlurQuality:4]]
[2019.04.15-10.25.40:574][  0]LogConfig: Setting CVar [[r.AmbientOcclusionMipLevelFactor:0.4]]
[2019.04.15-10.25.40:574][  0]LogConfig: Setting CVar [[r.AmbientOcclusionMaxQuality:100]]
[2019.04.15-10.25.40:574][  0]LogConfig: Setting CVar [[r.AmbientOcclusionLevels:-1]]
[2019.04.15-10.25.40:574][  0]LogConfig: Setting CVar [[r.AmbientOcclusionRadiusScale:1.0]]
[2019.04.15-10.25.40:574][  0]LogConfig: Setting CVar [[r.DepthOfFieldQuality:2]]
[2019.04.15-10.25.40:574][  0]LogConfig: Setting CVar [[r.RenderTargetPoolMin:400]]
[2019.04.15-10.25.40:574][  0]LogConfig: Setting CVar [[r.LensFlareQuality:2]]
[2019.04.15-10.25.40:575][  0]LogConfig: Setting CVar [[r.SceneColorFringeQuality:1]]
[2019.04.15-10.25.40:575][  0]LogConfig: Setting CVar [[r.EyeAdaptationQuality:2]]
[2019.04.15-10.25.40:575][  0]LogConfig: Setting CVar [[r.BloomQuality:5]]
[2019.04.15-10.25.40:575][  0]LogConfig: Setting CVar [[r.FastBlurThreshold:100]]
[2019.04.15-10.25.40:575][  0]LogConfig: Setting CVar [[r.Upscale.Quality:3]]
[2019.04.15-10.25.40:575][  0]LogConfig: Setting CVar [[r.Tonemapper.GrainQuantization:1]]
[2019.04.15-10.25.40:575][  0]LogConfig: Setting CVar [[r.LightShaftQuality:1]]
[2019.04.15-10.25.40:575][  0]LogConfig: Setting CVar [[r.Filter.SizeScale:1]]
[2019.04.15-10.25.40:575][  0]LogConfig: Setting CVar [[r.Tonemapper.Quality:5]]
[2019.04.15-10.25.40:575][  0]LogConfig: Setting CVar [[r.DOF.Gather.AccumulatorQuality:1        ; higher gathering accumulator quality]]
[2019.04.15-10.25.40:575][  0]LogConfig: Setting CVar [[r.DOF.Gather.PostfilterMethod:1          ; Median3x3 postfilering method]]
[2019.04.15-10.25.40:575][  0]LogConfig: Setting CVar [[r.DOF.Gather.EnableBokehSettings:0       ; no bokeh simulation when gathering]]
[2019.04.15-10.25.40:575][  0]LogConfig: Setting CVar [[r.DOF.Gather.RingCount:4                 ; medium number of samples when gathering]]
[2019.04.15-10.25.40:575][  0]LogConfig: Setting CVar [[r.DOF.Scatter.ForegroundCompositing:1    ; additive foreground scattering]]
[2019.04.15-10.25.40:575][  0]LogConfig: Setting CVar [[r.DOF.Scatter.BackgroundCompositing:2    ; additive background scattering]]
[2019.04.15-10.25.40:575][  0]LogConfig: Setting CVar [[r.DOF.Scatter.EnableBokehSettings:1      ; bokeh simulation when scattering]]
[2019.04.15-10.25.40:575][  0]LogConfig: Setting CVar [[r.DOF.Scatter.MaxSpriteRatio:0.1         ; only a maximum of 10% of scattered bokeh]]
[2019.04.15-10.25.40:575][  0]LogConfig: Setting CVar [[r.DOF.Recombine.Quality:1                ; cheap slight out of focus]]
[2019.04.15-10.25.40:575][  0]LogConfig: Setting CVar [[r.DOF.Recombine.EnableBokehSettings:0    ; no bokeh simulation on slight out of focus]]
[2019.04.15-10.25.40:575][  0]LogConfig: Setting CVar [[r.DOF.TemporalAAQuality:1                ; more stable temporal accumulation]]
[2019.04.15-10.25.40:576][  0]LogConfig: Setting CVar [[r.DOF.Kernel.MaxForegroundRadius:0.025]]
[2019.04.15-10.25.40:576][  0]LogConfig: Setting CVar [[r.DOF.Kernel.MaxBackgroundRadius:0.025]]
[2019.04.15-10.25.40:576][  0]LogConfig: Applying CVar settings from Section [TextureQuality@3] File [C:/Users/gosus/Documents/CP-School/SeniorProject/gitRepos/Senior-Project-CPP-Game/Saved/Config/Windows/Scalability.ini]
[2019.04.15-10.25.40:576][  0]LogConfig: Setting CVar [[r.Streaming.MipBias:0]]
[2019.04.15-10.25.40:576][  0]LogConfig: Setting CVar [[r.Streaming.AmortizeCPUToGPUCopy:0]]
[2019.04.15-10.25.40:576][  0]LogConfig: Setting CVar [[r.Streaming.MaxNumTexturesToStreamPerFrame:0]]
[2019.04.15-10.25.40:576][  0]LogConfig: Setting CVar [[r.Streaming.Boost:1]]
[2019.04.15-10.25.40:576][  0]LogConfig: Setting CVar [[r.MaxAnisotropy:8]]
[2019.04.15-10.25.40:576][  0]LogConfig: Setting CVar [[r.Streaming.LimitPoolSizeToVRAM:0]]
[2019.04.15-10.25.40:576][  0]LogConfig: Setting CVar [[r.Streaming.PoolSize:1000]]
[2019.04.15-10.25.40:576][  0]LogConfig: Setting CVar [[r.Streaming.MaxEffectiveScreenSize:0]]
[2019.04.15-10.25.40:576][  0]LogConfig: Applying CVar settings from Section [EffectsQuality@3] File [C:/Users/gosus/Documents/CP-School/SeniorProject/gitRepos/Senior-Project-CPP-Game/Saved/Config/Windows/Scalability.ini]
[2019.04.15-10.25.40:576][  0]LogConfig: Setting CVar [[r.TranslucencyLightingVolumeDim:64]]
[2019.04.15-10.25.40:576][  0]LogConfig: Setting CVar [[r.RefractionQuality:2]]
[2019.04.15-10.25.40:576][  0]LogConfig: Setting CVar [[r.SSR.Quality:3]]
[2019.04.15-10.25.40:576][  0]LogConfig: Setting CVar [[r.SceneColorFormat:4]]
[2019.04.15-10.25.40:576][  0]LogConfig: Setting CVar [[r.DetailMode:2]]
[2019.04.15-10.25.40:576][  0]LogConfig: Setting CVar [[r.TranslucencyVolumeBlur:1]]
[2019.04.15-10.25.40:576][  0]LogConfig: Setting CVar [[r.MaterialQualityLevel:1 ; High quality]]
[2019.04.15-10.25.40:577][  0]LogConfig: Setting CVar [[r.SSS.Scale:1]]
[2019.04.15-10.25.40:577][  0]LogConfig: Setting CVar [[r.SSS.SampleSet:2]]
[2019.04.15-10.25.40:577][  0]LogConfig: Setting CVar [[r.SSS.Quality:1]]
[2019.04.15-10.25.40:577][  0]LogConfig: Setting CVar [[r.SSS.HalfRes:1]]
[2019.04.15-10.25.40:577][  0]LogConfig: Setting CVar [[r.EmitterSpawnRateScale:1.0]]
[2019.04.15-10.25.40:577][  0]LogConfig: Setting CVar [[r.ParticleLightQuality:2]]
[2019.04.15-10.25.40:577][  0]LogConfig: Applying CVar settings from Section [FoliageQuality@3] File [C:/Users/gosus/Documents/CP-School/SeniorProject/gitRepos/Senior-Project-CPP-Game/Saved/Config/Windows/Scalability.ini]
[2019.04.15-10.25.40:577][  0]LogConfig: Setting CVar [[foliage.DensityScale:1.0]]
[2019.04.15-10.25.40:577][  0]LogConfig: Setting CVar [[grass.DensityScale:1.0]]
[2019.04.15-10.25.40:577][  0]LogConfig: Applying CVar settings from Section [Startup] File [../../../Engine/Config/ConsoleVariables.ini]
[2019.04.15-10.25.40:577][  0]LogConfig: Setting CVar [[net.UseAdaptiveNetUpdateFrequency:0]]
[2019.04.15-10.25.40:577][  0]LogConfig: Applying CVar settings from Section [ConsoleVariables] File [C:/Users/gosus/Documents/CP-School/SeniorProject/gitRepos/Senior-Project-CPP-Game/Saved/Config/Windows/Engine.ini]
[2019.04.15-10.25.40:577][  0]LogInit: Computer: UNIT-01
[2019.04.15-10.25.40:577][  0]LogInit: User: gosus
[2019.04.15-10.25.40:578][  0]LogInit: CPU Page size=4096, Cores=4
[2019.04.15-10.25.40:578][  0]LogInit: High frequency timer resolution =10.000000 MHz
[2019.04.15-10.25.40:578][  0]LogMemory: Memory total: Physical=32.0GB (32GB approx)
[2019.04.15-10.25.40:578][  0]LogMemory: Platform Memory Stats for Windows
[2019.04.15-10.25.40:578][  0]LogMemory: Process Physical Memory: 106.04 MB used, 106.05 MB peak
[2019.04.15-10.25.40:578][  0]LogMemory: Process Virtual Memory: 104.08 MB used, 104.08 MB peak
[2019.04.15-10.25.40:578][  0]LogMemory: Physical Memory: 9955.48 MB used,  22768.04 MB free, 32723.53 MB total
[2019.04.15-10.25.40:578][  0]LogMemory: Virtual Memory: 4662.01 MB used,  134213064.00 MB free, 134217728.00 MB total
[2019.04.15-10.25.40:671][  0]LogInit: Using OS detected language (en-US).
[2019.04.15-10.25.40:671][  0]LogInit: Using OS detected locale (en-US).
[2019.04.15-10.25.40:672][  0]LogTextLocalizationManager: No specific localization for 'en-US' exists, so the 'en' localization will be used.
[2019.04.15-10.25.40:982][  0]LogStreaming: Display: Took  0.311s to InitEngineTextLocalization.
[2019.04.15-10.25.40:982][  0]LogInit: Setting process to per monitor DPI aware
[2019.04.15-10.25.41:025][  0]LogSlate: New Slate User Created.  User Index 0, Is Virtual User: 0
[2019.04.15-10.25.41:026][  0]LogSlate: Slate User Registered.  User Index 0, Is Virtual User: 0
[2019.04.15-10.25.41:190][  0]LogHMD: Failed to initialize OpenVR with code 110
[2019.04.15-10.25.41:190][  0]LogD3D11RHI: D3D11 adapters:
[2019.04.15-10.25.41:318][  0]LogD3D11RHI:    0. 'NVIDIA GeForce RTX 2080' (Feature Level 11_0)
[2019.04.15-10.25.41:318][  0]LogD3D11RHI:       8010/0/16361 MB DedicatedVideo/DedicatedSystem/SharedSystem, Outputs:2, VendorId:0x10de
[2019.04.15-10.25.41:323][  0]LogD3D11RHI:    1. 'Microsoft Basic Render Driver' (Feature Level 11_0)
[2019.04.15-10.25.41:323][  0]LogD3D11RHI:       0/0/16361 MB DedicatedVideo/DedicatedSystem/SharedSystem, Outputs:0, VendorId:0x1414
[2019.04.15-10.25.41:323][  0]LogD3D11RHI: Chosen D3D11 Adapter: 0
[2019.04.15-10.25.41:330][  0]LogD3D11RHI: Creating new Direct3DDevice
[2019.04.15-10.25.41:330][  0]LogD3D11RHI:     GPU DeviceId: 0x1e87 (for the marketing name, search the web for "GPU Device Id")
[2019.04.15-10.25.41:330][  0]LogWindows: EnumDisplayDevices:
[2019.04.15-10.25.41:330][  0]LogWindows:    0. 'NVIDIA GeForce RTX 2080' (P:1 D:1)
[2019.04.15-10.25.41:330][  0]LogWindows:    1. 'NVIDIA GeForce RTX 2080' (P:0 D:1)
[2019.04.15-10.25.41:331][  0]LogWindows:    2. 'NVIDIA GeForce RTX 2080' (P:0 D:0)
[2019.04.15-10.25.41:331][  0]LogWindows:    3. 'NVIDIA GeForce RTX 2080' (P:0 D:0)
[2019.04.15-10.25.41:331][  0]LogWindows: DebugString: FoundDriverCount:4 
[2019.04.15-10.25.41:331][  0]LogD3D11RHI:     Adapter Name: NVIDIA GeForce RTX 2080
[2019.04.15-10.25.41:331][  0]LogD3D11RHI:   Driver Version: 425.31 (internal:25.21.14.2531, unified:425.31)
[2019.04.15-10.25.41:331][  0]LogD3D11RHI:      Driver Date: 4-9-2019
[2019.04.15-10.25.41:331][  0]LogRHI: Texture pool is 5607 MB (70% of 8010 MB)
[2019.04.15-10.25.41:373][  0]LogD3D11RHI: Async texture creation enabled
[2019.04.15-10.25.41:398][  0]LogD3D11RHI: GPU Timing Frequency: 1000.000000 (Debug: 2 1)
[2019.04.15-10.25.41:776][  0]LogTemp: Display: Loaded TP AllDesktopTargetPlatform
[2019.04.15-10.25.41:791][  0]LogTemp: Display: Loaded TP MacClientTargetPlatform
[2019.04.15-10.25.41:805][  0]LogTemp: Display: Loaded TP MacNoEditorTargetPlatform
[2019.04.15-10.25.41:819][  0]LogTemp: Display: Loaded TP MacServerTargetPlatform
[2019.04.15-10.25.41:834][  0]LogTemp: Display: Loaded TP MacTargetPlatform
[2019.04.15-10.25.41:848][  0]LogTemp: Display: Loaded TP WindowsClientTargetPlatform
[2019.04.15-10.25.41:861][  0]LogTemp: Display: Loaded TP WindowsNoEditorTargetPlatform
[2019.04.15-10.25.41:876][  0]LogTemp: Display: Loaded TP WindowsServerTargetPlatform
[2019.04.15-10.25.41:885][  0]LogTemp: Display: Loaded TP WindowsTargetPlatform
[2019.04.15-10.25.41:943][  0]LogTemp: Display: Loaded TP AndroidTargetPlatform
[2019.04.15-10.25.41:943][  0]LogTemp: Display: Loaded TP AndroidTargetPlatform
[2019.04.15-10.25.41:943][  0]LogTemp: Display: Loaded TP AndroidTargetPlatform
[2019.04.15-10.25.41:943][  0]LogTemp: Display: Loaded TP AndroidTargetPlatform
[2019.04.15-10.25.41:943][  0]LogTemp: Display: Loaded TP AndroidTargetPlatform
[2019.04.15-10.25.41:943][  0]LogTemp: Display: Loaded TP AndroidTargetPlatform
[2019.04.15-10.25.41:943][  0]LogTemp: Display: Loaded TP AndroidTargetPlatform
[2019.04.15-10.25.41:943][  0]LogTemp: Display: Loaded TP AndroidTargetPlatform
[2019.04.15-10.25.41:943][  0]LogTemp: Display: Loaded TP AndroidTargetPlatform
[2019.04.15-10.25.41:943][  0]LogTemp: Display: Loaded TP AndroidTargetPlatform
[2019.04.15-10.25.41:943][  0]LogTemp: Display: Loaded TP AndroidTargetPlatform
[2019.04.15-10.25.41:943][  0]LogTemp: Display: Loaded TP AndroidTargetPlatform
[2019.04.15-10.25.41:943][  0]LogTemp: Display: Loaded TP AndroidTargetPlatform
[2019.04.15-10.25.41:944][  0]LogTemp: Display: Loaded TP AndroidTargetPlatform
[2019.04.15-10.25.41:944][  0]LogTemp: Display: Loaded TP AndroidTargetPlatform
[2019.04.15-10.25.41:944][  0]LogTemp: Display: Loaded TP AndroidTargetPlatform
[2019.04.15-10.25.41:944][  0]LogTemp: Display: Loaded TP AndroidTargetPlatform
[2019.04.15-10.25.41:944][  0]LogTemp: Display: Loaded TP AndroidTargetPlatform
[2019.04.15-10.25.41:947][  0]LogTemp: Display: Loaded TP HTML5TargetPlatform
[2019.04.15-10.25.42:013][  0]LogTemp: Display: Loaded TP IOSTargetPlatform
[2019.04.15-10.25.42:013][  0]LogTemp: Display: Loaded TP IOSTargetPlatform
[2019.04.15-10.25.42:033][  0]LogTemp: Display: Loaded TP TVOSTargetPlatform
[2019.04.15-10.25.42:033][  0]LogTemp: Display: Loaded TP TVOSTargetPlatform
[2019.04.15-10.25.42:046][  0]LogTemp: Display: Loaded TP LinuxClientTargetPlatform
[2019.04.15-10.25.42:058][  0]LogTemp: Display: Loaded TP LinuxNoEditorTargetPlatform
[2019.04.15-10.25.42:070][  0]LogTemp: Display: Loaded TP LinuxServerTargetPlatform
[2019.04.15-10.25.42:085][  0]LogTemp: Display: Loaded TP LinuxTargetPlatform
[2019.04.15-10.25.42:121][  0]LogTemp: Display: Loaded TP LuminTargetPlatform
[2019.04.15-10.25.42:121][  0]LogTemp: Display: Loaded TP LuminTargetPlatform
[2019.04.15-10.25.42:121][  0]LogTargetPlatformManager: Display: Building Assets For Windows
[2019.04.15-10.25.42:306][  0]LogShaderCompilers: Guid format shader working directory is -36 characters bigger than the processId version (C:/Users/gosus/Documents/CP-School/SeniorProject/gitRepos/Senior-Project-CPP-Game/Intermediate/Shaders/WorkingDirectory/15440/).
[2019.04.15-10.25.42:306][  0]LogShaderCompilers: Cleaned the shader compiler working directory 'C:/Users/gosus/AppData/Local/Temp/UnrealShaderWorkingDir/CF41AC8647D7521C18F2599B15293C2C/'.
[2019.04.15-10.25.42:308][  0]LogXGEController: Cleaning working directory: C:/Users/gosus/AppData/Local/Temp/UnrealXGEWorkingDir/
[2019.04.15-10.25.42:308][  0]LogXGEController: Cannot use XGE Controller as Incredibuild is not installed on this machine.
[2019.04.15-10.25.42:308][  0]LogShaderCompilers: Cannot use XGE Shader Compiler as Incredibuild is not installed on this machine.
[2019.04.15-10.25.42:308][  0]LogShaderCompilers: Display: Using Local Shader Compiler.
[2019.04.15-10.25.42:741][  0]LogDerivedDataCache: Display: Max Cache Size: 512 MB
[2019.04.15-10.25.42:784][  0]LogDerivedDataCache: Loaded boot cache 0.04s 71MB C:/Users/gosus/AppData/Local/UnrealEngine/4.21/DerivedDataCache/Boot.ddc.
[2019.04.15-10.25.42:784][  0]LogDerivedDataCache: Display: Loaded Boot cache: C:/Users/gosus/AppData/Local/UnrealEngine/4.21/DerivedDataCache/Boot.ddc
[2019.04.15-10.25.42:784][  0]LogDerivedDataCache: FDerivedDataBackendGraph:  Pak pak cache file C:/Users/gosus/Documents/CP-School/SeniorProject/gitRepos/Senior-Project-CPP-Game/DerivedDataCache/DDC.ddp not found, will not use a pak cache.
[2019.04.15-10.25.42:784][  0]LogDerivedDataCache: Unable to find inner node Pak for hierarchical cache Hierarchy.
[2019.04.15-10.25.42:784][  0]LogDerivedDataCache: FDerivedDataBackendGraph:  CompressedPak pak cache file C:/Users/gosus/Documents/CP-School/SeniorProject/gitRepos/Senior-Project-CPP-Game/DerivedDataCache/Compressed.ddp not found, will not use a pak cache.
[2019.04.15-10.25.42:784][  0]LogDerivedDataCache: Unable to find inner node CompressedPak for hierarchical cache Hierarchy.
[2019.04.15-10.25.42:797][  0]LogDerivedDataCache: Display: Pak cache opened for reading ../../../Engine/DerivedDataCache/Compressed.ddp.
[2019.04.15-10.25.42:797][  0]LogDerivedDataCache: FDerivedDataBackendGraph:  EnterprisePak pak cache file ../../../Enterprise/DerivedDataCache/Compressed.ddp not found, will not use a pak cache.
[2019.04.15-10.25.42:797][  0]LogDerivedDataCache: Unable to find inner node EnterprisePak for hierarchical cache Hierarchy.
[2019.04.15-10.25.42:810][  0]LogDerivedDataCache: Using Local data cache path C:/Users/gosus/AppData/Local/UnrealEngine/Common/DerivedDataCache: Writable
[2019.04.15-10.25.42:810][  0]LogDerivedDataCache: Shared data cache path not found in *engine.ini, will not use an Shared cache.
[2019.04.15-10.25.42:810][  0]LogDerivedDataCache: Unable to find inner node Shared for hierarchical cache Hierarchy.
[2019.04.15-10.25.42:832][  0]LogMaterial: Verifying Global Shaders for PCD3D_SM5
[2019.04.15-10.25.42:833][  0]LogSlate: Using FreeType 2.6.0
[2019.04.15-10.25.42:833][  0]LogSlate: SlateFontServices - WITH_FREETYPE: 1, WITH_HARFBUZZ: 1
[2019.04.15-10.25.42:902][  0]LogAssetRegistry: FAssetRegistry took 0.0324 seconds to start up
[2019.04.15-10.25.43:198][  0]LogInit: Selected Device Profile: [Windows]
[2019.04.15-10.25.43:360][  0]LogSimplygon: Simplygon DLL not present - disabling.
[2019.04.15-10.25.43:374][  0]LogMeshReduction: Using SimplygonSwarm for distributed automatic mesh merging
[2019.04.15-10.25.43:374][  0]LogMeshReduction: Using ProxyLODMeshReduction for automatic mesh merging
[2019.04.15-10.25.43:374][  0]LogMeshReduction: Using QuadricMeshReduction for automatic static mesh reduction
[2019.04.15-10.25.43:374][  0]LogMeshReduction: No automatic skeletal mesh reduction module available
[2019.04.15-10.25.43:386][  0]LogNetVersion: HSPGame 1.0.0, NetCL: 4541578, EngineNetVer: 5, GameNetVer: 0 (Checksum: 2893343623)
[2019.04.15-10.25.43:818][  0]LogPackageLocalizationCache: Processed 11 localized package path(s) for 2 prioritized culture(s) in 0.088319 seconds
[2019.04.15-10.25.43:825][  0]LogUObjectArray: 39775 objects as part of root set at end of initial load.
[2019.04.15-10.25.43:825][  0]LogUObjectAllocator: 6914656 out of 0 bytes used by permanent object pool.
[2019.04.15-10.25.43:825][  0]LogUObjectArray: CloseDisregardForGC: 0/0 objects in disregard for GC pool
[2019.04.15-10.25.44:716][  0]LogTcpMessaging: Initializing TcpMessaging bridge
[2019.04.15-10.25.44:734][  0]LogUdpMessaging: Initializing bridge on interface 0.0.0.0:0 to multicast group 230.0.0.1:6666.
[2019.04.15-10.25.45:358][  0]SourceControl: Source control is disabled
[2019.04.15-10.25.45:358][  0]SourceControl: Source control is disabled
[2019.04.15-10.25.45:370][  0]SourceControl: Source control is disabled
[2019.04.15-10.25.45:375][  0]SourceControl: Source control is disabled
[2019.04.15-10.25.45:713][  0]LogAndroidPermission: UAndroidPermissionCallbackProxy::GetInstance
[2019.04.15-10.25.45:910][  0]LogOcInput: OculusInput pre-init called
[2019.04.15-10.25.46:057][  0]LogEngine: Initializing Engine...
[2019.04.15-10.25.46:058][  0]LogHMD: Failed to initialize OpenVR with code 110
[2019.04.15-10.25.46:059][  0]LogStats: UGameplayTagsManager::ConstructGameplayTagTree: ImportINI prefixes -  0.000 s
[2019.04.15-10.25.46:059][  0]LogStats: UGameplayTagsManager::ConstructGameplayTagTree: Construct from data asset -  0.000 s
[2019.04.15-10.25.46:059][  0]LogStats: UGameplayTagsManager::ConstructGameplayTagTree: ImportINI -  0.000 s
[2019.04.15-10.25.46:059][  0]LogStats: UGameplayTagsManager::ConstructGameplayTagTree: GameplayTagTreeChangedEvent.Broadcast -  0.000 s
[2019.04.15-10.25.46:236][  0]LogInit: Initializing FReadOnlyCVARCache
[2019.04.15-10.25.46:250][  0]LogAIModule: Creating AISystem for world Untitled
[2019.04.15-10.25.46:304][  0]LogInit: XAudio2 using 'Speakers (Realtek(R) Audio)' : 2 channels at 48 kHz using 32 bits per sample (channel mask 0x3)
[2019.04.15-10.25.46:343][  0]LogInit: FAudioDevice initialized.
[2019.04.15-10.25.46:343][  0]LogNetVersion: Set ProjectVersion to 1.0.0.0. Version Checksum will be recalculated on next use.
[2019.04.15-10.25.46:381][  0]LogDerivedDataCache: Saved boot cache 0.04s 71MB C:/Users/gosus/AppData/Local/UnrealEngine/4.21/DerivedDataCache/Boot.ddc.
[2019.04.15-10.25.46:384][  0]LogInit: Texture streaming: Enabled
[2019.04.15-10.25.46:411][  0]LogEngineSessionManager: EngineSessionManager initialized
[2019.04.15-10.25.46:421][  0]LogInit: Transaction tracking system initialized
[2019.04.15-10.25.46:460][  0]BlueprintLog: New page: Editor Load
[2019.04.15-10.25.46:607][  0]LocalizationService: Localization service is disabled
[2019.04.15-10.25.47:100][  0]LogCook: Display: Max memory allowance for cook 16384mb min free memory 0mb
[2019.04.15-10.25.47:100][  0]LogCook: Display: Mobile HDR setting 1
[2019.04.15-10.25.47:100][  0]LogGameplayTags: Display: UGameplayTagsManager::DoneAddingNativeTags. DelegateIsBound: 0
[2019.04.15-10.25.47:100][  0]LogStats: UGameplayTagsManager::ConstructGameplayTagTree: ImportINI prefixes -  0.000 s
[2019.04.15-10.25.47:100][  0]LogStats: UGameplayTagsManager::ConstructGameplayTagTree: Construct from data asset -  0.000 s
[2019.04.15-10.25.47:100][  0]LogStats: UGameplayTagsManager::ConstructGameplayTagTree: ImportINI -  0.000 s
[2019.04.15-10.25.47:100][  0]LogStats: UGameplayTagsManager::ConstructGameplayTagTree: GameplayTagTreeChangedEvent.Broadcast -  0.000 s
[2019.04.15-10.25.47:337][  0]LogFileCache: Scanning file cache for directory 'C:/Users/gosus/Documents/CP-School/SeniorProject/gitRepos/Senior-Project-CPP-Game/Content/' took 0.03s
[2019.04.15-10.25.47:337][  0]SourceControl: Source control is disabled
[2019.04.15-10.25.47:337][  0]Cmd: MAP LOAD FILE="C:/Users/gosus/Documents/CP-School/SeniorProject/gitRepos/Senior-Project-CPP-Game/Content/Levels/DemoTown.umap" TEMPLATE=0 SHOWPROGRESS=1 FEATURELEVEL=3
[2019.04.15-10.25.47:338][  0]LightingResults: New page: Lighting Build
[2019.04.15-10.25.47:339][  0]MapCheck: New page: Map Check
[2019.04.15-10.25.47:339][  0]LightingResults: New page: Lighting Build
[2019.04.15-10.25.47:850][  0]LogAIModule: Creating AISystem for world DemoTown
[2019.04.15-10.25.47:877][  0]LogEditorServer: Finished looking for orphan Actors (0.000 secs)
[2019.04.15-10.25.47:899][  0]Cmd: MAP CHECKDEP NOCLEARLOG
[2019.04.15-10.25.47:899][  0]MapCheck: Map check complete: 0 Error(s), 0 Warning(s), took 0.146ms to complete.
[2019.04.15-10.25.47:899][  0]LogFileHelpers: Loading map 'DemoTown' took 0.563
[2019.04.15-10.25.47:998][  0]LogSlate: Updating window title bar state: overlay mode, drag disabled, window buttons hidden, title bar hidden
[2019.04.15-10.25.48:005][  0]LogSlate: Updating window title bar state: overlay mode, drag disabled, window buttons hidden, title bar hidden
[2019.04.15-10.25.48:011][  0]LogSlate: Updating window title bar state: overlay mode, drag disabled, window buttons hidden, title bar hidden
[2019.04.15-10.25.48:017][  0]LogSlate: Updating window title bar state: overlay mode, drag disabled, window buttons hidden, title bar hidden
[2019.04.15-10.25.48:025][  0]LogCollectionManager: Loaded 0 collections in 0.000934 seconds
[2019.04.15-10.25.48:041][  0]LogFileCache: Scanning file cache for directory 'C:/Users/gosus/Documents/CP-School/SeniorProject/gitRepos/Senior-Project-CPP-Game/Saved/Collections/' took 0.01s
[2019.04.15-10.25.48:041][  0]LogFileCache: Scanning file cache for directory 'C:/Users/gosus/Documents/CP-School/SeniorProject/gitRepos/Senior-Project-CPP-Game/Content/Developers/gosus/Collections/' took 0.00s
[2019.04.15-10.25.48:041][  0]LogFileCache: Scanning file cache for directory 'C:/Users/gosus/Documents/CP-School/SeniorProject/gitRepos/Senior-Project-CPP-Game/Content/Collections/' took 0.00s
[2019.04.15-10.25.48:041][  0]LogCollectionManager: Rebuilt the GUID cache for 0 collections in 0.000000 seconds
[2019.04.15-10.25.48:049][  0]LogContentBrowser: Native class hierarchy populated in 0.0071 seconds. Added 2661 classes and 622 folders.
[2019.04.15-10.25.48:054][  0]LogContentBrowser: Native class hierarchy updated for 'WidgetCarousel' in 0.0003 seconds. Added 0 classes and 0 folders.
[2019.04.15-10.25.48:055][  0]LogPakFile: Registered encryption key '00000000000000000000000000000000': 0 pak files mounted, 0 remain pending
[2019.04.15-10.25.48:056][  0]LogPakFile: Registered encryption key '00000000000000000000000000000000': 0 pak files mounted, 0 remain pending
[2019.04.15-10.25.48:056][  0]LogPakFile: Registered encryption key '00000000000000000000000000000000': 0 pak files mounted, 0 remain pending
[2019.04.15-10.25.48:057][  0]LogPakFile: Registered encryption key '00000000000000000000000000000000': 0 pak files mounted, 0 remain pending
[2019.04.15-10.25.48:057][  0]LogPakFile: Registered encryption key '00000000000000000000000000000000': 0 pak files mounted, 0 remain pending
[2019.04.15-10.25.48:057][  0]LogPakFile: Registered encryption key '00000000000000000000000000000000': 0 pak files mounted, 0 remain pending
[2019.04.15-10.25.48:058][  0]LogPakFile: Registered encryption key '00000000000000000000000000000000': 0 pak files mounted, 0 remain pending
[2019.04.15-10.25.48:058][  0]LogPakFile: Registered encryption key '00000000000000000000000000000000': 0 pak files mounted, 0 remain pending
[2019.04.15-10.25.48:058][  0]LogPakFile: Registered encryption key '00000000000000000000000000000000': 0 pak files mounted, 0 remain pending
[2019.04.15-10.25.48:059][  0]LogPakFile: Registered encryption key '00000000000000000000000000000000': 0 pak files mounted, 0 remain pending
[2019.04.15-10.25.48:059][  0]LogPakFile: Registered encryption key '00000000000000000000000000000000': 0 pak files mounted, 0 remain pending
[2019.04.15-10.25.48:059][  0]LogPakFile: Registered encryption key '00000000000000000000000000000000': 0 pak files mounted, 0 remain pending
[2019.04.15-10.25.48:060][  0]LogPakFile: Registered encryption key '00000000000000000000000000000000': 0 pak files mounted, 0 remain pending
[2019.04.15-10.25.48:060][  0]LogPakFile: Registered encryption key '00000000000000000000000000000000': 0 pak files mounted, 0 remain pending
[2019.04.15-10.25.48:061][  0]LogPakFile: Registered encryption key '00000000000000000000000000000000': 0 pak files mounted, 0 remain pending
[2019.04.15-10.25.48:061][  0]LogPakFile: Registered encryption key '00000000000000000000000000000000': 0 pak files mounted, 0 remain pending
[2019.04.15-10.25.48:061][  0]LogPakFile: Registered encryption key '00000000000000000000000000000000': 0 pak files mounted, 0 remain pending
[2019.04.15-10.25.48:062][  0]LogPakFile: Registered encryption key '00000000000000000000000000000000': 0 pak files mounted, 0 remain pending
[2019.04.15-10.25.48:062][  0]LogPakFile: Registered encryption key '00000000000000000000000000000000': 0 pak files mounted, 0 remain pending
[2019.04.15-10.25.48:062][  0]LogPakFile: Registered encryption key '00000000000000000000000000000000': 0 pak files mounted, 0 remain pending
[2019.04.15-10.25.48:063][  0]LogPakFile: Registered encryption key '00000000000000000000000000000000': 0 pak files mounted, 0 remain pending
[2019.04.15-10.25.48:063][  0]LogPakFile: Registered encryption key '00000000000000000000000000000000': 0 pak files mounted, 0 remain pending
[2019.04.15-10.25.48:063][  0]LogPakFile: Registered encryption key '00000000000000000000000000000000': 0 pak files mounted, 0 remain pending
[2019.04.15-10.25.48:064][  0]LogPakFile: Registered encryption key '00000000000000000000000000000000': 0 pak files mounted, 0 remain pending
[2019.04.15-10.25.48:064][  0]LogPakFile: Registered encryption key '00000000000000000000000000000000': 0 pak files mounted, 0 remain pending
[2019.04.15-10.25.48:065][  0]LogPakFile: Registered encryption key '00000000000000000000000000000000': 0 pak files mounted, 0 remain pending
[2019.04.15-10.25.48:084][  0]LogContentBrowser: Native class hierarchy updated for 'AddContentDialog' in 0.0003 seconds. Added 0 classes and 0 folders.
[2019.04.15-10.25.48:093][  0]LogContentBrowser: Native class hierarchy updated for 'SceneOutliner' in 0.0003 seconds. Added 1 classes and 2 folders.
[2019.04.15-10.25.48:105][  0]LogSlate: Took 0.000142 seconds to synchronously load lazily loaded font '../../../Engine/Content/Slate/Fonts/Roboto-Regular.ttf' (155K)
[2019.04.15-10.25.48:106][  0]LogSlate: Took 0.000104 seconds to synchronously load lazily loaded font '../../../Engine/Content/Slate/Fonts/Roboto-Bold.ttf' (160K)
[2019.04.15-10.25.48:111][  0]LogSlate: Took 0.000132 seconds to synchronously load lazily loaded font '../../../Engine/Content/Editor/Slate/Fonts/FontAwesome.ttf' (139K)
[2019.04.15-10.25.48:174][  0]LogRenderer: Reallocating scene render targets to support 1772x792 Format 10 NumSamples 1 (Frame:1).
[2019.04.15-10.25.48:291][  0]LogContentBrowser: Native class hierarchy updated for 'HierarchicalLODOutliner' in 0.0003 seconds. Added 0 classes and 0 folders.
[2019.04.15-10.25.48:291][  0]LogLoad: (Engine Initialization) Total time: 9.37 seconds
[2019.04.15-10.25.48:291][  0]LogLoad: (Engine Initialization) Total Blueprint compile time: 0.00 seconds
[2019.04.15-10.25.48:358][  0]LogContentStreaming: Texture pool size now 1000 MB
[2019.04.15-10.25.48:476][  2]LogAssetRegistry: Asset discovery search completed in 5.5989 seconds
[2019.04.15-10.25.48:479][  2]LogCollectionManager: Rebuilt the object cache for 0 collections in 0.000000 seconds (found 0 objects)
[2019.04.15-10.25.48:479][  2]LogCollectionManager: Fixed up redirectors for 0 collections in 0.000147 seconds (updated 0 objects)
[2019.04.15-10.26.31:761][255]LogSlate: FSceneViewport::OnFocusLost() reason 0
[2019.04.15-10.26.31:819][262]LogTemp: Repeating last play command: Selected Viewport
[2019.04.15-10.26.31:844][262]LogBlueprintUserMessages: Early PlayInEditor Detection: Level '/Game/Levels/DemoTown.DemoTown:PersistentLevel' has LevelScriptBlueprint '/Game/Levels/DemoTown.DemoTown:PersistentLevel.DemoTown' with GeneratedClass '/Game/Levels/DemoTown.DemoTown_C' with ClassGeneratedBy '/Game/Levels/DemoTown.DemoTown:PersistentLevel.DemoTown'
[2019.04.15-10.26.31:844][262]LogPlayLevel: PlayLevel: No blueprints needed recompiling
[2019.04.15-10.26.31:844][262]PIE: New page: PIE session: DemoTown (Apr 14, 2019, 8:26:31 PM)
[2019.04.15-10.26.31:858][262]LogPlayLevel: Creating play world package: /Game/Levels/UEDPIE_0_DemoTown
[2019.04.15-10.26.31:903][262]LogPlayLevel: PIE: StaticDuplicateObject took: (0.044972s)
[2019.04.15-10.26.31:904][262]LogAIModule: Creating AISystem for world DemoTown
[2019.04.15-10.26.31:904][262]LogPlayLevel: PIE: World Init took: (0.000672s)
[2019.04.15-10.26.31:904][262]LogPlayLevel: PIE: Created PIE world by copying editor world from /Game/Levels/DemoTown.DemoTown to /Game/Levels/UEDPIE_0_DemoTown.DemoTown (0.046133s)
[2019.04.15-10.26.31:976][262]LogInit: XAudio2 using 'Speakers (Realtek(R) Audio)' : 2 channels at 48 kHz using 32 bits per sample (channel mask 0x3)
[2019.04.15-10.26.31:994][262]LogInit: FAudioDevice initialized.
[2019.04.15-10.26.32:471][262]LogLoad: Game class is 'BP_HSPGameGameModeBase_C'
[2019.04.15-10.26.32:476][262]LogWorld: Bringing World /Game/Levels/UEDPIE_0_DemoTown.DemoTown up for play (max tick rate 0) at 2019.04.15-03.26.32
[2019.04.15-10.26.32:477][262]LogWorld: Bringing up level for play took: 0.004325
[2019.04.15-10.26.32:492][262]LogContentBrowser: Native class hierarchy updated for 'MovieSceneCapture' in 0.0003 seconds. Added 20 classes and 0 folders.
[2019.04.15-10.26.32:495][262]PIE: Play in editor start time for /Game/Levels/UEDPIE_0_DemoTown 1.347
[2019.04.15-10.26.32:496][262]LogBlueprintUserMessages: Late PlayInEditor Detection: Level '/Game/Levels/DemoTown.DemoTown:PersistentLevel' has LevelScriptBlueprint '/Game/Levels/DemoTown.DemoTown:PersistentLevel.DemoTown' with GeneratedClass '/Game/Levels/DemoTown.DemoTown_C' with ClassGeneratedBy '/Game/Levels/DemoTown.DemoTown:PersistentLevel.DemoTown'
[2019.04.15-10.26.33:718][404]LogSlate: FSceneViewport::OnFocusLost() reason 0
[2019.04.15-10.26.33:786][412]LogBlueprintUserMessages: Early EndPlayMap Detection: Level '/Game/Levels/DemoTown.DemoTown:PersistentLevel' has LevelScriptBlueprint '/Game/Levels/DemoTown.DemoTown:PersistentLevel.DemoTown' with GeneratedClass '/Game/Levels/DemoTown.DemoTown_C' with ClassGeneratedBy '/Game/Levels/DemoTown.DemoTown:PersistentLevel.DemoTown'
[2019.04.15-10.26.33:787][412]LogSlate: Updating window title bar state: overlay mode, drag disabled, window buttons hidden, title bar hidden
[2019.04.15-10.26.33:824][412]LogPlayLevel: Display: Shutting down PIE online subsystems
[2019.04.15-10.26.33:825][412]LogBlueprintUserMessages: Late EndPlayMap Detection: Level '/Game/Levels/DemoTown.DemoTown:PersistentLevel' has LevelScriptBlueprint '/Game/Levels/DemoTown.DemoTown:PersistentLevel.DemoTown' with GeneratedClass '/Game/Levels/DemoTown.DemoTown_C' with ClassGeneratedBy '/Game/Levels/DemoTown.DemoTown:PersistentLevel.DemoTown'
[2019.04.15-10.26.33:845][412]LogSlate: Updating window title bar state: overlay mode, drag disabled, window buttons hidden, title bar hidden
[2019.04.15-10.26.33:889][416]LogPlayLevel: Display: Destroying online subsystem :Context_1
[2019.04.15-10.26.34:623][504]LogTemp: Repeating last play command: Selected Viewport
[2019.04.15-10.26.34:652][504]LogBlueprintUserMessages: Early PlayInEditor Detection: Level '/Game/Levels/DemoTown.DemoTown:PersistentLevel' has LevelScriptBlueprint '/Game/Levels/DemoTown.DemoTown:PersistentLevel.DemoTown' with GeneratedClass '/Game/Levels/DemoTown.DemoTown_C' with ClassGeneratedBy '/Game/Levels/DemoTown.DemoTown:PersistentLevel.DemoTown'
[2019.04.15-10.26.34:652][504]LogPlayLevel: PlayLevel: No blueprints needed recompiling
[2019.04.15-10.26.34:652][504]PIE: New page: PIE session: DemoTown (Apr 14, 2019, 8:26:34 PM)
[2019.04.15-10.26.34:652][504]LogPlayLevel: Creating play world package: /Game/Levels/UEDPIE_0_DemoTown
[2019.04.15-10.26.34:684][504]LogPlayLevel: PIE: StaticDuplicateObject took: (0.031910s)
[2019.04.15-10.26.34:685][504]LogAIModule: Creating AISystem for world DemoTown
[2019.04.15-10.26.34:688][504]LogPlayLevel: PIE: World Init took: (0.002861s)
[2019.04.15-10.26.34:688][504]LogPlayLevel: PIE: Created PIE world by copying editor world from /Game/Levels/DemoTown.DemoTown to /Game/Levels/UEDPIE_0_DemoTown.DemoTown (0.035236s)
[2019.04.15-10.26.34:758][504]LogInit: XAudio2 using 'Speakers (Realtek(R) Audio)' : 2 channels at 48 kHz using 32 bits per sample (channel mask 0x3)
[2019.04.15-10.26.34:774][504]LogInit: FAudioDevice initialized.
[2019.04.15-10.26.34:809][504]LogLoad: Game class is 'BP_HSPGameGameModeBase_C'
[2019.04.15-10.26.34:814][504]LogWorld: Bringing World /Game/Levels/UEDPIE_0_DemoTown.DemoTown up for play (max tick rate 0) at 2019.04.15-03.26.34
[2019.04.15-10.26.34:815][504]LogWorld: Bringing up level for play took: 0.005806
[2019.04.15-10.26.34:831][504]PIE: Play in editor start time for /Game/Levels/UEDPIE_0_DemoTown -0.317
[2019.04.15-10.26.34:831][504]LogBlueprintUserMessages: Late PlayInEditor Detection: Level '/Game/Levels/DemoTown.DemoTown:PersistentLevel' has LevelScriptBlueprint '/Game/Levels/DemoTown.DemoTown:PersistentLevel.DemoTown' with GeneratedClass '/Game/Levels/DemoTown.DemoTown_C' with ClassGeneratedBy '/Game/Levels/DemoTown.DemoTown:PersistentLevel.DemoTown'
[2019.04.15-10.26.37:175][782]LogNet: Browse: /Game/Levels/DemoBattlefield
[2019.04.15-10.26.37:176][782]LogLoad: LoadMap: /Game/Levels/DemoBattlefield
[2019.04.15-10.26.37:393][782]LogAIModule: Creating AISystem for world DemoBattlefield
[2019.04.15-10.26.37:394][782]LogLoad: Game class is 'BP_HSPGameGameModeBase_C'
[2019.04.15-10.26.37:398][782]LogWorld: Bringing World /Game/Levels/UEDPIE_0_DemoBattlefield.DemoBattlefield up for play (max tick rate 0) at 2019.04.15-03.26.37
[2019.04.15-10.26.37:398][782]LogWorld: Bringing up level for play took: 0.004284
[2019.04.15-10.26.37:400][782]LogLoad: Took 0.224910 seconds to LoadMap(/Game/Levels/DemoBattlefield)
[2019.04.15-10.26.39:762][ 64]LogSlate: FSceneViewport::OnFocusLost() reason 0
[2019.04.15-10.26.48:172][ 73]LogSlate: FSceneViewport::OnFocusLost() reason 0
[2019.04.15-10.26.48:231][ 80]LogBlueprintUserMessages: Early EndPlayMap Detection: Level '/Game/Levels/DemoTown.DemoTown:PersistentLevel' has LevelScriptBlueprint '/Game/Levels/DemoTown.DemoTown:PersistentLevel.DemoTown' with GeneratedClass '/Game/Levels/DemoTown.DemoTown_C' with ClassGeneratedBy '/Game/Levels/DemoTown.DemoTown:PersistentLevel.DemoTown'
[2019.04.15-10.26.48:231][ 80]LogSlate: Updating window title bar state: overlay mode, drag disabled, window buttons hidden, title bar hidden
[2019.04.15-10.26.48:269][ 80]LogPlayLevel: Display: Shutting down PIE online subsystems
[2019.04.15-10.26.48:270][ 80]LogBlueprintUserMessages: Late EndPlayMap Detection: Level '/Game/Levels/DemoTown.DemoTown:PersistentLevel' has LevelScriptBlueprint '/Game/Levels/DemoTown.DemoTown:PersistentLevel.DemoTown' with GeneratedClass '/Game/Levels/DemoTown.DemoTown_C' with ClassGeneratedBy '/Game/Levels/DemoTown.DemoTown:PersistentLevel.DemoTown'
[2019.04.15-10.26.48:290][ 80]LogSlate: Updating window title bar state: overlay mode, drag disabled, window buttons hidden, title bar hidden
[2019.04.15-10.26.48:339][ 84]LogPlayLevel: Display: Destroying online subsystem :Context_2
[2019.04.15-10.26.54:376][726]LogSlate: FSceneViewport::OnFocusLost() reason 0
[2019.04.15-10.26.54:426][732]LogTemp: Repeating last play command: Selected Viewport
[2019.04.15-10.26.54:449][732]LogBlueprintUserMessages: Early PlayInEditor Detection: Level '/Game/Levels/DemoTown.DemoTown:PersistentLevel' has LevelScriptBlueprint '/Game/Levels/DemoTown.DemoTown:PersistentLevel.DemoTown' with GeneratedClass '/Game/Levels/DemoTown.DemoTown_C' with ClassGeneratedBy '/Game/Levels/DemoTown.DemoTown:PersistentLevel.DemoTown'
[2019.04.15-10.26.54:449][732]LogPlayLevel: PlayLevel: No blueprints needed recompiling
[2019.04.15-10.26.54:449][732]PIE: New page: PIE session: DemoTown (Apr 14, 2019, 8:26:54 PM)
[2019.04.15-10.26.54:449][732]LogPlayLevel: Creating play world package: /Game/Levels/UEDPIE_0_DemoTown
[2019.04.15-10.26.54:479][732]LogPlayLevel: PIE: StaticDuplicateObject took: (0.029296s)
[2019.04.15-10.26.54:479][732]LogAIModule: Creating AISystem for world DemoTown
[2019.04.15-10.26.54:480][732]LogPlayLevel: PIE: World Init took: (0.000639s)
[2019.04.15-10.26.54:480][732]LogPlayLevel: PIE: Created PIE world by copying editor world from /Game/Levels/DemoTown.DemoTown to /Game/Levels/UEDPIE_0_DemoTown.DemoTown (0.030293s)
[2019.04.15-10.26.54:554][732]LogInit: XAudio2 using 'Speakers (Realtek(R) Audio)' : 2 channels at 48 kHz using 32 bits per sample (channel mask 0x3)
[2019.04.15-10.26.54:573][732]LogInit: FAudioDevice initialized.
[2019.04.15-10.26.54:611][732]LogLoad: Game class is 'BP_HSPGameGameModeBase_C'
[2019.04.15-10.26.54:615][732]LogWorld: Bringing World /Game/Levels/UEDPIE_0_DemoTown.DemoTown up for play (max tick rate 0) at 2019.04.15-03.26.54
[2019.04.15-10.26.54:616][732]LogWorld: Bringing up level for play took: 0.004234
[2019.04.15-10.26.54:631][732]PIE: Play in editor start time for /Game/Levels/UEDPIE_0_DemoTown -0.517
[2019.04.15-10.26.54:631][732]LogBlueprintUserMessages: Late PlayInEditor Detection: Level '/Game/Levels/DemoTown.DemoTown:PersistentLevel' has LevelScriptBlueprint '/Game/Levels/DemoTown.DemoTown:PersistentLevel.DemoTown' with GeneratedClass '/Game/Levels/DemoTown.DemoTown_C' with ClassGeneratedBy '/Game/Levels/DemoTown.DemoTown:PersistentLevel.DemoTown'
[2019.04.15-10.26.56:853][995]LogNet: Browse: /Game/Levels/DemoBattlefield
[2019.04.15-10.26.56:853][995]LogLoad: LoadMap: /Game/Levels/DemoBattlefield
[2019.04.15-10.26.56:933][995]LogAIModule: Creating AISystem for world DemoBattlefield
[2019.04.15-10.26.56:933][995]LogLoad: Game class is 'BP_HSPGameGameModeBase_C'
[2019.04.15-10.26.56:937][995]LogWorld: Bringing World /Game/Levels/UEDPIE_0_DemoBattlefield.DemoBattlefield up for play (max tick rate 0) at 2019.04.15-03.26.56
[2019.04.15-10.26.56:938][995]LogWorld: Bringing up level for play took: 0.003893
[2019.04.15-10.26.56:940][995]LogLoad: Took 0.086633 seconds to LoadMap(/Game/Levels/DemoBattlefield)
[2019.04.15-10.27.00:031][365]LogSlate: FSceneViewport::OnFocusLost() reason 0
[2019.04.15-10.27.00:089][372]LogBlueprintUserMessages: Early EndPlayMap Detection: Level '/Game/Levels/DemoTown.DemoTown:PersistentLevel' has LevelScriptBlueprint '/Game/Levels/DemoTown.DemoTown:PersistentLevel.DemoTown' with GeneratedClass '/Game/Levels/DemoTown.DemoTown_C' with ClassGeneratedBy '/Game/Levels/DemoTown.DemoTown:PersistentLevel.DemoTown'
[2019.04.15-10.27.00:089][372]LogSlate: Updating window title bar state: overlay mode, drag disabled, window buttons hidden, title bar hidden
[2019.04.15-10.27.00:122][372]LogPlayLevel: Display: Shutting down PIE online subsystems
[2019.04.15-10.27.00:122][372]LogBlueprintUserMessages: Late EndPlayMap Detection: Level '/Game/Levels/DemoTown.DemoTown:PersistentLevel' has LevelScriptBlueprint '/Game/Levels/DemoTown.DemoTown:PersistentLevel.DemoTown' with GeneratedClass '/Game/Levels/DemoTown.DemoTown_C' with ClassGeneratedBy '/Game/Levels/DemoTown.DemoTown:PersistentLevel.DemoTown'
[2019.04.15-10.27.00:141][372]LogSlate: Updating window title bar state: overlay mode, drag disabled, window buttons hidden, title bar hidden
[2019.04.15-10.27.00:191][377]LogPlayLevel: Display: Destroying online subsystem :Context_3
[2019.04.15-10.27.38:529][540]LogSlate: Took 0.000132 seconds to synchronously load lazily loaded font '../../../Engine/Content/Slate/Fonts/Roboto-Light.ttf' (167K)
[2019.04.15-10.27.38:535][540]LogAssetEditorManager: Opening Asset editor for Blueprint /Game/Blueprints/Enemies/BP_EnemyClass.BP_EnemyClass
[2019.04.15-10.27.38:873][540]LogContentBrowser: Native class hierarchy updated for 'BlueprintGraph' in 0.0005 seconds. Added 117 classes and 0 folders.
[2019.04.15-10.27.39:511][540]LogSlate: Took 0.000139 seconds to synchronously load lazily loaded font '../../../Engine/Content/Slate/Fonts/Roboto-BoldCondensed.ttf' (158K)
[2019.04.15-10.27.39:609][541]LogSlate: Took 0.000144 seconds to synchronously load lazily loaded font '../../../Engine/Content/Slate/Fonts/Roboto-Italic.ttf' (157K)
[2019.04.15-10.28.01:452][744]LogAssetEditorManager: Opening Asset editor for UserDefinedEnum /Game/Blueprints/Enemies/ENUM_EnemyAnimStates.ENUM_EnemyAnimStates
[2019.04.15-10.28.13:302][128]LogSavePackage: Moving 'C:/Users/gosus/Documents/CP-School/SeniorProject/gitRepos/Senior-Project-CPP-Game/Saved/ENUM_EnemyAnimStates516D03EC4E807B34B9D372B68EFB7632.tmp' to 'C:/Users/gosus/Documents/CP-School/SeniorProject/gitRepos/Senior-Project-CPP-Game/Content/Blueprints/Enemies/ENUM_EnemyAnimStates.uasset'
[2019.04.15-10.28.14:925][313]BlueprintLog: New page: Compile BP_EnemyClass
[2019.04.15-10.28.15:575][360]LogSavePackage: Moving 'C:/Users/gosus/Documents/CP-School/SeniorProject/gitRepos/Senior-Project-CPP-Game/Saved/BP_EnemyClass935F2C284CB23F0497B4ED916BA9E71A.tmp' to 'C:/Users/gosus/Documents/CP-School/SeniorProject/gitRepos/Senior-Project-CPP-Game/Content/Blueprints/Enemies/BP_EnemyClass.uasset'
[2019.04.15-10.28.19:621][833]LogSavePackage: Moving 'C:/Users/gosus/Documents/CP-School/SeniorProject/gitRepos/Senior-Project-CPP-Game/Saved/ENUM_EnemyAnimStates027194B94B66B90A59503DA11CDF3956.tmp' to 'C:/Users/gosus/Documents/CP-School/SeniorProject/gitRepos/Senior-Project-CPP-Game/Content/Blueprints/Enemies/ENUM_EnemyAnimStates.uasset'
[2019.04.15-10.28.21:808][ 88]LogSavePackage: Moving 'C:/Users/gosus/Documents/CP-School/SeniorProject/gitRepos/Senior-Project-CPP-Game/Saved/ENUM_EnemyAnimStates458B98EC4379691ED1359A9A629E0A4D.tmp' to 'C:/Users/gosus/Documents/CP-School/SeniorProject/gitRepos/Senior-Project-CPP-Game/Content/Blueprints/Enemies/ENUM_EnemyAnimStates.uasset'
[2019.04.15-10.28.39:099][ 34]LogSavePackage: Moving 'C:/Users/gosus/Documents/CP-School/SeniorProject/gitRepos/Senior-Project-CPP-Game/Saved/BP_EnemyClassC1ADA5954924E18BBADBEEBFC0BB7B9D.tmp' to 'C:/Users/gosus/Documents/CP-School/SeniorProject/gitRepos/Senior-Project-CPP-Game/Content/Blueprints/Enemies/BP_EnemyClass.uasset'
[2019.04.15-10.28.52:735][502]LogSavePackage: Moving 'C:/Users/gosus/Documents/CP-School/SeniorProject/gitRepos/Senior-Project-CPP-Game/Saved/BP_EnemyClass6F6116484D514164B2C2F69E66EA64D9.tmp' to 'C:/Users/gosus/Documents/CP-School/SeniorProject/gitRepos/Senior-Project-CPP-Game/Content/Blueprints/Enemies/BP_EnemyClass.uasset'
[2019.04.15-10.28.57:697][ 40]LogEditorTransaction: Undo Move Node
[2019.04.15-10.29.07:734][137]LogSavePackage: Moving 'C:/Users/gosus/Documents/CP-School/SeniorProject/gitRepos/Senior-Project-CPP-Game/Saved/BP_EnemyClassA85311074A143F38BDA2FD93E5B3FE21.tmp' to 'C:/Users/gosus/Documents/CP-School/SeniorProject/gitRepos/Senior-Project-CPP-Game/Content/Blueprints/Enemies/BP_EnemyClass.uasset'
[2019.04.15-10.30.47:408][356]LogSavePackage: Moving 'C:/Users/gosus/Documents/CP-School/SeniorProject/gitRepos/Senior-Project-CPP-Game/Saved/BP_EnemyClass54D5F4DF4289C3DD6271C6AB2EB03A9C.tmp' to 'C:/Users/gosus/Documents/CP-School/SeniorProject/gitRepos/Senior-Project-CPP-Game/Content/Blueprints/Enemies/BP_EnemyClass.uasset'
[2019.04.15-10.30.50:646][691]BlueprintLog: New page: Compile BP_EnemyClass
[2019.04.15-10.30.51:017][705]LogSavePackage: Moving 'C:/Users/gosus/Documents/CP-School/SeniorProject/gitRepos/Senior-Project-CPP-Game/Saved/BP_EnemyClass19053FA74BD5FB8B25FA5489E64DDF8A.tmp' to 'C:/Users/gosus/Documents/CP-School/SeniorProject/gitRepos/Senior-Project-CPP-Game/Content/Blueprints/Enemies/BP_EnemyClass.uasset'
[2019.04.15-10.31.35:727][531]BlueprintLog: New page: Compile BP_EnemyClass
[2019.04.15-10.31.36:180][553]LogSavePackage: Moving 'C:/Users/gosus/Documents/CP-School/SeniorProject/gitRepos/Senior-Project-CPP-Game/Saved/BP_EnemyClass75D277844571F0852962419BDBE974BA.tmp' to 'C:/Users/gosus/Documents/CP-School/SeniorProject/gitRepos/Senior-Project-CPP-Game/Content/Blueprints/Enemies/BP_EnemyClass.uasset'
[2019.04.15-10.32.03:520][407]LogTemp: Repeating last play command: Selected Viewport
[2019.04.15-10.32.03:548][407]LogBlueprintUserMessages: Early PlayInEditor Detection: Level '/Game/Levels/DemoTown.DemoTown:PersistentLevel' has LevelScriptBlueprint '/Game/Levels/DemoTown.DemoTown:PersistentLevel.DemoTown' with GeneratedClass '/Game/Levels/DemoTown.DemoTown_C' with ClassGeneratedBy '/Game/Levels/DemoTown.DemoTown:PersistentLevel.DemoTown'
[2019.04.15-10.32.03:548][407]BlueprintLog: New page: Pre-Play auto-recompile
[2019.04.15-10.32.03:549][407]LogPlayLevel: [PlayLevel] Compiling PROTO_BP_AnimBlueprint_0 before play...
[2019.04.15-10.32.03:576][407]LogPlayLevel: PlayLevel: Blueprint regeneration took 28 ms (1 blueprints)
[2019.04.15-10.32.03:577][407]PIE: New page: PIE session: DemoTown (Apr 14, 2019, 8:32:03 PM)
[2019.04.15-10.32.03:577][407]LogPlayLevel: Creating play world package: /Game/Levels/UEDPIE_0_DemoTown
[2019.04.15-10.32.03:624][407]LogPlayLevel: PIE: StaticDuplicateObject took: (0.047168s)
[2019.04.15-10.32.03:625][407]LogAIModule: Creating AISystem for world DemoTown
[2019.04.15-10.32.03:625][407]LogPlayLevel: PIE: World Init took: (0.000700s)
[2019.04.15-10.32.03:625][407]LogPlayLevel: PIE: Created PIE world by copying editor world from /Game/Levels/DemoTown.DemoTown to /Game/Levels/UEDPIE_0_DemoTown.DemoTown (0.048168s)
[2019.04.15-10.32.03:700][407]LogInit: XAudio2 using 'Speakers (Realtek(R) Audio)' : 2 channels at 48 kHz using 32 bits per sample (channel mask 0x3)
[2019.04.15-10.32.03:718][407]LogInit: FAudioDevice initialized.
[2019.04.15-10.32.03:753][407]LogLoad: Game class is 'BP_HSPGameGameModeBase_C'
[2019.04.15-10.32.03:757][407]LogWorld: Bringing World /Game/Levels/UEDPIE_0_DemoTown.DemoTown up for play (max tick rate 0) at 2019.04.15-03.32.03
[2019.04.15-10.32.03:758][407]LogWorld: Bringing up level for play took: 0.004396
[2019.04.15-10.32.03:773][407]PIE: Play in editor start time for /Game/Levels/UEDPIE_0_DemoTown 0.625
[2019.04.15-10.32.03:774][407]LogBlueprintUserMessages: Late PlayInEditor Detection: Level '/Game/Levels/DemoTown.DemoTown:PersistentLevel' has LevelScriptBlueprint '/Game/Levels/DemoTown.DemoTown:PersistentLevel.DemoTown' with GeneratedClass '/Game/Levels/DemoTown.DemoTown_C' with ClassGeneratedBy '/Game/Levels/DemoTown.DemoTown:PersistentLevel.DemoTown'
[2019.04.15-10.32.06:023][663]LogNet: Browse: /Game/Levels/DemoBattlefield
[2019.04.15-10.32.06:023][663]LogLoad: LoadMap: /Game/Levels/DemoBattlefield
[2019.04.15-10.32.06:111][663]LogAIModule: Creating AISystem for world DemoBattlefield
[2019.04.15-10.32.06:112][663]LogLoad: Game class is 'BP_HSPGameGameModeBase_C'
[2019.04.15-10.32.06:116][663]LogWorld: Bringing World /Game/Levels/UEDPIE_0_DemoBattlefield.DemoBattlefield up for play (max tick rate 0) at 2019.04.15-03.32.06
[2019.04.15-10.32.06:116][663]LogWorld: Bringing up level for play took: 0.003644
[2019.04.15-10.32.06:118][663]LogLoad: Took 0.095278 seconds to LoadMap(/Game/Levels/DemoBattlefield)
[2019.04.15-10.32.08:183][899]LogSlate: FSceneViewport::OnFocusLost() reason 0
[2019.04.15-10.32.17:625][794]LogSlate: FSceneViewport::OnFocusLost() reason 2
[2019.04.15-10.32.44:239][469]LogBlueprintUserMessages: Early EndPlayMap Detection: Level '/Game/Levels/DemoTown.DemoTown:PersistentLevel' has LevelScriptBlueprint '/Game/Levels/DemoTown.DemoTown:PersistentLevel.DemoTown' with GeneratedClass '/Game/Levels/DemoTown.DemoTown_C' with ClassGeneratedBy '/Game/Levels/DemoTown.DemoTown:PersistentLevel.DemoTown'
[2019.04.15-10.32.44:240][469]LogSlate: Updating window title bar state: overlay mode, drag disabled, window buttons hidden, title bar hidden
[2019.04.15-10.32.44:287][469]LogPlayLevel: Display: Shutting down PIE online subsystems
[2019.04.15-10.32.44:287][469]LogBlueprintUserMessages: Late EndPlayMap Detection: Level '/Game/Levels/DemoTown.DemoTown:PersistentLevel' has LevelScriptBlueprint '/Game/Levels/DemoTown.DemoTown:PersistentLevel.DemoTown' with GeneratedClass '/Game/Levels/DemoTown.DemoTown_C' with ClassGeneratedBy '/Game/Levels/DemoTown.DemoTown:PersistentLevel.DemoTown'
[2019.04.15-10.32.44:309][469]LogSlate: Updating window title bar state: overlay mode, drag disabled, window buttons hidden, title bar hidden
[2019.04.15-10.32.44:365][470]LogPlayLevel: Display: Destroying online subsystem :Context_5
[2019.04.15-10.32.53:898][412]LogSlate: FSceneViewport::OnFocusLost() reason 2
[2019.04.15-10.32.55:285][574]LogSlate: FSceneViewport::OnFocusLost() reason 0
[2019.04.15-10.33.05:196][749]LogSavePackage: Moving 'C:/Users/gosus/Documents/CP-School/SeniorProject/gitRepos/Senior-Project-CPP-Game/Saved/BP_EnemySlimeF928B8914A77614763774A97E2111F5F.tmp' to 'C:/Users/gosus/Documents/CP-School/SeniorProject/gitRepos/Senior-Project-CPP-Game/Content/Blueprints/Enemies/BP_EnemySlime.uasset'
[2019.04.15-10.33.06:118][858]LogAssetEditorManager: Opening Asset editor for Blueprint /Game/Blueprints/Enemies/BP_EnemySlime.BP_EnemySlime
[2019.04.15-10.33.06:468][859]LogRenderer: Reallocating scene render targets to support 1772x900 Format 10 NumSamples 1 (Frame:1).
[2019.04.15-10.33.35:071][831]BlueprintLog: New page: Compile BP_EnemySlime
[2019.04.15-10.33.35:573][865]LogSavePackage: Moving 'C:/Users/gosus/Documents/CP-School/SeniorProject/gitRepos/Senior-Project-CPP-Game/Saved/BP_EnemySlimeDC416E894B8841318971B4AF756FEC94.tmp' to 'C:/Users/gosus/Documents/CP-School/SeniorProject/gitRepos/Senior-Project-CPP-Game/Content/Blueprints/Enemies/BP_EnemySlime.uasset'
[2019.04.15-10.33.49:691][315]LogSlate: Window 'BP_EnemySlime' being destroyed
[2019.04.15-10.33.49:694][315]LogSlate: Window 'BP_EnemySlime' being destroyed
[2019.04.15-10.33.49:777][315]LogActorComponent: UnregisterComponent: (/Engine/Transient.EditorFloorComp) Not registered. Aborting.
[2019.04.15-10.34.06:704][328]LogSavePackage: Moving 'C:/Users/gosus/Documents/CP-School/SeniorProject/gitRepos/Senior-Project-CPP-Game/Saved/BP_EnemyGoblinSoldierA60C12834F16A56C22F24AB7D1D0CA5A.tmp' to 'C:/Users/gosus/Documents/CP-School/SeniorProject/gitRepos/Senior-Project-CPP-Game/Content/Blueprints/Enemies/BP_EnemyGoblinSoldier.uasset'
[2019.04.15-10.34.07:376][406]LogAssetEditorManager: Opening Asset editor for Blueprint /Game/Blueprints/Enemies/BP_EnemyGoblinSoldier.BP_EnemyGoblinSoldier
[2019.04.15-10.34.23:514][ 64]BlueprintLog: New page: Compile BP_EnemyGoblinSoldier
[2019.04.15-10.34.23:902][ 85]LogSavePackage: Moving 'C:/Users/gosus/Documents/CP-School/SeniorProject/gitRepos/Senior-Project-CPP-Game/Saved/BP_EnemyGoblinSoldier26BFB7A24B6FF3A49A9A79A76B0CFCAB.tmp' to 'C:/Users/gosus/Documents/CP-School/SeniorProject/gitRepos/Senior-Project-CPP-Game/Content/Blueprints/Enemies/BP_EnemyGoblinSoldier.uasset'
[2019.04.15-10.34.26:324][333]LogSlate: FSceneViewport::OnFocusLost() reason 0
[2019.04.15-10.34.32:561][930]LogSlate: FSceneViewport::OnFocusLost() reason 0
[2019.04.15-10.34.45:503][260]LogSlate: FSceneViewport::OnFocusLost() reason 0
[2019.04.15-10.34.45:553][266]BlueprintLog: New page: Compile BP_EnemyGoblinSoldier
[2019.04.15-10.34.45:988][292]LogSavePackage: Moving 'C:/Users/gosus/Documents/CP-School/SeniorProject/gitRepos/Senior-Project-CPP-Game/Saved/BP_EnemyGoblinSoldier73A246CE42ED5252EE9C73A85CD340EE.tmp' to 'C:/Users/gosus/Documents/CP-School/SeniorProject/gitRepos/Senior-Project-CPP-Game/Content/Blueprints/Enemies/BP_EnemyGoblinSoldier.uasset'
[2019.04.15-10.35.21:493][296]BlueprintLog: New page: Compile BP_EnemyGoblinSoldier
[2019.04.15-10.35.22:403][366]LogSavePackage: Moving 'C:/Users/gosus/Documents/CP-School/SeniorProject/gitRepos/Senior-Project-CPP-Game/Saved/BP_EnemyGoblinSoldier1510FEC74C8A1245D62716A3CB189430.tmp' to 'C:/Users/gosus/Documents/CP-School/SeniorProject/gitRepos/Senior-Project-CPP-Game/Content/Blueprints/Enemies/BP_EnemyGoblinSoldier.uasset'
[2019.04.15-10.35.35:233][ 94]LogFactory: FactoryCreateFile: Texture with ReimportTextureFactory (0 0 C:\Users\gosus\Documents\CP-School\SeniorProject\Art\Enemies\GoblinSoldier\SpriteSheets\GoblinWalkCycleSS.png)
[2019.04.15-10.35.35:244][ 94]LogTexture: Display: Building textures: GoblinWalkCycleSS (BGRA8, 125X30)
[2019.04.15-10.35.37:262][229]LogAssetEditorManager: Opening Asset editor for Texture2D /Game/Animations/Enemies/GoblinSoldier/GoblinWalkCycleSS.GoblinWalkCycleSS
[2019.04.15-10.35.37:273][229]LogContentBrowser: Native class hierarchy updated for 'TextureEditor' in 0.0003 seconds. Added 1 classes and 2 folders.
[2019.04.15-10.35.38:995][415]LogSlate: Window 'GoblinWalkCycleSS*' being destroyed
[2019.04.15-10.35.38:998][415]LogSlate: Window 'GoblinWalkCycleSS*' being destroyed
[2019.04.15-10.35.40:197][544]LogAssetEditorManager: Opening Asset editor for Texture2D /Game/Animations/Enemies/GoblinSoldier/GoblinWalkCycleSS.GoblinWalkCycleSS
[2019.04.15-10.35.48:567][494]LogSavePackage: Moving 'C:/Users/gosus/Documents/CP-School/SeniorProject/gitRepos/Senior-Project-CPP-Game/Saved/GoblinWalkCycleSSCD1FF45F49F9784F3B79D2AA16E4AAB5.tmp' to 'C:/Users/gosus/Documents/CP-School/SeniorProject/gitRepos/Senior-Project-CPP-Game/Content/Animations/Enemies/GoblinSoldier/GoblinWalkCycleSS.uasset'
[2019.04.15-10.35.49:366][585]LogSlate: Window 'GoblinWalkCycleSS' being destroyed
[2019.04.15-10.35.49:369][585]LogSlate: Window 'GoblinWalkCycleSS' being destroyed
[2019.04.15-10.36.06:227][562]LogSlate: Window 'Extract sprites' being destroyed
[2019.04.15-10.36.21:699][369]LogSavePackage: Moving 'C:/Users/gosus/Documents/CP-School/SeniorProject/gitRepos/Senior-Project-CPP-Game/Saved/GoblinWalkCycleSS_Sprite_05FC38CEF41300332ED9DEBA3C6403297.tmp' to 'C:/Users/gosus/Documents/CP-School/SeniorProject/gitRepos/Senior-Project-CPP-Game/Content/Animations/Enemies/GoblinSoldier/Sprites/GoblinWalkCycleSS_Sprite_0.uasset'
[2019.04.15-10.36.21:719][369]LogSavePackage: Moving 'C:/Users/gosus/Documents/CP-School/SeniorProject/gitRepos/Senior-Project-CPP-Game/Saved/GoblinWalkCycleSS_Sprite_12FE10CB14CC0230577BAA5890379748C.tmp' to 'C:/Users/gosus/Documents/CP-School/SeniorProject/gitRepos/Senior-Project-CPP-Game/Content/Animations/Enemies/GoblinSoldier/Sprites/GoblinWalkCycleSS_Sprite_1.uasset'
[2019.04.15-10.36.21:741][369]LogSavePackage: Moving 'C:/Users/gosus/Documents/CP-School/SeniorProject/gitRepos/Senior-Project-CPP-Game/Saved/GoblinWalkCycleSS_Sprite_287667E204DB1BA8D1CCE91B2CE5E05A2.tmp' to 'C:/Users/gosus/Documents/CP-School/SeniorProject/gitRepos/Senior-Project-CPP-Game/Content/Animations/Enemies/GoblinSoldier/Sprites/GoblinWalkCycleSS_Sprite_2.uasset'
[2019.04.15-10.36.21:760][369]LogSavePackage: Moving 'C:/Users/gosus/Documents/CP-School/SeniorProject/gitRepos/Senior-Project-CPP-Game/Saved/GoblinWalkCycleSS_Sprite_35C444AAE484161D14262D7B9825DFCC6.tmp' to 'C:/Users/gosus/Documents/CP-School/SeniorProject/gitRepos/Senior-Project-CPP-Game/Content/Animations/Enemies/GoblinSoldier/Sprites/GoblinWalkCycleSS_Sprite_3.uasset'
[2019.04.15-10.36.21:778][369]LogSavePackage: Moving 'C:/Users/gosus/Documents/CP-School/SeniorProject/gitRepos/Senior-Project-CPP-Game/Saved/GoblinWalkCycleSS_Sprite_4219E92E74EFAEB3E87B94F877729F4B0.tmp' to 'C:/Users/gosus/Documents/CP-School/SeniorProject/gitRepos/Senior-Project-CPP-Game/Content/Animations/Enemies/GoblinSoldier/Sprites/GoblinWalkCycleSS_Sprite_4.uasset'
[2019.04.15-10.36.29:233][174]LogSavePackage: Moving 'C:/Users/gosus/Documents/CP-School/SeniorProject/gitRepos/Senior-Project-CPP-Game/Saved/GoblinWalkCycleSS8A3DA103487E434B9C614DA98F74F93D.tmp' to 'C:/Users/gosus/Documents/CP-School/SeniorProject/gitRepos/Senior-Project-CPP-Game/Content/Animations/Enemies/GoblinSoldier/Textures/GoblinWalkCycleSS.uasset'
[2019.04.15-10.36.29:499][174]LogSavePackage: Moving 'C:/Users/gosus/Documents/CP-School/SeniorProject/gitRepos/Senior-Project-CPP-Game/Saved/GoblinWalkCycleSS_Sprite_06DE1B0D34BE9DC1B47C334BABD04F648.tmp' to 'C:/Users/gosus/Documents/CP-School/SeniorProject/gitRepos/Senior-Project-CPP-Game/Content/Animations/Enemies/GoblinSoldier/Sprites/GoblinWalkCycleSS_Sprite_0.uasset'
[2019.04.15-10.36.29:519][174]LogSavePackage: Moving 'C:/Users/gosus/Documents/CP-School/SeniorProject/gitRepos/Senior-Project-CPP-Game/Saved/GoblinWalkCycleSS_Sprite_193F308654313E953F67E77A0416B756D.tmp' to 'C:/Users/gosus/Documents/CP-School/SeniorProject/gitRepos/Senior-Project-CPP-Game/Content/Animations/Enemies/GoblinSoldier/Sprites/GoblinWalkCycleSS_Sprite_1.uasset'
[2019.04.15-10.36.29:539][174]LogSavePackage: Moving 'C:/Users/gosus/Documents/CP-School/SeniorProject/gitRepos/Senior-Project-CPP-Game/Saved/GoblinWalkCycleSS_Sprite_2977AE3724C4FAB39E09879BAE08DCAF6.tmp' to 'C:/Users/gosus/Documents/CP-School/SeniorProject/gitRepos/Senior-Project-CPP-Game/Content/Animations/Enemies/GoblinSoldier/Sprites/GoblinWalkCycleSS_Sprite_2.uasset'
[2019.04.15-10.36.29:561][174]LogSavePackage: Moving 'C:/Users/gosus/Documents/CP-School/SeniorProject/gitRepos/Senior-Project-CPP-Game/Saved/GoblinWalkCycleSS_Sprite_3C54169D54553B83D32E686AB2A5EFBB9.tmp' to 'C:/Users/gosus/Documents/CP-School/SeniorProject/gitRepos/Senior-Project-CPP-Game/Content/Animations/Enemies/GoblinSoldier/Sprites/GoblinWalkCycleSS_Sprite_3.uasset'
[2019.04.15-10.36.29:583][174]LogSavePackage: Moving 'C:/Users/gosus/Documents/CP-School/SeniorProject/gitRepos/Senior-Project-CPP-Game/Saved/GoblinWalkCycleSS_Sprite_4D36F9406427DBE76FCE9008C5CB5A939.tmp' to 'C:/Users/gosus/Documents/CP-School/SeniorProject/gitRepos/Senior-Project-CPP-Game/Content/Animations/Enemies/GoblinSoldier/Sprites/GoblinWalkCycleSS_Sprite_4.uasset'
[2019.04.15-10.36.32:051][457]LogSavePackage: Moving 'C:/Users/gosus/Documents/CP-School/SeniorProject/gitRepos/Senior-Project-CPP-Game/Saved/idle036997BF436C329F281A32BD088487AE.tmp' to 'C:/Users/gosus/Documents/CP-School/SeniorProject/gitRepos/Senior-Project-CPP-Game/Content/Animations/Enemies/GoblinSoldier/Textures/idle.uasset'
[2019.04.15-10.36.32:255][457]LogSavePackage: Moving 'C:/Users/gosus/Documents/CP-School/SeniorProject/gitRepos/Senior-Project-CPP-Game/Saved/idle_Sprite73FD96BE4EB72EA764927FAB03E4E2FB.tmp' to 'C:/Users/gosus/Documents/CP-School/SeniorProject/gitRepos/Senior-Project-CPP-Game/Content/Animations/Enemies/GoblinSoldier/idle_Sprite.uasset'
[2019.04.15-10.36.37:011][ 17]LogSavePackage: Moving 'C:/Users/gosus/Documents/CP-School/SeniorProject/gitRepos/Senior-Project-CPP-Game/Saved/idle_Sprite9477F0FB46ED99894A4075B247963A74.tmp' to 'C:/Users/gosus/Documents/CP-School/SeniorProject/gitRepos/Senior-Project-CPP-Game/Content/Animations/Enemies/GoblinSoldier/Sprites/idle_Sprite.uasset'
[2019.04.15-10.36.37:216][ 17]LogSavePackage: Moving 'C:/Users/gosus/Documents/CP-School/SeniorProject/gitRepos/Senior-Project-CPP-Game/Saved/idle_FlipbookC67A20BD4B31C2B18A167F9D1D1477CD.tmp' to 'C:/Users/gosus/Documents/CP-School/SeniorProject/gitRepos/Senior-Project-CPP-Game/Content/Animations/Enemies/GoblinSoldier/idle_Flipbook.uasset'
[2019.04.15-10.36.46:963][174]LogSavePackage: Moving 'C:/Users/gosus/Documents/CP-School/SeniorProject/gitRepos/Senior-Project-CPP-Game/Saved/FB_GoblinWalkCycle8889637E47E40B80C7C30EA1B3F4B93E.tmp' to 'C:/Users/gosus/Documents/CP-School/SeniorProject/gitRepos/Senior-Project-CPP-Game/Content/Animations/Enemies/GoblinSoldier/FB_GoblinWalkCycle.uasset'
[2019.04.15-10.36.53:577][781]LogAssetEditorManager: Opening Asset editor for PaperFlipbook /Game/Animations/Enemies/GoblinSoldier/FB_GoblinWalkCycle.FB_GoblinWalkCycle
[2019.04.15-10.36.53:738][781]LogRenderer: Reallocating scene render targets to support 2040x1148 Format 10 NumSamples 1 (Frame:1).
[2019.04.15-10.37.03:437][909]LogSavePackage: Moving 'C:/Users/gosus/Documents/CP-School/SeniorProject/gitRepos/Senior-Project-CPP-Game/Saved/FB_GoblinWalkCycle125C6440464660862A12A196C7FB42DD.tmp' to 'C:/Users/gosus/Documents/CP-School/SeniorProject/gitRepos/Senior-Project-CPP-Game/Content/Animations/Enemies/GoblinSoldier/FB_GoblinWalkCycle.uasset'
[2019.04.15-10.37.04:218][999]LogSlate: Window 'FB_GoblinWalkCycle' being destroyed
[2019.04.15-10.37.04:222][999]LogSlate: Window 'FB_GoblinWalkCycle' being destroyed
[2019.04.15-10.37.05:051][ 90]LogAssetEditorManager: Opening Asset editor for PaperFlipbook /Game/Animations/Enemies/GoblinSoldier/idle_Flipbook.idle_Flipbook
[2019.04.15-10.37.10:821][741]LogSavePackage: Moving 'C:/Users/gosus/Documents/CP-School/SeniorProject/gitRepos/Senior-Project-CPP-Game/Saved/idle_FlipbookB5232C584B421F39E4B3D7BD7E9FF984.tmp' to 'C:/Users/gosus/Documents/CP-School/SeniorProject/gitRepos/Senior-Project-CPP-Game/Content/Animations/Enemies/GoblinSoldier/idle_Flipbook.uasset'
[2019.04.15-10.37.11:594][832]LogSlate: Window 'idle_Flipbook' being destroyed
[2019.04.15-10.37.11:599][832]LogSlate: Window 'idle_Flipbook' being destroyed
[2019.04.15-10.37.18:674][672]LogAssetEditorManager: Opening Asset editor for Blueprint /Game/Blueprints/Enemies/BP_EnemyGoblinSoldier.BP_EnemyGoblinSoldier
[2019.04.15-10.37.34:853][454]BlueprintLog: New page: Compile BP_EnemyGoblinSoldier
[2019.04.15-10.37.35:370][481]LogSavePackage: Moving 'C:/Users/gosus/Documents/CP-School/SeniorProject/gitRepos/Senior-Project-CPP-Game/Saved/BP_EnemyGoblinSoldier7F2C24ED452782E56CEB3A9BD7311EF8.tmp' to 'C:/Users/gosus/Documents/CP-School/SeniorProject/gitRepos/Senior-Project-CPP-Game/Content/Blueprints/Enemies/BP_EnemyGoblinSoldier.uasset'
[2019.04.15-10.37.36:057][551]LogSlate: Window 'BP_EnemyGoblinSoldier' being destroyed
[2019.04.15-10.37.36:062][551]LogSlate: Window 'BP_EnemyGoblinSoldier' being destroyed
[2019.04.15-10.37.45:626][677]LogAIModule: Creating AISystem for world DemoBattlefield
[2019.04.15-10.37.45:633][677]LogAssetEditorManager: Opening Asset editor for World /Game/Levels/DemoBattlefield.DemoBattlefield
[2019.04.15-10.37.45:658][677]Cmd: MAP LOAD FILE="C:/Users/gosus/Documents/CP-School/SeniorProject/gitRepos/Senior-Project-CPP-Game/Content/Levels/DemoBattlefield.umap" TEMPLATE=0 SHOWPROGRESS=1 FEATURELEVEL=3
[2019.04.15-10.37.45:658][677]LightingResults: New page: Lighting Build
[2019.04.15-10.37.45:658][677]LoadErrors: New page: Loading map: DemoBattlefield.umap
[2019.04.15-10.37.45:660][677]MapCheck: New page: Map Check
[2019.04.15-10.37.45:660][677]LightingResults: New page: Lighting Build
[2019.04.15-10.37.45:705][677]LogEditorServer: Finished looking for orphan Actors (0.000 secs)
[2019.04.15-10.37.45:778][677]Cmd: MAP CHECKDEP NOCLEARLOG
[2019.04.15-10.37.45:779][677]MapCheck: Map check complete: 0 Error(s), 0 Warning(s), took 0.122ms to complete.
[2019.04.15-10.37.45:779][677]LogFileHelpers: Loading map 'DemoBattlefield' took 0.122
[2019.04.15-10.37.50:188][179]LogSlate: FSceneViewport::OnFocusLost() reason 0
[2019.04.15-10.37.55:061][738]LogSlate: FSceneViewport::OnFocusLost() reason 0
[2019.04.15-10.37.57:861][ 37]LogEditorViewport: Clicking on Actor (LMB): Landscape (Landscape2)
[2019.04.15-10.37.58:264][ 80]LogEditorViewport: Clicking on Actor (LMB): BP_EnemyGoblinSoldier_C (BP_EnemyGoblinSoldier)
[2019.04.15-10.37.59:214][183]LogSlate: FSceneViewport::OnFocusLost() reason 0
[2019.04.15-10.37.59:273][190]LogTemp: Repeating last play command: Selected Viewport
[2019.04.15-10.37.59:301][190]LogBlueprintUserMessages: Early PlayInEditor Detection: Level '/Game/Levels/DemoBattlefield.DemoBattlefield:PersistentLevel' has LevelScriptBlueprint '/Game/Levels/DemoBattlefield.DemoBattlefield:PersistentLevel.DemoBattlefield' with GeneratedClass '/Game/Levels/DemoBattlefield.DemoBattlefield_C' with ClassGeneratedBy '/Game/Levels/DemoBattlefield.DemoBattlefield:PersistentLevel.DemoBattlefield'
[2019.04.15-10.37.59:301][190]LogPlayLevel: PlayLevel: No blueprints needed recompiling
[2019.04.15-10.37.59:302][190]PIE: New page: PIE session: DemoBattlefield (Apr 14, 2019, 8:37:59 PM)
[2019.04.15-10.37.59:302][190]LogPlayLevel: Creating play world package: /Game/Levels/UEDPIE_0_DemoBattlefield
[2019.04.15-10.37.59:321][190]LogPlayLevel: PIE: StaticDuplicateObject took: (0.019077s)
[2019.04.15-10.37.59:322][190]LogAIModule: Creating AISystem for world DemoBattlefield
[2019.04.15-10.37.59:322][190]LogPlayLevel: PIE: World Init took: (0.000606s)
[2019.04.15-10.37.59:322][190]LogPlayLevel: PIE: Created PIE world by copying editor world from /Game/Levels/DemoBattlefield.DemoBattlefield to /Game/Levels/UEDPIE_0_DemoBattlefield.DemoBattlefield (0.020141s)
[2019.04.15-10.37.59:406][190]LogInit: XAudio2 using 'Speakers (Realtek(R) Audio)' : 2 channels at 48 kHz using 32 bits per sample (channel mask 0x3)
[2019.04.15-10.37.59:424][190]LogInit: FAudioDevice initialized.
